[19:10:25.116] "/metaweb:/i3d-empty/i2d-reflect:/empty:/ui-msgbg:/LS:",
[19:10:32.552] {"a":"starting Mockserver..."},
[19:10:49.362] "/a:/i3d-simple:simple_green/i2d-scene:disks0/base-skycube:test_cube/ui-msgbg:/LS",
[19:10:59.193] "/a0:/i3d-simple:simple_green/i2d-scene:disks0/base-skycube:test_cube/ui-msgbg:/shot-graft:scope1",
[19:11:09.132] "/a1:/i3d-simple:simple_green/i2d-scene:disks0/base-skycube:test_cube/ui-msgbg:/shot-graft:scope2",
[19:11:24.147] "/a2:/i3d-simple:simple_green/i2d-scene:disks0/base-skycube:test_cube/ui-msgbg:/shot-graft:scope3",
[19:11:39.147] "/a2:/i3d-simple:simple_green/i2d-scene:disks0/base-skycube:test_cube/ui-msgbg:/shot-anim:scope4",
[19:11:50.049] "/payments:/i3d-simple:phong_head_sphere_kfb/i2d-empty:/black:/ui-msgbg:/CU:",
[19:13:49.391] "/a:/i3d-simple:simple_green/i2d-scene:disks0/base-skycube:test_cube/ui-msgbg:/LS",
[19:13:59.335] "/a:/i3d-simple:simple_green/i2d-scene:disks0/base-skycube:test_cube/ui-msgbg:/shot-graft:scope7",
[19:14:14.283] "/a:/i3d-simple:simple_green/i2d-scene:disks0/base-skycube:test_cube/ui-msgbg:/shot-graft:scope8",
[19:14:24.182] "/a:/i3d-simple:simple_green/i2d-scene:disks0/base-skycube:test_cube/ui-msgbg:/shot-graft:scope9",
[19:14:39.197] "/a:/i3d-simple:simple_green/i2d-scene:disks0/base-skycube:test_cube/ui-msgbg:/shot-anim:scope10",
[19:14:51.128] "/footprint:/i3d-scene:scene1/i2d-empty:/escher:/ui-msgbg:/ECU:",
[19:15:04.236] "/footprint:/i3d-scene:scene1/i2d-empty:/escher:/ui-msgbg:/shot-anim:scope12",
[19:15:19.221] "/footprint:/i3d-scene:scene1/i2d-empty:/escher:/ui-msgbg:/shot-anim:scope13",
[19:15:49.256] "/footprint:/i3d-scene:scene1/i2d-empty:/escher:/ui-msgbg:/shot-anim:scope14",
[19:15:59.279] "/footprint:/i3d-scene:scene1/i2d-empty:/escher:/ui-msgbg:/shot-anim:scope15",
[19:16:09.703] "/circle:/i3d-simple:simple_red/i2d-scene:disks0/base-skycube:test_cube/ui-msgbg:/shot-graft:a0",
[19:16:24.522] "/circle:/i3d-simple:simple_red/i2d-scene:mf2d0/base-skycube:test_cube/ui-msgbg/MS",
[19:16:35.895] "/stocks:/i3d-jsonmodels:phonghead_kfb/i2d-scene:defsuse0/grid:/ui-msgbg:/2S:",
[19:16:49.507] "///i2d-scene:mf2d0///",
[19:16:59.295] "///i2d-scene:mf2d0///shot-anim:scope20",
[19:17:14.300] "///i2d-scene:mf2d0///shot-anim:scope21",
[19:17:24.316] "///i2d-scene:mf2d0///shot-anim:scope22",
[19:17:39.290] "///i2d-scene:mf2d0///shot-anim:scope23",
[19:17:49.310] "///i2d-scene:mf2d0///shot-anim:scope24",
[19:18:04.297] "///i2d-scene:mf2d0///shot-anim:scope25",
[19:18:19.307] "///i2d-scene:mf2d0///shot-anim:scope26",
[19:18:29.307] "///i2d-scene:mf2d0///shot-anim:scope27",
[19:18:39.311] "///i2d-scene:mf2d0///shot-anim:scope28",
[19:18:49.309] "///i2d-scene:mf2d0///shot-anim:scope29",
[19:19:04.301] "///i2d-scene:mf2d0///shot-anim:scope30",
[19:19:14.307] "///i2d-scene:mf2d0///shot-anim:scope31",
[19:19:29.303] "///i2d-scene:mf2d0///shot-anim:scope32",
[19:19:39.305] "///i2d-scene:mf2d0///shot-anim:scope33",
[19:19:49.320] "///i2d-scene:mf2d0///shot-anim:scope34",
[19:20:04.344] "///i2d-scene:mf2d0///shot-anim:scope35",
[19:20:14.326] "///i2d-scene:mf2d0///shot-anim:scope36",
[19:20:29.387] "///i2d-scene:mf2d0///shot-anim:scope37",
[19:20:54.377] "///i2d-scene:mf2d0///shot-anim:scope38",
[19:21:09.381] "///i2d-scene:mf2d0///shot-anim:scope39",
[19:21:24.377] "///i2d-scene:mf2d0///shot-anim:scope40",
[19:21:34.385] "///i2d-scene:mf2d0///shot-anim:scope41",
[19:21:44.382] "///i2d-scene:mf2d0///shot-anim:scope42",
[19:21:59.395] "///i2d-scene:mf2d0///shot-anim:scope43",
[19:22:09.384] "///i2d-scene:mf2d0///shot-anim:scope44",
[19:22:19.381] "///i2d-scene:mf2d0///shot-anim:scope45",
[19:22:39.400] "///i2d-scene:mf2d0///shot-anim:scope46",
[19:22:44.388] "///i2d-scene:mf2d0///shot-anim:scope47",
[19:23:09.381] "///i2d-scene:mf2d0///shot-anim:scope48",
[19:23:24.394] "///i2d-scene:mf2d0///shot-anim:scope49",
[19:23:34.394] "///i2d-scene:mf2d0///shot-anim:scope50",
[19:23:49.390] "///i2d-scene:mf2d0///shot-anim:scope51",
[19:23:59.388] "///i2d-scene:mf2d0///shot-anim:scope52",
[19:24:14.388] "///i2d-scene:mf2d0///shot-anim:scope53",
[19:24:24.404] "///i2d-scene:mf2d0///shot-anim:scope54",
[19:24:39.390] "///i2d-scene:mf2d0///shot-anim:scope55",
[19:24:54.395] "///i2d-scene:mf2d0///shot-anim:scope56",
[19:25:04.395] "///i2d-scene:mf2d0///shot-anim:scope57",
[19:25:14.392] "///i2d-scene:mf2d0///shot-anim:scope58",
[19:25:29.406] "///i2d-scene:mf2d0///shot-anim:scope59",
[19:25:44.387] "///i2d-scene:mf2d0///shot-anim:scope60",
[19:25:54.402] "///i2d-scene:mf2d0///shot-anim:scope61",
[19:26:04.404] "///i2d-scene:mf2d0///shot-anim:scope62",
[19:29:39.853] "///i2d-scene:mf2d0///shot-anim:scope63",
