[22:27:00.760] "/metaweb:/i3d-empty/i2d-reflect:/empty:/ui-msgbg:/LS:",
[22:27:12.484] {"a":"starting Mockserver..."},
[22:27:25.243] "/a:/i3d-simple:simple_green/i2d-scene:disks0/base-skycube:test_cube/ui-msgbg:/LS",
[22:27:40.068] "/a0:/i3d-simple:simple_green/i2d-scene:disks0/base-skycube:test_cube/ui-msgbg:/shot-graft:scope1",
[22:27:50.006] "/a1:/i3d-simple:simple_green/i2d-scene:disks0/base-skycube:test_cube/ui-msgbg:/shot-graft:scope2",
[22:28:05.039] "/a2:/i3d-simple:simple_green/i2d-scene:disks0/base-skycube:test_cube/ui-msgbg:/shot-graft:scope3",
[22:28:15.029] "/a2:/i3d-simple:simple_green/i2d-scene:disks0/base-skycube:test_cube/ui-msgbg:/shot-anim:scope4",
[22:28:31.120] "/payments:/i3d-simple:phong_head_sphere_kfb/i2d-empty:/black:/ui-msgbg:/CU:",
[22:30:25.261] "/a:/i3d-simple:simple_green/i2d-scene:disks0/base-skycube:test_cube/ui-msgbg:/LS",
[22:30:40.189] "/a:/i3d-simple:simple_green/i2d-scene:disks0/base-skycube:test_cube/ui-msgbg:/shot-graft:scope7",
[22:30:55.161] "/a:/i3d-simple:simple_green/i2d-scene:disks0/base-skycube:test_cube/ui-msgbg:/shot-graft:scope8",
[22:31:05.075] "/a:/i3d-simple:simple_green/i2d-scene:disks0/base-skycube:test_cube/ui-msgbg:/shot-graft:scope9",
[22:31:20.072] "/a:/i3d-simple:simple_green/i2d-scene:disks0/base-skycube:test_cube/ui-msgbg:/shot-anim:scope10",
[22:31:37.004] "/footprint:/i3d-scene:scene1/i2d-empty:/escher:/ui-msgbg:/ECU:",
[22:31:50.069] "/footprint:/i3d-scene:scene1/i2d-empty:/escher:/ui-msgbg:/shot-anim:scope12",
[22:32:05.097] "/footprint:/i3d-scene:scene1/i2d-empty:/escher:/ui-msgbg:/shot-anim:scope13",
[22:32:30.097] "/footprint:/i3d-scene:scene1/i2d-empty:/escher:/ui-msgbg:/shot-anim:scope14",
[22:32:40.102] "/footprint:/i3d-scene:scene1/i2d-empty:/escher:/ui-msgbg:/shot-anim:scope15",
[22:32:55.551] "/circle:/i3d-simple:simple_red/i2d-scene:disks0/base-skycube:test_cube/ui-msgbg:/shot-graft:a0",
[22:33:05.313] "/circle:/i3d-simple:simple_red/i2d-scene:mf2d0/base-skycube:test_cube/ui-msgbg/MS",
[22:33:21.706] "/stocks:/i3d-jsonmodels:phonghead_kfb/i2d-scene:defsuse0/grid:/ui-msgbg:/2S:",
[22:33:35.299] "///i2d-scene:mf2d0///",
[22:33:50.094] "///i2d-scene:mf2d0///shot-anim:scope20",
[22:34:05.101] "///i2d-scene:mf2d0///shot-anim:scope21",
[22:34:15.094] "///i2d-scene:mf2d0///shot-anim:scope22",
[22:34:25.095] "///i2d-scene:mf2d0///shot-anim:scope23",
[22:34:40.099] "///i2d-scene:mf2d0///shot-anim:scope24",
[22:34:50.101] "///i2d-scene:mf2d0///shot-anim:scope25",
[22:35:00.110] "///i2d-scene:mf2d0///shot-anim:scope26",
[22:35:15.116] "///i2d-scene:mf2d0///shot-anim:scope27",
[22:35:25.129] "///i2d-scene:mf2d0///shot-anim:scope28",
[22:35:40.132] "///i2d-scene:mf2d0///shot-anim:scope29",
[22:35:55.114] "///i2d-scene:mf2d0///shot-anim:scope30",
[22:36:10.120] "///i2d-scene:mf2d0///shot-anim:scope31",
[22:36:20.129] "///i2d-scene:mf2d0///shot-anim:scope32",
[22:36:35.116] "///i2d-scene:mf2d0///shot-anim:scope33",
[22:36:50.124] "///i2d-scene:mf2d0///shot-anim:scope34",
[22:37:00.136] "///i2d-scene:mf2d0///shot-anim:scope35",
[22:37:15.115] "///i2d-scene:mf2d0///shot-anim:scope36",
[22:37:25.129] "///i2d-scene:mf2d0///shot-anim:scope37",
[22:37:50.116] "///i2d-scene:mf2d0///shot-anim:scope38",
[22:38:00.155] "///i2d-scene:mf2d0///shot-anim:scope39",
[22:38:10.115] "///i2d-scene:mf2d0///shot-anim:scope40",
[22:38:25.131] "///i2d-scene:mf2d0///shot-anim:scope41",
[22:38:35.136] "///i2d-scene:mf2d0///shot-anim:scope42",
[22:38:50.134] "///i2d-scene:mf2d0///shot-anim:scope43",
[22:39:00.140] "///i2d-scene:mf2d0///shot-anim:scope44",
[22:39:15.129] "///i2d-scene:mf2d0///shot-anim:scope45",
[22:39:35.138] "///i2d-scene:mf2d0///shot-anim:scope46",
[22:39:38.146] "///i2d-scene:mf2d0///shot-anim:scope47",
[22:40:05.121] "///i2d-scene:mf2d0///shot-anim:scope48",
[22:40:15.124] "///i2d-scene:mf2d0///shot-anim:scope49",
[22:40:25.126] "///i2d-scene:mf2d0///shot-anim:scope50",
[22:40:35.134] "///i2d-scene:mf2d0///shot-anim:scope51",
[22:40:50.128] "///i2d-scene:mf2d0///shot-anim:scope52",
[22:41:00.141] "///i2d-scene:mf2d0///shot-anim:scope53",
[22:41:10.131] "///i2d-scene:mf2d0///shot-anim:scope54",
[22:41:20.123] "///i2d-scene:mf2d0///shot-anim:scope55",
[22:41:35.125] "///i2d-scene:mf2d0///shot-anim:scope56",
[22:41:50.145] "///i2d-scene:mf2d0///shot-anim:scope57",
[22:42:00.132] "///i2d-scene:mf2d0///shot-anim:scope58",
[22:42:15.141] "///i2d-scene:mf2d0///shot-anim:scope59",
[22:42:25.147] "///i2d-scene:mf2d0///shot-anim:scope60",
[22:42:40.130] "///i2d-scene:mf2d0///shot-anim:scope61",
[22:42:50.170] "///i2d-scene:mf2d0///shot-anim:scope62",
[22:44:58.271] "///i2d-scene:mf2d0///shot-anim:scope63",
