[22:57:19.114] "/metaweb:/i3d-empty/i2d-reflect:/empty:/ui-msgbg:/LS:",
[22:57:52.728] {"a":"starting Mockserver..."},
[22:58:08.248] "/a:/i3d-simple:simple_green/i2d-scene:disks0/base-skycube:test_cube/ui-msgbg:/LS",
[22:58:23.188] "/a0:/i3d-simple:simple_green/i2d-scene:disks0/base-skycube:test_cube/ui-msgbg:/shot-graft:scope1",
[22:58:38.146] "/a1:/i3d-simple:simple_green/i2d-scene:disks0/base-skycube:test_cube/ui-msgbg:/shot-graft:scope2",
[22:58:48.088] "/a2:/i3d-simple:simple_green/i2d-scene:disks0/base-skycube:test_cube/ui-msgbg:/shot-graft:scope3",
[22:58:58.079] "/a2:/i3d-simple:simple_green/i2d-scene:disks0/base-skycube:test_cube/ui-msgbg:/shot-anim:scope4",
[22:59:13.900] "/payments:/i3d-simple:phong_head_sphere_kfb/i2d-empty:/black:/ui-msgbg:/CU:",
[23:01:03.327] "/a:/i3d-simple:simple_green/i2d-scene:disks0/base-skycube:test_cube/ui-msgbg:/LS",
[23:01:13.277] "/a:/i3d-simple:simple_green/i2d-scene:disks0/base-skycube:test_cube/ui-msgbg:/shot-graft:scope7",
[23:01:28.237] "/a:/i3d-simple:simple_green/i2d-scene:disks0/base-skycube:test_cube/ui-msgbg:/shot-graft:scope8",
[23:01:38.126] "/a:/i3d-simple:simple_green/i2d-scene:disks0/base-skycube:test_cube/ui-msgbg:/shot-graft:scope9",
[23:01:53.151] "/a:/i3d-simple:simple_green/i2d-scene:disks0/base-skycube:test_cube/ui-msgbg:/shot-anim:scope10",
[23:02:05.031] "/footprint:/i3d-scene:scene1/i2d-empty:/escher:/ui-msgbg:/ECU:",
[23:02:23.181] "/footprint:/i3d-scene:scene1/i2d-empty:/escher:/ui-msgbg:/shot-anim:scope12",
[23:02:33.184] "/footprint:/i3d-scene:scene1/i2d-empty:/escher:/ui-msgbg:/shot-anim:scope13",
[23:02:53.177] "/footprint:/i3d-scene:scene1/i2d-empty:/escher:/ui-msgbg:/shot-anim:scope14",
[23:03:08.184] "/footprint:/i3d-scene:scene1/i2d-empty:/escher:/ui-msgbg:/shot-anim:scope15",
[23:03:18.549] "/circle:/i3d-simple:simple_red/i2d-scene:disks0/base-skycube:test_cube/ui-msgbg:/shot-graft:a0",
[23:03:33.388] "/circle:/i3d-simple:simple_red/i2d-scene:mf2d0/base-skycube:test_cube/ui-msgbg/MS",
[23:03:44.856] "/stocks:/i3d-jsonmodels:phonghead_kfb/i2d-scene:defsuse0/grid:/ui-msgbg:/2S:",
[23:03:58.379] "///i2d-scene:mf2d0///",
[23:04:08.193] "///i2d-scene:mf2d0///shot-anim:scope20",
[23:04:23.186] "///i2d-scene:mf2d0///shot-anim:scope21",
[23:04:33.194] "///i2d-scene:mf2d0///shot-anim:scope22",
[23:04:48.177] "///i2d-scene:mf2d0///shot-anim:scope23",
[23:05:03.194] "///i2d-scene:mf2d0///shot-anim:scope24",
[23:05:13.191] "///i2d-scene:mf2d0///shot-anim:scope25",
[23:05:28.193] "///i2d-scene:mf2d0///shot-anim:scope26",
[23:05:43.189] "///i2d-scene:mf2d0///shot-anim:scope27",
[23:05:53.191] "///i2d-scene:mf2d0///shot-anim:scope28",
[23:06:08.190] "///i2d-scene:mf2d0///shot-anim:scope29",
[23:06:18.194] "///i2d-scene:mf2d0///shot-anim:scope30",
[23:06:33.175] "///i2d-scene:mf2d0///shot-anim:scope31",
[23:06:43.193] "///i2d-scene:mf2d0///shot-anim:scope32",
[23:06:58.202] "///i2d-scene:mf2d0///shot-anim:scope33",
[23:07:08.208] "///i2d-scene:mf2d0///shot-anim:scope34",
[23:07:18.180] "///i2d-scene:mf2d0///shot-anim:scope35",
[23:07:33.192] "///i2d-scene:mf2d0///shot-anim:scope36",
[23:07:43.195] "///i2d-scene:mf2d0///shot-anim:scope37",
[23:08:08.187] "///i2d-scene:mf2d0///shot-anim:scope38",
[23:08:23.192] "///i2d-scene:mf2d0///shot-anim:scope39",
[23:08:38.213] "///i2d-scene:mf2d0///shot-anim:scope40",
[23:08:48.204] "///i2d-scene:mf2d0///shot-anim:scope41",
[23:09:03.199] "///i2d-scene:mf2d0///shot-anim:scope42",
[23:09:18.201] "///i2d-scene:mf2d0///shot-anim:scope43",
[23:09:28.208] "///i2d-scene:mf2d0///shot-anim:scope44",
[23:09:43.196] "///i2d-scene:mf2d0///shot-anim:scope45",
[23:10:03.188] "///i2d-scene:mf2d0///shot-anim:scope46",
[23:10:06.189] "///i2d-scene:mf2d0///shot-anim:scope47",
[23:10:28.228] "///i2d-scene:mf2d0///shot-anim:scope48",
[23:10:38.245] "///i2d-scene:mf2d0///shot-anim:scope49",
[23:10:53.224] "///i2d-scene:mf2d0///shot-anim:scope50",
[23:11:03.238] "///i2d-scene:mf2d0///shot-anim:scope51",
[23:11:13.245] "///i2d-scene:mf2d0///shot-anim:scope52",
[23:11:28.229] "///i2d-scene:mf2d0///shot-anim:scope53",
[23:11:43.240] "///i2d-scene:mf2d0///shot-anim:scope54",
[23:11:53.230] "///i2d-scene:mf2d0///shot-anim:scope55",
[23:12:08.234] "///i2d-scene:mf2d0///shot-anim:scope56",
[23:12:23.224] "///i2d-scene:mf2d0///shot-anim:scope57",
[23:12:33.251] "///i2d-scene:mf2d0///shot-anim:scope58",
[23:12:48.235] "///i2d-scene:mf2d0///shot-anim:scope59",
[23:13:03.246] "///i2d-scene:mf2d0///shot-anim:scope60",
[23:13:13.251] "///i2d-scene:mf2d0///shot-anim:scope61",
[23:13:23.243] "///i2d-scene:mf2d0///shot-anim:scope62",
[23:14:44.833] "///i2d-scene:mf2d0///shot-anim:scope63",
