[18:32:19.360] {"t":"narrative","f":"change_scene","a":"a"},
[18:32:19.634] "/a:/i3d-simple:simple_green/i2d-scene:disks0/base-skycube:test_cube/ui-msgbg:/shot-fixed:",
[18:32:19.635] "/a:/i3d-simple:simple_green/i2d-scene:disks0/base-skycube:test_cube//",
[18:32:19.635] {},
[18:32:29.356] {"t":"narrative","f":"change_scene","a":"a0"},
[18:32:29.503] "/a0:/i3d-simple:simple_green/i2d-scene:disks0/base-skycube:test_cube/ui-msgbg:/shot-graft:scope1",
[18:32:29.507] {"delta":{"timeline":{"p":{"repeat":0},"actors":{"i3d:cube0:scale":[{"dur":10,"p":{"x":0.5,"y":0.5,"z":0.5}}]}},"branches":{"cube0":{"children":{"cube0_2":{"form":{"type":"'cube.i3d'","x":0,"y":0,"z":0,"textureurl":"./images/sky.jpg","w":5,"h":10,"d":10,"color":"blue","transparent":true,"opacity":1},"transform":{"t":[-20,-10,0],"s":[0.01,0.01,0.01]},"children":{}},"cube0_3":{"form":{"type":"'cube.i3d'","x":0,"y":-20,"z":0,"textureurl":"sky_jpg","w":5,"h":10,"d":10,"color":"blue","transparent":true,"opacity":1},"transform":{"t":[20,0,0],"s":[0.01,0.01,0.01]},"children":{}}}}}}},
[18:32:29.505] "/a0://///shot-graft:scope1",
[18:32:39.352] {"t":"narrative","f":"change_scene","a":"a1"},
[18:32:39.455] "/a1:/i3d-simple:simple_green/i2d-scene:disks0/base-skycube:test_cube/ui-msgbg:/shot-graft:scope2",
[18:32:39.456] "/a1://///shot-graft:scope2",
[18:32:39.459] {"delta":{"timeline":{"p":{"repeat":0},"actors":{"i3d:cube0_2:scale":[{"dur":10,"p":{"x":1,"y":1,"z":1}}],"i3d:cube0_3:scale":[{"dur":10,"p":{"x":1,"y":1,"z":1}}]}},"branches":{"cube0_2":{"children":{"s0_2_0":{"form":{"type":"'sphere.i3d'","r":5,"color":"blue","transparent":true,"opacity":0.8},"transform":{"e":[0,-0.785,0],"t":[-10,-10,0],"s":[0.01,0.01,0.01]},"children":{}},"s0_2_1":{"form":{"type":"'sphere.i3d'","r":5,"color":"blue","transparent":true,"opacity":0.8},"transform":{"e":[0,0.785,0],"t":[10,10,0],"s":[0.01,0.01,0.01]},"children":{}}}}}}},
[18:32:49.353] {"t":"narrative","f":"change_scene","a":"a2"},
[18:32:49.372] "/a2:/i3d-simple:simple_green/i2d-scene:disks0/base-skycube:test_cube/ui-msgbg:/shot-graft:scope3",
[18:32:49.372] "/a2://///shot-graft:scope3",
[18:32:49.373] {"delta":{"timeline":{"p":{"repeat":0},"actors":{"i3d:s0_2_0:scale":[{"dur":10,"p":{"x":1,"y":1,"z":1}}],"i3d:s0_2_1:scale":[{"dur":10,"p":{"x":1,"y":1,"z":1}}]}},"branches":{}}},
[18:32:59.444] {"t":"camera3d","f":"dollyflyTo","a":{"x":10,"y":10,"z":-20,"d":4}},
[18:32:59.474] "/a2:/i3d-simple:simple_green/i2d-scene:disks0/base-skycube:test_cube/ui-msgbg:/shot-anim:scope4",
[18:32:59.474] "//////shot-anim:scope4",
[18:32:59.474] {"delta":{"timeline":{"p":{"paused":true,"repeat":0},"actors":{"i3d:csphere:position":[{"dur":4,"p":{"x":10,"y":10,"z":-20,"immediateRender":false}}]}}}},
[18:33:14.456] {"t":"narrative","f":"change_scene","a":"payments"},
[18:33:15.591] "/payments:/i3d-simple:phong_head_sphere_kfb/i2d-empty:/black:/ui-msgbg:/shot-fixed:",
[18:33:15.592] "/payments:/i3d-simple:phong_head_sphere_kfb/i2d-empty:/black://shot-fixed:",
[18:33:15.593] {},
[18:33:24.450] {"t":"narrative","f":"change_scene","a":"a"},
[18:33:24.683] "/a:/i3d-simple:simple_green/i2d-scene:disks0/base-skycube:test_cube/ui-msgbg:/shot-fixed:",
[18:33:24.683] "/a:/i3d-simple:simple_green/i2d-scene:disks0/base-skycube:test_cube//",
[18:33:24.685] {},
[18:33:39.452] {"t":"narrative","f":"shot","a":"shot-graft:{\"delta\":{\"timeline\":{\"p\":{\"repeat\":0},\"actors\":{\"i3d:cube0:scale\":[{\"dur\":10,\"p\":{\"x\":0.5,\"y\":0.5,\"z\":0.5}}]}},\"branches\":{\"cube0\":{\"children\":{\"cube0_2\":{\"form\":{\"type\":\"'cube.i3d'\",\"x\":0,\"y\":0,\"z\":0,\"textureurl\":\"./images/sky.jpg\",\"w\":5,\"h\":10,\"d\":10,\"color\":\"blue\",\"transparent\":true,\"opacity\":1},\"transform\":{\"t\":[-20,-10,0],\"s\":[0.01,0.01,0.01]},\"children\":{}},\"cube0_3\":{\"form\":{\"type\":\"'cube.i3d'\",\"x\":0,\"y\":-20,\"z\":0,\"textureurl\":\"sky_jpg\",\"w\":5,\"h\":10,\"d\":10,\"color\":\"blue\",\"transparent\":true,\"opacity\":1},\"transform\":{\"t\":[20,0,0],\"s\":[0.01,0.01,0.01]},\"children\":{}}}}}}}"},
[18:33:39.607] "/a:/i3d-simple:simple_green/i2d-scene:disks0/base-skycube:test_cube/ui-msgbg:/shot-graft:scope7",
[18:33:39.609] "//////shot-graft:scope7",
[18:33:39.610] {"delta":{"timeline":{"p":{"repeat":0},"actors":{"i3d:cube0:scale":[{"dur":10,"p":{"x":0.5,"y":0.5,"z":0.5}}]}},"branches":{"cube0":{"children":{"cube0_2":{"form":{"type":"'cube.i3d'","x":0,"y":0,"z":0,"textureurl":"./images/sky.jpg","w":5,"h":10,"d":10,"color":"blue","transparent":true,"opacity":1},"transform":{"t":[-20,-10,0],"s":[0.01,0.01,0.01]},"children":{}},"cube0_3":{"form":{"type":"'cube.i3d'","x":0,"y":-20,"z":0,"textureurl":"sky_jpg","w":5,"h":10,"d":10,"color":"blue","transparent":true,"opacity":1},"transform":{"t":[20,0,0],"s":[0.01,0.01,0.01]},"children":{}}}}}}},
[18:33:49.437] {"t":"narrative","f":"shot","a":"shot-graft:{\"delta\":{\"timeline\":{\"p\":{\"repeat\":0},\"actors\":{\"i3d:cube0_2:scale\":[{\"dur\":10,\"p\":{\"x\":1,\"y\":1,\"z\":1}}],\"i3d:cube0_3:scale\":[{\"dur\":10,\"p\":{\"x\":1,\"y\":1,\"z\":1}}]}},\"branches\":{\"cube0_2\":{\"children\":{\"s0_2_0\":{\"form\":{\"type\":\"'sphere.i3d'\",\"r\":5,\"color\":\"blue\",\"transparent\":true,\"opacity\":0.8},\"transform\":{\"e\":[0,-0.785,0],\"t\":[-10,-10,0],\"s\":[0.01,0.01,0.01]},\"children\":{}},\"s0_2_1\":{\"form\":{\"type\":\"'sphere.i3d'\",\"r\":5,\"color\":\"blue\",\"transparent\":true,\"opacity\":0.8},\"transform\":{\"e\":[0,0.785,0],\"t\":[10,10,0],\"s\":[0.01,0.01,0.01]},\"children\":{}}}}}}}"},
[18:33:49.600] "/a:/i3d-simple:simple_green/i2d-scene:disks0/base-skycube:test_cube/ui-msgbg:/shot-graft:scope8",
[18:33:49.601] "//////shot-graft:scope8",
[18:33:49.602] {"delta":{"timeline":{"p":{"repeat":0},"actors":{"i3d:cube0_2:scale":[{"dur":10,"p":{"x":1,"y":1,"z":1}}],"i3d:cube0_3:scale":[{"dur":10,"p":{"x":1,"y":1,"z":1}}]}},"branches":{"cube0_2":{"children":{"s0_2_0":{"form":{"type":"'sphere.i3d'","r":5,"color":"blue","transparent":true,"opacity":0.8},"transform":{"e":[0,-0.785,0],"t":[-10,-10,0],"s":[0.01,0.01,0.01]},"children":{}},"s0_2_1":{"form":{"type":"'sphere.i3d'","r":5,"color":"blue","transparent":true,"opacity":0.8},"transform":{"e":[0,0.785,0],"t":[10,10,0],"s":[0.01,0.01,0.01]},"children":{}}}}}}},
[18:33:59.438] {"t":"narrative","f":"shot","a":"shot-graft:{\"delta\":{\"timeline\":{\"p\":{\"repeat\":0},\"actors\":{\"i3d:s0_2_0:scale\":[{\"dur\":10,\"p\":{\"x\":1,\"y\":1,\"z\":1}}],\"i3d:s0_2_1:scale\":[{\"dur\":10,\"p\":{\"x\":1,\"y\":1,\"z\":1}}]}},\"branches\":{}}}"},
[18:33:59.460] "/a:/i3d-simple:simple_green/i2d-scene:disks0/base-skycube:test_cube/ui-msgbg:/shot-graft:scope9",
[18:33:59.461] "//////shot-graft:scope9",
[18:33:59.461] {"delta":{"timeline":{"p":{"repeat":0},"actors":{"i3d:s0_2_0:scale":[{"dur":10,"p":{"x":1,"y":1,"z":1}}],"i3d:s0_2_1:scale":[{"dur":10,"p":{"x":1,"y":1,"z":1}}]}},"branches":{}}},
[18:34:14.606] {"t":"camera3d","f":"panflyTo","a":{"r":0.7854,"d":4}},
[18:34:14.639] "/a:/i3d-simple:simple_green/i2d-scene:disks0/base-skycube:test_cube/ui-msgbg:/shot-anim:scope10",
[18:34:14.640] "//////shot-anim:scope10",
[18:34:14.640] {"delta":{"timeline":{"p":{"paused":true,"repeat":0},"actors":{"i3d:camera:rotation":[{"dur":4,"p":{"y":0.7854,"immediateRender":false}}]}}}},
[18:34:24.605] {"t":"narrative","f":"change_scene","a":"footprint"},
[18:34:26.467] "/footprint:/i3d-scene:scene1/i2d-empty:/escher:/ui-msgbg:/shot-fixed:",
[18:34:26.470] "/footprint:/i3d-scene:scene1/i2d-empty:/escher://shot-fixed:",
[18:34:26.470] {},
[18:34:39.606] {"t":"camera3d","f":"panflyTo","a":{"r":0.7854,"d":4}},
[18:34:39.646] "/footprint:/i3d-scene:scene1/i2d-empty:/escher:/ui-msgbg:/shot-anim:scope12",
[18:34:39.647] {"delta":{"timeline":{"p":{"paused":true,"repeat":0},"actors":{"i3d:camera:rotation":[{"dur":4,"p":{"y":0.7854,"immediateRender":false}}]}}}},
[18:34:39.646] "//////shot-anim:scope12",
[18:34:54.606] {"t":"camera3d","f":"tiltflyTo","a":{"r":0.7854,"d":4}},
[18:34:54.645] "/footprint:/i3d-scene:scene1/i2d-empty:/escher:/ui-msgbg:/shot-anim:scope13",
[18:34:54.646] "//////shot-anim:scope13",
[18:34:54.646] {"delta":{"timeline":{"p":{"paused":true,"repeat":0},"actors":{"i3d:camera:rotation":[{"dur":4,"p":{"x":0.7854,"immediateRender":false}}]}}}},
[18:35:04.607] {"t":"camera3d","f":"tiltflyBy","a":{"r":-0.7854,"d":4}},
[18:35:04.646] "/footprint:/i3d-scene:scene1/i2d-empty:/escher:/ui-msgbg:/shot-anim:scope14",
[18:35:04.648] "//////shot-anim:scope14",
[18:35:04.649] {"delta":{"timeline":{"p":{"paused":true,"repeat":0},"actors":{"i3d:camera:rotation":[{"dur":4,"p":{"x":0,"immediateRender":false}}]}}}},
[18:35:19.608] {"t":"camera3d","f":"panflyBy","a":{"r":-0.7854,"d":4}},
[18:35:19.644] "/footprint:/i3d-scene:scene1/i2d-empty:/escher:/ui-msgbg:/shot-anim:scope15",
[18:35:19.644] "//////shot-anim:scope15",
[18:35:19.644] {"delta":{"timeline":{"p":{"paused":true,"repeat":0},"actors":{"i3d:camera:rotation":[{"dur":4,"p":{"y":0,"immediateRender":false}}]}}}},
[18:35:34.612] {"t":"narrative","f":"change_scene","a":"circle"},
[18:35:35.073] "/circle:/i3d-simple:simple_red/i2d-scene:disks0/base-skycube:test_cube/ui-msgbg:/shot-graft:a0",
[18:35:35.073] "/circle:/i3d-simple:simple_red/i2d-scene:disks0/base-skycube:test_cube//shot-graft:a0",
[18:35:35.074] {"delta":{"timeline":[{"id":"cube0_1","dur":10,"p":{"scale":[1,1,1]},"delay":2}],"branches":{"cube0":{"children":{"cube0_2":{"form":{"type":"'cube.i3d'","x":0,"y":0,"z":0,"textureurl":"./images/sky.jpg","w":20,"h":20,"d":20,"color":"blue","transparent":true,"opacity":1},"transform":{"t":[-20,-10,0],"s":[0.25,1,0.25]},"children":{}},"cube0_3":{"form":{"type":"'cube.i3d'","x":0,"y":-20,"z":0,"textureurl":"sky_jpg","w":20,"h":40,"d":20,"color":"blue","transparent":true,"opacity":1},"transform":{"t":[20,0,0],"s":[0.5,1,0.5]},"children":{}}}}}}},
[18:35:44.619] {"t":"narrative","f":"change_state","a":"/circle:/i3d-simple:simple_red/i2d-scene:mf2d0/base-skycube:test_cube/ui-msgbg:/shot-fixed:"},
[18:35:44.827] "/circle:/i3d-simple:simple_red/i2d-scene:mf2d0/base-skycube:test_cube/ui-msgbg:/shot-fixed:",
[18:35:44.828] {},
[18:35:44.828] "///i2d-scene:mf2d0///shot-fixed:",
[18:35:54.625] {"t":"narrative","f":"change_scene","a":"stocks"},
[18:35:56.112] "/stocks:/i3d-jsonmodels:phonghead_kfb/i2d-scene:defsuse0/grid:/ui-msgbg:/shot-fixed:",
[18:35:56.113] "/stocks:/i3d-jsonmodels:phonghead_kfb/i2d-scene:defsuse0/grid://",
[18:35:56.113] {},
[18:36:09.643] {"t":"narrative","f":"change_state","a":"///i2d-scene:mf2d0///"},
[18:36:09.867] "/stocks:/i3d-jsonmodels:phonghead_kfb/i2d-scene:mf2d0/grid:/ui-msgbg:/shot-fixed:",
[18:36:09.868] "///i2d-scene:mf2d0///",
[18:36:09.870] {},
[18:36:19.624] {"t":"camera3d","f":"panflyBy","a":{"r":-0.7854,"d":4}},
[18:36:19.644] "/stocks:/i3d-jsonmodels:phonghead_kfb/i2d-scene:mf2d0/grid:/ui-msgbg:/shot-anim:scope20",
[18:36:19.644] "//////shot-anim:scope20",
[18:36:19.644] {"delta":{"timeline":{"p":{"paused":true,"repeat":0},"actors":{"i3d:camera:rotation":[{"dur":4,"p":{"y":-0.7854,"immediateRender":false}}]}}}},
