[21:32:55.366] {"t":"narrative","f":"change_scene","a":"a"},
[21:32:55.664] "/a:/i3d-simple:simple_green/i2d-scene:disks0/base-skycube:test_cube/ui-msgbg:/shot-fixed:",
[21:32:55.665] "/a:/i3d-simple:simple_green/i2d-scene:disks0/base-skycube:test_cube//",
[21:32:55.665] {},
[21:33:10.365] {"t":"narrative","f":"change_scene","a":"a0"},
[21:33:10.497] "/a0:/i3d-simple:simple_green/i2d-scene:disks0/base-skycube:test_cube/ui-msgbg:/shot-graft:scope1",
[21:33:10.497] "/a0://///shot-graft:scope1",
[21:33:10.499] {"delta":{"timeline":{"p":{"repeat":0},"actors":{"i3d:cube0:scale":[{"dur":10,"p":{"x":0.5,"y":0.5,"z":0.5}}]}},"branches":{"cube0":{"children":{"cube0_2":{"form":{"type":"'cube.i3d'","x":0,"y":0,"z":0,"textureurl":"./images/sky.jpg","w":5,"h":10,"d":10,"color":"blue","transparent":true,"opacity":1},"transform":{"t":[-20,-10,0],"s":[0.01,0.01,0.01]},"children":{}},"cube0_3":{"form":{"type":"'cube.i3d'","x":0,"y":-20,"z":0,"textureurl":"sky_jpg","w":5,"h":10,"d":10,"color":"blue","transparent":true,"opacity":1},"transform":{"t":[20,0,0],"s":[0.01,0.01,0.01]},"children":{}}}}}}},
[21:33:25.366] {"t":"narrative","f":"change_scene","a":"a1"},
[21:33:25.449] "/a1:/i3d-simple:simple_green/i2d-scene:disks0/base-skycube:test_cube/ui-msgbg:/shot-graft:scope2",
[21:33:25.450] {"delta":{"timeline":{"p":{"repeat":0},"actors":{"i3d:cube0_2:scale":[{"dur":10,"p":{"x":1,"y":1,"z":1}}],"i3d:cube0_3:scale":[{"dur":10,"p":{"x":1,"y":1,"z":1}}]}},"branches":{"cube0_2":{"children":{"s0_2_0":{"form":{"type":"'sphere.i3d'","r":5,"color":"blue","transparent":true,"opacity":0.8},"transform":{"e":[0,-0.785,0],"t":[-10,-10,0],"s":[0.01,0.01,0.01]},"children":{}},"s0_2_1":{"form":{"type":"'sphere.i3d'","r":5,"color":"blue","transparent":true,"opacity":0.8},"transform":{"e":[0,0.785,0],"t":[10,10,0],"s":[0.01,0.01,0.01]},"children":{}}}}}}},
[21:33:25.449] "/a1://///shot-graft:scope2",
[21:33:35.362] {"t":"narrative","f":"change_scene","a":"a2"},
[21:33:35.382] "/a2:/i3d-simple:simple_green/i2d-scene:disks0/base-skycube:test_cube/ui-msgbg:/shot-graft:scope3",
[21:33:35.382] "/a2://///shot-graft:scope3",
[21:33:35.383] {"delta":{"timeline":{"p":{"repeat":0},"actors":{"i3d:s0_2_0:scale":[{"dur":10,"p":{"x":1,"y":1,"z":1}}],"i3d:s0_2_1:scale":[{"dur":10,"p":{"x":1,"y":1,"z":1}}]}},"branches":{}}},
[21:33:45.378] {"t":"camera3d","f":"dollyflyTo","a":{"x":10,"y":10,"z":-20,"d":4}},
[21:33:45.393] "/a2:/i3d-simple:simple_green/i2d-scene:disks0/base-skycube:test_cube/ui-msgbg:/shot-anim:scope4",
[21:33:45.394] "//////shot-anim:scope4",
[21:33:45.394] {"delta":{"timeline":{"p":{"paused":true,"repeat":0},"actors":{"i3d:csphere:position":[{"dur":4,"p":{"x":10,"y":10,"z":-20,"immediateRender":false}}]}}}},
[21:34:00.386] {"t":"narrative","f":"change_scene","a":"payments"},
[21:34:01.372] "/payments:/i3d-simple:phong_head_sphere_kfb/i2d-empty:/black:/ui-msgbg:/shot-fixed:",
[21:34:01.377] "/payments:/i3d-simple:phong_head_sphere_kfb/i2d-empty:/black://shot-fixed:",
[21:34:01.378] {},
[21:34:15.386] {"t":"narrative","f":"change_scene","a":"a"},
[21:34:15.600] "/a:/i3d-simple:simple_green/i2d-scene:disks0/base-skycube:test_cube/ui-msgbg:/shot-fixed:",
[21:34:15.601] "/a:/i3d-simple:simple_green/i2d-scene:disks0/base-skycube:test_cube//",
[21:34:15.601] {},
[21:34:25.388] {"t":"narrative","f":"shot","a":"shot-graft:{\"delta\":{\"timeline\":{\"p\":{\"repeat\":0},\"actors\":{\"i3d:cube0:scale\":[{\"dur\":10,\"p\":{\"x\":0.5,\"y\":0.5,\"z\":0.5}}]}},\"branches\":{\"cube0\":{\"children\":{\"cube0_2\":{\"form\":{\"type\":\"'cube.i3d'\",\"x\":0,\"y\":0,\"z\":0,\"textureurl\":\"./images/sky.jpg\",\"w\":5,\"h\":10,\"d\":10,\"color\":\"blue\",\"transparent\":true,\"opacity\":1},\"transform\":{\"t\":[-20,-10,0],\"s\":[0.01,0.01,0.01]},\"children\":{}},\"cube0_3\":{\"form\":{\"type\":\"'cube.i3d'\",\"x\":0,\"y\":-20,\"z\":0,\"textureurl\":\"sky_jpg\",\"w\":5,\"h\":10,\"d\":10,\"color\":\"blue\",\"transparent\":true,\"opacity\":1},\"transform\":{\"t\":[20,0,0],\"s\":[0.01,0.01,0.01]},\"children\":{}}}}}}}"},
[21:34:25.557] "/a:/i3d-simple:simple_green/i2d-scene:disks0/base-skycube:test_cube/ui-msgbg:/shot-graft:scope7",
[21:34:25.558] "//////shot-graft:scope7",
[21:34:25.559] {"delta":{"timeline":{"p":{"repeat":0},"actors":{"i3d:cube0:scale":[{"dur":10,"p":{"x":0.5,"y":0.5,"z":0.5}}]}},"branches":{"cube0":{"children":{"cube0_2":{"form":{"type":"'cube.i3d'","x":0,"y":0,"z":0,"textureurl":"./images/sky.jpg","w":5,"h":10,"d":10,"color":"blue","transparent":true,"opacity":1},"transform":{"t":[-20,-10,0],"s":[0.01,0.01,0.01]},"children":{}},"cube0_3":{"form":{"type":"'cube.i3d'","x":0,"y":-20,"z":0,"textureurl":"sky_jpg","w":5,"h":10,"d":10,"color":"blue","transparent":true,"opacity":1},"transform":{"t":[20,0,0],"s":[0.01,0.01,0.01]},"children":{}}}}}}},
[21:34:35.391] {"t":"narrative","f":"shot","a":"shot-graft:{\"delta\":{\"timeline\":{\"p\":{\"repeat\":0},\"actors\":{\"i3d:cube0_2:scale\":[{\"dur\":10,\"p\":{\"x\":1,\"y\":1,\"z\":1}}],\"i3d:cube0_3:scale\":[{\"dur\":10,\"p\":{\"x\":1,\"y\":1,\"z\":1}}]}},\"branches\":{\"cube0_2\":{\"children\":{\"s0_2_0\":{\"form\":{\"type\":\"'sphere.i3d'\",\"r\":5,\"color\":\"blue\",\"transparent\":true,\"opacity\":0.8},\"transform\":{\"e\":[0,-0.785,0],\"t\":[-10,-10,0],\"s\":[0.01,0.01,0.01]},\"children\":{}},\"s0_2_1\":{\"form\":{\"type\":\"'sphere.i3d'\",\"r\":5,\"color\":\"blue\",\"transparent\":true,\"opacity\":0.8},\"transform\":{\"e\":[0,0.785,0],\"t\":[10,10,0],\"s\":[0.01,0.01,0.01]},\"children\":{}}}}}}}"},
[21:34:35.519] "/a:/i3d-simple:simple_green/i2d-scene:disks0/base-skycube:test_cube/ui-msgbg:/shot-graft:scope8",
[21:34:35.520] "//////shot-graft:scope8",
[21:34:35.520] {"delta":{"timeline":{"p":{"repeat":0},"actors":{"i3d:cube0_2:scale":[{"dur":10,"p":{"x":1,"y":1,"z":1}}],"i3d:cube0_3:scale":[{"dur":10,"p":{"x":1,"y":1,"z":1}}]}},"branches":{"cube0_2":{"children":{"s0_2_0":{"form":{"type":"'sphere.i3d'","r":5,"color":"blue","transparent":true,"opacity":0.8},"transform":{"e":[0,-0.785,0],"t":[-10,-10,0],"s":[0.01,0.01,0.01]},"children":{}},"s0_2_1":{"form":{"type":"'sphere.i3d'","r":5,"color":"blue","transparent":true,"opacity":0.8},"transform":{"e":[0,0.785,0],"t":[10,10,0],"s":[0.01,0.01,0.01]},"children":{}}}}}}},
[21:34:45.374] {"t":"narrative","f":"shot","a":"shot-graft:{\"delta\":{\"timeline\":{\"p\":{\"repeat\":0},\"actors\":{\"i3d:s0_2_0:scale\":[{\"dur\":10,\"p\":{\"x\":1,\"y\":1,\"z\":1}}],\"i3d:s0_2_1:scale\":[{\"dur\":10,\"p\":{\"x\":1,\"y\":1,\"z\":1}}]}},\"branches\":{}}}"},
[21:34:45.406] "/a:/i3d-simple:simple_green/i2d-scene:disks0/base-skycube:test_cube/ui-msgbg:/shot-graft:scope9",
[21:34:45.406] "//////shot-graft:scope9",
[21:34:45.406] {"delta":{"timeline":{"p":{"repeat":0},"actors":{"i3d:s0_2_0:scale":[{"dur":10,"p":{"x":1,"y":1,"z":1}}],"i3d:s0_2_1:scale":[{"dur":10,"p":{"x":1,"y":1,"z":1}}]}},"branches":{}}},
[21:34:55.374] {"t":"camera3d","f":"panflyTo","a":{"r":0.7854,"d":4}},
[21:34:55.393] "/a:/i3d-simple:simple_green/i2d-scene:disks0/base-skycube:test_cube/ui-msgbg:/shot-anim:scope10",
[21:34:55.393] "//////shot-anim:scope10",
[21:34:55.393] {"delta":{"timeline":{"p":{"paused":true,"repeat":0},"actors":{"i3d:camera:rotation":[{"dur":4,"p":{"y":0.7854,"immediateRender":false}}]}}}},
[21:35:10.511] {"t":"narrative","f":"change_scene","a":"footprint"},
[21:35:12.452] "/footprint:/i3d-scene:scene1/i2d-empty:/escher://shot-fixed:",
[21:35:12.453] {},
[21:35:12.452] "/footprint:/i3d-scene:scene1/i2d-empty:/escher:/ui-msgbg:/shot-fixed:",
[21:35:25.512] {"t":"camera3d","f":"panflyTo","a":{"r":0.7854,"d":4}},
[21:35:25.547] "//////shot-anim:scope12",
[21:35:25.546] "/footprint:/i3d-scene:scene1/i2d-empty:/escher:/ui-msgbg:/shot-anim:scope12",
[21:35:25.547] {"delta":{"timeline":{"p":{"paused":true,"repeat":0},"actors":{"i3d:camera:rotation":[{"dur":4,"p":{"y":0.7854,"immediateRender":false}}]}}}},
[21:35:40.513] {"t":"camera3d","f":"tiltflyTo","a":{"r":0.7854,"d":4}},
[21:35:40.547] "/footprint:/i3d-scene:scene1/i2d-empty:/escher:/ui-msgbg:/shot-anim:scope13",
[21:35:40.547] "//////shot-anim:scope13",
[21:35:40.548] {"delta":{"timeline":{"p":{"paused":true,"repeat":0},"actors":{"i3d:camera:rotation":[{"dur":4,"p":{"x":0.7854,"immediateRender":false}}]}}}},
[21:35:55.513] {"t":"camera3d","f":"tiltflyBy","a":{"r":-0.7854,"d":4}},
[21:35:55.554] "/footprint:/i3d-scene:scene1/i2d-empty:/escher:/ui-msgbg:/shot-anim:scope14",
[21:35:55.555] "//////shot-anim:scope14",
[21:35:55.555] {"delta":{"timeline":{"p":{"paused":true,"repeat":0},"actors":{"i3d:camera:rotation":[{"dur":4,"p":{"x":0,"immediateRender":false}}]}}}},
[21:36:10.528] {"t":"camera3d","f":"panflyBy","a":{"r":-0.7854,"d":4}},
[21:36:10.546] "/footprint:/i3d-scene:scene1/i2d-empty:/escher:/ui-msgbg:/shot-anim:scope15",
[21:36:10.546] "//////shot-anim:scope15",
[21:36:10.547] {"delta":{"timeline":{"p":{"paused":true,"repeat":0},"actors":{"i3d:camera:rotation":[{"dur":4,"p":{"y":0,"immediateRender":false}}]}}}},
[21:36:20.533] {"t":"narrative","f":"change_scene","a":"circle"},
[21:36:20.984] {"delta":{"timeline":[{"id":"cube0_1","dur":10,"p":{"scale":[1,1,1]},"delay":2}],"branches":{"cube0":{"children":{"cube0_2":{"form":{"type":"'cube.i3d'","x":0,"y":0,"z":0,"textureurl":"./images/sky.jpg","w":20,"h":20,"d":20,"color":"blue","transparent":true,"opacity":1},"transform":{"t":[-20,-10,0],"s":[0.25,1,0.25]},"children":{}},"cube0_3":{"form":{"type":"'cube.i3d'","x":0,"y":-20,"z":0,"textureurl":"sky_jpg","w":20,"h":40,"d":20,"color":"blue","transparent":true,"opacity":1},"transform":{"t":[20,0,0],"s":[0.5,1,0.5]},"children":{}}}}}}},
[21:36:20.983] "/circle:/i3d-simple:simple_red/i2d-scene:disks0/base-skycube:test_cube/ui-msgbg:/shot-graft:a0",
[21:36:20.983] "/circle:/i3d-simple:simple_red/i2d-scene:disks0/base-skycube:test_cube//shot-graft:a0",
[21:36:30.537] {"t":"narrative","f":"change_state","a":"/circle:/i3d-simple:simple_red/i2d-scene:mf2d0/base-skycube:test_cube/ui-msgbg:/shot-fixed:"},
[21:36:30.744] "/circle:/i3d-simple:simple_red/i2d-scene:mf2d0/base-skycube:test_cube/ui-msgbg:/shot-fixed:",
[21:36:30.744] "///i2d-scene:mf2d0///shot-fixed:",
[21:36:30.745] {},
[21:36:45.519] {"t":"narrative","f":"change_scene","a":"stocks"},
[21:36:47.190] "/stocks:/i3d-jsonmodels:phonghead_kfb/i2d-scene:defsuse0/grid:/ui-msgbg:/shot-fixed:",
[21:36:47.190] "/stocks:/i3d-jsonmodels:phonghead_kfb/i2d-scene:defsuse0/grid://",
[21:36:47.200] {},
[21:37:00.535] {"t":"narrative","f":"change_state","a":"///i2d-scene:mf2d0///"},
[21:37:00.766] "/stocks:/i3d-jsonmodels:phonghead_kfb/i2d-scene:mf2d0/grid:/ui-msgbg:/shot-fixed:",
[21:37:00.766] "///i2d-scene:mf2d0///",
[21:37:00.766] {},
[21:37:10.520] {"t":"camera3d","f":"panflyBy","a":{"r":-0.7854,"d":4}},
[21:37:10.560] "/stocks:/i3d-jsonmodels:phonghead_kfb/i2d-scene:mf2d0/grid:/ui-msgbg:/shot-anim:scope20",
[21:37:10.560] "//////shot-anim:scope20",
[21:37:10.560] {"delta":{"timeline":{"p":{"paused":true,"repeat":0},"actors":{"i3d:camera:rotation":[{"dur":4,"p":{"y":-0.7854,"immediateRender":false}}]}}}},
[21:37:25.519] {"t":"camera2d","f":"zoomflyBy","a":{"s":0.9,"d":3}},
[21:37:25.569] "/stocks:/i3d-jsonmodels:phonghead_kfb/i2d-scene:mf2d0/grid:/ui-msgbg:/shot-anim:scope21",
[21:37:25.569] {"delta":{"timeline":{"p":{"paused":true,"repeat":0,"tweens":[]},"actors":{"i2d:zoom_plane":[{"dur":3,"p":{"scale":0.9,"svgOrigin":"0% 0%","immediateRender":false}}]}}}},
[21:37:25.569] "//////shot-anim:scope21",
[21:37:35.529] {"t":"camera2d","f":"zoomflyTo","a":{"s":2,"d":3}},
[21:37:35.551] "/stocks:/i3d-jsonmodels:phonghead_kfb/i2d-scene:mf2d0/grid:/ui-msgbg:/shot-anim:scope22",
[21:37:35.551] "//////shot-anim:scope22",
[21:37:35.552] {"delta":{"timeline":{"p":{"paused":true,"repeat":0,"tweens":[]},"actors":{"i2d:zoom_plane":[{"dur":3,"p":{"scale":2,"svgOrigin":"0% 0%","immediateRender":false}}]}}}},
[21:37:45.548] {"t":"camera2d","f":"zoomflyTo","a":{"s":0.5,"d":3}},
[21:37:45.571] "/stocks:/i3d-jsonmodels:phonghead_kfb/i2d-scene:mf2d0/grid:/ui-msgbg:/shot-anim:scope23",
[21:37:45.573] "//////shot-anim:scope23",
[21:37:45.575] {"delta":{"timeline":{"p":{"paused":true,"repeat":0,"tweens":[]},"actors":{"i2d:zoom_plane":[{"dur":3,"p":{"scale":0.5,"svgOrigin":"0% 0%","immediateRender":false}}]}}}},
[21:37:55.526] {"t":"camera2d","f":"dollyflyTo","a":{"x":20,"d":3}},
[21:37:55.569] "/stocks:/i3d-jsonmodels:phonghead_kfb/i2d-scene:mf2d0/grid:/ui-msgbg:/shot-anim:scope24",
[21:37:55.571] {"delta":{"timeline":{"p":{"paused":true,"repeat":0,"tweens":[]},"actors":{"i2d:plane":[{"dur":3,"p":{"x":20,"y":0,"immediateRender":false}}]}}}},
[21:37:55.570] "//////shot-anim:scope24",
[21:38:10.525] {"t":"camera2d","f":"center","a":{"d":3}},
[21:38:10.568] "/stocks:/i3d-jsonmodels:phonghead_kfb/i2d-scene:mf2d0/grid:/ui-msgbg:/shot-anim:scope25",
[21:38:10.568] "//////shot-anim:scope25",
[21:38:10.568] {"delta":{"timeline":{"p":{"paused":true,"repeat":0},"actors":{"i2d:plane":[{"dur":3,"p":{"x":0,"y":0,"immediateRender":false}}],"i2d:zoom_plane":[{"dur":3,"p":{"rotation":0,"svgOrigin":"0% 0%","immediateRender":false}}]}}}},
[21:38:20.540] {"t":"camera2d","f":"home","a":{"d":3}},
[21:38:20.576] "/stocks:/i3d-jsonmodels:phonghead_kfb/i2d-scene:mf2d0/grid:/ui-msgbg:/shot-anim:scope26",
[21:38:20.576] "//////shot-anim:scope26",
[21:38:20.576] {"delta":{"timeline":{"p":{"paused":true,"repeat":0},"actors":{"i2d:plane":[{"dur":3,"p":{"x":0,"y":0,"immediateRender":false}}],"i2d:zoom_plane":[{"dur":3,"p":{"rotation":0,"scale":1,"svgOrigin":"0% 0%","immediateRender":false}}]}}}},
[21:38:35.545] {"t":"camera2d","f":"rollflyTo","a":{"r":-90,"d":3}},
[21:38:35.553] "/stocks:/i3d-jsonmodels:phonghead_kfb/i2d-scene:mf2d0/grid:/ui-msgbg:/shot-anim:scope27",
[21:38:35.553] "//////shot-anim:scope27",
[21:38:35.553] {"delta":{"timeline":{"p":{"paused":true,"repeat":0,"tweens":[]},"actors":{"i2d:zoom_plane":[{"dur":3,"p":{"rotation":-90,"svgOrigin":"0% 0%","immediateRender":false}}]}}}},
[21:38:45.526] {"t":"camera2d","f":"rollflyBy","a":{"r":45,"d":3}},
[21:38:45.562] "/stocks:/i3d-jsonmodels:phonghead_kfb/i2d-scene:mf2d0/grid:/ui-msgbg:/shot-anim:scope28",
[21:38:45.563] {"delta":{"timeline":{"p":{"paused":true,"repeat":0,"tweens":[]},"actors":{"i2d:zoom_plane":[{"dur":3,"p":{"rotation":-45,"svgOrigin":"0% 0%","immediateRender":false}}]}}}},
[21:38:45.562] "//////shot-anim:scope28",
[21:39:00.526] {"t":"camera2d","f":"rollflyBy","a":{"r":45,"d":3}},
[21:39:00.574] "/stocks:/i3d-jsonmodels:phonghead_kfb/i2d-scene:mf2d0/grid:/ui-msgbg:/shot-anim:scope29",
[21:39:00.574] "//////shot-anim:scope29",
[21:39:00.574] {"delta":{"timeline":{"p":{"paused":true,"repeat":0,"tweens":[]},"actors":{"i2d:zoom_plane":[{"dur":3,"p":{"rotation":0,"svgOrigin":"0% 0%","immediateRender":false}}]}}}},
[21:39:10.535] {"t":"camera2d","f":"dollyflyTo","a":{"x":20,"d":3}},
[21:39:10.550] "/stocks:/i3d-jsonmodels:phonghead_kfb/i2d-scene:mf2d0/grid:/ui-msgbg:/shot-anim:scope30",
[21:39:10.550] "//////shot-anim:scope30",
[21:39:10.550] {"delta":{"timeline":{"p":{"paused":true,"repeat":0,"tweens":[]},"actors":{"i2d:plane":[{"dur":3,"p":{"x":20,"y":0,"immediateRender":false}}]}}}},
[21:39:25.527] {"t":"camera2d","f":"dollyflyTo","a":{"y":20,"d":3}},
[21:39:25.561] "/stocks:/i3d-jsonmodels:phonghead_kfb/i2d-scene:mf2d0/grid:/ui-msgbg:/shot-anim:scope31",
[21:39:25.561] "//////shot-anim:scope31",
[21:39:25.561] {"delta":{"timeline":{"p":{"paused":true,"repeat":0,"tweens":[]},"actors":{"i2d:plane":[{"dur":3,"p":{"x":20,"y":-20,"immediateRender":false}}]}}}},
[21:39:35.527] {"t":"camera2d","f":"dollyflyTo","a":{"x":0,"d":3}},
[21:39:35.566] "/stocks:/i3d-jsonmodels:phonghead_kfb/i2d-scene:mf2d0/grid:/ui-msgbg:/shot-anim:scope32",
[21:39:35.567] "//////shot-anim:scope32",
[21:39:35.568] {"delta":{"timeline":{"p":{"paused":true,"repeat":0,"tweens":[]},"actors":{"i2d:plane":[{"dur":3,"p":{"x":0,"y":-20,"immediateRender":false}}]}}}},
[21:39:50.531] {"t":"camera2d","f":"dollyflyTo","a":{"y":-40,"d":3}},
[21:39:50.567] "/stocks:/i3d-jsonmodels:phonghead_kfb/i2d-scene:mf2d0/grid:/ui-msgbg:/shot-anim:scope33",
[21:39:50.568] "//////shot-anim:scope33",
[21:39:50.568] {"delta":{"timeline":{"p":{"paused":true,"repeat":0,"tweens":[]},"actors":{"i2d:plane":[{"dur":3,"p":{"x":0,"y":40,"immediateRender":false}}]}}}},
[21:40:00.532] {"t":"camera2d","f":"dollyflyTo","a":{"x":20,"d":3}},
[21:40:00.591] "/stocks:/i3d-jsonmodels:phonghead_kfb/i2d-scene:mf2d0/grid:/ui-msgbg:/shot-anim:scope34",
[21:40:00.592] "//////shot-anim:scope34",
[21:40:00.593] {"delta":{"timeline":{"p":{"paused":true,"repeat":0,"tweens":[]},"actors":{"i2d:plane":[{"dur":3,"p":{"x":20,"y":40,"immediateRender":false}}]}}}},
[21:40:15.532] {"t":"camera2d","f":"dollyflyTo","a":{"x":0,"d":3}},
[21:40:15.562] "/stocks:/i3d-jsonmodels:phonghead_kfb/i2d-scene:mf2d0/grid:/ui-msgbg:/shot-anim:scope35",
[21:40:15.562] {"delta":{"timeline":{"p":{"paused":true,"repeat":0,"tweens":[]},"actors":{"i2d:plane":[{"dur":3,"p":{"x":0,"y":40,"immediateRender":false}}]}}}},
[21:40:15.562] "//////shot-anim:scope35",
[21:40:30.532] {"t":"camera3d","f":"tiltflyTo","a":{"r":-0.7854,"d":3}},
[21:40:30.552] "/stocks:/i3d-jsonmodels:phonghead_kfb/i2d-scene:mf2d0/grid:/ui-msgbg:/shot-anim:scope36",
[21:40:30.552] "//////shot-anim:scope36",
[21:40:30.553] {"delta":{"timeline":{"p":{"paused":true,"repeat":0},"actors":{"i3d:camera:rotation":[{"dur":3,"p":{"x":-0.7854,"immediateRender":false}}]}}}},
[21:40:40.533] {"t":"camera3d","f":"panflyTo","a":{"r":-0.7854,"d":3}},
[21:40:40.558] "/stocks:/i3d-jsonmodels:phonghead_kfb/i2d-scene:mf2d0/grid:/ui-msgbg:/shot-anim:scope37",
[21:40:40.558] "//////shot-anim:scope37",
[21:40:40.560] {"delta":{"timeline":{"p":{"paused":true,"repeat":0},"actors":{"i3d:camera:rotation":[{"dur":3,"p":{"y":-0.7854,"immediateRender":false}}]}}}},
[21:40:50.534] {"t":"camera3d","f":"dollyflyTo","a":{"x":20,"y":0,"z":0,"d":3}},
[21:40:50.569] "/stocks:/i3d-jsonmodels:phonghead_kfb/i2d-scene:mf2d0/grid:/ui-msgbg:/shot-anim:scope38",
[21:40:50.570] {"delta":{"timeline":{"p":{"paused":true,"repeat":0},"actors":{"i3d:csphere:position":[{"dur":3,"p":{"x":20,"y":0,"z":0,"immediateRender":false}}]}}}},
[21:40:50.570] "//////shot-anim:scope38",
[21:41:05.537] {"t":"camera3d","f":"zoomflyTo","a":{"s":0.5,"d":3}},
[21:41:05.568] "/stocks:/i3d-jsonmodels:phonghead_kfb/i2d-scene:mf2d0/grid:/ui-msgbg:/shot-anim:scope39",
[21:41:05.568] "//////shot-anim:scope39",
[21:41:05.568] {"delta":{"timeline":{"p":{"paused":true,"repeat":0},"actors":{"i3d:csphere:scale":[{"dur":3,"p":{"x":0.5,"y":0.5,"z":0.5,"immediateRender":false}}]}}}},
[21:41:15.538] {"t":"camera3d","f":"zoomflyTo","a":{"s":2,"d":3}},
[21:41:15.571] "/stocks:/i3d-jsonmodels:phonghead_kfb/i2d-scene:mf2d0/grid:/ui-msgbg:/shot-anim:scope40",
[21:41:15.571] "//////shot-anim:scope40",
[21:41:15.572] {"delta":{"timeline":{"p":{"paused":true,"repeat":0},"actors":{"i3d:csphere:scale":[{"dur":3,"p":{"x":2,"y":2,"z":2,"immediateRender":false}}]}}}},
[21:41:30.534] {"t":"camera3d","f":"dollyflyTo","a":{"x":20,"y":20,"z":-20,"d":3}},
[21:41:30.561] "/stocks:/i3d-jsonmodels:phonghead_kfb/i2d-scene:mf2d0/grid:/ui-msgbg:/shot-anim:scope41",
[21:41:30.562] "//////shot-anim:scope41",
[21:41:30.562] {"delta":{"timeline":{"p":{"paused":true,"repeat":0},"actors":{"i3d:csphere:position":[{"dur":3,"p":{"x":20,"y":20,"z":-20,"immediateRender":false}}]}}}},
[21:41:45.536] {"t":"camera3d","f":"zoomflyTo","a":{"s":0.5,"d":3}},
[21:41:45.554] "/stocks:/i3d-jsonmodels:phonghead_kfb/i2d-scene:mf2d0/grid:/ui-msgbg:/shot-anim:scope42",
[21:41:45.554] "//////shot-anim:scope42",
[21:41:45.554] {"delta":{"timeline":{"p":{"paused":true,"repeat":0},"actors":{"i3d:csphere:scale":[{"dur":3,"p":{"x":0.5,"y":0.5,"z":0.5,"immediateRender":false}}]}}}},
[21:41:55.536] {"t":"camera3d","f":"center","a":{"d":3}},
[21:41:55.567] "/stocks:/i3d-jsonmodels:phonghead_kfb/i2d-scene:mf2d0/grid:/ui-msgbg:/shot-anim:scope43",
[21:41:55.567] "//////shot-anim:scope43",
[21:41:55.567] {"delta":{"timeline":{"p":{"paused":true,"repeat":0},"actors":{"i3d:camera:rotation":[{"dur":3,"p":{"x":0,"y":0,"z":0,"immediateRender":false}}],"i3d:csphere:position":[{"dur":3,"p":{"x":0,"y":0,"z":0,"immediateRender":false}}],"i3d:csphere:rotation":[{"dur":3,"p":{"x":0,"y":0,"z":0,"immediateRender":false}}],"i2d:plane":[{"dur":3,"p":{"x":0,"y":0,"immediateRender":false}}],"i2d:zoom_plane":[{"dur":3,"p":{"rotation":0,"svgOrigin":"0% 0%","immediateRender":false}}]}}}},
[21:42:05.536] {"t":"camera3d","f":"home","a":{"d":3}},
[21:42:05.579] "/stocks:/i3d-jsonmodels:phonghead_kfb/i2d-scene:mf2d0/grid:/ui-msgbg:/shot-anim:scope44",
[21:42:05.579] "//////shot-anim:scope44",
[21:42:05.580] {"delta":{"timeline":{"p":{"paused":true,"repeat":0},"actors":{"i3d:camera:rotation":[{"dur":3,"p":{"x":0,"y":0,"z":0,"immediateRender":false}}],"i3d:csphere:position":[{"dur":3,"p":{"x":0,"y":0,"z":0,"immediateRender":false}}],"i3d:csphere:scale":[{"dur":3,"p":{"x":1,"y":1,"z":1,"immediateRender":false}}],"i3d:csphere:rotation":[{"dur":3,"p":{"x":0,"y":0,"z":0,"immediateRender":false}}],"i2d:plane":[{"dur":3,"p":{"x":0,"y":0,"immediateRender":false}}],"i2d:zoom_plane":[{"dur":3,"p":{"rotation":0,"scale":1,"svgOrigin":"0% 0%","immediateRender":false}}]}}}},
[21:42:15.536] {"t":"camera3d","f":"panflyBy","a":{"r":0.7854,"d":3}},
[21:42:15.561] "/stocks:/i3d-jsonmodels:phonghead_kfb/i2d-scene:mf2d0/grid:/ui-msgbg:/shot-anim:scope45",
[21:42:15.562] "//////shot-anim:scope45",
[21:42:15.562] {"delta":{"timeline":{"p":{"paused":true,"repeat":0},"actors":{"i3d:camera:rotation":[{"dur":3,"p":{"y":0.7854,"immediateRender":false}}]}}}},
[21:42:30.559] {"t":"camera3d","f":"tiltflyBy","a":{"r":0.7854,"d":3}},
[21:42:30.572] "/stocks:/i3d-jsonmodels:phonghead_kfb/i2d-scene:mf2d0/grid:/ui-msgbg:/shot-anim:scope46",
[21:42:30.573] "//////shot-anim:scope46",
[21:42:30.575] {"delta":{"timeline":{"p":{"paused":true,"repeat":0},"actors":{"i3d:camera:rotation":[{"dur":3,"p":{"x":0.7854,"immediateRender":false}}]}}}},
[21:42:40.537] {"t":"camera3d","f":"rollflyTo","a":{"r":-1.57,"d":4}},
[21:42:40.563] "/stocks:/i3d-jsonmodels:phonghead_kfb/i2d-scene:mf2d0/grid:/ui-msgbg:/shot-anim:scope47",
[21:42:40.564] "//////shot-anim:scope47",
[21:42:40.564] {"delta":{"timeline":{"p":{"paused":true,"repeat":0},"actors":{"i3d:camera:rotation":[{"dur":4,"p":{"z":-1.57,"immediateRender":false}}]}}}},
[21:42:50.538] {"t":"camera3d","f":"rollflyBy","a":{"r":0.3927,"d":4}},
[21:42:50.562] "/stocks:/i3d-jsonmodels:phonghead_kfb/i2d-scene:mf2d0/grid:/ui-msgbg:/shot-anim:scope48",
[21:42:50.562] "//////shot-anim:scope48",
[21:42:50.563] {"delta":{"timeline":{"p":{"paused":true,"repeat":0},"actors":{"i3d:camera:rotation":[{"dur":4,"p":{"z":-1.1773,"immediateRender":false}}]}}}},
[21:43:05.542] {"t":"camera3d","f":"rollflyBy","a":{"r":0.3927,"d":4}},
[21:43:05.575] "/stocks:/i3d-jsonmodels:phonghead_kfb/i2d-scene:mf2d0/grid:/ui-msgbg:/shot-anim:scope49",
[21:43:05.576] "//////shot-anim:scope49",
[21:43:05.576] {"delta":{"timeline":{"p":{"paused":true,"repeat":0},"actors":{"i3d:camera:rotation":[{"dur":4,"p":{"z":-0.7846,"immediateRender":false}}]}}}},
[21:43:20.538] {"t":"camera3d","f":"center","a":{"d":3}},
[21:43:20.560] "/stocks:/i3d-jsonmodels:phonghead_kfb/i2d-scene:mf2d0/grid:/ui-msgbg:/shot-anim:scope50",
[21:43:20.560] "//////shot-anim:scope50",
[21:43:20.560] {"delta":{"timeline":{"p":{"paused":true,"repeat":0},"actors":{"i3d:camera:rotation":[{"dur":3,"p":{"x":0,"y":0,"z":0,"immediateRender":false}}],"i3d:csphere:position":[{"dur":3,"p":{"x":0,"y":0,"z":0,"immediateRender":false}}],"i3d:csphere:rotation":[{"dur":3,"p":{"x":0,"y":0,"z":0,"immediateRender":false}}],"i2d:plane":[{"dur":3,"p":{"x":0,"y":0,"immediateRender":false}}],"i2d:zoom_plane":[{"dur":3,"p":{"rotation":0,"svgOrigin":"0% 0%","immediateRender":false}}]}}}},
[21:43:35.540] {"t":"camera3d","f":"yawflyTo","a":{"r":1.57,"d":3}},
[21:43:35.577] "/stocks:/i3d-jsonmodels:phonghead_kfb/i2d-scene:mf2d0/grid:/ui-msgbg:/shot-anim:scope51",
[21:43:35.578] "//////shot-anim:scope51",
[21:43:35.578] {"delta":{"timeline":{"p":{"paused":true,"repeat":0},"actors":{"i3d:csphere:rotation":[{"dur":3,"p":{"y":1.57,"immediateRender":false}}]}}}},
[21:43:50.554] {"t":"camera3d","f":"yawflyBy","a":{"r":-0.7854,"d":3}},
[21:43:50.568] "/stocks:/i3d-jsonmodels:phonghead_kfb/i2d-scene:mf2d0/grid:/ui-msgbg:/shot-anim:scope52",
[21:43:50.569] "//////shot-anim:scope52",
[21:43:50.569] {"delta":{"timeline":{"p":{"paused":true,"repeat":0},"actors":{"i3d:csphere:rotation":[{"dur":3,"p":{"y":0.7846000000000001,"immediateRender":false}}]}}}},
[21:44:00.561] {"t":"camera3d","f":"yawflyBy","a":{"r":-0.7854,"d":3}},
[21:44:00.566] "//////shot-anim:scope53",
[21:44:00.566] {"delta":{"timeline":{"p":{"paused":true,"repeat":0},"actors":{"i3d:csphere:rotation":[{"dur":3,"p":{"y":-0.0007999999999999119,"immediateRender":false}}]}}}},
[21:44:00.566] "/stocks:/i3d-jsonmodels:phonghead_kfb/i2d-scene:mf2d0/grid:/ui-msgbg:/shot-anim:scope53",
[21:44:15.540] {"t":"camera3d","f":"pitchflyTo","a":{"r":-1.57,"d":3}},
[21:44:15.573] {"delta":{"timeline":{"p":{"paused":true,"repeat":0},"actors":{"i3d:csphere:rotation":[{"dur":3,"p":{"x":-1.57,"immediateRender":false}}]}}}},
[21:44:15.573] "/stocks:/i3d-jsonmodels:phonghead_kfb/i2d-scene:mf2d0/grid:/ui-msgbg:/shot-anim:scope54",
[21:44:15.573] "//////shot-anim:scope54",
[21:44:30.543] {"t":"camera3d","f":"pitchflyBy","a":{"r":0.7854,"d":3}},
[21:44:30.566] "/stocks:/i3d-jsonmodels:phonghead_kfb/i2d-scene:mf2d0/grid:/ui-msgbg:/shot-anim:scope55",
[21:44:30.566] "//////shot-anim:scope55",
[21:44:30.566] {"delta":{"timeline":{"p":{"paused":true,"repeat":0},"actors":{"i3d:csphere:rotation":[{"dur":3,"p":{"x":-0.7846000000000001,"immediateRender":false}}]}}}},
[21:44:40.561] {"t":"camera3d","f":"pitchflyBy","a":{"r":0.7854,"d":3}},
[21:44:40.563] "/stocks:/i3d-jsonmodels:phonghead_kfb/i2d-scene:mf2d0/grid:/ui-msgbg:/shot-anim:scope56",
[21:44:40.563] {"delta":{"timeline":{"p":{"paused":true,"repeat":0},"actors":{"i3d:csphere:rotation":[{"dur":3,"p":{"x":0.0007999999999999119,"immediateRender":false}}]}}}},
[21:44:40.563] "//////shot-anim:scope56",
[21:44:55.543] {"t":"camera3d","f":"dollyflyTo","a":{"x":20,"y":-20,"z":-30,"d":3}},
[21:44:55.570] "/stocks:/i3d-jsonmodels:phonghead_kfb/i2d-scene:mf2d0/grid:/ui-msgbg:/shot-anim:scope57",
[21:44:55.571] {"delta":{"timeline":{"p":{"paused":true,"repeat":0},"actors":{"i3d:csphere:position":[{"dur":3,"p":{"x":20,"y":-20,"z":-30,"immediateRender":false}}]}}}},
[21:44:55.571] "//////shot-anim:scope57",
[21:45:05.543] {"t":"camera3d","f":"dollyflyTo","a":{"x":0,"y":0,"z":30,"d":6}},
[21:45:05.592] "/stocks:/i3d-jsonmodels:phonghead_kfb/i2d-scene:mf2d0/grid:/ui-msgbg:/shot-anim:scope58",
[21:45:05.592] "//////shot-anim:scope58",
[21:45:05.592] {"delta":{"timeline":{"p":{"paused":true,"repeat":0},"actors":{"i3d:csphere:position":[{"dur":6,"p":{"x":20,"y":-20,"z":30,"immediateRender":false}}]}}}},
[21:45:20.543] {"t":"camera3d","f":"tiltflyBy","a":{"r":0.7854,"d":3}},
[21:45:20.564] "/stocks:/i3d-jsonmodels:phonghead_kfb/i2d-scene:mf2d0/grid:/ui-msgbg:/shot-anim:scope59",
[21:45:20.564] "//////shot-anim:scope59",
[21:45:20.564] {"delta":{"timeline":{"p":{"paused":true,"repeat":0},"actors":{"i3d:camera:rotation":[{"dur":3,"p":{"x":0.7854,"immediateRender":false}}]}}}},
[21:45:30.544] {"t":"camera3d","f":"zoomflyTo","a":{"s":2,"d":3}},
[21:45:30.586] "/stocks:/i3d-jsonmodels:phonghead_kfb/i2d-scene:mf2d0/grid:/ui-msgbg:/shot-anim:scope60",
[21:45:30.587] "//////shot-anim:scope60",
[21:45:30.587] {"delta":{"timeline":{"p":{"paused":true,"repeat":0},"actors":{"i3d:csphere:scale":[{"dur":3,"p":{"x":2,"y":2,"z":2,"immediateRender":false}}]}}}},
[21:45:40.544] {"t":"camera3d","f":"home","a":{"d":3}},
[21:45:40.577] "/stocks:/i3d-jsonmodels:phonghead_kfb/i2d-scene:mf2d0/grid:/ui-msgbg:/shot-anim:scope61",
[21:45:40.577] "//////shot-anim:scope61",
[21:45:40.577] {"delta":{"timeline":{"p":{"paused":true,"repeat":0},"actors":{"i3d:camera:rotation":[{"dur":3,"p":{"x":0,"y":0,"z":0,"immediateRender":false}}],"i3d:csphere:position":[{"dur":3,"p":{"x":0,"y":0,"z":0,"immediateRender":false}}],"i3d:csphere:scale":[{"dur":3,"p":{"x":1,"y":1,"z":1,"immediateRender":false}}],"i3d:csphere:rotation":[{"dur":3,"p":{"x":0,"y":0,"z":0,"immediateRender":false}}],"i2d:plane":[{"dur":3,"p":{"x":0,"y":0,"immediateRender":false}}],"i2d:zoom_plane":[{"dur":3,"p":{"rotation":0,"scale":1,"svgOrigin":"0% 0%","immediateRender":false}}]}}}},
