[19:29:38.284] {"t":"camera3d","f":"place","a":12},
[19:29:38.377] {"t":"camerasphere","f":"children","a":1},
[19:29:38.377] {"t":"camerasphere","f":"create","a":"csphere"},
[19:30:02.479] {"a":"$location===mediator.location is\n              true"},
[19:30:02.499] {"a":"mediator[action.t] = [object Object]"},
[19:30:02.499] {"a":"target = [object Object]"},
[19:30:02.499] {"a":"~~~~ change_state() url = /a:/i3d-simple:simple_green/i2d-scene:disks0/base-skycube:test_cube/ui-msgbg:/LS"},
[19:30:02.499] {"a":"~~~~ change_state() this.prev_url = ^"},
[19:30:02.500] {"a":"this.terms has term[0] = scene"},
[19:30:02.500] {"a":"params[scene] = a:"},
[19:30:02.501] "abs_values[0] = a:",
[19:30:02.501] {"a":"this.terms has term[1] = i3d"},
[19:30:02.501] {"a":"params[i3d] = i3d-simple:simple_green"},
[19:30:02.501] "abs_values[1] = i3d-simple:simple_green",
[19:30:02.501] {"a":"this.terms has term[2] = i2d"},
[19:30:02.502] {"a":"params[i2d] = i2d-scene:disks0"},
[19:30:02.502] "abs_values[2] = i2d-scene:disks0",
[19:30:02.502] {"a":"this.terms has term[3] = base"},
[19:30:02.503] {"a":"params[base] = base-skycube:test_cube"},
[19:30:02.504] "abs_values[3] = base-skycube:test_cube",
[19:30:02.505] {"a":"this.terms has term[4] = ui"},
[19:30:02.505] {"a":"params[ui] = ui-msgbg:"},
[19:30:02.505] "abs_values[4] = ui-msgbg:",
[19:30:02.505] {"a":"this.terms has term[5] = shot"},
[19:30:02.505] {"a":"params[shot] = LS"},
[19:30:02.505] "abs_values[5] = LS",
[19:30:02.506] {"a":"ch_st(): $location.url(/a:/i3d-simple:simple_green/i2d-scene:disks0/base-skycube:test_cube//LS)"},
[19:30:02.506] {"t":"mediator","f":"socket.emit.actions","a":{"t":"narrative","f":"change_scene","a":"a"}},
[19:30:02.914] {"t":"Mediator","f":"component","a":"narrative"},
[19:30:02.915] {"t":"app","f":"onEnter","a":{"name":"a:"}},
[19:30:02.915] {"t":"app","f":"onEnter","a":{"name":"i3d-simple:simple_green"}},
[19:30:02.915] {"t":"camera3d","f":"changeTemplateScene"},
[19:30:02.915] {"t":"app","f":"onEnter","a":{"name":"i2d-scene:disks0"}},
[19:30:02.916] {"t":"app","f":"onEnter","a":{"name":"base-skycube:test_cube"}},
[19:30:02.916] {"t":"app","f":"onEnter","a":{"name":"LS"}},
[19:30:02.916] {"t":"timeline","f":"play"},
[19:30:02.917] {"t":"camera3d","f":"addActorToScene","a":"csphere"},
[19:30:02.918] {"t":"camera3d","f":"addActorToScene","a":"axes0"},
[19:30:02.918] {"a":"$location===mediator.location is\n              true"},
[19:30:02.919] {"a":"mediator[action.t] = [object Object]"},
[19:30:02.919] {"a":"target = [object Object]"},
[19:30:03.174] {"t":"camera3d","f":"addActorToScene","a":"cube0"},
[19:30:17.478] {"a":"$location===mediator.location is\n              true"},
[19:30:17.487] {"a":"mediator[action.t] = [object Object]"},
[19:30:17.487] {"a":"target = [object Object]"},
[19:30:17.487] {"a":"~~~~ change_state() url = /a0:/i3d-simple:simple_green/i2d-scene:disks0/base-skycube:test_cube/ui-msgbg:/shot-graft:scope1"},
[19:30:17.487] {"a":"~~~~ change_state() this.prev_url = /a:/i3d-simple:simple_green/i2d-scene:disks0/base-skycube:test_cube//LS"},
[19:30:17.487] {"a":"this.terms has term[0] = scene"},
[19:30:17.488] {"a":"params[scene] = a0:"},
[19:30:17.488] "abs_values[0] = a0:",
[19:30:17.488] {"a":"this.terms has term[1] = i3d"},
[19:30:17.488] {"a":"params[i3d] = i3d-simple:simple_green"},
[19:30:17.488] "abs_values[1] = i3d-simple:simple_green",
[19:30:17.489] {"a":"this.terms has term[2] = i2d"},
[19:30:17.489] {"a":"params[i2d] = i2d-scene:disks0"},
[19:30:17.489] "abs_values[2] = i2d-scene:disks0",
[19:30:17.489] {"a":"this.terms has term[3] = base"},
[19:30:17.490] {"a":"params[base] = base-skycube:test_cube"},
[19:30:17.490] "abs_values[3] = base-skycube:test_cube",
[19:30:17.490] {"a":"this.terms has term[4] = ui"},
[19:30:17.490] {"a":"params[ui] = ui-msgbg:"},
[19:30:17.490] "abs_values[4] = ui-msgbg:",
[19:30:17.491] {"a":"this.terms has term[5] = shot"},
[19:30:17.491] {"a":"params[shot] = shot-graft:scope1"},
[19:30:17.491] "abs_values[5] = shot-graft:scope1",
[19:30:17.491] {"a":"ch_st(): $location.url(/a0://///shot-graft:scope1)"},
[19:30:17.491] {"t":"mediator","f":"socket.emit.actions","a":{"t":"narrative","f":"change_scene","a":"a0"}},
[19:30:17.687] {"t":"Mediator","f":"component","a":"narrative"},
[19:30:17.689] {"t":"app","f":"onEnter","a":{"name":"a0:"}},
[19:30:17.690] {"t":"app","f":"onEnter","a":{"name":"shot-graft:scope1"}},
[19:30:17.690] {"t":"timeline","f":"play"},
[19:30:17.690] {"t":"camera3d","f":"addActorToScene","a":"cube0_3"},
[19:30:17.692] {"t":"camera3d","f":"addActorToScene","a":"cube0_2"},
[19:30:27.480] {"a":"$location===mediator.location is\n              true"},
[19:30:27.493] {"a":"mediator[action.t] = [object Object]"},
[19:30:27.494] {"a":"target = [object Object]"},
[19:30:27.494] {"a":"~~~~ change_state() url = /a1:/i3d-simple:simple_green/i2d-scene:disks0/base-skycube:test_cube/ui-msgbg:/shot-graft:scope2"},
[19:30:27.494] {"a":"~~~~ change_state() this.prev_url = /a0://///shot-graft:scope1"},
[19:30:27.495] {"a":"this.terms has term[0] = scene"},
[19:30:27.495] {"a":"params[scene] = a1:"},
[19:30:27.495] "abs_values[0] = a1:",
[19:30:27.497] {"a":"this.terms has term[1] = i3d"},
[19:30:27.498] {"a":"params[i3d] = i3d-simple:simple_green"},
[19:30:27.498] "abs_values[1] = i3d-simple:simple_green",
[19:30:27.499] {"a":"this.terms has term[2] = i2d"},
[19:30:27.499] {"a":"params[i2d] = i2d-scene:disks0"},
[19:30:27.499] "abs_values[2] = i2d-scene:disks0",
[19:30:27.499] {"a":"this.terms has term[3] = base"},
[19:30:27.499] {"a":"params[base] = base-skycube:test_cube"},
[19:30:27.500] "abs_values[3] = base-skycube:test_cube",
[19:30:27.500] {"a":"this.terms has term[4] = ui"},
[19:30:27.500] {"a":"params[ui] = ui-msgbg:"},
[19:30:27.500] "abs_values[4] = ui-msgbg:",
[19:30:27.500] {"a":"this.terms has term[5] = shot"},
[19:30:27.500] {"a":"params[shot] = shot-graft:scope2"},
[19:30:27.500] "abs_values[5] = shot-graft:scope2",
[19:30:27.501] {"a":"ch_st(): $location.url(/a1://///shot-graft:scope2)"},
[19:30:27.501] {"t":"mediator","f":"socket.emit.actions","a":{"t":"narrative","f":"change_scene","a":"a1"}},
[19:30:27.613] {"t":"Mediator","f":"component","a":"narrative"},
[19:30:27.613] {"t":"app","f":"onEnter","a":{"name":"a1:"}},
[19:30:27.613] {"t":"app","f":"onEnter","a":{"name":"shot-graft:scope2"}},
[19:30:27.613] {"t":"timeline","f":"play"},
[19:30:27.614] {"t":"camera3d","f":"addActorToScene","a":"s0_2_0"},
[19:30:27.615] {"t":"camera3d","f":"addActorToScene","a":"s0_2_1"},
[19:30:27.615] {"a":"$location===mediator.location is\n              true"},
[19:30:27.616] {"a":"target = [object Object]"},
[19:30:27.615] {"a":"mediator[action.t] = [object Object]"},
[19:30:37.474] {"a":"$location===mediator.location is\n              true"},
[19:30:37.482] {"a":"mediator[action.t] = [object Object]"},
[19:30:37.482] {"a":"target = [object Object]"},
[19:30:42.486] {"a":"$location===mediator.location is\n              true"},
[19:30:42.503] {"a":"mediator[action.t] = [object Object]"},
[19:30:42.506] {"a":"target = [object Object]"},
[19:30:42.507] {"a":"~~~~ change_state() url = /a2:/i3d-simple:simple_green/i2d-scene:disks0/base-skycube:test_cube/ui-msgbg:/shot-graft:scope3"},
[19:30:42.507] {"a":"~~~~ change_state() this.prev_url = /a1://///shot-graft:scope2"},
[19:30:42.508] {"a":"this.terms has term[0] = scene"},
[19:30:42.509] {"a":"params[scene] = a2:"},
[19:30:42.510] "abs_values[0] = a2:",
[19:30:42.510] {"a":"this.terms has term[1] = i3d"},
[19:30:42.511] {"a":"params[i3d] = i3d-simple:simple_green"},
[19:30:42.511] "abs_values[1] = i3d-simple:simple_green",
[19:30:42.513] {"a":"this.terms has term[2] = i2d"},
[19:30:42.515] {"a":"params[i2d] = i2d-scene:disks0"},
[19:30:42.517] "abs_values[2] = i2d-scene:disks0",
[19:30:42.518] {"a":"this.terms has term[3] = base"},
[19:30:42.518] {"a":"params[base] = base-skycube:test_cube"},
[19:30:42.519] "abs_values[3] = base-skycube:test_cube",
[19:30:42.519] {"a":"this.terms has term[4] = ui"},
[19:30:42.520] {"a":"params[ui] = ui-msgbg:"},
[19:30:42.520] "abs_values[4] = ui-msgbg:",
[19:30:42.520] {"a":"this.terms has term[5] = shot"},
[19:30:42.520] {"a":"params[shot] = shot-graft:scope3"},
[19:30:42.521] "abs_values[5] = shot-graft:scope3",
[19:30:42.521] {"a":"ch_st(): $location.url(/a2://///shot-graft:scope3)"},
[19:30:42.521] {"t":"mediator","f":"socket.emit.actions","a":{"t":"narrative","f":"change_scene","a":"a2"}},
[19:30:42.573] {"t":"Mediator","f":"component","a":"narrative"},
[19:30:42.574] {"t":"app","f":"onEnter","a":{"name":"a2:"}},
[19:30:42.574] {"t":"app","f":"onEnter","a":{"name":"shot-graft:scope3"}},
[19:30:42.574] {"t":"timeline","f":"play"},
[19:30:52.481] {"a":"$location===mediator.location is\n              true"},
[19:30:52.512] {"a":"mediator[action.t] = [object Object]"},
[19:30:52.512] {"a":"target = [object Object]"},
[19:30:52.512] {"a":"$location===mediator.location is\n              true"},
[19:30:52.512] {"a":"mediator[action.t] = [object Object]"},
[19:30:52.512] {"a":"target = [object Object]"},
[19:30:52.512] {"t":"narrative","f":"shot","a":{"delta":{"timeline":{"p":{"paused":true,"repeat":0},"actors":{"i3d:csphere:position":[{"dur":4,"p":{"x":10,"y":10,"z":-20,"immediateRender":false}}]}}}}},
[19:30:52.513] {"a":"~~~~ change_state() url = /a2:/i3d-simple:simple_green/i2d-scene:disks0/base-skycube:test_cube/ui-msgbg:/shot-anim:scope4"},
[19:30:52.513] {"a":"~~~~ change_state() this.prev_url = /a2://///shot-graft:scope3"},
[19:30:52.513] {"a":"this.terms has term[0] = scene"},
[19:30:52.513] {"a":"params[scene] = a2:"},
[19:30:52.513] "abs_values[0] = a2:",
[19:30:52.513] {"a":"this.terms has term[1] = i3d"},
[19:30:52.513] {"a":"params[i3d] = i3d-simple:simple_green"},
[19:30:52.513] "abs_values[1] = i3d-simple:simple_green",
[19:30:52.514] {"a":"this.terms has term[2] = i2d"},
[19:30:52.514] {"a":"params[i2d] = i2d-scene:disks0"},
[19:30:52.514] "abs_values[2] = i2d-scene:disks0",
[19:30:52.514] {"a":"this.terms has term[3] = base"},
[19:30:52.514] {"a":"params[base] = base-skycube:test_cube"},
[19:30:52.515] "abs_values[3] = base-skycube:test_cube",
[19:30:52.515] {"a":"this.terms has term[4] = ui"},
[19:30:52.515] {"a":"params[ui] = ui-msgbg:"},
[19:30:52.515] "abs_values[4] = ui-msgbg:",
[19:30:52.515] {"a":"this.terms has term[5] = shot"},
[19:30:52.515] {"a":"params[shot] = shot-anim:scope4"},
[19:30:52.515] "abs_values[5] = shot-anim:scope4",
[19:30:52.515] {"a":"ch_st(): $location.url(//////shot-anim:scope4)"},
[19:30:52.536] {"t":"app","f":"onEnter","a":{"name":"shot-anim:scope4"}},
[19:30:52.536] {"t":"timeline","f":"play"},
[19:30:52.536] {"t":"Mediator","f":"component","a":"narrative"},
[19:30:52.516] {"t":"mediator","f":"socket.emit.actions","a":{"t":"camera3d","f":"dollyflyTo","a":{"x":10,"y":10,"z":-20,"d":4}}},
[19:30:56.489] {"a":"$location===mediator.location is\n              true"},
[19:30:56.497] {"a":"mediator[action.t] = [object Object]"},
[19:30:56.497] {"a":"target = [object Object]"},
[19:31:02.512] {"a":"$location===mediator.location is\n              true"},
[19:31:02.524] {"a":"mediator[action.t] = [object Object]"},
[19:31:02.526] {"a":"target = [object Object]"},
[19:31:02.526] {"a":"~~~~ change_state() url = /payments:/i3d-simple:phong_head_sphere_kfb/i2d-empty:/black:/ui-msgbg:/CU:"},
[19:31:02.529] {"a":"~~~~ change_state() this.prev_url = //////shot-anim:scope4"},
[19:31:02.529] {"a":"this.terms has term[0] = scene"},
[19:31:02.530] {"a":"params[scene] = payments:"},
[19:31:02.530] "abs_values[0] = payments:",
[19:31:02.530] {"a":"this.terms has term[1] = i3d"},
[19:31:02.530] {"a":"params[i3d] = i3d-simple:phong_head_sphere_kfb"},
[19:31:02.530] "abs_values[1] = i3d-simple:phong_head_sphere_kfb",
[19:31:02.530] {"a":"this.terms has term[2] = i2d"},
[19:31:02.530] {"a":"params[i2d] = i2d-empty:"},
[19:31:02.530] "abs_values[2] = i2d-empty:",
[19:31:02.531] {"a":"this.terms has term[3] = base"},
[19:31:02.531] {"a":"params[base] = black:"},
[19:31:02.531] "abs_values[3] = black:",
[19:31:02.531] {"a":"this.terms has term[4] = ui"},
[19:31:02.531] {"a":"params[ui] = ui-msgbg:"},
[19:31:02.531] "abs_values[4] = ui-msgbg:",
[19:31:02.531] {"a":"this.terms has term[5] = shot"},
[19:31:02.531] {"a":"params[shot] = CU:"},
[19:31:02.532] "abs_values[5] = CU:",
[19:31:02.532] {"a":"ch_st(): $location.url(/payments:/i3d-simple:phong_head_sphere_kfb/i2d-empty:/black://CU:)"},
[19:31:02.532] {"t":"mediator","f":"socket.emit.actions","a":{"t":"narrative","f":"change_scene","a":"payments"}},
[19:31:03.806] {"t":"Mediator","f":"component","a":"narrative"},
[19:31:03.806] {"t":"app","f":"onEnter","a":{"name":"payments:"}},
[19:31:03.806] {"t":"app","f":"onEnter","a":{"name":"i3d-simple:phong_head_sphere_kfb"}},
[19:31:03.806] {"t":"camera3d","f":"changeTemplateScene"},
[19:31:03.807] {"t":"app","f":"onEnter","a":{"name":"i2d-empty:"}},
[19:31:03.807] {"t":"app","f":"onEnter","a":{"name":"black:"}},
[19:31:03.807] {"t":"app","f":"onEnter","a":{"name":"CU:"}},
[19:31:03.807] {"t":"timeline","f":"play"},
[19:31:03.807] {"t":"camera3d","f":"addActorToScene","a":"sphere_phong"},
[19:31:03.807] {"t":"camera3d","f":"addActorToScene","a":"csphere"},
[19:31:03.817] {"t":"camera3d","f":"addActorToScene","a":"axes0"},
[19:31:03.817] {"t":"camera3d","f":"addActorToScene","a":"sphere_phong"},
[19:31:03.817] {"t":"camera3d","f":"addActorToScene","a":"key"},
[19:31:03.817] {"t":"camera3d","f":"addActorToScene","a":"fill"},
[19:31:03.817] {"t":"camera3d","f":"addActorToScene","a":"back"},
[19:31:03.818] {"t":"camera3d","f":"addActorToScene","a":"key"},
[19:31:03.818] {"t":"camera3d","f":"addActorToScene","a":"fill"},
[19:31:03.818] {"t":"camera3d","f":"addActorToScene","a":"back"},
[19:31:03.818] {"a":"$location===mediator.location is\n              true"},
[19:31:03.818] {"a":"mediator[action.t] = [object Object]"},
[19:31:03.818] {"a":"target = [object Object]"},
[19:31:04.002] {"t":"camera3d","f":"addActorToScene","a":"head_scan"},
[19:31:04.207] {"t":"camera3d","f":"addActorToScene","a":"head_scan"},
[19:31:17.514] {"a":"$location===mediator.location is\n              true"},
[19:31:17.516] {"a":"mediator[action.t] = [object Object]"},
[19:31:17.516] {"a":"target = [object Object]"},
[19:31:17.516] {"t":"mediator","f":"socket.emit.actions","a":{"t":"camera3d","f":"toggle_csphere","a":{"val":false}}},
[19:31:27.515] {"a":"$location===mediator.location is\n              true"},
[19:31:27.516] {"a":"mediator[action.t] = [object Object]"},
[19:31:27.517] {"a":"target = [object Object]"},
[19:31:27.517] {"t":"mediator","f":"socket.emit.actions","a":{"t":"camera3d","f":"toggle_csphere","a":{"val":true}}},
[19:31:42.516] {"a":"$location===mediator.location is\n              true"},
[19:31:42.517] {"a":"mediator[action.t] = [object Object]"},
[19:31:42.517] {"a":"target = [object Object]"},
[19:31:42.517] {"t":"mediator","f":"socket.emit.actions","a":{"t":"camera3d","f":"toggle_light","a":{"name":"key","val":false}}},
[19:31:52.517] {"a":"$location===mediator.location is\n              true"},
[19:31:52.518] {"a":"mediator[action.t] = [object Object]"},
[19:31:52.518] {"a":"target = [object Object]"},
[19:31:52.519] {"t":"mediator","f":"socket.emit.actions","a":{"t":"camera3d","f":"toggle_light","a":{"name":"fill","val":false}}},
[19:32:07.522] {"a":"$location===mediator.location is\n              true"},
[19:32:07.523] {"a":"mediator[action.t] = [object Object]"},
[19:32:07.523] {"a":"target = [object Object]"},
[19:32:07.523] {"t":"mediator","f":"socket.emit.actions","a":{"t":"camera3d","f":"toggle_light","a":{"name":"back","val":false}}},
[19:32:22.518] {"a":"$location===mediator.location is\n              true"},
[19:32:22.520] {"a":"mediator[action.t] = [object Object]"},
[19:32:22.520] {"a":"target = [object Object]"},
[19:32:22.520] {"t":"mediator","f":"socket.emit.actions","a":{"t":"camera3d","f":"toggle_light","a":{"name":"key","val":true}}},
[19:32:37.523] {"a":"$location===mediator.location is\n              true"},
[19:32:37.525] {"a":"mediator[action.t] = [object Object]"},
[19:32:37.525] {"a":"target = [object Object]"},
[19:32:37.525] {"t":"mediator","f":"socket.emit.actions","a":{"t":"camera3d","f":"toggle_light","a":{"name":"fill","val":true}}},
[19:32:47.524] {"a":"$location===mediator.location is\n              true"},
[19:32:47.526] {"a":"mediator[action.t] = [object Object]"},
[19:32:47.526] {"a":"target = [object Object]"},
[19:32:47.526] {"t":"mediator","f":"socket.emit.actions","a":{"t":"camera3d","f":"toggle_light","a":{"name":"back","val":true}}},
[19:33:02.528] {"a":"$location===mediator.location is\n              true"},
[19:33:02.560] {"a":"mediator[action.t] = [object Object]"},
[19:33:02.561] {"a":"target = [object Object]"},
[19:33:02.561] {"a":"~~~~ change_state() url = /a:/i3d-simple:simple_green/i2d-scene:disks0/base-skycube:test_cube/ui-msgbg:/LS"},
[19:33:02.561] {"a":"~~~~ change_state() this.prev_url = /payments:/i3d-simple:phong_head_sphere_kfb/i2d-empty:/black://CU:"},
[19:33:02.561] {"a":"this.terms has term[0] = scene"},
[19:33:02.562] {"a":"params[scene] = a:"},
[19:33:02.562] "abs_values[0] = a:",
[19:33:02.562] {"a":"this.terms has term[1] = i3d"},
[19:33:02.562] {"a":"params[i3d] = i3d-simple:simple_green"},
[19:33:02.562] "abs_values[1] = i3d-simple:simple_green",
[19:33:02.562] {"a":"this.terms has term[2] = i2d"},
[19:33:02.562] {"a":"params[i2d] = i2d-scene:disks0"},
[19:33:02.562] "abs_values[2] = i2d-scene:disks0",
[19:33:02.562] {"a":"this.terms has term[3] = base"},
[19:33:02.562] {"a":"params[base] = base-skycube:test_cube"},
[19:33:02.563] "abs_values[3] = base-skycube:test_cube",
[19:33:02.563] {"a":"this.terms has term[4] = ui"},
[19:33:02.564] {"a":"params[ui] = ui-msgbg:"},
[19:33:02.564] "abs_values[4] = ui-msgbg:",
[19:33:02.564] {"a":"this.terms has term[5] = shot"},
[19:33:02.565] {"a":"params[shot] = LS"},
[19:33:02.565] "abs_values[5] = LS",
[19:33:02.565] {"a":"ch_st(): $location.url(/a:/i3d-simple:simple_green/i2d-scene:disks0/base-skycube:test_cube//LS)"},
[19:33:02.566] {"t":"mediator","f":"socket.emit.actions","a":{"t":"narrative","f":"change_scene","a":"a"}},
[19:33:02.889] {"t":"Mediator","f":"component","a":"narrative"},
[19:33:02.889] {"t":"app","f":"onEnter","a":{"name":"a:"}},
[19:33:02.890] {"t":"app","f":"onEnter","a":{"name":"i3d-simple:simple_green"}},
[19:33:02.890] {"t":"camera3d","f":"changeTemplateScene"},
[19:33:02.895] {"t":"app","f":"onEnter","a":{"name":"i2d-scene:disks0"}},
[19:33:02.895] {"t":"app","f":"onEnter","a":{"name":"base-skycube:test_cube"}},
[19:33:02.895] {"t":"app","f":"onEnter","a":{"name":"LS"}},
[19:33:02.895] {"t":"timeline","f":"play"},
[19:33:02.895] {"t":"camera3d","f":"addActorToScene","a":"csphere"},
[19:33:02.896] {"t":"camera3d","f":"addActorToScene","a":"axes0"},
[19:33:02.896] {"a":"$location===mediator.location is\n              true"},
[19:33:02.896] {"a":"mediator[action.t] = [object Object]"},
[19:33:02.897] {"a":"target = [object Object]"},
[19:33:03.028] {"t":"camera3d","f":"addActorToScene","a":"cube0"},
[19:33:03.030] {"t":"camera3d","f":"addActorToScene","a":"cube0"},
[19:33:03.031] {"t":"camera3d","f":"addActorToScene","a":"cube0"},
[19:33:17.528] {"a":"$location===mediator.location is\n              true"},
[19:33:17.540] {"a":"mediator[action.t] = [object Object]"},
[19:33:17.540] {"a":"target = [object Object]"},
[19:33:17.541] {"a":"~~~~ change_state() url = /a:/i3d-simple:simple_green/i2d-scene:disks0/base-skycube:test_cube/ui-msgbg:/shot-graft:scope7"},
[19:33:17.541] {"a":"~~~~ change_state() this.prev_url = /a:/i3d-simple:simple_green/i2d-scene:disks0/base-skycube:test_cube//LS"},
[19:33:17.541] {"a":"this.terms has term[0] = scene"},
[19:33:17.541] {"a":"params[scene] = a:"},
[19:33:17.541] "abs_values[0] = a:",
[19:33:17.541] {"a":"this.terms has term[1] = i3d"},
[19:33:17.541] {"a":"params[i3d] = i3d-simple:simple_green"},
[19:33:17.541] "abs_values[1] = i3d-simple:simple_green",
[19:33:17.542] {"a":"this.terms has term[2] = i2d"},
[19:33:17.542] {"a":"params[i2d] = i2d-scene:disks0"},
[19:33:17.542] "abs_values[2] = i2d-scene:disks0",
[19:33:17.542] {"a":"this.terms has term[3] = base"},
[19:33:17.542] {"a":"params[base] = base-skycube:test_cube"},
[19:33:17.542] "abs_values[3] = base-skycube:test_cube",
[19:33:17.542] {"a":"this.terms has term[4] = ui"},
[19:33:17.543] {"a":"params[ui] = ui-msgbg:"},
[19:33:17.543] "abs_values[4] = ui-msgbg:",
[19:33:17.543] {"a":"this.terms has term[5] = shot"},
[19:33:17.543] {"a":"params[shot] = shot-graft:scope7"},
[19:33:17.543] "abs_values[5] = shot-graft:scope7",
[19:33:17.543] {"a":"ch_st(): $location.url(//////shot-graft:scope7)"},
[19:33:17.543] {"t":"mediator","f":"socket.emit.actions","a":{"t":"narrative","f":"shot","a":"shot-graft:{\"delta\":{\"timeline\":{\"p\":{\"repeat\":0},\"actors\":{\"i3d:cube0:scale\":[{\"dur\":10,\"p\":{\"x\":0.5,\"y\":0.5,\"z\":0.5}}]}},\"branches\":{\"cube0\":{\"children\":{\"cube0_2\":{\"form\":{\"type\":\"'cube.i3d'\",\"x\":0,\"y\":0,\"z\":0,\"textureurl\":\"./images/sky.jpg\",\"w\":5,\"h\":10,\"d\":10,\"color\":\"blue\",\"transparent\":true,\"opacity\":1},\"transform\":{\"t\":[-20,-10,0],\"s\":[0.01,0.01,0.01]},\"children\":{}},\"cube0_3\":{\"form\":{\"type\":\"'cube.i3d'\",\"x\":0,\"y\":-20,\"z\":0,\"textureurl\":\"sky_jpg\",\"w\":5,\"h\":10,\"d\":10,\"color\":\"blue\",\"transparent\":true,\"opacity\":1},\"transform\":{\"t\":[20,0,0],\"s\":[0.01,0.01,0.01]},\"children\":{}}}}}}}"}},
[19:33:17.817] {"t":"Mediator","f":"component","a":"narrative"},
[19:33:17.818] {"t":"app","f":"onEnter","a":{"name":"shot-graft:scope7"}},
[19:33:17.819] {"t":"timeline","f":"play"},
[19:33:17.820] {"t":"camera3d","f":"addActorToScene","a":"cube0_3"},
[19:33:17.820] {"t":"camera3d","f":"addActorToScene","a":"cube0_3"},
[19:33:17.828] {"t":"camera3d","f":"addActorToScene","a":"cube0_2"},
[19:33:17.828] {"t":"camera3d","f":"addActorToScene","a":"cube0_2"},
[19:33:27.539] {"a":"$location===mediator.location is\n              true"},
[19:33:27.556] {"a":"mediator[action.t] = [object Object]"},
[19:33:27.556] {"a":"target = [object Object]"},
[19:33:32.532] {"a":"$location===mediator.location is\n              true"},
[19:33:32.547] {"a":"mediator[action.t] = [object Object]"},
[19:33:32.547] {"a":"target = [object Object]"},
[19:33:32.547] {"a":"~~~~ change_state() url = /a:/i3d-simple:simple_green/i2d-scene:disks0/base-skycube:test_cube/ui-msgbg:/shot-graft:scope8"},
[19:33:32.547] {"a":"~~~~ change_state() this.prev_url = //////shot-graft:scope7"},
[19:33:32.548] {"a":"this.terms has term[0] = scene"},
[19:33:32.548] {"a":"params[scene] = a:"},
[19:33:32.548] "abs_values[0] = a:",
[19:33:32.548] {"a":"this.terms has term[1] = i3d"},
[19:33:32.548] {"a":"params[i3d] = i3d-simple:simple_green"},
[19:33:32.548] "abs_values[1] = i3d-simple:simple_green",
[19:33:32.548] {"a":"this.terms has term[2] = i2d"},
[19:33:32.548] {"a":"params[i2d] = i2d-scene:disks0"},
[19:33:32.548] "abs_values[2] = i2d-scene:disks0",
[19:33:32.548] {"a":"this.terms has term[3] = base"},
[19:33:32.548] {"a":"params[base] = base-skycube:test_cube"},
[19:33:32.549] "abs_values[3] = base-skycube:test_cube",
[19:33:32.549] {"a":"this.terms has term[4] = ui"},
[19:33:32.549] {"a":"params[ui] = ui-msgbg:"},
[19:33:32.549] "abs_values[4] = ui-msgbg:",
[19:33:32.549] {"a":"this.terms has term[5] = shot"},
[19:33:32.549] {"a":"params[shot] = shot-graft:scope8"},
[19:33:32.549] "abs_values[5] = shot-graft:scope8",
[19:33:32.549] {"a":"ch_st(): $location.url(//////shot-graft:scope8)"},
[19:33:32.549] {"t":"mediator","f":"socket.emit.actions","a":{"t":"narrative","f":"shot","a":"shot-graft:{\"delta\":{\"timeline\":{\"p\":{\"repeat\":0},\"actors\":{\"i3d:cube0_2:scale\":[{\"dur\":10,\"p\":{\"x\":1,\"y\":1,\"z\":1}}],\"i3d:cube0_3:scale\":[{\"dur\":10,\"p\":{\"x\":1,\"y\":1,\"z\":1}}]}},\"branches\":{\"cube0_2\":{\"children\":{\"s0_2_0\":{\"form\":{\"type\":\"'sphere.i3d'\",\"r\":5,\"color\":\"blue\",\"transparent\":true,\"opacity\":0.8},\"transform\":{\"e\":[0,-0.785,0],\"t\":[-10,-10,0],\"s\":[0.01,0.01,0.01]},\"children\":{}},\"s0_2_1\":{\"form\":{\"type\":\"'sphere.i3d'\",\"r\":5,\"color\":\"blue\",\"transparent\":true,\"opacity\":0.8},\"transform\":{\"e\":[0,0.785,0],\"t\":[10,10,0],\"s\":[0.01,0.01,0.01]},\"children\":{}}}}}}}"}},
[19:33:32.778] {"t":"Mediator","f":"component","a":"narrative"},
[19:33:32.778] {"t":"app","f":"onEnter","a":{"name":"shot-graft:scope8"}},
[19:33:32.778] {"t":"timeline","f":"play"},
[19:33:32.778] {"t":"camera3d","f":"addActorToScene","a":"s0_2_1"},
[19:33:32.779] {"t":"camera3d","f":"addActorToScene","a":"s0_2_0"},
[19:33:32.778] {"t":"camera3d","f":"addActorToScene","a":"s0_2_0"},
[19:33:32.779] {"t":"camera3d","f":"addActorToScene","a":"s0_2_1"},
[19:33:42.554] {"a":"$location===mediator.location is\n              true"},
[19:33:42.604] {"a":"mediator[action.t] = [object Object]"},
[19:33:42.604] {"a":"target = [object Object]"},
[19:33:42.604] {"a":"$location===mediator.location is\n              true"},
[19:33:42.607] {"a":"mediator[action.t] = [object Object]"},
[19:33:42.609] {"a":"target = [object Object]"},
[19:33:42.610] {"a":"~~~~ change_state() url = /a:/i3d-simple:simple_green/i2d-scene:disks0/base-skycube:test_cube/ui-msgbg:/shot-graft:scope9"},
[19:33:42.610] {"a":"~~~~ change_state() this.prev_url = //////shot-graft:scope8"},
[19:33:42.610] {"a":"this.terms has term[0] = scene"},
[19:33:42.610] {"a":"params[scene] = a:"},
[19:33:42.610] "abs_values[0] = a:",
[19:33:42.610] {"a":"this.terms has term[1] = i3d"},
[19:33:42.611] {"a":"params[i3d] = i3d-simple:simple_green"},
[19:33:42.612] "abs_values[1] = i3d-simple:simple_green",
[19:33:42.613] {"a":"this.terms has term[2] = i2d"},
[19:33:42.613] {"a":"params[i2d] = i2d-scene:disks0"},
[19:33:42.613] "abs_values[2] = i2d-scene:disks0",
[19:33:42.613] {"a":"this.terms has term[3] = base"},
[19:33:42.613] {"a":"params[base] = base-skycube:test_cube"},
[19:33:42.613] "abs_values[3] = base-skycube:test_cube",
[19:33:42.613] {"a":"this.terms has term[4] = ui"},
[19:33:42.613] {"a":"params[ui] = ui-msgbg:"},
[19:33:42.613] "abs_values[4] = ui-msgbg:",
[19:33:42.614] {"a":"this.terms has term[5] = shot"},
[19:33:42.614] {"a":"params[shot] = shot-graft:scope9"},
[19:33:42.614] "abs_values[5] = shot-graft:scope9",
[19:33:42.614] {"a":"ch_st(): $location.url(//////shot-graft:scope9)"},
[19:33:42.614] {"t":"mediator","f":"socket.emit.actions","a":{"t":"narrative","f":"shot","a":"shot-graft:{\"delta\":{\"timeline\":{\"p\":{\"repeat\":0},\"actors\":{\"i3d:s0_2_0:scale\":[{\"dur\":10,\"p\":{\"x\":1,\"y\":1,\"z\":1}}],\"i3d:s0_2_1:scale\":[{\"dur\":10,\"p\":{\"x\":1,\"y\":1,\"z\":1}}]}},\"branches\":{}}}"}},
[19:33:42.620] {"t":"Mediator","f":"component","a":"narrative"},
[19:33:42.620] {"t":"app","f":"onEnter","a":{"name":"shot-graft:scope9"}},
[19:33:42.620] {"t":"timeline","f":"play"},
[19:33:52.586] {"a":"$location===mediator.location is\n              true"},
[19:33:52.617] {"a":"mediator[action.t] = [object Object]"},
[19:33:52.618] {"a":"target = [object Object]"},
[19:33:52.618] {"a":"$location===mediator.location is\n              true"},
[19:33:52.618] {"a":"mediator[action.t] = [object Object]"},
[19:33:52.618] {"a":"target = [object Object]"},
[19:33:52.618] {"t":"narrative","f":"shot","a":{"delta":{"timeline":{"p":{"paused":true,"repeat":0},"actors":{"i3d:camera:rotation":[{"dur":4,"p":{"y":0.7854,"immediateRender":false}}]}}}}},
[19:33:52.619] {"a":"~~~~ change_state() url = /a:/i3d-simple:simple_green/i2d-scene:disks0/base-skycube:test_cube/ui-msgbg:/shot-anim:scope10"},
[19:33:52.619] {"a":"~~~~ change_state() this.prev_url = //////shot-graft:scope9"},
[19:33:52.619] {"a":"this.terms has term[0] = scene"},
[19:33:52.619] {"a":"params[scene] = a:"},
[19:33:52.619] "abs_values[0] = a:",
[19:33:52.620] {"a":"this.terms has term[1] = i3d"},
[19:33:52.620] {"a":"params[i3d] = i3d-simple:simple_green"},
[19:33:52.620] "abs_values[1] = i3d-simple:simple_green",
[19:33:52.620] {"a":"this.terms has term[2] = i2d"},
[19:33:52.620] {"a":"params[i2d] = i2d-scene:disks0"},
[19:33:52.620] "abs_values[2] = i2d-scene:disks0",
[19:33:52.620] {"a":"this.terms has term[3] = base"},
[19:33:52.620] {"a":"params[base] = base-skycube:test_cube"},
[19:33:52.620] "abs_values[3] = base-skycube:test_cube",
[19:33:52.620] {"a":"this.terms has term[4] = ui"},
[19:33:52.620] {"a":"params[ui] = ui-msgbg:"},
[19:33:52.621] "abs_values[4] = ui-msgbg:",
[19:33:52.621] {"a":"this.terms has term[5] = shot"},
[19:33:52.621] {"a":"params[shot] = shot-anim:scope10"},
[19:33:52.621] "abs_values[5] = shot-anim:scope10",
[19:33:52.621] {"a":"ch_st(): $location.url(//////shot-anim:scope10)"},
[19:33:52.621] {"t":"mediator","f":"socket.emit.actions","a":{"t":"camera3d","f":"panflyTo","a":{"r":0.7854,"d":4}}},
[19:33:52.649] {"t":"Mediator","f":"component","a":"narrative"},
[19:33:52.649] {"t":"app","f":"onEnter","a":{"name":"shot-anim:scope10"}},
[19:33:52.649] {"t":"timeline","f":"play"},
[19:33:56.587] {"a":"$location===mediator.location is\n              true"},
[19:33:56.594] {"a":"mediator[action.t] = [object Object]"},
[19:33:56.594] {"a":"target = [object Object]"},
[19:34:07.536] {"a":"$location===mediator.location is\n              true"},
[19:34:07.559] {"a":"mediator[action.t] = [object Object]"},
[19:34:07.559] {"a":"target = [object Object]"},
[19:34:07.560] {"a":"~~~~ change_state() url = /footprint:/i3d-scene:scene1/i2d-empty:/escher:/ui-msgbg:/ECU:"},
[19:34:07.560] {"a":"~~~~ change_state() this.prev_url = //////shot-anim:scope10"},
[19:34:07.561] {"a":"this.terms has term[0] = scene"},
[19:34:07.561] {"a":"params[scene] = footprint:"},
[19:34:07.561] "abs_values[0] = footprint:",
[19:34:07.561] {"a":"this.terms has term[1] = i3d"},
[19:34:07.561] {"a":"params[i3d] = i3d-scene:scene1"},
[19:34:07.562] "abs_values[1] = i3d-scene:scene1",
[19:34:07.563] {"a":"this.terms has term[2] = i2d"},
[19:34:07.567] {"a":"params[i2d] = i2d-empty:"},
[19:34:07.568] "abs_values[2] = i2d-empty:",
[19:34:07.568] {"a":"this.terms has term[3] = base"},
[19:34:07.568] {"a":"params[base] = escher:"},
[19:34:07.568] "abs_values[3] = escher:",
[19:34:07.568] {"a":"this.terms has term[4] = ui"},
[19:34:07.568] {"a":"params[ui] = ui-msgbg:"},
[19:34:07.568] "abs_values[4] = ui-msgbg:",
[19:34:07.569] {"a":"this.terms has term[5] = shot"},
[19:34:07.569] {"a":"params[shot] = ECU:"},
[19:34:07.569] "abs_values[5] = ECU:",
[19:34:07.569] {"a":"ch_st(): $location.url(/footprint:/i3d-scene:scene1/i2d-empty:/escher://ECU:)"},
[19:34:07.570] {"t":"mediator","f":"socket.emit.actions","a":{"t":"narrative","f":"change_scene","a":"footprint"}},
[19:34:12.018] {"t":"Mediator","f":"component","a":"narrative"},
[19:34:12.019] {"t":"app","f":"onEnter","a":{"name":"footprint:"}},
[19:34:12.019] {"t":"app","f":"onEnter","a":{"name":"i3d-scene:scene1"}},
[19:34:12.019] {"t":"camera3d","f":"changeTemplateScene"},
[19:34:12.019] {"t":"app","f":"onEnter","a":{"name":"i2d-empty:"}},
[19:34:12.019] {"t":"app","f":"onEnter","a":{"name":"escher:"}},
[19:34:12.019] {"t":"app","f":"onEnter","a":{"name":"ECU:"}},
[19:34:12.020] {"t":"timeline","f":"play"},
[19:34:12.020] {"t":"camera3d","f":"addBillboardToScene","a":"bb_singular2"},
[19:34:12.020] {"t":"camera3d","f":"addBillboardToScene","a":"bb0"},
[19:34:12.020] {"t":"camera3d","f":"addBillboardToScene","a":"bb1"},
[19:34:12.020] {"t":"camera3d","f":"addBillboardToScene","a":"bb2"},
[19:34:12.021] {"t":"camera3d","f":"addBillboardToScene","a":"bb3"},
[19:34:12.021] {"t":"camera3d","f":"addBillboardToScene","a":"bb4"},
[19:34:12.021] {"t":"camera3d","f":"addBillboardToScene","a":"bb5"},
[19:34:12.021] {"t":"camera3d","f":"addBillboardToScene","a":"bb6"},
[19:34:12.021] {"t":"camera3d","f":"addBillboardToScene","a":"bb7"},
[19:34:12.021] {"t":"camera3d","f":"addBillboardToScene","a":"bb8"},
[19:34:12.021] {"t":"camera3d","f":"addBillboardToScene","a":"bb18"},
[19:34:12.022] {"t":"camera3d","f":"addBillboardToScene","a":"bb19"},
[19:34:12.022] {"t":"camera3d","f":"addBillboardToScene","a":"bb20"},
[19:34:12.022] {"t":"camera3d","f":"addBillboardToScene","a":"bb21"},
[19:34:12.022] {"t":"camera3d","f":"addBillboardToScene","a":"bb22"},
[19:34:12.022] {"t":"camera3d","f":"addBillboardToScene","a":"bb23"},
[19:34:12.022] {"t":"camera3d","f":"addBillboardToScene","a":"bb24"},
[19:34:12.023] {"t":"camera3d","f":"addBillboardToScene","a":"bb25"},
[19:34:12.023] {"t":"camera3d","f":"addBillboardToScene","a":"bb26"},
[19:34:12.023] {"t":"camera3d","f":"addBillboardToScene","a":"bb54"},
[19:34:12.023] {"t":"camera3d","f":"addBillboardToScene","a":"bb55"},
[19:34:12.024] {"t":"camera3d","f":"addBillboardToScene","a":"bb56"},
[19:34:12.024] {"t":"camera3d","f":"addBillboardToScene","a":"bb57"},
[19:34:12.024] {"t":"camera3d","f":"addBillboardToScene","a":"bb58"},
[19:34:12.025] {"t":"camera3d","f":"addBillboardToScene","a":"bb59"},
[19:34:12.025] {"t":"camera3d","f":"addBillboardToScene","a":"bb60"},
[19:34:12.025] {"t":"camera3d","f":"addBillboardToScene","a":"bb61"},
[19:34:12.025] {"t":"camera3d","f":"addBillboardToScene","a":"bb62"},
[19:34:12.025] {"t":"camera3d","f":"addBillboardToScene","a":"bb_singular2"},
[19:34:12.025] {"t":"camera3d","f":"addBillboardToScene","a":"bb0"},
[19:34:12.026] {"t":"camera3d","f":"addBillboardToScene","a":"bb1"},
[19:34:12.026] {"t":"camera3d","f":"addBillboardToScene","a":"bb2"},
[19:34:12.026] {"t":"camera3d","f":"addBillboardToScene","a":"bb3"},
[19:34:12.026] {"t":"camera3d","f":"addBillboardToScene","a":"bb4"},
[19:34:12.026] {"t":"camera3d","f":"addBillboardToScene","a":"bb5"},
[19:34:12.026] {"t":"camera3d","f":"addBillboardToScene","a":"bb6"},
[19:34:12.026] {"t":"camera3d","f":"addBillboardToScene","a":"bb7"},
[19:34:12.027] {"t":"camera3d","f":"addBillboardToScene","a":"bb8"},
[19:34:12.027] {"t":"camera3d","f":"addBillboardToScene","a":"bb18"},
[19:34:12.027] {"t":"camera3d","f":"addBillboardToScene","a":"bb19"},
[19:34:12.027] {"t":"camera3d","f":"addBillboardToScene","a":"bb20"},
[19:34:12.027] {"t":"camera3d","f":"addBillboardToScene","a":"bb21"},
[19:34:12.027] {"t":"camera3d","f":"addBillboardToScene","a":"bb22"},
[19:34:12.027] {"t":"camera3d","f":"addBillboardToScene","a":"bb23"},
[19:34:12.028] {"t":"camera3d","f":"addBillboardToScene","a":"bb24"},
[19:34:12.028] {"t":"camera3d","f":"addBillboardToScene","a":"bb25"},
[19:34:12.028] {"t":"camera3d","f":"addBillboardToScene","a":"bb26"},
[19:34:12.028] {"t":"camera3d","f":"addBillboardToScene","a":"bb54"},
[19:34:12.028] {"t":"camera3d","f":"addBillboardToScene","a":"bb55"},
[19:34:12.028] {"t":"camera3d","f":"addBillboardToScene","a":"bb56"},
[19:34:12.028] {"t":"camera3d","f":"addBillboardToScene","a":"bb57"},
[19:34:12.028] {"t":"camera3d","f":"addBillboardToScene","a":"bb58"},
[19:34:12.029] {"t":"camera3d","f":"addBillboardToScene","a":"bb59"},
[19:34:12.029] {"t":"camera3d","f":"addBillboardToScene","a":"bb60"},
[19:34:12.029] {"t":"camera3d","f":"addBillboardToScene","a":"bb61"},
[19:34:12.029] {"t":"camera3d","f":"addBillboardToScene","a":"bb62"},
[19:34:12.029] {"t":"camera3d","f":"addBillboardToScene","a":"bb_singular2"},
[19:34:12.031] {"t":"camera3d","f":"addBillboardToScene","a":"bb0"},
[19:34:12.031] {"t":"camera3d","f":"addBillboardToScene","a":"bb1"},
[19:34:12.032] {"t":"camera3d","f":"addBillboardToScene","a":"bb2"},
[19:34:12.032] {"t":"camera3d","f":"addBillboardToScene","a":"bb3"},
[19:34:12.032] {"t":"camera3d","f":"addBillboardToScene","a":"bb4"},
[19:34:12.032] {"t":"camera3d","f":"addBillboardToScene","a":"bb5"},
[19:34:12.033] {"t":"camera3d","f":"addBillboardToScene","a":"bb6"},
[19:34:12.033] {"t":"camera3d","f":"addBillboardToScene","a":"bb7"},
[19:34:12.033] {"t":"camera3d","f":"addBillboardToScene","a":"bb8"},
[19:34:12.033] {"t":"camera3d","f":"addBillboardToScene","a":"bb18"},
[19:34:12.033] {"t":"camera3d","f":"addBillboardToScene","a":"bb19"},
[19:34:12.035] {"t":"camera3d","f":"addBillboardToScene","a":"bb20"},
[19:34:12.036] {"t":"camera3d","f":"addBillboardToScene","a":"bb21"},
[19:34:12.036] {"t":"camera3d","f":"addBillboardToScene","a":"bb22"},
[19:34:12.036] {"t":"camera3d","f":"addBillboardToScene","a":"bb23"},
[19:34:12.036] {"t":"camera3d","f":"addBillboardToScene","a":"bb24"},
[19:34:12.036] {"t":"camera3d","f":"addBillboardToScene","a":"bb25"},
[19:34:12.037] {"t":"camera3d","f":"addBillboardToScene","a":"bb26"},
[19:34:12.037] {"t":"camera3d","f":"addBillboardToScene","a":"bb54"},
[19:34:12.037] {"t":"camera3d","f":"addBillboardToScene","a":"bb55"},
[19:34:12.037] {"t":"camera3d","f":"addBillboardToScene","a":"bb56"},
[19:34:12.038] {"t":"camera3d","f":"addBillboardToScene","a":"bb57"},
[19:34:12.038] {"t":"camera3d","f":"addBillboardToScene","a":"bb58"},
[19:34:12.038] {"t":"camera3d","f":"addBillboardToScene","a":"bb59"},
[19:34:12.038] {"t":"camera3d","f":"addBillboardToScene","a":"bb60"},
[19:34:12.038] {"t":"camera3d","f":"addBillboardToScene","a":"bb61"},
[19:34:12.038] {"t":"camera3d","f":"addBillboardToScene","a":"bb62"},
[19:34:12.039] {"t":"camera3d","f":"addActorToScene","a":"csphere"},
[19:34:12.039] {"t":"camera3d","f":"addBillboardToScene","a":"bb_singular2"},
[19:34:12.039] {"t":"camera3d","f":"addBillboardToScene","a":"bb0"},
[19:34:12.039] {"t":"camera3d","f":"addBillboardToScene","a":"bb1"},
[19:34:12.039] {"t":"camera3d","f":"addBillboardToScene","a":"bb2"},
[19:34:12.039] {"t":"camera3d","f":"addBillboardToScene","a":"bb3"},
[19:34:12.039] {"t":"camera3d","f":"addBillboardToScene","a":"bb4"},
[19:34:12.040] {"t":"camera3d","f":"addBillboardToScene","a":"bb5"},
[19:34:12.040] {"t":"camera3d","f":"addBillboardToScene","a":"bb6"},
[19:34:12.040] {"t":"camera3d","f":"addBillboardToScene","a":"bb7"},
[19:34:12.040] {"t":"camera3d","f":"addBillboardToScene","a":"bb8"},
[19:34:12.040] {"t":"camera3d","f":"addBillboardToScene","a":"bb18"},
[19:34:12.040] {"t":"camera3d","f":"addBillboardToScene","a":"bb19"},
[19:34:12.040] {"t":"camera3d","f":"addBillboardToScene","a":"bb20"},
[19:34:12.041] {"t":"camera3d","f":"addBillboardToScene","a":"bb21"},
[19:34:12.041] {"t":"camera3d","f":"addBillboardToScene","a":"bb22"},
[19:34:12.042] {"t":"camera3d","f":"addBillboardToScene","a":"bb25"},
[19:34:12.042] {"t":"camera3d","f":"addBillboardToScene","a":"bb24"},
[19:34:12.041] {"t":"camera3d","f":"addBillboardToScene","a":"bb23"},
[19:34:12.043] {"t":"camera3d","f":"addBillboardToScene","a":"bb57"},
[19:34:12.042] {"t":"camera3d","f":"addBillboardToScene","a":"bb56"},
[19:34:12.042] {"t":"camera3d","f":"addBillboardToScene","a":"bb54"},
[19:34:12.043] {"t":"camera3d","f":"addBillboardToScene","a":"bb59"},
[19:34:12.042] {"t":"camera3d","f":"addBillboardToScene","a":"bb26"},
[19:34:12.043] {"t":"camera3d","f":"addBillboardToScene","a":"bb60"},
[19:34:12.043] {"t":"camera3d","f":"addBillboardToScene","a":"bb61"},
[19:34:12.043] {"t":"camera3d","f":"addBillboardToScene","a":"bb62"},
[19:34:12.043] {"a":"$location===mediator.location is\n              true"},
[19:34:12.044] {"a":"mediator[action.t] = [object Object]"},
[19:34:12.044] {"a":"target = [object Object]"},
[19:34:12.042] {"t":"camera3d","f":"addBillboardToScene","a":"bb55"},
[19:34:12.043] {"t":"camera3d","f":"addBillboardToScene","a":"bb58"},
[19:34:12.131] {"t":"camera3d","f":"addBillboardToScene","a":"bb_singular"},
[19:34:12.182] {"t":"camera3d","f":"addBillboardToScene","a":"bb_singular"},
[19:34:12.182] {"t":"camera3d","f":"addBillboardToScene","a":"bb_singular"},
[19:34:12.182] {"t":"camera3d","f":"addBillboardToScene","a":"bb_singular"},
[19:34:27.545] {"a":"$location===mediator.location is\n              true"},
[19:34:27.560] {"a":"mediator[action.t] = [object Object]"},
[19:34:27.560] {"a":"target = [object Object]"},
[19:34:27.561] {"t":"narrative","f":"shot","a":{"delta":{"timeline":{"p":{"paused":true,"repeat":0},"actors":{"i3d:camera:rotation":[{"dur":4,"p":{"y":0.7854,"immediateRender":false}}]}}}}},
[19:34:27.561] {"a":"~~~~ change_state() url = /footprint:/i3d-scene:scene1/i2d-empty:/escher:/ui-msgbg:/shot-anim:scope12"},
[19:34:27.561] {"a":"~~~~ change_state() this.prev_url = /footprint:/i3d-scene:scene1/i2d-empty:/escher://ECU:"},
[19:34:27.561] {"a":"this.terms has term[0] = scene"},
[19:34:27.561] {"a":"params[scene] = footprint:"},
[19:34:27.561] "abs_values[0] = footprint:",
[19:34:27.562] {"a":"this.terms has term[1] = i3d"},
[19:34:27.562] {"a":"params[i3d] = i3d-scene:scene1"},
[19:34:27.562] "abs_values[1] = i3d-scene:scene1",
[19:34:27.562] {"a":"this.terms has term[2] = i2d"},
[19:34:27.562] {"a":"params[i2d] = i2d-empty:"},
[19:34:27.562] "abs_values[2] = i2d-empty:",
[19:34:27.562] {"a":"this.terms has term[3] = base"},
[19:34:27.562] {"a":"params[base] = escher:"},
[19:34:27.562] "abs_values[3] = escher:",
[19:34:27.562] {"a":"this.terms has term[4] = ui"},
[19:34:27.563] {"a":"params[ui] = ui-msgbg:"},
[19:34:27.563] "abs_values[4] = ui-msgbg:",
[19:34:27.563] {"a":"this.terms has term[5] = shot"},
[19:34:27.563] {"a":"params[shot] = shot-anim:scope12"},
[19:34:27.563] "abs_values[5] = shot-anim:scope12",
[19:34:27.563] {"a":"ch_st(): $location.url(//////shot-anim:scope12)"},
[19:34:27.563] {"t":"mediator","f":"socket.emit.actions","a":{"t":"camera3d","f":"panflyTo","a":{"r":0.7854,"d":4}}},
[19:34:27.639] {"t":"Mediator","f":"component","a":"narrative"},
[19:34:27.639] {"t":"app","f":"onEnter","a":{"name":"shot-anim:scope12"}},
[19:34:27.639] {"t":"timeline","f":"play"},
[19:34:31.541] {"a":"$location===mediator.location is\n              true"},
[19:34:31.547] {"a":"mediator[action.t] = [object Object]"},
[19:34:31.547] {"a":"target = [object Object]"},
[19:34:37.543] {"a":"$location===mediator.location is\n              true"},
[19:34:37.567] {"a":"mediator[action.t] = [object Object]"},
[19:34:37.567] {"a":"target = [object Object]"},
[19:34:37.567] {"t":"narrative","f":"shot","a":{"delta":{"timeline":{"p":{"paused":true,"repeat":0},"actors":{"i3d:camera:rotation":[{"dur":4,"p":{"x":0.7854,"immediateRender":false}}]}}}}},
[19:34:37.567] {"a":"~~~~ change_state() url = /footprint:/i3d-scene:scene1/i2d-empty:/escher:/ui-msgbg:/shot-anim:scope13"},
[19:34:37.567] {"a":"~~~~ change_state() this.prev_url = //////shot-anim:scope12"},
[19:34:37.569] {"a":"this.terms has term[0] = scene"},
[19:34:37.570] {"a":"params[scene] = footprint:"},
[19:34:37.571] "abs_values[0] = footprint:",
[19:34:37.572] {"a":"this.terms has term[1] = i3d"},
[19:34:37.572] {"a":"params[i3d] = i3d-scene:scene1"},
[19:34:37.572] "abs_values[1] = i3d-scene:scene1",
[19:34:37.572] {"a":"this.terms has term[2] = i2d"},
[19:34:37.572] {"a":"params[i2d] = i2d-empty:"},
[19:34:37.572] "abs_values[2] = i2d-empty:",
[19:34:37.573] {"a":"this.terms has term[3] = base"},
[19:34:37.573] {"a":"params[base] = escher:"},
[19:34:37.573] "abs_values[3] = escher:",
[19:34:37.573] {"a":"this.terms has term[4] = ui"},
[19:34:37.573] {"a":"params[ui] = ui-msgbg:"},
[19:34:37.573] "abs_values[4] = ui-msgbg:",
[19:34:37.574] {"a":"this.terms has term[5] = shot"},
[19:34:37.577] {"a":"params[shot] = shot-anim:scope13"},
[19:34:37.577] "abs_values[5] = shot-anim:scope13",
[19:34:37.578] {"a":"ch_st(): $location.url(//////shot-anim:scope13)"},
[19:34:37.578] {"t":"mediator","f":"socket.emit.actions","a":{"t":"camera3d","f":"tiltflyTo","a":{"r":0.7854,"d":4}}},
[19:34:37.644] {"t":"Mediator","f":"component","a":"narrative"},
[19:34:37.645] {"t":"app","f":"onEnter","a":{"name":"shot-anim:scope13"}},
[19:34:37.645] {"t":"timeline","f":"play"},
[19:34:41.546] {"a":"$location===mediator.location is\n              true"},
[19:34:41.554] {"a":"mediator[action.t] = [object Object]"},
[19:34:41.557] {"a":"target = [object Object]"},
[19:34:47.546] {"a":"$location===mediator.location is\n              true"},
[19:34:47.547] {"a":"mediator[action.t] = [object Object]"},
[19:34:47.547] {"a":"target = [object Object]"},
[19:34:47.547] {"t":"mediator","f":"socket.emit.actions","a":{"t":"camera3d","f":"billboardsFaceCamera"}},
[19:35:02.549] {"a":"$location===mediator.location is\n              true"},
[19:35:02.569] {"a":"mediator[action.t] = [object Object]"},
[19:35:02.569] {"a":"target = [object Object]"},
[19:35:02.569] {"t":"narrative","f":"shot","a":{"delta":{"timeline":{"p":{"paused":true,"repeat":0},"actors":{"i3d:camera:rotation":[{"dur":4,"p":{"x":0,"immediateRender":false}}]}}}}},
[19:35:02.569] {"a":"~~~~ change_state() url = /footprint:/i3d-scene:scene1/i2d-empty:/escher:/ui-msgbg:/shot-anim:scope14"},
[19:35:02.569] {"a":"~~~~ change_state() this.prev_url = //////shot-anim:scope13"},
[19:35:02.569] {"a":"this.terms has term[0] = scene"},
[19:35:02.569] {"a":"params[scene] = footprint:"},
[19:35:02.570] "abs_values[0] = footprint:",
[19:35:02.570] {"a":"this.terms has term[1] = i3d"},
[19:35:02.570] {"a":"params[i3d] = i3d-scene:scene1"},
[19:35:02.570] "abs_values[1] = i3d-scene:scene1",
[19:35:02.570] {"a":"this.terms has term[2] = i2d"},
[19:35:02.570] {"a":"params[i2d] = i2d-empty:"},
[19:35:02.570] "abs_values[2] = i2d-empty:",
[19:35:02.570] {"a":"this.terms has term[3] = base"},
[19:35:02.571] {"a":"params[base] = escher:"},
[19:35:02.571] "abs_values[3] = escher:",
[19:35:02.571] {"a":"this.terms has term[4] = ui"},
[19:35:02.571] {"a":"params[ui] = ui-msgbg:"},
[19:35:02.571] "abs_values[4] = ui-msgbg:",
[19:35:02.571] {"a":"this.terms has term[5] = shot"},
[19:35:02.571] {"a":"params[shot] = shot-anim:scope14"},
[19:35:02.571] "abs_values[5] = shot-anim:scope14",
[19:35:02.571] {"a":"ch_st(): $location.url(//////shot-anim:scope14)"},
[19:35:02.572] {"t":"mediator","f":"socket.emit.actions","a":{"t":"camera3d","f":"tiltflyBy","a":{"r":-0.7854,"d":4}}},
[19:35:02.631] {"t":"Mediator","f":"component","a":"narrative"},
[19:35:02.631] {"t":"app","f":"onEnter","a":{"name":"shot-anim:scope14"}},
[19:35:02.632] {"t":"timeline","f":"play"},
[19:35:06.568] {"a":"$location===mediator.location is\n              true"},
[19:35:06.574] {"a":"mediator[action.t] = [object Object]"},
[19:35:06.575] {"a":"target = [object Object]"},
[19:35:17.550] {"a":"$location===mediator.location is\n              true"},
[19:35:17.572] {"a":"mediator[action.t] = [object Object]"},
[19:35:17.572] {"a":"target = [object Object]"},
[19:35:17.572] {"t":"narrative","f":"shot","a":{"delta":{"timeline":{"p":{"paused":true,"repeat":0},"actors":{"i3d:camera:rotation":[{"dur":4,"p":{"y":0,"immediateRender":false}}]}}}}},
[19:35:17.573] {"a":"~~~~ change_state() url = /footprint:/i3d-scene:scene1/i2d-empty:/escher:/ui-msgbg:/shot-anim:scope15"},
[19:35:17.573] {"a":"~~~~ change_state() this.prev_url = //////shot-anim:scope14"},
[19:35:17.573] {"a":"this.terms has term[0] = scene"},
[19:35:17.573] {"a":"params[scene] = footprint:"},
[19:35:17.574] "abs_values[0] = footprint:",
[19:35:17.575] {"a":"this.terms has term[1] = i3d"},
[19:35:17.575] {"a":"params[i3d] = i3d-scene:scene1"},
[19:35:17.576] "abs_values[1] = i3d-scene:scene1",
[19:35:17.576] {"a":"this.terms has term[2] = i2d"},
[19:35:17.576] {"a":"params[i2d] = i2d-empty:"},
[19:35:17.576] "abs_values[2] = i2d-empty:",
[19:35:17.576] {"a":"this.terms has term[3] = base"},
[19:35:17.577] {"a":"params[base] = escher:"},
[19:35:17.577] "abs_values[3] = escher:",
[19:35:17.579] {"a":"this.terms has term[4] = ui"},
[19:35:17.580] {"a":"params[ui] = ui-msgbg:"},
[19:35:17.580] "abs_values[4] = ui-msgbg:",
[19:35:17.580] {"a":"this.terms has term[5] = shot"},
[19:35:17.580] {"a":"params[shot] = shot-anim:scope15"},
[19:35:17.581] "abs_values[5] = shot-anim:scope15",
[19:35:17.582] {"a":"ch_st(): $location.url(//////shot-anim:scope15)"},
[19:35:17.585] {"t":"mediator","f":"socket.emit.actions","a":{"t":"camera3d","f":"panflyBy","a":{"r":-0.7854,"d":4}}},
[19:35:17.663] {"t":"Mediator","f":"component","a":"narrative"},
[19:35:17.663] {"t":"app","f":"onEnter","a":{"name":"shot-anim:scope15"}},
[19:35:17.663] {"t":"timeline","f":"play"},
[19:35:21.574] {"a":"$location===mediator.location is\n              true"},
[19:35:21.581] {"a":"mediator[action.t] = [object Object]"},
[19:35:21.581] {"a":"target = [object Object]"},
[19:35:27.553] {"a":"$location===mediator.location is\n              true"},
[19:35:27.573] {"a":"mediator[action.t] = [object Object]"},
[19:35:27.573] {"a":"target = [object Object]"},
[19:35:27.573] {"a":"~~~~ change_state() url = /circle:/i3d-simple:simple_red/i2d-scene:disks0/base-skycube:test_cube/ui-msgbg:/shot-graft:a0"},
[19:35:27.573] {"a":"~~~~ change_state() this.prev_url = //////shot-anim:scope15"},
[19:35:27.574] {"a":"this.terms has term[0] = scene"},
[19:35:27.574] {"a":"params[scene] = circle:"},
[19:35:27.574] "abs_values[0] = circle:",
[19:35:27.574] {"a":"this.terms has term[1] = i3d"},
[19:35:27.574] {"a":"params[i3d] = i3d-simple:simple_red"},
[19:35:27.574] "abs_values[1] = i3d-simple:simple_red",
[19:35:27.574] {"a":"this.terms has term[2] = i2d"},
[19:35:27.575] {"a":"params[i2d] = i2d-scene:disks0"},
[19:35:27.575] "abs_values[2] = i2d-scene:disks0",
[19:35:27.577] {"a":"params[base] = base-skycube:test_cube"},
[19:35:27.577] "abs_values[3] = base-skycube:test_cube",
[19:35:27.577] {"a":"this.terms has term[4] = ui"},
[19:35:27.577] {"a":"params[ui] = ui-msgbg:"},
[19:35:27.577] "abs_values[4] = ui-msgbg:",
[19:35:27.578] {"a":"this.terms has term[5] = shot"},
[19:35:27.578] {"a":"params[shot] = shot-graft:a0"},
[19:35:27.579] "abs_values[5] = shot-graft:a0",
[19:35:27.579] {"a":"ch_st(): $location.url(/circle:/i3d-simple:simple_red/i2d-scene:disks0/base-skycube:test_cube//shot-graft:a0)"},
[19:35:27.579] {"t":"mediator","f":"socket.emit.actions","a":{"t":"narrative","f":"change_scene","a":"circle"}},
[19:35:27.577] {"a":"this.terms has term[3] = base"},
[19:35:28.488] {"t":"Mediator","f":"component","a":"narrative"},
[19:35:28.488] {"t":"app","f":"onEnter","a":{"name":"circle:"}},
[19:35:28.488] {"t":"app","f":"onEnter","a":{"name":"i3d-simple:simple_red"}},
[19:35:28.489] {"t":"app","f":"onEnter","a":{"name":"i2d-scene:disks0"}},
[19:35:28.489] {"t":"app","f":"onEnter","a":{"name":"base-skycube:test_cube"}},
[19:35:28.489] {"t":"app","f":"onEnter","a":{"name":"shot-graft:a0"}},
[19:35:28.489] {"t":"timeline","f":"play"},
[19:35:28.489] {"t":"camera3d","f":"addActorToScene","a":"cube0"},
[19:35:28.489] {"t":"camera3d","f":"changeTemplateScene"},
[19:35:28.490] {"t":"camera3d","f":"addActorToScene","a":"cube0"},
[19:35:28.490] {"t":"camera3d","f":"addActorToScene","a":"cube0"},
[19:35:28.490] {"t":"camera3d","f":"addActorToScene","a":"csphere"},
[19:35:28.490] {"t":"camera3d","f":"addActorToScene","a":"cube0"},
[19:35:28.490] {"t":"camera3d","f":"addActorToScene","a":"cube0_3"},
[19:35:28.490] {"t":"camera3d","f":"addActorToScene","a":"cube0"},
[19:35:28.490] {"t":"camera3d","f":"addActorToScene","a":"cube0_3"},
[19:35:28.491] {"t":"camera3d","f":"addActorToScene","a":"cube0_0"},
[19:35:28.491] {"t":"camera3d","f":"addActorToScene","a":"cube0_1"},
[19:35:28.491] {"t":"camera3d","f":"addActorToScene","a":"cube0_1"},
[19:35:28.491] {"t":"camera3d","f":"addActorToScene","a":"cube0_0"},
[19:35:28.491] {"t":"camera3d","f":"addActorToScene","a":"cube0_1"},
[19:35:28.491] {"t":"camera3d","f":"addActorToScene","a":"cube0_0"},
[19:35:28.491] {"t":"camera3d","f":"addActorToScene","a":"cube0_0"},
[19:35:28.492] {"t":"camera3d","f":"addActorToScene","a":"cube0_1"},
[19:35:28.492] {"t":"camera3d","f":"addActorToScene","a":"cube0_0"},
[19:35:28.492] {"a":"$location===mediator.location is\n              true"},
[19:35:28.492] {"a":"mediator[action.t] = [object Object]"},
[19:35:28.492] {"a":"target = [object Object]"},
[19:35:28.492] {"t":"camera3d","f":"addActorToScene","a":"cube0_1"},
[19:35:28.690] {"t":"camera3d","f":"addActorToScene","a":"cube0_2"},
[19:35:28.691] {"t":"camera3d","f":"addActorToScene","a":"cube0_2"},
[19:35:42.556] {"a":"$location===mediator.location is\n              true"},
[19:35:42.569] {"a":"mediator[action.t] = [object Object]"},
[19:35:42.569] {"a":"target = [object Object]"},
[19:35:42.569] {"a":"~~~~ change_state() url = /circle:/i3d-simple:simple_red/i2d-scene:mf2d0/base-skycube:test_cube/ui-msgbg/MS"},
[19:35:42.569] {"a":"~~~~ change_state() this.prev_url = /circle:/i3d-simple:simple_red/i2d-scene:disks0/base-skycube:test_cube//shot-graft:a0"},
[19:35:42.569] {"a":"this.terms has term[0] = scene"},
[19:35:42.569] {"a":"params[scene] = circle:"},
[19:35:42.570] "abs_values[0] = circle:",
[19:35:42.570] {"a":"this.terms has term[1] = i3d"},
[19:35:42.570] {"a":"params[i3d] = i3d-simple:simple_red"},
[19:35:42.570] "abs_values[1] = i3d-simple:simple_red",
[19:35:42.570] {"a":"this.terms has term[2] = i2d"},
[19:35:42.570] {"a":"params[i2d] = i2d-scene:mf2d0"},
[19:35:42.570] "abs_values[2] = i2d-scene:mf2d0",
[19:35:42.570] {"a":"this.terms has term[3] = base"},
[19:35:42.570] {"a":"params[base] = base-skycube:test_cube"},
[19:35:42.570] "abs_values[3] = base-skycube:test_cube",
[19:35:42.571] {"a":"this.terms has term[4] = ui"},
[19:35:42.571] {"a":"params[ui] = ui-msgbg"},
[19:35:42.571] "abs_values[4] = ui-msgbg",
[19:35:42.571] {"a":"this.terms has term[5] = shot"},
[19:35:42.571] {"a":"params[shot] = MS"},
[19:35:42.571] "abs_values[5] = MS",
[19:35:42.571] {"a":"ch_st(): $location.url(///i2d-scene:mf2d0//ui-msgbg/MS)"},
[19:35:42.571] {"t":"mediator","f":"socket.emit.actions","a":{"t":"narrative","f":"change_state","a":"/circle:/i3d-simple:simple_red/i2d-scene:mf2d0/base-skycube:test_cube/ui-msgbg/MS"}},
[19:35:42.964] {"t":"app","f":"onEnter","a":{"name":"i2d-scene:mf2d0"}},
[19:35:42.964] {"t":"app","f":"onEnter","a":{"name":"ui-msgbg"}},
[19:35:42.966] {"t":"app","f":"onEnter","a":{"name":"MS"}},
[19:35:42.966] {"t":"timeline","f":"play"},
[19:35:42.966] {"a":"$location===mediator.location is\n              true"},
[19:35:42.966] {"a":"mediator[action.t] = [object Object]"},
[19:35:42.966] {"a":"target = [object Object]"},
[19:35:42.964] {"t":"Mediator","f":"component","a":"narrative"},
[19:35:52.557] {"a":"$location===mediator.location is\n              true"},
[19:35:52.569] {"a":"mediator[action.t] = [object Object]"},
[19:35:52.570] {"a":"target = [object Object]"},
[19:35:52.570] {"a":"~~~~ change_state() url = /stocks:/i3d-jsonmodels:phonghead_kfb/i2d-scene:defsuse0/grid:/ui-msgbg:/2S:"},
[19:35:52.570] {"a":"~~~~ change_state() this.prev_url = ///i2d-scene:mf2d0//ui-msgbg/MS"},
[19:35:52.570] {"a":"this.terms has term[0] = scene"},
[19:35:52.570] {"a":"params[scene] = stocks:"},
[19:35:52.570] "abs_values[0] = stocks:",
[19:35:52.570] {"a":"this.terms has term[1] = i3d"},
[19:35:52.571] {"a":"params[i3d] = i3d-jsonmodels:phonghead_kfb"},
[19:35:52.571] "abs_values[1] = i3d-jsonmodels:phonghead_kfb",
[19:35:52.571] {"a":"this.terms has term[2] = i2d"},
[19:35:52.571] {"a":"params[i2d] = i2d-scene:defsuse0"},
[19:35:52.571] "abs_values[2] = i2d-scene:defsuse0",
[19:35:52.571] {"a":"this.terms has term[3] = base"},
[19:35:52.571] {"a":"params[base] = grid:"},
[19:35:52.571] "abs_values[3] = grid:",
[19:35:52.571] {"a":"this.terms has term[4] = ui"},
[19:35:52.571] {"a":"params[ui] = ui-msgbg:"},
[19:35:52.572] "abs_values[4] = ui-msgbg:",
[19:35:52.572] {"a":"this.terms has term[5] = shot"},
[19:35:52.572] {"a":"params[shot] = 2S:"},
[19:35:52.572] "abs_values[5] = 2S:",
[19:35:52.572] {"a":"ch_st(): $location.url(/stocks:/i3d-jsonmodels:phonghead_kfb/i2d-scene:defsuse0/grid:/ui-msgbg:/2S:)"},
[19:35:52.572] {"t":"mediator","f":"socket.emit.actions","a":{"t":"narrative","f":"change_scene","a":"stocks"}},
[19:35:54.831] {"t":"Mediator","f":"component","a":"narrative"},
[19:35:54.832] {"t":"app","f":"onEnter","a":{"name":"stocks:"}},
[19:35:54.833] {"t":"app","f":"onEnter","a":{"name":"i3d-jsonmodels:phonghead_kfb"}},
[19:35:54.833] {"t":"camera3d","f":"changeTemplateScene"},
[19:35:54.833] {"t":"app","f":"onEnter","a":{"name":"i2d-scene:defsuse0"}},
[19:35:54.833] {"t":"app","f":"onEnter","a":{"name":"grid:"}},
[19:35:54.833] {"t":"app","f":"onEnter","a":{"name":"ui-msgbg:"}},
[19:35:54.833] {"t":"app","f":"onEnter","a":{"name":"2S:"}},
[19:35:54.833] {"t":"timeline","f":"play"},
[19:35:54.833] {"t":"camera3d","f":"addActorToScene","a":"axes0"},
[19:35:54.834] {"t":"camera3d","f":"addActorToScene","a":"axes0"},
[19:35:54.834] {"t":"camera3d","f":"addActorToScene","a":"axes0"},
[19:35:54.834] {"t":"camera3d","f":"addActorToScene","a":"axes0"},
[19:35:54.834] {"t":"camera3d","f":"addActorToScene","a":"axes0"},
[19:35:54.834] {"t":"camera3d","f":"addActorToScene","a":"csphere"},
[19:35:54.835] {"t":"camera3d","f":"addActorToScene","a":"axes0"},
[19:35:54.835] {"t":"camera3d","f":"addActorToScene","a":"key"},
[19:35:54.836] {"t":"camera3d","f":"addActorToScene","a":"fill"},
[19:35:54.837] {"t":"camera3d","f":"addActorToScene","a":"back"},
[19:35:54.837] {"t":"camera3d","f":"addActorToScene","a":"key"},
[19:35:54.837] {"t":"camera3d","f":"addActorToScene","a":"fill"},
[19:35:54.837] {"t":"camera3d","f":"addActorToScene","a":"back"},
[19:35:54.837] {"t":"camera3d","f":"addActorToScene","a":"key"},
[19:35:54.838] {"t":"camera3d","f":"addActorToScene","a":"fill"},
[19:35:54.838] {"t":"camera3d","f":"addActorToScene","a":"back"},
[19:35:54.838] {"t":"camera3d","f":"addActorToScene","a":"key"},
[19:35:54.838] {"t":"camera3d","f":"addActorToScene","a":"fill"},
[19:35:54.838] {"t":"camera3d","f":"addActorToScene","a":"back"},
[19:35:54.838] {"t":"camera3d","f":"addActorToScene","a":"key"},
[19:35:54.838] {"t":"camera3d","f":"addActorToScene","a":"fill"},
[19:35:54.838] {"t":"camera3d","f":"addActorToScene","a":"back"},
[19:35:54.839] {"t":"camera3d","f":"addActorToScene","a":"key"},
[19:35:54.839] {"t":"camera3d","f":"addActorToScene","a":"fill"},
[19:35:54.840] {"t":"camera3d","f":"addActorToScene","a":"back"},
[19:35:54.840] {"a":"$location===mediator.location is\n              true"},
[19:35:54.841] {"a":"mediator[action.t] = [object Object]"},
[19:35:54.842] {"a":"target = [object Object]"},
[19:35:55.940] {"t":"camera3d","f":"addActorToScene","a":"head_scan"},
[19:35:55.941] {"t":"camera3d","f":"addActorToScene","a":"head_scan"},
[19:35:55.941] {"t":"camera3d","f":"addActorToScene","a":"head_scan"},
[19:35:55.941] {"t":"camera3d","f":"addActorToScene","a":"head_scan"},
[19:35:56.430] {"t":"camera3d","f":"addActorToScene","a":"head_scan"},
[19:36:07.557] {"a":"$location===mediator.location is\n              true"},
[19:36:07.573] {"a":"mediator[action.t] = [object Object]"},
[19:36:07.574] {"a":"target = [object Object]"},
[19:36:07.574] {"a":"~~~~ change_state() url = ///i2d-scene:mf2d0///"},
[19:36:07.574] {"a":"~~~~ change_state() this.prev_url = /stocks:/i3d-jsonmodels:phonghead_kfb/i2d-scene:defsuse0/grid:/ui-msgbg:/2S:"},
[19:36:07.575] {"a":"this.terms has term[0] = scene"},
[19:36:07.575] {"a":"params[scene] = "},
[19:36:07.575] "abs_values[0] = ",
[19:36:07.575] {"a":"this.terms has term[1] = i3d"},
[19:36:07.575] {"a":"params[i3d] = "},
[19:36:07.575] "abs_values[1] = ",
[19:36:07.575] {"a":"this.terms has term[2] = i2d"},
[19:36:07.575] {"a":"params[i2d] = i2d-scene:mf2d0"},
[19:36:07.576] "abs_values[2] = i2d-scene:mf2d0",
[19:36:07.576] {"a":"this.terms has term[3] = base"},
[19:36:07.576] {"a":"params[base] = "},
[19:36:07.576] "abs_values[3] = ",
[19:36:07.576] {"a":"this.terms has term[4] = ui"},
[19:36:07.576] {"a":"params[ui] = "},
[19:36:07.576] "abs_values[4] = ",
[19:36:07.576] {"a":"this.terms has term[5] = shot"},
[19:36:07.576] {"a":"params[shot] = "},
[19:36:07.576] "abs_values[5] = ",
[19:36:07.576] {"a":"ch_st(): $location.url(///i2d-scene:mf2d0///)"},
[19:36:07.577] {"t":"mediator","f":"socket.emit.actions","a":{"t":"narrative","f":"change_state","a":"///i2d-scene:mf2d0///"}},
[19:36:07.860] {"t":"Mediator","f":"component","a":"narrative"},
[19:36:07.860] {"t":"app","f":"onEnter","a":{"name":"i2d-scene:mf2d0"}},
[19:36:07.860] {"t":"timeline","f":"play"},
[19:36:07.860] {"a":"$location===mediator.location is\n              true"},
[19:36:07.860] {"a":"mediator[action.t] = [object Object]"},
[19:36:07.861] {"a":"target = [object Object]"},
[19:36:26.991] {"t":"camera3d","f":"tilt (look) up","a":38},
[19:36:27.000] {"t":"Mediator","f":"record","a":{"t":"camera3d","f":"tiltflyBy","a":{"r":0.19635,"d":3}}},
[19:36:27.000] {"t":"narrative","f":"shot","a":{"delta":{"timeline":{"p":{"paused":true,"repeat":0},"actors":{"i3d:camera:rotation":[{"dur":3,"p":{"x":0.19635,"immediateRender":false}}]}}}}},
[19:36:27.000] {"a":"~~~~ change_state() url = ///i2d-scene:mf2d0///shot-anim:scope20"},
[19:36:27.001] {"a":"~~~~ change_state() this.prev_url = ///i2d-scene:mf2d0///"},
[19:36:27.001] {"a":"this.terms has term[0] = scene"},
[19:36:27.001] {"a":"params[scene] = "},
[19:36:27.001] "abs_values[0] = ",
[19:36:27.001] {"a":"this.terms has term[1] = i3d"},
[19:36:27.001] {"a":"params[i3d] = "},
[19:36:27.001] "abs_values[1] = ",
[19:36:27.001] {"a":"this.terms has term[2] = i2d"},
[19:36:27.001] {"a":"params[i2d] = i2d-scene:mf2d0"},
[19:36:27.001] "abs_values[2] = i2d-scene:mf2d0",
[19:36:27.001] {"a":"this.terms has term[3] = base"},
[19:36:27.002] {"a":"params[base] = "},
[19:36:27.002] "abs_values[3] = ",
[19:36:27.002] {"a":"this.terms has term[4] = ui"},
[19:36:27.002] {"a":"params[ui] = "},
[19:36:27.002] "abs_values[4] = ",
[19:36:27.002] {"a":"this.terms has term[5] = shot"},
[19:36:27.002] {"a":"params[shot] = shot-anim:scope20"},
[19:36:27.002] "abs_values[5] = shot-anim:scope20",
[19:36:27.002] {"a":"ch_st(): $location.url(//////shot-anim:scope20)"},
[19:36:27.044] {"t":"Mediator","f":"component","a":"narrative"},
[19:36:27.044] {"t":"app","f":"onEnter","a":{"name":"shot-anim:scope20"}},
[19:36:27.045] {"t":"timeline","f":"play"},
[19:36:29.991] {"a":"$location===mediator.location is\n              true"},
[19:36:29.994] {"a":"mediator[action.t] = [object Object]"},
[19:36:29.994] {"a":"target = [object Object]"},
