[20:07:20.915] {"t":"camera3d","f":"place","a":12},
[20:07:21.014] {"t":"camerasphere","f":"create","a":"csphere"},
[20:07:21.015] {"t":"camerasphere","f":"children","a":1},
[20:07:36.245] {"a":"~~~~ change_state() url = /payments:/i3d-simple:phong_head_sphere_kfb/i2d-empty:/black:/ui-msgbg:/CU:"},
[20:07:36.710] {"a":"~~~~ change_state() this.prev_url = ^"},
[20:07:36.710] {"a":"this.terms has term[0] = scene"},
[20:07:36.711] {"a":"params[scene] = payments:"},
[20:07:36.711] "abs_values[0] = payments:",
[20:07:36.711] {"a":"this.terms has term[1] = i3d"},
[20:07:36.712] {"a":"params[i3d] = i3d-simple:phong_head_sphere_kfb"},
[20:07:36.713] "abs_values[1] = i3d-simple:phong_head_sphere_kfb",
[20:07:36.713] {"a":"this.terms has term[2] = i2d"},
[20:07:36.714] {"a":"params[i2d] = i2d-empty:"},
[20:07:36.714] "abs_values[2] = i2d-empty:",
[20:07:36.714] {"a":"this.terms has term[3] = base"},
[20:07:36.714] {"a":"params[base] = black:"},
[20:07:36.715] "abs_values[3] = black:",
[20:07:36.715] {"a":"this.terms has term[4] = ui"},
[20:07:36.715] {"a":"params[ui] = ui-msgbg:"},
[20:07:36.715] "abs_values[4] = ui-msgbg:",
[20:07:36.716] {"a":"this.terms has term[5] = shot"},
[20:07:36.716] {"a":"params[shot] = CU:"},
[20:07:36.717] "abs_values[5] = CU:",
[20:07:36.718] {"a":"ch_st(): $location.url(/payments:/i3d-simple:phong_head_sphere_kfb/i2d-empty:/black://CU:)"},
[20:07:36.718] {"t":"Mediator","f":"component","a":"narrative"},
[20:07:36.718] {"t":"app","f":"onEnter","a":{"name":"payments:"}},
[20:07:36.718] {"t":"app","f":"onEnter","a":{"name":"i3d-simple:phong_head_sphere_kfb"}},
[20:07:36.719] {"t":"camera3d","f":"changeTemplateScene"},
[20:07:36.719] {"t":"app","f":"onEnter","a":{"name":"i2d-empty:"}},
[20:07:36.720] {"t":"app","f":"onEnter","a":{"name":"black:"}},
[20:07:36.720] {"t":"app","f":"onEnter","a":{"name":"CU:"}},
[20:07:36.720] {"t":"timeline","f":"play"},
[20:07:36.721] {"t":"camera3d","f":"addActorToScene","a":"csphere"},
[20:07:36.722] {"t":"camera3d","f":"addActorToScene","a":"axes0"},
[20:07:36.722] {"t":"camera3d","f":"addActorToScene","a":"sphere_phong"},
[20:07:36.722] {"t":"camera3d","f":"addActorToScene","a":"key"},
[20:07:36.722] {"t":"camera3d","f":"addActorToScene","a":"fill"},
[20:07:36.722] {"t":"camera3d","f":"addActorToScene","a":"back"},
[20:07:36.829] {"a":"$location===mediator.location is\n              true"},
[20:07:36.829] {"a":"mediator[action.t] = [object Object]"},
[20:07:36.830] {"a":"target = [object Object]"},
[20:07:37.174] {"t":"camera3d","f":"addActorToScene","a":"head_scan"},
