[20:15:08.276] {"t":"camera3d","f":"place","a":12},
[20:15:08.385] {"t":"camerasphere","f":"create","a":"csphere"},
[20:15:08.385] {"t":"camerasphere","f":"children","a":1},
[20:15:21.880] {"a":"~~~~ change_state() url = /payments:/i3d-simple:phong_head_sphere_kfb/i2d-empty:/black:/ui-msgbg:/CU:"},
[20:15:22.467] {"a":"~~~~ change_state() this.prev_url = ^"},
[20:15:22.468] {"a":"this.terms has term[0] = scene"},
[20:15:22.468] {"a":"params[scene] = payments:"},
[20:15:22.468] "abs_values[0] = payments:",
[20:15:22.468] {"a":"this.terms has term[1] = i3d"},
[20:15:22.470] {"a":"params[i3d] = i3d-simple:phong_head_sphere_kfb"},
[20:15:22.471] "abs_values[1] = i3d-simple:phong_head_sphere_kfb",
[20:15:22.471] {"a":"this.terms has term[2] = i2d"},
[20:15:22.471] {"a":"params[i2d] = i2d-empty:"},
[20:15:22.472] "abs_values[2] = i2d-empty:",
[20:15:22.472] {"a":"this.terms has term[3] = base"},
[20:15:22.472] {"a":"params[base] = black:"},
[20:15:22.472] "abs_values[3] = black:",
[20:15:22.472] {"a":"this.terms has term[4] = ui"},
[20:15:22.473] {"a":"params[ui] = ui-msgbg:"},
[20:15:22.473] "abs_values[4] = ui-msgbg:",
[20:15:22.474] {"a":"this.terms has term[5] = shot"},
[20:15:22.475] {"a":"params[shot] = CU:"},
[20:15:22.476] "abs_values[5] = CU:",
[20:15:22.483] {"a":"ch_st(): $location.url(/payments:/i3d-simple:phong_head_sphere_kfb/i2d-empty:/black://CU:)"},
[20:15:22.483] {"t":"Mediator","f":"component","a":"narrative"},
[20:15:22.483] {"t":"app","f":"onEnter","a":{"name":"payments:"}},
[20:15:22.483] {"t":"app","f":"onEnter","a":{"name":"i3d-simple:phong_head_sphere_kfb"}},
[20:15:22.484] {"t":"camera3d","f":"changeTemplateScene"},
[20:15:22.484] {"t":"app","f":"onEnter","a":{"name":"i2d-empty:"}},
[20:15:22.485] {"t":"app","f":"onEnter","a":{"name":"black:"}},
[20:15:22.485] {"t":"app","f":"onEnter","a":{"name":"CU:"}},
[20:15:22.485] {"t":"timeline","f":"play"},
[20:15:22.485] {"t":"camera3d","f":"addActorToScene","a":"csphere"},
[20:15:22.486] {"t":"camera3d","f":"addActorToScene","a":"axes0"},
[20:15:22.486] {"t":"camera3d","f":"addActorToScene","a":"sphere_phong"},
[20:15:22.486] {"t":"camera3d","f":"addActorToScene","a":"key"},
[20:15:22.486] {"t":"camera3d","f":"addActorToScene","a":"fill"},
[20:15:22.486] {"t":"camera3d","f":"addActorToScene","a":"back"},
[20:15:22.487] {"a":"$location===mediator.location is\n              true"},
[20:15:22.487] {"a":"mediator[action.t] = [object Object]"},
[20:15:22.487] {"a":"target = [object Object]"},
[20:15:22.755] {"t":"camera3d","f":"addActorToScene","a":"head_scan"},
