[20:17:36.755] {"t":"camera3d","f":"place","a":12},
[20:17:36.866] {"t":"camerasphere","f":"create","a":"csphere"},
[20:17:36.867] {"t":"camerasphere","f":"children","a":1},
[20:17:53.220] {"a":"~~~~ change_state() url = /payments:/i3d-simple:phong_head_sphere_kfb/i2d-empty:/black:/ui-msgbg:/CU:"},
[20:17:53.724] {"a":"~~~~ change_state() this.prev_url = ^"},
[20:17:53.726] {"a":"params[i3d] = i3d-simple:phong_head_sphere_kfb"},
[20:17:53.728] {"a":"params[i2d] = i2d-empty:"},
[20:17:53.727] "abs_values[1] = i3d-simple:phong_head_sphere_kfb",
[20:17:53.724] {"a":"this.terms has term[0] = scene"},
[20:17:53.724] {"a":"params[scene] = payments:"},
[20:17:53.728] {"a":"this.terms has term[2] = i2d"},
[20:17:53.728] {"a":"this.terms has term[3] = base"},
[20:17:53.724] "abs_values[0] = payments:",
[20:17:53.724] {"a":"this.terms has term[1] = i3d"},
[20:17:53.741] {"t":"camera3d","f":"addActorToScene","a":"sphere_phong"},
[20:17:53.743] {"t":"camera3d","f":"addActorToScene","a":"key"},
[20:17:53.728] "abs_values[2] = i2d-empty:",
[20:17:53.743] {"t":"camera3d","f":"addActorToScene","a":"back"},
[20:17:53.737] {"t":"app","f":"onEnter","a":{"name":"black:"}},
[20:17:53.743] {"t":"camera3d","f":"addActorToScene","a":"fill"},
[20:17:53.740] {"t":"timeline","f":"play"},
[20:17:53.736] {"t":"app","f":"onEnter","a":{"name":"i2d-empty:"}},
[20:17:53.737] {"t":"app","f":"onEnter","a":{"name":"CU:"}},
[20:17:53.732] {"a":"params[shot] = CU:"},
[20:17:53.734] {"a":"ch_st(): $location.url(/payments:/i3d-simple:phong_head_sphere_kfb/i2d-empty:/black://CU:)"},
[20:17:53.736] {"t":"app","f":"onEnter","a":{"name":"i3d-simple:phong_head_sphere_kfb"}},
[20:17:53.731] "abs_values[4] = ui-msgbg:",
[20:17:53.735] {"t":"Mediator","f":"component","a":"narrative"},
[20:17:53.735] {"t":"app","f":"onEnter","a":{"name":"payments:"}},
[20:17:53.729] {"a":"params[base] = black:"},
[20:17:53.732] {"a":"this.terms has term[5] = shot"},
[20:17:53.733] "abs_values[5] = CU:",
[20:17:53.731] {"a":"params[ui] = ui-msgbg:"},
[20:17:53.736] {"t":"camera3d","f":"changeTemplateScene"},
[20:17:53.731] {"a":"this.terms has term[4] = ui"},
[20:17:53.731] "abs_values[3] = black:",
[20:17:53.740] {"t":"camera3d","f":"addActorToScene","a":"csphere"},
[20:17:53.741] {"t":"camera3d","f":"addActorToScene","a":"axes0"},
[20:17:53.859] {"a":"$location===mediator.location is\n              true"},
[20:17:53.860] {"a":"mediator[action.t] = [object Object]"},
[20:17:53.860] {"a":"target = [object Object]"},
[20:17:54.111] {"t":"camera3d","f":"addActorToScene","a":"head_scan"},
