[20:25:23.312] {"t":"camera3d","f":"place","a":12},
[20:25:23.313] {"t":"camerasphere","f":"create","a":"csphere"},
[20:25:23.313] {"t":"camerasphere","f":"children","a":1},
[20:25:33.666] {"a":"~~~~ change_state() url = /payments:/i3d-simple:phong_head_sphere_kfb/i2d-empty:/black:/ui-msgbg:/CU:"},
[20:25:34.142] {"a":"~~~~ change_state() this.prev_url = ^"},
[20:25:34.143] {"a":"this.terms has term[0] = scene"},
[20:25:34.143] {"a":"params[scene] = payments:"},
[20:25:34.143] "abs_values[0] = payments:",
[20:25:34.144] {"a":"this.terms has term[1] = i3d"},
[20:25:34.145] {"a":"params[i3d] = i3d-simple:phong_head_sphere_kfb"},
[20:25:34.145] "abs_values[1] = i3d-simple:phong_head_sphere_kfb",
[20:25:34.145] {"a":"this.terms has term[2] = i2d"},
[20:25:34.146] {"a":"params[i2d] = i2d-empty:"},
[20:25:34.146] "abs_values[2] = i2d-empty:",
[20:25:34.146] {"a":"this.terms has term[3] = base"},
[20:25:34.146] {"a":"params[base] = black:"},
[20:25:34.146] "abs_values[3] = black:",
[20:25:34.146] {"a":"this.terms has term[4] = ui"},
[20:25:34.147] {"a":"params[ui] = ui-msgbg:"},
[20:25:34.147] "abs_values[4] = ui-msgbg:",
[20:25:34.148] {"a":"this.terms has term[5] = shot"},
[20:25:34.149] {"a":"params[shot] = CU:"},
[20:25:34.149] "abs_values[5] = CU:",
[20:25:34.150] {"a":"ch_st(): $location.url(/payments:/i3d-simple:phong_head_sphere_kfb/i2d-empty:/black://CU:)"},
[20:25:34.150] {"t":"Mediator","f":"component","a":"narrative"},
[20:25:34.150] {"t":"app","f":"onEnter","a":{"name":"payments:"}},
[20:25:34.150] {"t":"app","f":"onEnter","a":{"name":"i3d-simple:phong_head_sphere_kfb"}},
[20:25:34.151] {"t":"camera3d","f":"changeTemplateScene"},
[20:25:34.151] {"t":"app","f":"onEnter","a":{"name":"i2d-empty:"}},
[20:25:34.151] {"t":"app","f":"onEnter","a":{"name":"black:"}},
[20:25:34.152] {"t":"app","f":"onEnter","a":{"name":"CU:"}},
[20:25:34.152] {"t":"timeline","f":"play"},
[20:25:34.152] {"t":"camera3d","f":"addActorToScene","a":"csphere"},
[20:25:34.152] {"t":"camera3d","f":"addActorToScene","a":"axes0"},
[20:25:34.153] {"t":"camera3d","f":"addActorToScene","a":"sphere_phong"},
[20:25:34.153] {"t":"camera3d","f":"addActorToScene","a":"key"},
[20:25:34.153] {"t":"camera3d","f":"addActorToScene","a":"fill"},
[20:25:34.153] {"t":"camera3d","f":"addActorToScene","a":"back"},
[20:25:34.251] {"a":"$location===mediator.location is\n              true"},
[20:25:34.252] {"a":"mediator[action.t] = [object Object]"},
[20:25:34.252] {"a":"target = [object Object]"},
[20:25:34.545] {"t":"camera3d","f":"addActorToScene","a":"head_scan"},
