[20:20:47.718] {"t":"camera3d","f":"place","a":12},
[20:20:47.801] {"t":"camerasphere","f":"create","a":"csphere"},
[20:20:47.801] {"t":"camerasphere","f":"children","a":1},
[20:23:39.007] {"a":"~~~~ change_state() url = /payments:/i3d-simple:phong_head_sphere_kfb/i2d-empty:/black:/ui-msgbg:/CU:"},
[20:23:39.464] {"a":"~~~~ change_state() this.prev_url = ^"},
[20:23:39.464] {"a":"this.terms has term[0] = scene"},
[20:23:39.464] {"a":"params[scene] = payments:"},
[20:23:39.465] "abs_values[0] = payments:",
[20:23:39.466] {"a":"this.terms has term[1] = i3d"},
[20:23:39.467] {"a":"params[i3d] = i3d-simple:phong_head_sphere_kfb"},
[20:23:39.468] "abs_values[1] = i3d-simple:phong_head_sphere_kfb",
[20:23:39.468] {"a":"this.terms has term[2] = i2d"},
[20:23:39.468] {"a":"params[i2d] = i2d-empty:"},
[20:23:39.469] "abs_values[2] = i2d-empty:",
[20:23:39.470] {"a":"this.terms has term[3] = base"},
[20:23:39.470] {"a":"params[base] = black:"},
[20:23:39.470] "abs_values[3] = black:",
[20:23:39.470] {"a":"this.terms has term[4] = ui"},
[20:23:39.470] {"a":"params[ui] = ui-msgbg:"},
[20:23:39.471] "abs_values[4] = ui-msgbg:",
[20:23:39.472] {"a":"this.terms has term[5] = shot"},
[20:23:39.472] {"a":"params[shot] = CU:"},
[20:23:39.472] "abs_values[5] = CU:",
[20:23:39.472] {"a":"ch_st(): $location.url(/payments:/i3d-simple:phong_head_sphere_kfb/i2d-empty:/black://CU:)"},
[20:23:39.472] {"t":"Mediator","f":"component","a":"narrative"},
[20:23:39.473] {"t":"app","f":"onEnter","a":{"name":"payments:"}},
[20:23:39.473] {"t":"app","f":"onEnter","a":{"name":"i3d-simple:phong_head_sphere_kfb"}},
[20:23:39.473] {"t":"camera3d","f":"changeTemplateScene"},
[20:23:39.474] {"t":"app","f":"onEnter","a":{"name":"i2d-empty:"}},
[20:23:39.474] {"t":"app","f":"onEnter","a":{"name":"black:"}},
[20:23:39.474] {"t":"app","f":"onEnter","a":{"name":"CU:"}},
[20:23:39.474] {"t":"timeline","f":"play"},
[20:23:39.475] {"t":"camera3d","f":"addActorToScene","a":"csphere"},
[20:23:39.475] {"t":"camera3d","f":"addActorToScene","a":"axes0"},
[20:23:39.476] {"t":"camera3d","f":"addActorToScene","a":"sphere_phong"},
[20:23:39.476] {"t":"camera3d","f":"addActorToScene","a":"key"},
[20:23:39.476] {"t":"camera3d","f":"addActorToScene","a":"fill"},
[20:23:39.477] {"t":"camera3d","f":"addActorToScene","a":"back"},
[20:23:39.611] {"a":"$location===mediator.location is\n              true"},
[20:23:39.611] {"a":"mediator[action.t] = [object Object]"},
[20:23:39.612] {"a":"target = [object Object]"},
[20:23:39.887] {"t":"camera3d","f":"addActorToScene","a":"head_scan"},
