[15:36:21.174] {"t":"camera3d","f":"place","a":12},
[15:36:21.259] {"t":"camerasphere","f":"children","a":1},
[15:36:21.259] {"t":"camerasphere","f":"create","a":"csphere"},
[15:37:20.140] {"a":"$location===mediator.location is\n              true"},
[15:37:20.160] {"a":"mediator[action.t] = [object Object]"},
[15:37:20.160] {"a":"target = [object Object]"},
[15:37:20.160] {"a":"~~~~ change_state() url = /a:/i3d-simple:simple_green/i2d-scene:disks0/base-skycube:test_cube/ui-msgbg:/LS"},
[15:37:20.161] {"a":"~~~~ change_state() this.prev_url = ^"},
[15:37:20.161] {"a":"this.terms has term[0] = scene"},
[15:37:20.162] {"a":"params[scene] = a:"},
[15:37:20.162] "abs_values[0] = a:",
[15:37:20.162] {"a":"this.terms has term[1] = i3d"},
[15:37:20.162] {"a":"params[i3d] = i3d-simple:simple_green"},
[15:37:20.162] "abs_values[1] = i3d-simple:simple_green",
[15:37:20.162] {"a":"this.terms has term[2] = i2d"},
[15:37:20.162] {"a":"params[i2d] = i2d-scene:disks0"},
[15:37:20.162] "abs_values[2] = i2d-scene:disks0",
[15:37:20.163] {"a":"this.terms has term[3] = base"},
[15:37:20.163] {"a":"params[base] = base-skycube:test_cube"},
[15:37:20.164] "abs_values[3] = base-skycube:test_cube",
[15:37:20.164] {"a":"this.terms has term[4] = ui"},
[15:37:20.165] {"a":"params[ui] = ui-msgbg:"},
[15:37:20.165] "abs_values[4] = ui-msgbg:",
[15:37:20.165] {"a":"this.terms has term[5] = shot"},
[15:37:20.165] {"a":"params[shot] = LS"},
[15:37:20.165] "abs_values[5] = LS",
[15:37:20.165] {"a":"ch_st(): $location.url(/a:/i3d-simple:simple_green/i2d-scene:disks0/base-skycube:test_cube//LS)"},
[15:37:20.165] {"t":"mediator","f":"socket.emit.actions","a":{"t":"narrative","f":"change_scene","a":"a"}},
[15:37:20.967] {"t":"app","f":"onEnter","a":{"name":"a:"}},
[15:37:20.967] {"t":"camera3d","f":"changeTemplateScene"},
[15:37:20.968] {"t":"app","f":"onEnter","a":{"name":"base-skycube:test_cube"}},
[15:37:20.967] {"t":"app","f":"onEnter","a":{"name":"i2d-scene:disks0"}},
[15:37:20.968] {"t":"timeline","f":"play"},
[15:37:20.969] {"t":"camera3d","f":"addActorToScene","a":"csphere"},
[15:37:20.970] {"t":"camera3d","f":"addActorToScene","a":"axes0"},
[15:37:20.972] {"a":"$location===mediator.location is\n              true"},
[15:37:20.972] {"a":"mediator[action.t] = [object Object]"},
[15:37:20.972] {"a":"target = [object Object]"},
[15:37:20.967] {"t":"app","f":"onEnter","a":{"name":"i3d-simple:simple_green"}},
[15:37:20.965] {"t":"Mediator","f":"component","a":"narrative"},
[15:37:20.968] {"t":"app","f":"onEnter","a":{"name":"LS"}},
[15:37:21.224] {"t":"camera3d","f":"addActorToScene","a":"cube0"},
[15:37:35.141] {"a":"$location===mediator.location is\n              true"},
[15:37:35.172] {"a":"mediator[action.t] = [object Object]"},
[15:37:35.173] {"a":"target = [object Object]"},
[15:37:35.173] {"a":"~~~~ change_state() url = /a0:/i3d-simple:simple_green/i2d-scene:disks0/base-skycube:test_cube/ui-msgbg:/shot-graft:scope1"},
[15:37:35.174] {"a":"~~~~ change_state() this.prev_url = /a:/i3d-simple:simple_green/i2d-scene:disks0/base-skycube:test_cube//LS"},
[15:37:35.174] {"a":"this.terms has term[0] = scene"},
[15:37:35.174] {"a":"params[scene] = a0:"},
[15:37:35.175] "abs_values[0] = a0:",
[15:37:35.175] {"a":"this.terms has term[1] = i3d"},
[15:37:35.176] {"a":"params[i3d] = i3d-simple:simple_green"},
[15:37:35.176] "abs_values[1] = i3d-simple:simple_green",
[15:37:35.177] {"a":"this.terms has term[2] = i2d"},
[15:37:35.177] {"a":"params[i2d] = i2d-scene:disks0"},
[15:37:35.177] "abs_values[2] = i2d-scene:disks0",
[15:37:35.177] {"a":"this.terms has term[3] = base"},
[15:37:35.179] {"a":"params[base] = base-skycube:test_cube"},
[15:37:35.180] "abs_values[3] = base-skycube:test_cube",
[15:37:35.180] {"a":"this.terms has term[4] = ui"},
[15:37:35.181] {"a":"params[ui] = ui-msgbg:"},
[15:37:35.181] "abs_values[4] = ui-msgbg:",
[15:37:35.181] {"a":"this.terms has term[5] = shot"},
[15:37:35.182] {"a":"params[shot] = shot-graft:scope1"},
[15:37:35.182] "abs_values[5] = shot-graft:scope1",
[15:37:35.182] {"a":"ch_st(): $location.url(/a0://///shot-graft:scope1)"},
[15:37:35.183] {"t":"mediator","f":"socket.emit.actions","a":{"t":"narrative","f":"change_scene","a":"a0"}},
[15:37:35.407] {"t":"Mediator","f":"component","a":"narrative"},
[15:37:35.410] {"t":"app","f":"onEnter","a":{"name":"a0:"}},
[15:37:35.412] {"t":"timeline","f":"play"},
[15:37:35.412] {"t":"camera3d","f":"addActorToScene","a":"cube0_3"},
[15:37:35.422] {"t":"camera3d","f":"addActorToScene","a":"cube0_2"},
[15:37:35.410] {"t":"app","f":"onEnter","a":{"name":"shot-graft:scope1"}},
[15:37:45.145] {"a":"$location===mediator.location is\n              true"},
[15:37:45.153] {"a":"mediator[action.t] = [object Object]"},
[15:37:45.153] {"a":"target = [object Object]"},
[15:37:45.154] {"a":"~~~~ change_state() url = /a1:/i3d-simple:simple_green/i2d-scene:disks0/base-skycube:test_cube/ui-msgbg:/shot-graft:scope2"},
[15:37:45.154] {"a":"~~~~ change_state() this.prev_url = /a0://///shot-graft:scope1"},
[15:37:45.154] {"a":"this.terms has term[0] = scene"},
[15:37:45.155] {"a":"params[scene] = a1:"},
[15:37:45.155] "abs_values[0] = a1:",
[15:37:45.155] {"a":"this.terms has term[1] = i3d"},
[15:37:45.155] {"a":"params[i3d] = i3d-simple:simple_green"},
[15:37:45.155] "abs_values[1] = i3d-simple:simple_green",
[15:37:45.155] {"a":"this.terms has term[2] = i2d"},
[15:37:45.156] {"a":"params[i2d] = i2d-scene:disks0"},
[15:37:45.156] "abs_values[2] = i2d-scene:disks0",
[15:37:45.156] {"a":"this.terms has term[3] = base"},
[15:37:45.156] {"a":"params[base] = base-skycube:test_cube"},
[15:37:45.156] "abs_values[3] = base-skycube:test_cube",
[15:37:45.156] {"a":"this.terms has term[4] = ui"},
[15:37:45.157] {"a":"params[ui] = ui-msgbg:"},
[15:37:45.157] "abs_values[4] = ui-msgbg:",
[15:37:45.157] {"a":"this.terms has term[5] = shot"},
[15:37:45.157] {"a":"params[shot] = shot-graft:scope2"},
[15:37:45.157] "abs_values[5] = shot-graft:scope2",
[15:37:45.157] {"a":"ch_st(): $location.url(/a1://///shot-graft:scope2)"},
[15:37:45.158] {"t":"mediator","f":"socket.emit.actions","a":{"t":"narrative","f":"change_scene","a":"a1"}},
[15:37:45.361] {"t":"Mediator","f":"component","a":"narrative"},
[15:37:45.362] {"t":"app","f":"onEnter","a":{"name":"a1:"}},
[15:37:45.362] {"t":"app","f":"onEnter","a":{"name":"shot-graft:scope2"}},
[15:37:45.362] {"t":"timeline","f":"play"},
[15:37:45.364] {"t":"camera3d","f":"addActorToScene","a":"s0_2_0"},
[15:37:45.364] {"t":"camera3d","f":"addActorToScene","a":"s0_2_1"},
[15:37:45.375] {"a":"$location===mediator.location is\n              true"},
[15:37:45.376] {"a":"mediator[action.t] = [object Object]"},
[15:37:45.376] {"a":"target = [object Object]"},
[15:37:55.144] {"a":"$location===mediator.location is\n              true"},
[15:37:55.168] {"a":"mediator[action.t] = [object Object]"},
[15:37:55.171] {"a":"target = [object Object]"},
[15:37:55.172] {"a":"~~~~ change_state() url = /a2:/i3d-simple:simple_green/i2d-scene:disks0/base-skycube:test_cube/ui-msgbg:/shot-graft:scope3"},
[15:37:55.172] {"a":"~~~~ change_state() this.prev_url = /a1://///shot-graft:scope2"},
[15:37:55.173] {"a":"this.terms has term[0] = scene"},
[15:37:55.173] {"a":"params[scene] = a2:"},
[15:37:55.173] "abs_values[0] = a2:",
[15:37:55.173] {"a":"this.terms has term[1] = i3d"},
[15:37:55.174] {"a":"params[i3d] = i3d-simple:simple_green"},
[15:37:55.174] "abs_values[1] = i3d-simple:simple_green",
[15:37:55.174] {"a":"this.terms has term[2] = i2d"},
[15:37:55.174] {"a":"params[i2d] = i2d-scene:disks0"},
[15:37:55.179] "abs_values[2] = i2d-scene:disks0",
[15:37:55.180] {"a":"this.terms has term[3] = base"},
[15:37:55.183] {"a":"params[base] = base-skycube:test_cube"},
[15:37:55.186] "abs_values[3] = base-skycube:test_cube",
[15:37:55.191] {"a":"this.terms has term[4] = ui"},
[15:37:55.193] {"a":"params[ui] = ui-msgbg:"},
[15:37:55.193] "abs_values[4] = ui-msgbg:",
[15:37:55.193] {"a":"this.terms has term[5] = shot"},
[15:37:55.195] {"a":"params[shot] = shot-graft:scope3"},
[15:37:55.196] "abs_values[5] = shot-graft:scope3",
[15:37:55.196] {"a":"ch_st(): $location.url(/a2://///shot-graft:scope3)"},
[15:37:55.197] {"t":"mediator","f":"socket.emit.actions","a":{"t":"narrative","f":"change_scene","a":"a2"}},
[15:37:55.212] {"t":"Mediator","f":"component","a":"narrative"},
[15:37:55.213] {"t":"app","f":"onEnter","a":{"name":"a2:"}},
[15:37:55.216] {"t":"app","f":"onEnter","a":{"name":"shot-graft:scope3"}},
[15:37:55.218] {"t":"timeline","f":"play"},
[15:37:55.218] {"a":"$location===mediator.location is\n              true"},
[15:37:55.220] {"a":"mediator[action.t] = [object Object]"},
[15:37:55.221] {"a":"target = [object Object]"},
[15:38:05.148] {"a":"$location===mediator.location is\n              true"},
[15:38:05.154] {"a":"mediator[action.t] = [object Object]"},
[15:38:05.154] {"a":"target = [object Object]"},
[15:38:10.148] {"a":"$location===mediator.location is\n              true"},
[15:38:10.156] {"a":"mediator[action.t] = [object Object]"},
[15:38:10.157] {"a":"target = [object Object]"},
[15:38:10.157] {"t":"narrative","f":"shot","a":{"delta":{"timeline":{"p":{"paused":true,"repeat":0},"actors":{"i3d:csphere:position":[{"dur":4,"p":{"x":10,"y":10,"z":-20,"immediateRender":false}}]}}}}},
[15:38:10.158] {"a":"~~~~ change_state() url = /a2:/i3d-simple:simple_green/i2d-scene:disks0/base-skycube:test_cube/ui-msgbg:/shot-anim:scope4"},
[15:38:10.158] {"a":"~~~~ change_state() this.prev_url = /a2://///shot-graft:scope3"},
[15:38:10.159] {"a":"this.terms has term[0] = scene"},
[15:38:10.160] {"a":"params[scene] = a2:"},
[15:38:10.160] "abs_values[0] = a2:",
[15:38:10.160] {"a":"this.terms has term[1] = i3d"},
[15:38:10.161] {"a":"params[i3d] = i3d-simple:simple_green"},
[15:38:10.161] "abs_values[1] = i3d-simple:simple_green",
[15:38:10.161] {"a":"this.terms has term[2] = i2d"},
[15:38:10.161] {"a":"params[i2d] = i2d-scene:disks0"},
[15:38:10.162] "abs_values[2] = i2d-scene:disks0",
[15:38:10.162] {"a":"this.terms has term[3] = base"},
[15:38:10.162] {"a":"params[base] = base-skycube:test_cube"},
[15:38:10.162] "abs_values[3] = base-skycube:test_cube",
[15:38:10.163] {"a":"this.terms has term[4] = ui"},
[15:38:10.163] {"a":"params[ui] = ui-msgbg:"},
[15:38:10.164] "abs_values[4] = ui-msgbg:",
[15:38:10.167] {"a":"this.terms has term[5] = shot"},
[15:38:10.168] {"a":"params[shot] = shot-anim:scope4"},
[15:38:10.170] "abs_values[5] = shot-anim:scope4",
[15:38:10.170] {"a":"ch_st(): $location.url(//////shot-anim:scope4)"},
[15:38:10.170] {"t":"mediator","f":"socket.emit.actions","a":{"t":"camera3d","f":"dollyflyTo","a":{"x":10,"y":10,"z":-20,"d":4}}},
[15:38:10.206] {"t":"Mediator","f":"component","a":"narrative"},
[15:38:10.206] {"t":"app","f":"onEnter","a":{"name":"shot-anim:scope4"}},
[15:38:10.206] {"t":"timeline","f":"play"},
[15:38:14.146] {"a":"$location===mediator.location is\n              true"},
[15:38:14.151] {"a":"mediator[action.t] = [object Object]"},
[15:38:14.151] {"a":"target = [object Object]"},
[15:38:20.152] {"a":"$location===mediator.location is\n              true"},
[15:38:20.159] {"a":"mediator[action.t] = [object Object]"},
[15:38:20.160] {"a":"target = [object Object]"},
[15:38:20.160] {"a":"~~~~ change_state() url = /payments:/i3d-simple:phong_head_sphere_kfb/i2d-empty:/black:/ui-msgbg:/CU:"},
[15:38:20.161] {"a":"~~~~ change_state() this.prev_url = //////shot-anim:scope4"},
[15:38:20.161] {"a":"this.terms has term[0] = scene"},
[15:38:20.162] {"a":"params[scene] = payments:"},
[15:38:20.162] "abs_values[0] = payments:",
[15:38:20.163] {"a":"this.terms has term[1] = i3d"},
[15:38:20.164] {"a":"params[i3d] = i3d-simple:phong_head_sphere_kfb"},
[15:38:20.164] "abs_values[1] = i3d-simple:phong_head_sphere_kfb",
[15:38:20.164] {"a":"this.terms has term[2] = i2d"},
[15:38:20.165] {"a":"params[i2d] = i2d-empty:"},
[15:38:20.165] "abs_values[2] = i2d-empty:",
[15:38:20.165] {"a":"this.terms has term[3] = base"},
[15:38:20.165] {"a":"params[base] = black:"},
[15:38:20.166] "abs_values[3] = black:",
[15:38:20.166] {"a":"this.terms has term[4] = ui"},
[15:38:20.166] {"a":"params[ui] = ui-msgbg:"},
[15:38:20.167] "abs_values[4] = ui-msgbg:",
[15:38:20.168] {"a":"this.terms has term[5] = shot"},
[15:38:20.172] {"a":"params[shot] = CU:"},
[15:38:20.172] "abs_values[5] = CU:",
[15:38:20.173] {"a":"ch_st(): $location.url(/payments:/i3d-simple:phong_head_sphere_kfb/i2d-empty:/black://CU:)"},
[15:38:20.173] {"t":"mediator","f":"socket.emit.actions","a":{"t":"narrative","f":"change_scene","a":"payments"}},
[15:38:21.327] {"t":"Mediator","f":"component","a":"narrative"},
[15:38:21.328] {"t":"app","f":"onEnter","a":{"name":"payments:"}},
[15:38:21.328] {"t":"app","f":"onEnter","a":{"name":"i3d-simple:phong_head_sphere_kfb"}},
[15:38:21.329] {"t":"camera3d","f":"changeTemplateScene"},
[15:38:21.331] {"t":"app","f":"onEnter","a":{"name":"i2d-empty:"}},
[15:38:21.332] {"t":"app","f":"onEnter","a":{"name":"black:"}},
[15:38:21.332] {"t":"app","f":"onEnter","a":{"name":"CU:"}},
[15:38:21.333] {"t":"timeline","f":"play"},
[15:38:21.333] {"t":"camera3d","f":"addActorToScene","a":"sphere_phong"},
[15:38:21.333] {"t":"camera3d","f":"addActorToScene","a":"csphere"},
[15:38:21.333] {"t":"camera3d","f":"addActorToScene","a":"axes0"},
[15:38:21.333] {"t":"camera3d","f":"addActorToScene","a":"sphere_phong"},
[15:38:21.334] {"t":"camera3d","f":"addActorToScene","a":"key"},
[15:38:21.334] {"t":"camera3d","f":"addActorToScene","a":"fill"},
[15:38:21.334] {"t":"camera3d","f":"addActorToScene","a":"back"},
[15:38:21.334] {"t":"camera3d","f":"addActorToScene","a":"key"},
[15:38:21.334] {"t":"camera3d","f":"addActorToScene","a":"fill"},
[15:38:21.335] {"t":"camera3d","f":"addActorToScene","a":"back"},
[15:38:21.335] {"a":"$location===mediator.location is\n              true"},
[15:38:21.335] {"a":"mediator[action.t] = [object Object]"},
[15:38:21.335] {"a":"target = [object Object]"},
[15:38:21.530] {"t":"camera3d","f":"addActorToScene","a":"head_scan"},
[15:38:21.795] {"t":"camera3d","f":"addActorToScene","a":"head_scan"},
[15:38:30.154] {"a":"$location===mediator.location is\n              true"},
[15:38:30.157] {"a":"mediator[action.t] = [object Object]"},
[15:38:30.158] {"a":"target = [object Object]"},
[15:38:30.160] {"t":"mediator","f":"socket.emit.actions","a":{"t":"camera3d","f":"toggle_csphere","a":{"val":false}}},
[15:38:45.159] {"a":"$location===mediator.location is\n              true"},
[15:38:45.160] {"a":"mediator[action.t] = [object Object]"},
[15:38:45.160] {"a":"target = [object Object]"},
[15:38:45.161] {"t":"mediator","f":"socket.emit.actions","a":{"t":"camera3d","f":"toggle_csphere","a":{"val":true}}},
[15:38:55.156] {"a":"$location===mediator.location is\n              true"},
[15:38:55.164] {"a":"mediator[action.t] = [object Object]"},
[15:38:55.164] {"a":"target = [object Object]"},
[15:38:55.164] {"t":"mediator","f":"socket.emit.actions","a":{"t":"camera3d","f":"toggle_light","a":{"name":"key","val":false}}},
[15:39:10.160] {"a":"$location===mediator.location is\n              true"},
[15:39:10.163] {"a":"mediator[action.t] = [object Object]"},
[15:39:10.164] {"a":"target = [object Object]"},
[15:39:10.164] {"t":"mediator","f":"socket.emit.actions","a":{"t":"camera3d","f":"toggle_light","a":{"name":"fill","val":false}}},
[15:39:20.161] {"a":"$location===mediator.location is\n              true"},
[15:39:20.163] {"a":"mediator[action.t] = [object Object]"},
[15:39:20.163] {"a":"target = [object Object]"},
[15:39:20.163] {"t":"mediator","f":"socket.emit.actions","a":{"t":"camera3d","f":"toggle_light","a":{"name":"back","val":false}}},
[15:39:35.162] {"a":"$location===mediator.location is\n              true"},
[15:39:35.164] {"a":"mediator[action.t] = [object Object]"},
[15:39:35.165] {"a":"target = [object Object]"},
[15:39:35.166] {"t":"mediator","f":"socket.emit.actions","a":{"t":"camera3d","f":"toggle_light","a":{"name":"key","val":true}}},
[15:39:50.164] {"a":"$location===mediator.location is\n              true"},
[15:39:50.171] {"a":"mediator[action.t] = [object Object]"},
[15:39:50.171] {"a":"target = [object Object]"},
[15:39:50.172] {"t":"mediator","f":"socket.emit.actions","a":{"t":"camera3d","f":"toggle_light","a":{"name":"fill","val":true}}},
[15:40:00.166] {"a":"$location===mediator.location is\n              true"},
[15:40:00.177] {"a":"mediator[action.t] = [object Object]"},
[15:40:00.177] {"a":"target = [object Object]"},
[15:40:00.177] {"t":"mediator","f":"socket.emit.actions","a":{"t":"camera3d","f":"toggle_light","a":{"name":"back","val":true}}},
[15:40:15.171] {"a":"$location===mediator.location is\n              true"},
[15:40:15.178] {"a":"mediator[action.t] = [object Object]"},
[15:40:15.179] {"a":"target = [object Object]"},
[15:40:15.179] {"a":"~~~~ change_state() url = /a:/i3d-simple:simple_green/i2d-scene:disks0/base-skycube:test_cube/ui-msgbg:/LS"},
[15:40:15.179] {"a":"~~~~ change_state() this.prev_url = /payments:/i3d-simple:phong_head_sphere_kfb/i2d-empty:/black://CU:"},
[15:40:15.180] {"a":"this.terms has term[0] = scene"},
[15:40:15.181] {"a":"params[scene] = a:"},
[15:40:15.182] "abs_values[0] = a:",
[15:40:15.182] {"a":"this.terms has term[1] = i3d"},
[15:40:15.182] {"a":"params[i3d] = i3d-simple:simple_green"},
[15:40:15.183] "abs_values[1] = i3d-simple:simple_green",
[15:40:15.183] {"a":"this.terms has term[2] = i2d"},
[15:40:15.183] {"a":"params[i2d] = i2d-scene:disks0"},
[15:40:15.184] "abs_values[2] = i2d-scene:disks0",
[15:40:15.184] {"a":"this.terms has term[3] = base"},
[15:40:15.184] {"a":"params[base] = base-skycube:test_cube"},
[15:40:15.185] "abs_values[3] = base-skycube:test_cube",
[15:40:15.185] {"a":"this.terms has term[4] = ui"},
[15:40:15.185] {"a":"params[ui] = ui-msgbg:"},
[15:40:15.186] "abs_values[4] = ui-msgbg:",
[15:40:15.186] {"a":"this.terms has term[5] = shot"},
[15:40:15.186] {"a":"params[shot] = LS"},
[15:40:15.187] "abs_values[5] = LS",
[15:40:15.187] {"a":"ch_st(): $location.url(/a:/i3d-simple:simple_green/i2d-scene:disks0/base-skycube:test_cube//LS)"},
[15:40:15.187] {"t":"mediator","f":"socket.emit.actions","a":{"t":"narrative","f":"change_scene","a":"a"}},
[15:40:15.500] {"t":"Mediator","f":"component","a":"narrative"},
[15:40:15.500] {"t":"app","f":"onEnter","a":{"name":"a:"}},
[15:40:15.500] {"t":"app","f":"onEnter","a":{"name":"i3d-simple:simple_green"}},
[15:40:15.501] {"t":"camera3d","f":"changeTemplateScene"},
[15:40:15.501] {"t":"app","f":"onEnter","a":{"name":"i2d-scene:disks0"}},
[15:40:15.501] {"t":"app","f":"onEnter","a":{"name":"base-skycube:test_cube"}},
[15:40:15.501] {"t":"app","f":"onEnter","a":{"name":"LS"}},
[15:40:15.501] {"t":"timeline","f":"play"},
[15:40:15.501] {"t":"camera3d","f":"addActorToScene","a":"csphere"},
[15:40:15.502] {"t":"camera3d","f":"addActorToScene","a":"axes0"},
[15:40:15.502] {"a":"$location===mediator.location is\n              true"},
[15:40:15.502] {"a":"mediator[action.t] = [object Object]"},
[15:40:15.503] {"a":"target = [object Object]"},
[15:40:15.510] {"t":"camera3d","f":"addActorToScene","a":"cube0"},
[15:40:15.511] {"t":"camera3d","f":"addActorToScene","a":"cube0"},
[15:40:15.510] {"t":"camera3d","f":"addActorToScene","a":"cube0"},
[15:40:25.172] {"a":"$location===mediator.location is\n              true"},
[15:40:25.183] {"a":"mediator[action.t] = [object Object]"},
[15:40:25.183] {"a":"target = [object Object]"},
[15:40:25.184] {"a":"~~~~ change_state() url = /a:/i3d-simple:simple_green/i2d-scene:disks0/base-skycube:test_cube/ui-msgbg:/shot-graft:scope7"},
[15:40:25.184] {"a":"~~~~ change_state() this.prev_url = /a:/i3d-simple:simple_green/i2d-scene:disks0/base-skycube:test_cube//LS"},
[15:40:25.185] {"a":"params[i3d] = i3d-simple:simple_green"},
[15:40:25.186] "abs_values[2] = i2d-scene:disks0",
[15:40:25.186] "abs_values[3] = base-skycube:test_cube",
[15:40:25.187] {"a":"params[shot] = shot-graft:scope7"},
[15:40:25.188] {"a":"ch_st(): $location.url(//////shot-graft:scope7)"},
[15:40:25.189] {"t":"mediator","f":"socket.emit.actions","a":{"t":"narrative","f":"shot","a":"shot-graft:{\"delta\":{\"timeline\":{\"p\":{\"repeat\":0},\"actors\":{\"i3d:cube0:scale\":[{\"dur\":10,\"p\":{\"x\":0.5,\"y\":0.5,\"z\":0.5}}]}},\"branches\":{\"cube0\":{\"children\":{\"cube0_2\":{\"form\":{\"type\":\"'cube.i3d'\",\"x\":0,\"y\":0,\"z\":0,\"textureurl\":\"./images/sky.jpg\",\"w\":5,\"h\":10,\"d\":10,\"color\":\"blue\",\"transparent\":true,\"opacity\":1},\"transform\":{\"t\":[-20,-10,0],\"s\":[0.01,0.01,0.01]},\"children\":{}},\"cube0_3\":{\"form\":{\"type\":\"'cube.i3d'\",\"x\":0,\"y\":-20,\"z\":0,\"textureurl\":\"sky_jpg\",\"w\":5,\"h\":10,\"d\":10,\"color\":\"blue\",\"transparent\":true,\"opacity\":1},\"transform\":{\"t\":[20,0,0],\"s\":[0.01,0.01,0.01]},\"children\":{}}}}}}}"}},
[15:40:25.187] "abs_values[4] = ui-msgbg:",
[15:40:25.187] {"a":"this.terms has term[5] = shot"},
[15:40:25.185] "abs_values[1] = i3d-simple:simple_green",
[15:40:25.186] {"a":"params[base] = base-skycube:test_cube"},
[15:40:25.184] {"a":"this.terms has term[0] = scene"},
[15:40:25.184] {"a":"params[scene] = a:"},
[15:40:25.185] {"a":"this.terms has term[1] = i3d"},
[15:40:25.187] "abs_values[5] = shot-graft:scope7",
[15:40:25.186] {"a":"this.terms has term[3] = base"},
[15:40:25.186] {"a":"this.terms has term[4] = ui"},
[15:40:25.185] {"a":"this.terms has term[2] = i2d"},
[15:40:25.185] {"a":"params[i2d] = i2d-scene:disks0"},
[15:40:25.185] "abs_values[0] = a:",
[15:40:25.186] {"a":"params[ui] = ui-msgbg:"},
[15:40:25.445] {"t":"Mediator","f":"component","a":"narrative"},
[15:40:25.446] {"t":"app","f":"onEnter","a":{"name":"shot-graft:scope7"}},
[15:40:25.446] {"t":"timeline","f":"play"},
[15:40:25.446] {"t":"camera3d","f":"addActorToScene","a":"cube0_3"},
[15:40:25.457] {"t":"camera3d","f":"addActorToScene","a":"cube0_3"},
[15:40:25.460] {"t":"camera3d","f":"addActorToScene","a":"cube0_2"},
[15:40:25.460] {"t":"camera3d","f":"addActorToScene","a":"cube0_2"},
[15:40:35.167] {"a":"$location===mediator.location is\n              true"},
[15:40:35.172] {"a":"mediator[action.t] = [object Object]"},
[15:40:35.174] {"a":"target = [object Object]"},
[15:40:40.172] {"a":"$location===mediator.location is\n              true"},
[15:40:40.178] {"a":"mediator[action.t] = [object Object]"},
[15:40:40.179] {"a":"target = [object Object]"},
[15:40:40.179] {"a":"~~~~ change_state() url = /a:/i3d-simple:simple_green/i2d-scene:disks0/base-skycube:test_cube/ui-msgbg:/shot-graft:scope8"},
[15:40:40.179] {"a":"~~~~ change_state() this.prev_url = //////shot-graft:scope7"},
[15:40:40.180] {"a":"this.terms has term[0] = scene"},
[15:40:40.181] {"a":"params[scene] = a:"},
[15:40:40.181] "abs_values[0] = a:",
[15:40:40.181] {"a":"this.terms has term[1] = i3d"},
[15:40:40.182] {"a":"params[i3d] = i3d-simple:simple_green"},
[15:40:40.182] "abs_values[1] = i3d-simple:simple_green",
[15:40:40.183] {"a":"this.terms has term[2] = i2d"},
[15:40:40.183] {"a":"params[i2d] = i2d-scene:disks0"},
[15:40:40.183] "abs_values[2] = i2d-scene:disks0",
[15:40:40.183] {"a":"this.terms has term[3] = base"},
[15:40:40.184] {"a":"params[base] = base-skycube:test_cube"},
[15:40:40.184] "abs_values[3] = base-skycube:test_cube",
[15:40:40.184] {"a":"this.terms has term[4] = ui"},
[15:40:40.184] {"a":"params[ui] = ui-msgbg:"},
[15:40:40.185] "abs_values[4] = ui-msgbg:",
[15:40:40.185] {"a":"this.terms has term[5] = shot"},
[15:40:40.186] {"a":"params[shot] = shot-graft:scope8"},
[15:40:40.186] "abs_values[5] = shot-graft:scope8",
[15:40:40.186] {"a":"ch_st(): $location.url(//////shot-graft:scope8)"},
[15:40:40.187] {"t":"mediator","f":"socket.emit.actions","a":{"t":"narrative","f":"shot","a":"shot-graft:{\"delta\":{\"timeline\":{\"p\":{\"repeat\":0},\"actors\":{\"i3d:cube0_2:scale\":[{\"dur\":10,\"p\":{\"x\":1,\"y\":1,\"z\":1}}],\"i3d:cube0_3:scale\":[{\"dur\":10,\"p\":{\"x\":1,\"y\":1,\"z\":1}}]}},\"branches\":{\"cube0_2\":{\"children\":{\"s0_2_0\":{\"form\":{\"type\":\"'sphere.i3d'\",\"r\":5,\"color\":\"blue\",\"transparent\":true,\"opacity\":0.8},\"transform\":{\"e\":[0,-0.785,0],\"t\":[-10,-10,0],\"s\":[0.01,0.01,0.01]},\"children\":{}},\"s0_2_1\":{\"form\":{\"type\":\"'sphere.i3d'\",\"r\":5,\"color\":\"blue\",\"transparent\":true,\"opacity\":0.8},\"transform\":{\"e\":[0,0.785,0],\"t\":[10,10,0],\"s\":[0.01,0.01,0.01]},\"children\":{}}}}}}}"}},
[15:40:40.418] {"t":"Mediator","f":"component","a":"narrative"},
[15:40:40.418] {"t":"app","f":"onEnter","a":{"name":"shot-graft:scope8"}},
[15:40:40.419] {"t":"timeline","f":"play"},
[15:40:40.419] {"t":"camera3d","f":"addActorToScene","a":"s0_2_0"},
[15:40:40.419] {"t":"camera3d","f":"addActorToScene","a":"s0_2_1"},
[15:40:40.419] {"t":"camera3d","f":"addActorToScene","a":"s0_2_0"},
[15:40:40.419] {"t":"camera3d","f":"addActorToScene","a":"s0_2_1"},
[15:40:50.173] {"a":"$location===mediator.location is\n              true"},
[15:40:50.189] {"a":"mediator[action.t] = [object Object]"},
[15:40:50.189] {"a":"target = [object Object]"},
[15:40:50.192] {"a":"$location===mediator.location is\n              true"},
[15:40:50.193] {"a":"mediator[action.t] = [object Object]"},
[15:40:50.193] {"a":"target = [object Object]"},
[15:40:50.193] {"a":"~~~~ change_state() url = /a:/i3d-simple:simple_green/i2d-scene:disks0/base-skycube:test_cube/ui-msgbg:/shot-graft:scope9"},
[15:40:50.194] {"a":"~~~~ change_state() this.prev_url = //////shot-graft:scope8"},
[15:40:50.194] {"a":"this.terms has term[0] = scene"},
[15:40:50.194] {"a":"params[scene] = a:"},
[15:40:50.195] "abs_values[0] = a:",
[15:40:50.195] {"a":"this.terms has term[1] = i3d"},
[15:40:50.195] {"a":"params[i3d] = i3d-simple:simple_green"},
[15:40:50.196] "abs_values[1] = i3d-simple:simple_green",
[15:40:50.197] {"a":"this.terms has term[2] = i2d"},
[15:40:50.197] {"a":"params[i2d] = i2d-scene:disks0"},
[15:40:50.197] "abs_values[2] = i2d-scene:disks0",
[15:40:50.197] {"a":"this.terms has term[3] = base"},
[15:40:50.197] {"a":"params[base] = base-skycube:test_cube"},
[15:40:50.197] "abs_values[3] = base-skycube:test_cube",
[15:40:50.197] {"a":"this.terms has term[4] = ui"},
[15:40:50.197] {"a":"params[ui] = ui-msgbg:"},
[15:40:50.197] "abs_values[4] = ui-msgbg:",
[15:40:50.198] {"a":"this.terms has term[5] = shot"},
[15:40:50.198] {"a":"params[shot] = shot-graft:scope9"},
[15:40:50.198] "abs_values[5] = shot-graft:scope9",
[15:40:50.198] {"a":"ch_st(): $location.url(//////shot-graft:scope9)"},
[15:40:50.199] {"t":"mediator","f":"socket.emit.actions","a":{"t":"narrative","f":"shot","a":"shot-graft:{\"delta\":{\"timeline\":{\"p\":{\"repeat\":0},\"actors\":{\"i3d:s0_2_0:scale\":[{\"dur\":10,\"p\":{\"x\":1,\"y\":1,\"z\":1}}],\"i3d:s0_2_1:scale\":[{\"dur\":10,\"p\":{\"x\":1,\"y\":1,\"z\":1}}]}},\"branches\":{}}}"}},
[15:40:50.222] {"t":"Mediator","f":"component","a":"narrative"},
[15:40:50.222] {"t":"app","f":"onEnter","a":{"name":"shot-graft:scope9"}},
[15:40:50.222] {"t":"timeline","f":"play"},
[15:41:00.179] {"a":"$location===mediator.location is\n              true"},
[15:41:00.201] {"a":"mediator[action.t] = [object Object]"},
[15:41:00.201] {"a":"target = [object Object]"},
[15:41:05.201] {"a":"$location===mediator.location is\n              true"},
[15:41:05.215] {"a":"mediator[action.t] = [object Object]"},
[15:41:05.215] {"a":"target = [object Object]"},
[15:41:05.215] {"t":"narrative","f":"shot","a":{"delta":{"timeline":{"p":{"paused":true,"repeat":0},"actors":{"i3d:camera:rotation":[{"dur":4,"p":{"y":0.7854,"immediateRender":false}}]}}}}},
[15:41:05.217] {"a":"~~~~ change_state() url = /a:/i3d-simple:simple_green/i2d-scene:disks0/base-skycube:test_cube/ui-msgbg:/shot-anim:scope10"},
[15:41:05.217] {"a":"~~~~ change_state() this.prev_url = //////shot-graft:scope9"},
[15:41:05.217] {"a":"this.terms has term[0] = scene"},
[15:41:05.218] {"a":"params[scene] = a:"},
[15:41:05.218] "abs_values[0] = a:",
[15:41:05.218] {"a":"this.terms has term[1] = i3d"},
[15:41:05.218] {"a":"params[i3d] = i3d-simple:simple_green"},
[15:41:05.218] "abs_values[1] = i3d-simple:simple_green",
[15:41:05.218] {"a":"this.terms has term[2] = i2d"},
[15:41:05.218] {"a":"params[i2d] = i2d-scene:disks0"},
[15:41:05.219] "abs_values[2] = i2d-scene:disks0",
[15:41:05.219] {"a":"this.terms has term[3] = base"},
[15:41:05.219] {"a":"params[base] = base-skycube:test_cube"},
[15:41:05.219] "abs_values[3] = base-skycube:test_cube",
[15:41:05.219] {"a":"this.terms has term[4] = ui"},
[15:41:05.220] {"a":"params[ui] = ui-msgbg:"},
[15:41:05.220] "abs_values[4] = ui-msgbg:",
[15:41:05.221] {"a":"this.terms has term[5] = shot"},
[15:41:05.221] {"a":"params[shot] = shot-anim:scope10"},
[15:41:05.221] "abs_values[5] = shot-anim:scope10",
[15:41:05.221] {"a":"ch_st(): $location.url(//////shot-anim:scope10)"},
[15:41:05.221] {"t":"mediator","f":"socket.emit.actions","a":{"t":"camera3d","f":"panflyTo","a":{"r":0.7854,"d":4}}},
[15:41:05.250] {"t":"Mediator","f":"component","a":"narrative"},
[15:41:05.250] {"t":"app","f":"onEnter","a":{"name":"shot-anim:scope10"}},
[15:41:05.251] {"t":"timeline","f":"play"},
[15:41:09.212] {"a":"$location===mediator.location is\n              true"},
[15:41:09.222] {"a":"mediator[action.t] = [object Object]"},
[15:41:09.222] {"a":"target = [object Object]"},
[15:41:15.203] {"a":"$location===mediator.location is\n              true"},
[15:41:15.216] {"a":"mediator[action.t] = [object Object]"},
[15:41:15.216] {"a":"target = [object Object]"},
[15:41:15.217] {"a":"~~~~ change_state() url = /footprint:/i3d-scene:scene1/i2d-empty:/escher:/ui-msgbg:/ECU:"},
[15:41:15.217] {"a":"~~~~ change_state() this.prev_url = //////shot-anim:scope10"},
[15:41:15.217] {"a":"this.terms has term[0] = scene"},
[15:41:15.217] {"a":"params[scene] = footprint:"},
[15:41:15.217] "abs_values[0] = footprint:",
[15:41:15.217] {"a":"this.terms has term[1] = i3d"},
[15:41:15.217] {"a":"params[i3d] = i3d-scene:scene1"},
[15:41:15.217] "abs_values[1] = i3d-scene:scene1",
[15:41:15.218] {"a":"this.terms has term[2] = i2d"},
[15:41:15.218] {"a":"params[i2d] = i2d-empty:"},
[15:41:15.218] "abs_values[2] = i2d-empty:",
[15:41:15.218] {"a":"this.terms has term[3] = base"},
[15:41:15.218] {"a":"params[base] = escher:"},
[15:41:15.218] "abs_values[3] = escher:",
[15:41:15.218] {"a":"this.terms has term[4] = ui"},
[15:41:15.218] {"a":"params[ui] = ui-msgbg:"},
[15:41:15.218] "abs_values[4] = ui-msgbg:",
[15:41:15.219] {"a":"this.terms has term[5] = shot"},
[15:41:15.219] {"a":"params[shot] = ECU:"},
[15:41:15.219] "abs_values[5] = ECU:",
[15:41:15.219] {"a":"ch_st(): $location.url(/footprint:/i3d-scene:scene1/i2d-empty:/escher://ECU:)"},
[15:41:15.219] {"t":"mediator","f":"socket.emit.actions","a":{"t":"narrative","f":"change_scene","a":"footprint"}},
[15:41:19.218] {"t":"app","f":"onEnter","a":{"name":"footprint:"}},
[15:41:19.218] {"t":"Mediator","f":"component","a":"narrative"},
[15:41:19.218] {"t":"camera3d","f":"changeTemplateScene"},
[15:41:19.220] {"t":"camera3d","f":"addBillboardToScene","a":"bb8"},
[15:41:19.219] {"t":"app","f":"onEnter","a":{"name":"ECU:"}},
[15:41:19.220] {"t":"camera3d","f":"addBillboardToScene","a":"bb7"},
[15:41:19.219] {"t":"app","f":"onEnter","a":{"name":"escher:"}},
[15:41:19.219] {"t":"camera3d","f":"addBillboardToScene","a":"bb_singular2"},
[15:41:19.219] {"t":"camera3d","f":"addBillboardToScene","a":"bb1"},
[15:41:19.220] {"t":"camera3d","f":"addBillboardToScene","a":"bb3"},
[15:41:19.219] {"t":"camera3d","f":"addBillboardToScene","a":"bb0"},
[15:41:19.220] {"t":"camera3d","f":"addBillboardToScene","a":"bb4"},
[15:41:19.221] {"t":"camera3d","f":"addBillboardToScene","a":"bb21"},
[15:41:19.220] {"t":"camera3d","f":"addBillboardToScene","a":"bb6"},
[15:41:19.218] {"t":"app","f":"onEnter","a":{"name":"i3d-scene:scene1"}},
[15:41:19.220] {"t":"camera3d","f":"addBillboardToScene","a":"bb2"},
[15:41:19.219] {"t":"timeline","f":"play"},
[15:41:19.221] {"t":"camera3d","f":"addBillboardToScene","a":"bb20"},
[15:41:19.218] {"t":"app","f":"onEnter","a":{"name":"i2d-empty:"}},
[15:41:19.220] {"t":"camera3d","f":"addBillboardToScene","a":"bb5"},
[15:41:19.223] {"t":"camera3d","f":"addBillboardToScene","a":"bb58"},
[15:41:19.222] {"t":"camera3d","f":"addBillboardToScene","a":"bb25"},
[15:41:19.221] {"t":"camera3d","f":"addBillboardToScene","a":"bb22"},
[15:41:19.222] {"t":"camera3d","f":"addBillboardToScene","a":"bb54"},
[15:41:19.221] {"t":"camera3d","f":"addBillboardToScene","a":"bb18"},
[15:41:19.222] {"t":"camera3d","f":"addBillboardToScene","a":"bb26"},
[15:41:19.221] {"t":"camera3d","f":"addBillboardToScene","a":"bb19"},
[15:41:19.222] {"t":"camera3d","f":"addBillboardToScene","a":"bb24"},
[15:41:19.223] {"t":"camera3d","f":"addBillboardToScene","a":"bb59"},
[15:41:19.223] {"t":"camera3d","f":"addBillboardToScene","a":"bb57"},
[15:41:19.223] {"t":"camera3d","f":"addBillboardToScene","a":"bb60"},
[15:41:19.223] {"t":"camera3d","f":"addBillboardToScene","a":"bb56"},
[15:41:19.222] {"t":"camera3d","f":"addBillboardToScene","a":"bb23"},
[15:41:19.223] {"t":"camera3d","f":"addBillboardToScene","a":"bb61"},
[15:41:19.224] {"t":"camera3d","f":"addBillboardToScene","a":"bb0"},
[15:41:19.224] {"t":"camera3d","f":"addBillboardToScene","a":"bb_singular2"},
[15:41:19.224] {"t":"camera3d","f":"addBillboardToScene","a":"bb2"},
[15:41:19.224] {"t":"camera3d","f":"addBillboardToScene","a":"bb1"},
[15:41:19.224] {"t":"camera3d","f":"addBillboardToScene","a":"bb62"},
[15:41:19.225] {"t":"camera3d","f":"addBillboardToScene","a":"bb3"},
[15:41:19.222] {"t":"camera3d","f":"addBillboardToScene","a":"bb55"},
[15:41:19.225] {"t":"camera3d","f":"addBillboardToScene","a":"bb4"},
[15:41:19.225] {"t":"camera3d","f":"addBillboardToScene","a":"bb5"},
[15:41:19.225] {"t":"camera3d","f":"addBillboardToScene","a":"bb6"},
[15:41:19.225] {"t":"camera3d","f":"addBillboardToScene","a":"bb7"},
[15:41:19.226] {"t":"camera3d","f":"addBillboardToScene","a":"bb8"},
[15:41:19.226] {"t":"camera3d","f":"addBillboardToScene","a":"bb18"},
[15:41:19.226] {"t":"camera3d","f":"addBillboardToScene","a":"bb19"},
[15:41:19.226] {"t":"camera3d","f":"addBillboardToScene","a":"bb20"},
[15:41:19.226] {"t":"camera3d","f":"addBillboardToScene","a":"bb21"},
[15:41:19.226] {"t":"camera3d","f":"addBillboardToScene","a":"bb22"},
[15:41:19.227] {"t":"camera3d","f":"addBillboardToScene","a":"bb23"},
[15:41:19.227] {"t":"camera3d","f":"addBillboardToScene","a":"bb24"},
[15:41:19.227] {"t":"camera3d","f":"addBillboardToScene","a":"bb25"},
[15:41:19.227] {"t":"camera3d","f":"addBillboardToScene","a":"bb26"},
[15:41:19.227] {"t":"camera3d","f":"addBillboardToScene","a":"bb54"},
[15:41:19.227] {"t":"camera3d","f":"addBillboardToScene","a":"bb55"},
[15:41:19.227] {"t":"camera3d","f":"addBillboardToScene","a":"bb56"},
[15:41:19.228] {"t":"camera3d","f":"addBillboardToScene","a":"bb57"},
[15:41:19.228] {"t":"camera3d","f":"addBillboardToScene","a":"bb58"},
[15:41:19.228] {"t":"camera3d","f":"addBillboardToScene","a":"bb59"},
[15:41:19.228] {"t":"camera3d","f":"addBillboardToScene","a":"bb60"},
[15:41:19.228] {"t":"camera3d","f":"addBillboardToScene","a":"bb61"},
[15:41:19.228] {"t":"camera3d","f":"addBillboardToScene","a":"bb62"},
[15:41:19.229] {"t":"camera3d","f":"addBillboardToScene","a":"bb_singular2"},
[15:41:19.230] {"t":"camera3d","f":"addBillboardToScene","a":"bb0"},
[15:41:19.230] {"t":"camera3d","f":"addBillboardToScene","a":"bb1"},
[15:41:19.230] {"t":"camera3d","f":"addBillboardToScene","a":"bb2"},
[15:41:19.231] {"t":"camera3d","f":"addBillboardToScene","a":"bb3"},
[15:41:19.231] {"t":"camera3d","f":"addBillboardToScene","a":"bb4"},
[15:41:19.231] {"t":"camera3d","f":"addBillboardToScene","a":"bb5"},
[15:41:19.231] {"t":"camera3d","f":"addBillboardToScene","a":"bb6"},
[15:41:19.231] {"t":"camera3d","f":"addBillboardToScene","a":"bb7"},
[15:41:19.231] {"t":"camera3d","f":"addBillboardToScene","a":"bb8"},
[15:41:19.232] {"t":"camera3d","f":"addBillboardToScene","a":"bb18"},
[15:41:19.232] {"t":"camera3d","f":"addBillboardToScene","a":"bb19"},
[15:41:19.232] {"t":"camera3d","f":"addBillboardToScene","a":"bb20"},
[15:41:19.232] {"t":"camera3d","f":"addBillboardToScene","a":"bb21"},
[15:41:19.233] {"t":"camera3d","f":"addBillboardToScene","a":"bb22"},
[15:41:19.233] {"t":"camera3d","f":"addBillboardToScene","a":"bb23"},
[15:41:19.233] {"t":"camera3d","f":"addBillboardToScene","a":"bb24"},
[15:41:19.233] {"t":"camera3d","f":"addBillboardToScene","a":"bb25"},
[15:41:19.234] {"t":"camera3d","f":"addBillboardToScene","a":"bb26"},
[15:41:19.234] {"t":"camera3d","f":"addBillboardToScene","a":"bb54"},
[15:41:19.234] {"t":"camera3d","f":"addBillboardToScene","a":"bb55"},
[15:41:19.234] {"t":"camera3d","f":"addBillboardToScene","a":"bb56"},
[15:41:19.234] {"t":"camera3d","f":"addBillboardToScene","a":"bb57"},
[15:41:19.234] {"t":"camera3d","f":"addBillboardToScene","a":"bb58"},
[15:41:19.235] {"t":"camera3d","f":"addBillboardToScene","a":"bb59"},
[15:41:19.235] {"t":"camera3d","f":"addBillboardToScene","a":"bb62"},
[15:41:19.235] {"t":"camera3d","f":"addBillboardToScene","a":"bb60"},
[15:41:19.235] {"t":"camera3d","f":"addBillboardToScene","a":"bb61"},
[15:41:19.235] {"t":"camera3d","f":"addActorToScene","a":"csphere"},
[15:41:19.235] {"t":"camera3d","f":"addBillboardToScene","a":"bb_singular2"},
[15:41:19.235] {"t":"camera3d","f":"addBillboardToScene","a":"bb0"},
[15:41:19.236] {"t":"camera3d","f":"addBillboardToScene","a":"bb1"},
[15:41:19.236] {"t":"camera3d","f":"addBillboardToScene","a":"bb2"},
[15:41:19.236] {"t":"camera3d","f":"addBillboardToScene","a":"bb3"},
[15:41:19.236] {"t":"camera3d","f":"addBillboardToScene","a":"bb4"},
[15:41:19.236] {"t":"camera3d","f":"addBillboardToScene","a":"bb5"},
[15:41:19.236] {"t":"camera3d","f":"addBillboardToScene","a":"bb6"},
[15:41:19.236] {"t":"camera3d","f":"addBillboardToScene","a":"bb7"},
[15:41:19.237] {"t":"camera3d","f":"addBillboardToScene","a":"bb8"},
[15:41:19.237] {"t":"camera3d","f":"addBillboardToScene","a":"bb18"},
[15:41:19.237] {"t":"camera3d","f":"addBillboardToScene","a":"bb19"},
[15:41:19.237] {"t":"camera3d","f":"addBillboardToScene","a":"bb20"},
[15:41:19.237] {"t":"camera3d","f":"addBillboardToScene","a":"bb21"},
[15:41:19.237] {"t":"camera3d","f":"addBillboardToScene","a":"bb22"},
[15:41:19.237] {"t":"camera3d","f":"addBillboardToScene","a":"bb23"},
[15:41:19.238] {"t":"camera3d","f":"addBillboardToScene","a":"bb24"},
[15:41:19.238] {"t":"camera3d","f":"addBillboardToScene","a":"bb25"},
[15:41:19.238] {"t":"camera3d","f":"addBillboardToScene","a":"bb26"},
[15:41:19.238] {"t":"camera3d","f":"addBillboardToScene","a":"bb54"},
[15:41:19.238] {"t":"camera3d","f":"addBillboardToScene","a":"bb55"},
[15:41:19.238] {"t":"camera3d","f":"addBillboardToScene","a":"bb56"},
[15:41:19.239] {"t":"camera3d","f":"addBillboardToScene","a":"bb58"},
[15:41:19.238] {"t":"camera3d","f":"addBillboardToScene","a":"bb57"},
[15:41:19.239] {"t":"camera3d","f":"addBillboardToScene","a":"bb59"},
[15:41:19.239] {"t":"camera3d","f":"addBillboardToScene","a":"bb60"},
[15:41:19.239] {"t":"camera3d","f":"addBillboardToScene","a":"bb61"},
[15:41:19.239] {"t":"camera3d","f":"addBillboardToScene","a":"bb62"},
[15:41:19.240] {"a":"$location===mediator.location is\n              true"},
[15:41:19.240] {"a":"mediator[action.t] = [object Object]"},
[15:41:19.240] {"a":"target = [object Object]"},
[15:41:19.335] {"t":"camera3d","f":"addBillboardToScene","a":"bb_singular"},
[15:41:19.335] {"t":"camera3d","f":"addBillboardToScene","a":"bb_singular"},
[15:41:19.335] {"t":"camera3d","f":"addBillboardToScene","a":"bb_singular"},
[15:41:19.335] {"t":"camera3d","f":"addBillboardToScene","a":"bb_singular"},
[15:41:35.204] {"a":"$location===mediator.location is\n              true"},
[15:41:35.220] {"a":"mediator[action.t] = [object Object]"},
[15:41:35.220] {"a":"target = [object Object]"},
[15:41:35.221] {"t":"narrative","f":"shot","a":{"delta":{"timeline":{"p":{"paused":true,"repeat":0},"actors":{"i3d:camera:rotation":[{"dur":4,"p":{"y":0.7854,"immediateRender":false}}]}}}}},
[15:41:35.221] {"a":"~~~~ change_state() url = /footprint:/i3d-scene:scene1/i2d-empty:/escher:/ui-msgbg:/shot-anim:scope12"},
[15:41:35.221] {"a":"~~~~ change_state() this.prev_url = /footprint:/i3d-scene:scene1/i2d-empty:/escher://ECU:"},
[15:41:35.221] {"a":"this.terms has term[0] = scene"},
[15:41:35.221] {"a":"params[scene] = footprint:"},
[15:41:35.221] "abs_values[0] = footprint:",
[15:41:35.221] {"a":"this.terms has term[1] = i3d"},
[15:41:35.222] {"a":"params[i3d] = i3d-scene:scene1"},
[15:41:35.222] "abs_values[1] = i3d-scene:scene1",
[15:41:35.222] {"a":"this.terms has term[2] = i2d"},
[15:41:35.222] {"a":"params[i2d] = i2d-empty:"},
[15:41:35.222] "abs_values[2] = i2d-empty:",
[15:41:35.222] {"a":"this.terms has term[3] = base"},
[15:41:35.222] {"a":"params[base] = escher:"},
[15:41:35.222] "abs_values[3] = escher:",
[15:41:35.223] {"a":"this.terms has term[4] = ui"},
[15:41:35.223] {"a":"params[ui] = ui-msgbg:"},
[15:41:35.223] "abs_values[4] = ui-msgbg:",
[15:41:35.223] {"a":"this.terms has term[5] = shot"},
[15:41:35.223] {"a":"params[shot] = shot-anim:scope12"},
[15:41:35.223] "abs_values[5] = shot-anim:scope12",
[15:41:35.223] {"a":"ch_st(): $location.url(//////shot-anim:scope12)"},
[15:41:35.223] {"t":"mediator","f":"socket.emit.actions","a":{"t":"camera3d","f":"panflyTo","a":{"r":0.7854,"d":4}}},
[15:41:35.266] {"t":"Mediator","f":"component","a":"narrative"},
[15:41:35.267] {"t":"app","f":"onEnter","a":{"name":"shot-anim:scope12"}},
[15:41:35.267] {"t":"timeline","f":"play"},
[15:41:39.233] {"a":"$location===mediator.location is\n              true"},
[15:41:39.238] {"a":"mediator[action.t] = [object Object]"},
[15:41:39.239] {"a":"target = [object Object]"},
[15:41:45.206] {"a":"$location===mediator.location is\n              true"},
[15:41:45.242] {"a":"mediator[action.t] = [object Object]"},
[15:41:45.242] {"a":"target = [object Object]"},
[15:41:45.242] {"t":"narrative","f":"shot","a":{"delta":{"timeline":{"p":{"paused":true,"repeat":0},"actors":{"i3d:camera:rotation":[{"dur":4,"p":{"x":0.7854,"immediateRender":false}}]}}}}},
[15:41:45.242] {"a":"~~~~ change_state() url = /footprint:/i3d-scene:scene1/i2d-empty:/escher:/ui-msgbg:/shot-anim:scope13"},
[15:41:45.242] {"a":"~~~~ change_state() this.prev_url = //////shot-anim:scope12"},
[15:41:45.243] {"a":"this.terms has term[0] = scene"},
[15:41:45.243] {"a":"params[scene] = footprint:"},
[15:41:45.243] "abs_values[0] = footprint:",
[15:41:45.243] {"a":"this.terms has term[1] = i3d"},
[15:41:45.243] {"a":"params[i3d] = i3d-scene:scene1"},
[15:41:45.244] "abs_values[1] = i3d-scene:scene1",
[15:41:45.244] {"a":"this.terms has term[2] = i2d"},
[15:41:45.244] {"a":"params[i2d] = i2d-empty:"},
[15:41:45.244] "abs_values[2] = i2d-empty:",
[15:41:45.244] {"a":"this.terms has term[3] = base"},
[15:41:45.244] {"a":"params[base] = escher:"},
[15:41:45.244] "abs_values[3] = escher:",
[15:41:45.245] {"a":"this.terms has term[4] = ui"},
[15:41:45.245] {"a":"params[ui] = ui-msgbg:"},
[15:41:45.245] "abs_values[4] = ui-msgbg:",
[15:41:45.245] {"a":"this.terms has term[5] = shot"},
[15:41:45.246] {"a":"params[shot] = shot-anim:scope13"},
[15:41:45.246] "abs_values[5] = shot-anim:scope13",
[15:41:45.246] {"a":"ch_st(): $location.url(//////shot-anim:scope13)"},
[15:41:45.246] {"t":"mediator","f":"socket.emit.actions","a":{"t":"camera3d","f":"tiltflyTo","a":{"r":0.7854,"d":4}}},
[15:41:45.294] {"t":"Mediator","f":"component","a":"narrative"},
[15:41:45.294] {"t":"app","f":"onEnter","a":{"name":"shot-anim:scope13"}},
[15:41:45.294] {"t":"timeline","f":"play"},
[15:41:49.255] {"a":"$location===mediator.location is\n              true"},
[15:41:49.261] {"a":"mediator[action.t] = [object Object]"},
[15:41:49.261] {"a":"target = [object Object]"},
[15:42:00.210] {"a":"$location===mediator.location is\n              true"},
[15:42:00.212] {"a":"mediator[action.t] = [object Object]"},
[15:42:00.212] {"a":"target = [object Object]"},
[15:42:00.212] {"t":"mediator","f":"socket.emit.actions","a":{"t":"camera3d","f":"billboardsFaceCamera"}},
[15:42:15.211] {"a":"$location===mediator.location is\n              true"},
[15:42:15.227] {"a":"mediator[action.t] = [object Object]"},
[15:42:15.227] {"a":"target = [object Object]"},
[15:42:15.227] {"t":"narrative","f":"shot","a":{"delta":{"timeline":{"p":{"paused":true,"repeat":0},"actors":{"i3d:camera:rotation":[{"dur":4,"p":{"x":0,"immediateRender":false}}]}}}}},
[15:42:15.227] {"a":"~~~~ change_state() url = /footprint:/i3d-scene:scene1/i2d-empty:/escher:/ui-msgbg:/shot-anim:scope14"},
[15:42:15.227] {"a":"~~~~ change_state() this.prev_url = //////shot-anim:scope13"},
[15:42:15.227] {"a":"this.terms has term[0] = scene"},
[15:42:15.228] {"a":"params[scene] = footprint:"},
[15:42:15.228] "abs_values[0] = footprint:",
[15:42:15.228] {"a":"this.terms has term[1] = i3d"},
[15:42:15.228] {"a":"params[i3d] = i3d-scene:scene1"},
[15:42:15.228] "abs_values[1] = i3d-scene:scene1",
[15:42:15.228] {"a":"this.terms has term[2] = i2d"},
[15:42:15.228] {"a":"params[i2d] = i2d-empty:"},
[15:42:15.228] "abs_values[2] = i2d-empty:",
[15:42:15.229] {"a":"this.terms has term[3] = base"},
[15:42:15.229] {"a":"params[base] = escher:"},
[15:42:15.229] "abs_values[3] = escher:",
[15:42:15.229] {"a":"this.terms has term[4] = ui"},
[15:42:15.229] {"a":"params[ui] = ui-msgbg:"},
[15:42:15.229] "abs_values[4] = ui-msgbg:",
[15:42:15.230] {"a":"this.terms has term[5] = shot"},
[15:42:15.230] {"a":"params[shot] = shot-anim:scope14"},
[15:42:15.230] "abs_values[5] = shot-anim:scope14",
[15:42:15.230] {"a":"ch_st(): $location.url(//////shot-anim:scope14)"},
[15:42:15.230] {"t":"mediator","f":"socket.emit.actions","a":{"t":"camera3d","f":"tiltflyBy","a":{"r":-0.7854,"d":4}}},
[15:42:15.282] {"t":"Mediator","f":"component","a":"narrative"},
[15:42:15.282] {"t":"app","f":"onEnter","a":{"name":"shot-anim:scope14"}},
[15:42:15.283] {"t":"timeline","f":"play"},
[15:42:19.207] {"a":"$location===mediator.location is\n              true"},
[15:42:19.218] {"a":"mediator[action.t] = [object Object]"},
[15:42:19.219] {"a":"target = [object Object]"},
[15:42:25.212] {"a":"$location===mediator.location is\n              true"},
[15:42:25.227] {"a":"mediator[action.t] = [object Object]"},
[15:42:25.228] {"a":"target = [object Object]"},
[15:42:25.229] {"t":"narrative","f":"shot","a":{"delta":{"timeline":{"p":{"paused":true,"repeat":0},"actors":{"i3d:camera:rotation":[{"dur":4,"p":{"y":0,"immediateRender":false}}]}}}}},
[15:42:25.229] {"a":"~~~~ change_state() url = /footprint:/i3d-scene:scene1/i2d-empty:/escher:/ui-msgbg:/shot-anim:scope15"},
[15:42:25.229] {"a":"~~~~ change_state() this.prev_url = //////shot-anim:scope14"},
[15:42:25.229] {"a":"this.terms has term[0] = scene"},
[15:42:25.229] {"a":"params[scene] = footprint:"},
[15:42:25.229] "abs_values[0] = footprint:",
[15:42:25.229] {"a":"this.terms has term[1] = i3d"},
[15:42:25.230] {"a":"params[i3d] = i3d-scene:scene1"},
[15:42:25.230] "abs_values[1] = i3d-scene:scene1",
[15:42:25.230] {"a":"this.terms has term[2] = i2d"},
[15:42:25.231] {"a":"params[i2d] = i2d-empty:"},
[15:42:25.231] "abs_values[2] = i2d-empty:",
[15:42:25.231] {"a":"this.terms has term[3] = base"},
[15:42:25.231] {"a":"params[base] = escher:"},
[15:42:25.231] "abs_values[3] = escher:",
[15:42:25.231] {"a":"this.terms has term[4] = ui"},
[15:42:25.231] {"a":"params[ui] = ui-msgbg:"},
[15:42:25.231] "abs_values[4] = ui-msgbg:",
[15:42:25.232] {"a":"this.terms has term[5] = shot"},
[15:42:25.232] {"a":"params[shot] = shot-anim:scope15"},
[15:42:25.232] "abs_values[5] = shot-anim:scope15",
[15:42:25.232] {"a":"ch_st(): $location.url(//////shot-anim:scope15)"},
[15:42:25.232] {"t":"mediator","f":"socket.emit.actions","a":{"t":"camera3d","f":"panflyBy","a":{"r":-0.7854,"d":4}}},
[15:42:25.282] {"t":"Mediator","f":"component","a":"narrative"},
[15:42:25.282] {"t":"app","f":"onEnter","a":{"name":"shot-anim:scope15"}},
[15:42:25.282] {"t":"timeline","f":"play"},
[15:42:29.213] {"a":"$location===mediator.location is\n              true"},
[15:42:29.224] {"a":"mediator[action.t] = [object Object]"},
[15:42:29.225] {"a":"target = [object Object]"},
[15:42:40.214] {"a":"$location===mediator.location is\n              true"},
[15:42:40.228] {"a":"mediator[action.t] = [object Object]"},
[15:42:40.228] {"a":"target = [object Object]"},
[15:42:40.228] {"a":"~~~~ change_state() url = /circle:/i3d-simple:simple_red/i2d-scene:disks0/base-skycube:test_cube/ui-msgbg:/shot-graft:a0"},
[15:42:40.228] {"a":"~~~~ change_state() this.prev_url = //////shot-anim:scope15"},
[15:42:40.229] {"a":"this.terms has term[0] = scene"},
[15:42:40.230] {"a":"params[scene] = circle:"},
[15:42:40.230] "abs_values[0] = circle:",
[15:42:40.230] {"a":"this.terms has term[1] = i3d"},
[15:42:40.230] {"a":"params[i3d] = i3d-simple:simple_red"},
[15:42:40.230] "abs_values[1] = i3d-simple:simple_red",
[15:42:40.230] {"a":"this.terms has term[2] = i2d"},
[15:42:40.230] {"a":"params[i2d] = i2d-scene:disks0"},
[15:42:40.231] "abs_values[2] = i2d-scene:disks0",
[15:42:40.232] {"a":"this.terms has term[3] = base"},
[15:42:40.232] {"a":"params[base] = base-skycube:test_cube"},
[15:42:40.232] "abs_values[3] = base-skycube:test_cube",
[15:42:40.232] {"a":"this.terms has term[4] = ui"},
[15:42:40.232] {"a":"params[ui] = ui-msgbg:"},
[15:42:40.233] "abs_values[4] = ui-msgbg:",
[15:42:40.233] {"a":"this.terms has term[5] = shot"},
[15:42:40.233] {"a":"params[shot] = shot-graft:a0"},
[15:42:40.233] "abs_values[5] = shot-graft:a0",
[15:42:40.233] {"a":"ch_st(): $location.url(/circle:/i3d-simple:simple_red/i2d-scene:disks0/base-skycube:test_cube//shot-graft:a0)"},
[15:42:40.233] {"t":"mediator","f":"socket.emit.actions","a":{"t":"narrative","f":"change_scene","a":"circle"}},
[15:42:41.129] {"t":"Mediator","f":"component","a":"narrative"},
[15:42:41.129] {"t":"app","f":"onEnter","a":{"name":"circle:"}},
[15:42:41.129] {"t":"app","f":"onEnter","a":{"name":"i3d-simple:simple_red"}},
[15:42:41.131] {"t":"camera3d","f":"changeTemplateScene"},
[15:42:41.132] {"t":"app","f":"onEnter","a":{"name":"i2d-scene:disks0"}},
[15:42:41.132] {"t":"app","f":"onEnter","a":{"name":"base-skycube:test_cube"}},
[15:42:41.132] {"t":"app","f":"onEnter","a":{"name":"shot-graft:a0"}},
[15:42:41.132] {"t":"timeline","f":"play"},
[15:42:41.133] {"t":"camera3d","f":"addActorToScene","a":"cube0"},
[15:42:41.133] {"t":"camera3d","f":"addActorToScene","a":"cube0"},
[15:42:41.133] {"t":"camera3d","f":"addActorToScene","a":"cube0"},
[15:42:41.133] {"t":"camera3d","f":"addActorToScene","a":"csphere"},
[15:42:41.134] {"t":"camera3d","f":"addActorToScene","a":"cube0"},
[15:42:41.134] {"t":"camera3d","f":"addActorToScene","a":"cube0_3"},
[15:42:41.134] {"t":"camera3d","f":"addActorToScene","a":"cube0_3"},
[15:42:41.134] {"t":"camera3d","f":"addActorToScene","a":"cube0_0"},
[15:42:41.134] {"t":"camera3d","f":"addActorToScene","a":"cube0_1"},
[15:42:41.134] {"t":"camera3d","f":"addActorToScene","a":"cube0_0"},
[15:42:41.135] {"t":"camera3d","f":"addActorToScene","a":"cube0_1"},
[15:42:41.135] {"t":"camera3d","f":"addActorToScene","a":"cube0_0"},
[15:42:41.135] {"t":"camera3d","f":"addActorToScene","a":"cube0_1"},
[15:42:41.135] {"t":"camera3d","f":"addActorToScene","a":"cube0_0"},
[15:42:41.135] {"t":"camera3d","f":"addActorToScene","a":"cube0_1"},
[15:42:41.136] {"t":"camera3d","f":"addActorToScene","a":"cube0_0"},
[15:42:41.136] {"t":"camera3d","f":"addActorToScene","a":"cube0_1"},
[15:42:41.136] {"a":"$location===mediator.location is\n              true"},
[15:42:41.136] {"a":"mediator[action.t] = [object Object]"},
[15:42:41.136] {"a":"target = [object Object]"},
[15:42:41.133] {"t":"camera3d","f":"addActorToScene","a":"cube0"},
[15:42:41.156] {"t":"camera3d","f":"addActorToScene","a":"cube0_2"},
[15:42:41.156] {"t":"camera3d","f":"addActorToScene","a":"cube0_2"},
[15:42:50.214] {"a":"$location===mediator.location is\n              true"},
[15:42:50.235] {"a":"mediator[action.t] = [object Object]"},
[15:42:50.235] {"a":"target = [object Object]"},
[15:42:50.235] {"a":"~~~~ change_state() url = /circle:/i3d-simple:simple_red/i2d-scene:mf2d0/base-skycube:test_cube/ui-msgbg/MS"},
[15:42:50.237] {"a":"params[scene] = circle:"},
[15:42:50.237] {"a":"this.terms has term[0] = scene"},
[15:42:50.237] "abs_values[0] = circle:",
[15:42:50.238] {"a":"this.terms has term[1] = i3d"},
[15:42:50.238] {"a":"params[i3d] = i3d-simple:simple_red"},
[15:42:50.243] {"a":"this.terms has term[2] = i2d"},
[15:42:50.243] "abs_values[1] = i3d-simple:simple_red",
[15:42:50.243] {"a":"params[i2d] = i2d-scene:mf2d0"},
[15:42:50.243] {"a":"this.terms has term[3] = base"},
[15:42:50.243] "abs_values[2] = i2d-scene:mf2d0",
[15:42:50.243] {"a":"params[base] = base-skycube:test_cube"},
[15:42:50.244] {"a":"this.terms has term[4] = ui"},
[15:42:50.243] "abs_values[3] = base-skycube:test_cube",
[15:42:50.244] {"a":"params[ui] = ui-msgbg"},
[15:42:50.244] {"a":"this.terms has term[5] = shot"},
[15:42:50.244] "abs_values[4] = ui-msgbg",
[15:42:50.244] {"a":"params[shot] = MS"},
[15:42:50.245] {"a":"ch_st(): $location.url(///i2d-scene:mf2d0//ui-msgbg/MS)"},
[15:42:50.244] "abs_values[5] = MS",
[15:42:50.237] {"a":"~~~~ change_state() this.prev_url = /circle:/i3d-simple:simple_red/i2d-scene:disks0/base-skycube:test_cube//shot-graft:a0"},
[15:42:50.245] {"t":"mediator","f":"socket.emit.actions","a":{"t":"narrative","f":"change_state","a":"/circle:/i3d-simple:simple_red/i2d-scene:mf2d0/base-skycube:test_cube/ui-msgbg/MS"}},
[15:42:50.606] {"t":"Mediator","f":"component","a":"narrative"},
[15:42:50.606] {"t":"app","f":"onEnter","a":{"name":"i2d-scene:mf2d0"}},
[15:42:50.606] {"t":"app","f":"onEnter","a":{"name":"ui-msgbg"}},
[15:42:50.606] {"t":"app","f":"onEnter","a":{"name":"MS"}},
[15:42:50.606] {"t":"timeline","f":"play"},
[15:42:50.607] {"a":"$location===mediator.location is\n              true"},
[15:42:50.607] {"a":"mediator[action.t] = [object Object]"},
[15:42:50.607] {"a":"target = [object Object]"},
[15:43:00.219] {"a":"$location===mediator.location is\n              true"},
[15:43:00.223] {"a":"mediator[action.t] = [object Object]"},
[15:43:00.224] {"a":"target = [object Object]"},
[15:43:00.224] {"a":"~~~~ change_state() url = /stocks:/i3d-jsonmodels:phonghead_kfb/i2d-scene:defsuse0/grid:/ui-msgbg:/2S:"},
[15:43:00.224] {"a":"~~~~ change_state() this.prev_url = ///i2d-scene:mf2d0//ui-msgbg/MS"},
[15:43:00.224] {"a":"this.terms has term[0] = scene"},
[15:43:00.225] {"a":"params[scene] = stocks:"},
[15:43:00.225] "abs_values[0] = stocks:",
[15:43:00.226] {"a":"this.terms has term[1] = i3d"},
[15:43:00.226] {"a":"params[i3d] = i3d-jsonmodels:phonghead_kfb"},
[15:43:00.226] "abs_values[1] = i3d-jsonmodels:phonghead_kfb",
[15:43:00.226] {"a":"this.terms has term[2] = i2d"},
[15:43:00.227] {"a":"params[i2d] = i2d-scene:defsuse0"},
[15:43:00.227] "abs_values[2] = i2d-scene:defsuse0",
[15:43:00.227] {"a":"this.terms has term[3] = base"},
[15:43:00.228] {"a":"params[base] = grid:"},
[15:43:00.228] "abs_values[3] = grid:",
[15:43:00.230] {"a":"this.terms has term[4] = ui"},
[15:43:00.230] {"a":"params[ui] = ui-msgbg:"},
[15:43:00.231] "abs_values[4] = ui-msgbg:",
[15:43:00.231] {"a":"this.terms has term[5] = shot"},
[15:43:00.231] {"a":"params[shot] = 2S:"},
[15:43:00.232] "abs_values[5] = 2S:",
[15:43:00.232] {"a":"ch_st(): $location.url(/stocks:/i3d-jsonmodels:phonghead_kfb/i2d-scene:defsuse0/grid:/ui-msgbg:/2S:)"},
[15:43:00.232] {"t":"mediator","f":"socket.emit.actions","a":{"t":"narrative","f":"change_scene","a":"stocks"}},
[15:43:02.713] {"t":"Mediator","f":"component","a":"narrative"},
[15:43:02.714] {"t":"app","f":"onEnter","a":{"name":"stocks:"}},
[15:43:02.714] {"t":"app","f":"onEnter","a":{"name":"i3d-jsonmodels:phonghead_kfb"}},
[15:43:02.714] {"t":"camera3d","f":"changeTemplateScene"},
[15:43:02.714] {"t":"app","f":"onEnter","a":{"name":"i2d-scene:defsuse0"}},
[15:43:02.714] {"t":"app","f":"onEnter","a":{"name":"grid:"}},
[15:43:02.714] {"t":"app","f":"onEnter","a":{"name":"ui-msgbg:"}},
[15:43:02.715] {"t":"app","f":"onEnter","a":{"name":"2S:"}},
[15:43:02.715] {"t":"timeline","f":"play"},
[15:43:02.715] {"t":"camera3d","f":"addActorToScene","a":"axes0"},
[15:43:02.715] {"t":"camera3d","f":"addActorToScene","a":"axes0"},
[15:43:02.715] {"t":"camera3d","f":"addActorToScene","a":"axes0"},
[15:43:02.715] {"t":"camera3d","f":"addActorToScene","a":"axes0"},
[15:43:02.715] {"t":"camera3d","f":"addActorToScene","a":"axes0"},
[15:43:02.716] {"t":"camera3d","f":"addActorToScene","a":"csphere"},
[15:43:02.716] {"t":"camera3d","f":"addActorToScene","a":"axes0"},
[15:43:02.716] {"t":"camera3d","f":"addActorToScene","a":"key"},
[15:43:02.716] {"t":"camera3d","f":"addActorToScene","a":"fill"},
[15:43:02.716] {"t":"camera3d","f":"addActorToScene","a":"back"},
[15:43:02.717] {"t":"camera3d","f":"addActorToScene","a":"key"},
[15:43:02.717] {"t":"camera3d","f":"addActorToScene","a":"fill"},
[15:43:02.718] {"t":"camera3d","f":"addActorToScene","a":"back"},
[15:43:02.718] {"t":"camera3d","f":"addActorToScene","a":"key"},
[15:43:02.718] {"t":"camera3d","f":"addActorToScene","a":"fill"},
[15:43:02.718] {"t":"camera3d","f":"addActorToScene","a":"back"},
[15:43:02.718] {"t":"camera3d","f":"addActorToScene","a":"key"},
[15:43:02.718] {"t":"camera3d","f":"addActorToScene","a":"fill"},
[15:43:02.719] {"t":"camera3d","f":"addActorToScene","a":"back"},
[15:43:02.719] {"t":"camera3d","f":"addActorToScene","a":"key"},
[15:43:02.719] {"t":"camera3d","f":"addActorToScene","a":"fill"},
[15:43:02.719] {"t":"camera3d","f":"addActorToScene","a":"back"},
[15:43:02.719] {"t":"camera3d","f":"addActorToScene","a":"key"},
[15:43:02.719] {"t":"camera3d","f":"addActorToScene","a":"fill"},
[15:43:02.719] {"t":"camera3d","f":"addActorToScene","a":"back"},
[15:43:02.720] {"a":"$location===mediator.location is\n              true"},
[15:43:02.720] {"a":"mediator[action.t] = [object Object]"},
[15:43:02.720] {"a":"target = [object Object]"},
[15:43:03.791] {"t":"camera3d","f":"addActorToScene","a":"head_scan"},
[15:43:03.792] {"t":"camera3d","f":"addActorToScene","a":"head_scan"},
[15:43:03.792] {"t":"camera3d","f":"addActorToScene","a":"head_scan"},
[15:43:03.792] {"t":"camera3d","f":"addActorToScene","a":"head_scan"},
[15:43:03.792] {"t":"camera3d","f":"addActorToScene","a":"head_scan"},
[15:43:15.221] {"a":"$location===mediator.location is\n              true"},
[15:43:15.236] {"a":"mediator[action.t] = [object Object]"},
[15:43:15.236] {"a":"target = [object Object]"},
[15:43:15.236] {"a":"~~~~ change_state() url = ///i2d-scene:mf2d0///"},
[15:43:15.236] {"a":"~~~~ change_state() this.prev_url = /stocks:/i3d-jsonmodels:phonghead_kfb/i2d-scene:defsuse0/grid:/ui-msgbg:/2S:"},
[15:43:15.236] {"a":"this.terms has term[0] = scene"},
[15:43:15.236] {"a":"params[scene] = "},
[15:43:15.236] "abs_values[0] = ",
[15:43:15.237] {"a":"this.terms has term[1] = i3d"},
[15:43:15.237] {"a":"params[i3d] = "},
[15:43:15.237] "abs_values[1] = ",
[15:43:15.237] {"a":"this.terms has term[2] = i2d"},
[15:43:15.237] {"a":"params[i2d] = i2d-scene:mf2d0"},
[15:43:15.237] "abs_values[2] = i2d-scene:mf2d0",
[15:43:15.237] {"a":"this.terms has term[3] = base"},
[15:43:15.237] {"a":"params[base] = "},
[15:43:15.237] "abs_values[3] = ",
[15:43:15.237] {"a":"this.terms has term[4] = ui"},
[15:43:15.238] {"a":"params[ui] = "},
[15:43:15.238] "abs_values[4] = ",
[15:43:15.238] {"a":"this.terms has term[5] = shot"},
[15:43:15.238] {"a":"params[shot] = "},
[15:43:15.238] "abs_values[5] = ",
[15:43:15.238] {"a":"ch_st(): $location.url(///i2d-scene:mf2d0///)"},
[15:43:15.238] {"t":"mediator","f":"socket.emit.actions","a":{"t":"narrative","f":"change_state","a":"///i2d-scene:mf2d0///"}},
[15:43:15.536] {"t":"Mediator","f":"component","a":"narrative"},
[15:43:15.537] {"t":"app","f":"onEnter","a":{"name":"i2d-scene:mf2d0"}},
[15:43:15.537] {"t":"timeline","f":"play"},
[15:43:15.549] {"a":"$location===mediator.location is\n              true"},
[15:43:15.550] {"a":"target = [object Object]"},
[15:43:15.550] {"a":"mediator[action.t] = [object Object]"},
[15:44:17.344] {"t":"camera3d","f":"tilt (look) up","a":38},
[15:44:17.359] {"t":"Mediator","f":"record","a":{"t":"camera3d","f":"tiltflyBy","a":{"r":0.19635,"d":3}}},
[15:44:17.360] {"t":"narrative","f":"shot","a":{"delta":{"timeline":{"p":{"paused":true,"repeat":0},"actors":{"i3d:camera:rotation":[{"dur":3,"p":{"x":0.19635,"immediateRender":false}}]}}}}},
[15:44:17.361] {"a":"~~~~ change_state() url = ///i2d-scene:mf2d0///shot-anim:scope20"},
[15:44:17.361] {"a":"~~~~ change_state() this.prev_url = ///i2d-scene:mf2d0///"},
[15:44:17.361] {"a":"this.terms has term[0] = scene"},
[15:44:17.362] {"a":"params[scene] = "},
[15:44:17.362] "abs_values[0] = ",
[15:44:17.362] {"a":"this.terms has term[1] = i3d"},
[15:44:17.362] {"a":"params[i3d] = "},
[15:44:17.363] "abs_values[1] = ",
[15:44:17.363] {"a":"this.terms has term[2] = i2d"},
[15:44:17.363] {"a":"params[i2d] = i2d-scene:mf2d0"},
[15:44:17.363] "abs_values[2] = i2d-scene:mf2d0",
[15:44:17.364] {"a":"this.terms has term[3] = base"},
[15:44:17.364] {"a":"params[base] = "},
[15:44:17.364] "abs_values[3] = ",
[15:44:17.364] {"a":"this.terms has term[4] = ui"},
[15:44:17.364] {"a":"params[ui] = "},
[15:44:17.364] "abs_values[4] = ",
[15:44:17.364] {"a":"this.terms has term[5] = shot"},
[15:44:17.365] {"a":"params[shot] = shot-anim:scope20"},
[15:44:17.365] "abs_values[5] = shot-anim:scope20",
[15:44:17.365] {"a":"ch_st(): $location.url(//////shot-anim:scope20)"},
[15:44:17.425] {"t":"Mediator","f":"component","a":"narrative"},
[15:44:17.426] {"t":"app","f":"onEnter","a":{"name":"shot-anim:scope20"}},
[15:44:17.426] {"t":"timeline","f":"play"},
[15:44:20.369] {"a":"$location===mediator.location is\n              true"},
[15:44:20.390] {"a":"mediator[action.t] = [object Object]"},
[15:44:20.392] {"a":"target = [object Object]"},
