[15:47:21.854] {"t":"camera3d","f":"place","a":12},
[15:47:21.966] {"t":"camerasphere","f":"create","a":"csphere"},
[15:47:21.966] {"t":"camerasphere","f":"children","a":1},
[15:47:45.938] {"a":"$location===mediator.location is\n              true"},
[15:47:45.969] {"a":"mediator[action.t] = [object Object]"},
[15:47:45.970] {"a":"target = [object Object]"},
[15:47:45.971] {"a":"~~~~ change_state() url = /a:/i3d-simple:simple_green/i2d-scene:disks0/base-skycube:test_cube/ui-msgbg:/LS"},
[15:47:45.971] {"a":"~~~~ change_state() this.prev_url = ^"},
[15:47:45.971] {"a":"this.terms has term[0] = scene"},
[15:47:45.971] {"a":"params[scene] = a:"},
[15:47:45.971] "abs_values[0] = a:",
[15:47:45.971] {"a":"this.terms has term[1] = i3d"},
[15:47:45.971] {"a":"params[i3d] = i3d-simple:simple_green"},
[15:47:45.972] "abs_values[1] = i3d-simple:simple_green",
[15:47:45.972] {"a":"this.terms has term[2] = i2d"},
[15:47:45.972] {"a":"params[i2d] = i2d-scene:disks0"},
[15:47:45.972] "abs_values[2] = i2d-scene:disks0",
[15:47:45.972] {"a":"this.terms has term[3] = base"},
[15:47:45.972] {"a":"params[base] = base-skycube:test_cube"},
[15:47:45.972] "abs_values[3] = base-skycube:test_cube",
[15:47:45.972] {"a":"this.terms has term[4] = ui"},
[15:47:45.972] {"a":"params[ui] = ui-msgbg:"},
[15:47:45.973] "abs_values[4] = ui-msgbg:",
[15:47:45.973] {"a":"this.terms has term[5] = shot"},
[15:47:45.973] {"a":"params[shot] = LS"},
[15:47:45.973] "abs_values[5] = LS",
[15:47:45.973] {"a":"ch_st(): $location.url(/a:/i3d-simple:simple_green/i2d-scene:disks0/base-skycube:test_cube//LS)"},
[15:47:45.973] {"t":"mediator","f":"socket.emit.actions","a":{"t":"narrative","f":"change_scene","a":"a"}},
[15:47:46.410] {"t":"Mediator","f":"component","a":"narrative"},
[15:47:46.410] {"t":"app","f":"onEnter","a":{"name":"a:"}},
[15:47:46.410] {"t":"app","f":"onEnter","a":{"name":"i3d-simple:simple_green"}},
[15:47:46.410] {"t":"camera3d","f":"changeTemplateScene"},
[15:47:46.410] {"t":"app","f":"onEnter","a":{"name":"i2d-scene:disks0"}},
[15:47:46.411] {"t":"app","f":"onEnter","a":{"name":"base-skycube:test_cube"}},
[15:47:46.411] {"t":"app","f":"onEnter","a":{"name":"LS"}},
[15:47:46.411] {"t":"timeline","f":"play"},
[15:47:46.411] {"t":"camera3d","f":"addActorToScene","a":"csphere"},
[15:47:46.411] {"t":"camera3d","f":"addActorToScene","a":"axes0"},
[15:47:46.411] {"a":"$location===mediator.location is\n              true"},
[15:47:46.412] {"a":"mediator[action.t] = [object Object]"},
[15:47:46.412] {"a":"target = [object Object]"},
[15:47:46.694] {"t":"camera3d","f":"addActorToScene","a":"cube0"},
[15:47:55.942] {"a":"$location===mediator.location is\n              true"},
[15:47:55.951] {"a":"mediator[action.t] = [object Object]"},
[15:47:55.952] {"a":"target = [object Object]"},
[15:47:55.952] {"a":"~~~~ change_state() url = /a0:/i3d-simple:simple_green/i2d-scene:disks0/base-skycube:test_cube/ui-msgbg:/shot-graft:scope1"},
[15:47:55.952] {"a":"~~~~ change_state() this.prev_url = /a:/i3d-simple:simple_green/i2d-scene:disks0/base-skycube:test_cube//LS"},
[15:47:55.952] {"a":"this.terms has term[0] = scene"},
[15:47:55.952] {"a":"params[scene] = a0:"},
[15:47:55.952] "abs_values[0] = a0:",
[15:47:55.952] {"a":"this.terms has term[1] = i3d"},
[15:47:55.952] {"a":"params[i3d] = i3d-simple:simple_green"},
[15:47:55.953] "abs_values[1] = i3d-simple:simple_green",
[15:47:55.953] {"a":"this.terms has term[2] = i2d"},
[15:47:55.953] {"a":"params[i2d] = i2d-scene:disks0"},
[15:47:55.953] "abs_values[2] = i2d-scene:disks0",
[15:47:55.953] {"a":"this.terms has term[3] = base"},
[15:47:55.953] {"a":"params[base] = base-skycube:test_cube"},
[15:47:55.953] "abs_values[3] = base-skycube:test_cube",
[15:47:55.953] {"a":"this.terms has term[4] = ui"},
[15:47:55.953] {"a":"params[ui] = ui-msgbg:"},
[15:47:55.953] "abs_values[4] = ui-msgbg:",
[15:47:55.954] {"a":"this.terms has term[5] = shot"},
[15:47:55.954] {"a":"params[shot] = shot-graft:scope1"},
[15:47:55.954] "abs_values[5] = shot-graft:scope1",
[15:47:55.954] {"a":"ch_st(): $location.url(/a0://///shot-graft:scope1)"},
[15:47:55.954] {"t":"mediator","f":"socket.emit.actions","a":{"t":"narrative","f":"change_scene","a":"a0"}},
[15:47:56.174] {"t":"Mediator","f":"component","a":"narrative"},
[15:47:56.174] {"t":"app","f":"onEnter","a":{"name":"a0:"}},
[15:47:56.174] {"t":"app","f":"onEnter","a":{"name":"shot-graft:scope1"}},
[15:47:56.175] {"t":"timeline","f":"play"},
[15:47:56.175] {"t":"camera3d","f":"addActorToScene","a":"cube0_3"},
[15:47:56.181] {"t":"camera3d","f":"addActorToScene","a":"cube0_2"},
[15:48:05.939] {"a":"$location===mediator.location is\n              true"},
[15:48:05.947] {"a":"mediator[action.t] = [object Object]"},
[15:48:05.947] {"a":"target = [object Object]"},
[15:48:10.948] {"a":"$location===mediator.location is\n              true"},
[15:48:10.957] {"a":"mediator[action.t] = [object Object]"},
[15:48:10.957] {"a":"target = [object Object]"},
[15:48:10.958] {"a":"~~~~ change_state() url = /a1:/i3d-simple:simple_green/i2d-scene:disks0/base-skycube:test_cube/ui-msgbg:/shot-graft:scope2"},
[15:48:10.958] {"a":"~~~~ change_state() this.prev_url = /a0://///shot-graft:scope1"},
[15:48:10.958] {"a":"this.terms has term[0] = scene"},
[15:48:10.959] {"a":"params[scene] = a1:"},
[15:48:10.959] "abs_values[0] = a1:",
[15:48:10.959] {"a":"this.terms has term[1] = i3d"},
[15:48:10.959] {"a":"params[i3d] = i3d-simple:simple_green"},
[15:48:10.960] "abs_values[1] = i3d-simple:simple_green",
[15:48:10.961] {"a":"this.terms has term[2] = i2d"},
[15:48:10.962] {"a":"params[i2d] = i2d-scene:disks0"},
[15:48:10.962] "abs_values[2] = i2d-scene:disks0",
[15:48:10.962] {"a":"this.terms has term[3] = base"},
[15:48:10.963] {"a":"params[base] = base-skycube:test_cube"},
[15:48:10.963] "abs_values[3] = base-skycube:test_cube",
[15:48:10.963] {"a":"this.terms has term[4] = ui"},
[15:48:10.964] {"a":"params[ui] = ui-msgbg:"},
[15:48:10.964] "abs_values[4] = ui-msgbg:",
[15:48:10.964] {"a":"this.terms has term[5] = shot"},
[15:48:10.964] {"a":"params[shot] = shot-graft:scope2"},
[15:48:10.965] "abs_values[5] = shot-graft:scope2",
[15:48:10.965] {"a":"ch_st(): $location.url(/a1://///shot-graft:scope2)"},
[15:48:10.965] {"t":"mediator","f":"socket.emit.actions","a":{"t":"narrative","f":"change_scene","a":"a1"}},
[15:48:11.150] {"t":"Mediator","f":"component","a":"narrative"},
[15:48:11.151] {"t":"app","f":"onEnter","a":{"name":"a1:"}},
[15:48:11.151] {"t":"app","f":"onEnter","a":{"name":"shot-graft:scope2"}},
[15:48:11.151] {"t":"timeline","f":"play"},
[15:48:11.151] {"t":"camera3d","f":"addActorToScene","a":"s0_2_0"},
[15:48:11.151] {"t":"camera3d","f":"addActorToScene","a":"s0_2_1"},
[15:48:20.948] {"a":"$location===mediator.location is\n              true"},
[15:48:20.962] {"a":"mediator[action.t] = [object Object]"},
[15:48:20.962] {"a":"target = [object Object]"},
[15:48:20.962] {"a":"~~~~ change_state() url = /a2:/i3d-simple:simple_green/i2d-scene:disks0/base-skycube:test_cube/ui-msgbg:/shot-graft:scope3"},
[15:48:20.962] {"a":"~~~~ change_state() this.prev_url = /a1://///shot-graft:scope2"},
[15:48:20.963] {"a":"this.terms has term[0] = scene"},
[15:48:20.963] {"a":"params[scene] = a2:"},
[15:48:20.963] "abs_values[0] = a2:",
[15:48:20.963] {"a":"this.terms has term[1] = i3d"},
[15:48:20.963] {"a":"params[i3d] = i3d-simple:simple_green"},
[15:48:20.963] "abs_values[1] = i3d-simple:simple_green",
[15:48:20.964] {"a":"this.terms has term[2] = i2d"},
[15:48:20.964] {"a":"params[i2d] = i2d-scene:disks0"},
[15:48:20.964] "abs_values[2] = i2d-scene:disks0",
[15:48:20.964] {"a":"this.terms has term[3] = base"},
[15:48:20.964] {"a":"params[base] = base-skycube:test_cube"},
[15:48:20.964] "abs_values[3] = base-skycube:test_cube",
[15:48:20.968] {"a":"this.terms has term[4] = ui"},
[15:48:20.978] {"a":"params[ui] = ui-msgbg:"},
[15:48:20.978] "abs_values[4] = ui-msgbg:",
[15:48:20.979] {"a":"this.terms has term[5] = shot"},
[15:48:20.979] {"a":"params[shot] = shot-graft:scope3"},
[15:48:20.980] "abs_values[5] = shot-graft:scope3",
[15:48:20.980] {"a":"ch_st(): $location.url(/a2://///shot-graft:scope3)"},
[15:48:20.980] {"t":"mediator","f":"socket.emit.actions","a":{"t":"narrative","f":"change_scene","a":"a2"}},
[15:48:21.022] {"t":"Mediator","f":"component","a":"narrative"},
[15:48:21.023] {"t":"app","f":"onEnter","a":{"name":"a2:"}},
[15:48:21.023] {"t":"app","f":"onEnter","a":{"name":"shot-graft:scope3"}},
[15:48:21.023] {"t":"timeline","f":"play"},
[15:48:21.023] {"a":"$location===mediator.location is\n              true"},
[15:48:21.023] {"a":"mediator[action.t] = [object Object]"},
[15:48:21.023] {"a":"target = [object Object]"},
[15:48:30.951] {"a":"$location===mediator.location is\n              true"},
[15:48:30.955] {"a":"mediator[action.t] = [object Object]"},
[15:48:30.955] {"a":"target = [object Object]"},
[15:48:35.956] {"a":"$location===mediator.location is\n              true"},
[15:48:35.972] {"a":"mediator[action.t] = [object Object]"},
[15:48:35.972] {"a":"target = [object Object]"},
[15:48:35.974] {"a":"~~~~ change_state() url = /a2:/i3d-simple:simple_green/i2d-scene:disks0/base-skycube:test_cube/ui-msgbg:/shot-anim:scope4"},
[15:48:35.974] {"a":"~~~~ change_state() this.prev_url = /a2://///shot-graft:scope3"},
[15:48:35.974] {"a":"this.terms has term[0] = scene"},
[15:48:35.974] {"a":"params[scene] = a2:"},
[15:48:35.974] "abs_values[0] = a2:",
[15:48:35.974] {"a":"this.terms has term[1] = i3d"},
[15:48:35.974] {"a":"params[i3d] = i3d-simple:simple_green"},
[15:48:35.974] "abs_values[1] = i3d-simple:simple_green",
[15:48:35.974] {"a":"this.terms has term[2] = i2d"},
[15:48:35.974] {"a":"params[i2d] = i2d-scene:disks0"},
[15:48:35.975] "abs_values[2] = i2d-scene:disks0",
[15:48:35.975] {"a":"this.terms has term[3] = base"},
[15:48:35.975] {"a":"params[base] = base-skycube:test_cube"},
[15:48:35.975] "abs_values[3] = base-skycube:test_cube",
[15:48:35.975] {"a":"this.terms has term[4] = ui"},
[15:48:35.975] {"a":"params[ui] = ui-msgbg:"},
[15:48:35.975] "abs_values[4] = ui-msgbg:",
[15:48:35.975] {"a":"this.terms has term[5] = shot"},
[15:48:35.975] {"a":"params[shot] = shot-anim:scope4"},
[15:48:35.975] "abs_values[5] = shot-anim:scope4",
[15:48:35.976] {"a":"ch_st(): $location.url(//////shot-anim:scope4)"},
[15:48:35.976] {"t":"mediator","f":"socket.emit.actions","a":{"t":"camera3d","f":"dollyflyTo","a":{"x":10,"y":10,"z":-20,"d":4}}},
[15:48:35.993] {"t":"Mediator","f":"component","a":"narrative"},
[15:48:35.994] {"t":"app","f":"onEnter","a":{"name":"shot-anim:scope4"}},
[15:48:35.994] {"t":"timeline","f":"play"},
[15:48:35.973] {"t":"narrative","f":"shot","a":{"delta":{"timeline":{"p":{"paused":true,"repeat":0},"actors":{"i3d:csphere:position":[{"dur":4,"p":{"x":10,"y":10,"z":-20,"immediateRender":false}}]}}}}},
[15:48:39.960] {"a":"$location===mediator.location is\n              true"},
[15:48:39.969] {"a":"mediator[action.t] = [object Object]"},
[15:48:39.970] {"a":"target = [object Object]"},
[15:48:45.957] {"a":"$location===mediator.location is\n              true"},
[15:48:45.971] {"a":"mediator[action.t] = [object Object]"},
[15:48:45.971] {"a":"target = [object Object]"},
[15:48:45.972] {"a":"~~~~ change_state() url = /payments:/i3d-simple:phong_head_sphere_kfb/i2d-empty:/black:/ui-msgbg:/CU:"},
[15:48:45.972] {"a":"~~~~ change_state() this.prev_url = //////shot-anim:scope4"},
[15:48:45.972] {"a":"this.terms has term[0] = scene"},
[15:48:45.972] {"a":"params[scene] = payments:"},
[15:48:45.972] "abs_values[0] = payments:",
[15:48:45.972] {"a":"this.terms has term[1] = i3d"},
[15:48:45.972] {"a":"params[i3d] = i3d-simple:phong_head_sphere_kfb"},
[15:48:45.972] "abs_values[1] = i3d-simple:phong_head_sphere_kfb",
[15:48:45.972] {"a":"this.terms has term[2] = i2d"},
[15:48:45.973] {"a":"params[i2d] = i2d-empty:"},
[15:48:45.973] "abs_values[2] = i2d-empty:",
[15:48:45.973] {"a":"this.terms has term[3] = base"},
[15:48:45.973] {"a":"params[base] = black:"},
[15:48:45.973] "abs_values[3] = black:",
[15:48:45.973] {"a":"this.terms has term[4] = ui"},
[15:48:45.973] {"a":"params[ui] = ui-msgbg:"},
[15:48:45.973] "abs_values[4] = ui-msgbg:",
[15:48:45.973] {"a":"this.terms has term[5] = shot"},
[15:48:45.973] {"a":"params[shot] = CU:"},
[15:48:45.974] "abs_values[5] = CU:",
[15:48:45.974] {"a":"ch_st(): $location.url(/payments:/i3d-simple:phong_head_sphere_kfb/i2d-empty:/black://CU:)"},
[15:48:45.974] {"t":"mediator","f":"socket.emit.actions","a":{"t":"narrative","f":"change_scene","a":"payments"}},
[15:48:47.195] {"t":"Mediator","f":"component","a":"narrative"},
[15:48:47.196] {"t":"app","f":"onEnter","a":{"name":"payments:"}},
[15:48:47.196] {"t":"app","f":"onEnter","a":{"name":"i3d-simple:phong_head_sphere_kfb"}},
[15:48:47.197] {"t":"camera3d","f":"changeTemplateScene"},
[15:48:47.197] {"t":"app","f":"onEnter","a":{"name":"i2d-empty:"}},
[15:48:47.197] {"t":"app","f":"onEnter","a":{"name":"black:"}},
[15:48:47.198] {"t":"app","f":"onEnter","a":{"name":"CU:"}},
[15:48:47.198] {"t":"timeline","f":"play"},
[15:48:47.199] {"t":"camera3d","f":"addActorToScene","a":"sphere_phong"},
[15:48:47.199] {"t":"camera3d","f":"addActorToScene","a":"csphere"},
[15:48:47.200] {"t":"camera3d","f":"addActorToScene","a":"axes0"},
[15:48:47.200] {"t":"camera3d","f":"addActorToScene","a":"sphere_phong"},
[15:48:47.201] {"t":"camera3d","f":"addActorToScene","a":"key"},
[15:48:47.201] {"t":"camera3d","f":"addActorToScene","a":"fill"},
[15:48:47.201] {"t":"camera3d","f":"addActorToScene","a":"back"},
[15:48:47.201] {"t":"camera3d","f":"addActorToScene","a":"key"},
[15:48:47.201] {"t":"camera3d","f":"addActorToScene","a":"fill"},
[15:48:47.201] {"t":"camera3d","f":"addActorToScene","a":"back"},
[15:48:47.201] {"a":"$location===mediator.location is\n              true"},
[15:48:47.202] {"a":"mediator[action.t] = [object Object]"},
[15:48:47.202] {"a":"target = [object Object]"},
[15:48:47.380] {"t":"camera3d","f":"addActorToScene","a":"head_scan"},
[15:48:47.577] {"t":"camera3d","f":"addActorToScene","a":"head_scan"},
[15:48:55.960] {"a":"$location===mediator.location is\n              true"},
[15:48:55.962] {"a":"mediator[action.t] = [object Object]"},
[15:48:55.962] {"a":"target = [object Object]"},
[15:48:55.963] {"t":"mediator","f":"socket.emit.actions","a":{"t":"camera3d","f":"toggle_csphere","a":{"val":false}}},
[15:49:10.962] {"a":"$location===mediator.location is\n              true"},
[15:49:10.964] {"a":"mediator[action.t] = [object Object]"},
[15:49:10.964] {"a":"target = [object Object]"},
[15:49:10.964] {"t":"mediator","f":"socket.emit.actions","a":{"t":"camera3d","f":"toggle_csphere","a":{"val":true}}},
[15:49:25.964] {"a":"$location===mediator.location is\n              true"},
[15:49:25.973] {"a":"mediator[action.t] = [object Object]"},
[15:49:25.973] {"a":"target = [object Object]"},
[15:49:25.973] {"t":"mediator","f":"socket.emit.actions","a":{"t":"camera3d","f":"toggle_light","a":{"name":"key","val":false}}},
[15:49:35.966] {"a":"$location===mediator.location is\n              true"},
[15:49:35.977] {"a":"mediator[action.t] = [object Object]"},
[15:49:35.977] {"a":"target = [object Object]"},
[15:49:35.978] {"t":"mediator","f":"socket.emit.actions","a":{"t":"camera3d","f":"toggle_light","a":{"name":"fill","val":false}}},
[15:49:45.970] {"a":"$location===mediator.location is\n              true"},
[15:49:45.972] {"a":"mediator[action.t] = [object Object]"},
[15:49:45.972] {"a":"target = [object Object]"},
[15:49:45.972] {"t":"mediator","f":"socket.emit.actions","a":{"t":"camera3d","f":"toggle_light","a":{"name":"back","val":false}}},
[15:50:00.971] {"a":"$location===mediator.location is\n              true"},
[15:50:00.975] {"a":"mediator[action.t] = [object Object]"},
[15:50:00.975] {"a":"target = [object Object]"},
[15:50:00.975] {"t":"mediator","f":"socket.emit.actions","a":{"t":"camera3d","f":"toggle_light","a":{"name":"key","val":true}}},
[15:50:10.972] {"a":"$location===mediator.location is\n              true"},
[15:50:10.976] {"a":"mediator[action.t] = [object Object]"},
[15:50:10.976] {"a":"target = [object Object]"},
[15:50:10.977] {"t":"mediator","f":"socket.emit.actions","a":{"t":"camera3d","f":"toggle_light","a":{"name":"fill","val":true}}},
[15:50:25.974] {"a":"$location===mediator.location is\n              true"},
[15:50:25.976] {"a":"mediator[action.t] = [object Object]"},
[15:50:25.976] {"a":"target = [object Object]"},
[15:50:25.976] {"t":"mediator","f":"socket.emit.actions","a":{"t":"camera3d","f":"toggle_light","a":{"name":"back","val":true}}},
[15:50:35.978] {"a":"$location===mediator.location is\n              true"},
[15:50:35.994] {"a":"mediator[action.t] = [object Object]"},
[15:50:35.995] {"a":"target = [object Object]"},
[15:50:35.998] {"a":"~~~~ change_state() url = /a:/i3d-simple:simple_green/i2d-scene:disks0/base-skycube:test_cube/ui-msgbg:/LS"},
[15:50:35.999] {"a":"~~~~ change_state() this.prev_url = /payments:/i3d-simple:phong_head_sphere_kfb/i2d-empty:/black://CU:"},
[15:50:36.004] {"a":"this.terms has term[0] = scene"},
[15:50:36.004] {"a":"params[scene] = a:"},
[15:50:36.004] "abs_values[0] = a:",
[15:50:36.004] {"a":"this.terms has term[1] = i3d"},
[15:50:36.005] {"a":"params[i3d] = i3d-simple:simple_green"},
[15:50:36.005] "abs_values[1] = i3d-simple:simple_green",
[15:50:36.005] {"a":"this.terms has term[2] = i2d"},
[15:50:36.005] {"a":"params[i2d] = i2d-scene:disks0"},
[15:50:36.005] "abs_values[2] = i2d-scene:disks0",
[15:50:36.005] {"a":"this.terms has term[3] = base"},
[15:50:36.005] {"a":"params[base] = base-skycube:test_cube"},
[15:50:36.006] "abs_values[3] = base-skycube:test_cube",
[15:50:36.006] {"a":"this.terms has term[4] = ui"},
[15:50:36.006] {"a":"params[ui] = ui-msgbg:"},
[15:50:36.006] "abs_values[4] = ui-msgbg:",
[15:50:36.006] {"a":"this.terms has term[5] = shot"},
[15:50:36.006] {"a":"params[shot] = LS"},
[15:50:36.006] "abs_values[5] = LS",
[15:50:36.007] {"a":"ch_st(): $location.url(/a:/i3d-simple:simple_green/i2d-scene:disks0/base-skycube:test_cube//LS)"},
[15:50:36.007] {"t":"mediator","f":"socket.emit.actions","a":{"t":"narrative","f":"change_scene","a":"a"}},
[15:50:36.315] {"t":"Mediator","f":"component","a":"narrative"},
[15:50:36.315] {"t":"app","f":"onEnter","a":{"name":"a:"}},
[15:50:36.315] {"t":"app","f":"onEnter","a":{"name":"i3d-simple:simple_green"}},
[15:50:36.316] {"t":"camera3d","f":"changeTemplateScene"},
[15:50:36.316] {"t":"app","f":"onEnter","a":{"name":"i2d-scene:disks0"}},
[15:50:36.316] {"t":"app","f":"onEnter","a":{"name":"base-skycube:test_cube"}},
[15:50:36.316] {"t":"app","f":"onEnter","a":{"name":"LS"}},
[15:50:36.316] {"t":"timeline","f":"play"},
[15:50:36.316] {"t":"camera3d","f":"addActorToScene","a":"csphere"},
[15:50:36.317] {"t":"camera3d","f":"addActorToScene","a":"axes0"},
[15:50:36.317] {"a":"$location===mediator.location is\n              true"},
[15:50:36.317] {"a":"mediator[action.t] = [object Object]"},
[15:50:36.318] {"a":"target = [object Object]"},
[15:50:36.336] {"t":"camera3d","f":"addActorToScene","a":"cube0"},
[15:50:36.337] {"t":"camera3d","f":"addActorToScene","a":"cube0"},
[15:50:36.337] {"t":"camera3d","f":"addActorToScene","a":"cube0"},
[15:50:45.978] {"a":"$location===mediator.location is\n              true"},
[15:50:45.994] {"a":"mediator[action.t] = [object Object]"},
[15:50:45.994] {"a":"target = [object Object]"},
[15:50:45.994] {"a":"~~~~ change_state() url = /a:/i3d-simple:simple_green/i2d-scene:disks0/base-skycube:test_cube/ui-msgbg:/shot-graft:scope7"},
[15:50:45.995] {"a":"~~~~ change_state() this.prev_url = /a:/i3d-simple:simple_green/i2d-scene:disks0/base-skycube:test_cube//LS"},
[15:50:45.995] {"a":"this.terms has term[0] = scene"},
[15:50:45.995] {"a":"params[scene] = a:"},
[15:50:45.995] "abs_values[0] = a:",
[15:50:45.995] {"a":"this.terms has term[1] = i3d"},
[15:50:45.995] {"a":"params[i3d] = i3d-simple:simple_green"},
[15:50:45.995] "abs_values[1] = i3d-simple:simple_green",
[15:50:45.995] {"a":"this.terms has term[2] = i2d"},
[15:50:45.996] {"a":"params[i2d] = i2d-scene:disks0"},
[15:50:45.996] "abs_values[2] = i2d-scene:disks0",
[15:50:45.996] {"a":"this.terms has term[3] = base"},
[15:50:45.996] {"a":"params[base] = base-skycube:test_cube"},
[15:50:45.996] "abs_values[3] = base-skycube:test_cube",
[15:50:45.996] {"a":"this.terms has term[4] = ui"},
[15:50:45.996] {"a":"params[ui] = ui-msgbg:"},
[15:50:45.996] "abs_values[4] = ui-msgbg:",
[15:50:45.997] {"a":"this.terms has term[5] = shot"},
[15:50:45.997] {"a":"params[shot] = shot-graft:scope7"},
[15:50:45.997] "abs_values[5] = shot-graft:scope7",
[15:50:45.997] {"a":"ch_st(): $location.url(//////shot-graft:scope7)"},
[15:50:45.997] {"t":"mediator","f":"socket.emit.actions","a":{"t":"narrative","f":"shot","a":"shot-graft:{\"delta\":{\"timeline\":{\"p\":{\"repeat\":0},\"actors\":{\"i3d:cube0:scale\":[{\"dur\":10,\"p\":{\"x\":0.5,\"y\":0.5,\"z\":0.5}}]}},\"branches\":{\"cube0\":{\"children\":{\"cube0_2\":{\"form\":{\"type\":\"'cube.i3d'\",\"x\":0,\"y\":0,\"z\":0,\"textureurl\":\"./images/sky.jpg\",\"w\":5,\"h\":10,\"d\":10,\"color\":\"blue\",\"transparent\":true,\"opacity\":1},\"transform\":{\"t\":[-20,-10,0],\"s\":[0.01,0.01,0.01]},\"children\":{}},\"cube0_3\":{\"form\":{\"type\":\"'cube.i3d'\",\"x\":0,\"y\":-20,\"z\":0,\"textureurl\":\"sky_jpg\",\"w\":5,\"h\":10,\"d\":10,\"color\":\"blue\",\"transparent\":true,\"opacity\":1},\"transform\":{\"t\":[20,0,0],\"s\":[0.01,0.01,0.01]},\"children\":{}}}}}}}"}},
[15:50:46.288] {"t":"Mediator","f":"component","a":"narrative"},
[15:50:46.288] {"t":"app","f":"onEnter","a":{"name":"shot-graft:scope7"}},
[15:50:46.289] {"t":"timeline","f":"play"},
[15:50:46.289] {"t":"camera3d","f":"addActorToScene","a":"cube0_3"},
[15:50:46.289] {"t":"camera3d","f":"addActorToScene","a":"cube0_3"},
[15:50:46.302] {"t":"camera3d","f":"addActorToScene","a":"cube0_2"},
[15:50:46.301] {"t":"camera3d","f":"addActorToScene","a":"cube0_2"},
[15:50:55.968] {"a":"$location===mediator.location is\n              true"},
[15:50:55.978] {"a":"mediator[action.t] = [object Object]"},
[15:50:55.978] {"a":"target = [object Object]"},
[15:51:00.991] {"a":"$location===mediator.location is\n              true"},
[15:51:00.993] {"a":"mediator[action.t] = [object Object]"},
[15:51:00.993] {"a":"target = [object Object]"},
[15:51:00.994] {"a":"~~~~ change_state() url = /a:/i3d-simple:simple_green/i2d-scene:disks0/base-skycube:test_cube/ui-msgbg:/shot-graft:scope8"},
[15:51:00.994] {"a":"~~~~ change_state() this.prev_url = //////shot-graft:scope7"},
[15:51:00.994] {"a":"this.terms has term[0] = scene"},
[15:51:00.994] {"a":"params[scene] = a:"},
[15:51:00.995] "abs_values[0] = a:",
[15:51:00.995] {"a":"this.terms has term[1] = i3d"},
[15:51:00.996] {"a":"params[i3d] = i3d-simple:simple_green"},
[15:51:00.996] "abs_values[1] = i3d-simple:simple_green",
[15:51:00.996] {"a":"this.terms has term[2] = i2d"},
[15:51:00.997] {"a":"params[i2d] = i2d-scene:disks0"},
[15:51:00.997] "abs_values[2] = i2d-scene:disks0",
[15:51:00.998] {"a":"this.terms has term[3] = base"},
[15:51:00.998] {"a":"params[base] = base-skycube:test_cube"},
[15:51:00.998] "abs_values[3] = base-skycube:test_cube",
[15:51:00.998] {"a":"this.terms has term[4] = ui"},
[15:51:00.999] {"a":"params[ui] = ui-msgbg:"},
[15:51:00.999] "abs_values[4] = ui-msgbg:",
[15:51:00.999] {"a":"this.terms has term[5] = shot"},
[15:51:01.000] {"a":"params[shot] = shot-graft:scope8"},
[15:51:01.000] "abs_values[5] = shot-graft:scope8",
[15:51:01.000] {"a":"ch_st(): $location.url(//////shot-graft:scope8)"},
[15:51:01.001] {"t":"mediator","f":"socket.emit.actions","a":{"t":"narrative","f":"shot","a":"shot-graft:{\"delta\":{\"timeline\":{\"p\":{\"repeat\":0},\"actors\":{\"i3d:cube0_2:scale\":[{\"dur\":10,\"p\":{\"x\":1,\"y\":1,\"z\":1}}],\"i3d:cube0_3:scale\":[{\"dur\":10,\"p\":{\"x\":1,\"y\":1,\"z\":1}}]}},\"branches\":{\"cube0_2\":{\"children\":{\"s0_2_0\":{\"form\":{\"type\":\"'sphere.i3d'\",\"r\":5,\"color\":\"blue\",\"transparent\":true,\"opacity\":0.8},\"transform\":{\"e\":[0,-0.785,0],\"t\":[-10,-10,0],\"s\":[0.01,0.01,0.01]},\"children\":{}},\"s0_2_1\":{\"form\":{\"type\":\"'sphere.i3d'\",\"r\":5,\"color\":\"blue\",\"transparent\":true,\"opacity\":0.8},\"transform\":{\"e\":[0,0.785,0],\"t\":[10,10,0],\"s\":[0.01,0.01,0.01]},\"children\":{}}}}}}}"}},
[15:51:01.225] {"t":"Mediator","f":"component","a":"narrative"},
[15:51:01.226] {"t":"app","f":"onEnter","a":{"name":"shot-graft:scope8"}},
[15:51:01.226] {"t":"timeline","f":"play"},
[15:51:01.226] {"t":"camera3d","f":"addActorToScene","a":"s0_2_0"},
[15:51:01.226] {"t":"camera3d","f":"addActorToScene","a":"s0_2_1"},
[15:51:01.226] {"t":"camera3d","f":"addActorToScene","a":"s0_2_0"},
[15:51:01.226] {"t":"camera3d","f":"addActorToScene","a":"s0_2_1"},
[15:51:10.976] {"a":"$location===mediator.location is\n              true"},
[15:51:10.995] {"a":"mediator[action.t] = [object Object]"},
[15:51:10.995] {"a":"target = [object Object]"},
[15:51:10.996] {"a":"$location===mediator.location is\n              true"},
[15:51:10.998] {"a":"mediator[action.t] = [object Object]"},
[15:51:10.998] {"a":"target = [object Object]"},
[15:51:10.999] {"a":"~~~~ change_state() url = /a:/i3d-simple:simple_green/i2d-scene:disks0/base-skycube:test_cube/ui-msgbg:/shot-graft:scope9"},
[15:51:10.999] {"a":"~~~~ change_state() this.prev_url = //////shot-graft:scope8"},
[15:51:10.999] {"a":"this.terms has term[0] = scene"},
[15:51:10.999] {"a":"params[scene] = a:"},
[15:51:11.000] "abs_values[0] = a:",
[15:51:11.000] {"a":"this.terms has term[1] = i3d"},
[15:51:11.000] {"a":"params[i3d] = i3d-simple:simple_green"},
[15:51:11.000] "abs_values[1] = i3d-simple:simple_green",
[15:51:11.000] {"a":"this.terms has term[2] = i2d"},
[15:51:11.000] {"a":"params[i2d] = i2d-scene:disks0"},
[15:51:11.000] "abs_values[2] = i2d-scene:disks0",
[15:51:11.000] {"a":"this.terms has term[3] = base"},
[15:51:11.000] {"a":"params[base] = base-skycube:test_cube"},
[15:51:11.000] "abs_values[3] = base-skycube:test_cube",
[15:51:11.000] {"a":"this.terms has term[4] = ui"},
[15:51:11.001] {"a":"params[ui] = ui-msgbg:"},
[15:51:11.001] "abs_values[4] = ui-msgbg:",
[15:51:11.001] {"a":"this.terms has term[5] = shot"},
[15:51:11.001] {"a":"params[shot] = shot-graft:scope9"},
[15:51:11.001] "abs_values[5] = shot-graft:scope9",
[15:51:11.001] {"a":"ch_st(): $location.url(//////shot-graft:scope9)"},
[15:51:11.001] {"t":"mediator","f":"socket.emit.actions","a":{"t":"narrative","f":"shot","a":"shot-graft:{\"delta\":{\"timeline\":{\"p\":{\"repeat\":0},\"actors\":{\"i3d:s0_2_0:scale\":[{\"dur\":10,\"p\":{\"x\":1,\"y\":1,\"z\":1}}],\"i3d:s0_2_1:scale\":[{\"dur\":10,\"p\":{\"x\":1,\"y\":1,\"z\":1}}]}},\"branches\":{}}}"}},
[15:51:11.052] {"t":"Mediator","f":"component","a":"narrative"},
[15:51:11.052] {"t":"app","f":"onEnter","a":{"name":"shot-graft:scope9"}},
[15:51:11.053] {"t":"timeline","f":"play"},
[15:51:20.976] {"a":"$location===mediator.location is\n              true"},
[15:51:20.991] {"a":"mediator[action.t] = [object Object]"},
[15:51:20.991] {"a":"target = [object Object]"},
[15:51:26.002] {"a":"$location===mediator.location is\n              true"},
[15:51:26.008] {"a":"mediator[action.t] = [object Object]"},
[15:51:26.009] {"a":"target = [object Object]"},
[15:51:26.009] {"t":"narrative","f":"shot","a":{"delta":{"timeline":{"p":{"paused":true,"repeat":0},"actors":{"i3d:camera:rotation":[{"dur":4,"p":{"y":0.7854,"immediateRender":false}}]}}}}},
[15:51:26.010] {"a":"~~~~ change_state() url = /a:/i3d-simple:simple_green/i2d-scene:disks0/base-skycube:test_cube/ui-msgbg:/shot-anim:scope10"},
[15:51:26.010] {"a":"~~~~ change_state() this.prev_url = //////shot-graft:scope9"},
[15:51:26.010] {"a":"this.terms has term[0] = scene"},
[15:51:26.010] {"a":"params[scene] = a:"},
[15:51:26.010] "abs_values[0] = a:",
[15:51:26.010] {"a":"this.terms has term[1] = i3d"},
[15:51:26.010] {"a":"params[i3d] = i3d-simple:simple_green"},
[15:51:26.011] "abs_values[1] = i3d-simple:simple_green",
[15:51:26.011] {"a":"this.terms has term[2] = i2d"},
[15:51:26.011] {"a":"params[i2d] = i2d-scene:disks0"},
[15:51:26.011] "abs_values[2] = i2d-scene:disks0",
[15:51:26.011] {"a":"this.terms has term[3] = base"},
[15:51:26.011] {"a":"params[base] = base-skycube:test_cube"},
[15:51:26.011] "abs_values[3] = base-skycube:test_cube",
[15:51:26.011] {"a":"this.terms has term[4] = ui"},
[15:51:26.011] {"a":"params[ui] = ui-msgbg:"},
[15:51:26.012] "abs_values[4] = ui-msgbg:",
[15:51:26.012] {"a":"this.terms has term[5] = shot"},
[15:51:26.012] {"a":"params[shot] = shot-anim:scope10"},
[15:51:26.012] "abs_values[5] = shot-anim:scope10",
[15:51:26.012] {"a":"ch_st(): $location.url(//////shot-anim:scope10)"},
[15:51:26.012] {"t":"mediator","f":"socket.emit.actions","a":{"t":"camera3d","f":"panflyTo","a":{"r":0.7854,"d":4}}},
[15:51:26.062] {"t":"Mediator","f":"component","a":"narrative"},
[15:51:26.062] {"t":"app","f":"onEnter","a":{"name":"shot-anim:scope10"}},
[15:51:26.062] {"t":"timeline","f":"play"},
[15:51:29.991] {"a":"$location===mediator.location is\n              true"},
[15:51:29.998] {"a":"mediator[action.t] = [object Object]"},
[15:51:29.999] {"a":"target = [object Object]"},
[15:51:36.003] {"a":"$location===mediator.location is\n              true"},
[15:51:36.010] {"a":"mediator[action.t] = [object Object]"},
[15:51:36.011] {"a":"target = [object Object]"},
[15:51:36.012] {"a":"~~~~ change_state() url = /footprint:/i3d-scene:scene1/i2d-empty:/escher:/ui-msgbg:/ECU:"},
[15:51:36.012] {"a":"~~~~ change_state() this.prev_url = //////shot-anim:scope10"},
[15:51:36.012] {"a":"this.terms has term[0] = scene"},
[15:51:36.013] {"a":"params[scene] = footprint:"},
[15:51:36.013] "abs_values[0] = footprint:",
[15:51:36.013] {"a":"this.terms has term[1] = i3d"},
[15:51:36.013] {"a":"params[i3d] = i3d-scene:scene1"},
[15:51:36.014] "abs_values[1] = i3d-scene:scene1",
[15:51:36.014] {"a":"this.terms has term[2] = i2d"},
[15:51:36.014] {"a":"params[i2d] = i2d-empty:"},
[15:51:36.015] "abs_values[2] = i2d-empty:",
[15:51:36.015] {"a":"this.terms has term[3] = base"},
[15:51:36.015] {"a":"params[base] = escher:"},
[15:51:36.015] "abs_values[3] = escher:",
[15:51:36.016] {"a":"this.terms has term[4] = ui"},
[15:51:36.016] {"a":"params[ui] = ui-msgbg:"},
[15:51:36.016] "abs_values[4] = ui-msgbg:",
[15:51:36.017] {"a":"this.terms has term[5] = shot"},
[15:51:36.017] {"a":"params[shot] = ECU:"},
[15:51:36.017] "abs_values[5] = ECU:",
[15:51:36.017] {"a":"ch_st(): $location.url(/footprint:/i3d-scene:scene1/i2d-empty:/escher://ECU:)"},
[15:51:36.023] {"t":"mediator","f":"socket.emit.actions","a":{"t":"narrative","f":"change_scene","a":"footprint"}},
[15:51:40.344] {"t":"Mediator","f":"component","a":"narrative"},
[15:51:40.345] {"t":"app","f":"onEnter","a":{"name":"footprint:"}},
[15:51:40.345] {"t":"app","f":"onEnter","a":{"name":"i3d-scene:scene1"}},
[15:51:40.345] {"t":"camera3d","f":"changeTemplateScene"},
[15:51:40.345] {"t":"app","f":"onEnter","a":{"name":"i2d-empty:"}},
[15:51:40.345] {"t":"app","f":"onEnter","a":{"name":"escher:"}},
[15:51:40.345] {"t":"app","f":"onEnter","a":{"name":"ECU:"}},
[15:51:40.346] {"t":"timeline","f":"play"},
[15:51:40.346] {"t":"camera3d","f":"addBillboardToScene","a":"bb_singular2"},
[15:51:40.346] {"t":"camera3d","f":"addBillboardToScene","a":"bb0"},
[15:51:40.346] {"t":"camera3d","f":"addBillboardToScene","a":"bb1"},
[15:51:40.346] {"t":"camera3d","f":"addBillboardToScene","a":"bb2"},
[15:51:40.346] {"t":"camera3d","f":"addBillboardToScene","a":"bb3"},
[15:51:40.347] {"t":"camera3d","f":"addBillboardToScene","a":"bb4"},
[15:51:40.347] {"t":"camera3d","f":"addBillboardToScene","a":"bb5"},
[15:51:40.347] {"t":"camera3d","f":"addBillboardToScene","a":"bb6"},
[15:51:40.347] {"t":"camera3d","f":"addBillboardToScene","a":"bb7"},
[15:51:40.347] {"t":"camera3d","f":"addBillboardToScene","a":"bb8"},
[15:51:40.347] {"t":"camera3d","f":"addBillboardToScene","a":"bb18"},
[15:51:40.347] {"t":"camera3d","f":"addBillboardToScene","a":"bb19"},
[15:51:40.348] {"t":"camera3d","f":"addBillboardToScene","a":"bb20"},
[15:51:40.348] {"t":"camera3d","f":"addBillboardToScene","a":"bb21"},
[15:51:40.348] {"t":"camera3d","f":"addBillboardToScene","a":"bb22"},
[15:51:40.348] {"t":"camera3d","f":"addBillboardToScene","a":"bb23"},
[15:51:40.348] {"t":"camera3d","f":"addBillboardToScene","a":"bb24"},
[15:51:40.349] {"t":"camera3d","f":"addBillboardToScene","a":"bb25"},
[15:51:40.349] {"t":"camera3d","f":"addBillboardToScene","a":"bb26"},
[15:51:40.349] {"t":"camera3d","f":"addBillboardToScene","a":"bb55"},
[15:51:40.349] {"t":"camera3d","f":"addBillboardToScene","a":"bb56"},
[15:51:40.349] {"t":"camera3d","f":"addBillboardToScene","a":"bb57"},
[15:51:40.350] {"t":"camera3d","f":"addBillboardToScene","a":"bb_singular2"},
[15:51:40.350] {"t":"camera3d","f":"addBillboardToScene","a":"bb62"},
[15:51:40.349] {"t":"camera3d","f":"addBillboardToScene","a":"bb58"},
[15:51:40.350] {"t":"camera3d","f":"addBillboardToScene","a":"bb59"},
[15:51:40.350] {"t":"camera3d","f":"addBillboardToScene","a":"bb61"},
[15:51:40.350] {"t":"camera3d","f":"addBillboardToScene","a":"bb0"},
[15:51:40.351] {"t":"camera3d","f":"addBillboardToScene","a":"bb1"},
[15:51:40.351] {"t":"camera3d","f":"addBillboardToScene","a":"bb3"},
[15:51:40.351] {"t":"camera3d","f":"addBillboardToScene","a":"bb4"},
[15:51:40.352] {"t":"camera3d","f":"addBillboardToScene","a":"bb5"},
[15:51:40.352] {"t":"camera3d","f":"addBillboardToScene","a":"bb6"},
[15:51:40.352] {"t":"camera3d","f":"addBillboardToScene","a":"bb19"},
[15:51:40.352] {"t":"camera3d","f":"addBillboardToScene","a":"bb8"},
[15:51:40.352] {"t":"camera3d","f":"addBillboardToScene","a":"bb18"},
[15:51:40.352] {"t":"camera3d","f":"addBillboardToScene","a":"bb7"},
[15:51:40.353] {"t":"camera3d","f":"addBillboardToScene","a":"bb20"},
[15:51:40.353] {"t":"camera3d","f":"addBillboardToScene","a":"bb21"},
[15:51:40.353] {"t":"camera3d","f":"addBillboardToScene","a":"bb22"},
[15:51:40.353] {"t":"camera3d","f":"addBillboardToScene","a":"bb23"},
[15:51:40.353] {"t":"camera3d","f":"addBillboardToScene","a":"bb24"},
[15:51:40.353] {"t":"camera3d","f":"addBillboardToScene","a":"bb25"},
[15:51:40.349] {"t":"camera3d","f":"addBillboardToScene","a":"bb54"},
[15:51:40.354] {"t":"camera3d","f":"addBillboardToScene","a":"bb26"},
[15:51:40.354] {"t":"camera3d","f":"addBillboardToScene","a":"bb54"},
[15:51:40.354] {"t":"camera3d","f":"addBillboardToScene","a":"bb55"},
[15:51:40.354] {"t":"camera3d","f":"addBillboardToScene","a":"bb56"},
[15:51:40.354] {"t":"camera3d","f":"addBillboardToScene","a":"bb57"},
[15:51:40.351] {"t":"camera3d","f":"addBillboardToScene","a":"bb2"},
[15:51:40.354] {"t":"camera3d","f":"addBillboardToScene","a":"bb58"},
[15:51:40.355] {"t":"camera3d","f":"addBillboardToScene","a":"bb59"},
[15:51:40.355] {"t":"camera3d","f":"addBillboardToScene","a":"bb60"},
[15:51:40.355] {"t":"camera3d","f":"addBillboardToScene","a":"bb61"},
[15:51:40.355] {"t":"camera3d","f":"addBillboardToScene","a":"bb62"},
[15:51:40.350] {"t":"camera3d","f":"addBillboardToScene","a":"bb60"},
[15:51:40.355] {"t":"camera3d","f":"addBillboardToScene","a":"bb_singular2"},
[15:51:40.357] {"t":"camera3d","f":"addBillboardToScene","a":"bb0"},
[15:51:40.357] {"t":"camera3d","f":"addBillboardToScene","a":"bb1"},
[15:51:40.358] {"t":"camera3d","f":"addBillboardToScene","a":"bb2"},
[15:51:40.358] {"t":"camera3d","f":"addBillboardToScene","a":"bb3"},
[15:51:40.358] {"t":"camera3d","f":"addBillboardToScene","a":"bb4"},
[15:51:40.358] {"t":"camera3d","f":"addBillboardToScene","a":"bb5"},
[15:51:40.358] {"t":"camera3d","f":"addBillboardToScene","a":"bb6"},
[15:51:40.358] {"t":"camera3d","f":"addBillboardToScene","a":"bb7"},
[15:51:40.359] {"t":"camera3d","f":"addBillboardToScene","a":"bb8"},
[15:51:40.360] {"t":"camera3d","f":"addBillboardToScene","a":"bb18"},
[15:51:40.360] {"t":"camera3d","f":"addBillboardToScene","a":"bb19"},
[15:51:40.360] {"t":"camera3d","f":"addBillboardToScene","a":"bb20"},
[15:51:40.360] {"t":"camera3d","f":"addBillboardToScene","a":"bb21"},
[15:51:40.361] {"t":"camera3d","f":"addBillboardToScene","a":"bb22"},
[15:51:40.361] {"t":"camera3d","f":"addBillboardToScene","a":"bb23"},
[15:51:40.361] {"t":"camera3d","f":"addBillboardToScene","a":"bb24"},
[15:51:40.361] {"t":"camera3d","f":"addBillboardToScene","a":"bb25"},
[15:51:40.361] {"t":"camera3d","f":"addBillboardToScene","a":"bb26"},
[15:51:40.361] {"t":"camera3d","f":"addBillboardToScene","a":"bb54"},
[15:51:40.362] {"t":"camera3d","f":"addBillboardToScene","a":"bb55"},
[15:51:40.362] {"t":"camera3d","f":"addBillboardToScene","a":"bb56"},
[15:51:40.362] {"t":"camera3d","f":"addBillboardToScene","a":"bb57"},
[15:51:40.365] {"t":"camera3d","f":"addBillboardToScene","a":"bb58"},
[15:51:40.366] {"t":"camera3d","f":"addBillboardToScene","a":"bb59"},
[15:51:40.366] {"t":"camera3d","f":"addActorToScene","a":"csphere"},
[15:51:40.367] {"t":"camera3d","f":"addBillboardToScene","a":"bb2"},
[15:51:40.366] {"t":"camera3d","f":"addBillboardToScene","a":"bb61"},
[15:51:40.366] {"t":"camera3d","f":"addBillboardToScene","a":"bb62"},
[15:51:40.367] {"t":"camera3d","f":"addBillboardToScene","a":"bb1"},
[15:51:40.367] {"t":"camera3d","f":"addBillboardToScene","a":"bb3"},
[15:51:40.366] {"t":"camera3d","f":"addBillboardToScene","a":"bb0"},
[15:51:40.367] {"t":"camera3d","f":"addBillboardToScene","a":"bb4"},
[15:51:40.367] {"t":"camera3d","f":"addBillboardToScene","a":"bb5"},
[15:51:40.366] {"t":"camera3d","f":"addBillboardToScene","a":"bb60"},
[15:51:40.367] {"t":"camera3d","f":"addBillboardToScene","a":"bb7"},
[15:51:40.368] {"t":"camera3d","f":"addBillboardToScene","a":"bb8"},
[15:51:40.366] {"t":"camera3d","f":"addBillboardToScene","a":"bb_singular2"},
[15:51:40.368] {"t":"camera3d","f":"addBillboardToScene","a":"bb19"},
[15:51:40.368] {"t":"camera3d","f":"addBillboardToScene","a":"bb20"},
[15:51:40.368] {"t":"camera3d","f":"addBillboardToScene","a":"bb21"},
[15:51:40.367] {"t":"camera3d","f":"addBillboardToScene","a":"bb6"},
[15:51:40.368] {"t":"camera3d","f":"addBillboardToScene","a":"bb22"},
[15:51:40.369] {"t":"camera3d","f":"addBillboardToScene","a":"bb24"},
[15:51:40.368] {"t":"camera3d","f":"addBillboardToScene","a":"bb23"},
[15:51:40.368] {"t":"camera3d","f":"addBillboardToScene","a":"bb18"},
[15:51:40.369] {"t":"camera3d","f":"addBillboardToScene","a":"bb25"},
[15:51:40.369] {"t":"camera3d","f":"addBillboardToScene","a":"bb26"},
[15:51:40.369] {"t":"camera3d","f":"addBillboardToScene","a":"bb54"},
[15:51:40.369] {"t":"camera3d","f":"addBillboardToScene","a":"bb55"},
[15:51:40.370] {"t":"camera3d","f":"addBillboardToScene","a":"bb56"},
[15:51:40.370] {"t":"camera3d","f":"addBillboardToScene","a":"bb57"},
[15:51:40.370] {"t":"camera3d","f":"addBillboardToScene","a":"bb58"},
[15:51:40.370] {"t":"camera3d","f":"addBillboardToScene","a":"bb59"},
[15:51:40.370] {"t":"camera3d","f":"addBillboardToScene","a":"bb60"},
[15:51:40.370] {"t":"camera3d","f":"addBillboardToScene","a":"bb61"},
[15:51:40.371] {"t":"camera3d","f":"addBillboardToScene","a":"bb62"},
[15:51:40.371] {"a":"$location===mediator.location is\n              true"},
[15:51:40.371] {"a":"mediator[action.t] = [object Object]"},
[15:51:40.371] {"a":"target = [object Object]"},
[15:51:40.451] {"t":"camera3d","f":"addBillboardToScene","a":"bb_singular"},
[15:51:40.505] {"t":"camera3d","f":"addBillboardToScene","a":"bb_singular"},
[15:51:40.505] {"t":"camera3d","f":"addBillboardToScene","a":"bb_singular"},
[15:51:40.506] {"t":"camera3d","f":"addBillboardToScene","a":"bb_singular"},
[15:51:51.007] {"a":"$location===mediator.location is\n              true"},
[15:51:51.027] {"a":"mediator[action.t] = [object Object]"},
[15:51:51.027] {"a":"target = [object Object]"},
[15:51:51.027] {"t":"narrative","f":"shot","a":{"delta":{"timeline":{"p":{"paused":true,"repeat":0},"actors":{"i3d:camera:rotation":[{"dur":4,"p":{"y":0.7854,"immediateRender":false}}]}}}}},
[15:51:51.027] {"a":"~~~~ change_state() this.prev_url = /footprint:/i3d-scene:scene1/i2d-empty:/escher://ECU:"},
[15:51:51.027] {"a":"~~~~ change_state() url = /footprint:/i3d-scene:scene1/i2d-empty:/escher:/ui-msgbg:/shot-anim:scope12"},
[15:51:51.028] {"a":"params[scene] = footprint:"},
[15:51:51.028] {"a":"this.terms has term[0] = scene"},
[15:51:51.028] {"a":"this.terms has term[1] = i3d"},
[15:51:51.028] {"a":"params[i3d] = i3d-scene:scene1"},
[15:51:51.028] {"a":"this.terms has term[2] = i2d"},
[15:51:51.028] {"a":"params[i2d] = i2d-empty:"},
[15:51:51.028] "abs_values[1] = i3d-scene:scene1",
[15:51:51.028] {"a":"this.terms has term[3] = base"},
[15:51:51.028] {"a":"params[base] = escher:"},
[15:51:51.029] "abs_values[3] = escher:",
[15:51:51.028] "abs_values[2] = i2d-empty:",
[15:51:51.029] {"a":"this.terms has term[4] = ui"},
[15:51:51.029] "abs_values[4] = ui-msgbg:",
[15:51:51.029] {"a":"params[ui] = ui-msgbg:"},
[15:51:51.029] {"a":"this.terms has term[5] = shot"},
[15:51:51.029] {"a":"params[shot] = shot-anim:scope12"},
[15:51:51.029] {"a":"ch_st(): $location.url(//////shot-anim:scope12)"},
[15:51:51.030] {"t":"mediator","f":"socket.emit.actions","a":{"t":"camera3d","f":"panflyTo","a":{"r":0.7854,"d":4}}},
[15:51:51.028] "abs_values[0] = footprint:",
[15:51:51.029] "abs_values[5] = shot-anim:scope12",
[15:51:51.079] {"t":"Mediator","f":"component","a":"narrative"},
[15:51:51.079] {"t":"app","f":"onEnter","a":{"name":"shot-anim:scope12"}},
[15:51:51.079] {"t":"timeline","f":"play"},
[15:51:55.031] {"a":"$location===mediator.location is\n              true"},
[15:51:55.038] {"a":"mediator[action.t] = [object Object]"},
[15:51:55.039] {"a":"target = [object Object]"},
[15:52:06.009] {"a":"$location===mediator.location is\n              true"},
[15:52:06.025] {"a":"mediator[action.t] = [object Object]"},
[15:52:06.025] {"a":"target = [object Object]"},
[15:52:06.025] {"t":"narrative","f":"shot","a":{"delta":{"timeline":{"p":{"paused":true,"repeat":0},"actors":{"i3d:camera:rotation":[{"dur":4,"p":{"x":0.7854,"immediateRender":false}}]}}}}},
[15:52:06.025] {"a":"~~~~ change_state() url = /footprint:/i3d-scene:scene1/i2d-empty:/escher:/ui-msgbg:/shot-anim:scope13"},
[15:52:06.025] {"a":"~~~~ change_state() this.prev_url = //////shot-anim:scope12"},
[15:52:06.025] {"a":"this.terms has term[0] = scene"},
[15:52:06.025] {"a":"params[scene] = footprint:"},
[15:52:06.025] "abs_values[0] = footprint:",
[15:52:06.025] {"a":"this.terms has term[1] = i3d"},
[15:52:06.026] {"a":"params[i3d] = i3d-scene:scene1"},
[15:52:06.026] "abs_values[1] = i3d-scene:scene1",
[15:52:06.026] {"a":"this.terms has term[2] = i2d"},
[15:52:06.026] {"a":"params[i2d] = i2d-empty:"},
[15:52:06.026] {"a":"this.terms has term[3] = base"},
[15:52:06.026] "abs_values[2] = i2d-empty:",
[15:52:06.026] "abs_values[3] = escher:",
[15:52:06.026] {"a":"this.terms has term[4] = ui"},
[15:52:06.026] {"a":"params[ui] = ui-msgbg:"},
[15:52:06.027] "abs_values[4] = ui-msgbg:",
[15:52:06.027] {"a":"this.terms has term[5] = shot"},
[15:52:06.027] {"a":"params[shot] = shot-anim:scope13"},
[15:52:06.027] "abs_values[5] = shot-anim:scope13",
[15:52:06.027] {"a":"ch_st(): $location.url(//////shot-anim:scope13)"},
[15:52:06.027] {"t":"mediator","f":"socket.emit.actions","a":{"t":"camera3d","f":"tiltflyTo","a":{"r":0.7854,"d":4}}},
[15:52:06.026] {"a":"params[base] = escher:"},
[15:52:06.088] {"t":"app","f":"onEnter","a":{"name":"shot-anim:scope13"}},
[15:52:06.088] {"t":"timeline","f":"play"},
[15:52:06.088] {"t":"Mediator","f":"component","a":"narrative"},
[15:52:10.004] {"a":"$location===mediator.location is\n              true"},
[15:52:10.007] {"a":"mediator[action.t] = [object Object]"},
[15:52:10.007] {"a":"target = [object Object]"},
[15:52:16.011] {"a":"$location===mediator.location is\n              true"},
[15:52:16.012] {"a":"mediator[action.t] = [object Object]"},
[15:52:16.012] {"a":"target = [object Object]"},
[15:52:16.012] {"t":"mediator","f":"socket.emit.actions","a":{"t":"camera3d","f":"billboardsFaceCamera"}},
[15:52:31.012] {"a":"$location===mediator.location is\n              true"},
[15:52:31.021] {"a":"mediator[action.t] = [object Object]"},
[15:52:31.022] {"a":"target = [object Object]"},
[15:52:31.022] {"t":"narrative","f":"shot","a":{"delta":{"timeline":{"p":{"paused":true,"repeat":0},"actors":{"i3d:camera:rotation":[{"dur":4,"p":{"x":0,"immediateRender":false}}]}}}}},
[15:52:31.023] {"a":"~~~~ change_state() url = /footprint:/i3d-scene:scene1/i2d-empty:/escher:/ui-msgbg:/shot-anim:scope14"},
[15:52:31.023] {"a":"~~~~ change_state() this.prev_url = //////shot-anim:scope13"},
[15:52:31.023] {"a":"this.terms has term[0] = scene"},
[15:52:31.024] {"a":"params[scene] = footprint:"},
[15:52:31.024] "abs_values[0] = footprint:",
[15:52:31.024] {"a":"this.terms has term[1] = i3d"},
[15:52:31.025] {"a":"params[i3d] = i3d-scene:scene1"},
[15:52:31.025] "abs_values[1] = i3d-scene:scene1",
[15:52:31.025] {"a":"this.terms has term[2] = i2d"},
[15:52:31.026] {"a":"params[i2d] = i2d-empty:"},
[15:52:31.026] "abs_values[2] = i2d-empty:",
[15:52:31.026] {"a":"this.terms has term[3] = base"},
[15:52:31.027] {"a":"params[base] = escher:"},
[15:52:31.027] "abs_values[3] = escher:",
[15:52:31.027] {"a":"this.terms has term[4] = ui"},
[15:52:31.027] {"a":"params[ui] = ui-msgbg:"},
[15:52:31.028] "abs_values[4] = ui-msgbg:",
[15:52:31.028] {"a":"this.terms has term[5] = shot"},
[15:52:31.028] {"a":"params[shot] = shot-anim:scope14"},
[15:52:31.028] "abs_values[5] = shot-anim:scope14",
[15:52:31.029] {"a":"ch_st(): $location.url(//////shot-anim:scope14)"},
[15:52:31.029] {"t":"mediator","f":"socket.emit.actions","a":{"t":"camera3d","f":"tiltflyBy","a":{"r":-0.7854,"d":4}}},
[15:52:31.115] {"t":"Mediator","f":"component","a":"narrative"},
[15:52:31.115] {"t":"app","f":"onEnter","a":{"name":"shot-anim:scope14"}},
[15:52:31.115] {"t":"timeline","f":"play"},
[15:52:35.014] {"a":"$location===mediator.location is\n              true"},
[15:52:35.020] {"a":"mediator[action.t] = [object Object]"},
[15:52:35.021] {"a":"target = [object Object]"},
[15:52:46.014] {"a":"$location===mediator.location is\n              true"},
[15:52:46.029] {"a":"mediator[action.t] = [object Object]"},
[15:52:46.029] {"a":"target = [object Object]"},
[15:52:46.029] {"t":"narrative","f":"shot","a":{"delta":{"timeline":{"p":{"paused":true,"repeat":0},"actors":{"i3d:camera:rotation":[{"dur":4,"p":{"y":0,"immediateRender":false}}]}}}}},
[15:52:46.035] {"a":"~~~~ change_state() url = /footprint:/i3d-scene:scene1/i2d-empty:/escher:/ui-msgbg:/shot-anim:scope15"},
[15:52:46.035] {"a":"~~~~ change_state() this.prev_url = //////shot-anim:scope14"},
[15:52:46.035] {"a":"this.terms has term[0] = scene"},
[15:52:46.035] {"a":"params[scene] = footprint:"},
[15:52:46.035] "abs_values[0] = footprint:",
[15:52:46.035] {"a":"this.terms has term[1] = i3d"},
[15:52:46.035] {"a":"params[i3d] = i3d-scene:scene1"},
[15:52:46.035] "abs_values[1] = i3d-scene:scene1",
[15:52:46.036] {"a":"this.terms has term[2] = i2d"},
[15:52:46.036] {"a":"params[i2d] = i2d-empty:"},
[15:52:46.036] "abs_values[2] = i2d-empty:",
[15:52:46.036] {"a":"this.terms has term[3] = base"},
[15:52:46.036] {"a":"params[base] = escher:"},
[15:52:46.036] "abs_values[3] = escher:",
[15:52:46.036] {"a":"this.terms has term[4] = ui"},
[15:52:46.036] {"a":"params[ui] = ui-msgbg:"},
[15:52:46.036] "abs_values[4] = ui-msgbg:",
[15:52:46.036] {"a":"this.terms has term[5] = shot"},
[15:52:46.037] {"a":"params[shot] = shot-anim:scope15"},
[15:52:46.037] "abs_values[5] = shot-anim:scope15",
[15:52:46.037] {"a":"ch_st(): $location.url(//////shot-anim:scope15)"},
[15:52:46.037] {"t":"mediator","f":"socket.emit.actions","a":{"t":"camera3d","f":"panflyBy","a":{"r":-0.7854,"d":4}}},
[15:52:46.097] {"t":"Mediator","f":"component","a":"narrative"},
[15:52:46.098] {"t":"app","f":"onEnter","a":{"name":"shot-anim:scope15"}},
[15:52:46.098] {"t":"timeline","f":"play"},
[15:52:50.042] {"a":"$location===mediator.location is\n              true"},
[15:52:50.046] {"a":"mediator[action.t] = [object Object]"},
[15:52:50.046] {"a":"target = [object Object]"},
[15:52:56.016] {"a":"$location===mediator.location is\n              true"},
[15:52:56.037] {"a":"mediator[action.t] = [object Object]"},
[15:52:56.038] {"a":"~~~~ change_state() url = /circle:/i3d-simple:simple_red/i2d-scene:disks0/base-skycube:test_cube/ui-msgbg:/shot-graft:a0"},
[15:52:56.038] {"a":"~~~~ change_state() this.prev_url = //////shot-anim:scope15"},
[15:52:56.038] {"a":"this.terms has term[0] = scene"},
[15:52:56.038] {"a":"params[scene] = circle:"},
[15:52:56.038] "abs_values[0] = circle:",
[15:52:56.038] {"a":"this.terms has term[1] = i3d"},
[15:52:56.038] {"a":"params[i3d] = i3d-simple:simple_red"},
[15:52:56.038] "abs_values[1] = i3d-simple:simple_red",
[15:52:56.038] {"a":"this.terms has term[2] = i2d"},
[15:52:56.039] {"a":"params[i2d] = i2d-scene:disks0"},
[15:52:56.039] "abs_values[2] = i2d-scene:disks0",
[15:52:56.041] {"a":"this.terms has term[3] = base"},
[15:52:56.041] {"a":"params[base] = base-skycube:test_cube"},
[15:52:56.041] "abs_values[3] = base-skycube:test_cube",
[15:52:56.041] {"a":"this.terms has term[4] = ui"},
[15:52:56.041] {"a":"params[ui] = ui-msgbg:"},
[15:52:56.041] "abs_values[4] = ui-msgbg:",
[15:52:56.045] {"a":"this.terms has term[5] = shot"},
[15:52:56.045] {"a":"params[shot] = shot-graft:a0"},
[15:52:56.045] "abs_values[5] = shot-graft:a0",
[15:52:56.045] {"a":"ch_st(): $location.url(/circle:/i3d-simple:simple_red/i2d-scene:disks0/base-skycube:test_cube//shot-graft:a0)"},
[15:52:56.045] {"t":"mediator","f":"socket.emit.actions","a":{"t":"narrative","f":"change_scene","a":"circle"}},
[15:52:56.038] {"a":"target = [object Object]"},
[15:52:56.965] {"t":"Mediator","f":"component","a":"narrative"},
[15:52:56.966] {"t":"app","f":"onEnter","a":{"name":"i3d-simple:simple_red"}},
[15:52:56.967] {"t":"camera3d","f":"changeTemplateScene"},
[15:52:56.967] {"t":"app","f":"onEnter","a":{"name":"i2d-scene:disks0"}},
[15:52:56.971] {"t":"camera3d","f":"addActorToScene","a":"cube0_0"},
[15:52:56.967] {"t":"app","f":"onEnter","a":{"name":"base-skycube:test_cube"}},
[15:52:56.967] {"t":"app","f":"onEnter","a":{"name":"shot-graft:a0"}},
[15:52:56.972] {"a":"$location===mediator.location is\n              true"},
[15:52:56.971] {"t":"camera3d","f":"addActorToScene","a":"cube0_0"},
[15:52:56.972] {"a":"mediator[action.t] = [object Object]"},
[15:52:56.971] {"t":"camera3d","f":"addActorToScene","a":"cube0_1"},
[15:52:56.967] {"t":"timeline","f":"play"},
[15:52:56.968] {"t":"camera3d","f":"addActorToScene","a":"cube0"},
[15:52:56.968] {"t":"camera3d","f":"addActorToScene","a":"cube0"},
[15:52:56.972] {"t":"camera3d","f":"addActorToScene","a":"cube0_0"},
[15:52:56.968] {"t":"camera3d","f":"addActorToScene","a":"csphere"},
[15:52:56.968] {"t":"camera3d","f":"addActorToScene","a":"cube0"},
[15:52:56.969] {"t":"camera3d","f":"addActorToScene","a":"cube0_3"},
[15:52:56.971] {"t":"camera3d","f":"addActorToScene","a":"cube0_1"},
[15:52:56.969] {"t":"camera3d","f":"addActorToScene","a":"cube0_3"},
[15:52:56.969] {"t":"camera3d","f":"addActorToScene","a":"cube0_0"},
[15:52:56.972] {"a":"target = [object Object]"},
[15:52:56.969] {"t":"camera3d","f":"addActorToScene","a":"cube0_1"},
[15:52:56.969] {"t":"camera3d","f":"addActorToScene","a":"cube0_0"},
[15:52:56.971] {"t":"camera3d","f":"addActorToScene","a":"cube0_1"},
[15:52:56.966] {"t":"app","f":"onEnter","a":{"name":"circle:"}},
[15:52:56.972] {"t":"camera3d","f":"addActorToScene","a":"cube0_1"},
[15:52:56.968] {"t":"camera3d","f":"addActorToScene","a":"cube0"},
[15:52:56.968] {"t":"camera3d","f":"addActorToScene","a":"cube0"},
[15:52:56.987] {"t":"camera3d","f":"addActorToScene","a":"cube0_2"},
[15:52:56.987] {"t":"camera3d","f":"addActorToScene","a":"cube0_2"},
[15:53:11.018] {"a":"$location===mediator.location is\n              true"},
[15:53:11.032] {"a":"mediator[action.t] = [object Object]"},
[15:53:11.032] {"a":"target = [object Object]"},
[15:53:11.032] {"a":"~~~~ change_state() this.prev_url = /circle:/i3d-simple:simple_red/i2d-scene:disks0/base-skycube:test_cube//shot-graft:a0"},
[15:53:11.032] {"a":"this.terms has term[0] = scene"},
[15:53:11.032] {"a":"params[scene] = circle:"},
[15:53:11.032] "abs_values[0] = circle:",
[15:53:11.033] {"a":"this.terms has term[1] = i3d"},
[15:53:11.033] {"a":"params[i3d] = i3d-simple:simple_red"},
[15:53:11.033] "abs_values[1] = i3d-simple:simple_red",
[15:53:11.033] {"a":"this.terms has term[2] = i2d"},
[15:53:11.033] {"a":"params[i2d] = i2d-scene:mf2d0"},
[15:53:11.033] "abs_values[2] = i2d-scene:mf2d0",
[15:53:11.033] {"a":"this.terms has term[3] = base"},
[15:53:11.033] {"a":"params[base] = base-skycube:test_cube"},
[15:53:11.033] "abs_values[3] = base-skycube:test_cube",
[15:53:11.033] {"a":"this.terms has term[4] = ui"},
[15:53:11.034] {"a":"params[ui] = ui-msgbg"},
[15:53:11.034] "abs_values[4] = ui-msgbg",
[15:53:11.034] {"a":"this.terms has term[5] = shot"},
[15:53:11.034] {"a":"params[shot] = MS"},
[15:53:11.034] "abs_values[5] = MS",
[15:53:11.034] {"a":"ch_st(): $location.url(///i2d-scene:mf2d0//ui-msgbg/MS)"},
[15:53:11.034] {"t":"mediator","f":"socket.emit.actions","a":{"t":"narrative","f":"change_state","a":"/circle:/i3d-simple:simple_red/i2d-scene:mf2d0/base-skycube:test_cube/ui-msgbg/MS"}},
[15:53:11.032] {"a":"~~~~ change_state() url = /circle:/i3d-simple:simple_red/i2d-scene:mf2d0/base-skycube:test_cube/ui-msgbg/MS"},
[15:53:11.419] {"t":"Mediator","f":"component","a":"narrative"},
[15:53:11.419] {"t":"app","f":"onEnter","a":{"name":"i2d-scene:mf2d0"}},
[15:53:11.420] {"t":"app","f":"onEnter","a":{"name":"ui-msgbg"}},
[15:53:11.420] {"t":"app","f":"onEnter","a":{"name":"MS"}},
[15:53:11.421] {"t":"timeline","f":"play"},
[15:53:11.421] {"a":"$location===mediator.location is\n              true"},
[15:53:11.421] {"a":"mediator[action.t] = [object Object]"},
[15:53:11.421] {"a":"target = [object Object]"},
[15:53:21.022] {"a":"$location===mediator.location is\n              true"},
[15:53:21.034] {"a":"mediator[action.t] = [object Object]"},
[15:53:21.035] {"a":"target = [object Object]"},
[15:53:21.035] {"a":"~~~~ change_state() url = /stocks:/i3d-jsonmodels:phonghead_kfb/i2d-scene:defsuse0/grid:/ui-msgbg:/2S:"},
[15:53:21.035] {"a":"~~~~ change_state() this.prev_url = ///i2d-scene:mf2d0//ui-msgbg/MS"},
[15:53:21.035] {"a":"this.terms has term[0] = scene"},
[15:53:21.036] {"a":"params[scene] = stocks:"},
[15:53:21.036] "abs_values[0] = stocks:",
[15:53:21.036] {"a":"this.terms has term[1] = i3d"},
[15:53:21.036] {"a":"params[i3d] = i3d-jsonmodels:phonghead_kfb"},
[15:53:21.036] "abs_values[1] = i3d-jsonmodels:phonghead_kfb",
[15:53:21.036] {"a":"this.terms has term[2] = i2d"},
[15:53:21.036] {"a":"params[i2d] = i2d-scene:defsuse0"},
[15:53:21.036] "abs_values[2] = i2d-scene:defsuse0",
[15:53:21.036] {"a":"this.terms has term[3] = base"},
[15:53:21.036] {"a":"params[base] = grid:"},
[15:53:21.037] "abs_values[3] = grid:",
[15:53:21.037] {"a":"this.terms has term[4] = ui"},
[15:53:21.037] {"a":"params[ui] = ui-msgbg:"},
[15:53:21.037] "abs_values[4] = ui-msgbg:",
[15:53:21.042] {"a":"this.terms has term[5] = shot"},
[15:53:21.043] {"a":"params[shot] = 2S:"},
[15:53:21.043] "abs_values[5] = 2S:",
[15:53:21.043] {"a":"ch_st(): $location.url(/stocks:/i3d-jsonmodels:phonghead_kfb/i2d-scene:defsuse0/grid:/ui-msgbg:/2S:)"},
[15:53:21.043] {"t":"mediator","f":"socket.emit.actions","a":{"t":"narrative","f":"change_scene","a":"stocks"}},
[15:53:23.538] {"t":"Mediator","f":"component","a":"narrative"},
[15:53:23.538] {"t":"app","f":"onEnter","a":{"name":"stocks:"}},
[15:53:23.539] {"t":"app","f":"onEnter","a":{"name":"i3d-jsonmodels:phonghead_kfb"}},
[15:53:23.539] {"t":"camera3d","f":"changeTemplateScene"},
[15:53:23.539] {"t":"app","f":"onEnter","a":{"name":"i2d-scene:defsuse0"}},
[15:53:23.539] {"t":"app","f":"onEnter","a":{"name":"grid:"}},
[15:53:23.539] {"t":"app","f":"onEnter","a":{"name":"ui-msgbg:"}},
[15:53:23.539] {"t":"app","f":"onEnter","a":{"name":"2S:"}},
[15:53:23.539] {"t":"timeline","f":"play"},
[15:53:23.540] {"t":"camera3d","f":"addActorToScene","a":"axes0"},
[15:53:23.540] {"t":"camera3d","f":"addActorToScene","a":"axes0"},
[15:53:23.540] {"t":"camera3d","f":"addActorToScene","a":"axes0"},
[15:53:23.540] {"t":"camera3d","f":"addActorToScene","a":"axes0"},
[15:53:23.540] {"t":"camera3d","f":"addActorToScene","a":"axes0"},
[15:53:23.540] {"t":"camera3d","f":"addActorToScene","a":"csphere"},
[15:53:23.541] {"t":"camera3d","f":"addActorToScene","a":"axes0"},
[15:53:23.541] {"t":"camera3d","f":"addActorToScene","a":"key"},
[15:53:23.541] {"t":"camera3d","f":"addActorToScene","a":"fill"},
[15:53:23.541] {"t":"camera3d","f":"addActorToScene","a":"back"},
[15:53:23.541] {"t":"camera3d","f":"addActorToScene","a":"key"},
[15:53:23.541] {"t":"camera3d","f":"addActorToScene","a":"fill"},
[15:53:23.541] {"t":"camera3d","f":"addActorToScene","a":"back"},
[15:53:23.541] {"t":"camera3d","f":"addActorToScene","a":"key"},
[15:53:23.542] {"t":"camera3d","f":"addActorToScene","a":"fill"},
[15:53:23.542] {"t":"camera3d","f":"addActorToScene","a":"back"},
[15:53:23.542] {"t":"camera3d","f":"addActorToScene","a":"key"},
[15:53:23.542] {"t":"camera3d","f":"addActorToScene","a":"fill"},
[15:53:23.542] {"t":"camera3d","f":"addActorToScene","a":"back"},
[15:53:23.542] {"t":"camera3d","f":"addActorToScene","a":"key"},
[15:53:23.542] {"t":"camera3d","f":"addActorToScene","a":"fill"},
[15:53:23.543] {"t":"camera3d","f":"addActorToScene","a":"back"},
[15:53:23.543] {"t":"camera3d","f":"addActorToScene","a":"key"},
[15:53:23.543] {"t":"camera3d","f":"addActorToScene","a":"fill"},
[15:53:23.543] {"t":"camera3d","f":"addActorToScene","a":"back"},
[15:53:23.543] {"a":"$location===mediator.location is\n              true"},
[15:53:23.543] {"a":"mediator[action.t] = [object Object]"},
[15:53:23.543] {"a":"target = [object Object]"},
[15:53:23.839] {"t":"camera3d","f":"addActorToScene","a":"head_scan"},
[15:53:24.822] {"t":"camera3d","f":"addActorToScene","a":"head_scan"},
[15:53:24.822] {"t":"camera3d","f":"addActorToScene","a":"head_scan"},
[15:53:24.823] {"t":"camera3d","f":"addActorToScene","a":"head_scan"},
[15:53:24.823] {"t":"camera3d","f":"addActorToScene","a":"head_scan"},
[15:53:36.022] {"a":"$location===mediator.location is\n              true"},
[15:53:36.037] {"a":"mediator[action.t] = [object Object]"},
[15:53:36.038] {"a":"target = [object Object]"},
[15:53:36.038] {"a":"~~~~ change_state() url = ///i2d-scene:mf2d0///"},
[15:53:36.038] {"a":"~~~~ change_state() this.prev_url = /stocks:/i3d-jsonmodels:phonghead_kfb/i2d-scene:defsuse0/grid:/ui-msgbg:/2S:"},
[15:53:36.038] {"a":"this.terms has term[0] = scene"},
[15:53:36.038] {"a":"params[scene] = "},
[15:53:36.038] "abs_values[0] = ",
[15:53:36.038] {"a":"this.terms has term[1] = i3d"},
[15:53:36.038] {"a":"params[i3d] = "},
[15:53:36.038] "abs_values[1] = ",
[15:53:36.038] {"a":"this.terms has term[2] = i2d"},
[15:53:36.039] {"a":"params[i2d] = i2d-scene:mf2d0"},
[15:53:36.039] "abs_values[2] = i2d-scene:mf2d0",
[15:53:36.039] {"a":"this.terms has term[3] = base"},
[15:53:36.039] {"a":"params[base] = "},
[15:53:36.039] "abs_values[3] = ",
[15:53:36.039] {"a":"this.terms has term[4] = ui"},
[15:53:36.039] {"a":"params[ui] = "},
[15:53:36.039] "abs_values[4] = ",
[15:53:36.040] {"a":"this.terms has term[5] = shot"},
[15:53:36.040] {"a":"params[shot] = "},
[15:53:36.040] "abs_values[5] = ",
[15:53:36.040] {"a":"ch_st(): $location.url(///i2d-scene:mf2d0///)"},
[15:53:36.040] {"t":"mediator","f":"socket.emit.actions","a":{"t":"narrative","f":"change_state","a":"///i2d-scene:mf2d0///"}},
[15:53:36.303] {"t":"Mediator","f":"component","a":"narrative"},
[15:53:36.304] {"t":"app","f":"onEnter","a":{"name":"i2d-scene:mf2d0"}},
[15:53:36.304] {"t":"timeline","f":"play"},
[15:53:36.304] {"a":"$location===mediator.location is\n              true"},
[15:53:36.304] {"a":"mediator[action.t] = [object Object]"},
[15:53:36.304] {"a":"target = [object Object]"},
[15:54:17.326] {"t":"camera3d","f":"tilt (look) up","a":38},
[15:54:17.337] {"t":"Mediator","f":"record","a":{"t":"camera3d","f":"tiltflyBy","a":{"r":0.19635,"d":3}}},
[15:54:17.337] {"t":"narrative","f":"shot","a":{"delta":{"timeline":{"p":{"paused":true,"repeat":0},"actors":{"i3d:camera:rotation":[{"dur":3,"p":{"x":0.19635,"immediateRender":false}}]}}}}},
[15:54:17.337] {"a":"~~~~ change_state() url = ///i2d-scene:mf2d0///shot-anim:scope20"},
[15:54:17.337] {"a":"~~~~ change_state() this.prev_url = ///i2d-scene:mf2d0///"},
[15:54:17.338] {"a":"this.terms has term[0] = scene"},
[15:54:17.338] {"a":"params[scene] = "},
[15:54:17.338] "abs_values[0] = ",
[15:54:17.338] {"a":"this.terms has term[1] = i3d"},
[15:54:17.338] {"a":"params[i3d] = "},
[15:54:17.338] "abs_values[1] = ",
[15:54:17.338] {"a":"this.terms has term[2] = i2d"},
[15:54:17.338] {"a":"params[i2d] = i2d-scene:mf2d0"},
[15:54:17.339] "abs_values[2] = i2d-scene:mf2d0",
[15:54:17.339] {"a":"this.terms has term[3] = base"},
[15:54:17.339] {"a":"params[base] = "},
[15:54:17.339] "abs_values[3] = ",
[15:54:17.340] {"a":"this.terms has term[4] = ui"},
[15:54:17.340] {"a":"params[ui] = "},
[15:54:17.340] "abs_values[4] = ",
[15:54:17.340] {"a":"this.terms has term[5] = shot"},
[15:54:17.340] {"a":"params[shot] = shot-anim:scope20"},
[15:54:17.340] "abs_values[5] = shot-anim:scope20",
[15:54:17.340] {"a":"ch_st(): $location.url(//////shot-anim:scope20)"},
[15:54:17.401] {"t":"Mediator","f":"component","a":"narrative"},
[15:54:17.402] {"t":"app","f":"onEnter","a":{"name":"shot-anim:scope20"}},
[15:54:17.402] {"t":"timeline","f":"play"},
[15:54:20.321] {"a":"$location===mediator.location is\n              true"},
[15:54:20.331] {"a":"mediator[action.t] = [object Object]"},
[15:54:20.332] {"a":"target = [object Object]"},
