[19:46:30.316] {"t":"camera3d","f":"place","a":12},
[19:46:30.415] {"t":"camerasphere","f":"create","a":"csphere"},
[19:46:30.416] {"t":"camerasphere","f":"children","a":1},
[19:47:19.537] {"a":"$location===mediator.location is\n              true"},
[19:47:19.566] {"a":"mediator[action.t] = [object Object]"},
[19:47:19.566] {"a":"target = [object Object]"},
[19:47:19.567] {"a":"~~~~ change_state() url = /a:/i3d-simple:simple_green/i2d-scene:disks0/base-skycube:test_cube/ui-msgbg:/LS"},
[19:47:19.567] {"a":"~~~~ change_state() this.prev_url = ^"},
[19:47:19.567] {"a":"this.terms has term[0] = scene"},
[19:47:19.567] {"a":"params[scene] = a:"},
[19:47:19.567] "abs_values[0] = a:",
[19:47:19.568] {"a":"this.terms has term[1] = i3d"},
[19:47:19.568] {"a":"params[i3d] = i3d-simple:simple_green"},
[19:47:19.568] "abs_values[1] = i3d-simple:simple_green",
[19:47:19.568] {"a":"this.terms has term[2] = i2d"},
[19:47:19.568] {"a":"params[i2d] = i2d-scene:disks0"},
[19:47:19.569] "abs_values[2] = i2d-scene:disks0",
[19:47:19.569] {"a":"this.terms has term[3] = base"},
[19:47:19.570] {"a":"params[base] = base-skycube:test_cube"},
[19:47:19.570] "abs_values[3] = base-skycube:test_cube",
[19:47:19.570] {"a":"this.terms has term[4] = ui"},
[19:47:19.570] {"a":"params[ui] = ui-msgbg:"},
[19:47:19.570] "abs_values[4] = ui-msgbg:",
[19:47:19.570] {"a":"this.terms has term[5] = shot"},
[19:47:19.570] {"a":"params[shot] = LS"},
[19:47:19.570] "abs_values[5] = LS",
[19:47:19.571] {"a":"ch_st(): $location.url(/a:/i3d-simple:simple_green/i2d-scene:disks0/base-skycube:test_cube//LS)"},
[19:47:19.571] {"t":"mediator","f":"socket.emit.actions","a":{"t":"narrative","f":"change_scene","a":"a"}},
[19:47:19.999] {"t":"Mediator","f":"component","a":"narrative"},
[19:47:19.999] {"t":"app","f":"onEnter","a":{"name":"a:"}},
[19:47:20.000] {"t":"app","f":"onEnter","a":{"name":"i3d-simple:simple_green"}},
[19:47:20.001] {"t":"camera3d","f":"changeTemplateScene"},
[19:47:20.001] {"t":"app","f":"onEnter","a":{"name":"i2d-scene:disks0"}},
[19:47:20.002] {"t":"app","f":"onEnter","a":{"name":"base-skycube:test_cube"}},
[19:47:20.002] {"t":"app","f":"onEnter","a":{"name":"LS"}},
[19:47:20.002] {"t":"timeline","f":"play"},
[19:47:20.002] {"t":"camera3d","f":"addActorToScene","a":"csphere"},
[19:47:20.003] {"t":"camera3d","f":"addActorToScene","a":"axes0"},
[19:47:20.003] {"a":"$location===mediator.location is\n              true"},
[19:47:20.003] {"a":"mediator[action.t] = [object Object]"},
[19:47:20.003] {"a":"target = [object Object]"},
[19:47:20.327] {"t":"camera3d","f":"addActorToScene","a":"cube0"},
[19:47:29.539] {"a":"$location===mediator.location is\n              true"},
[19:47:29.559] {"a":"mediator[action.t] = [object Object]"},
[19:47:29.560] {"a":"target = [object Object]"},
[19:47:29.560] {"a":"~~~~ change_state() url = /a0:/i3d-simple:simple_green/i2d-scene:disks0/base-skycube:test_cube/ui-msgbg:/shot-graft:scope1"},
[19:47:29.560] {"a":"~~~~ change_state() this.prev_url = /a:/i3d-simple:simple_green/i2d-scene:disks0/base-skycube:test_cube//LS"},
[19:47:29.560] {"a":"this.terms has term[0] = scene"},
[19:47:29.560] {"a":"params[scene] = a0:"},
[19:47:29.561] "abs_values[0] = a0:",
[19:47:29.561] {"a":"this.terms has term[1] = i3d"},
[19:47:29.561] {"a":"params[i3d] = i3d-simple:simple_green"},
[19:47:29.561] "abs_values[1] = i3d-simple:simple_green",
[19:47:29.561] {"a":"this.terms has term[2] = i2d"},
[19:47:29.562] {"a":"params[i2d] = i2d-scene:disks0"},
[19:47:29.562] "abs_values[2] = i2d-scene:disks0",
[19:47:29.562] {"a":"this.terms has term[3] = base"},
[19:47:29.562] {"a":"params[base] = base-skycube:test_cube"},
[19:47:29.562] "abs_values[3] = base-skycube:test_cube",
[19:47:29.562] {"a":"this.terms has term[4] = ui"},
[19:47:29.563] {"a":"params[ui] = ui-msgbg:"},
[19:47:29.563] "abs_values[4] = ui-msgbg:",
[19:47:29.563] {"a":"this.terms has term[5] = shot"},
[19:47:29.563] {"a":"params[shot] = shot-graft:scope1"},
[19:47:29.564] "abs_values[5] = shot-graft:scope1",
[19:47:29.564] {"a":"ch_st(): $location.url(/a0://///shot-graft:scope1)"},
[19:47:29.564] {"t":"mediator","f":"socket.emit.actions","a":{"t":"narrative","f":"change_scene","a":"a0"}},
[19:47:29.780] {"t":"Mediator","f":"component","a":"narrative"},
[19:47:29.780] {"t":"app","f":"onEnter","a":{"name":"a0:"}},
[19:47:29.781] {"t":"app","f":"onEnter","a":{"name":"shot-graft:scope1"}},
[19:47:29.782] {"t":"timeline","f":"play"},
[19:47:29.784] {"t":"camera3d","f":"addActorToScene","a":"cube0_3"},
[19:47:29.784] {"t":"camera3d","f":"addActorToScene","a":"cube0_2"},
[19:47:39.564] {"a":"$location===mediator.location is\n              true"},
[19:47:39.576] {"a":"mediator[action.t] = [object Object]"},
[19:47:39.577] {"a":"target = [object Object]"},
[19:47:44.576] {"a":"$location===mediator.location is\n              true"},
[19:47:44.593] {"a":"mediator[action.t] = [object Object]"},
[19:47:44.594] {"a":"target = [object Object]"},
[19:47:44.594] {"a":"~~~~ change_state() url = /a1:/i3d-simple:simple_green/i2d-scene:disks0/base-skycube:test_cube/ui-msgbg:/shot-graft:scope2"},
[19:47:44.594] {"a":"~~~~ change_state() this.prev_url = /a0://///shot-graft:scope1"},
[19:47:44.594] {"a":"this.terms has term[0] = scene"},
[19:47:44.594] {"a":"params[scene] = a1:"},
[19:47:44.594] "abs_values[0] = a1:",
[19:47:44.595] {"a":"this.terms has term[1] = i3d"},
[19:47:44.595] {"a":"params[i3d] = i3d-simple:simple_green"},
[19:47:44.595] "abs_values[1] = i3d-simple:simple_green",
[19:47:44.595] {"a":"this.terms has term[2] = i2d"},
[19:47:44.595] {"a":"params[i2d] = i2d-scene:disks0"},
[19:47:44.595] "abs_values[2] = i2d-scene:disks0",
[19:47:44.595] {"a":"this.terms has term[3] = base"},
[19:47:44.595] {"a":"params[base] = base-skycube:test_cube"},
[19:47:44.596] "abs_values[3] = base-skycube:test_cube",
[19:47:44.596] {"a":"this.terms has term[4] = ui"},
[19:47:44.596] {"a":"params[ui] = ui-msgbg:"},
[19:47:44.596] "abs_values[4] = ui-msgbg:",
[19:47:44.597] {"a":"this.terms has term[5] = shot"},
[19:47:44.597] {"a":"params[shot] = shot-graft:scope2"},
[19:47:44.597] "abs_values[5] = shot-graft:scope2",
[19:47:44.597] {"a":"ch_st(): $location.url(/a1://///shot-graft:scope2)"},
[19:47:44.597] {"t":"mediator","f":"socket.emit.actions","a":{"t":"narrative","f":"change_scene","a":"a1"}},
[19:47:44.756] {"t":"Mediator","f":"component","a":"narrative"},
[19:47:44.758] {"t":"app","f":"onEnter","a":{"name":"a1:"}},
[19:47:44.759] {"t":"app","f":"onEnter","a":{"name":"shot-graft:scope2"}},
[19:47:44.759] {"t":"timeline","f":"play"},
[19:47:44.759] {"t":"camera3d","f":"addActorToScene","a":"s0_2_0"},
[19:47:44.759] {"t":"camera3d","f":"addActorToScene","a":"s0_2_1"},
[19:47:54.573] {"a":"$location===mediator.location is\n              true"},
[19:47:54.583] {"a":"mediator[action.t] = [object Object]"},
[19:47:54.583] {"a":"target = [object Object]"},
[19:47:59.584] {"a":"$location===mediator.location is\n              true"},
[19:47:59.603] {"a":"mediator[action.t] = [object Object]"},
[19:47:59.603] {"a":"target = [object Object]"},
[19:47:59.604] {"a":"~~~~ change_state() url = /a2:/i3d-simple:simple_green/i2d-scene:disks0/base-skycube:test_cube/ui-msgbg:/shot-graft:scope3"},
[19:47:59.605] {"a":"~~~~ change_state() this.prev_url = /a1://///shot-graft:scope2"},
[19:47:59.607] {"a":"this.terms has term[0] = scene"},
[19:47:59.607] {"a":"params[scene] = a2:"},
[19:47:59.607] "abs_values[0] = a2:",
[19:47:59.609] {"a":"this.terms has term[1] = i3d"},
[19:47:59.612] {"a":"params[i3d] = i3d-simple:simple_green"},
[19:47:59.615] "abs_values[1] = i3d-simple:simple_green",
[19:47:59.615] {"a":"this.terms has term[2] = i2d"},
[19:47:59.616] {"a":"params[i2d] = i2d-scene:disks0"},
[19:47:59.617] "abs_values[2] = i2d-scene:disks0",
[19:47:59.617] {"a":"this.terms has term[3] = base"},
[19:47:59.618] {"a":"params[base] = base-skycube:test_cube"},
[19:47:59.618] "abs_values[3] = base-skycube:test_cube",
[19:47:59.619] {"a":"this.terms has term[4] = ui"},
[19:47:59.619] {"a":"params[ui] = ui-msgbg:"},
[19:47:59.619] "abs_values[4] = ui-msgbg:",
[19:47:59.619] {"a":"this.terms has term[5] = shot"},
[19:47:59.619] {"a":"params[shot] = shot-graft:scope3"},
[19:47:59.620] "abs_values[5] = shot-graft:scope3",
[19:47:59.620] {"a":"ch_st(): $location.url(/a2://///shot-graft:scope3)"},
[19:47:59.621] {"t":"mediator","f":"socket.emit.actions","a":{"t":"narrative","f":"change_scene","a":"a2"}},
[19:47:59.626] {"t":"Mediator","f":"component","a":"narrative"},
[19:47:59.626] {"t":"app","f":"onEnter","a":{"name":"a2:"}},
[19:47:59.627] {"t":"app","f":"onEnter","a":{"name":"shot-graft:scope3"}},
[19:47:59.627] {"t":"timeline","f":"play"},
[19:48:09.587] {"a":"$location===mediator.location is\n              true"},
[19:48:09.601] {"a":"mediator[action.t] = [object Object]"},
[19:48:09.604] {"a":"target = [object Object]"},
[19:48:09.604] {"t":"narrative","f":"shot","a":{"delta":{"timeline":{"p":{"paused":true,"repeat":0},"actors":{"i3d:csphere:position":[{"dur":4,"p":{"x":10,"y":10,"z":-20,"immediateRender":false}}]}}}}},
[19:48:09.605] {"a":"~~~~ change_state() url = /a2:/i3d-simple:simple_green/i2d-scene:disks0/base-skycube:test_cube/ui-msgbg:/shot-anim:scope4"},
[19:48:09.605] {"a":"~~~~ change_state() this.prev_url = /a2://///shot-graft:scope3"},
[19:48:09.605] {"a":"this.terms has term[0] = scene"},
[19:48:09.605] {"a":"params[scene] = a2:"},
[19:48:09.605] "abs_values[0] = a2:",
[19:48:09.605] {"a":"this.terms has term[1] = i3d"},
[19:48:09.606] {"a":"params[i3d] = i3d-simple:simple_green"},
[19:48:09.606] "abs_values[1] = i3d-simple:simple_green",
[19:48:09.606] {"a":"this.terms has term[2] = i2d"},
[19:48:09.606] {"a":"params[i2d] = i2d-scene:disks0"},
[19:48:09.606] "abs_values[2] = i2d-scene:disks0",
[19:48:09.607] {"a":"this.terms has term[3] = base"},
[19:48:09.607] {"a":"params[base] = base-skycube:test_cube"},
[19:48:09.607] "abs_values[3] = base-skycube:test_cube",
[19:48:09.607] {"a":"this.terms has term[4] = ui"},
[19:48:09.607] {"a":"params[ui] = ui-msgbg:"},
[19:48:09.607] "abs_values[4] = ui-msgbg:",
[19:48:09.608] {"a":"this.terms has term[5] = shot"},
[19:48:09.608] {"a":"params[shot] = shot-anim:scope4"},
[19:48:09.608] "abs_values[5] = shot-anim:scope4",
[19:48:09.608] {"a":"ch_st(): $location.url(//////shot-anim:scope4)"},
[19:48:09.609] {"t":"mediator","f":"socket.emit.actions","a":{"t":"camera3d","f":"dollyflyTo","a":{"x":10,"y":10,"z":-20,"d":4}}},
[19:48:09.630] {"t":"Mediator","f":"component","a":"narrative"},
[19:48:09.631] {"t":"app","f":"onEnter","a":{"name":"shot-anim:scope4"}},
[19:48:09.631] {"t":"timeline","f":"play"},
[19:48:09.631] {"a":"$location===mediator.location is\n              true"},
[19:48:09.631] {"a":"mediator[action.t] = [object Object]"},
[19:48:09.631] {"a":"target = [object Object]"},
[19:48:13.609] {"a":"$location===mediator.location is\n              true"},
[19:48:13.618] {"a":"mediator[action.t] = [object Object]"},
[19:48:13.619] {"a":"target = [object Object]"},
[19:48:24.586] {"a":"$location===mediator.location is\n              true"},
[19:48:24.603] {"a":"mediator[action.t] = [object Object]"},
[19:48:24.603] {"a":"target = [object Object]"},
[19:48:24.604] {"a":"~~~~ change_state() url = /payments:/i3d-simple:phong_head_sphere_kfb/i2d-empty:/black:/ui-msgbg:/CU:"},
[19:48:24.604] {"a":"~~~~ change_state() this.prev_url = //////shot-anim:scope4"},
[19:48:24.604] {"a":"this.terms has term[0] = scene"},
[19:48:24.604] {"a":"params[scene] = payments:"},
[19:48:24.604] "abs_values[0] = payments:",
[19:48:24.605] {"a":"this.terms has term[1] = i3d"},
[19:48:24.605] {"a":"params[i3d] = i3d-simple:phong_head_sphere_kfb"},
[19:48:24.605] "abs_values[1] = i3d-simple:phong_head_sphere_kfb",
[19:48:24.605] {"a":"this.terms has term[2] = i2d"},
[19:48:24.605] {"a":"params[i2d] = i2d-empty:"},
[19:48:24.605] "abs_values[2] = i2d-empty:",
[19:48:24.606] {"a":"this.terms has term[3] = base"},
[19:48:24.606] {"a":"params[base] = black:"},
[19:48:24.606] "abs_values[3] = black:",
[19:48:24.606] {"a":"this.terms has term[4] = ui"},
[19:48:24.606] {"a":"params[ui] = ui-msgbg:"},
[19:48:24.606] "abs_values[4] = ui-msgbg:",
[19:48:24.607] {"a":"params[shot] = CU:"},
[19:48:24.606] {"a":"this.terms has term[5] = shot"},
[19:48:24.607] {"a":"ch_st(): $location.url(/payments:/i3d-simple:phong_head_sphere_kfb/i2d-empty:/black://CU:)"},
[19:48:24.607] {"t":"mediator","f":"socket.emit.actions","a":{"t":"narrative","f":"change_scene","a":"payments"}},
[19:48:24.607] "abs_values[5] = CU:",
[19:48:26.130] {"t":"app","f":"onEnter","a":{"name":"payments:"}},
[19:48:26.129] {"t":"Mediator","f":"component","a":"narrative"},
[19:48:26.131] {"t":"camera3d","f":"changeTemplateScene"},
[19:48:26.131] {"t":"app","f":"onEnter","a":{"name":"i2d-empty:"}},
[19:48:26.132] {"t":"app","f":"onEnter","a":{"name":"black:"}},
[19:48:26.132] {"t":"app","f":"onEnter","a":{"name":"CU:"}},
[19:48:26.132] {"t":"timeline","f":"play"},
[19:48:26.133] {"t":"camera3d","f":"addActorToScene","a":"csphere"},
[19:48:26.132] {"t":"camera3d","f":"addActorToScene","a":"sphere_phong"},
[19:48:26.133] {"t":"camera3d","f":"addActorToScene","a":"sphere_phong"},
[19:48:26.133] {"t":"camera3d","f":"addActorToScene","a":"key"},
[19:48:26.134] {"t":"camera3d","f":"addActorToScene","a":"fill"},
[19:48:26.134] {"t":"camera3d","f":"addActorToScene","a":"back"},
[19:48:26.134] {"t":"camera3d","f":"addActorToScene","a":"key"},
[19:48:26.135] {"t":"camera3d","f":"addActorToScene","a":"fill"},
[19:48:26.135] {"t":"camera3d","f":"addActorToScene","a":"back"},
[19:48:26.135] {"a":"$location===mediator.location is\n              true"},
[19:48:26.135] {"a":"target = [object Object]"},
[19:48:26.131] {"t":"app","f":"onEnter","a":{"name":"i3d-simple:phong_head_sphere_kfb"}},
[19:48:26.133] {"t":"camera3d","f":"addActorToScene","a":"axes0"},
[19:48:26.135] {"a":"mediator[action.t] = [object Object]"},
[19:48:26.368] {"t":"camera3d","f":"addActorToScene","a":"head_scan"},
[19:48:26.669] {"t":"camera3d","f":"addActorToScene","a":"head_scan"},
[19:48:34.589] {"a":"$location===mediator.location is\n              true"},
[19:48:34.594] {"a":"mediator[action.t] = [object Object]"},
[19:48:34.594] {"a":"target = [object Object]"},
[19:48:34.596] {"t":"mediator","f":"socket.emit.actions","a":{"t":"camera3d","f":"toggle_csphere","a":{"val":false}}},
[19:48:49.591] {"a":"$location===mediator.location is\n              true"},
[19:48:49.595] {"a":"mediator[action.t] = [object Object]"},
[19:48:49.595] {"a":"target = [object Object]"},
[19:48:49.596] {"t":"mediator","f":"socket.emit.actions","a":{"t":"camera3d","f":"toggle_csphere","a":{"val":true}}},
[19:48:59.595] {"a":"$location===mediator.location is\n              true"},
[19:48:59.598] {"a":"mediator[action.t] = [object Object]"},
[19:48:59.598] {"a":"target = [object Object]"},
[19:48:59.598] {"t":"mediator","f":"socket.emit.actions","a":{"t":"camera3d","f":"toggle_light","a":{"name":"key","val":false}}},
[19:49:09.595] {"a":"$location===mediator.location is\n              true"},
[19:49:09.596] {"a":"mediator[action.t] = [object Object]"},
[19:49:09.597] {"a":"target = [object Object]"},
[19:49:09.597] {"t":"mediator","f":"socket.emit.actions","a":{"t":"camera3d","f":"toggle_light","a":{"name":"fill","val":false}}},
[19:49:24.596] {"a":"$location===mediator.location is\n              true"},
[19:49:24.598] {"a":"mediator[action.t] = [object Object]"},
[19:49:24.598] {"a":"target = [object Object]"},
[19:49:24.598] {"t":"mediator","f":"socket.emit.actions","a":{"t":"camera3d","f":"toggle_light","a":{"name":"back","val":false}}},
[19:49:34.599] {"a":"$location===mediator.location is\n              true"},
[19:49:34.606] {"a":"mediator[action.t] = [object Object]"},
[19:49:34.606] {"a":"target = [object Object]"},
[19:49:34.607] {"t":"mediator","f":"socket.emit.actions","a":{"t":"camera3d","f":"toggle_light","a":{"name":"key","val":true}}},
[19:49:44.598] {"a":"$location===mediator.location is\n              true"},
[19:49:44.601] {"a":"mediator[action.t] = [object Object]"},
[19:49:44.601] {"a":"target = [object Object]"},
[19:49:44.602] {"t":"mediator","f":"socket.emit.actions","a":{"t":"camera3d","f":"toggle_light","a":{"name":"fill","val":true}}},
[19:49:59.600] {"a":"$location===mediator.location is\n              true"},
[19:49:59.604] {"a":"mediator[action.t] = [object Object]"},
[19:49:59.604] {"a":"target = [object Object]"},
[19:49:59.604] {"t":"mediator","f":"socket.emit.actions","a":{"t":"camera3d","f":"toggle_light","a":{"name":"back","val":true}}},
[19:50:09.600] {"a":"$location===mediator.location is\n              true"},
[19:50:09.622] {"a":"target = [object Object]"},
[19:50:09.624] {"a":"~~~~ change_state() url = /a:/i3d-simple:simple_green/i2d-scene:disks0/base-skycube:test_cube/ui-msgbg:/LS"},
[19:50:09.621] {"a":"mediator[action.t] = [object Object]"},
[19:50:09.625] {"a":"this.terms has term[0] = scene"},
[19:50:09.625] {"a":"params[scene] = a:"},
[19:50:09.626] "abs_values[0] = a:",
[19:50:09.626] {"a":"this.terms has term[1] = i3d"},
[19:50:09.626] {"a":"params[i3d] = i3d-simple:simple_green"},
[19:50:09.626] "abs_values[1] = i3d-simple:simple_green",
[19:50:09.626] {"a":"this.terms has term[2] = i2d"},
[19:50:09.626] {"a":"params[i2d] = i2d-scene:disks0"},
[19:50:09.627] "abs_values[2] = i2d-scene:disks0",
[19:50:09.627] {"a":"this.terms has term[3] = base"},
[19:50:09.627] {"a":"params[base] = base-skycube:test_cube"},
[19:50:09.627] "abs_values[3] = base-skycube:test_cube",
[19:50:09.627] {"a":"this.terms has term[4] = ui"},
[19:50:09.627] {"a":"params[ui] = ui-msgbg:"},
[19:50:09.628] "abs_values[4] = ui-msgbg:",
[19:50:09.628] {"a":"this.terms has term[5] = shot"},
[19:50:09.628] {"a":"params[shot] = LS"},
[19:50:09.628] "abs_values[5] = LS",
[19:50:09.629] {"a":"ch_st(): $location.url(/a:/i3d-simple:simple_green/i2d-scene:disks0/base-skycube:test_cube//LS)"},
[19:50:09.629] {"t":"mediator","f":"socket.emit.actions","a":{"t":"narrative","f":"change_scene","a":"a"}},
[19:50:09.624] {"a":"~~~~ change_state() this.prev_url = /payments:/i3d-simple:phong_head_sphere_kfb/i2d-empty:/black://CU:"},
[19:50:09.927] {"t":"Mediator","f":"component","a":"narrative"},
[19:50:09.928] {"t":"app","f":"onEnter","a":{"name":"a:"}},
[19:50:09.929] {"t":"app","f":"onEnter","a":{"name":"i3d-simple:simple_green"}},
[19:50:09.929] {"t":"camera3d","f":"changeTemplateScene"},
[19:50:09.929] {"t":"app","f":"onEnter","a":{"name":"i2d-scene:disks0"}},
[19:50:09.929] {"t":"app","f":"onEnter","a":{"name":"base-skycube:test_cube"}},
[19:50:09.929] {"t":"app","f":"onEnter","a":{"name":"LS"}},
[19:50:09.930] {"t":"timeline","f":"play"},
[19:50:09.930] {"t":"camera3d","f":"addActorToScene","a":"csphere"},
[19:50:09.930] {"t":"camera3d","f":"addActorToScene","a":"axes0"},
[19:50:09.931] {"a":"$location===mediator.location is\n              true"},
[19:50:09.932] {"a":"mediator[action.t] = [object Object]"},
[19:50:09.932] {"a":"target = [object Object]"},
[19:50:09.957] {"t":"camera3d","f":"addActorToScene","a":"cube0"},
[19:50:09.957] {"t":"camera3d","f":"addActorToScene","a":"cube0"},
[19:50:09.956] {"t":"camera3d","f":"addActorToScene","a":"cube0"},
[19:50:24.601] {"a":"$location===mediator.location is\n              true"},
[19:50:24.624] {"a":"mediator[action.t] = [object Object]"},
[19:50:24.624] {"a":"target = [object Object]"},
[19:50:24.624] {"a":"~~~~ change_state() url = /a:/i3d-simple:simple_green/i2d-scene:disks0/base-skycube:test_cube/ui-msgbg:/shot-graft:scope7"},
[19:50:24.625] {"a":"~~~~ change_state() this.prev_url = /a:/i3d-simple:simple_green/i2d-scene:disks0/base-skycube:test_cube//LS"},
[19:50:24.625] {"a":"this.terms has term[0] = scene"},
[19:50:24.625] {"a":"params[scene] = a:"},
[19:50:24.625] "abs_values[0] = a:",
[19:50:24.625] {"a":"this.terms has term[1] = i3d"},
[19:50:24.625] {"a":"params[i3d] = i3d-simple:simple_green"},
[19:50:24.625] "abs_values[1] = i3d-simple:simple_green",
[19:50:24.625] {"a":"this.terms has term[2] = i2d"},
[19:50:24.626] {"a":"params[i2d] = i2d-scene:disks0"},
[19:50:24.626] "abs_values[2] = i2d-scene:disks0",
[19:50:24.626] {"a":"this.terms has term[3] = base"},
[19:50:24.627] {"a":"params[base] = base-skycube:test_cube"},
[19:50:24.627] "abs_values[3] = base-skycube:test_cube",
[19:50:24.627] {"a":"this.terms has term[4] = ui"},
[19:50:24.627] {"a":"params[ui] = ui-msgbg:"},
[19:50:24.627] "abs_values[4] = ui-msgbg:",
[19:50:24.627] {"a":"this.terms has term[5] = shot"},
[19:50:24.628] {"a":"params[shot] = shot-graft:scope7"},
[19:50:24.628] "abs_values[5] = shot-graft:scope7",
[19:50:24.628] {"a":"ch_st(): $location.url(//////shot-graft:scope7)"},
[19:50:24.628] {"t":"mediator","f":"socket.emit.actions","a":{"t":"narrative","f":"shot","a":"shot-graft:{\"delta\":{\"timeline\":{\"p\":{\"repeat\":0},\"actors\":{\"i3d:cube0:scale\":[{\"dur\":10,\"p\":{\"x\":0.5,\"y\":0.5,\"z\":0.5}}]}},\"branches\":{\"cube0\":{\"children\":{\"cube0_2\":{\"form\":{\"type\":\"'cube.i3d'\",\"x\":0,\"y\":0,\"z\":0,\"textureurl\":\"./images/sky.jpg\",\"w\":5,\"h\":10,\"d\":10,\"color\":\"blue\",\"transparent\":true,\"opacity\":1},\"transform\":{\"t\":[-20,-10,0],\"s\":[0.01,0.01,0.01]},\"children\":{}},\"cube0_3\":{\"form\":{\"type\":\"'cube.i3d'\",\"x\":0,\"y\":-20,\"z\":0,\"textureurl\":\"sky_jpg\",\"w\":5,\"h\":10,\"d\":10,\"color\":\"blue\",\"transparent\":true,\"opacity\":1},\"transform\":{\"t\":[20,0,0],\"s\":[0.01,0.01,0.01]},\"children\":{}}}}}}}"}},
[19:50:24.887] {"t":"Mediator","f":"component","a":"narrative"},
[19:50:24.889] {"t":"app","f":"onEnter","a":{"name":"shot-graft:scope7"}},
[19:50:24.889] {"t":"timeline","f":"play"},
[19:50:24.890] {"t":"camera3d","f":"addActorToScene","a":"cube0_3"},
[19:50:24.890] {"t":"camera3d","f":"addActorToScene","a":"cube0_3"},
[19:50:24.902] {"t":"camera3d","f":"addActorToScene","a":"cube0_2"},
[19:50:24.904] {"t":"camera3d","f":"addActorToScene","a":"cube0_2"},
[19:50:34.620] {"a":"$location===mediator.location is\n              true"},
[19:50:34.641] {"a":"mediator[action.t] = [object Object]"},
[19:50:34.642] {"a":"target = [object Object]"},
[19:50:34.642] {"a":"$location===mediator.location is\n              true"},
[19:50:34.642] {"a":"mediator[action.t] = [object Object]"},
[19:50:34.643] {"a":"target = [object Object]"},
[19:50:34.643] {"a":"~~~~ change_state() url = /a:/i3d-simple:simple_green/i2d-scene:disks0/base-skycube:test_cube/ui-msgbg:/shot-graft:scope8"},
[19:50:34.643] {"a":"~~~~ change_state() this.prev_url = //////shot-graft:scope7"},
[19:50:34.643] {"a":"this.terms has term[0] = scene"},
[19:50:34.643] {"a":"params[scene] = a:"},
[19:50:34.643] "abs_values[0] = a:",
[19:50:34.643] {"a":"this.terms has term[1] = i3d"},
[19:50:34.643] {"a":"params[i3d] = i3d-simple:simple_green"},
[19:50:34.644] "abs_values[1] = i3d-simple:simple_green",
[19:50:34.644] {"a":"this.terms has term[2] = i2d"},
[19:50:34.644] {"a":"params[i2d] = i2d-scene:disks0"},
[19:50:34.644] "abs_values[2] = i2d-scene:disks0",
[19:50:34.656] {"a":"this.terms has term[3] = base"},
[19:50:34.656] {"a":"params[base] = base-skycube:test_cube"},
[19:50:34.656] "abs_values[3] = base-skycube:test_cube",
[19:50:34.656] {"a":"this.terms has term[4] = ui"},
[19:50:34.656] {"a":"params[ui] = ui-msgbg:"},
[19:50:34.657] "abs_values[4] = ui-msgbg:",
[19:50:34.657] {"a":"this.terms has term[5] = shot"},
[19:50:34.657] {"a":"params[shot] = shot-graft:scope8"},
[19:50:34.657] "abs_values[5] = shot-graft:scope8",
[19:50:34.657] {"a":"ch_st(): $location.url(//////shot-graft:scope8)"},
[19:50:34.657] {"t":"mediator","f":"socket.emit.actions","a":{"t":"narrative","f":"shot","a":"shot-graft:{\"delta\":{\"timeline\":{\"p\":{\"repeat\":0},\"actors\":{\"i3d:cube0_2:scale\":[{\"dur\":10,\"p\":{\"x\":1,\"y\":1,\"z\":1}}],\"i3d:cube0_3:scale\":[{\"dur\":10,\"p\":{\"x\":1,\"y\":1,\"z\":1}}]}},\"branches\":{\"cube0_2\":{\"children\":{\"s0_2_0\":{\"form\":{\"type\":\"'sphere.i3d'\",\"r\":5,\"color\":\"blue\",\"transparent\":true,\"opacity\":0.8},\"transform\":{\"e\":[0,-0.785,0],\"t\":[-10,-10,0],\"s\":[0.01,0.01,0.01]},\"children\":{}},\"s0_2_1\":{\"form\":{\"type\":\"'sphere.i3d'\",\"r\":5,\"color\":\"blue\",\"transparent\":true,\"opacity\":0.8},\"transform\":{\"e\":[0,0.785,0],\"t\":[10,10,0],\"s\":[0.01,0.01,0.01]},\"children\":{}}}}}}}"}},
[19:50:34.935] {"t":"Mediator","f":"component","a":"narrative"},
[19:50:34.936] {"t":"app","f":"onEnter","a":{"name":"shot-graft:scope8"}},
[19:50:34.937] {"t":"camera3d","f":"addActorToScene","a":"s0_2_0"},
[19:50:34.936] {"t":"timeline","f":"play"},
[19:50:34.937] {"t":"camera3d","f":"addActorToScene","a":"s0_2_1"},
[19:50:34.936] {"t":"camera3d","f":"addActorToScene","a":"s0_2_0"},
[19:50:34.937] {"t":"camera3d","f":"addActorToScene","a":"s0_2_1"},
[19:50:44.658] {"a":"$location===mediator.location is\n              true"},
[19:50:44.675] {"a":"mediator[action.t] = [object Object]"},
[19:50:44.676] {"a":"target = [object Object]"},
[19:50:44.676] {"a":"$location===mediator.location is\n              true"},
[19:50:44.676] {"a":"mediator[action.t] = [object Object]"},
[19:50:44.676] {"a":"target = [object Object]"},
[19:50:44.676] {"a":"~~~~ change_state() url = /a:/i3d-simple:simple_green/i2d-scene:disks0/base-skycube:test_cube/ui-msgbg:/shot-graft:scope9"},
[19:50:44.676] {"a":"~~~~ change_state() this.prev_url = //////shot-graft:scope8"},
[19:50:44.676] {"a":"this.terms has term[0] = scene"},
[19:50:44.676] {"a":"params[scene] = a:"},
[19:50:44.677] "abs_values[0] = a:",
[19:50:44.677] {"a":"this.terms has term[1] = i3d"},
[19:50:44.678] {"a":"params[i3d] = i3d-simple:simple_green"},
[19:50:44.678] "abs_values[1] = i3d-simple:simple_green",
[19:50:44.678] {"a":"this.terms has term[2] = i2d"},
[19:50:44.678] {"a":"params[i2d] = i2d-scene:disks0"},
[19:50:44.678] "abs_values[2] = i2d-scene:disks0",
[19:50:44.679] {"a":"this.terms has term[3] = base"},
[19:50:44.679] {"a":"params[base] = base-skycube:test_cube"},
[19:50:44.679] "abs_values[3] = base-skycube:test_cube",
[19:50:44.679] {"a":"this.terms has term[4] = ui"},
[19:50:44.679] {"a":"params[ui] = ui-msgbg:"},
[19:50:44.679] "abs_values[4] = ui-msgbg:",
[19:50:44.679] {"a":"this.terms has term[5] = shot"},
[19:50:44.679] {"a":"params[shot] = shot-graft:scope9"},
[19:50:44.679] "abs_values[5] = shot-graft:scope9",
[19:50:44.680] {"a":"ch_st(): $location.url(//////shot-graft:scope9)"},
[19:50:44.680] {"t":"mediator","f":"socket.emit.actions","a":{"t":"narrative","f":"shot","a":"shot-graft:{\"delta\":{\"timeline\":{\"p\":{\"repeat\":0},\"actors\":{\"i3d:s0_2_0:scale\":[{\"dur\":10,\"p\":{\"x\":1,\"y\":1,\"z\":1}}],\"i3d:s0_2_1:scale\":[{\"dur\":10,\"p\":{\"x\":1,\"y\":1,\"z\":1}}]}},\"branches\":{}}}"}},
[19:50:44.729] {"t":"app","f":"onEnter","a":{"name":"shot-graft:scope9"}},
[19:50:44.728] {"t":"Mediator","f":"component","a":"narrative"},
[19:50:44.729] {"t":"timeline","f":"play"},
[19:50:54.692] {"a":"$location===mediator.location is\n              true"},
[19:50:54.696] {"a":"mediator[action.t] = [object Object]"},
[19:50:54.696] {"a":"target = [object Object]"},
[19:50:59.608] {"a":"$location===mediator.location is\n              true"},
[19:50:59.627] {"a":"mediator[action.t] = [object Object]"},
[19:50:59.627] {"a":"target = [object Object]"},
[19:50:59.627] {"t":"narrative","f":"shot","a":{"delta":{"timeline":{"p":{"paused":true,"repeat":0},"actors":{"i3d:camera:rotation":[{"dur":4,"p":{"y":0.7854,"immediateRender":false}}]}}}}},
[19:50:59.629] {"a":"~~~~ change_state() url = /a:/i3d-simple:simple_green/i2d-scene:disks0/base-skycube:test_cube/ui-msgbg:/shot-anim:scope10"},
[19:50:59.629] {"a":"~~~~ change_state() this.prev_url = //////shot-graft:scope9"},
[19:50:59.629] {"a":"this.terms has term[0] = scene"},
[19:50:59.629] {"a":"params[scene] = a:"},
[19:50:59.629] "abs_values[0] = a:",
[19:50:59.629] {"a":"this.terms has term[1] = i3d"},
[19:50:59.630] {"a":"params[i3d] = i3d-simple:simple_green"},
[19:50:59.630] "abs_values[1] = i3d-simple:simple_green",
[19:50:59.630] {"a":"this.terms has term[2] = i2d"},
[19:50:59.630] {"a":"params[i2d] = i2d-scene:disks0"},
[19:50:59.630] "abs_values[2] = i2d-scene:disks0",
[19:50:59.630] {"a":"this.terms has term[3] = base"},
[19:50:59.630] {"a":"params[base] = base-skycube:test_cube"},
[19:50:59.630] "abs_values[3] = base-skycube:test_cube",
[19:50:59.630] {"a":"this.terms has term[4] = ui"},
[19:50:59.630] {"a":"params[ui] = ui-msgbg:"},
[19:50:59.631] "abs_values[4] = ui-msgbg:",
[19:50:59.631] {"a":"this.terms has term[5] = shot"},
[19:50:59.631] {"a":"params[shot] = shot-anim:scope10"},
[19:50:59.631] "abs_values[5] = shot-anim:scope10",
[19:50:59.631] {"a":"ch_st(): $location.url(//////shot-anim:scope10)"},
[19:50:59.631] {"t":"mediator","f":"socket.emit.actions","a":{"t":"camera3d","f":"panflyTo","a":{"r":0.7854,"d":4}}},
[19:50:59.674] {"t":"Mediator","f":"component","a":"narrative"},
[19:50:59.675] {"t":"app","f":"onEnter","a":{"name":"shot-anim:scope10"}},
[19:50:59.675] {"t":"timeline","f":"play"},
[19:51:03.617] {"a":"$location===mediator.location is\n              true"},
[19:51:03.624] {"a":"mediator[action.t] = [object Object]"},
[19:51:03.624] {"a":"target = [object Object]"},
[19:51:09.612] {"a":"$location===mediator.location is\n              true"},
[19:51:09.628] {"a":"mediator[action.t] = [object Object]"},
[19:51:09.629] {"a":"target = [object Object]"},
[19:51:09.629] {"a":"~~~~ change_state() url = /footprint:/i3d-scene:scene1/i2d-empty:/escher:/ui-msgbg:/ECU:"},
[19:51:09.630] {"a":"~~~~ change_state() this.prev_url = //////shot-anim:scope10"},
[19:51:09.630] {"a":"this.terms has term[0] = scene"},
[19:51:09.630] {"a":"params[scene] = footprint:"},
[19:51:09.630] "abs_values[0] = footprint:",
[19:51:09.630] {"a":"this.terms has term[1] = i3d"},
[19:51:09.630] {"a":"params[i3d] = i3d-scene:scene1"},
[19:51:09.630] "abs_values[1] = i3d-scene:scene1",
[19:51:09.630] {"a":"this.terms has term[2] = i2d"},
[19:51:09.630] {"a":"params[i2d] = i2d-empty:"},
[19:51:09.630] "abs_values[2] = i2d-empty:",
[19:51:09.631] {"a":"this.terms has term[3] = base"},
[19:51:09.631] {"a":"params[base] = escher:"},
[19:51:09.631] "abs_values[3] = escher:",
[19:51:09.631] {"a":"this.terms has term[4] = ui"},
[19:51:09.632] {"a":"params[ui] = ui-msgbg:"},
[19:51:09.632] "abs_values[4] = ui-msgbg:",
[19:51:09.633] {"a":"this.terms has term[5] = shot"},
[19:51:09.633] {"a":"params[shot] = ECU:"},
[19:51:09.633] "abs_values[5] = ECU:",
[19:51:09.633] {"a":"ch_st(): $location.url(/footprint:/i3d-scene:scene1/i2d-empty:/escher://ECU:)"},
[19:51:09.633] {"t":"mediator","f":"socket.emit.actions","a":{"t":"narrative","f":"change_scene","a":"footprint"}},
[19:51:13.692] {"t":"Mediator","f":"component","a":"narrative"},
[19:51:13.692] {"t":"app","f":"onEnter","a":{"name":"footprint:"}},
[19:51:13.693] {"t":"app","f":"onEnter","a":{"name":"i3d-scene:scene1"}},
[19:51:13.699] {"t":"camera3d","f":"changeTemplateScene"},
[19:51:13.699] {"t":"app","f":"onEnter","a":{"name":"i2d-empty:"}},
[19:51:13.699] {"t":"app","f":"onEnter","a":{"name":"escher:"}},
[19:51:13.699] {"t":"app","f":"onEnter","a":{"name":"ECU:"}},
[19:51:13.699] {"t":"timeline","f":"play"},
[19:51:13.700] {"t":"camera3d","f":"addBillboardToScene","a":"bb_singular2"},
[19:51:13.700] {"t":"camera3d","f":"addBillboardToScene","a":"bb0"},
[19:51:13.700] {"t":"camera3d","f":"addBillboardToScene","a":"bb1"},
[19:51:13.700] {"t":"camera3d","f":"addBillboardToScene","a":"bb2"},
[19:51:13.700] {"t":"camera3d","f":"addBillboardToScene","a":"bb3"},
[19:51:13.700] {"t":"camera3d","f":"addBillboardToScene","a":"bb4"},
[19:51:13.700] {"t":"camera3d","f":"addBillboardToScene","a":"bb5"},
[19:51:13.702] {"t":"camera3d","f":"addBillboardToScene","a":"bb6"},
[19:51:13.702] {"t":"camera3d","f":"addBillboardToScene","a":"bb7"},
[19:51:13.702] {"t":"camera3d","f":"addBillboardToScene","a":"bb8"},
[19:51:13.702] {"t":"camera3d","f":"addBillboardToScene","a":"bb18"},
[19:51:13.703] {"t":"camera3d","f":"addBillboardToScene","a":"bb19"},
[19:51:13.703] {"t":"camera3d","f":"addBillboardToScene","a":"bb20"},
[19:51:13.703] {"t":"camera3d","f":"addBillboardToScene","a":"bb21"},
[19:51:13.703] {"t":"camera3d","f":"addBillboardToScene","a":"bb22"},
[19:51:13.704] {"t":"camera3d","f":"addBillboardToScene","a":"bb23"},
[19:51:13.704] {"t":"camera3d","f":"addBillboardToScene","a":"bb24"},
[19:51:13.704] {"t":"camera3d","f":"addBillboardToScene","a":"bb25"},
[19:51:13.704] {"t":"camera3d","f":"addBillboardToScene","a":"bb26"},
[19:51:13.705] {"t":"camera3d","f":"addBillboardToScene","a":"bb54"},
[19:51:13.705] {"t":"camera3d","f":"addBillboardToScene","a":"bb55"},
[19:51:13.705] {"t":"camera3d","f":"addBillboardToScene","a":"bb56"},
[19:51:13.705] {"t":"camera3d","f":"addBillboardToScene","a":"bb57"},
[19:51:13.705] {"t":"camera3d","f":"addBillboardToScene","a":"bb58"},
[19:51:13.705] {"t":"camera3d","f":"addBillboardToScene","a":"bb59"},
[19:51:13.706] {"t":"camera3d","f":"addBillboardToScene","a":"bb60"},
[19:51:13.706] {"t":"camera3d","f":"addBillboardToScene","a":"bb61"},
[19:51:13.706] {"t":"camera3d","f":"addBillboardToScene","a":"bb62"},
[19:51:13.706] {"t":"camera3d","f":"addBillboardToScene","a":"bb_singular2"},
[19:51:13.706] {"t":"camera3d","f":"addBillboardToScene","a":"bb0"},
[19:51:13.707] {"t":"camera3d","f":"addBillboardToScene","a":"bb1"},
[19:51:13.707] {"t":"camera3d","f":"addBillboardToScene","a":"bb2"},
[19:51:13.707] {"t":"camera3d","f":"addBillboardToScene","a":"bb3"},
[19:51:13.707] {"t":"camera3d","f":"addBillboardToScene","a":"bb4"},
[19:51:13.707] {"t":"camera3d","f":"addBillboardToScene","a":"bb5"},
[19:51:13.707] {"t":"camera3d","f":"addBillboardToScene","a":"bb6"},
[19:51:13.707] {"t":"camera3d","f":"addBillboardToScene","a":"bb7"},
[19:51:13.708] {"t":"camera3d","f":"addBillboardToScene","a":"bb8"},
[19:51:13.708] {"t":"camera3d","f":"addBillboardToScene","a":"bb19"},
[19:51:13.708] {"t":"camera3d","f":"addBillboardToScene","a":"bb18"},
[19:51:13.709] {"t":"camera3d","f":"addBillboardToScene","a":"bb21"},
[19:51:13.709] {"t":"camera3d","f":"addBillboardToScene","a":"bb22"},
[19:51:13.709] {"t":"camera3d","f":"addBillboardToScene","a":"bb24"},
[19:51:13.708] {"t":"camera3d","f":"addBillboardToScene","a":"bb20"},
[19:51:13.709] {"t":"camera3d","f":"addBillboardToScene","a":"bb25"},
[19:51:13.710] {"t":"camera3d","f":"addBillboardToScene","a":"bb26"},
[19:51:13.710] {"t":"camera3d","f":"addBillboardToScene","a":"bb54"},
[19:51:13.709] {"t":"camera3d","f":"addBillboardToScene","a":"bb23"},
[19:51:13.710] {"t":"camera3d","f":"addBillboardToScene","a":"bb57"},
[19:51:13.710] {"t":"camera3d","f":"addBillboardToScene","a":"bb55"},
[19:51:13.710] {"t":"camera3d","f":"addBillboardToScene","a":"bb58"},
[19:51:13.711] {"t":"camera3d","f":"addBillboardToScene","a":"bb59"},
[19:51:13.711] {"t":"camera3d","f":"addBillboardToScene","a":"bb60"},
[19:51:13.711] {"t":"camera3d","f":"addBillboardToScene","a":"bb61"},
[19:51:13.711] {"t":"camera3d","f":"addBillboardToScene","a":"bb62"},
[19:51:13.711] {"t":"camera3d","f":"addBillboardToScene","a":"bb_singular2"},
[19:51:13.714] {"t":"camera3d","f":"addBillboardToScene","a":"bb1"},
[19:51:13.714] {"t":"camera3d","f":"addBillboardToScene","a":"bb0"},
[19:51:13.714] {"t":"camera3d","f":"addBillboardToScene","a":"bb2"},
[19:51:13.714] {"t":"camera3d","f":"addBillboardToScene","a":"bb3"},
[19:51:13.710] {"t":"camera3d","f":"addBillboardToScene","a":"bb56"},
[19:51:13.715] {"t":"camera3d","f":"addBillboardToScene","a":"bb6"},
[19:51:13.715] {"t":"camera3d","f":"addBillboardToScene","a":"bb4"},
[19:51:13.716] {"t":"camera3d","f":"addBillboardToScene","a":"bb7"},
[19:51:13.715] {"t":"camera3d","f":"addBillboardToScene","a":"bb5"},
[19:51:13.717] {"t":"camera3d","f":"addBillboardToScene","a":"bb8"},
[19:51:13.717] {"t":"camera3d","f":"addBillboardToScene","a":"bb18"},
[19:51:13.717] {"t":"camera3d","f":"addBillboardToScene","a":"bb20"},
[19:51:13.717] {"t":"camera3d","f":"addBillboardToScene","a":"bb21"},
[19:51:13.717] {"t":"camera3d","f":"addBillboardToScene","a":"bb22"},
[19:51:13.718] {"t":"camera3d","f":"addBillboardToScene","a":"bb23"},
[19:51:13.718] {"t":"camera3d","f":"addBillboardToScene","a":"bb55"},
[19:51:13.718] {"t":"camera3d","f":"addBillboardToScene","a":"bb54"},
[19:51:13.718] {"t":"camera3d","f":"addBillboardToScene","a":"bb25"},
[19:51:13.719] {"t":"camera3d","f":"addBillboardToScene","a":"bb56"},
[19:51:13.718] {"t":"camera3d","f":"addBillboardToScene","a":"bb26"},
[19:51:13.719] {"t":"camera3d","f":"addBillboardToScene","a":"bb59"},
[19:51:13.719] {"t":"camera3d","f":"addBillboardToScene","a":"bb58"},
[19:51:13.719] {"t":"camera3d","f":"addBillboardToScene","a":"bb57"},
[19:51:13.719] {"t":"camera3d","f":"addBillboardToScene","a":"bb60"},
[19:51:13.720] {"t":"camera3d","f":"addBillboardToScene","a":"bb62"},
[19:51:13.719] {"t":"camera3d","f":"addBillboardToScene","a":"bb61"},
[19:51:13.720] {"t":"camera3d","f":"addActorToScene","a":"csphere"},
[19:51:13.721] {"t":"camera3d","f":"addBillboardToScene","a":"bb3"},
[19:51:13.720] {"t":"camera3d","f":"addBillboardToScene","a":"bb2"},
[19:51:13.720] {"t":"camera3d","f":"addBillboardToScene","a":"bb_singular2"},
[19:51:13.720] {"t":"camera3d","f":"addBillboardToScene","a":"bb1"},
[19:51:13.721] {"t":"camera3d","f":"addBillboardToScene","a":"bb4"},
[19:51:13.721] {"t":"camera3d","f":"addBillboardToScene","a":"bb5"},
[19:51:13.721] {"t":"camera3d","f":"addBillboardToScene","a":"bb6"},
[19:51:13.717] {"t":"camera3d","f":"addBillboardToScene","a":"bb19"},
[19:51:13.721] {"t":"camera3d","f":"addBillboardToScene","a":"bb7"},
[19:51:13.718] {"t":"camera3d","f":"addBillboardToScene","a":"bb24"},
[19:51:13.721] {"t":"camera3d","f":"addBillboardToScene","a":"bb8"},
[19:51:13.721] {"t":"camera3d","f":"addBillboardToScene","a":"bb18"},
[19:51:13.722] {"t":"camera3d","f":"addBillboardToScene","a":"bb19"},
[19:51:13.720] {"t":"camera3d","f":"addBillboardToScene","a":"bb0"},
[19:51:13.722] {"t":"camera3d","f":"addBillboardToScene","a":"bb20"},
[19:51:13.722] {"t":"camera3d","f":"addBillboardToScene","a":"bb21"},
[19:51:13.722] {"t":"camera3d","f":"addBillboardToScene","a":"bb22"},
[19:51:13.722] {"t":"camera3d","f":"addBillboardToScene","a":"bb23"},
[19:51:13.722] {"t":"camera3d","f":"addBillboardToScene","a":"bb24"},
[19:51:13.723] {"t":"camera3d","f":"addBillboardToScene","a":"bb25"},
[19:51:13.723] {"t":"camera3d","f":"addBillboardToScene","a":"bb26"},
[19:51:13.723] {"t":"camera3d","f":"addBillboardToScene","a":"bb54"},
[19:51:13.723] {"t":"camera3d","f":"addBillboardToScene","a":"bb55"},
[19:51:13.723] {"t":"camera3d","f":"addBillboardToScene","a":"bb56"},
[19:51:13.723] {"t":"camera3d","f":"addBillboardToScene","a":"bb57"},
[19:51:13.723] {"t":"camera3d","f":"addBillboardToScene","a":"bb58"},
[19:51:13.724] {"t":"camera3d","f":"addBillboardToScene","a":"bb59"},
[19:51:13.724] {"t":"camera3d","f":"addBillboardToScene","a":"bb60"},
[19:51:13.724] {"t":"camera3d","f":"addBillboardToScene","a":"bb61"},
[19:51:13.724] {"t":"camera3d","f":"addBillboardToScene","a":"bb62"},
[19:51:13.724] {"a":"$location===mediator.location is\n              true"},
[19:51:13.724] {"a":"mediator[action.t] = [object Object]"},
[19:51:13.724] {"a":"target = [object Object]"},
[19:51:13.792] {"t":"camera3d","f":"addBillboardToScene","a":"bb_singular"},
[19:51:13.868] {"t":"camera3d","f":"addBillboardToScene","a":"bb_singular"},
[19:51:13.869] {"t":"camera3d","f":"addBillboardToScene","a":"bb_singular"},
[19:51:13.868] {"t":"camera3d","f":"addBillboardToScene","a":"bb_singular"},
[19:51:29.613] {"a":"$location===mediator.location is\n              true"},
[19:51:29.625] {"a":"mediator[action.t] = [object Object]"},
[19:51:29.625] {"a":"target = [object Object]"},
[19:51:29.625] {"t":"narrative","f":"shot","a":{"delta":{"timeline":{"p":{"paused":true,"repeat":0},"actors":{"i3d:camera:rotation":[{"dur":4,"p":{"y":0.7854,"immediateRender":false}}]}}}}},
[19:51:29.625] {"a":"~~~~ change_state() url = /footprint:/i3d-scene:scene1/i2d-empty:/escher:/ui-msgbg:/shot-anim:scope12"},
[19:51:29.625] {"a":"~~~~ change_state() this.prev_url = /footprint:/i3d-scene:scene1/i2d-empty:/escher://ECU:"},
[19:51:29.625] {"a":"this.terms has term[0] = scene"},
[19:51:29.626] {"a":"params[scene] = footprint:"},
[19:51:29.626] "abs_values[0] = footprint:",
[19:51:29.626] {"a":"this.terms has term[1] = i3d"},
[19:51:29.626] {"a":"params[i3d] = i3d-scene:scene1"},
[19:51:29.626] "abs_values[1] = i3d-scene:scene1",
[19:51:29.626] {"a":"this.terms has term[2] = i2d"},
[19:51:29.626] {"a":"params[i2d] = i2d-empty:"},
[19:51:29.626] "abs_values[2] = i2d-empty:",
[19:51:29.626] {"a":"this.terms has term[3] = base"},
[19:51:29.627] {"a":"params[base] = escher:"},
[19:51:29.627] "abs_values[3] = escher:",
[19:51:29.627] {"a":"this.terms has term[4] = ui"},
[19:51:29.627] {"a":"params[ui] = ui-msgbg:"},
[19:51:29.627] "abs_values[4] = ui-msgbg:",
[19:51:29.628] {"a":"this.terms has term[5] = shot"},
[19:51:29.628] {"a":"params[shot] = shot-anim:scope12"},
[19:51:29.632] "abs_values[5] = shot-anim:scope12",
[19:51:29.633] {"a":"ch_st(): $location.url(//////shot-anim:scope12)"},
[19:51:29.633] {"t":"mediator","f":"socket.emit.actions","a":{"t":"camera3d","f":"panflyTo","a":{"r":0.7854,"d":4}}},
[19:51:29.678] {"t":"Mediator","f":"component","a":"narrative"},
[19:51:29.678] {"t":"app","f":"onEnter","a":{"name":"shot-anim:scope12"}},
[19:51:29.679] {"t":"timeline","f":"play"},
[19:51:33.616] {"a":"$location===mediator.location is\n              true"},
[19:51:33.621] {"a":"mediator[action.t] = [object Object]"},
[19:51:33.621] {"a":"target = [object Object]"},
[19:51:39.614] {"a":"$location===mediator.location is\n              true"},
[19:51:39.630] {"a":"mediator[action.t] = [object Object]"},
[19:51:39.630] {"a":"target = [object Object]"},
[19:51:39.632] {"t":"narrative","f":"shot","a":{"delta":{"timeline":{"p":{"paused":true,"repeat":0},"actors":{"i3d:camera:rotation":[{"dur":4,"p":{"x":0.7854,"immediateRender":false}}]}}}}},
[19:51:39.632] {"a":"~~~~ change_state() url = /footprint:/i3d-scene:scene1/i2d-empty:/escher:/ui-msgbg:/shot-anim:scope13"},
[19:51:39.634] {"a":"~~~~ change_state() this.prev_url = //////shot-anim:scope12"},
[19:51:39.634] {"a":"this.terms has term[0] = scene"},
[19:51:39.634] {"a":"params[scene] = footprint:"},
[19:51:39.634] "abs_values[0] = footprint:",
[19:51:39.634] {"a":"this.terms has term[1] = i3d"},
[19:51:39.634] {"a":"params[i3d] = i3d-scene:scene1"},
[19:51:39.635] "abs_values[1] = i3d-scene:scene1",
[19:51:39.635] {"a":"this.terms has term[2] = i2d"},
[19:51:39.635] {"a":"params[i2d] = i2d-empty:"},
[19:51:39.635] "abs_values[2] = i2d-empty:",
[19:51:39.635] {"a":"this.terms has term[3] = base"},
[19:51:39.637] {"a":"params[base] = escher:"},
[19:51:39.637] "abs_values[3] = escher:",
[19:51:39.637] {"a":"this.terms has term[4] = ui"},
[19:51:39.638] {"a":"params[ui] = ui-msgbg:"},
[19:51:39.638] "abs_values[4] = ui-msgbg:",
[19:51:39.638] {"a":"this.terms has term[5] = shot"},
[19:51:39.638] {"a":"params[shot] = shot-anim:scope13"},
[19:51:39.638] "abs_values[5] = shot-anim:scope13",
[19:51:39.638] {"a":"ch_st(): $location.url(//////shot-anim:scope13)"},
[19:51:39.639] {"t":"mediator","f":"socket.emit.actions","a":{"t":"camera3d","f":"tiltflyTo","a":{"r":0.7854,"d":4}}},
[19:51:39.721] {"t":"Mediator","f":"component","a":"narrative"},
[19:51:39.721] {"t":"app","f":"onEnter","a":{"name":"shot-anim:scope13"}},
[19:51:39.722] {"t":"timeline","f":"play"},
[19:51:43.617] {"a":"$location===mediator.location is\n              true"},
[19:51:43.638] {"a":"mediator[action.t] = [object Object]"},
[19:51:43.638] {"a":"target = [object Object]"},
[19:51:54.616] {"a":"$location===mediator.location is\n              true"},
[19:51:54.617] {"a":"mediator[action.t] = [object Object]"},
[19:51:54.617] {"a":"target = [object Object]"},
[19:51:54.617] {"t":"mediator","f":"socket.emit.actions","a":{"t":"camera3d","f":"billboardsFaceCamera"}},
[19:52:09.617] {"a":"$location===mediator.location is\n              true"},
[19:52:09.631] {"a":"mediator[action.t] = [object Object]"},
[19:52:09.631] {"a":"target = [object Object]"},
[19:52:09.631] {"t":"narrative","f":"shot","a":{"delta":{"timeline":{"p":{"paused":true,"repeat":0},"actors":{"i3d:camera:rotation":[{"dur":4,"p":{"x":0,"immediateRender":false}}]}}}}},
[19:52:09.631] {"a":"~~~~ change_state() url = /footprint:/i3d-scene:scene1/i2d-empty:/escher:/ui-msgbg:/shot-anim:scope14"},
[19:52:09.632] {"a":"~~~~ change_state() this.prev_url = //////shot-anim:scope13"},
[19:52:09.632] {"a":"this.terms has term[0] = scene"},
[19:52:09.632] {"a":"params[scene] = footprint:"},
[19:52:09.632] "abs_values[0] = footprint:",
[19:52:09.632] {"a":"this.terms has term[1] = i3d"},
[19:52:09.632] {"a":"params[i3d] = i3d-scene:scene1"},
[19:52:09.632] "abs_values[1] = i3d-scene:scene1",
[19:52:09.632] {"a":"this.terms has term[2] = i2d"},
[19:52:09.633] {"a":"params[i2d] = i2d-empty:"},
[19:52:09.633] "abs_values[2] = i2d-empty:",
[19:52:09.634] {"a":"this.terms has term[3] = base"},
[19:52:09.634] {"a":"params[base] = escher:"},
[19:52:09.634] "abs_values[3] = escher:",
[19:52:09.634] {"a":"this.terms has term[4] = ui"},
[19:52:09.634] {"a":"params[ui] = ui-msgbg:"},
[19:52:09.634] "abs_values[4] = ui-msgbg:",
[19:52:09.634] {"a":"this.terms has term[5] = shot"},
[19:52:09.635] {"a":"params[shot] = shot-anim:scope14"},
[19:52:09.635] "abs_values[5] = shot-anim:scope14",
[19:52:09.635] {"a":"ch_st(): $location.url(//////shot-anim:scope14)"},
[19:52:09.635] {"t":"mediator","f":"socket.emit.actions","a":{"t":"camera3d","f":"tiltflyBy","a":{"r":-0.7854,"d":4}}},
[19:52:09.699] {"t":"app","f":"onEnter","a":{"name":"shot-anim:scope14"}},
[19:52:09.699] {"t":"Mediator","f":"component","a":"narrative"},
[19:52:09.699] {"t":"timeline","f":"play"},
[19:52:13.615] {"a":"$location===mediator.location is\n              true"},
[19:52:13.624] {"a":"mediator[action.t] = [object Object]"},
[19:52:13.624] {"a":"target = [object Object]"},
[19:52:24.620] {"a":"$location===mediator.location is\n              true"},
[19:52:24.629] {"a":"mediator[action.t] = [object Object]"},
[19:52:24.629] {"a":"~~~~ change_state() url = /footprint:/i3d-scene:scene1/i2d-empty:/escher:/ui-msgbg:/shot-anim:scope15"},
[19:52:24.629] {"a":"target = [object Object]"},
[19:52:24.630] {"a":"this.terms has term[0] = scene"},
[19:52:24.629] {"a":"~~~~ change_state() this.prev_url = //////shot-anim:scope14"},
[19:52:24.630] {"a":"params[scene] = footprint:"},
[19:52:24.630] "abs_values[0] = footprint:",
[19:52:24.629] {"t":"narrative","f":"shot","a":{"delta":{"timeline":{"p":{"paused":true,"repeat":0},"actors":{"i3d:camera:rotation":[{"dur":4,"p":{"y":0,"immediateRender":false}}]}}}}},
[19:52:24.630] {"a":"params[i2d] = i2d-empty:"},
[19:52:24.630] "abs_values[1] = i3d-scene:scene1",
[19:52:24.630] {"a":"params[i3d] = i3d-scene:scene1"},
[19:52:24.632] {"a":"this.terms has term[3] = base"},
[19:52:24.633] "abs_values[3] = escher:",
[19:52:24.634] "abs_values[4] = ui-msgbg:",
[19:52:24.633] {"a":"this.terms has term[4] = ui"},
[19:52:24.634] {"a":"params[ui] = ui-msgbg:"},
[19:52:24.634] {"a":"this.terms has term[5] = shot"},
[19:52:24.634] {"a":"ch_st(): $location.url(//////shot-anim:scope15)"},
[19:52:24.634] {"t":"mediator","f":"socket.emit.actions","a":{"t":"camera3d","f":"panflyBy","a":{"r":-0.7854,"d":4}}},
[19:52:24.634] "abs_values[5] = shot-anim:scope15",
[19:52:24.634] {"a":"params[shot] = shot-anim:scope15"},
[19:52:24.630] {"a":"this.terms has term[2] = i2d"},
[19:52:24.630] {"a":"this.terms has term[1] = i3d"},
[19:52:24.632] "abs_values[2] = i2d-empty:",
[19:52:24.633] {"a":"params[base] = escher:"},
[19:52:24.686] {"t":"Mediator","f":"component","a":"narrative"},
[19:52:24.687] {"t":"app","f":"onEnter","a":{"name":"shot-anim:scope15"}},
[19:52:24.687] {"t":"timeline","f":"play"},
[19:52:28.624] {"a":"$location===mediator.location is\n              true"},
[19:52:28.629] {"a":"mediator[action.t] = [object Object]"},
[19:52:28.630] {"a":"target = [object Object]"},
[19:52:39.621] {"a":"$location===mediator.location is\n              true"},
[19:52:39.634] {"a":"mediator[action.t] = [object Object]"},
[19:52:39.634] {"a":"target = [object Object]"},
[19:52:39.634] {"a":"~~~~ change_state() url = /circle:/i3d-simple:simple_red/i2d-scene:disks0/base-skycube:test_cube/ui-msgbg:/shot-graft:a0"},
[19:52:39.634] {"a":"~~~~ change_state() this.prev_url = //////shot-anim:scope15"},
[19:52:39.635] {"a":"this.terms has term[0] = scene"},
[19:52:39.635] {"a":"params[scene] = circle:"},
[19:52:39.635] "abs_values[0] = circle:",
[19:52:39.635] {"a":"this.terms has term[1] = i3d"},
[19:52:39.635] {"a":"params[i3d] = i3d-simple:simple_red"},
[19:52:39.635] "abs_values[1] = i3d-simple:simple_red",
[19:52:39.635] {"a":"this.terms has term[2] = i2d"},
[19:52:39.635] {"a":"params[i2d] = i2d-scene:disks0"},
[19:52:39.636] "abs_values[2] = i2d-scene:disks0",
[19:52:39.637] {"a":"this.terms has term[3] = base"},
[19:52:39.637] {"a":"params[base] = base-skycube:test_cube"},
[19:52:39.638] "abs_values[3] = base-skycube:test_cube",
[19:52:39.639] {"a":"this.terms has term[4] = ui"},
[19:52:39.639] {"a":"params[ui] = ui-msgbg:"},
[19:52:39.640] "abs_values[4] = ui-msgbg:",
[19:52:39.640] {"a":"this.terms has term[5] = shot"},
[19:52:39.640] {"a":"params[shot] = shot-graft:a0"},
[19:52:39.640] "abs_values[5] = shot-graft:a0",
[19:52:39.643] {"a":"ch_st(): $location.url(/circle:/i3d-simple:simple_red/i2d-scene:disks0/base-skycube:test_cube//shot-graft:a0)"},
[19:52:39.643] {"t":"mediator","f":"socket.emit.actions","a":{"t":"narrative","f":"change_scene","a":"circle"}},
[19:52:40.539] {"t":"Mediator","f":"component","a":"narrative"},
[19:52:40.540] {"t":"app","f":"onEnter","a":{"name":"circle:"}},
[19:52:40.540] {"t":"app","f":"onEnter","a":{"name":"i3d-simple:simple_red"}},
[19:52:40.541] {"t":"camera3d","f":"changeTemplateScene"},
[19:52:40.542] {"t":"app","f":"onEnter","a":{"name":"i2d-scene:disks0"}},
[19:52:40.543] {"t":"app","f":"onEnter","a":{"name":"base-skycube:test_cube"}},
[19:52:40.543] {"t":"app","f":"onEnter","a":{"name":"shot-graft:a0"}},
[19:52:40.543] {"t":"timeline","f":"play"},
[19:52:40.543] {"t":"camera3d","f":"addActorToScene","a":"cube0"},
[19:52:40.543] {"t":"camera3d","f":"addActorToScene","a":"cube0"},
[19:52:40.543] {"t":"camera3d","f":"addActorToScene","a":"cube0"},
[19:52:40.544] {"t":"camera3d","f":"addActorToScene","a":"cube0"},
[19:52:40.544] {"t":"camera3d","f":"addActorToScene","a":"csphere"},
[19:52:40.544] {"t":"camera3d","f":"addActorToScene","a":"cube0"},
[19:52:40.544] {"t":"camera3d","f":"addActorToScene","a":"cube0_3"},
[19:52:40.546] {"t":"camera3d","f":"addActorToScene","a":"cube0_3"},
[19:52:40.546] {"t":"camera3d","f":"addActorToScene","a":"cube0_0"},
[19:52:40.546] {"t":"camera3d","f":"addActorToScene","a":"cube0_1"},
[19:52:40.547] {"t":"camera3d","f":"addActorToScene","a":"cube0_0"},
[19:52:40.547] {"t":"camera3d","f":"addActorToScene","a":"cube0_1"},
[19:52:40.547] {"t":"camera3d","f":"addActorToScene","a":"cube0_0"},
[19:52:40.547] {"t":"camera3d","f":"addActorToScene","a":"cube0_1"},
[19:52:40.547] {"t":"camera3d","f":"addActorToScene","a":"cube0_0"},
[19:52:40.547] {"t":"camera3d","f":"addActorToScene","a":"cube0_1"},
[19:52:40.548] {"t":"camera3d","f":"addActorToScene","a":"cube0_0"},
[19:52:40.548] {"t":"camera3d","f":"addActorToScene","a":"cube0_1"},
[19:52:40.548] {"a":"$location===mediator.location is\n              true"},
[19:52:40.548] {"a":"mediator[action.t] = [object Object]"},
[19:52:40.548] {"a":"target = [object Object]"},
[19:52:40.562] {"t":"camera3d","f":"addActorToScene","a":"cube0_2"},
[19:52:40.562] {"t":"camera3d","f":"addActorToScene","a":"cube0_2"},
[19:52:54.623] {"a":"$location===mediator.location is\n              true"},
[19:52:54.631] {"a":"mediator[action.t] = [object Object]"},
[19:52:54.631] {"a":"target = [object Object]"},
[19:52:54.631] {"a":"~~~~ change_state() url = /circle:/i3d-simple:simple_red/i2d-scene:mf2d0/base-skycube:test_cube/ui-msgbg/MS"},
[19:52:54.632] {"a":"~~~~ change_state() this.prev_url = /circle:/i3d-simple:simple_red/i2d-scene:disks0/base-skycube:test_cube//shot-graft:a0"},
[19:52:54.632] {"a":"this.terms has term[0] = scene"},
[19:52:54.632] {"a":"params[scene] = circle:"},
[19:52:54.632] "abs_values[0] = circle:",
[19:52:54.632] {"a":"this.terms has term[1] = i3d"},
[19:52:54.633] {"a":"params[i3d] = i3d-simple:simple_red"},
[19:52:54.633] "abs_values[1] = i3d-simple:simple_red",
[19:52:54.633] {"a":"this.terms has term[2] = i2d"},
[19:52:54.633] {"a":"params[i2d] = i2d-scene:mf2d0"},
[19:52:54.633] "abs_values[2] = i2d-scene:mf2d0",
[19:52:54.636] {"a":"this.terms has term[3] = base"},
[19:52:54.636] {"a":"params[base] = base-skycube:test_cube"},
[19:52:54.636] "abs_values[3] = base-skycube:test_cube",
[19:52:54.636] {"a":"this.terms has term[4] = ui"},
[19:52:54.636] {"a":"params[ui] = ui-msgbg"},
[19:52:54.636] "abs_values[4] = ui-msgbg",
[19:52:54.636] {"a":"this.terms has term[5] = shot"},
[19:52:54.636] {"a":"params[shot] = MS"},
[19:52:54.637] "abs_values[5] = MS",
[19:52:54.637] {"a":"ch_st(): $location.url(///i2d-scene:mf2d0//ui-msgbg/MS)"},
[19:52:54.637] {"t":"mediator","f":"socket.emit.actions","a":{"t":"narrative","f":"change_state","a":"/circle:/i3d-simple:simple_red/i2d-scene:mf2d0/base-skycube:test_cube/ui-msgbg/MS"}},
[19:52:55.015] {"t":"Mediator","f":"component","a":"narrative"},
[19:52:55.015] {"t":"app","f":"onEnter","a":{"name":"i2d-scene:mf2d0"}},
[19:52:55.015] {"t":"app","f":"onEnter","a":{"name":"ui-msgbg"}},
[19:52:55.016] {"t":"app","f":"onEnter","a":{"name":"MS"}},
[19:52:55.016] {"t":"timeline","f":"play"},
[19:52:55.016] {"a":"$location===mediator.location is\n              true"},
[19:52:55.016] {"a":"mediator[action.t] = [object Object]"},
[19:52:55.016] {"a":"target = [object Object]"},
[19:53:09.625] {"a":"$location===mediator.location is\n              true"},
[19:53:09.646] {"a":"mediator[action.t] = [object Object]"},
[19:53:09.646] {"a":"target = [object Object]"},
[19:53:09.646] {"a":"~~~~ change_state() url = /stocks:/i3d-jsonmodels:phonghead_kfb/i2d-scene:defsuse0/grid:/ui-msgbg:/2S:"},
[19:53:09.646] {"a":"~~~~ change_state() this.prev_url = ///i2d-scene:mf2d0//ui-msgbg/MS"},
[19:53:09.646] {"a":"this.terms has term[0] = scene"},
[19:53:09.646] {"a":"params[scene] = stocks:"},
[19:53:09.647] "abs_values[0] = stocks:",
[19:53:09.647] {"a":"this.terms has term[1] = i3d"},
[19:53:09.647] {"a":"params[i3d] = i3d-jsonmodels:phonghead_kfb"},
[19:53:09.647] "abs_values[1] = i3d-jsonmodels:phonghead_kfb",
[19:53:09.647] {"a":"this.terms has term[2] = i2d"},
[19:53:09.647] {"a":"params[i2d] = i2d-scene:defsuse0"},
[19:53:09.647] "abs_values[2] = i2d-scene:defsuse0",
[19:53:09.647] {"a":"this.terms has term[3] = base"},
[19:53:09.647] {"a":"params[base] = grid:"},
[19:53:09.647] "abs_values[3] = grid:",
[19:53:09.648] {"a":"this.terms has term[4] = ui"},
[19:53:09.648] {"a":"params[ui] = ui-msgbg:"},
[19:53:09.648] "abs_values[4] = ui-msgbg:",
[19:53:09.648] {"a":"this.terms has term[5] = shot"},
[19:53:09.648] {"a":"params[shot] = 2S:"},
[19:53:09.648] "abs_values[5] = 2S:",
[19:53:09.648] {"a":"ch_st(): $location.url(/stocks:/i3d-jsonmodels:phonghead_kfb/i2d-scene:defsuse0/grid:/ui-msgbg:/2S:)"},
[19:53:09.648] {"t":"mediator","f":"socket.emit.actions","a":{"t":"narrative","f":"change_scene","a":"stocks"}},
[19:53:12.587] {"t":"Mediator","f":"component","a":"narrative"},
[19:53:12.588] {"t":"app","f":"onEnter","a":{"name":"stocks:"}},
[19:53:12.588] {"t":"app","f":"onEnter","a":{"name":"i3d-jsonmodels:phonghead_kfb"}},
[19:53:12.588] {"t":"camera3d","f":"changeTemplateScene"},
[19:53:12.588] {"t":"app","f":"onEnter","a":{"name":"i2d-scene:defsuse0"}},
[19:53:12.588] {"t":"app","f":"onEnter","a":{"name":"grid:"}},
[19:53:12.588] {"t":"app","f":"onEnter","a":{"name":"ui-msgbg:"}},
[19:53:12.589] {"t":"app","f":"onEnter","a":{"name":"2S:"}},
[19:53:12.589] {"t":"timeline","f":"play"},
[19:53:12.589] {"t":"camera3d","f":"addActorToScene","a":"axes0"},
[19:53:12.589] {"t":"camera3d","f":"addActorToScene","a":"axes0"},
[19:53:12.589] {"t":"camera3d","f":"addActorToScene","a":"axes0"},
[19:53:12.589] {"t":"camera3d","f":"addActorToScene","a":"axes0"},
[19:53:12.589] {"t":"camera3d","f":"addActorToScene","a":"axes0"},
[19:53:12.590] {"t":"camera3d","f":"addActorToScene","a":"csphere"},
[19:53:12.590] {"t":"camera3d","f":"addActorToScene","a":"axes0"},
[19:53:12.591] {"t":"camera3d","f":"addActorToScene","a":"fill"},
[19:53:12.591] {"t":"camera3d","f":"addActorToScene","a":"key"},
[19:53:12.591] {"t":"camera3d","f":"addActorToScene","a":"fill"},
[19:53:12.591] {"t":"camera3d","f":"addActorToScene","a":"key"},
[19:53:12.591] {"t":"camera3d","f":"addActorToScene","a":"back"},
[19:53:12.592] {"t":"camera3d","f":"addActorToScene","a":"back"},
[19:53:12.592] {"t":"camera3d","f":"addActorToScene","a":"key"},
[19:53:12.592] {"t":"camera3d","f":"addActorToScene","a":"fill"},
[19:53:12.592] {"t":"camera3d","f":"addActorToScene","a":"back"},
[19:53:12.592] {"t":"camera3d","f":"addActorToScene","a":"key"},
[19:53:12.593] {"t":"camera3d","f":"addActorToScene","a":"key"},
[19:53:12.593] {"t":"camera3d","f":"addActorToScene","a":"fill"},
[19:53:12.593] {"t":"camera3d","f":"addActorToScene","a":"back"},
[19:53:12.595] {"t":"camera3d","f":"addActorToScene","a":"back"},
[19:53:12.595] {"t":"camera3d","f":"addActorToScene","a":"fill"},
[19:53:12.601] {"t":"camera3d","f":"addActorToScene","a":"key"},
[19:53:12.602] {"t":"camera3d","f":"addActorToScene","a":"back"},
[19:53:12.602] {"a":"$location===mediator.location is\n              true"},
[19:53:12.602] {"t":"camera3d","f":"addActorToScene","a":"fill"},
[19:53:12.602] {"a":"mediator[action.t] = [object Object]"},
[19:53:12.602] {"a":"target = [object Object]"},
[19:53:14.144] {"t":"camera3d","f":"addActorToScene","a":"head_scan"},
[19:53:14.144] {"t":"camera3d","f":"addActorToScene","a":"head_scan"},
[19:53:14.144] {"t":"camera3d","f":"addActorToScene","a":"head_scan"},
[19:53:14.144] {"t":"camera3d","f":"addActorToScene","a":"head_scan"},
[19:53:14.144] {"t":"camera3d","f":"addActorToScene","a":"head_scan"},
[19:53:24.739] {"a":"$location===mediator.location is\n              true"},
[19:53:24.755] {"a":"mediator[action.t] = [object Object]"},
[19:53:24.755] {"a":"target = [object Object]"},
[19:53:24.755] {"a":"~~~~ change_state() url = ///i2d-scene:mf2d0///"},
[19:53:24.755] {"a":"~~~~ change_state() this.prev_url = /stocks:/i3d-jsonmodels:phonghead_kfb/i2d-scene:defsuse0/grid:/ui-msgbg:/2S:"},
[19:53:24.755] {"a":"this.terms has term[0] = scene"},
[19:53:24.756] {"a":"params[scene] = "},
[19:53:24.756] "abs_values[0] = ",
[19:53:24.756] {"a":"this.terms has term[1] = i3d"},
[19:53:24.756] {"a":"params[i3d] = "},
[19:53:24.756] "abs_values[1] = ",
[19:53:24.756] {"a":"this.terms has term[2] = i2d"},
[19:53:24.756] {"a":"params[i2d] = i2d-scene:mf2d0"},
[19:53:24.756] "abs_values[2] = i2d-scene:mf2d0",
[19:53:24.756] {"a":"this.terms has term[3] = base"},
[19:53:24.756] {"a":"params[base] = "},
[19:53:24.757] "abs_values[3] = ",
[19:53:24.757] {"a":"this.terms has term[4] = ui"},
[19:53:24.757] {"a":"params[ui] = "},
[19:53:24.757] "abs_values[4] = ",
[19:53:24.757] {"a":"this.terms has term[5] = shot"},
[19:53:24.757] {"a":"params[shot] = "},
[19:53:24.757] "abs_values[5] = ",
[19:53:24.757] {"a":"ch_st(): $location.url(///i2d-scene:mf2d0///)"},
[19:53:24.758] {"t":"mediator","f":"socket.emit.actions","a":{"t":"narrative","f":"change_state","a":"///i2d-scene:mf2d0///"}},
[19:53:25.055] {"t":"Mediator","f":"component","a":"narrative"},
[19:53:25.055] {"t":"app","f":"onEnter","a":{"name":"i2d-scene:mf2d0"}},
[19:53:25.055] {"t":"timeline","f":"play"},
[19:53:25.056] {"a":"$location===mediator.location is\n              true"},
[19:53:25.056] {"a":"mediator[action.t] = [object Object]"},
[19:53:25.056] {"a":"target = [object Object]"},
