[17:10:18.735] {"t":"narrative","f":"change_scene","a":"payments"},
[17:10:19.119] "/payments:/i3d-simple:phong_head_sphere_kfb/i2d-empty:/black:/ui-msgbg:/shot-fixed:",
[17:10:19.120] "/payments:/i3d-simple:phong_head_sphere_kfb/i2d-empty:/black://",
[17:10:19.120] {},
[17:10:28.734] {"t":"narrative","f":"change_state","a":"///i2d-scene:mf2d0///shot-fixed:"},
[17:10:28.851] "/payments:/i3d-simple:phong_head_sphere_kfb/i2d-scene:mf2d0/black:/ui-msgbg:/shot-fixed:",
[17:10:28.851] "///i2d-scene:mf2d0///",
[17:10:28.851] {},
[17:10:43.735] {"t":"camera3d","f":"panflyBy","a":{"r":-0.7854,"d":4}},
[17:10:43.759] "//////shot-anim:scope2",
[17:10:43.759] "/payments:/i3d-simple:phong_head_sphere_kfb/i2d-scene:mf2d0/black:/ui-msgbg:/shot-anim:scope2",
[17:10:43.760] {"delta":{"timeline":{"p":{"paused":true,"repeat":0},"actors":{"i3d:camera:rotation":[{"dur":4,"p":{"y":-0.7854,"immediateRender":false}}]}}}},
[17:10:53.733] {"t":"narrative","f":"change_state","a":"////base-skycube:test_bg//"},
[17:10:53.854] "/payments:/i3d-simple:phong_head_sphere_kfb/i2d-scene:mf2d0/base-skycube:test_bg/ui-msgbg:/shot-fixed:",
[17:10:53.854] "////base-skycube:test_bg//shot-fixed:",
[17:10:53.854] {},
[17:11:03.750] "/payments:/i3d-simple:phong_head_sphere_kfb/i2d-scene:mf2d0/base-skycube:test_bg/ui-msgbg:/shot-anim:scope4",
[17:11:03.750] "//////shot-anim:scope4",
[17:11:03.750] {"delta":{"timeline":{"p":{"paused":true,"repeat":0},"actors":{"i3d:camera:rotation":[{"dur":4,"p":{"y":0.7854,"immediateRender":false}}]}}}},
[17:11:03.748] {"t":"camera3d","f":"panflyTo","a":{"r":0.7854,"d":4}},
[17:11:18.736] {"t":"narrative","f":"change_state","a":"////base-skycube:no-anim/{}"},
[17:11:28.751] {"t":"camera3d","f":"home","a":{"d":3}},
[17:11:28.752] "/payments:/i3d-simple:phong_head_sphere_kfb/i2d-scene:mf2d0/base-skycube:test_bg/ui-msgbg:/shot-anim:scope5",
[17:11:28.752] "//////shot-anim:scope5",
[17:11:28.753] {"delta":{"timeline":{"p":{"paused":true,"repeat":0},"actors":{"i3d:camera:rotation":[{"dur":3,"p":{"x":0,"y":0,"z":0,"immediateRender":false}}],"i3d:csphere:position":[{"dur":3,"p":{"x":0,"y":0,"z":0,"immediateRender":false}}],"i3d:csphere:scale":[{"dur":3,"p":{"x":1,"y":1,"z":1,"immediateRender":false}}],"i3d:csphere:rotation":[{"dur":3,"p":{"x":0,"y":0,"z":0,"immediateRender":false}}],"i2d:plane":[{"dur":3,"p":{"x":0,"y":0,"immediateRender":false}}],"i2d:zoom_plane":[{"dur":3,"p":{"rotation":0,"scale":1,"svgOrigin":"0% 0%","immediateRender":false}}]}}}},
