[17:05:28.361] {"t":"narrative","f":"change_scene","a":"payments"},
[17:05:28.821] "/payments:/i3d-simple:phong_head_sphere_kfb/i2d-empty:/black:/ui-msgbg:/shot-fixed:",
[17:05:28.822] "/payments:/i3d-simple:phong_head_sphere_kfb/i2d-empty:/black://",
[17:05:28.822] {},
[17:05:43.362] {"t":"camera3d","f":"panflyBy","a":{"r":-0.7854,"d":4}},
[17:05:43.395] "/payments:/i3d-simple:phong_head_sphere_kfb/i2d-empty:/black:/ui-msgbg:/shot-anim:scope1",
[17:05:43.395] "//////shot-anim:scope1",
[17:05:43.396] {"delta":{"timeline":{"p":{"paused":true,"repeat":0},"actors":{"i3d:camera:rotation":[{"dur":4,"p":{"y":-0.7854,"immediateRender":false}}]}}}},
[17:05:58.365] {"t":"narrative","f":"change_state","a":"////base-skycube:test_cube//shot-fixed:"},
[17:05:58.470] "/payments:/i3d-simple:phong_head_sphere_kfb/i2d-empty:/base-skycube:test_cube/ui-msgbg:/shot-fixed:",
[17:05:58.472] {},
[17:05:58.471] "////base-skycube:test_cube//shot-fixed:",
[17:06:13.367] {"t":"camera3d","f":"panflyTo","a":{"r":0.7854,"d":4}},
[17:06:13.386] "/payments:/i3d-simple:phong_head_sphere_kfb/i2d-empty:/base-skycube:test_cube/ui-msgbg:/shot-anim:scope3",
[17:06:13.386] "//////shot-anim:scope3",
[17:06:13.386] {"delta":{"timeline":{"p":{"paused":true,"repeat":0},"actors":{"i3d:camera:rotation":[{"dur":4,"p":{"y":0.7854,"immediateRender":false}}]}}}},
[17:06:23.366] {"t":"camera3d","f":"home","a":{"d":3}},
[17:06:23.397] "/payments:/i3d-simple:phong_head_sphere_kfb/i2d-empty:/base-skycube:test_cube/ui-msgbg:/shot-anim:scope4",
[17:06:23.397] "//////shot-anim:scope4",
[17:06:23.399] {"delta":{"timeline":{"p":{"paused":true,"repeat":0},"actors":{"i3d:camera:rotation":[{"dur":3,"p":{"x":0,"y":0,"z":0,"immediateRender":false}}],"i3d:csphere:position":[{"dur":3,"p":{"x":0,"y":0,"z":0,"immediateRender":false}}],"i3d:csphere:scale":[{"dur":3,"p":{"x":1,"y":1,"z":1,"immediateRender":false}}],"i3d:csphere:rotation":[{"dur":3,"p":{"x":0,"y":0,"z":0,"immediateRender":false}}],"i2d:plane":[{"dur":3,"p":{"x":0,"y":0,"immediateRender":false}}],"i2d:zoom_plane":[{"dur":3,"p":{"rotation":0,"scale":1,"svgOrigin":"0% 0%","immediateRender":false}}]}}}},
