[17:23:38.673] {"t":"narrative","f":"change_scene","a":"payments"},
[17:23:39.094] "/payments:/i3d-simple:phong_head_sphere_kfb/i2d-empty:/black:/ui-msgbg:/shot-fixed:",
[17:23:39.094] "/payments:/i3d-simple:phong_head_sphere_kfb/i2d-empty:/black://",
[17:23:39.094] {},
[17:23:48.669] {"t":"narrative","f":"change_state","a":"///i2d-scene:mf2d0///shot-fixed:"},
[17:23:48.780] "/payments:/i3d-simple:phong_head_sphere_kfb/i2d-scene:mf2d0/black:/ui-msgbg:/shot-fixed:",
[17:23:48.781] {},
[17:23:48.781] "///i2d-scene:mf2d0///",
[17:24:03.673] {"t":"camera3d","f":"panflyBy","a":{"r":-0.7854,"d":4}},
[17:24:03.692] "/payments:/i3d-simple:phong_head_sphere_kfb/i2d-scene:mf2d0/black:/ui-msgbg:/shot-anim:scope2",
[17:24:03.692] "//////shot-anim:scope2",
[17:24:03.692] {"delta":{"timeline":{"p":{"paused":true,"repeat":0},"actors":{"i3d:camera:rotation":[{"dur":4,"p":{"y":-0.7854,"immediateRender":false}}]}}}},
[17:24:13.671] {"t":"narrative","f":"change_state","a":"////base-skycube:test_bg//"},
[17:24:13.788] "/payments:/i3d-simple:phong_head_sphere_kfb/i2d-scene:mf2d0/base-skycube:test_bg/ui-msgbg:/shot-fixed:",
[17:24:13.792] "////base-skycube:test_bg//shot-fixed:",
[17:24:13.792] {},
[17:24:28.672] {"t":"camera3d","f":"panflyTo","a":{"r":0.7854,"d":4}},
[17:24:28.696] {"delta":{"timeline":{"p":{"paused":true,"repeat":0},"actors":{"i3d:camera:rotation":[{"dur":4,"p":{"y":0.7854,"immediateRender":false}}]}}}},
[17:24:28.695] "//////shot-anim:scope4",
[17:24:28.695] "/payments:/i3d-simple:phong_head_sphere_kfb/i2d-scene:mf2d0/base-skycube:test_bg/ui-msgbg:/shot-anim:scope4",
[17:24:38.672] {"t":"narrative","f":"change_state","a":"////base-skycube:no-anim/{}"},
[17:24:53.672] {"t":"camera3d","f":"home","a":{"d":3}},
[17:24:53.690] "/payments:/i3d-simple:phong_head_sphere_kfb/i2d-scene:mf2d0/base-skycube:test_bg/ui-msgbg:/shot-anim:scope5",
[17:24:53.690] "//////shot-anim:scope5",
[17:24:53.691] {"delta":{"timeline":{"p":{"paused":true,"repeat":0},"actors":{"i3d:camera:rotation":[{"dur":3,"p":{"x":0,"y":0,"z":0,"immediateRender":false}}],"i3d:csphere:position":[{"dur":3,"p":{"x":0,"y":0,"z":0,"immediateRender":false}}],"i3d:csphere:scale":[{"dur":3,"p":{"x":1,"y":1,"z":1,"immediateRender":false}}],"i3d:csphere:rotation":[{"dur":3,"p":{"x":0,"y":0,"z":0,"immediateRender":false}}],"i2d:plane":[{"dur":3,"p":{"x":0,"y":0,"immediateRender":false}}],"i2d:zoom_plane":[{"dur":3,"p":{"rotation":0,"scale":1,"svgOrigin":"0% 0%","immediateRender":false}}]}}}},
