[17:33:01.957] {"t":"narrative","f":"change_scene","a":"payments"},
[17:33:02.368] "/payments:/i3d-simple:phong_head_sphere_kfb/i2d-empty:/black:/ui-msgbg:/shot-fixed:",
[17:33:02.368] "/payments:/i3d-simple:phong_head_sphere_kfb/i2d-empty:/black://",
[17:33:02.369] {},
[17:33:11.957] {"t":"narrative","f":"change_state","a":"///i2d-scene:mf2d0///shot-fixed:"},
[17:33:12.076] "/payments:/i3d-simple:phong_head_sphere_kfb/i2d-scene:mf2d0/black:/ui-msgbg:/shot-fixed:",
[17:33:12.077] "///i2d-scene:mf2d0///",
[17:33:12.077] {},
[17:33:21.961] {"t":"camera3d","f":"panflyBy","a":{"r":-0.7854,"d":4}},
[17:33:21.998] "/payments:/i3d-simple:phong_head_sphere_kfb/i2d-scene:mf2d0/black:/ui-msgbg:/shot-anim:scope2",
[17:33:21.998] "//////shot-anim:scope2",
[17:33:21.999] {"delta":{"timeline":{"p":{"paused":true,"repeat":0},"actors":{"i3d:camera:rotation":[{"dur":4,"p":{"y":-0.7854,"immediateRender":false}}]}}}},
[17:33:31.958] {"t":"narrative","f":"change_state","a":"////base-skycube:test_bg//"},
[17:33:32.005] "/payments:/i3d-simple:phong_head_sphere_kfb/i2d-scene:mf2d0/base-skycube:test_bg/ui-msgbg:/shot-fixed:",
[17:33:32.006] "////base-skycube:test_bg//shot-fixed:",
[17:33:32.006] {},
[17:33:41.962] {"t":"camera3d","f":"panflyTo","a":{"r":0.7854,"d":4}},
[17:33:42.003] "/payments:/i3d-simple:phong_head_sphere_kfb/i2d-scene:mf2d0/base-skycube:test_bg/ui-msgbg:/shot-anim:scope4",
[17:33:42.003] "//////shot-anim:scope4",
[17:33:42.006] {"delta":{"timeline":{"p":{"paused":true,"repeat":0},"actors":{"i3d:camera:rotation":[{"dur":4,"p":{"y":0.7854,"immediateRender":false}}]}}}},
[17:33:56.959] {"t":"narrative","f":"change_state","a":"////base-skycube:no-anim/{}"},
[17:34:06.958] {"t":"camera3d","f":"home","a":{"d":3}},
[17:34:07.001] {"delta":{"timeline":{"p":{"paused":true,"repeat":0},"actors":{"i3d:camera:rotation":[{"dur":3,"p":{"x":0,"y":0,"z":0,"immediateRender":false}}],"i3d:csphere:position":[{"dur":3,"p":{"x":0,"y":0,"z":0,"immediateRender":false}}],"i3d:csphere:scale":[{"dur":3,"p":{"x":1,"y":1,"z":1,"immediateRender":false}}],"i3d:csphere:rotation":[{"dur":3,"p":{"x":0,"y":0,"z":0,"immediateRender":false}}],"i2d:plane":[{"dur":3,"p":{"x":0,"y":0,"immediateRender":false}}],"i2d:zoom_plane":[{"dur":3,"p":{"rotation":0,"scale":1,"svgOrigin":"0% 0%","immediateRender":false}}]}}}},
[17:34:06.999] "/payments:/i3d-simple:phong_head_sphere_kfb/i2d-scene:mf2d0/base-skycube:test_bg/ui-msgbg:/shot-anim:scope5",
[17:34:07.000] "//////shot-anim:scope5",
