[17:36:58.061] {"t":"narrative","f":"change_scene","a":"payments"},
[17:36:58.430] "/payments:/i3d-simple:phong_head_sphere_kfb/i2d-empty:/black:/ui-msgbg:/shot-fixed:",
[17:36:58.430] "/payments:/i3d-simple:phong_head_sphere_kfb/i2d-empty:/black://",
[17:36:58.431] {},
[17:37:13.058] {"t":"narrative","f":"change_state","a":"///i2d-scene:mf2d0///shot-fixed:"},
[17:37:13.162] "/payments:/i3d-simple:phong_head_sphere_kfb/i2d-scene:mf2d0/black:/ui-msgbg:/shot-fixed:",
[17:37:13.162] "///i2d-scene:mf2d0///",
[17:37:13.163] {},
[17:37:23.064] {"t":"camera3d","f":"panflyBy","a":{"r":-0.7854,"d":4}},
[17:37:23.106] "/payments:/i3d-simple:phong_head_sphere_kfb/i2d-scene:mf2d0/black:/ui-msgbg:/shot-anim:scope2",
[17:37:23.107] {"delta":{"timeline":{"p":{"paused":true,"repeat":0},"actors":{"i3d:camera:rotation":[{"dur":4,"p":{"y":-0.7854,"immediateRender":false}}]}}}},
[17:37:23.106] "//////shot-anim:scope2",
[17:37:33.059] {"t":"narrative","f":"change_state","a":"////base-skycube:test_bg//"},
[17:37:33.169] "/payments:/i3d-simple:phong_head_sphere_kfb/i2d-scene:mf2d0/base-skycube:test_bg/ui-msgbg:/shot-fixed:",
[17:37:33.169] "////base-skycube:test_bg//shot-fixed:",
[17:37:33.171] {},
[17:37:48.060] {"t":"camera3d","f":"panflyTo","a":{"r":0.7854,"d":4}},
[17:37:48.078] "/payments:/i3d-simple:phong_head_sphere_kfb/i2d-scene:mf2d0/base-skycube:test_bg/ui-msgbg:/shot-anim:scope4",
[17:37:48.078] "//////shot-anim:scope4",
[17:37:48.078] {"delta":{"timeline":{"p":{"paused":true,"repeat":0},"actors":{"i3d:camera:rotation":[{"dur":4,"p":{"y":0.7854,"immediateRender":false}}]}}}},
[17:37:58.065] {"t":"narrative","f":"change_state","a":"////base-skycube:no-anim/{}"},
[17:38:13.065] {"t":"camera3d","f":"home","a":{"d":3}},
