[17:45:36.507] {"t":"narrative","f":"change_scene","a":"payments"},
[17:45:36.925] "/payments:/i3d-simple:phong_head_sphere_kfb/i2d-empty:/black:/ui-msgbg:/shot-fixed:",
[17:45:36.926] "/payments:/i3d-simple:phong_head_sphere_kfb/i2d-empty:/black://",
[17:45:36.926] {},
[17:45:51.505] {"t":"narrative","f":"change_state","a":"///i2d-scene:mf2d0///shot-fixed:"},
[17:45:51.615] "/payments:/i3d-simple:phong_head_sphere_kfb/i2d-scene:mf2d0/black:/ui-msgbg:/shot-fixed:",
[17:45:51.616] {},
[17:45:51.616] "///i2d-scene:mf2d0///",
[17:46:01.512] {"t":"camera3d","f":"panflyBy","a":{"r":-0.7854,"d":4}},
[17:46:01.545] "/payments:/i3d-simple:phong_head_sphere_kfb/i2d-scene:mf2d0/black:/ui-msgbg:/shot-anim:scope2",
[17:46:01.546] {"delta":{"timeline":{"p":{"paused":true,"repeat":0},"actors":{"i3d:camera:rotation":[{"dur":4,"p":{"y":-0.7854,"immediateRender":false}}]}}}},
[17:46:01.545] "//////shot-anim:scope2",
[17:46:16.506] {"t":"narrative","f":"change_state","a":"////base-skycube:test_bg//"},
[17:46:16.618] "/payments:/i3d-simple:phong_head_sphere_kfb/i2d-scene:mf2d0/base-skycube:test_bg/ui-msgbg:/shot-fixed:",
[17:46:16.618] "////base-skycube:test_bg//shot-fixed:",
[17:46:16.618] {},
[17:46:31.522] {"t":"camera3d","f":"panflyTo","a":{"r":0.7854,"d":4}},
[17:46:31.525] "/payments:/i3d-simple:phong_head_sphere_kfb/i2d-scene:mf2d0/base-skycube:test_bg/ui-msgbg:/shot-anim:scope4",
[17:46:31.525] "//////shot-anim:scope4",
[17:46:31.525] {"delta":{"timeline":{"p":{"paused":true,"repeat":0},"actors":{"i3d:camera:rotation":[{"dur":4,"p":{"y":0.7854,"immediateRender":false}}]}}}},
[17:46:41.510] {"t":"narrative","f":"change_state","a":"////base-skycube:no-anim//{}"},
[17:46:41.568] "////base-skycube:no-anim//shot-fixed:",
[17:46:41.569] {},
[17:46:41.568] "/payments:/i3d-simple:phong_head_sphere_kfb/i2d-scene:mf2d0/base-skycube:no-anim/ui-msgbg:/shot-fixed:",
[17:46:51.511] {"t":"camera3d","f":"home","a":{"d":3}},
[17:46:51.546] "/payments:/i3d-simple:phong_head_sphere_kfb/i2d-scene:mf2d0/base-skycube:no-anim/ui-msgbg:/shot-anim:scope6",
[17:46:51.546] "//////shot-anim:scope6",
[17:46:51.548] {"delta":{"timeline":{"p":{"paused":true,"repeat":0},"actors":{"i3d:camera:rotation":[{"dur":3,"p":{"x":0,"y":0,"z":0,"immediateRender":false}}],"i3d:csphere:position":[{"dur":3,"p":{"x":0,"y":0,"z":0,"immediateRender":false}}],"i3d:csphere:scale":[{"dur":3,"p":{"x":1,"y":1,"z":1,"immediateRender":false}}],"i3d:csphere:rotation":[{"dur":3,"p":{"x":0,"y":0,"z":0,"immediateRender":false}}],"i2d:plane":[{"dur":3,"p":{"x":0,"y":0,"immediateRender":false}}],"i2d:zoom_plane":[{"dur":3,"p":{"rotation":0,"scale":1,"svgOrigin":"0% 0%","immediateRender":false}}]}}}},
