[17:40:49.583] {"t":"narrative","f":"change_scene","a":"payments"},
[17:40:49.954] "/payments:/i3d-simple:phong_head_sphere_kfb/i2d-empty:/black:/ui-msgbg:/shot-fixed:",
[17:40:49.954] "/payments:/i3d-simple:phong_head_sphere_kfb/i2d-empty:/black://",
[17:40:49.954] {},
[17:41:04.582] {"t":"narrative","f":"change_state","a":"///i2d-scene:mf2d0///shot-fixed:"},
[17:41:04.685] "/payments:/i3d-simple:phong_head_sphere_kfb/i2d-scene:mf2d0/black:/ui-msgbg:/shot-fixed:",
[17:41:04.685] "///i2d-scene:mf2d0///",
[17:41:04.685] {},
[17:41:19.584] {"t":"camera3d","f":"panflyBy","a":{"r":-0.7854,"d":4}},
[17:41:19.599] "/payments:/i3d-simple:phong_head_sphere_kfb/i2d-scene:mf2d0/black:/ui-msgbg:/shot-anim:scope2",
[17:41:19.599] "//////shot-anim:scope2",
[17:41:19.600] {"delta":{"timeline":{"p":{"paused":true,"repeat":0},"actors":{"i3d:camera:rotation":[{"dur":4,"p":{"y":-0.7854,"immediateRender":false}}]}}}},
[17:41:34.586] {"t":"narrative","f":"change_state","a":"////base-skycube:test_bg//"},
[17:41:34.709] "/payments:/i3d-simple:phong_head_sphere_kfb/i2d-scene:mf2d0/base-skycube:test_bg/ui-msgbg:/shot-fixed:",
[17:41:34.709] "////base-skycube:test_bg//shot-fixed:",
[17:41:34.711] {},
[17:41:44.585] {"t":"camera3d","f":"panflyTo","a":{"r":0.7854,"d":4}},
[17:41:44.619] "/payments:/i3d-simple:phong_head_sphere_kfb/i2d-scene:mf2d0/base-skycube:test_bg/ui-msgbg:/shot-anim:scope4",
[17:41:44.619] "//////shot-anim:scope4",
[17:41:44.619] {"delta":{"timeline":{"p":{"paused":true,"repeat":0},"actors":{"i3d:camera:rotation":[{"dur":4,"p":{"y":0.7854,"immediateRender":false}}]}}}},
[17:41:59.589] {"t":"narrative","f":"change_state","a":"////base-skycube:no-anim//{}"},
[17:41:59.640] "/payments:/i3d-simple:phong_head_sphere_kfb/i2d-scene:mf2d0/base-skycube:no-anim/ui-msgbg:/shot-fixed:",
[17:41:59.641] "////base-skycube:no-anim//shot-fixed:",
[17:41:59.641] {},
[17:42:14.589] {"t":"camera3d","f":"home","a":{"d":3}},
[17:42:14.605] "/payments:/i3d-simple:phong_head_sphere_kfb/i2d-scene:mf2d0/base-skycube:no-anim/ui-msgbg:/shot-anim:scope6",
[17:42:14.605] "//////shot-anim:scope6",
[17:42:14.606] {"delta":{"timeline":{"p":{"paused":true,"repeat":0},"actors":{"i3d:camera:rotation":[{"dur":3,"p":{"x":0,"y":0,"z":0,"immediateRender":false}}],"i3d:csphere:position":[{"dur":3,"p":{"x":0,"y":0,"z":0,"immediateRender":false}}],"i3d:csphere:scale":[{"dur":3,"p":{"x":1,"y":1,"z":1,"immediateRender":false}}],"i3d:csphere:rotation":[{"dur":3,"p":{"x":0,"y":0,"z":0,"immediateRender":false}}],"i2d:plane":[{"dur":3,"p":{"x":0,"y":0,"immediateRender":false}}],"i2d:zoom_plane":[{"dur":3,"p":{"rotation":0,"scale":1,"svgOrigin":"0% 0%","immediateRender":false}}]}}}},
