[17:59:11.255] {"t":"camera3d","f":"panflyTo","a":{"r":-0.7854,"d":3}},
[17:59:11.294] "/metaweb:/i3d-empty:/i2d-reflect:/empty:/ui-msgbg:/shot-anim:scope0",
[17:59:11.294] "//////shot-anim:scope0",
[17:59:11.295] {"delta":{"timeline":{"p":{"paused":true,"repeat":0},"actors":{"i3d:camera:rotation":[{"dur":3,"p":{"y":-0.7854,"immediateRender":false}}]}}}},
[17:59:21.253] {"t":"camera3d","f":"lookAt"},
[17:59:21.279] "/metaweb:/i3d-empty:/i2d-reflect:/empty:/ui-msgbg:/shot-fixed:scope1",
[17:59:21.279] "//////shot-fixed:scope1",
[17:59:21.281] {"delta-t":"camera3d","f":"lookAt","a":{}},
[17:59:36.256] {"t":"camera3d","f":"panflyTo","a":{"r":-0.7854,"d":3}},
[17:59:36.286] "/metaweb:/i3d-empty:/i2d-reflect:/empty:/ui-msgbg:/shot-anim:scope2",
[17:59:36.289] "//////shot-anim:scope2",
[17:59:36.289] {"delta":{"timeline":{"p":{"paused":true,"repeat":0},"actors":{"i3d:camera:rotation":[{"dur":3,"p":{"y":-0.7854,"immediateRender":false}}]}}}},
[17:59:46.255] {"t":"camera3d","f":"home","a":{"d":3}},
[17:59:46.286] "/metaweb:/i3d-empty:/i2d-reflect:/empty:/ui-msgbg:/shot-anim:scope3",
[17:59:46.286] "//////shot-anim:scope3",
[17:59:46.289] {"delta":{"timeline":{"p":{"paused":true,"repeat":0},"actors":{"i3d:camera:rotation":[{"dur":3,"p":{"x":0,"y":0,"z":0,"immediateRender":false}}],"i3d:csphere:position":[{"dur":3,"p":{"x":0,"y":0,"z":0,"immediateRender":false}}],"i3d:csphere:scale":[{"dur":3,"p":{"x":1,"y":1,"z":1,"immediateRender":false}}],"i3d:csphere:rotation":[{"dur":3,"p":{"x":0,"y":0,"z":0,"immediateRender":false}}],"i2d:plane":[{"dur":3,"p":{"x":0,"y":0,"immediateRender":false}}],"i2d:zoom_plane":[{"dur":3,"p":{"rotation":0,"scale":1,"svgOrigin":"0% 0%","immediateRender":false}}]}}}},
[18:00:01.278] {"t":"camera3d","f":"panflyTo","a":{"r":0,"d":3}},
[18:00:01.279] "/metaweb:/i3d-empty:/i2d-reflect:/empty:/ui-msgbg:/shot-anim:scope4",
[18:00:01.279] "//////shot-anim:scope4",
[18:00:01.280] {"delta":{"timeline":{"p":{"paused":true,"repeat":0},"actors":{"i3d:camera:rotation":[{"dur":3,"p":{"y":0,"immediateRender":false}}]}}}},
[18:00:16.255] {"t":"narrative","f":"change_scene","a":"a"},
[18:00:16.561] "/a:/i3d-simple:simple_green/i2d-scene:disks0/base-skycube:test_cube/ui-msgbg:/shot-fixed:",
[18:00:16.561] "/a:/i3d-simple:simple_green/i2d-scene:disks0/base-skycube:test_cube//shot-fixed:",
[18:00:16.561] {},
[18:00:31.256] {"t":"narrative","f":"change_scene","a":"a0"},
[18:00:31.412] "/a0:/i3d-simple:simple_green/i2d-scene:disks0/base-skycube:test_cube/ui-msgbg:/shot-graft:scope6",
[18:00:31.412] "/a0://///shot-graft:scope6",
[18:00:31.415] {"delta":{"timeline":{"p":{"repeat":0},"actors":{"i3d:cube0:scale":[{"dur":10,"p":{"x":0.5,"y":0.5,"z":0.5}}]}},"branches":{"cube0":{"children":{"cube0_2":{"form":{"type":"'cube.i3d'","x":0,"y":0,"z":0,"textureurl":"./images/sky.jpg","w":5,"h":10,"d":10,"color":"blue","transparent":true,"opacity":1},"transform":{"t":[-20,-10,0],"s":[0.01,0.01,0.01]},"children":{}},"cube0_3":{"form":{"type":"'cube.i3d'","x":0,"y":-20,"z":0,"textureurl":"sky_jpg","w":5,"h":10,"d":10,"color":"blue","transparent":true,"opacity":1},"transform":{"t":[20,0,0],"s":[0.01,0.01,0.01]},"children":{}}}}}}},
[18:00:41.255] {"t":"narrative","f":"change_scene","a":"a1"},
[18:00:41.360] "/a1:/i3d-simple:simple_green/i2d-scene:disks0/base-skycube:test_cube/ui-msgbg:/shot-graft:scope7",
[18:00:41.361] "/a1://///shot-graft:scope7",
[18:00:41.362] {"delta":{"timeline":{"p":{"repeat":0},"actors":{"i3d:cube0_2:scale":[{"dur":10,"p":{"x":1,"y":1,"z":1}}],"i3d:cube0_3:scale":[{"dur":10,"p":{"x":1,"y":1,"z":1}}]}},"branches":{"cube0_2":{"children":{"s0_2_0":{"form":{"type":"'sphere.i3d'","r":5,"color":"blue","transparent":true,"opacity":0.8},"transform":{"e":[0,-0.785,0],"t":[-10,-10,0],"s":[0.01,0.01,0.01]},"children":{}},"s0_2_1":{"form":{"type":"'sphere.i3d'","r":5,"color":"blue","transparent":true,"opacity":0.8},"transform":{"e":[0,0.785,0],"t":[10,10,0],"s":[0.01,0.01,0.01]},"children":{}}}}}}},
[18:00:56.257] {"t":"narrative","f":"change_scene","a":"a2"},
[18:00:56.282] "/a2:/i3d-simple:simple_green/i2d-scene:disks0/base-skycube:test_cube/ui-msgbg:/shot-graft:scope8",
[18:00:56.282] "/a2://///shot-graft:scope8",
[18:00:56.283] {"delta":{"timeline":{"p":{"repeat":0},"actors":{"i3d:s0_2_0:scale":[{"dur":10,"p":{"x":1,"y":1,"z":1}}],"i3d:s0_2_1:scale":[{"dur":10,"p":{"x":1,"y":1,"z":1}}]}},"branches":{}}},
[18:01:11.257] {"t":"camera3d","f":"dollyflyTo","a":{"x":10,"y":10,"z":-20,"d":4}},
[18:01:11.284] "/a2:/i3d-simple:simple_green/i2d-scene:disks0/base-skycube:test_cube/ui-msgbg:/shot-anim:scope9",
[18:01:11.284] "//////shot-anim:scope9",
[18:01:11.285] {"delta":{"timeline":{"p":{"paused":true,"repeat":0},"actors":{"i3d:csphere:position":[{"dur":4,"p":{"x":10,"y":10,"z":-20,"immediateRender":false}}]}}}},
[18:01:21.257] {"t":"narrative","f":"change_scene","a":"payments"},
[18:01:22.282] "/payments:/i3d-simple:phong_head_sphere_kfb/i2d-empty:/black:/ui-msgbg:/shot-fixed:",
[18:01:22.282] "/payments:/i3d-simple:phong_head_sphere_kfb/i2d-empty:/black://shot-fixed:",
[18:01:22.282] {},
[18:01:36.258] {"t":"camera3d","f":"toggle_csphere","a":{"val":false}},
[18:01:36.292] "/payments:/i3d-simple:phong_head_sphere_kfb/i2d-empty:/black:/ui-msgbg:/shot-fixed:scope11",
[18:01:36.293] "//////shot-fixed:scope11",
[18:01:36.293] {"delta-t":"camera3d","f":"toggle_csphere","a":false},
[18:01:46.258] {"t":"camera3d","f":"toggle_csphere","a":{"val":true}},
[18:01:46.305] "/payments:/i3d-simple:phong_head_sphere_kfb/i2d-empty:/black:/ui-msgbg:/shot-fixed:scope12",
[18:01:46.305] "//////shot-fixed:scope12",
[18:01:46.306] {"delta-t":"camera3d","f":"toggle_csphere","a":true},
[18:01:56.259] {"t":"camera3d","f":"toggle_light","a":{"name":"key","val":false}},
[18:01:56.300] "//////shot-fixed:scope13",
[18:01:56.303] {"delta-t":"camera3d","f":"toggle_light","a":{"name":"key","val":false}},
[18:01:56.299] "/payments:/i3d-simple:phong_head_sphere_kfb/i2d-empty:/black:/ui-msgbg:/shot-fixed:scope13",
[18:02:11.277] {"t":"camera3d","f":"toggle_light","a":{"name":"fill","val":false}},
[18:02:11.301] "/payments:/i3d-simple:phong_head_sphere_kfb/i2d-empty:/black:/ui-msgbg:/shot-fixed:scope14",
[18:02:11.302] "//////shot-fixed:scope14",
[18:02:11.302] {"delta-t":"camera3d","f":"toggle_light","a":{"name":"fill","val":false}},
[18:02:26.285] {"t":"camera3d","f":"toggle_light","a":{"name":"back","val":false}},
[18:02:26.326] "/payments:/i3d-simple:phong_head_sphere_kfb/i2d-empty:/black:/ui-msgbg:/shot-fixed:scope15",
[18:02:26.326] "//////shot-fixed:scope15",
[18:02:26.326] {"delta-t":"camera3d","f":"toggle_light","a":{"name":"back","val":false}},
[18:02:41.284] {"t":"camera3d","f":"toggle_light","a":{"name":"key","val":true}},
[18:02:41.311] "//////shot-fixed:scope16",
[18:02:41.312] {"delta-t":"camera3d","f":"toggle_light","a":{"name":"key","val":true}},
[18:02:41.311] "/payments:/i3d-simple:phong_head_sphere_kfb/i2d-empty:/black:/ui-msgbg:/shot-fixed:scope16",
[18:02:51.287] {"t":"camera3d","f":"toggle_light","a":{"name":"fill","val":true}},
[18:02:51.312] "/payments:/i3d-simple:phong_head_sphere_kfb/i2d-empty:/black:/ui-msgbg:/shot-fixed:scope17",
[18:02:51.313] "//////shot-fixed:scope17",
[18:02:51.314] {"delta-t":"camera3d","f":"toggle_light","a":{"name":"fill","val":true}},
[18:03:06.288] {"t":"camera3d","f":"toggle_light","a":{"name":"back","val":true}},
[18:03:06.318] "/payments:/i3d-simple:phong_head_sphere_kfb/i2d-empty:/black:/ui-msgbg:/shot-fixed:scope18",
[18:03:06.319] "//////shot-fixed:scope18",
[18:03:06.320] {"delta-t":"camera3d","f":"toggle_light","a":{"name":"back","val":true}},
[18:03:16.287] {"t":"narrative","f":"change_scene","a":"a"},
[18:03:16.515] "/a:/i3d-simple:simple_green/i2d-scene:disks0/base-skycube:test_cube/ui-msgbg:/shot-fixed:",
[18:03:16.516] "/a:/i3d-simple:simple_green/i2d-scene:disks0/base-skycube:test_cube//shot-fixed:",
[18:03:16.516] {},
[18:03:31.288] {"t":"narrative","f":"shot","a":"shot-graft:{\"delta\":{\"timeline\":{\"p\":{\"repeat\":0},\"actors\":{\"i3d:cube0:scale\":[{\"dur\":10,\"p\":{\"x\":0.5,\"y\":0.5,\"z\":0.5}}]}},\"branches\":{\"cube0\":{\"children\":{\"cube0_2\":{\"form\":{\"type\":\"'cube.i3d'\",\"x\":0,\"y\":0,\"z\":0,\"textureurl\":\"./images/sky.jpg\",\"w\":5,\"h\":10,\"d\":10,\"color\":\"blue\",\"transparent\":true,\"opacity\":1},\"transform\":{\"t\":[-20,-10,0],\"s\":[0.01,0.01,0.01]},\"children\":{}},\"cube0_3\":{\"form\":{\"type\":\"'cube.i3d'\",\"x\":0,\"y\":-20,\"z\":0,\"textureurl\":\"sky_jpg\",\"w\":5,\"h\":10,\"d\":10,\"color\":\"blue\",\"transparent\":true,\"opacity\":1},\"transform\":{\"t\":[20,0,0],\"s\":[0.01,0.01,0.01]},\"children\":{}}}}}}}"},
[18:03:31.453] "/a:/i3d-simple:simple_green/i2d-scene:disks0/base-skycube:test_cube/ui-msgbg:/shot-graft:scope20",
[18:03:31.453] "//////shot-graft:scope20",
[18:03:31.454] {"delta":{"timeline":{"p":{"repeat":0},"actors":{"i3d:cube0:scale":[{"dur":10,"p":{"x":0.5,"y":0.5,"z":0.5}}]}},"branches":{"cube0":{"children":{"cube0_2":{"form":{"type":"'cube.i3d'","x":0,"y":0,"z":0,"textureurl":"./images/sky.jpg","w":5,"h":10,"d":10,"color":"blue","transparent":true,"opacity":1},"transform":{"t":[-20,-10,0],"s":[0.01,0.01,0.01]},"children":{}},"cube0_3":{"form":{"type":"'cube.i3d'","x":0,"y":-20,"z":0,"textureurl":"sky_jpg","w":5,"h":10,"d":10,"color":"blue","transparent":true,"opacity":1},"transform":{"t":[20,0,0],"s":[0.01,0.01,0.01]},"children":{}}}}}}},
[18:03:46.289] {"t":"narrative","f":"shot","a":"shot-graft:{\"delta\":{\"timeline\":{\"p\":{\"repeat\":0},\"actors\":{\"i3d:cube0_2:scale\":[{\"dur\":10,\"p\":{\"x\":1,\"y\":1,\"z\":1}}],\"i3d:cube0_3:scale\":[{\"dur\":10,\"p\":{\"x\":1,\"y\":1,\"z\":1}}]}},\"branches\":{\"cube0_2\":{\"children\":{\"s0_2_0\":{\"form\":{\"type\":\"'sphere.i3d'\",\"r\":5,\"color\":\"blue\",\"transparent\":true,\"opacity\":0.8},\"transform\":{\"e\":[0,-0.785,0],\"t\":[-10,-10,0],\"s\":[0.01,0.01,0.01]},\"children\":{}},\"s0_2_1\":{\"form\":{\"type\":\"'sphere.i3d'\",\"r\":5,\"color\":\"blue\",\"transparent\":true,\"opacity\":0.8},\"transform\":{\"e\":[0,0.785,0],\"t\":[10,10,0],\"s\":[0.01,0.01,0.01]},\"children\":{}}}}}}}"},
[18:03:46.414] "/a:/i3d-simple:simple_green/i2d-scene:disks0/base-skycube:test_cube/ui-msgbg:/shot-graft:scope21",
[18:03:46.415] {"delta":{"timeline":{"p":{"repeat":0},"actors":{"i3d:cube0_2:scale":[{"dur":10,"p":{"x":1,"y":1,"z":1}}],"i3d:cube0_3:scale":[{"dur":10,"p":{"x":1,"y":1,"z":1}}]}},"branches":{"cube0_2":{"children":{"s0_2_0":{"form":{"type":"'sphere.i3d'","r":5,"color":"blue","transparent":true,"opacity":0.8},"transform":{"e":[0,-0.785,0],"t":[-10,-10,0],"s":[0.01,0.01,0.01]},"children":{}},"s0_2_1":{"form":{"type":"'sphere.i3d'","r":5,"color":"blue","transparent":true,"opacity":0.8},"transform":{"e":[0,0.785,0],"t":[10,10,0],"s":[0.01,0.01,0.01]},"children":{}}}}}}},
[18:03:46.415] "//////shot-graft:scope21",
[18:04:01.291] {"t":"narrative","f":"shot","a":"shot-graft:{\"delta\":{\"timeline\":{\"p\":{\"repeat\":0},\"actors\":{\"i3d:s0_2_0:scale\":[{\"dur\":10,\"p\":{\"x\":1,\"y\":1,\"z\":1}}],\"i3d:s0_2_1:scale\":[{\"dur\":10,\"p\":{\"x\":1,\"y\":1,\"z\":1}}]}},\"branches\":{}}}"},
[18:04:01.316] "/a:/i3d-simple:simple_green/i2d-scene:disks0/base-skycube:test_cube/ui-msgbg:/shot-graft:scope22",
[18:04:01.317] "//////shot-graft:scope22",
[18:04:01.320] {"delta":{"timeline":{"p":{"repeat":0},"actors":{"i3d:s0_2_0:scale":[{"dur":10,"p":{"x":1,"y":1,"z":1}}],"i3d:s0_2_1:scale":[{"dur":10,"p":{"x":1,"y":1,"z":1}}]}},"branches":{}}},
[18:04:11.309] {"t":"camera3d","f":"panflyTo","a":{"r":0.7854,"d":4}},
[18:04:11.338] "/a:/i3d-simple:simple_green/i2d-scene:disks0/base-skycube:test_cube/ui-msgbg:/shot-anim:scope23",
[18:04:11.338] "//////shot-anim:scope23",
[18:04:11.342] {"delta":{"timeline":{"p":{"paused":true,"repeat":0},"actors":{"i3d:camera:rotation":[{"dur":4,"p":{"y":0.7854,"immediateRender":false}}]}}}},
[18:04:26.291] {"t":"narrative","f":"change_scene","a":"footprint"},
[18:04:28.260] "/footprint:/i3d-scene:scene1/i2d-empty:/escher:/ui-msgbg:/shot-fixed:",
[18:04:28.261] "/footprint:/i3d-scene:scene1/i2d-empty:/escher://shot-fixed:",
[18:04:28.262] {},
[18:04:41.294] {"t":"camera3d","f":"panflyTo","a":{"r":0.7854,"d":4}},
[18:04:41.349] "/footprint:/i3d-scene:scene1/i2d-empty:/escher:/ui-msgbg:/shot-anim:scope25",
[18:04:41.349] "//////shot-anim:scope25",
[18:04:41.350] {"delta":{"timeline":{"p":{"paused":true,"repeat":0},"actors":{"i3d:camera:rotation":[{"dur":4,"p":{"y":0.7854,"immediateRender":false}}]}}}},
[18:04:51.296] {"t":"camera3d","f":"tiltflyTo","a":{"r":0.7854,"d":4}},
[18:04:51.366] "/footprint:/i3d-scene:scene1/i2d-empty:/escher:/ui-msgbg:/shot-anim:scope26",
[18:04:51.367] "//////shot-anim:scope26",
[18:04:51.368] {"delta":{"timeline":{"p":{"paused":true,"repeat":0},"actors":{"i3d:camera:rotation":[{"dur":4,"p":{"x":0.7854,"immediateRender":false}}]}}}},
[18:05:01.294] {"t":"camera3d","f":"billboardsFaceCamera"},
[18:05:01.330] "/footprint:/i3d-scene:scene1/i2d-empty:/escher:/ui-msgbg:/shot-fixed:scope27",
[18:05:01.331] "//////shot-fixed:scope27",
[18:05:01.331] {"delta-t":"camera3d","f":"billboardsFaceCamera"},
[18:05:16.295] {"t":"camera3d","f":"tiltflyBy","a":{"r":-0.7854,"d":4}},
[18:05:16.349] "/footprint:/i3d-scene:scene1/i2d-empty:/escher:/ui-msgbg:/shot-anim:scope28",
[18:05:16.350] "//////shot-anim:scope28",
[18:05:16.350] {"delta":{"timeline":{"p":{"paused":true,"repeat":0},"actors":{"i3d:camera:rotation":[{"dur":4,"p":{"x":0,"immediateRender":false}}]}}}},
[18:05:31.295] {"t":"camera3d","f":"panflyBy","a":{"r":-0.7854,"d":4}},
[18:05:31.338] "/footprint:/i3d-scene:scene1/i2d-empty:/escher:/ui-msgbg:/shot-anim:scope29",
[18:05:31.339] "//////shot-anim:scope29",
[18:05:31.339] {"delta":{"timeline":{"p":{"paused":true,"repeat":0},"actors":{"i3d:camera:rotation":[{"dur":4,"p":{"y":0,"immediateRender":false}}]}}}},
[18:05:41.297] {"t":"narrative","f":"change_scene","a":"circle"},
[18:05:41.781] "/circle:/i3d-simple:simple_red/i2d-scene:disks0/base-skycube:test_cube/ui-msgbg:/shot-graft:a0",
[18:05:41.783] {"delta":{"timeline":[{"id":"cube0_1","dur":10,"p":{"scale":[1,1,1]},"delay":2}],"branches":{"cube0":{"children":{"cube0_2":{"form":{"type":"'cube.i3d'","x":0,"y":0,"z":0,"textureurl":"./images/sky.jpg","w":20,"h":20,"d":20,"color":"blue","transparent":true,"opacity":1},"transform":{"t":[-20,-10,0],"s":[0.25,1,0.25]},"children":{}},"cube0_3":{"form":{"type":"'cube.i3d'","x":0,"y":-20,"z":0,"textureurl":"sky_jpg","w":20,"h":40,"d":20,"color":"blue","transparent":true,"opacity":1},"transform":{"t":[20,0,0],"s":[0.5,1,0.5]},"children":{}}}}}}},
[18:05:41.782] "/circle:/i3d-simple:simple_red/i2d-scene:disks0/base-skycube:test_cube//shot-graft:a0",
[18:05:51.296] {"t":"narrative","f":"change_state","a":"/circle:/i3d-simple:simple_red/i2d-scene:mf2d0/base-skycube:test_cube/ui-msgbg:/shot-fixed:"},
[18:05:51.519] "/circle:/i3d-simple:simple_red/i2d-scene:mf2d0/base-skycube:test_cube/ui-msgbg:/shot-fixed:",
[18:05:51.520] "///i2d-scene:mf2d0///shot-fixed:",
[18:05:51.520] {},
[18:06:06.299] {"t":"narrative","f":"change_scene","a":"stocks"},
[18:06:07.905] "/stocks:/i3d-jsonmodels:phonghead_kfb/i2d-scene:defsuse0/grid:/ui-msgbg:/shot-fixed:",
[18:06:07.905] "/stocks:/i3d-jsonmodels:phonghead_kfb/i2d-scene:defsuse0/grid://",
[18:06:07.906] {},
[18:06:21.297] {"t":"narrative","f":"change_state","a":"///i2d-scene:mf2d0///shot-fixed:"},
[18:06:21.552] "/stocks:/i3d-jsonmodels:phonghead_kfb/i2d-scene:mf2d0/grid:/ui-msgbg:/shot-fixed:",
[18:06:21.552] "///i2d-scene:mf2d0///",
[18:06:21.552] {},
[18:06:31.296] {"t":"camera3d","f":"panflyBy","a":{"r":-0.7854,"d":4}},
[18:06:31.345] "//////shot-anim:scope34",
[18:06:31.346] {"delta":{"timeline":{"p":{"paused":true,"repeat":0},"actors":{"i3d:camera:rotation":[{"dur":4,"p":{"y":-0.7854,"immediateRender":false}}]}}}},
[18:06:31.345] "/stocks:/i3d-jsonmodels:phonghead_kfb/i2d-scene:mf2d0/grid:/ui-msgbg:/shot-anim:scope34",
[18:06:46.302] {"t":"camera2d","f":"zoomflyBy","a":{"s":0.9,"d":3}},
[18:06:46.351] "/stocks:/i3d-jsonmodels:phonghead_kfb/i2d-scene:mf2d0/grid:/ui-msgbg:/shot-anim:scope35",
[18:06:46.351] "//////shot-anim:scope35",
[18:06:46.351] {"delta":{"timeline":{"p":{"paused":true,"repeat":0,"tweens":[]},"actors":{"i2d:zoom_plane":[{"dur":3,"p":{"scale":0.9,"svgOrigin":"0% 0%","immediateRender":false}}]}}}},
[18:07:01.301] {"t":"camera2d","f":"zoomflyTo","a":{"s":2,"d":3}},
[18:07:01.344] "/stocks:/i3d-jsonmodels:phonghead_kfb/i2d-scene:mf2d0/grid:/ui-msgbg:/shot-anim:scope36",
[18:07:01.344] "//////shot-anim:scope36",
[18:07:01.345] {"delta":{"timeline":{"p":{"paused":true,"repeat":0,"tweens":[]},"actors":{"i2d:zoom_plane":[{"dur":3,"p":{"scale":2,"svgOrigin":"0% 0%","immediateRender":false}}]}}}},
[18:07:11.302] {"t":"camera2d","f":"zoomflyTo","a":{"s":0.5,"d":3}},
[18:07:11.359] "/stocks:/i3d-jsonmodels:phonghead_kfb/i2d-scene:mf2d0/grid:/ui-msgbg:/shot-anim:scope37",
[18:07:11.360] "//////shot-anim:scope37",
[18:07:11.360] {"delta":{"timeline":{"p":{"paused":true,"repeat":0,"tweens":[]},"actors":{"i2d:zoom_plane":[{"dur":3,"p":{"scale":0.5,"svgOrigin":"0% 0%","immediateRender":false}}]}}}},
[18:07:26.302] {"t":"camera2d","f":"dollyflyTo","a":{"x":20,"d":3}},
[18:07:26.344] "/stocks:/i3d-jsonmodels:phonghead_kfb/i2d-scene:mf2d0/grid:/ui-msgbg:/shot-anim:scope38",
[18:07:26.345] {"delta":{"timeline":{"p":{"paused":true,"repeat":0,"tweens":[]},"actors":{"i2d:plane":[{"dur":3,"p":{"x":20,"y":0,"immediateRender":false}}]}}}},
[18:07:26.344] "//////shot-anim:scope38",
[18:07:36.303] {"t":"camera2d","f":"center","a":{"d":3}},
[18:07:36.355] "/stocks:/i3d-jsonmodels:phonghead_kfb/i2d-scene:mf2d0/grid:/ui-msgbg:/shot-anim:scope39",
[18:07:36.355] "//////shot-anim:scope39",
[18:07:36.355] {"delta":{"timeline":{"p":{"paused":true,"repeat":0},"actors":{"i2d:plane":[{"dur":3,"p":{"x":0,"y":0,"immediateRender":false}}],"i2d:zoom_plane":[{"dur":3,"p":{"rotation":0,"svgOrigin":"0% 0%","immediateRender":false}}]}}}},
[18:07:51.310] {"t":"camera2d","f":"home","a":{"d":3}},
[18:07:51.358] "/stocks:/i3d-jsonmodels:phonghead_kfb/i2d-scene:mf2d0/grid:/ui-msgbg:/shot-anim:scope40",
[18:07:51.360] "//////shot-anim:scope40",
[18:07:51.360] {"delta":{"timeline":{"p":{"paused":true,"repeat":0},"actors":{"i2d:plane":[{"dur":3,"p":{"x":0,"y":0,"immediateRender":false}}],"i2d:zoom_plane":[{"dur":3,"p":{"rotation":0,"scale":1,"svgOrigin":"0% 0%","immediateRender":false}}]}}}},
[18:08:01.311] {"t":"camera2d","f":"rollflyTo","a":{"r":-90,"d":3}},
[18:08:01.353] "/stocks:/i3d-jsonmodels:phonghead_kfb/i2d-scene:mf2d0/grid:/ui-msgbg:/shot-anim:scope41",
[18:08:01.353] "//////shot-anim:scope41",
[18:08:01.353] {"delta":{"timeline":{"p":{"paused":true,"repeat":0,"tweens":[]},"actors":{"i2d:zoom_plane":[{"dur":3,"p":{"rotation":-90,"svgOrigin":"0% 0%","immediateRender":false}}]}}}},
[18:08:16.315] {"t":"camera2d","f":"rollflyBy","a":{"r":45,"d":3}},
[18:08:16.366] "/stocks:/i3d-jsonmodels:phonghead_kfb/i2d-scene:mf2d0/grid:/ui-msgbg:/shot-anim:scope42",
[18:08:16.367] "//////shot-anim:scope42",
[18:08:16.367] {"delta":{"timeline":{"p":{"paused":true,"repeat":0,"tweens":[]},"actors":{"i2d:zoom_plane":[{"dur":3,"p":{"rotation":-45,"svgOrigin":"0% 0%","immediateRender":false}}]}}}},
[18:08:26.316] {"t":"camera2d","f":"rollflyBy","a":{"r":45,"d":3}},
[18:08:26.382] "/stocks:/i3d-jsonmodels:phonghead_kfb/i2d-scene:mf2d0/grid:/ui-msgbg:/shot-anim:scope43",
[18:08:26.382] "//////shot-anim:scope43",
[18:08:26.382] {"delta":{"timeline":{"p":{"paused":true,"repeat":0,"tweens":[]},"actors":{"i2d:zoom_plane":[{"dur":3,"p":{"rotation":0,"svgOrigin":"0% 0%","immediateRender":false}}]}}}},
[18:08:41.317] {"t":"camera2d","f":"dollyflyTo","a":{"x":20,"d":3}},
[18:08:41.371] "/stocks:/i3d-jsonmodels:phonghead_kfb/i2d-scene:mf2d0/grid:/ui-msgbg:/shot-anim:scope44",
[18:08:41.371] "//////shot-anim:scope44",
[18:08:41.371] {"delta":{"timeline":{"p":{"paused":true,"repeat":0,"tweens":[]},"actors":{"i2d:plane":[{"dur":3,"p":{"x":20,"y":0,"immediateRender":false}}]}}}},
[18:08:51.316] {"t":"camera2d","f":"dollyflyTo","a":{"y":20,"d":3}},
[18:08:51.366] "/stocks:/i3d-jsonmodels:phonghead_kfb/i2d-scene:mf2d0/grid:/ui-msgbg:/shot-anim:scope45",
[18:08:51.367] "//////shot-anim:scope45",
[18:08:51.368] {"delta":{"timeline":{"p":{"paused":true,"repeat":0,"tweens":[]},"actors":{"i2d:plane":[{"dur":3,"p":{"x":20,"y":-20,"immediateRender":false}}]}}}},
[18:09:06.316] {"t":"camera2d","f":"dollyflyTo","a":{"x":0,"d":3}},
[18:09:06.357] "/stocks:/i3d-jsonmodels:phonghead_kfb/i2d-scene:mf2d0/grid:/ui-msgbg:/shot-anim:scope46",
[18:09:06.357] "//////shot-anim:scope46",
[18:09:06.357] {"delta":{"timeline":{"p":{"paused":true,"repeat":0,"tweens":[]},"actors":{"i2d:plane":[{"dur":3,"p":{"x":0,"y":-20,"immediateRender":false}}]}}}},
[18:09:16.321] {"t":"camera2d","f":"dollyflyTo","a":{"y":-40,"d":3}},
[18:09:16.353] "/stocks:/i3d-jsonmodels:phonghead_kfb/i2d-scene:mf2d0/grid:/ui-msgbg:/shot-anim:scope47",
[18:09:16.353] "//////shot-anim:scope47",
[18:09:16.354] {"delta":{"timeline":{"p":{"paused":true,"repeat":0,"tweens":[]},"actors":{"i2d:plane":[{"dur":3,"p":{"x":0,"y":40,"immediateRender":false}}]}}}},
[18:09:31.323] {"t":"camera2d","f":"dollyflyTo","a":{"x":20,"d":3}},
[18:09:31.366] "/stocks:/i3d-jsonmodels:phonghead_kfb/i2d-scene:mf2d0/grid:/ui-msgbg:/shot-anim:scope48",
[18:09:31.366] "//////shot-anim:scope48",
[18:09:31.366] {"delta":{"timeline":{"p":{"paused":true,"repeat":0,"tweens":[]},"actors":{"i2d:plane":[{"dur":3,"p":{"x":20,"y":40,"immediateRender":false}}]}}}},
[18:09:41.323] {"t":"camera2d","f":"dollyflyTo","a":{"x":0,"d":3}},
[18:09:41.381] "/stocks:/i3d-jsonmodels:phonghead_kfb/i2d-scene:mf2d0/grid:/ui-msgbg:/shot-anim:scope49",
[18:09:41.381] "//////shot-anim:scope49",
[18:09:41.381] {"delta":{"timeline":{"p":{"paused":true,"repeat":0,"tweens":[]},"actors":{"i2d:plane":[{"dur":3,"p":{"x":0,"y":40,"immediateRender":false}}]}}}},
[18:09:51.324] {"t":"camera3d","f":"tiltflyTo","a":{"r":-0.7854,"d":3}},
[18:09:51.363] "//////shot-anim:scope50",
[18:09:51.362] "/stocks:/i3d-jsonmodels:phonghead_kfb/i2d-scene:mf2d0/grid:/ui-msgbg:/shot-anim:scope50",
[18:09:51.363] {"delta":{"timeline":{"p":{"paused":true,"repeat":0},"actors":{"i3d:camera:rotation":[{"dur":3,"p":{"x":-0.7854,"immediateRender":false}}]}}}},
[18:10:06.324] {"t":"camera3d","f":"panflyTo","a":{"r":-0.7854,"d":3}},
[18:10:06.370] "//////shot-anim:scope51",
[18:10:06.370] {"delta":{"timeline":{"p":{"paused":true,"repeat":0},"actors":{"i3d:camera:rotation":[{"dur":3,"p":{"y":-0.7854,"immediateRender":false}}]}}}},
[18:10:06.370] "/stocks:/i3d-jsonmodels:phonghead_kfb/i2d-scene:mf2d0/grid:/ui-msgbg:/shot-anim:scope51",
[18:10:16.324] {"t":"camera3d","f":"lookAt"},
[18:10:16.371] "/stocks:/i3d-jsonmodels:phonghead_kfb/i2d-scene:mf2d0/grid:/ui-msgbg:/shot-fixed:scope52",
[18:10:16.371] "//////shot-fixed:scope52",
[18:10:16.372] {"delta-t":"camera3d","f":"lookAt","a":{}},
[18:10:26.325] {"t":"camera3d","f":"dollyflyTo","a":{"x":20,"y":0,"z":0,"d":3}},
[18:10:26.373] "/stocks:/i3d-jsonmodels:phonghead_kfb/i2d-scene:mf2d0/grid:/ui-msgbg:/shot-anim:scope53",
[18:10:26.374] "//////shot-anim:scope53",
[18:10:26.374] {"delta":{"timeline":{"p":{"paused":true,"repeat":0},"actors":{"i3d:csphere:position":[{"dur":3,"p":{"x":20,"y":0,"z":0,"immediateRender":false}}]}}}},
[18:10:41.325] {"t":"camera3d","f":"zoomflyTo","a":{"s":0.5,"d":3}},
[18:10:41.367] "/stocks:/i3d-jsonmodels:phonghead_kfb/i2d-scene:mf2d0/grid:/ui-msgbg:/shot-anim:scope54",
[18:10:41.367] "//////shot-anim:scope54",
[18:10:41.368] {"delta":{"timeline":{"p":{"paused":true,"repeat":0},"actors":{"i3d:csphere:scale":[{"dur":3,"p":{"x":0.5,"y":0.5,"z":0.5,"immediateRender":false}}]}}}},
[18:10:51.325] {"t":"camera3d","f":"zoomflyTo","a":{"s":2,"d":3}},
[18:10:51.368] "/stocks:/i3d-jsonmodels:phonghead_kfb/i2d-scene:mf2d0/grid:/ui-msgbg:/shot-anim:scope55",
[18:10:51.368] "//////shot-anim:scope55",
[18:10:51.368] {"delta":{"timeline":{"p":{"paused":true,"repeat":0},"actors":{"i3d:csphere:scale":[{"dur":3,"p":{"x":2,"y":2,"z":2,"immediateRender":false}}]}}}},
[18:11:06.328] {"t":"camera3d","f":"dollyflyTo","a":{"x":20,"y":20,"z":-20,"d":3}},
[18:11:06.365] "/stocks:/i3d-jsonmodels:phonghead_kfb/i2d-scene:mf2d0/grid:/ui-msgbg:/shot-anim:scope56",
[18:11:06.365] "//////shot-anim:scope56",
[18:11:06.366] {"delta":{"timeline":{"p":{"paused":true,"repeat":0},"actors":{"i3d:csphere:position":[{"dur":3,"p":{"x":20,"y":20,"z":-20,"immediateRender":false}}]}}}},
[18:11:21.326] {"t":"camera3d","f":"zoomflyTo","a":{"s":0.5,"d":3}},
[18:11:21.363] "/stocks:/i3d-jsonmodels:phonghead_kfb/i2d-scene:mf2d0/grid:/ui-msgbg:/shot-anim:scope57",
[18:11:21.363] "//////shot-anim:scope57",
[18:11:21.363] {"delta":{"timeline":{"p":{"paused":true,"repeat":0},"actors":{"i3d:csphere:scale":[{"dur":3,"p":{"x":0.5,"y":0.5,"z":0.5,"immediateRender":false}}]}}}},
[18:11:36.331] {"t":"camera3d","f":"center","a":{"d":3}},
[18:11:36.384] "/stocks:/i3d-jsonmodels:phonghead_kfb/i2d-scene:mf2d0/grid:/ui-msgbg:/shot-anim:scope58",
[18:11:36.385] "//////shot-anim:scope58",
[18:11:36.385] {"delta":{"timeline":{"p":{"paused":true,"repeat":0},"actors":{"i3d:camera:rotation":[{"dur":3,"p":{"x":0,"y":0,"z":0,"immediateRender":false}}],"i3d:csphere:position":[{"dur":3,"p":{"x":0,"y":0,"z":0,"immediateRender":false}}],"i3d:csphere:rotation":[{"dur":3,"p":{"x":0,"y":0,"z":0,"immediateRender":false}}],"i2d:plane":[{"dur":3,"p":{"x":0,"y":0,"immediateRender":false}}],"i2d:zoom_plane":[{"dur":3,"p":{"rotation":0,"svgOrigin":"0% 0%","immediateRender":false}}]}}}},
[18:11:46.331] {"t":"camera3d","f":"home","a":{"d":3}},
[18:11:46.377] "/stocks:/i3d-jsonmodels:phonghead_kfb/i2d-scene:mf2d0/grid:/ui-msgbg:/shot-anim:scope59",
[18:11:46.377] "//////shot-anim:scope59",
[18:11:46.378] {"delta":{"timeline":{"p":{"paused":true,"repeat":0},"actors":{"i3d:camera:rotation":[{"dur":3,"p":{"x":0,"y":0,"z":0,"immediateRender":false}}],"i3d:csphere:position":[{"dur":3,"p":{"x":0,"y":0,"z":0,"immediateRender":false}}],"i3d:csphere:scale":[{"dur":3,"p":{"x":1,"y":1,"z":1,"immediateRender":false}}],"i3d:csphere:rotation":[{"dur":3,"p":{"x":0,"y":0,"z":0,"immediateRender":false}}],"i2d:plane":[{"dur":3,"p":{"x":0,"y":0,"immediateRender":false}}],"i2d:zoom_plane":[{"dur":3,"p":{"rotation":0,"scale":1,"svgOrigin":"0% 0%","immediateRender":false}}]}}}},
[18:12:01.330] {"t":"camera3d","f":"panflyBy","a":{"r":0.7854,"d":3}},
[18:12:01.377] "/stocks:/i3d-jsonmodels:phonghead_kfb/i2d-scene:mf2d0/grid:/ui-msgbg:/shot-anim:scope60",
[18:12:01.377] "//////shot-anim:scope60",
[18:12:01.377] {"delta":{"timeline":{"p":{"paused":true,"repeat":0},"actors":{"i3d:camera:rotation":[{"dur":3,"p":{"y":0.7854,"immediateRender":false}}]}}}},
[18:12:16.331] {"t":"camera3d","f":"tiltflyBy","a":{"r":0.7854,"d":3}},
[18:12:16.378] "/stocks:/i3d-jsonmodels:phonghead_kfb/i2d-scene:mf2d0/grid:/ui-msgbg:/shot-anim:scope61",
[18:12:16.378] "//////shot-anim:scope61",
[18:12:16.379] {"delta":{"timeline":{"p":{"paused":true,"repeat":0},"actors":{"i3d:camera:rotation":[{"dur":3,"p":{"x":0.7854,"immediateRender":false}}]}}}},
[18:12:26.332] {"t":"camera3d","f":"lookAt"},
[18:12:26.373] "/stocks:/i3d-jsonmodels:phonghead_kfb/i2d-scene:mf2d0/grid:/ui-msgbg:/shot-fixed:scope62",
[18:12:26.374] {"delta-t":"camera3d","f":"lookAt","a":{}},
[18:12:26.374] "//////shot-fixed:scope62",
[18:12:36.332] {"t":"camera3d","f":"rollflyTo","a":{"r":-1.57,"d":4}},
[18:12:36.379] "/stocks:/i3d-jsonmodels:phonghead_kfb/i2d-scene:mf2d0/grid:/ui-msgbg:/shot-anim:scope63",
[18:12:36.379] {"delta":{"timeline":{"p":{"paused":true,"repeat":0},"actors":{"i3d:camera:rotation":[{"dur":4,"p":{"z":-1.57,"immediateRender":false}}]}}}},
[18:12:36.379] "//////shot-anim:scope63",
[18:12:51.336] {"t":"camera3d","f":"rollflyBy","a":{"r":0.3927,"d":4}},
[18:12:51.367] "/stocks:/i3d-jsonmodels:phonghead_kfb/i2d-scene:mf2d0/grid:/ui-msgbg:/shot-anim:scope64",
[18:12:51.368] "//////shot-anim:scope64",
[18:12:51.368] {"delta":{"timeline":{"p":{"paused":true,"repeat":0},"actors":{"i3d:camera:rotation":[{"dur":4,"p":{"z":-1.1773,"immediateRender":false}}]}}}},
[18:13:01.336] {"t":"camera3d","f":"rollflyBy","a":{"r":0.3927,"d":4}},
[18:13:01.367] "/stocks:/i3d-jsonmodels:phonghead_kfb/i2d-scene:mf2d0/grid:/ui-msgbg:/shot-anim:scope65",
[18:13:01.367] "//////shot-anim:scope65",
[18:13:01.367] {"delta":{"timeline":{"p":{"paused":true,"repeat":0},"actors":{"i3d:camera:rotation":[{"dur":4,"p":{"z":-0.7846,"immediateRender":false}}]}}}},
[18:13:16.336] {"t":"camera3d","f":"center","a":{"d":3}},
[18:13:16.377] "/stocks:/i3d-jsonmodels:phonghead_kfb/i2d-scene:mf2d0/grid:/ui-msgbg:/shot-anim:scope66",
[18:13:16.377] "//////shot-anim:scope66",
[18:13:16.377] {"delta":{"timeline":{"p":{"paused":true,"repeat":0},"actors":{"i3d:camera:rotation":[{"dur":3,"p":{"x":0,"y":0,"z":0,"immediateRender":false}}],"i3d:csphere:position":[{"dur":3,"p":{"x":0,"y":0,"z":0,"immediateRender":false}}],"i3d:csphere:rotation":[{"dur":3,"p":{"x":0,"y":0,"z":0,"immediateRender":false}}],"i2d:plane":[{"dur":3,"p":{"x":0,"y":0,"immediateRender":false}}],"i2d:zoom_plane":[{"dur":3,"p":{"rotation":0,"svgOrigin":"0% 0%","immediateRender":false}}]}}}},
[18:13:31.346] {"t":"camera3d","f":"yawflyTo","a":{"r":1.57,"d":3}},
[18:13:31.385] "/stocks:/i3d-jsonmodels:phonghead_kfb/i2d-scene:mf2d0/grid:/ui-msgbg:/shot-anim:scope67",
[18:13:31.385] "//////shot-anim:scope67",
[18:13:31.385] {"delta":{"timeline":{"p":{"paused":true,"repeat":0},"actors":{"i3d:csphere:rotation":[{"dur":3,"p":{"y":1.57,"immediateRender":false}}]}}}},
[18:13:41.346] {"t":"camera3d","f":"yawflyBy","a":{"r":-0.7854,"d":3}},
[18:13:41.384] "/stocks:/i3d-jsonmodels:phonghead_kfb/i2d-scene:mf2d0/grid:/ui-msgbg:/shot-anim:scope68",
[18:13:41.384] "//////shot-anim:scope68",
[18:13:41.384] {"delta":{"timeline":{"p":{"paused":true,"repeat":0},"actors":{"i3d:csphere:rotation":[{"dur":3,"p":{"y":0.7846000000000001,"immediateRender":false}}]}}}},
[18:13:56.346] {"t":"camera3d","f":"yawflyBy","a":{"r":-0.7854,"d":3}},
[18:13:56.388] "/stocks:/i3d-jsonmodels:phonghead_kfb/i2d-scene:mf2d0/grid:/ui-msgbg:/shot-anim:scope69",
[18:13:56.388] "//////shot-anim:scope69",
[18:13:56.389] {"delta":{"timeline":{"p":{"paused":true,"repeat":0},"actors":{"i3d:csphere:rotation":[{"dur":3,"p":{"y":-0.0007999999999999119,"immediateRender":false}}]}}}},
[18:14:11.352] {"t":"camera3d","f":"pitchflyTo","a":{"r":-1.57,"d":3}},
[18:14:11.391] "/stocks:/i3d-jsonmodels:phonghead_kfb/i2d-scene:mf2d0/grid:/ui-msgbg:/shot-anim:scope70",
[18:14:11.391] "//////shot-anim:scope70",
[18:14:11.391] {"delta":{"timeline":{"p":{"paused":true,"repeat":0},"actors":{"i3d:csphere:rotation":[{"dur":3,"p":{"x":-1.57,"immediateRender":false}}]}}}},
[18:14:21.353] {"t":"camera3d","f":"pitchflyBy","a":{"r":0.7854,"d":3}},
[18:14:21.392] "/stocks:/i3d-jsonmodels:phonghead_kfb/i2d-scene:mf2d0/grid:/ui-msgbg:/shot-anim:scope71",
[18:14:21.392] "//////shot-anim:scope71",
[18:14:21.392] {"delta":{"timeline":{"p":{"paused":true,"repeat":0},"actors":{"i3d:csphere:rotation":[{"dur":3,"p":{"x":-0.7846000000000001,"immediateRender":false}}]}}}},
[18:14:31.353] {"t":"camera3d","f":"pitchflyBy","a":{"r":0.7854,"d":3}},
[18:14:31.386] "/stocks:/i3d-jsonmodels:phonghead_kfb/i2d-scene:mf2d0/grid:/ui-msgbg:/shot-anim:scope72",
[18:14:31.387] "//////shot-anim:scope72",
[18:14:31.387] {"delta":{"timeline":{"p":{"paused":true,"repeat":0},"actors":{"i3d:csphere:rotation":[{"dur":3,"p":{"x":0.0007999999999999119,"immediateRender":false}}]}}}},
[18:14:41.352] {"t":"camera3d","f":"dollyflyTo","a":{"x":20,"y":-20,"z":-30,"d":3}},
[18:14:41.392] "/stocks:/i3d-jsonmodels:phonghead_kfb/i2d-scene:mf2d0/grid:/ui-msgbg:/shot-anim:scope73",
[18:14:41.393] {"delta":{"timeline":{"p":{"paused":true,"repeat":0},"actors":{"i3d:csphere:position":[{"dur":3,"p":{"x":20,"y":-20,"z":-30,"immediateRender":false}}]}}}},
[18:14:41.392] "//////shot-anim:scope73",
[18:14:56.353] {"t":"camera3d","f":"dollyflyTo","a":{"x":0,"y":0,"z":30,"d":6}},
[18:14:56.394] "/stocks:/i3d-jsonmodels:phonghead_kfb/i2d-scene:mf2d0/grid:/ui-msgbg:/shot-anim:scope74",
[18:14:56.394] "//////shot-anim:scope74",
[18:14:56.395] {"delta":{"timeline":{"p":{"paused":true,"repeat":0},"actors":{"i3d:csphere:position":[{"dur":6,"p":{"x":20,"y":-20,"z":30,"immediateRender":false}}]}}}},
[18:15:06.353] {"t":"camera3d","f":"tiltflyBy","a":{"r":0.7854,"d":3}},
[18:15:06.407] "/stocks:/i3d-jsonmodels:phonghead_kfb/i2d-scene:mf2d0/grid:/ui-msgbg:/shot-anim:scope75",
[18:15:06.407] "//////shot-anim:scope75",
[18:15:06.408] {"delta":{"timeline":{"p":{"paused":true,"repeat":0},"actors":{"i3d:camera:rotation":[{"dur":3,"p":{"x":0.7854,"immediateRender":false}}]}}}},
[18:15:16.353] {"t":"camera3d","f":"zoomflyTo","a":{"s":2,"d":3}},
[18:15:16.402] "/stocks:/i3d-jsonmodels:phonghead_kfb/i2d-scene:mf2d0/grid:/ui-msgbg:/shot-anim:scope76",
[18:15:16.402] {"delta":{"timeline":{"p":{"paused":true,"repeat":0},"actors":{"i3d:csphere:scale":[{"dur":3,"p":{"x":2,"y":2,"z":2,"immediateRender":false}}]}}}},
[18:15:16.402] "//////shot-anim:scope76",
[18:15:31.354] {"t":"camera3d","f":"home","a":{"d":3}},
[18:15:31.393] "/stocks:/i3d-jsonmodels:phonghead_kfb/i2d-scene:mf2d0/grid:/ui-msgbg:/shot-anim:scope77",
[18:15:31.393] "//////shot-anim:scope77",
[18:15:31.393] {"delta":{"timeline":{"p":{"paused":true,"repeat":0},"actors":{"i3d:camera:rotation":[{"dur":3,"p":{"x":0,"y":0,"z":0,"immediateRender":false}}],"i3d:csphere:position":[{"dur":3,"p":{"x":0,"y":0,"z":0,"immediateRender":false}}],"i3d:csphere:scale":[{"dur":3,"p":{"x":1,"y":1,"z":1,"immediateRender":false}}],"i3d:csphere:rotation":[{"dur":3,"p":{"x":0,"y":0,"z":0,"immediateRender":false}}],"i2d:plane":[{"dur":3,"p":{"x":0,"y":0,"immediateRender":false}}],"i2d:zoom_plane":[{"dur":3,"p":{"rotation":0,"scale":1,"svgOrigin":"0% 0%","immediateRender":false}}]}}}},
[18:15:41.355] {"t":"narrative","f":"change_scene","a":"payments"},
[18:15:42.079] "/payments:/i3d-simple:phong_head_sphere_kfb/i2d-empty:/black:/ui-msgbg:/shot-fixed:",
[18:15:42.081] "/payments:/i3d-simple:phong_head_sphere_kfb/i2d-empty:/black://shot-fixed:",
[18:15:42.081] {},
[18:15:56.355] {"t":"narrative","f":"change_state","a":"///i2d-scene:mf2d0///shot-fixed:"},
[18:15:56.607] "/payments:/i3d-simple:phong_head_sphere_kfb/i2d-scene:mf2d0/black:/ui-msgbg:/shot-fixed:",
[18:15:56.608] "///i2d-scene:mf2d0///",
[18:15:56.608] {},
[18:16:11.361] {"t":"camera3d","f":"panflyBy","a":{"r":-0.7854,"d":4}},
[18:16:11.407] "/payments:/i3d-simple:phong_head_sphere_kfb/i2d-scene:mf2d0/black:/ui-msgbg:/shot-anim:scope80",
[18:16:11.407] "//////shot-anim:scope80",
[18:16:11.408] {"delta":{"timeline":{"p":{"paused":true,"repeat":0},"actors":{"i3d:camera:rotation":[{"dur":4,"p":{"y":-0.7854,"immediateRender":false}}]}}}},
[18:16:21.361] {"t":"camera3d","f":"tiltflyBy","a":{"r":-0.7854,"d":4}},
[18:16:21.421] "/payments:/i3d-simple:phong_head_sphere_kfb/i2d-scene:mf2d0/black:/ui-msgbg:/shot-anim:scope81",
[18:16:21.421] "//////shot-anim:scope81",
[18:16:21.421] {"delta":{"timeline":{"p":{"paused":true,"repeat":0},"actors":{"i3d:camera:rotation":[{"dur":4,"p":{"x":-0.7854,"immediateRender":false}}]}}}},
[18:16:36.362] {"t":"narrative","f":"change_state","a":"////base-skycube:test_bg//"},
[18:16:36.495] "////base-skycube:test_bg//shot-fixed:",
[18:16:36.495] {},
[18:16:36.495] "/payments:/i3d-simple:phong_head_sphere_kfb/i2d-scene:mf2d0/base-skycube:test_bg/ui-msgbg:/shot-fixed:",
[18:16:46.362] {"t":"camera3d","f":"panflyTo","a":{"r":0.7854,"d":4}},
[18:16:46.405] "/payments:/i3d-simple:phong_head_sphere_kfb/i2d-scene:mf2d0/base-skycube:test_bg/ui-msgbg:/shot-anim:scope83",
[18:16:46.405] "//////shot-anim:scope83",
[18:16:46.406] {"delta":{"timeline":{"p":{"paused":true,"repeat":0},"actors":{"i3d:camera:rotation":[{"dur":4,"p":{"y":0.7854,"immediateRender":false}}]}}}},
[18:16:56.361] {"t":"narrative","f":"change_state","a":"////base-skycube:no-anim//{}"},
[18:16:56.424] "/payments:/i3d-simple:phong_head_sphere_kfb/i2d-scene:mf2d0/base-skycube:no-anim/ui-msgbg:/shot-fixed:",
[18:16:56.424] "////base-skycube:no-anim//shot-fixed:",
[18:16:56.424] {},
[18:17:11.362] {"t":"camera3d","f":"zoomflyBy","a":{"s":0.3,"d":4}},
[18:17:11.410] "/payments:/i3d-simple:phong_head_sphere_kfb/i2d-scene:mf2d0/base-skycube:no-anim/ui-msgbg:/shot-anim:scope85",
[18:17:11.411] {"delta":{"timeline":{"p":{"paused":true,"repeat":0},"actors":{"i3d:csphere:scale":[{"dur":4,"p":{"x":0.3,"y":0.3,"z":0.3,"immediateRender":false}}]}}}},
[18:17:11.410] "//////shot-anim:scope85",
[18:17:21.363] {"t":"camera3d","f":"center","a":{"d":3}},
[18:17:21.406] "/payments:/i3d-simple:phong_head_sphere_kfb/i2d-scene:mf2d0/base-skycube:no-anim/ui-msgbg:/shot-anim:scope86",
[18:17:21.406] "//////shot-anim:scope86",
[18:17:21.406] {"delta":{"timeline":{"p":{"paused":true,"repeat":0},"actors":{"i3d:camera:rotation":[{"dur":3,"p":{"x":0,"y":0,"z":0,"immediateRender":false}}],"i3d:csphere:position":[{"dur":3,"p":{"x":0,"y":0,"z":0,"immediateRender":false}}],"i3d:csphere:rotation":[{"dur":3,"p":{"x":0,"y":0,"z":0,"immediateRender":false}}],"i2d:plane":[{"dur":3,"p":{"x":0,"y":0,"immediateRender":false}}],"i2d:zoom_plane":[{"dur":3,"p":{"rotation":0,"svgOrigin":"0% 0%","immediateRender":false}}]}}}},
[18:17:36.366] {"t":"camera3d","f":"home","a":{"d":3}},
[18:17:36.416] "/payments:/i3d-simple:phong_head_sphere_kfb/i2d-scene:mf2d0/base-skycube:no-anim/ui-msgbg:/shot-anim:scope87",
[18:17:36.416] "//////shot-anim:scope87",
[18:17:36.417] {"delta":{"timeline":{"p":{"paused":true,"repeat":0},"actors":{"i3d:camera:rotation":[{"dur":3,"p":{"x":0,"y":0,"z":0,"immediateRender":false}}],"i3d:csphere:position":[{"dur":3,"p":{"x":0,"y":0,"z":0,"immediateRender":false}}],"i3d:csphere:scale":[{"dur":3,"p":{"x":1,"y":1,"z":1,"immediateRender":false}}],"i3d:csphere:rotation":[{"dur":3,"p":{"x":0,"y":0,"z":0,"immediateRender":false}}],"i2d:plane":[{"dur":3,"p":{"x":0,"y":0,"immediateRender":false}}],"i2d:zoom_plane":[{"dur":3,"p":{"rotation":0,"scale":1,"svgOrigin":"0% 0%","immediateRender":false}}]}}}},
[18:17:51.367] {"t":"narrative","f":"change_state","a":"////videocam://shot-fixed:"},
[18:17:51.453] "/payments:/i3d-simple:phong_head_sphere_kfb/i2d-scene:mf2d0/videocam:/ui-msgbg:/shot-fixed:",
[18:17:51.453] {},
[18:17:51.453] "////videocam://shot-fixed:",
