[18:30:08.038] {"t":"camera3d","f":"panflyTo","a":{"r":-0.7854,"d":3}},
[18:30:08.073] "/metaweb:/i3d-empty:/i2d-reflect:/empty:/ui-msgbg:/shot-anim:scope0",
[18:30:08.073] "//////shot-anim:scope0",
[18:30:08.073] {"delta":{"timeline":{"p":{"paused":true,"repeat":0},"actors":{"i3d:camera:rotation":[{"dur":3,"p":{"y":-0.7854,"immediateRender":false}}]}}}},
[18:30:18.036] {"t":"camera3d","f":"lookAt"},
[18:30:18.066] "/metaweb:/i3d-empty:/i2d-reflect:/empty:/ui-msgbg:/shot-fixed:scope1",
[18:30:18.067] "//////shot-fixed:scope1",
[18:30:18.068] {"delta-t":"camera3d","f":"lookAt","a":{}},
[18:30:33.038] {"t":"camera3d","f":"panflyTo","a":{"r":-0.7854,"d":3}},
[18:30:33.064] "/metaweb:/i3d-empty:/i2d-reflect:/empty:/ui-msgbg:/shot-anim:scope2",
[18:30:33.065] "//////shot-anim:scope2",
[18:30:33.065] {"delta":{"timeline":{"p":{"paused":true,"repeat":0},"actors":{"i3d:camera:rotation":[{"dur":3,"p":{"y":-0.7854,"immediateRender":false}}]}}}},
[18:30:43.038] {"t":"camera3d","f":"home","a":{"d":3}},
[18:30:43.052] "/metaweb:/i3d-empty:/i2d-reflect:/empty:/ui-msgbg:/shot-anim:scope3",
[18:30:43.054] "//////shot-anim:scope3",
[18:30:43.055] {"delta":{"timeline":{"p":{"paused":true,"repeat":0},"actors":{"i3d:camera:rotation":[{"dur":3,"p":{"x":0,"y":0,"z":0,"immediateRender":false}}],"i3d:csphere:position":[{"dur":3,"p":{"x":0,"y":0,"z":0,"immediateRender":false}}],"i3d:csphere:scale":[{"dur":3,"p":{"x":1,"y":1,"z":1,"immediateRender":false}}],"i3d:csphere:rotation":[{"dur":3,"p":{"x":0,"y":0,"z":0,"immediateRender":false}}],"i2d:plane":[{"dur":3,"p":{"x":0,"y":0,"immediateRender":false}}],"i2d:zoom_plane":[{"dur":3,"p":{"rotation":0,"scale":1,"svgOrigin":"0% 0%","immediateRender":false}}]}}}},
[18:30:58.039] {"t":"camera3d","f":"panflyTo","a":{"r":0,"d":3}},
[18:30:58.083] "/metaweb:/i3d-empty:/i2d-reflect:/empty:/ui-msgbg:/shot-anim:scope4",
[18:30:58.083] "//////shot-anim:scope4",
[18:30:58.083] {"delta":{"timeline":{"p":{"paused":true,"repeat":0},"actors":{"i3d:camera:rotation":[{"dur":3,"p":{"y":0,"immediateRender":false}}]}}}},
[18:31:13.038] {"t":"narrative","f":"change_scene","a":"a"},
[18:31:13.301] "/a:/i3d-simple:simple_green/i2d-scene:disks0/base-skycube:test_cube/ui-msgbg:/shot-fixed:",
[18:31:13.301] "/a:/i3d-simple:simple_green/i2d-scene:disks0/base-skycube:test_cube//shot-fixed:",
[18:31:13.301] {},
[18:31:23.042] {"t":"narrative","f":"change_scene","a":"a0"},
[18:31:23.185] "/a0:/i3d-simple:simple_green/i2d-scene:disks0/base-skycube:test_cube/ui-msgbg:/shot-graft:scope6",
[18:31:23.186] "/a0://///shot-graft:scope6",
[18:31:23.188] {"delta":{"timeline":{"p":{"repeat":0},"actors":{"i3d:cube0:scale":[{"dur":10,"p":{"x":0.5,"y":0.5,"z":0.5}}]}},"branches":{"cube0":{"children":{"cube0_2":{"form":{"type":"'cube.i3d'","x":0,"y":0,"z":0,"textureurl":"./images/sky.jpg","w":5,"h":10,"d":10,"color":"blue","transparent":true,"opacity":1},"transform":{"t":[-20,-10,0],"s":[0.01,0.01,0.01]},"children":{}},"cube0_3":{"form":{"type":"'cube.i3d'","x":0,"y":-20,"z":0,"textureurl":"sky_jpg","w":5,"h":10,"d":10,"color":"blue","transparent":true,"opacity":1},"transform":{"t":[20,0,0],"s":[0.01,0.01,0.01]},"children":{}}}}}}},
[18:31:38.040] {"t":"narrative","f":"change_scene","a":"a1"},
[18:31:38.129] "/a1:/i3d-simple:simple_green/i2d-scene:disks0/base-skycube:test_cube/ui-msgbg:/shot-graft:scope7",
[18:31:38.129] "/a1://///shot-graft:scope7",
[18:31:38.131] {"delta":{"timeline":{"p":{"repeat":0},"actors":{"i3d:cube0_2:scale":[{"dur":10,"p":{"x":1,"y":1,"z":1}}],"i3d:cube0_3:scale":[{"dur":10,"p":{"x":1,"y":1,"z":1}}]}},"branches":{"cube0_2":{"children":{"s0_2_0":{"form":{"type":"'sphere.i3d'","r":5,"color":"blue","transparent":true,"opacity":0.8},"transform":{"e":[0,-0.785,0],"t":[-10,-10,0],"s":[0.01,0.01,0.01]},"children":{}},"s0_2_1":{"form":{"type":"'sphere.i3d'","r":5,"color":"blue","transparent":true,"opacity":0.8},"transform":{"e":[0,0.785,0],"t":[10,10,0],"s":[0.01,0.01,0.01]},"children":{}}}}}}},
[18:31:53.042] {"t":"narrative","f":"change_scene","a":"a2"},
[18:31:53.058] "/a2:/i3d-simple:simple_green/i2d-scene:disks0/base-skycube:test_cube/ui-msgbg:/shot-graft:scope8",
[18:31:53.059] {"delta":{"timeline":{"p":{"repeat":0},"actors":{"i3d:s0_2_0:scale":[{"dur":10,"p":{"x":1,"y":1,"z":1}}],"i3d:s0_2_1:scale":[{"dur":10,"p":{"x":1,"y":1,"z":1}}]}},"branches":{}}},
[18:31:53.058] "/a2://///shot-graft:scope8",
[18:32:03.036] {"t":"camera3d","f":"dollyflyTo","a":{"x":10,"y":10,"z":-20,"d":4}},
[18:32:03.075] "/a2:/i3d-simple:simple_green/i2d-scene:disks0/base-skycube:test_cube/ui-msgbg:/shot-anim:scope9",
[18:32:03.076] "//////shot-anim:scope9",
[18:32:03.076] {"delta":{"timeline":{"p":{"paused":true,"repeat":0},"actors":{"i3d:csphere:position":[{"dur":4,"p":{"x":10,"y":10,"z":-20,"immediateRender":false}}]}}}},
[18:32:13.065] {"t":"narrative","f":"change_scene","a":"payments"},
[18:32:14.056] "/payments:/i3d-simple:phong_head_sphere_kfb/i2d-empty:/black:/ui-msgbg:/shot-fixed:",
[18:32:14.056] "/payments:/i3d-simple:phong_head_sphere_kfb/i2d-empty:/black://shot-fixed:",
[18:32:14.056] {},
[18:32:23.065] {"t":"camera3d","f":"toggle_csphere","a":{"val":false}},
[18:32:23.128] "/payments:/i3d-simple:phong_head_sphere_kfb/i2d-empty:/black:/ui-msgbg:/shot-fixed:scope11",
[18:32:23.129] "//////shot-fixed:scope11",
[18:32:23.130] {"delta-t":"camera3d","f":"toggle_csphere","a":false},
[18:32:38.066] {"t":"camera3d","f":"toggle_csphere","a":{"val":true}},
[18:32:38.110] "/payments:/i3d-simple:phong_head_sphere_kfb/i2d-empty:/black:/ui-msgbg:/shot-fixed:scope12",
[18:32:38.111] "//////shot-fixed:scope12",
[18:32:38.111] {"delta-t":"camera3d","f":"toggle_csphere","a":true},
[18:32:48.066] {"t":"camera3d","f":"toggle_light","a":{"name":"key","val":false}},
[18:32:48.082] "//////shot-fixed:scope13",
[18:32:48.082] "/payments:/i3d-simple:phong_head_sphere_kfb/i2d-empty:/black:/ui-msgbg:/shot-fixed:scope13",
[18:32:48.082] {"delta-t":"camera3d","f":"toggle_light","a":{"name":"key","val":false}},
[18:33:03.068] {"t":"camera3d","f":"toggle_light","a":{"name":"fill","val":false}},
[18:33:03.100] "/payments:/i3d-simple:phong_head_sphere_kfb/i2d-empty:/black:/ui-msgbg:/shot-fixed:scope14",
[18:33:03.103] {"delta-t":"camera3d","f":"toggle_light","a":{"name":"fill","val":false}},
[18:33:03.103] "//////shot-fixed:scope14",
[18:33:13.068] {"t":"camera3d","f":"toggle_light","a":{"name":"back","val":false}},
[18:33:13.120] "/payments:/i3d-simple:phong_head_sphere_kfb/i2d-empty:/black:/ui-msgbg:/shot-fixed:scope15",
[18:33:13.120] "//////shot-fixed:scope15",
[18:33:13.120] {"delta-t":"camera3d","f":"toggle_light","a":{"name":"back","val":false}},
[18:33:28.067] {"t":"camera3d","f":"toggle_light","a":{"name":"key","val":true}},
[18:33:28.089] "//////shot-fixed:scope16",
[18:33:28.090] {"delta-t":"camera3d","f":"toggle_light","a":{"name":"key","val":true}},
[18:33:28.088] "/payments:/i3d-simple:phong_head_sphere_kfb/i2d-empty:/black:/ui-msgbg:/shot-fixed:scope16",
[18:33:38.070] {"t":"camera3d","f":"toggle_light","a":{"name":"fill","val":true}},
[18:33:38.086] "/payments:/i3d-simple:phong_head_sphere_kfb/i2d-empty:/black:/ui-msgbg:/shot-fixed:scope17",
[18:33:38.086] "//////shot-fixed:scope17",
[18:33:38.086] {"delta-t":"camera3d","f":"toggle_light","a":{"name":"fill","val":true}},
[18:33:53.076] {"t":"camera3d","f":"toggle_light","a":{"name":"back","val":true}},
[18:33:53.118] "/payments:/i3d-simple:phong_head_sphere_kfb/i2d-empty:/black:/ui-msgbg:/shot-fixed:scope18",
[18:33:53.118] "//////shot-fixed:scope18",
[18:33:53.119] {"delta-t":"camera3d","f":"toggle_light","a":{"name":"back","val":true}},
[18:34:08.073] {"t":"narrative","f":"change_scene","a":"a"},
[18:34:08.288] "/a:/i3d-simple:simple_green/i2d-scene:disks0/base-skycube:test_cube/ui-msgbg:/shot-fixed:",
[18:34:08.290] "/a:/i3d-simple:simple_green/i2d-scene:disks0/base-skycube:test_cube//shot-fixed:",
[18:34:08.291] {},
[18:34:23.075] {"t":"narrative","f":"shot","a":"shot-graft:{\"delta\":{\"timeline\":{\"p\":{\"repeat\":0},\"actors\":{\"i3d:cube0:scale\":[{\"dur\":10,\"p\":{\"x\":0.5,\"y\":0.5,\"z\":0.5}}]}},\"branches\":{\"cube0\":{\"children\":{\"cube0_2\":{\"form\":{\"type\":\"'cube.i3d'\",\"x\":0,\"y\":0,\"z\":0,\"textureurl\":\"./images/sky.jpg\",\"w\":5,\"h\":10,\"d\":10,\"color\":\"blue\",\"transparent\":true,\"opacity\":1},\"transform\":{\"t\":[-20,-10,0],\"s\":[0.01,0.01,0.01]},\"children\":{}},\"cube0_3\":{\"form\":{\"type\":\"'cube.i3d'\",\"x\":0,\"y\":-20,\"z\":0,\"textureurl\":\"sky_jpg\",\"w\":5,\"h\":10,\"d\":10,\"color\":\"blue\",\"transparent\":true,\"opacity\":1},\"transform\":{\"t\":[20,0,0],\"s\":[0.01,0.01,0.01]},\"children\":{}}}}}}}"},
[18:34:23.234] "/a:/i3d-simple:simple_green/i2d-scene:disks0/base-skycube:test_cube/ui-msgbg:/shot-graft:scope20",
[18:34:23.234] "//////shot-graft:scope20",
[18:34:23.236] {"delta":{"timeline":{"p":{"repeat":0},"actors":{"i3d:cube0:scale":[{"dur":10,"p":{"x":0.5,"y":0.5,"z":0.5}}]}},"branches":{"cube0":{"children":{"cube0_2":{"form":{"type":"'cube.i3d'","x":0,"y":0,"z":0,"textureurl":"./images/sky.jpg","w":5,"h":10,"d":10,"color":"blue","transparent":true,"opacity":1},"transform":{"t":[-20,-10,0],"s":[0.01,0.01,0.01]},"children":{}},"cube0_3":{"form":{"type":"'cube.i3d'","x":0,"y":-20,"z":0,"textureurl":"sky_jpg","w":5,"h":10,"d":10,"color":"blue","transparent":true,"opacity":1},"transform":{"t":[20,0,0],"s":[0.01,0.01,0.01]},"children":{}}}}}}},
[18:34:33.068] {"t":"narrative","f":"shot","a":"shot-graft:{\"delta\":{\"timeline\":{\"p\":{\"repeat\":0},\"actors\":{\"i3d:cube0_2:scale\":[{\"dur\":10,\"p\":{\"x\":1,\"y\":1,\"z\":1}}],\"i3d:cube0_3:scale\":[{\"dur\":10,\"p\":{\"x\":1,\"y\":1,\"z\":1}}]}},\"branches\":{\"cube0_2\":{\"children\":{\"s0_2_0\":{\"form\":{\"type\":\"'sphere.i3d'\",\"r\":5,\"color\":\"blue\",\"transparent\":true,\"opacity\":0.8},\"transform\":{\"e\":[0,-0.785,0],\"t\":[-10,-10,0],\"s\":[0.01,0.01,0.01]},\"children\":{}},\"s0_2_1\":{\"form\":{\"type\":\"'sphere.i3d'\",\"r\":5,\"color\":\"blue\",\"transparent\":true,\"opacity\":0.8},\"transform\":{\"e\":[0,0.785,0],\"t\":[10,10,0],\"s\":[0.01,0.01,0.01]},\"children\":{}}}}}}}"},
[18:34:33.198] "/a:/i3d-simple:simple_green/i2d-scene:disks0/base-skycube:test_cube/ui-msgbg:/shot-graft:scope21",
[18:34:33.198] "//////shot-graft:scope21",
[18:34:33.199] {"delta":{"timeline":{"p":{"repeat":0},"actors":{"i3d:cube0_2:scale":[{"dur":10,"p":{"x":1,"y":1,"z":1}}],"i3d:cube0_3:scale":[{"dur":10,"p":{"x":1,"y":1,"z":1}}]}},"branches":{"cube0_2":{"children":{"s0_2_0":{"form":{"type":"'sphere.i3d'","r":5,"color":"blue","transparent":true,"opacity":0.8},"transform":{"e":[0,-0.785,0],"t":[-10,-10,0],"s":[0.01,0.01,0.01]},"children":{}},"s0_2_1":{"form":{"type":"'sphere.i3d'","r":5,"color":"blue","transparent":true,"opacity":0.8},"transform":{"e":[0,0.785,0],"t":[10,10,0],"s":[0.01,0.01,0.01]},"children":{}}}}}}},
[18:34:48.196] {"t":"narrative","f":"shot","a":"shot-graft:{\"delta\":{\"timeline\":{\"p\":{\"repeat\":0},\"actors\":{\"i3d:s0_2_0:scale\":[{\"dur\":10,\"p\":{\"x\":1,\"y\":1,\"z\":1}}],\"i3d:s0_2_1:scale\":[{\"dur\":10,\"p\":{\"x\":1,\"y\":1,\"z\":1}}]}},\"branches\":{}}}"},
[18:34:48.242] "/a:/i3d-simple:simple_green/i2d-scene:disks0/base-skycube:test_cube/ui-msgbg:/shot-graft:scope22",
[18:34:48.243] "//////shot-graft:scope22",
[18:34:48.244] {"delta":{"timeline":{"p":{"repeat":0},"actors":{"i3d:s0_2_0:scale":[{"dur":10,"p":{"x":1,"y":1,"z":1}}],"i3d:s0_2_1:scale":[{"dur":10,"p":{"x":1,"y":1,"z":1}}]}},"branches":{}}},
[18:34:58.194] {"t":"camera3d","f":"panflyTo","a":{"r":0.7854,"d":4}},
[18:34:58.226] "/a:/i3d-simple:simple_green/i2d-scene:disks0/base-skycube:test_cube/ui-msgbg:/shot-anim:scope23",
[18:34:58.226] "//////shot-anim:scope23",
[18:34:58.226] {"delta":{"timeline":{"p":{"paused":true,"repeat":0},"actors":{"i3d:camera:rotation":[{"dur":4,"p":{"y":0.7854,"immediateRender":false}}]}}}},
[18:35:13.227] {"t":"narrative","f":"change_scene","a":"footprint"},
[18:35:15.069] "/footprint:/i3d-scene:scene1/i2d-empty:/escher:/ui-msgbg:/shot-fixed:",
[18:35:15.071] "/footprint:/i3d-scene:scene1/i2d-empty:/escher://shot-fixed:",
[18:35:15.071] {},
[18:35:23.228] {"t":"camera3d","f":"panflyTo","a":{"r":0.7854,"d":4}},
[18:35:23.264] "/footprint:/i3d-scene:scene1/i2d-empty:/escher:/ui-msgbg:/shot-anim:scope25",
[18:35:23.265] {"delta":{"timeline":{"p":{"paused":true,"repeat":0},"actors":{"i3d:camera:rotation":[{"dur":4,"p":{"y":0.7854,"immediateRender":false}}]}}}},
[18:35:23.264] "//////shot-anim:scope25",
[18:35:38.242] {"t":"camera3d","f":"tiltflyTo","a":{"r":0.7854,"d":4}},
[18:35:38.307] "/footprint:/i3d-scene:scene1/i2d-empty:/escher:/ui-msgbg:/shot-anim:scope26",
[18:35:38.308] "//////shot-anim:scope26",
[18:35:38.308] {"delta":{"timeline":{"p":{"paused":true,"repeat":0},"actors":{"i3d:camera:rotation":[{"dur":4,"p":{"x":0.7854,"immediateRender":false}}]}}}},
[18:35:48.239] {"t":"camera3d","f":"billboardsFaceCamera"},
[18:35:48.295] "/footprint:/i3d-scene:scene1/i2d-empty:/escher:/ui-msgbg:/shot-fixed:scope27",
[18:35:48.296] {"delta-t":"camera3d","f":"billboardsFaceCamera"},
[18:35:48.296] "//////shot-fixed:scope27",
[18:36:03.240] {"t":"camera3d","f":"tiltflyBy","a":{"r":-0.7854,"d":4}},
[18:36:03.276] "/footprint:/i3d-scene:scene1/i2d-empty:/escher:/ui-msgbg:/shot-anim:scope28",
[18:36:03.277] {"delta":{"timeline":{"p":{"paused":true,"repeat":0},"actors":{"i3d:camera:rotation":[{"dur":4,"p":{"x":0,"immediateRender":false}}]}}}},
[18:36:03.277] "//////shot-anim:scope28",
[18:36:18.246] {"t":"camera3d","f":"panflyBy","a":{"r":-0.7854,"d":4}},
[18:36:18.295] "/footprint:/i3d-scene:scene1/i2d-empty:/escher:/ui-msgbg:/shot-anim:scope29",
[18:36:18.296] "//////shot-anim:scope29",
[18:36:18.296] {"delta":{"timeline":{"p":{"paused":true,"repeat":0},"actors":{"i3d:camera:rotation":[{"dur":4,"p":{"y":0,"immediateRender":false}}]}}}},
[18:36:33.245] {"t":"narrative","f":"change_scene","a":"circle"},
[18:36:33.703] "/circle:/i3d-simple:simple_red/i2d-scene:disks0/base-skycube:test_cube/ui-msgbg:/shot-graft:a0",
[18:36:33.703] "/circle:/i3d-simple:simple_red/i2d-scene:disks0/base-skycube:test_cube//shot-graft:a0",
[18:36:33.704] {"delta":{"timeline":[{"id":"cube0_1","dur":10,"p":{"scale":[1,1,1]},"delay":2}],"branches":{"cube0":{"children":{"cube0_2":{"form":{"type":"'cube.i3d'","x":0,"y":0,"z":0,"textureurl":"./images/sky.jpg","w":20,"h":20,"d":20,"color":"blue","transparent":true,"opacity":1},"transform":{"t":[-20,-10,0],"s":[0.25,1,0.25]},"children":{}},"cube0_3":{"form":{"type":"'cube.i3d'","x":0,"y":-20,"z":0,"textureurl":"sky_jpg","w":20,"h":40,"d":20,"color":"blue","transparent":true,"opacity":1},"transform":{"t":[20,0,0],"s":[0.5,1,0.5]},"children":{}}}}}}},
[18:36:43.246] {"t":"narrative","f":"change_state","a":"/circle:/i3d-simple:simple_red/i2d-scene:mf2d0/base-skycube:test_cube/ui-msgbg:/shot-fixed:"},
[18:36:43.449] "/circle:/i3d-simple:simple_red/i2d-scene:mf2d0/base-skycube:test_cube/ui-msgbg:/shot-fixed:",
[18:36:43.451] {},
[18:36:43.451] "///i2d-scene:mf2d0///shot-fixed:",
[18:36:58.254] {"t":"narrative","f":"change_scene","a":"stocks"},
[18:37:00.101] "/stocks:/i3d-jsonmodels:phonghead_kfb/i2d-scene:defsuse0/grid:/ui-msgbg:/shot-fixed:",
[18:37:00.102] "/stocks:/i3d-jsonmodels:phonghead_kfb/i2d-scene:defsuse0/grid://",
[18:37:00.102] {},
[18:37:08.255] {"t":"narrative","f":"change_state","a":"///i2d-scene:mf2d0///shot-fixed:"},
[18:37:08.515] "/stocks:/i3d-jsonmodels:phonghead_kfb/i2d-scene:mf2d0/grid:/ui-msgbg:/shot-fixed:",
[18:37:08.515] "///i2d-scene:mf2d0///",
[18:37:08.515] {},
[18:37:23.255] {"t":"camera3d","f":"panflyBy","a":{"r":-0.7854,"d":4}},
[18:37:23.294] "/stocks:/i3d-jsonmodels:phonghead_kfb/i2d-scene:mf2d0/grid:/ui-msgbg:/shot-anim:scope34",
[18:37:23.294] "//////shot-anim:scope34",
[18:37:23.294] {"delta":{"timeline":{"p":{"paused":true,"repeat":0},"actors":{"i3d:camera:rotation":[{"dur":4,"p":{"y":-0.7854,"immediateRender":false}}]}}}},
[18:37:38.256] {"t":"camera2d","f":"zoomflyBy","a":{"s":0.9,"d":3}},
[18:37:38.301] "//////shot-anim:scope35",
[18:37:38.301] {"delta":{"timeline":{"p":{"paused":true,"repeat":0,"tweens":[]},"actors":{"i2d:zoom_plane":[{"dur":3,"p":{"scale":0.9,"svgOrigin":"0% 0%","immediateRender":false}}]}}}},
[18:37:38.301] "/stocks:/i3d-jsonmodels:phonghead_kfb/i2d-scene:mf2d0/grid:/ui-msgbg:/shot-anim:scope35",
[18:37:48.256] {"t":"camera2d","f":"zoomflyTo","a":{"s":2,"d":3}},
[18:37:48.302] "/stocks:/i3d-jsonmodels:phonghead_kfb/i2d-scene:mf2d0/grid:/ui-msgbg:/shot-anim:scope36",
[18:37:48.303] "//////shot-anim:scope36",
[18:37:48.303] {"delta":{"timeline":{"p":{"paused":true,"repeat":0,"tweens":[]},"actors":{"i2d:zoom_plane":[{"dur":3,"p":{"scale":2,"svgOrigin":"0% 0%","immediateRender":false}}]}}}},
[18:37:58.259] {"t":"camera2d","f":"zoomflyTo","a":{"s":0.5,"d":3}},
[18:37:58.300] "/stocks:/i3d-jsonmodels:phonghead_kfb/i2d-scene:mf2d0/grid:/ui-msgbg:/shot-anim:scope37",
[18:37:58.301] "//////shot-anim:scope37",
[18:37:58.301] {"delta":{"timeline":{"p":{"paused":true,"repeat":0,"tweens":[]},"actors":{"i2d:zoom_plane":[{"dur":3,"p":{"scale":0.5,"svgOrigin":"0% 0%","immediateRender":false}}]}}}},
[18:38:13.257] {"t":"camera2d","f":"dollyflyTo","a":{"x":20,"d":3}},
[18:38:13.301] "/stocks:/i3d-jsonmodels:phonghead_kfb/i2d-scene:mf2d0/grid:/ui-msgbg:/shot-anim:scope38",
[18:38:13.301] {"delta":{"timeline":{"p":{"paused":true,"repeat":0,"tweens":[]},"actors":{"i2d:plane":[{"dur":3,"p":{"x":20,"y":0,"immediateRender":false}}]}}}},
[18:38:13.301] "//////shot-anim:scope38",
[18:38:23.258] {"t":"camera2d","f":"center","a":{"d":3}},
[18:38:23.309] "/stocks:/i3d-jsonmodels:phonghead_kfb/i2d-scene:mf2d0/grid:/ui-msgbg:/shot-anim:scope39",
[18:38:23.309] "//////shot-anim:scope39",
[18:38:23.309] {"delta":{"timeline":{"p":{"paused":true,"repeat":0},"actors":{"i2d:plane":[{"dur":3,"p":{"x":0,"y":0,"immediateRender":false}}],"i2d:zoom_plane":[{"dur":3,"p":{"rotation":0,"svgOrigin":"0% 0%","immediateRender":false}}]}}}},
[18:38:33.259] {"t":"camera2d","f":"home","a":{"d":3}},
[18:38:33.299] "/stocks:/i3d-jsonmodels:phonghead_kfb/i2d-scene:mf2d0/grid:/ui-msgbg:/shot-anim:scope40",
[18:38:33.299] "//////shot-anim:scope40",
[18:38:33.300] {"delta":{"timeline":{"p":{"paused":true,"repeat":0},"actors":{"i2d:plane":[{"dur":3,"p":{"x":0,"y":0,"immediateRender":false}}],"i2d:zoom_plane":[{"dur":3,"p":{"rotation":0,"scale":1,"svgOrigin":"0% 0%","immediateRender":false}}]}}}},
[18:38:48.263] {"t":"camera2d","f":"rollflyTo","a":{"r":-90,"d":3}},
[18:38:48.301] "/stocks:/i3d-jsonmodels:phonghead_kfb/i2d-scene:mf2d0/grid:/ui-msgbg:/shot-anim:scope41",
[18:38:48.301] "//////shot-anim:scope41",
[18:38:48.301] {"delta":{"timeline":{"p":{"paused":true,"repeat":0,"tweens":[]},"actors":{"i2d:zoom_plane":[{"dur":3,"p":{"rotation":-90,"svgOrigin":"0% 0%","immediateRender":false}}]}}}},
[18:39:03.264] {"t":"camera2d","f":"rollflyBy","a":{"r":45,"d":3}},
[18:39:03.305] {"delta":{"timeline":{"p":{"paused":true,"repeat":0,"tweens":[]},"actors":{"i2d:zoom_plane":[{"dur":3,"p":{"rotation":-45,"svgOrigin":"0% 0%","immediateRender":false}}]}}}},
[18:39:03.304] "/stocks:/i3d-jsonmodels:phonghead_kfb/i2d-scene:mf2d0/grid:/ui-msgbg:/shot-anim:scope42",
[18:39:03.304] "//////shot-anim:scope42",
[18:39:13.263] {"t":"camera2d","f":"rollflyBy","a":{"r":45,"d":3}},
[18:39:13.314] "/stocks:/i3d-jsonmodels:phonghead_kfb/i2d-scene:mf2d0/grid:/ui-msgbg:/shot-anim:scope43",
[18:39:13.314] "//////shot-anim:scope43",
[18:39:13.315] {"delta":{"timeline":{"p":{"paused":true,"repeat":0,"tweens":[]},"actors":{"i2d:zoom_plane":[{"dur":3,"p":{"rotation":0,"svgOrigin":"0% 0%","immediateRender":false}}]}}}},
[18:39:28.263] {"t":"camera2d","f":"dollyflyTo","a":{"x":20,"d":3}},
[18:39:28.316] "/stocks:/i3d-jsonmodels:phonghead_kfb/i2d-scene:mf2d0/grid:/ui-msgbg:/shot-anim:scope44",
[18:39:28.316] "//////shot-anim:scope44",
[18:39:28.317] {"delta":{"timeline":{"p":{"paused":true,"repeat":0,"tweens":[]},"actors":{"i2d:plane":[{"dur":3,"p":{"x":20,"y":0,"immediateRender":false}}]}}}},
[18:39:38.261] {"t":"camera2d","f":"dollyflyTo","a":{"y":20,"d":3}},
[18:39:38.304] "/stocks:/i3d-jsonmodels:phonghead_kfb/i2d-scene:mf2d0/grid:/ui-msgbg:/shot-anim:scope45",
[18:39:38.304] "//////shot-anim:scope45",
[18:39:38.304] {"delta":{"timeline":{"p":{"paused":true,"repeat":0,"tweens":[]},"actors":{"i2d:plane":[{"dur":3,"p":{"x":20,"y":-20,"immediateRender":false}}]}}}},
[18:39:48.262] {"t":"camera2d","f":"dollyflyTo","a":{"x":0,"d":3}},
[18:39:48.301] "/stocks:/i3d-jsonmodels:phonghead_kfb/i2d-scene:mf2d0/grid:/ui-msgbg:/shot-anim:scope46",
[18:39:48.302] "//////shot-anim:scope46",
[18:39:48.302] {"delta":{"timeline":{"p":{"paused":true,"repeat":0,"tweens":[]},"actors":{"i2d:plane":[{"dur":3,"p":{"x":0,"y":-20,"immediateRender":false}}]}}}},
[18:40:03.265] {"t":"camera2d","f":"dollyflyTo","a":{"y":-40,"d":3}},
[18:40:03.306] "/stocks:/i3d-jsonmodels:phonghead_kfb/i2d-scene:mf2d0/grid:/ui-msgbg:/shot-anim:scope47",
[18:40:03.307] "//////shot-anim:scope47",
[18:40:03.307] {"delta":{"timeline":{"p":{"paused":true,"repeat":0,"tweens":[]},"actors":{"i2d:plane":[{"dur":3,"p":{"x":0,"y":40,"immediateRender":false}}]}}}},
[18:40:18.265] {"t":"camera2d","f":"dollyflyTo","a":{"x":20,"d":3}},
[18:40:18.307] "/stocks:/i3d-jsonmodels:phonghead_kfb/i2d-scene:mf2d0/grid:/ui-msgbg:/shot-anim:scope48",
[18:40:18.307] "//////shot-anim:scope48",
[18:40:18.307] {"delta":{"timeline":{"p":{"paused":true,"repeat":0,"tweens":[]},"actors":{"i2d:plane":[{"dur":3,"p":{"x":20,"y":40,"immediateRender":false}}]}}}},
[18:40:28.265] {"t":"camera2d","f":"dollyflyTo","a":{"x":0,"d":3}},
[18:40:28.317] "/stocks:/i3d-jsonmodels:phonghead_kfb/i2d-scene:mf2d0/grid:/ui-msgbg:/shot-anim:scope49",
[18:40:28.317] "//////shot-anim:scope49",
[18:40:28.317] {"delta":{"timeline":{"p":{"paused":true,"repeat":0,"tweens":[]},"actors":{"i2d:plane":[{"dur":3,"p":{"x":0,"y":40,"immediateRender":false}}]}}}},
[18:40:43.267] {"t":"camera3d","f":"tiltflyTo","a":{"r":-0.7854,"d":3}},
[18:40:43.302] "/stocks:/i3d-jsonmodels:phonghead_kfb/i2d-scene:mf2d0/grid:/ui-msgbg:/shot-anim:scope50",
[18:40:43.303] "//////shot-anim:scope50",
[18:40:43.303] {"delta":{"timeline":{"p":{"paused":true,"repeat":0},"actors":{"i3d:camera:rotation":[{"dur":3,"p":{"x":-0.7854,"immediateRender":false}}]}}}},
[18:40:58.266] {"t":"camera3d","f":"panflyTo","a":{"r":-0.7854,"d":3}},
[18:40:58.297] "/stocks:/i3d-jsonmodels:phonghead_kfb/i2d-scene:mf2d0/grid:/ui-msgbg:/shot-anim:scope51",
[18:40:58.297] "//////shot-anim:scope51",
[18:40:58.298] {"delta":{"timeline":{"p":{"paused":true,"repeat":0},"actors":{"i3d:camera:rotation":[{"dur":3,"p":{"y":-0.7854,"immediateRender":false}}]}}}},
[18:41:13.267] {"t":"camera3d","f":"lookAt"},
[18:41:13.297] "/stocks:/i3d-jsonmodels:phonghead_kfb/i2d-scene:mf2d0/grid:/ui-msgbg:/shot-fixed:scope52",
[18:41:13.297] "//////shot-fixed:scope52",
[18:41:13.297] {"delta-t":"camera3d","f":"lookAt","a":{}},
[18:41:23.268] {"t":"camera3d","f":"dollyflyTo","a":{"x":20,"y":0,"z":0,"d":3}},
[18:41:23.308] "//////shot-anim:scope53",
[18:41:23.308] {"delta":{"timeline":{"p":{"paused":true,"repeat":0},"actors":{"i3d:csphere:position":[{"dur":3,"p":{"x":20,"y":0,"z":0,"immediateRender":false}}]}}}},
[18:41:23.308] "/stocks:/i3d-jsonmodels:phonghead_kfb/i2d-scene:mf2d0/grid:/ui-msgbg:/shot-anim:scope53",
[18:41:33.275] {"t":"camera3d","f":"zoomflyTo","a":{"s":0.5,"d":3}},
[18:41:33.309] "/stocks:/i3d-jsonmodels:phonghead_kfb/i2d-scene:mf2d0/grid:/ui-msgbg:/shot-anim:scope54",
[18:41:33.309] "//////shot-anim:scope54",
[18:41:33.310] {"delta":{"timeline":{"p":{"paused":true,"repeat":0},"actors":{"i3d:csphere:scale":[{"dur":3,"p":{"x":0.5,"y":0.5,"z":0.5,"immediateRender":false}}]}}}},
[18:41:48.272] {"t":"camera3d","f":"zoomflyTo","a":{"s":2,"d":3}},
[18:41:48.300] "/stocks:/i3d-jsonmodels:phonghead_kfb/i2d-scene:mf2d0/grid:/ui-msgbg:/shot-anim:scope55",
[18:41:48.300] "//////shot-anim:scope55",
[18:41:48.300] {"delta":{"timeline":{"p":{"paused":true,"repeat":0},"actors":{"i3d:csphere:scale":[{"dur":3,"p":{"x":2,"y":2,"z":2,"immediateRender":false}}]}}}},
[18:41:58.273] {"t":"camera3d","f":"dollyflyTo","a":{"x":20,"y":20,"z":-20,"d":3}},
[18:41:58.315] "/stocks:/i3d-jsonmodels:phonghead_kfb/i2d-scene:mf2d0/grid:/ui-msgbg:/shot-anim:scope56",
[18:41:58.316] "//////shot-anim:scope56",
[18:41:58.316] {"delta":{"timeline":{"p":{"paused":true,"repeat":0},"actors":{"i3d:csphere:position":[{"dur":3,"p":{"x":20,"y":20,"z":-20,"immediateRender":false}}]}}}},
[18:42:13.274] {"t":"camera3d","f":"zoomflyTo","a":{"s":0.5,"d":3}},
[18:42:13.319] "/stocks:/i3d-jsonmodels:phonghead_kfb/i2d-scene:mf2d0/grid:/ui-msgbg:/shot-anim:scope57",
[18:42:13.319] "//////shot-anim:scope57",
[18:42:13.319] {"delta":{"timeline":{"p":{"paused":true,"repeat":0},"actors":{"i3d:csphere:scale":[{"dur":3,"p":{"x":0.5,"y":0.5,"z":0.5,"immediateRender":false}}]}}}},
[18:42:23.274] {"t":"camera3d","f":"center","a":{"d":3}},
[18:42:23.352] "/stocks:/i3d-jsonmodels:phonghead_kfb/i2d-scene:mf2d0/grid:/ui-msgbg:/shot-anim:scope58",
[18:42:23.352] "//////shot-anim:scope58",
[18:42:23.353] {"delta":{"timeline":{"p":{"paused":true,"repeat":0},"actors":{"i3d:camera:rotation":[{"dur":3,"p":{"x":0,"y":0,"z":0,"immediateRender":false}}],"i3d:csphere:position":[{"dur":3,"p":{"x":0,"y":0,"z":0,"immediateRender":false}}],"i3d:csphere:rotation":[{"dur":3,"p":{"x":0,"y":0,"z":0,"immediateRender":false}}],"i2d:plane":[{"dur":3,"p":{"x":0,"y":0,"immediateRender":false}}],"i2d:zoom_plane":[{"dur":3,"p":{"rotation":0,"svgOrigin":"0% 0%","immediateRender":false}}]}}}},
[18:42:38.274] {"t":"camera3d","f":"home","a":{"d":3}},
[18:42:38.324] "/stocks:/i3d-jsonmodels:phonghead_kfb/i2d-scene:mf2d0/grid:/ui-msgbg:/shot-anim:scope59",
[18:42:38.325] "//////shot-anim:scope59",
[18:42:38.325] {"delta":{"timeline":{"p":{"paused":true,"repeat":0},"actors":{"i3d:camera:rotation":[{"dur":3,"p":{"x":0,"y":0,"z":0,"immediateRender":false}}],"i3d:csphere:position":[{"dur":3,"p":{"x":0,"y":0,"z":0,"immediateRender":false}}],"i3d:csphere:scale":[{"dur":3,"p":{"x":1,"y":1,"z":1,"immediateRender":false}}],"i3d:csphere:rotation":[{"dur":3,"p":{"x":0,"y":0,"z":0,"immediateRender":false}}],"i2d:plane":[{"dur":3,"p":{"x":0,"y":0,"immediateRender":false}}],"i2d:zoom_plane":[{"dur":3,"p":{"rotation":0,"scale":1,"svgOrigin":"0% 0%","immediateRender":false}}]}}}},
[18:42:48.274] {"t":"camera3d","f":"panflyBy","a":{"r":0.7854,"d":3}},
[18:42:48.306] "/stocks:/i3d-jsonmodels:phonghead_kfb/i2d-scene:mf2d0/grid:/ui-msgbg:/shot-anim:scope60",
[18:42:48.306] "//////shot-anim:scope60",
[18:42:48.306] {"delta":{"timeline":{"p":{"paused":true,"repeat":0},"actors":{"i3d:camera:rotation":[{"dur":3,"p":{"y":0.7854,"immediateRender":false}}]}}}},
[18:43:03.276] {"t":"camera3d","f":"tiltflyBy","a":{"r":0.7854,"d":3}},
[18:43:03.347] "/stocks:/i3d-jsonmodels:phonghead_kfb/i2d-scene:mf2d0/grid:/ui-msgbg:/shot-anim:scope61",
[18:43:03.347] {"delta":{"timeline":{"p":{"paused":true,"repeat":0},"actors":{"i3d:camera:rotation":[{"dur":3,"p":{"x":0.7854,"immediateRender":false}}]}}}},
[18:43:03.347] "//////shot-anim:scope61",
[18:43:13.276] {"t":"camera3d","f":"lookAt"},
[18:43:13.332] "//////shot-fixed:scope62",
[18:43:13.332] {"delta-t":"camera3d","f":"lookAt","a":{}},
[18:43:13.332] "/stocks:/i3d-jsonmodels:phonghead_kfb/i2d-scene:mf2d0/grid:/ui-msgbg:/shot-fixed:scope62",
[18:43:28.275] {"t":"camera3d","f":"rollflyTo","a":{"r":-1.57,"d":4}},
[18:43:28.316] "/stocks:/i3d-jsonmodels:phonghead_kfb/i2d-scene:mf2d0/grid:/ui-msgbg:/shot-anim:scope63",
[18:43:28.316] "//////shot-anim:scope63",
[18:43:28.323] {"delta":{"timeline":{"p":{"paused":true,"repeat":0},"actors":{"i3d:camera:rotation":[{"dur":4,"p":{"z":-1.57,"immediateRender":false}}]}}}},
[18:43:38.277] {"t":"camera3d","f":"rollflyBy","a":{"r":0.3927,"d":4}},
[18:43:38.328] "/stocks:/i3d-jsonmodels:phonghead_kfb/i2d-scene:mf2d0/grid:/ui-msgbg:/shot-anim:scope64",
[18:43:38.328] "//////shot-anim:scope64",
[18:43:38.329] {"delta":{"timeline":{"p":{"paused":true,"repeat":0},"actors":{"i3d:camera:rotation":[{"dur":4,"p":{"z":-1.1773,"immediateRender":false}}]}}}},
[18:43:53.278] {"t":"camera3d","f":"rollflyBy","a":{"r":0.3927,"d":4}},
[18:43:53.306] "/stocks:/i3d-jsonmodels:phonghead_kfb/i2d-scene:mf2d0/grid:/ui-msgbg:/shot-anim:scope65",
[18:43:53.306] "//////shot-anim:scope65",
[18:43:53.306] {"delta":{"timeline":{"p":{"paused":true,"repeat":0},"actors":{"i3d:camera:rotation":[{"dur":4,"p":{"z":-0.7846,"immediateRender":false}}]}}}},
[18:44:08.279] {"t":"camera3d","f":"center","a":{"d":3}},
[18:44:08.321] "/stocks:/i3d-jsonmodels:phonghead_kfb/i2d-scene:mf2d0/grid:/ui-msgbg:/shot-anim:scope66",
[18:44:08.321] "//////shot-anim:scope66",
[18:44:08.322] {"delta":{"timeline":{"p":{"paused":true,"repeat":0},"actors":{"i3d:camera:rotation":[{"dur":3,"p":{"x":0,"y":0,"z":0,"immediateRender":false}}],"i3d:csphere:position":[{"dur":3,"p":{"x":0,"y":0,"z":0,"immediateRender":false}}],"i3d:csphere:rotation":[{"dur":3,"p":{"x":0,"y":0,"z":0,"immediateRender":false}}],"i2d:plane":[{"dur":3,"p":{"x":0,"y":0,"immediateRender":false}}],"i2d:zoom_plane":[{"dur":3,"p":{"rotation":0,"svgOrigin":"0% 0%","immediateRender":false}}]}}}},
[18:44:18.287] {"t":"camera3d","f":"yawflyTo","a":{"r":1.57,"d":3}},
[18:44:18.331] "/stocks:/i3d-jsonmodels:phonghead_kfb/i2d-scene:mf2d0/grid:/ui-msgbg:/shot-anim:scope67",
[18:44:18.332] "//////shot-anim:scope67",
[18:44:18.332] {"delta":{"timeline":{"p":{"paused":true,"repeat":0},"actors":{"i3d:csphere:rotation":[{"dur":3,"p":{"y":1.57,"immediateRender":false}}]}}}},
[18:44:28.289] {"t":"camera3d","f":"yawflyBy","a":{"r":-0.7854,"d":3}},
[18:44:28.342] "/stocks:/i3d-jsonmodels:phonghead_kfb/i2d-scene:mf2d0/grid:/ui-msgbg:/shot-anim:scope68",
[18:44:28.342] "//////shot-anim:scope68",
[18:44:28.343] {"delta":{"timeline":{"p":{"paused":true,"repeat":0},"actors":{"i3d:csphere:rotation":[{"dur":3,"p":{"y":0.7846000000000001,"immediateRender":false}}]}}}},
[18:44:38.289] {"t":"camera3d","f":"yawflyBy","a":{"r":-0.7854,"d":3}},
[18:44:38.356] "/stocks:/i3d-jsonmodels:phonghead_kfb/i2d-scene:mf2d0/grid:/ui-msgbg:/shot-anim:scope69",
[18:44:38.356] "//////shot-anim:scope69",
[18:44:38.356] {"delta":{"timeline":{"p":{"paused":true,"repeat":0},"actors":{"i3d:csphere:rotation":[{"dur":3,"p":{"y":-0.0007999999999999119,"immediateRender":false}}]}}}},
[18:44:53.290] {"t":"camera3d","f":"pitchflyTo","a":{"r":-1.57,"d":3}},
[18:44:53.342] "/stocks:/i3d-jsonmodels:phonghead_kfb/i2d-scene:mf2d0/grid:/ui-msgbg:/shot-anim:scope70",
[18:44:53.343] "//////shot-anim:scope70",
[18:44:53.345] {"delta":{"timeline":{"p":{"paused":true,"repeat":0},"actors":{"i3d:csphere:rotation":[{"dur":3,"p":{"x":-1.57,"immediateRender":false}}]}}}},
[18:45:08.291] {"t":"camera3d","f":"pitchflyBy","a":{"r":0.7854,"d":3}},
[18:45:08.328] "/stocks:/i3d-jsonmodels:phonghead_kfb/i2d-scene:mf2d0/grid:/ui-msgbg:/shot-anim:scope71",
[18:45:08.328] "//////shot-anim:scope71",
[18:45:08.328] {"delta":{"timeline":{"p":{"paused":true,"repeat":0},"actors":{"i3d:csphere:rotation":[{"dur":3,"p":{"x":-0.7846000000000001,"immediateRender":false}}]}}}},
[18:45:18.293] {"t":"camera3d","f":"pitchflyBy","a":{"r":0.7854,"d":3}},
[18:45:18.332] "/stocks:/i3d-jsonmodels:phonghead_kfb/i2d-scene:mf2d0/grid:/ui-msgbg:/shot-anim:scope72",
[18:45:18.333] "//////shot-anim:scope72",
[18:45:18.333] {"delta":{"timeline":{"p":{"paused":true,"repeat":0},"actors":{"i3d:csphere:rotation":[{"dur":3,"p":{"x":0.0007999999999999119,"immediateRender":false}}]}}}},
[18:45:28.293] {"t":"camera3d","f":"dollyflyTo","a":{"x":20,"y":-20,"z":-30,"d":3}},
[18:45:28.346] "//////shot-anim:scope73",
[18:45:28.347] {"delta":{"timeline":{"p":{"paused":true,"repeat":0},"actors":{"i3d:csphere:position":[{"dur":3,"p":{"x":20,"y":-20,"z":-30,"immediateRender":false}}]}}}},
[18:45:28.346] "/stocks:/i3d-jsonmodels:phonghead_kfb/i2d-scene:mf2d0/grid:/ui-msgbg:/shot-anim:scope73",
[18:45:43.293] {"t":"camera3d","f":"dollyflyTo","a":{"x":0,"y":0,"z":30,"d":6}},
[18:45:43.327] "/stocks:/i3d-jsonmodels:phonghead_kfb/i2d-scene:mf2d0/grid:/ui-msgbg:/shot-anim:scope74",
[18:45:43.327] "//////shot-anim:scope74",
[18:45:43.328] {"delta":{"timeline":{"p":{"paused":true,"repeat":0},"actors":{"i3d:csphere:position":[{"dur":6,"p":{"x":20,"y":-20,"z":30,"immediateRender":false}}]}}}},
[18:45:53.295] {"t":"camera3d","f":"tiltflyBy","a":{"r":0.7854,"d":3}},
[18:45:53.393] "/stocks:/i3d-jsonmodels:phonghead_kfb/i2d-scene:mf2d0/grid:/ui-msgbg:/shot-anim:scope75",
[18:45:53.394] "//////shot-anim:scope75",
[18:45:53.394] {"delta":{"timeline":{"p":{"paused":true,"repeat":0},"actors":{"i3d:camera:rotation":[{"dur":3,"p":{"x":0.7854,"immediateRender":false}}]}}}},
[18:46:03.296] {"t":"camera3d","f":"zoomflyTo","a":{"s":2,"d":3}},
[18:46:03.344] "/stocks:/i3d-jsonmodels:phonghead_kfb/i2d-scene:mf2d0/grid:/ui-msgbg:/shot-anim:scope76",
[18:46:03.344] "//////shot-anim:scope76",
[18:46:03.345] {"delta":{"timeline":{"p":{"paused":true,"repeat":0},"actors":{"i3d:csphere:scale":[{"dur":3,"p":{"x":2,"y":2,"z":2,"immediateRender":false}}]}}}},
[18:46:18.300] {"t":"camera3d","f":"home","a":{"d":3}},
[18:46:18.339] "/stocks:/i3d-jsonmodels:phonghead_kfb/i2d-scene:mf2d0/grid:/ui-msgbg:/shot-anim:scope77",
[18:46:18.340] "//////shot-anim:scope77",
[18:46:18.340] {"delta":{"timeline":{"p":{"paused":true,"repeat":0},"actors":{"i3d:camera:rotation":[{"dur":3,"p":{"x":0,"y":0,"z":0,"immediateRender":false}}],"i3d:csphere:position":[{"dur":3,"p":{"x":0,"y":0,"z":0,"immediateRender":false}}],"i3d:csphere:scale":[{"dur":3,"p":{"x":1,"y":1,"z":1,"immediateRender":false}}],"i3d:csphere:rotation":[{"dur":3,"p":{"x":0,"y":0,"z":0,"immediateRender":false}}],"i2d:plane":[{"dur":3,"p":{"x":0,"y":0,"immediateRender":false}}],"i2d:zoom_plane":[{"dur":3,"p":{"rotation":0,"scale":1,"svgOrigin":"0% 0%","immediateRender":false}}]}}}},
[18:46:33.302] {"t":"narrative","f":"change_scene","a":"payments"},
[18:46:34.354] "/payments:/i3d-simple:phong_head_sphere_kfb/i2d-empty:/black:/ui-msgbg:/shot-fixed:",
[18:46:34.355] "/payments:/i3d-simple:phong_head_sphere_kfb/i2d-empty:/black://shot-fixed:",
[18:46:34.356] {},
[18:46:43.302] {"t":"narrative","f":"change_state","a":"///i2d-scene:mf2d0///shot-fixed:"},
[18:46:43.610] "/payments:/i3d-simple:phong_head_sphere_kfb/i2d-scene:mf2d0/black:/ui-msgbg:/shot-fixed:",
[18:46:43.610] "///i2d-scene:mf2d0///",
[18:46:43.610] {},
[18:46:58.305] {"t":"camera3d","f":"panflyBy","a":{"r":-0.7854,"d":4}},
[18:46:58.351] "/payments:/i3d-simple:phong_head_sphere_kfb/i2d-scene:mf2d0/black:/ui-msgbg:/shot-anim:scope80",
[18:46:58.351] "//////shot-anim:scope80",
[18:46:58.351] {"delta":{"timeline":{"p":{"paused":true,"repeat":0},"actors":{"i3d:camera:rotation":[{"dur":4,"p":{"y":-0.7854,"immediateRender":false}}]}}}},
[18:47:13.307] {"t":"camera3d","f":"tiltflyBy","a":{"r":-0.7854,"d":4}},
[18:47:13.352] "/payments:/i3d-simple:phong_head_sphere_kfb/i2d-scene:mf2d0/black:/ui-msgbg:/shot-anim:scope81",
[18:47:13.353] {"delta":{"timeline":{"p":{"paused":true,"repeat":0},"actors":{"i3d:camera:rotation":[{"dur":4,"p":{"x":-0.7854,"immediateRender":false}}]}}}},
[18:47:13.352] "//////shot-anim:scope81",
[18:47:28.308] {"t":"narrative","f":"change_state","a":"////base-skycube:test_bg//"},
[18:47:28.455] "/payments:/i3d-simple:phong_head_sphere_kfb/i2d-scene:mf2d0/base-skycube:test_bg/ui-msgbg:/shot-fixed:",
[18:47:28.455] "////base-skycube:test_bg//shot-fixed:",
[18:47:28.455] {},
[18:47:38.309] {"t":"camera3d","f":"panflyTo","a":{"r":0.7854,"d":4}},
[18:47:38.374] "/payments:/i3d-simple:phong_head_sphere_kfb/i2d-scene:mf2d0/base-skycube:test_bg/ui-msgbg:/shot-anim:scope83",
[18:47:38.375] {"delta":{"timeline":{"p":{"paused":true,"repeat":0},"actors":{"i3d:camera:rotation":[{"dur":4,"p":{"y":0.7854,"immediateRender":false}}]}}}},
[18:47:38.375] "//////shot-anim:scope83",
[18:47:48.309] {"t":"narrative","f":"change_state","a":"////base-skycube:no-anim//{}"},
[18:47:48.366] "/payments:/i3d-simple:phong_head_sphere_kfb/i2d-scene:mf2d0/base-skycube:no-anim/ui-msgbg:/shot-fixed:",
[18:47:48.367] "////base-skycube:no-anim//shot-fixed:",
[18:47:48.367] {},
[18:47:58.310] {"t":"camera3d","f":"zoomflyBy","a":{"s":0.3,"d":4}},
[18:47:58.363] "/payments:/i3d-simple:phong_head_sphere_kfb/i2d-scene:mf2d0/base-skycube:no-anim/ui-msgbg:/shot-anim:scope85",
[18:47:58.364] {"delta":{"timeline":{"p":{"paused":true,"repeat":0},"actors":{"i3d:csphere:scale":[{"dur":4,"p":{"x":0.3,"y":0.3,"z":0.3,"immediateRender":false}}]}}}},
[18:47:58.363] "//////shot-anim:scope85",
[18:48:08.310] {"t":"camera3d","f":"center","a":{"d":3}},
[18:48:08.363] "/payments:/i3d-simple:phong_head_sphere_kfb/i2d-scene:mf2d0/base-skycube:no-anim/ui-msgbg:/shot-anim:scope86",
[18:48:08.365] {"delta":{"timeline":{"p":{"paused":true,"repeat":0},"actors":{"i3d:camera:rotation":[{"dur":3,"p":{"x":0,"y":0,"z":0,"immediateRender":false}}],"i3d:csphere:position":[{"dur":3,"p":{"x":0,"y":0,"z":0,"immediateRender":false}}],"i3d:csphere:rotation":[{"dur":3,"p":{"x":0,"y":0,"z":0,"immediateRender":false}}],"i2d:plane":[{"dur":3,"p":{"x":0,"y":0,"immediateRender":false}}],"i2d:zoom_plane":[{"dur":3,"p":{"rotation":0,"svgOrigin":"0% 0%","immediateRender":false}}]}}}},
[18:48:08.364] "//////shot-anim:scope86",
[18:48:23.311] {"t":"camera3d","f":"home","a":{"d":3}},
[18:48:23.348] "/payments:/i3d-simple:phong_head_sphere_kfb/i2d-scene:mf2d0/base-skycube:no-anim/ui-msgbg:/shot-anim:scope87",
[18:48:23.348] {"delta":{"timeline":{"p":{"paused":true,"repeat":0},"actors":{"i3d:camera:rotation":[{"dur":3,"p":{"x":0,"y":0,"z":0,"immediateRender":false}}],"i3d:csphere:position":[{"dur":3,"p":{"x":0,"y":0,"z":0,"immediateRender":false}}],"i3d:csphere:scale":[{"dur":3,"p":{"x":1,"y":1,"z":1,"immediateRender":false}}],"i3d:csphere:rotation":[{"dur":3,"p":{"x":0,"y":0,"z":0,"immediateRender":false}}],"i2d:plane":[{"dur":3,"p":{"x":0,"y":0,"immediateRender":false}}],"i2d:zoom_plane":[{"dur":3,"p":{"rotation":0,"scale":1,"svgOrigin":"0% 0%","immediateRender":false}}]}}}},
[18:48:23.348] "//////shot-anim:scope87",
[18:48:33.311] {"t":"narrative","f":"change_state","a":"////videocam://shot-fixed:"},
[18:48:33.432] "////videocam://shot-fixed:",
[18:48:33.431] "/payments:/i3d-simple:phong_head_sphere_kfb/i2d-scene:mf2d0/videocam:/ui-msgbg:/shot-fixed:",
[18:48:33.432] "*** e2e urls test: 89 tests  0 failures ***",
[18:48:33.432] {},
[18:48:33.432] "*** e2e shot test: 89 tests 0 failures ***",
