[20:41:31.310] {"t":"camera3d","f":"panflyTo","a":{"r":-0.7854,"d":3}},
[20:41:31.312] "/metaweb:/i3d-empty:/i2d-reflect:/empty:/ui-msgbg:/shot-anim:scope0",
[20:41:31.312] "//////shot-anim:scope0",
[20:41:31.313] {"delta":{"timeline":{"p":{"paused":true,"repeat":0},"actors":{"i3d:camera:rotation":[{"dur":3,"p":{"y":-0.7854,"immediateRender":false}}]}}}},
[20:41:46.287] {"t":"camera3d","f":"lookAt"},
[20:41:46.319] "/metaweb:/i3d-empty:/i2d-reflect:/empty:/ui-msgbg:/shot-fixed:scope1",
[20:41:46.319] "//////shot-fixed:scope1",
[20:41:46.319] {"delta-t":"camera3d","f":"lookAt","a":{}},
[20:42:01.288] {"t":"camera3d","f":"panflyTo","a":{"r":-0.7854,"d":3}},
[20:42:01.308] "/metaweb:/i3d-empty:/i2d-reflect:/empty:/ui-msgbg:/shot-anim:scope2",
[20:42:01.308] "//////shot-anim:scope2",
[20:42:01.309] {"delta":{"timeline":{"p":{"paused":true,"repeat":0},"actors":{"i3d:camera:rotation":[{"dur":3,"p":{"y":-0.7854,"immediateRender":false}}]}}}},
[20:42:16.291] {"t":"camera3d","f":"home","a":{"d":3}},
[20:42:16.309] "/metaweb:/i3d-empty:/i2d-reflect:/empty:/ui-msgbg:/shot-anim:scope3",
[20:42:16.310] "//////shot-anim:scope3",
[20:42:16.312] {"delta":{"timeline":{"p":{"paused":true,"repeat":0},"actors":{"i3d:camera:rotation":[{"dur":3,"p":{"x":0,"y":0,"z":0,"immediateRender":false}}],"i3d:csphere:position":[{"dur":3,"p":{"x":0,"y":0,"z":0,"immediateRender":false}}],"i3d:csphere:scale":[{"dur":3,"p":{"x":1,"y":1,"z":1,"immediateRender":false}}],"i3d:csphere:rotation":[{"dur":3,"p":{"x":0,"y":0,"z":0,"immediateRender":false}}],"i2d:plane":[{"dur":3,"p":{"x":0,"y":0,"immediateRender":false}}],"i2d:zoom_plane":[{"dur":3,"p":{"rotation":0,"scale":1,"svgOrigin":"0% 0%","immediateRender":false}}]}}}},
[20:42:31.316] "/metaweb:/i3d-empty:/i2d-reflect:/empty:/ui-msgbg:/shot-anim:scope4",
[20:42:31.316] "//////shot-anim:scope4",
[20:42:31.316] {"delta":{"timeline":{"p":{"paused":true,"repeat":0},"actors":{"i3d:camera:rotation":[{"dur":3,"p":{"y":0,"immediateRender":false}}]}}}},
[20:42:31.291] {"t":"camera3d","f":"panflyTo","a":{"r":0,"d":3}},
[20:42:41.293] {"t":"narrative","f":"change_scene","a":"a"},
[20:42:41.593] "/a:/i3d-simple:simple_green/i2d-scene:disks0/base-skycube:test_cube/ui-msgbg:/shot-fixed:",
[20:42:41.593] "/a:/i3d-simple:simple_green/i2d-scene:disks0/base-skycube:test_cube//shot-fixed:",
[20:42:41.593] {},
[20:42:51.292] {"t":"narrative","f":"change_scene","a":"a0"},
[20:42:51.425] "/a0:/i3d-simple:simple_green/i2d-scene:disks0/base-skycube:test_cube/ui-msgbg:/shot-graft:scope6",
[20:42:51.426] "/a0://///shot-graft:scope6",
[20:42:51.427] {"delta":{"timeline":{"p":{"repeat":0},"actors":{"i3d:cube0:scale":[{"dur":10,"p":{"x":0.5,"y":0.5,"z":0.5}}]}},"branches":{"cube0":{"children":{"cube0_2":{"form":{"type":"'cube.i3d'","x":0,"y":0,"z":0,"textureurl":"./images/sky.jpg","w":5,"h":10,"d":10,"color":"blue","transparent":true,"opacity":1},"transform":{"t":[-20,-10,0],"s":[0.01,0.01,0.01]},"children":{}},"cube0_3":{"form":{"type":"'cube.i3d'","x":0,"y":-20,"z":0,"textureurl":"sky_jpg","w":5,"h":10,"d":10,"color":"blue","transparent":true,"opacity":1},"transform":{"t":[20,0,0],"s":[0.01,0.01,0.01]},"children":{}}}}}}},
[20:43:06.293] {"t":"narrative","f":"change_scene","a":"a1"},
[20:43:06.378] "/a1:/i3d-simple:simple_green/i2d-scene:disks0/base-skycube:test_cube/ui-msgbg:/shot-graft:scope7",
[20:43:06.378] "/a1://///shot-graft:scope7",
[20:43:06.379] {"delta":{"timeline":{"p":{"repeat":0},"actors":{"i3d:cube0_2:scale":[{"dur":10,"p":{"x":1,"y":1,"z":1}}],"i3d:cube0_3:scale":[{"dur":10,"p":{"x":1,"y":1,"z":1}}]}},"branches":{"cube0_2":{"children":{"s0_2_0":{"form":{"type":"'sphere.i3d'","r":5,"color":"blue","transparent":true,"opacity":0.8},"transform":{"e":[0,-0.785,0],"t":[-10,-10,0],"s":[0.01,0.01,0.01]},"children":{}},"s0_2_1":{"form":{"type":"'sphere.i3d'","r":5,"color":"blue","transparent":true,"opacity":0.8},"transform":{"e":[0,0.785,0],"t":[10,10,0],"s":[0.01,0.01,0.01]},"children":{}}}}}}},
[20:43:21.294] {"t":"narrative","f":"change_scene","a":"a2"},
[20:43:21.315] "/a2:/i3d-simple:simple_green/i2d-scene:disks0/base-skycube:test_cube/ui-msgbg:/shot-graft:scope8",
[20:43:21.315] "/a2://///shot-graft:scope8",
[20:43:21.316] {"delta":{"timeline":{"p":{"repeat":0},"actors":{"i3d:s0_2_0:scale":[{"dur":10,"p":{"x":1,"y":1,"z":1}}],"i3d:s0_2_1:scale":[{"dur":10,"p":{"x":1,"y":1,"z":1}}]}},"branches":{}}},
[20:43:31.294] {"t":"camera3d","f":"dollyflyTo","a":{"x":10,"y":10,"z":-20,"d":4}},
[20:43:31.319] "/a2:/i3d-simple:simple_green/i2d-scene:disks0/base-skycube:test_cube/ui-msgbg:/shot-anim:scope9",
[20:43:31.319] "//////shot-anim:scope9",
[20:43:31.320] {"delta":{"timeline":{"p":{"paused":true,"repeat":0},"actors":{"i3d:csphere:position":[{"dur":4,"p":{"x":10,"y":10,"z":-20,"immediateRender":false}}]}}}},
[20:43:41.294] {"t":"narrative","f":"change_scene","a":"payments"},
[20:43:42.290] "/payments:/i3d-simple:phong_head_sphere_kfb/i2d-empty:/black:/ui-msgbg:/shot-fixed:",
[20:43:42.290] "/payments:/i3d-simple:phong_head_sphere_kfb/i2d-empty:/black://shot-fixed:",
[20:43:42.290] {},
[20:44:01.298] {"t":"camera3d","f":"toggle_csphere","a":{"val":false}},
[20:44:01.317] "/payments:/i3d-simple:phong_head_sphere_kfb/i2d-empty:/black:/ui-msgbg:/shot-fixed:scope11",
[20:44:01.318] "//////shot-fixed:scope11",
[20:44:01.318] {"delta-t":"camera3d","f":"toggle_csphere","a":false},
[20:44:11.300] {"t":"camera3d","f":"toggle_csphere","a":{"val":true}},
[20:44:11.317] "/payments:/i3d-simple:phong_head_sphere_kfb/i2d-empty:/black:/ui-msgbg:/shot-fixed:scope12",
[20:44:11.317] "//////shot-fixed:scope12",
[20:44:11.318] {"delta-t":"camera3d","f":"toggle_csphere","a":true},
[20:44:26.301] {"t":"camera3d","f":"toggle_light","a":{"name":"key","val":false}},
[20:44:26.349] "/payments:/i3d-simple:phong_head_sphere_kfb/i2d-empty:/black:/ui-msgbg:/shot-fixed:scope13",
[20:44:26.350] "//////shot-fixed:scope13",
[20:44:26.350] {"delta-t":"camera3d","f":"toggle_light","a":{"name":"key","val":false}},
[20:44:41.301] {"t":"camera3d","f":"toggle_light","a":{"name":"fill","val":false}},
[20:44:41.344] "/payments:/i3d-simple:phong_head_sphere_kfb/i2d-empty:/black:/ui-msgbg:/shot-fixed:scope14",
[20:44:41.344] "//////shot-fixed:scope14",
[20:44:41.345] {"delta-t":"camera3d","f":"toggle_light","a":{"name":"fill","val":false}},
[20:44:56.303] {"t":"camera3d","f":"toggle_light","a":{"name":"back","val":false}},
[20:44:56.353] "/payments:/i3d-simple:phong_head_sphere_kfb/i2d-empty:/black:/ui-msgbg:/shot-fixed:scope15",
[20:44:56.353] "//////shot-fixed:scope15",
[20:44:56.353] {"delta-t":"camera3d","f":"toggle_light","a":{"name":"back","val":false}},
[20:45:06.301] {"t":"camera3d","f":"toggle_light","a":{"name":"key","val":true}},
[20:45:06.330] "/payments:/i3d-simple:phong_head_sphere_kfb/i2d-empty:/black:/ui-msgbg:/shot-fixed:scope16",
[20:45:06.330] "//////shot-fixed:scope16",
[20:45:06.337] {"delta-t":"camera3d","f":"toggle_light","a":{"name":"key","val":true}},
[20:45:21.304] {"t":"camera3d","f":"toggle_light","a":{"name":"fill","val":true}},
[20:45:21.336] "/payments:/i3d-simple:phong_head_sphere_kfb/i2d-empty:/black:/ui-msgbg:/shot-fixed:scope17",
[20:45:21.336] "//////shot-fixed:scope17",
[20:45:21.337] {"delta-t":"camera3d","f":"toggle_light","a":{"name":"fill","val":true}},
[20:45:31.305] {"t":"camera3d","f":"toggle_light","a":{"name":"back","val":true}},
[20:45:31.322] "/payments:/i3d-simple:phong_head_sphere_kfb/i2d-empty:/black:/ui-msgbg:/shot-fixed:scope18",
[20:45:31.322] "//////shot-fixed:scope18",
[20:45:31.330] {"delta-t":"camera3d","f":"toggle_light","a":{"name":"back","val":true}},
[20:45:46.307] {"t":"narrative","f":"change_scene","a":"a"},
[20:45:46.519] "/a:/i3d-simple:simple_green/i2d-scene:disks0/base-skycube:test_cube//shot-fixed:",
[20:45:46.518] "/a:/i3d-simple:simple_green/i2d-scene:disks0/base-skycube:test_cube/ui-msgbg:/shot-fixed:",
[20:45:46.520] {},
[20:45:56.308] {"t":"narrative","f":"shot","a":"shot-graft:{\"delta\":{\"timeline\":{\"p\":{\"repeat\":0},\"actors\":{\"i3d:cube0:scale\":[{\"dur\":10,\"p\":{\"x\":0.5,\"y\":0.5,\"z\":0.5}}]}},\"branches\":{\"cube0\":{\"children\":{\"cube0_2\":{\"form\":{\"type\":\"'cube.i3d'\",\"x\":0,\"y\":0,\"z\":0,\"textureurl\":\"./images/sky.jpg\",\"w\":5,\"h\":10,\"d\":10,\"color\":\"blue\",\"transparent\":true,\"opacity\":1},\"transform\":{\"t\":[-20,-10,0],\"s\":[0.01,0.01,0.01]},\"children\":{}},\"cube0_3\":{\"form\":{\"type\":\"'cube.i3d'\",\"x\":0,\"y\":-20,\"z\":0,\"textureurl\":\"sky_jpg\",\"w\":5,\"h\":10,\"d\":10,\"color\":\"blue\",\"transparent\":true,\"opacity\":1},\"transform\":{\"t\":[20,0,0],\"s\":[0.01,0.01,0.01]},\"children\":{}}}}}}}"},
[20:45:56.479] "/a:/i3d-simple:simple_green/i2d-scene:disks0/base-skycube:test_cube/ui-msgbg:/shot-graft:scope20",
[20:45:56.480] {"delta":{"timeline":{"p":{"repeat":0},"actors":{"i3d:cube0:scale":[{"dur":10,"p":{"x":0.5,"y":0.5,"z":0.5}}]}},"branches":{"cube0":{"children":{"cube0_2":{"form":{"type":"'cube.i3d'","x":0,"y":0,"z":0,"textureurl":"./images/sky.jpg","w":5,"h":10,"d":10,"color":"blue","transparent":true,"opacity":1},"transform":{"t":[-20,-10,0],"s":[0.01,0.01,0.01]},"children":{}},"cube0_3":{"form":{"type":"'cube.i3d'","x":0,"y":-20,"z":0,"textureurl":"sky_jpg","w":5,"h":10,"d":10,"color":"blue","transparent":true,"opacity":1},"transform":{"t":[20,0,0],"s":[0.01,0.01,0.01]},"children":{}}}}}}},
[20:45:56.479] "//////shot-graft:scope20",
[20:46:11.307] {"t":"narrative","f":"shot","a":"shot-graft:{\"delta\":{\"timeline\":{\"p\":{\"repeat\":0},\"actors\":{\"i3d:cube0_2:scale\":[{\"dur\":10,\"p\":{\"x\":1,\"y\":1,\"z\":1}}],\"i3d:cube0_3:scale\":[{\"dur\":10,\"p\":{\"x\":1,\"y\":1,\"z\":1}}]}},\"branches\":{\"cube0_2\":{\"children\":{\"s0_2_0\":{\"form\":{\"type\":\"'sphere.i3d'\",\"r\":5,\"color\":\"blue\",\"transparent\":true,\"opacity\":0.8},\"transform\":{\"e\":[0,-0.785,0],\"t\":[-10,-10,0],\"s\":[0.01,0.01,0.01]},\"children\":{}},\"s0_2_1\":{\"form\":{\"type\":\"'sphere.i3d'\",\"r\":5,\"color\":\"blue\",\"transparent\":true,\"opacity\":0.8},\"transform\":{\"e\":[0,0.785,0],\"t\":[10,10,0],\"s\":[0.01,0.01,0.01]},\"children\":{}}}}}}}"},
[20:46:11.446] "/a:/i3d-simple:simple_green/i2d-scene:disks0/base-skycube:test_cube/ui-msgbg:/shot-graft:scope21",
[20:46:11.447] "//////shot-graft:scope21",
[20:46:11.448] {"delta":{"timeline":{"p":{"repeat":0},"actors":{"i3d:cube0_2:scale":[{"dur":10,"p":{"x":1,"y":1,"z":1}}],"i3d:cube0_3:scale":[{"dur":10,"p":{"x":1,"y":1,"z":1}}]}},"branches":{"cube0_2":{"children":{"s0_2_0":{"form":{"type":"'sphere.i3d'","r":5,"color":"blue","transparent":true,"opacity":0.8},"transform":{"e":[0,-0.785,0],"t":[-10,-10,0],"s":[0.01,0.01,0.01]},"children":{}},"s0_2_1":{"form":{"type":"'sphere.i3d'","r":5,"color":"blue","transparent":true,"opacity":0.8},"transform":{"e":[0,0.785,0],"t":[10,10,0],"s":[0.01,0.01,0.01]},"children":{}}}}}}},
[20:46:26.318] {"t":"narrative","f":"shot","a":"shot-graft:{\"delta\":{\"timeline\":{\"p\":{\"repeat\":0},\"actors\":{\"i3d:s0_2_0:scale\":[{\"dur\":10,\"p\":{\"x\":1,\"y\":1,\"z\":1}}],\"i3d:s0_2_1:scale\":[{\"dur\":10,\"p\":{\"x\":1,\"y\":1,\"z\":1}}]}},\"branches\":{}}}"},
[20:46:26.320] "/a:/i3d-simple:simple_green/i2d-scene:disks0/base-skycube:test_cube/ui-msgbg:/shot-graft:scope22",
[20:46:26.323] {"delta":{"timeline":{"p":{"repeat":0},"actors":{"i3d:s0_2_0:scale":[{"dur":10,"p":{"x":1,"y":1,"z":1}}],"i3d:s0_2_1:scale":[{"dur":10,"p":{"x":1,"y":1,"z":1}}]}},"branches":{}}},
[20:46:26.320] "//////shot-graft:scope22",
[20:46:36.322] {"t":"camera3d","f":"panflyTo","a":{"r":0.7854,"d":4}},
[20:46:36.344] "/a:/i3d-simple:simple_green/i2d-scene:disks0/base-skycube:test_cube/ui-msgbg:/shot-anim:scope23",
[20:46:36.345] "//////shot-anim:scope23",
[20:46:36.345] {"delta":{"timeline":{"p":{"paused":true,"repeat":0},"actors":{"i3d:camera:rotation":[{"dur":4,"p":{"y":0.7854,"immediateRender":false}}]}}}},
[20:46:51.306] {"t":"narrative","f":"change_scene","a":"footprint"},
[20:46:53.184] "/footprint:/i3d-scene:scene1/i2d-empty:/escher:/ui-msgbg:/shot-fixed:",
[20:46:53.186] "/footprint:/i3d-scene:scene1/i2d-empty:/escher://shot-fixed:",
[20:46:53.187] {},
[20:47:06.307] {"t":"camera3d","f":"panflyTo","a":{"r":0.7854,"d":4}},
[20:47:06.353] "/footprint:/i3d-scene:scene1/i2d-empty:/escher:/ui-msgbg:/shot-anim:scope25",
[20:47:06.354] "//////shot-anim:scope25",
[20:47:06.355] {"delta":{"timeline":{"p":{"paused":true,"repeat":0},"actors":{"i3d:camera:rotation":[{"dur":4,"p":{"y":0.7854,"immediateRender":false}}]}}}},
[20:47:21.308] {"t":"camera3d","f":"tiltflyTo","a":{"r":0.7854,"d":4}},
[20:47:21.356] "/footprint:/i3d-scene:scene1/i2d-empty:/escher:/ui-msgbg:/shot-anim:scope26",
[20:47:21.358] "//////shot-anim:scope26",
[20:47:21.359] {"delta":{"timeline":{"p":{"paused":true,"repeat":0},"actors":{"i3d:camera:rotation":[{"dur":4,"p":{"x":0.7854,"immediateRender":false}}]}}}},
[20:47:31.308] {"t":"camera3d","f":"billboardsFaceCamera"},
[20:47:31.366] "/footprint:/i3d-scene:scene1/i2d-empty:/escher:/ui-msgbg:/shot-fixed:scope27",
[20:47:31.366] "//////shot-fixed:scope27",
[20:47:31.366] {"delta-t":"camera3d","f":"billboardsFaceCamera"},
[20:47:46.312] {"t":"camera3d","f":"tiltflyBy","a":{"r":-0.7854,"d":4}},
[20:47:46.360] "/footprint:/i3d-scene:scene1/i2d-empty:/escher:/ui-msgbg:/shot-anim:scope28",
[20:47:46.360] "//////shot-anim:scope28",
[20:47:46.361] {"delta":{"timeline":{"p":{"paused":true,"repeat":0},"actors":{"i3d:camera:rotation":[{"dur":4,"p":{"x":0,"immediateRender":false}}]}}}},
[20:47:56.313] {"t":"camera3d","f":"panflyBy","a":{"r":-0.7854,"d":4}},
[20:47:56.356] "/footprint:/i3d-scene:scene1/i2d-empty:/escher:/ui-msgbg:/shot-anim:scope29",
[20:47:56.356] "//////shot-anim:scope29",
[20:47:56.357] {"delta":{"timeline":{"p":{"paused":true,"repeat":0},"actors":{"i3d:camera:rotation":[{"dur":4,"p":{"y":0,"immediateRender":false}}]}}}},
[20:48:11.313] {"t":"narrative","f":"change_scene","a":"circle"},
[20:48:11.757] "/circle:/i3d-simple:simple_red/i2d-scene:disks0/base-skycube:test_cube/ui-msgbg:/shot-graft:a0",
[20:48:11.757] "/circle:/i3d-simple:simple_red/i2d-scene:disks0/base-skycube:test_cube//shot-graft:a0",
[20:48:11.757] {"delta":{"timeline":[{"id":"cube0_1","dur":10,"p":{"scale":[1,1,1]},"delay":2}],"branches":{"cube0":{"children":{"cube0_2":{"form":{"type":"'cube.i3d'","x":0,"y":0,"z":0,"textureurl":"./images/sky.jpg","w":20,"h":20,"d":20,"color":"blue","transparent":true,"opacity":1},"transform":{"t":[-20,-10,0],"s":[0.25,1,0.25]},"children":{}},"cube0_3":{"form":{"type":"'cube.i3d'","x":0,"y":-20,"z":0,"textureurl":"sky_jpg","w":20,"h":40,"d":20,"color":"blue","transparent":true,"opacity":1},"transform":{"t":[20,0,0],"s":[0.5,1,0.5]},"children":{}}}}}}},
[20:48:21.313] {"t":"narrative","f":"change_state","a":"/circle:/i3d-simple:simple_red/i2d-scene:mf2d0/base-skycube:test_cube/ui-msgbg:/shot-fixed:"},
[20:48:21.511] "///i2d-scene:mf2d0///shot-fixed:",
[20:48:21.511] "/circle:/i3d-simple:simple_red/i2d-scene:mf2d0/base-skycube:test_cube/ui-msgbg:/shot-fixed:",
[20:48:21.511] {},
[20:48:36.313] {"t":"narrative","f":"change_scene","a":"stocks"},
[20:48:37.807] "/stocks:/i3d-jsonmodels:phonghead_kfb/i2d-scene:defsuse0/grid:/ui-msgbg:/shot-fixed:",
[20:48:37.808] "/stocks:/i3d-jsonmodels:phonghead_kfb/i2d-scene:defsuse0/grid://",
[20:48:37.808] {},
[20:48:51.315] {"t":"narrative","f":"change_state","a":"///i2d-scene:mf2d0///shot-fixed:"},
[20:48:51.558] "/stocks:/i3d-jsonmodels:phonghead_kfb/i2d-scene:mf2d0/grid:/ui-msgbg:/shot-fixed:",
[20:48:51.559] "///i2d-scene:mf2d0///",
[20:48:51.559] {},
[20:49:06.316] {"t":"camera3d","f":"panflyBy","a":{"r":-0.7854,"d":4}},
[20:49:06.361] "/stocks:/i3d-jsonmodels:phonghead_kfb/i2d-scene:mf2d0/grid:/ui-msgbg:/shot-anim:scope34",
[20:49:06.362] "//////shot-anim:scope34",
[20:49:06.362] {"delta":{"timeline":{"p":{"paused":true,"repeat":0},"actors":{"i3d:camera:rotation":[{"dur":4,"p":{"y":-0.7854,"immediateRender":false}}]}}}},
[20:49:16.317] {"t":"camera2d","f":"zoomflyBy","a":{"s":0.9,"d":3}},
[20:49:16.355] "/stocks:/i3d-jsonmodels:phonghead_kfb/i2d-scene:mf2d0/grid:/ui-msgbg:/shot-anim:scope35",
[20:49:16.355] "//////shot-anim:scope35",
[20:49:16.355] {"delta":{"timeline":{"p":{"paused":true,"repeat":0,"tweens":[]},"actors":{"i2d:zoom_plane":[{"dur":3,"p":{"scale":0.9,"svgOrigin":"0% 0%","immediateRender":false}}]}}}},
[20:49:31.318] {"t":"camera2d","f":"zoomflyTo","a":{"s":2,"d":3}},
[20:49:31.363] "/stocks:/i3d-jsonmodels:phonghead_kfb/i2d-scene:mf2d0/grid:/ui-msgbg:/shot-anim:scope36",
[20:49:31.364] "//////shot-anim:scope36",
[20:49:31.364] {"delta":{"timeline":{"p":{"paused":true,"repeat":0,"tweens":[]},"actors":{"i2d:zoom_plane":[{"dur":3,"p":{"scale":2,"svgOrigin":"0% 0%","immediateRender":false}}]}}}},
[20:49:46.319] {"t":"camera2d","f":"zoomflyTo","a":{"s":0.5,"d":3}},
[20:49:46.359] "/stocks:/i3d-jsonmodels:phonghead_kfb/i2d-scene:mf2d0/grid:/ui-msgbg:/shot-anim:scope37",
[20:49:46.359] "//////shot-anim:scope37",
[20:49:46.359] {"delta":{"timeline":{"p":{"paused":true,"repeat":0,"tweens":[]},"actors":{"i2d:zoom_plane":[{"dur":3,"p":{"scale":0.5,"svgOrigin":"0% 0%","immediateRender":false}}]}}}},
[20:49:56.319] {"t":"camera2d","f":"dollyflyTo","a":{"x":20,"d":3}},
[20:49:56.362] "/stocks:/i3d-jsonmodels:phonghead_kfb/i2d-scene:mf2d0/grid:/ui-msgbg:/shot-anim:scope38",
[20:49:56.362] "//////shot-anim:scope38",
[20:49:56.362] {"delta":{"timeline":{"p":{"paused":true,"repeat":0,"tweens":[]},"actors":{"i2d:plane":[{"dur":3,"p":{"x":20,"y":0,"immediateRender":false}}]}}}},
[20:50:06.319] {"t":"camera2d","f":"center","a":{"d":3}},
[20:50:06.358] "//////shot-anim:scope39",
[20:50:06.358] "/stocks:/i3d-jsonmodels:phonghead_kfb/i2d-scene:mf2d0/grid:/ui-msgbg:/shot-anim:scope39",
[20:50:06.358] {"delta":{"timeline":{"p":{"paused":true,"repeat":0},"actors":{"i2d:plane":[{"dur":3,"p":{"x":0,"y":0,"immediateRender":false}}],"i2d:zoom_plane":[{"dur":3,"p":{"rotation":0,"svgOrigin":"0% 0%","immediateRender":false}}]}}}},
[20:50:21.319] {"t":"camera2d","f":"home","a":{"d":3}},
[20:50:21.380] "/stocks:/i3d-jsonmodels:phonghead_kfb/i2d-scene:mf2d0/grid:/ui-msgbg:/shot-anim:scope40",
[20:50:21.381] "//////shot-anim:scope40",
[20:50:21.381] {"delta":{"timeline":{"p":{"paused":true,"repeat":0},"actors":{"i2d:plane":[{"dur":3,"p":{"x":0,"y":0,"immediateRender":false}}],"i2d:zoom_plane":[{"dur":3,"p":{"rotation":0,"scale":1,"svgOrigin":"0% 0%","immediateRender":false}}]}}}},
[20:50:31.320] {"t":"camera2d","f":"rollflyTo","a":{"r":-90,"d":3}},
[20:50:31.375] "/stocks:/i3d-jsonmodels:phonghead_kfb/i2d-scene:mf2d0/grid:/ui-msgbg:/shot-anim:scope41",
[20:50:31.375] "//////shot-anim:scope41",
[20:50:31.376] {"delta":{"timeline":{"p":{"paused":true,"repeat":0,"tweens":[]},"actors":{"i2d:zoom_plane":[{"dur":3,"p":{"rotation":-90,"svgOrigin":"0% 0%","immediateRender":false}}]}}}},
[20:50:46.320] {"t":"camera2d","f":"rollflyBy","a":{"r":45,"d":3}},
[20:50:46.359] "/stocks:/i3d-jsonmodels:phonghead_kfb/i2d-scene:mf2d0/grid:/ui-msgbg:/shot-anim:scope42",
[20:50:46.359] "//////shot-anim:scope42",
[20:50:46.359] {"delta":{"timeline":{"p":{"paused":true,"repeat":0,"tweens":[]},"actors":{"i2d:zoom_plane":[{"dur":3,"p":{"rotation":-45,"svgOrigin":"0% 0%","immediateRender":false}}]}}}},
[20:50:56.321] {"t":"camera2d","f":"rollflyBy","a":{"r":45,"d":3}},
[20:50:56.359] "/stocks:/i3d-jsonmodels:phonghead_kfb/i2d-scene:mf2d0/grid:/ui-msgbg:/shot-anim:scope43",
[20:50:56.360] "//////shot-anim:scope43",
[20:50:56.360] {"delta":{"timeline":{"p":{"paused":true,"repeat":0,"tweens":[]},"actors":{"i2d:zoom_plane":[{"dur":3,"p":{"rotation":0,"svgOrigin":"0% 0%","immediateRender":false}}]}}}},
[20:51:06.322] {"t":"camera2d","f":"dollyflyTo","a":{"x":20,"d":3}},
[20:51:06.358] "/stocks:/i3d-jsonmodels:phonghead_kfb/i2d-scene:mf2d0/grid:/ui-msgbg:/shot-anim:scope44",
[20:51:06.358] "//////shot-anim:scope44",
[20:51:06.359] {"delta":{"timeline":{"p":{"paused":true,"repeat":0,"tweens":[]},"actors":{"i2d:plane":[{"dur":3,"p":{"x":20,"y":0,"immediateRender":false}}]}}}},
[20:51:21.324] {"t":"camera2d","f":"dollyflyTo","a":{"y":20,"d":3}},
[20:51:21.391] "/stocks:/i3d-jsonmodels:phonghead_kfb/i2d-scene:mf2d0/grid:/ui-msgbg:/shot-anim:scope45",
[20:51:21.391] "//////shot-anim:scope45",
[20:51:21.392] {"delta":{"timeline":{"p":{"paused":true,"repeat":0,"tweens":[]},"actors":{"i2d:plane":[{"dur":3,"p":{"x":20,"y":-20,"immediateRender":false}}]}}}},
[20:51:31.324] {"t":"camera2d","f":"dollyflyTo","a":{"x":0,"d":3}},
[20:51:31.370] "//////shot-anim:scope46",
[20:51:31.370] {"delta":{"timeline":{"p":{"paused":true,"repeat":0,"tweens":[]},"actors":{"i2d:plane":[{"dur":3,"p":{"x":0,"y":-20,"immediateRender":false}}]}}}},
[20:51:31.369] "/stocks:/i3d-jsonmodels:phonghead_kfb/i2d-scene:mf2d0/grid:/ui-msgbg:/shot-anim:scope46",
[20:51:46.326] {"t":"camera2d","f":"dollyflyTo","a":{"y":-40,"d":3}},
[20:51:46.378] "/stocks:/i3d-jsonmodels:phonghead_kfb/i2d-scene:mf2d0/grid:/ui-msgbg:/shot-anim:scope47",
[20:51:46.378] "//////shot-anim:scope47",
[20:51:46.378] {"delta":{"timeline":{"p":{"paused":true,"repeat":0,"tweens":[]},"actors":{"i2d:plane":[{"dur":3,"p":{"x":0,"y":40,"immediateRender":false}}]}}}},
[20:52:01.326] {"t":"camera2d","f":"dollyflyTo","a":{"x":20,"d":3}},
[20:52:01.369] "/stocks:/i3d-jsonmodels:phonghead_kfb/i2d-scene:mf2d0/grid:/ui-msgbg:/shot-anim:scope48",
[20:52:01.370] "//////shot-anim:scope48",
[20:52:01.371] {"delta":{"timeline":{"p":{"paused":true,"repeat":0,"tweens":[]},"actors":{"i2d:plane":[{"dur":3,"p":{"x":20,"y":40,"immediateRender":false}}]}}}},
[20:52:11.326] {"t":"camera2d","f":"dollyflyTo","a":{"x":0,"d":3}},
[20:52:11.380] "/stocks:/i3d-jsonmodels:phonghead_kfb/i2d-scene:mf2d0/grid:/ui-msgbg:/shot-anim:scope49",
[20:52:11.380] "//////shot-anim:scope49",
[20:52:11.380] {"delta":{"timeline":{"p":{"paused":true,"repeat":0,"tweens":[]},"actors":{"i2d:plane":[{"dur":3,"p":{"x":0,"y":40,"immediateRender":false}}]}}}},
[20:52:26.326] {"t":"camera3d","f":"tiltflyTo","a":{"r":-0.7854,"d":3}},
[20:52:26.380] {"delta":{"timeline":{"p":{"paused":true,"repeat":0},"actors":{"i3d:camera:rotation":[{"dur":3,"p":{"x":-0.7854,"immediateRender":false}}]}}}},
[20:52:26.379] "//////shot-anim:scope50",
[20:52:26.379] "/stocks:/i3d-jsonmodels:phonghead_kfb/i2d-scene:mf2d0/grid:/ui-msgbg:/shot-anim:scope50",
[20:52:36.327] {"t":"camera3d","f":"panflyTo","a":{"r":-0.7854,"d":3}},
[20:52:36.375] "/stocks:/i3d-jsonmodels:phonghead_kfb/i2d-scene:mf2d0/grid:/ui-msgbg:/shot-anim:scope51",
[20:52:36.376] "//////shot-anim:scope51",
[20:52:36.376] {"delta":{"timeline":{"p":{"paused":true,"repeat":0},"actors":{"i3d:camera:rotation":[{"dur":3,"p":{"y":-0.7854,"immediateRender":false}}]}}}},
[20:52:46.326] {"t":"camera3d","f":"lookAt"},
[20:52:46.375] "/stocks:/i3d-jsonmodels:phonghead_kfb/i2d-scene:mf2d0/grid:/ui-msgbg:/shot-fixed:scope52",
[20:52:46.375] {"delta-t":"camera3d","f":"lookAt","a":{}},
[20:52:46.375] "//////shot-fixed:scope52",
[20:53:01.327] {"t":"camera3d","f":"dollyflyTo","a":{"x":20,"y":0,"z":0,"d":3}},
[20:53:01.368] "/stocks:/i3d-jsonmodels:phonghead_kfb/i2d-scene:mf2d0/grid:/ui-msgbg:/shot-anim:scope53",
[20:53:01.368] {"delta":{"timeline":{"p":{"paused":true,"repeat":0},"actors":{"i3d:csphere:position":[{"dur":3,"p":{"x":20,"y":0,"z":0,"immediateRender":false}}]}}}},
[20:53:01.368] "//////shot-anim:scope53",
[20:53:11.329] {"t":"camera3d","f":"zoomflyTo","a":{"s":0.5,"d":3}},
[20:53:11.371] "/stocks:/i3d-jsonmodels:phonghead_kfb/i2d-scene:mf2d0/grid:/ui-msgbg:/shot-anim:scope54",
[20:53:11.371] {"delta":{"timeline":{"p":{"paused":true,"repeat":0},"actors":{"i3d:csphere:scale":[{"dur":3,"p":{"x":0.5,"y":0.5,"z":0.5,"immediateRender":false}}]}}}},
[20:53:11.371] "//////shot-anim:scope54",
[20:53:26.336] {"t":"camera3d","f":"zoomflyTo","a":{"s":2,"d":3}},
[20:53:26.368] "/stocks:/i3d-jsonmodels:phonghead_kfb/i2d-scene:mf2d0/grid:/ui-msgbg:/shot-anim:scope55",
[20:53:26.368] "//////shot-anim:scope55",
[20:53:26.368] {"delta":{"timeline":{"p":{"paused":true,"repeat":0},"actors":{"i3d:csphere:scale":[{"dur":3,"p":{"x":2,"y":2,"z":2,"immediateRender":false}}]}}}},
[20:53:36.331] {"t":"camera3d","f":"dollyflyTo","a":{"x":20,"y":20,"z":-20,"d":3}},
[20:53:36.371] "/stocks:/i3d-jsonmodels:phonghead_kfb/i2d-scene:mf2d0/grid:/ui-msgbg:/shot-anim:scope56",
[20:53:36.372] "//////shot-anim:scope56",
[20:53:36.372] {"delta":{"timeline":{"p":{"paused":true,"repeat":0},"actors":{"i3d:csphere:position":[{"dur":3,"p":{"x":20,"y":20,"z":-20,"immediateRender":false}}]}}}},
[20:53:46.331] {"t":"camera3d","f":"zoomflyTo","a":{"s":0.5,"d":3}},
[20:53:46.381] "/stocks:/i3d-jsonmodels:phonghead_kfb/i2d-scene:mf2d0/grid:/ui-msgbg:/shot-anim:scope57",
[20:53:46.381] "//////shot-anim:scope57",
[20:53:46.381] {"delta":{"timeline":{"p":{"paused":true,"repeat":0},"actors":{"i3d:csphere:scale":[{"dur":3,"p":{"x":0.5,"y":0.5,"z":0.5,"immediateRender":false}}]}}}},
[20:54:01.331] {"t":"camera3d","f":"center","a":{"d":3}},
[20:54:01.374] "/stocks:/i3d-jsonmodels:phonghead_kfb/i2d-scene:mf2d0/grid:/ui-msgbg:/shot-anim:scope58",
[20:54:01.374] "//////shot-anim:scope58",
[20:54:01.376] {"delta":{"timeline":{"p":{"paused":true,"repeat":0},"actors":{"i3d:camera:rotation":[{"dur":3,"p":{"x":0,"y":0,"z":0,"immediateRender":false}}],"i3d:csphere:position":[{"dur":3,"p":{"x":0,"y":0,"z":0,"immediateRender":false}}],"i3d:csphere:rotation":[{"dur":3,"p":{"x":0,"y":0,"z":0,"immediateRender":false}}],"i2d:plane":[{"dur":3,"p":{"x":0,"y":0,"immediateRender":false}}],"i2d:zoom_plane":[{"dur":3,"p":{"rotation":0,"svgOrigin":"0% 0%","immediateRender":false}}]}}}},
[20:54:11.331] {"t":"camera3d","f":"home","a":{"d":3}},
[20:54:11.388] "/stocks:/i3d-jsonmodels:phonghead_kfb/i2d-scene:mf2d0/grid:/ui-msgbg:/shot-anim:scope59",
[20:54:11.388] "//////shot-anim:scope59",
[20:54:11.389] {"delta":{"timeline":{"p":{"paused":true,"repeat":0},"actors":{"i3d:camera:rotation":[{"dur":3,"p":{"x":0,"y":0,"z":0,"immediateRender":false}}],"i3d:csphere:position":[{"dur":3,"p":{"x":0,"y":0,"z":0,"immediateRender":false}}],"i3d:csphere:scale":[{"dur":3,"p":{"x":1,"y":1,"z":1,"immediateRender":false}}],"i3d:csphere:rotation":[{"dur":3,"p":{"x":0,"y":0,"z":0,"immediateRender":false}}],"i2d:plane":[{"dur":3,"p":{"x":0,"y":0,"immediateRender":false}}],"i2d:zoom_plane":[{"dur":3,"p":{"rotation":0,"scale":1,"svgOrigin":"0% 0%","immediateRender":false}}]}}}},
[20:54:21.332] {"t":"camera3d","f":"panflyBy","a":{"r":0.7854,"d":3}},
[20:54:21.371] "/stocks:/i3d-jsonmodels:phonghead_kfb/i2d-scene:mf2d0/grid:/ui-msgbg:/shot-anim:scope60",
[20:54:21.371] "//////shot-anim:scope60",
[20:54:21.371] {"delta":{"timeline":{"p":{"paused":true,"repeat":0},"actors":{"i3d:camera:rotation":[{"dur":3,"p":{"y":0.7854,"immediateRender":false}}]}}}},
[20:54:36.333] {"t":"camera3d","f":"tiltflyBy","a":{"r":0.7854,"d":3}},
[20:54:36.380] "/stocks:/i3d-jsonmodels:phonghead_kfb/i2d-scene:mf2d0/grid:/ui-msgbg:/shot-anim:scope61",
[20:54:36.381] {"delta":{"timeline":{"p":{"paused":true,"repeat":0},"actors":{"i3d:camera:rotation":[{"dur":3,"p":{"x":0.7854,"immediateRender":false}}]}}}},
[20:54:36.380] "//////shot-anim:scope61",
[20:54:46.332] {"t":"camera3d","f":"lookAt"},
[20:54:46.364] "/stocks:/i3d-jsonmodels:phonghead_kfb/i2d-scene:mf2d0/grid:/ui-msgbg:/shot-fixed:scope62",
[20:54:46.367] "//////shot-fixed:scope62",
[20:54:46.367] {"delta-t":"camera3d","f":"lookAt","a":{}},
[20:55:01.339] {"t":"camera3d","f":"rollflyTo","a":{"r":-1.57,"d":4}},
[20:55:01.376] "/stocks:/i3d-jsonmodels:phonghead_kfb/i2d-scene:mf2d0/grid:/ui-msgbg:/shot-anim:scope63",
[20:55:01.377] "//////shot-anim:scope63",
[20:55:01.377] {"delta":{"timeline":{"p":{"paused":true,"repeat":0},"actors":{"i3d:camera:rotation":[{"dur":4,"p":{"z":-1.57,"immediateRender":false}}]}}}},
[20:55:16.334] {"t":"camera3d","f":"rollflyBy","a":{"r":0.3927,"d":4}},
[20:55:16.369] "/stocks:/i3d-jsonmodels:phonghead_kfb/i2d-scene:mf2d0/grid:/ui-msgbg:/shot-anim:scope64",
[20:55:16.369] "//////shot-anim:scope64",
[20:55:16.369] {"delta":{"timeline":{"p":{"paused":true,"repeat":0},"actors":{"i3d:camera:rotation":[{"dur":4,"p":{"z":-1.1773,"immediateRender":false}}]}}}},
[20:55:31.337] {"t":"camera3d","f":"rollflyBy","a":{"r":0.3927,"d":4}},
[20:55:31.366] "/stocks:/i3d-jsonmodels:phonghead_kfb/i2d-scene:mf2d0/grid:/ui-msgbg:/shot-anim:scope65",
[20:55:31.366] "//////shot-anim:scope65",
[20:55:31.366] {"delta":{"timeline":{"p":{"paused":true,"repeat":0},"actors":{"i3d:camera:rotation":[{"dur":4,"p":{"z":-0.7846,"immediateRender":false}}]}}}},
[20:55:41.338] {"t":"camera3d","f":"center","a":{"d":3}},
[20:55:41.377] "/stocks:/i3d-jsonmodels:phonghead_kfb/i2d-scene:mf2d0/grid:/ui-msgbg:/shot-anim:scope66",
[20:55:41.377] "//////shot-anim:scope66",
[20:55:41.377] {"delta":{"timeline":{"p":{"paused":true,"repeat":0},"actors":{"i3d:camera:rotation":[{"dur":3,"p":{"x":0,"y":0,"z":0,"immediateRender":false}}],"i3d:csphere:position":[{"dur":3,"p":{"x":0,"y":0,"z":0,"immediateRender":false}}],"i3d:csphere:rotation":[{"dur":3,"p":{"x":0,"y":0,"z":0,"immediateRender":false}}],"i2d:plane":[{"dur":3,"p":{"x":0,"y":0,"immediateRender":false}}],"i2d:zoom_plane":[{"dur":3,"p":{"rotation":0,"svgOrigin":"0% 0%","immediateRender":false}}]}}}},
[20:55:51.338] {"t":"camera3d","f":"yawflyTo","a":{"r":1.57,"d":3}},
[20:55:51.375] "/stocks:/i3d-jsonmodels:phonghead_kfb/i2d-scene:mf2d0/grid:/ui-msgbg:/shot-anim:scope67",
[20:55:51.375] "//////shot-anim:scope67",
[20:55:51.375] {"delta":{"timeline":{"p":{"paused":true,"repeat":0},"actors":{"i3d:csphere:rotation":[{"dur":3,"p":{"y":1.57,"immediateRender":false}}]}}}},
[20:56:06.339] {"t":"camera3d","f":"yawflyBy","a":{"r":-0.7854,"d":3}},
[20:56:06.374] "/stocks:/i3d-jsonmodels:phonghead_kfb/i2d-scene:mf2d0/grid:/ui-msgbg:/shot-anim:scope68",
[20:56:06.374] "//////shot-anim:scope68",
[20:56:06.374] {"delta":{"timeline":{"p":{"paused":true,"repeat":0},"actors":{"i3d:csphere:rotation":[{"dur":3,"p":{"y":0.7846000000000001,"immediateRender":false}}]}}}},
[20:56:16.338] {"t":"camera3d","f":"yawflyBy","a":{"r":-0.7854,"d":3}},
[20:56:16.391] "/stocks:/i3d-jsonmodels:phonghead_kfb/i2d-scene:mf2d0/grid:/ui-msgbg:/shot-anim:scope69",
[20:56:16.391] "//////shot-anim:scope69",
[20:56:16.392] {"delta":{"timeline":{"p":{"paused":true,"repeat":0},"actors":{"i3d:csphere:rotation":[{"dur":3,"p":{"y":-0.0007999999999999119,"immediateRender":false}}]}}}},
[20:56:26.339] {"t":"camera3d","f":"pitchflyTo","a":{"r":-1.57,"d":3}},
[20:56:26.375] "/stocks:/i3d-jsonmodels:phonghead_kfb/i2d-scene:mf2d0/grid:/ui-msgbg:/shot-anim:scope70",
[20:56:26.375] "//////shot-anim:scope70",
[20:56:26.376] {"delta":{"timeline":{"p":{"paused":true,"repeat":0},"actors":{"i3d:csphere:rotation":[{"dur":3,"p":{"x":-1.57,"immediateRender":false}}]}}}},
[20:56:41.369] {"t":"camera3d","f":"pitchflyBy","a":{"r":0.7854,"d":3}},
[20:56:41.370] "/stocks:/i3d-jsonmodels:phonghead_kfb/i2d-scene:mf2d0/grid:/ui-msgbg:/shot-anim:scope71",
[20:56:41.375] "//////shot-anim:scope71",
[20:56:41.376] {"delta":{"timeline":{"p":{"paused":true,"repeat":0},"actors":{"i3d:csphere:rotation":[{"dur":3,"p":{"x":-0.7846000000000001,"immediateRender":false}}]}}}},
[20:56:51.340] {"t":"camera3d","f":"pitchflyBy","a":{"r":0.7854,"d":3}},
[20:56:51.381] "/stocks:/i3d-jsonmodels:phonghead_kfb/i2d-scene:mf2d0/grid:/ui-msgbg:/shot-anim:scope72",
[20:56:51.381] "//////shot-anim:scope72",
[20:56:51.381] {"delta":{"timeline":{"p":{"paused":true,"repeat":0},"actors":{"i3d:csphere:rotation":[{"dur":3,"p":{"x":0.0007999999999999119,"immediateRender":false}}]}}}},
[20:57:06.346] {"t":"camera3d","f":"dollyflyTo","a":{"x":20,"y":-20,"z":-30,"d":3}},
[20:57:06.375] "/stocks:/i3d-jsonmodels:phonghead_kfb/i2d-scene:mf2d0/grid:/ui-msgbg:/shot-anim:scope73",
[20:57:06.375] "//////shot-anim:scope73",
[20:57:06.376] {"delta":{"timeline":{"p":{"paused":true,"repeat":0},"actors":{"i3d:csphere:position":[{"dur":3,"p":{"x":20,"y":-20,"z":-30,"immediateRender":false}}]}}}},
[20:57:16.346] {"t":"camera3d","f":"dollyflyTo","a":{"x":0,"y":0,"z":30,"d":6}},
[20:57:16.387] "/stocks:/i3d-jsonmodels:phonghead_kfb/i2d-scene:mf2d0/grid:/ui-msgbg:/shot-anim:scope74",
[20:57:16.388] {"delta":{"timeline":{"p":{"paused":true,"repeat":0},"actors":{"i3d:csphere:position":[{"dur":6,"p":{"x":20,"y":-20,"z":30,"immediateRender":false}}]}}}},
[20:57:16.387] "//////shot-anim:scope74",
[20:57:31.347] {"t":"camera3d","f":"tiltflyBy","a":{"r":0.7854,"d":3}},
[20:57:31.393] {"delta":{"timeline":{"p":{"paused":true,"repeat":0},"actors":{"i3d:camera:rotation":[{"dur":3,"p":{"x":0.7854,"immediateRender":false}}]}}}},
[20:57:31.392] "//////shot-anim:scope75",
[20:57:31.392] "/stocks:/i3d-jsonmodels:phonghead_kfb/i2d-scene:mf2d0/grid:/ui-msgbg:/shot-anim:scope75",
[20:57:41.347] {"t":"camera3d","f":"zoomflyTo","a":{"s":2,"d":3}},
[20:57:41.401] "//////shot-anim:scope76",
[20:57:41.401] {"delta":{"timeline":{"p":{"paused":true,"repeat":0},"actors":{"i3d:csphere:scale":[{"dur":3,"p":{"x":2,"y":2,"z":2,"immediateRender":false}}]}}}},
[20:57:41.401] "/stocks:/i3d-jsonmodels:phonghead_kfb/i2d-scene:mf2d0/grid:/ui-msgbg:/shot-anim:scope76",
[20:57:56.348] {"t":"camera3d","f":"home","a":{"d":3}},
[20:57:56.386] "/stocks:/i3d-jsonmodels:phonghead_kfb/i2d-scene:mf2d0/grid:/ui-msgbg:/shot-anim:scope77",
[20:57:56.388] "//////shot-anim:scope77",
[20:57:56.390] {"delta":{"timeline":{"p":{"paused":true,"repeat":0},"actors":{"i3d:camera:rotation":[{"dur":3,"p":{"x":0,"y":0,"z":0,"immediateRender":false}}],"i3d:csphere:position":[{"dur":3,"p":{"x":0,"y":0,"z":0,"immediateRender":false}}],"i3d:csphere:scale":[{"dur":3,"p":{"x":1,"y":1,"z":1,"immediateRender":false}}],"i3d:csphere:rotation":[{"dur":3,"p":{"x":0,"y":0,"z":0,"immediateRender":false}}],"i2d:plane":[{"dur":3,"p":{"x":0,"y":0,"immediateRender":false}}],"i2d:zoom_plane":[{"dur":3,"p":{"rotation":0,"scale":1,"svgOrigin":"0% 0%","immediateRender":false}}]}}}},
[20:58:11.348] {"t":"narrative","f":"change_scene","a":"payments"},
[20:58:12.132] "/payments:/i3d-simple:phong_head_sphere_kfb/i2d-empty:/black:/ui-msgbg:/shot-fixed:",
[20:58:12.134] "/payments:/i3d-simple:phong_head_sphere_kfb/i2d-empty:/black://shot-fixed:",
[20:58:12.134] {},
[20:58:21.351] {"t":"narrative","f":"change_state","a":"///i2d-scene:mf2d0///shot-fixed:"},
[20:58:21.611] "/payments:/i3d-simple:phong_head_sphere_kfb/i2d-scene:mf2d0/black:/ui-msgbg:/shot-fixed:",
[20:58:21.611] "///i2d-scene:mf2d0///",
[20:58:21.612] {},
[20:58:31.353] {"t":"camera3d","f":"panflyBy","a":{"r":-0.7854,"d":4}},
[20:58:31.405] "/payments:/i3d-simple:phong_head_sphere_kfb/i2d-scene:mf2d0/black:/ui-msgbg:/shot-anim:scope80",
[20:58:31.405] "//////shot-anim:scope80",
[20:58:31.405] {"delta":{"timeline":{"p":{"paused":true,"repeat":0},"actors":{"i3d:camera:rotation":[{"dur":4,"p":{"y":-0.7854,"immediateRender":false}}]}}}},
[20:58:46.353] {"t":"camera3d","f":"tiltflyBy","a":{"r":-0.7854,"d":4}},
[20:58:46.403] "/payments:/i3d-simple:phong_head_sphere_kfb/i2d-scene:mf2d0/black:/ui-msgbg:/shot-anim:scope81",
[20:58:46.403] "//////shot-anim:scope81",
[20:58:46.403] {"delta":{"timeline":{"p":{"paused":true,"repeat":0},"actors":{"i3d:camera:rotation":[{"dur":4,"p":{"x":-0.7854,"immediateRender":false}}]}}}},
[20:59:01.353] {"t":"narrative","f":"change_state","a":"////base-skycube:test_bg//"},
[20:59:01.471] "/payments:/i3d-simple:phong_head_sphere_kfb/i2d-scene:mf2d0/base-skycube:test_bg/ui-msgbg:/shot-fixed:",
[20:59:01.471] "////base-skycube:test_bg//shot-fixed:",
[20:59:01.471] {},
[20:59:11.352] {"t":"camera3d","f":"panflyTo","a":{"r":0.7854,"d":4}},
[20:59:11.395] "/payments:/i3d-simple:phong_head_sphere_kfb/i2d-scene:mf2d0/base-skycube:test_bg/ui-msgbg:/shot-anim:scope83",
[20:59:11.395] "//////shot-anim:scope83",
[20:59:11.395] {"delta":{"timeline":{"p":{"paused":true,"repeat":0},"actors":{"i3d:camera:rotation":[{"dur":4,"p":{"y":0.7854,"immediateRender":false}}]}}}},
[20:59:26.352] {"t":"narrative","f":"change_state","a":"////base-skycube:no-anim//{}"},
[20:59:26.414] "/payments:/i3d-simple:phong_head_sphere_kfb/i2d-scene:mf2d0/base-skycube:no-anim/ui-msgbg:/shot-fixed:",
[20:59:26.414] "////base-skycube:no-anim//shot-fixed:",
[20:59:26.414] {},
[20:59:41.354] {"t":"camera3d","f":"zoomflyBy","a":{"s":0.3,"d":4}},
[20:59:41.390] "//////shot-anim:scope85",
[20:59:41.390] "/payments:/i3d-simple:phong_head_sphere_kfb/i2d-scene:mf2d0/base-skycube:no-anim/ui-msgbg:/shot-anim:scope85",
[20:59:41.390] {"delta":{"timeline":{"p":{"paused":true,"repeat":0},"actors":{"i3d:csphere:scale":[{"dur":4,"p":{"x":0.3,"y":0.3,"z":0.3,"immediateRender":false}}]}}}},
[20:59:51.353] {"t":"camera3d","f":"center","a":{"d":3}},
[20:59:51.400] "//////shot-anim:scope86",
[20:59:51.400] "/payments:/i3d-simple:phong_head_sphere_kfb/i2d-scene:mf2d0/base-skycube:no-anim/ui-msgbg:/shot-anim:scope86",
[20:59:51.401] {"delta":{"timeline":{"p":{"paused":true,"repeat":0},"actors":{"i3d:camera:rotation":[{"dur":3,"p":{"x":0,"y":0,"z":0,"immediateRender":false}}],"i3d:csphere:position":[{"dur":3,"p":{"x":0,"y":0,"z":0,"immediateRender":false}}],"i3d:csphere:rotation":[{"dur":3,"p":{"x":0,"y":0,"z":0,"immediateRender":false}}],"i2d:plane":[{"dur":3,"p":{"x":0,"y":0,"immediateRender":false}}],"i2d:zoom_plane":[{"dur":3,"p":{"rotation":0,"svgOrigin":"0% 0%","immediateRender":false}}]}}}},
[21:00:06.355] {"t":"camera3d","f":"home","a":{"d":3}},
[21:00:06.401] "/payments:/i3d-simple:phong_head_sphere_kfb/i2d-scene:mf2d0/base-skycube:no-anim/ui-msgbg:/shot-anim:scope87",
[21:00:06.402] "//////shot-anim:scope87",
[21:00:06.402] {"delta":{"timeline":{"p":{"paused":true,"repeat":0},"actors":{"i3d:camera:rotation":[{"dur":3,"p":{"x":0,"y":0,"z":0,"immediateRender":false}}],"i3d:csphere:position":[{"dur":3,"p":{"x":0,"y":0,"z":0,"immediateRender":false}}],"i3d:csphere:scale":[{"dur":3,"p":{"x":1,"y":1,"z":1,"immediateRender":false}}],"i3d:csphere:rotation":[{"dur":3,"p":{"x":0,"y":0,"z":0,"immediateRender":false}}],"i2d:plane":[{"dur":3,"p":{"x":0,"y":0,"immediateRender":false}}],"i2d:zoom_plane":[{"dur":3,"p":{"rotation":0,"scale":1,"svgOrigin":"0% 0%","immediateRender":false}}]}}}},
[21:00:16.358] {"t":"narrative","f":"change_state","a":"////videocam://shot-fixed:"},
[21:00:16.479] "/payments:/i3d-simple:phong_head_sphere_kfb/i2d-scene:mf2d0/videocam:/ui-msgbg:/shot-fixed:",
[21:00:16.479] "*** e2e urls test: 89 tests  0 failures ***",
[21:00:16.479] "////videocam://shot-fixed:",
[21:00:16.480] {},
[21:00:16.479] "*** e2e shot test: 89 tests 0 failures ***",
