[22:19:51.003] "//////shot-anim:scope0",
[22:19:51.003] {"delta":{"timeline":{"p":{"paused":true,"repeat":0},"actors":{"i3d:camera:rotation":[{"dur":3,"p":{"y":-0.7854,"immediateRender":false}}]}}}},
[22:19:50.984] {"t":"camera3d","f":"panflyTo","a":{"r":-0.7854,"d":3}},
[22:19:51.002] "/metaweb:/i3d-empty:/i2d-reflect:/empty:/ui-msgbg:/shot-anim:scope0",
[22:20:05.978] {"t":"camera3d","f":"lookAt"},
[22:20:06.015] "/metaweb:/i3d-empty:/i2d-reflect:/empty:/ui-msgbg:/shot-fixed:scope1",
[22:20:06.015] "//////shot-fixed:scope1",
[22:20:06.016] {"delta-t":"camera3d","f":"lookAt","a":{}},
[22:20:15.979] {"t":"camera3d","f":"panflyTo","a":{"r":-0.7854,"d":3}},
[22:20:16.012] "/metaweb:/i3d-empty:/i2d-reflect:/empty:/ui-msgbg:/shot-anim:scope2",
[22:20:16.012] "//////shot-anim:scope2",
[22:20:16.014] {"delta":{"timeline":{"p":{"paused":true,"repeat":0},"actors":{"i3d:camera:rotation":[{"dur":3,"p":{"y":-0.7854,"immediateRender":false}}]}}}},
[22:20:30.979] {"t":"camera3d","f":"home","a":{"d":3}},
[22:20:31.032] "/metaweb:/i3d-empty:/i2d-reflect:/empty:/ui-msgbg:/shot-anim:scope3",
[22:20:31.032] "//////shot-anim:scope3",
[22:20:31.034] {"delta":{"timeline":{"p":{"paused":true,"repeat":0},"actors":{"i3d:camera:rotation":[{"dur":3,"p":{"x":0,"y":0,"z":0,"immediateRender":false}}],"i3d:csphere:position":[{"dur":3,"p":{"x":0,"y":0,"z":0,"immediateRender":false}}],"i3d:csphere:scale":[{"dur":3,"p":{"x":1,"y":1,"z":1,"immediateRender":false}}],"i3d:csphere:rotation":[{"dur":3,"p":{"x":0,"y":0,"z":0,"immediateRender":false}}],"i2d:plane":[{"dur":3,"p":{"x":0,"y":0,"immediateRender":false}}],"i2d:zoom_plane":[{"dur":3,"p":{"rotation":0,"scale":1,"svgOrigin":"0% 0%","immediateRender":false}}]}}}},
[22:20:40.979] {"t":"camera3d","f":"panflyTo","a":{"r":0,"d":3}},
[22:20:41.010] "/metaweb:/i3d-empty:/i2d-reflect:/empty:/ui-msgbg:/shot-anim:scope4",
[22:20:41.010] "//////shot-anim:scope4",
[22:20:41.014] {"delta":{"timeline":{"p":{"paused":true,"repeat":0},"actors":{"i3d:camera:rotation":[{"dur":3,"p":{"y":0,"immediateRender":false}}]}}}},
[22:20:55.980] {"t":"narrative","f":"change_scene","a":"a"},
[22:20:56.267] "/a:/i3d-simple:simple_green/i2d-scene:disks0/base-skycube:test_cube/ui-msgbg:/shot-fixed:",
[22:20:56.267] "/a:/i3d-simple:simple_green/i2d-scene:disks0/base-skycube:test_cube//shot-fixed:",
[22:20:56.267] {},
[22:21:05.982] {"t":"narrative","f":"change_scene","a":"a0"},
[22:21:06.117] "/a0:/i3d-simple:simple_green/i2d-scene:disks0/base-skycube:test_cube/ui-msgbg:/shot-graft:scope6",
[22:21:06.117] "/a0://///shot-graft:scope6",
[22:21:06.120] {"delta":{"timeline":{"p":{"repeat":0},"actors":{"i3d:cube0:scale":[{"dur":10,"p":{"x":0.5,"y":0.5,"z":0.5}}]}},"branches":{"cube0":{"children":{"cube0_2":{"form":{"type":"'cube.i3d'","x":0,"y":0,"z":0,"textureurl":"./images/sky.jpg","w":5,"h":10,"d":10,"color":"blue","transparent":true,"opacity":1},"transform":{"t":[-20,-10,0],"s":[0.01,0.01,0.01]},"children":{}},"cube0_3":{"form":{"type":"'cube.i3d'","x":0,"y":-20,"z":0,"textureurl":"sky_jpg","w":5,"h":10,"d":10,"color":"blue","transparent":true,"opacity":1},"transform":{"t":[20,0,0],"s":[0.01,0.01,0.01]},"children":{}}}}}}},
[22:21:15.965] {"t":"narrative","f":"change_scene","a":"a1"},
[22:21:16.051] "/a1:/i3d-simple:simple_green/i2d-scene:disks0/base-skycube:test_cube/ui-msgbg:/shot-graft:scope7",
[22:21:16.051] "/a1://///shot-graft:scope7",
[22:21:16.052] {"delta":{"timeline":{"p":{"repeat":0},"actors":{"i3d:cube0_2:scale":[{"dur":10,"p":{"x":1,"y":1,"z":1}}],"i3d:cube0_3:scale":[{"dur":10,"p":{"x":1,"y":1,"z":1}}]}},"branches":{"cube0_2":{"children":{"s0_2_0":{"form":{"type":"'sphere.i3d'","r":5,"color":"blue","transparent":true,"opacity":0.8},"transform":{"e":[0,-0.785,0],"t":[-10,-10,0],"s":[0.01,0.01,0.01]},"children":{}},"s0_2_1":{"form":{"type":"'sphere.i3d'","r":5,"color":"blue","transparent":true,"opacity":0.8},"transform":{"e":[0,0.785,0],"t":[10,10,0],"s":[0.01,0.01,0.01]},"children":{}}}}}}},
[22:21:31.053] {"t":"narrative","f":"change_scene","a":"a2"},
[22:21:31.065] "/a2:/i3d-simple:simple_green/i2d-scene:disks0/base-skycube:test_cube/ui-msgbg:/shot-graft:scope8",
[22:21:31.066] "/a2://///shot-graft:scope8",
[22:21:31.066] {"delta":{"timeline":{"p":{"repeat":0},"actors":{"i3d:s0_2_0:scale":[{"dur":10,"p":{"x":1,"y":1,"z":1}}],"i3d:s0_2_1:scale":[{"dur":10,"p":{"x":1,"y":1,"z":1}}]}},"branches":{}}},
[22:21:46.053] {"t":"camera3d","f":"dollyflyTo","a":{"x":10,"y":10,"z":-20,"d":4}},
[22:21:46.066] "/a2:/i3d-simple:simple_green/i2d-scene:disks0/base-skycube:test_cube/ui-msgbg:/shot-anim:scope9",
[22:21:46.067] "//////shot-anim:scope9",
[22:21:46.067] {"delta":{"timeline":{"p":{"paused":true,"repeat":0},"actors":{"i3d:csphere:position":[{"dur":4,"p":{"x":10,"y":10,"z":-20,"immediateRender":false}}]}}}},
[22:21:56.054] {"t":"narrative","f":"change_scene","a":"payments"},
[22:21:56.870] "/payments:/i3d-simple:phong_head_sphere_kfb/i2d-empty:/black:/ui-msgbg:/shot-fixed:",
[22:21:56.870] "/payments:/i3d-simple:phong_head_sphere_kfb/i2d-empty:/black://shot-fixed:",
[22:21:56.870] {},
[22:22:06.055] {"t":"camera3d","f":"toggle_csphere","a":{"val":false}},
[22:22:06.088] "/payments:/i3d-simple:phong_head_sphere_kfb/i2d-empty:/black:/ui-msgbg:/shot-fixed:scope11",
[22:22:06.089] "//////shot-fixed:scope11",
[22:22:06.089] {"delta-t":"camera3d","f":"toggle_csphere","a":false},
[22:22:21.054] {"t":"camera3d","f":"toggle_csphere","a":{"val":true}},
[22:22:21.081] "/payments:/i3d-simple:phong_head_sphere_kfb/i2d-empty:/black:/ui-msgbg:/shot-fixed:scope12",
[22:22:21.081] "//////shot-fixed:scope12",
[22:22:21.082] {"delta-t":"camera3d","f":"toggle_csphere","a":true},
[22:22:31.057] {"t":"camera3d","f":"toggle_light","a":{"name":"key","val":false}},
[22:22:31.092] "/payments:/i3d-simple:phong_head_sphere_kfb/i2d-empty:/black:/ui-msgbg:/shot-fixed:scope13",
[22:22:31.093] "//////shot-fixed:scope13",
[22:22:31.094] {"delta-t":"camera3d","f":"toggle_light","a":{"name":"key","val":false}},
[22:22:41.058] {"t":"camera3d","f":"toggle_light","a":{"name":"fill","val":false}},
[22:22:41.090] "/payments:/i3d-simple:phong_head_sphere_kfb/i2d-empty:/black:/ui-msgbg:/shot-fixed:scope14",
[22:22:41.090] {"delta-t":"camera3d","f":"toggle_light","a":{"name":"fill","val":false}},
[22:22:41.090] "//////shot-fixed:scope14",
[22:22:56.059] {"t":"camera3d","f":"toggle_light","a":{"name":"back","val":false}},
[22:22:56.086] "/payments:/i3d-simple:phong_head_sphere_kfb/i2d-empty:/black:/ui-msgbg:/shot-fixed:scope15",
[22:22:56.087] "//////shot-fixed:scope15",
[22:22:56.087] {"delta-t":"camera3d","f":"toggle_light","a":{"name":"back","val":false}},
[22:23:11.059] {"t":"camera3d","f":"toggle_light","a":{"name":"key","val":true}},
[22:23:11.091] "/payments:/i3d-simple:phong_head_sphere_kfb/i2d-empty:/black:/ui-msgbg:/shot-fixed:scope16",
[22:23:11.091] "//////shot-fixed:scope16",
[22:23:11.092] {"delta-t":"camera3d","f":"toggle_light","a":{"name":"key","val":true}},
[22:23:21.059] {"t":"camera3d","f":"toggle_light","a":{"name":"fill","val":true}},
[22:23:21.078] "/payments:/i3d-simple:phong_head_sphere_kfb/i2d-empty:/black:/ui-msgbg:/shot-fixed:scope17",
[22:23:21.078] "//////shot-fixed:scope17",
[22:23:21.078] {"delta-t":"camera3d","f":"toggle_light","a":{"name":"fill","val":true}},
[22:23:36.061] {"t":"camera3d","f":"toggle_light","a":{"name":"back","val":true}},
[22:23:36.094] "/payments:/i3d-simple:phong_head_sphere_kfb/i2d-empty:/black:/ui-msgbg:/shot-fixed:scope18",
[22:23:36.094] "//////shot-fixed:scope18",
[22:23:36.094] {"delta-t":"camera3d","f":"toggle_light","a":{"name":"back","val":true}},
[22:23:46.061] {"t":"narrative","f":"change_scene","a":"a"},
[22:23:46.286] "/a:/i3d-simple:simple_green/i2d-scene:disks0/base-skycube:test_cube/ui-msgbg:/shot-fixed:",
[22:23:46.287] "/a:/i3d-simple:simple_green/i2d-scene:disks0/base-skycube:test_cube//shot-fixed:",
[22:23:46.288] {},
[22:23:56.061] {"t":"narrative","f":"shot","a":"shot-graft:{\"delta\":{\"timeline\":{\"p\":{\"repeat\":0},\"actors\":{\"i3d:cube0:scale\":[{\"dur\":10,\"p\":{\"x\":0.5,\"y\":0.5,\"z\":0.5}}]}},\"branches\":{\"cube0\":{\"children\":{\"cube0_2\":{\"form\":{\"type\":\"'cube.i3d'\",\"x\":0,\"y\":0,\"z\":0,\"textureurl\":\"./images/sky.jpg\",\"w\":5,\"h\":10,\"d\":10,\"color\":\"blue\",\"transparent\":true,\"opacity\":1},\"transform\":{\"t\":[-20,-10,0],\"s\":[0.01,0.01,0.01]},\"children\":{}},\"cube0_3\":{\"form\":{\"type\":\"'cube.i3d'\",\"x\":0,\"y\":-20,\"z\":0,\"textureurl\":\"sky_jpg\",\"w\":5,\"h\":10,\"d\":10,\"color\":\"blue\",\"transparent\":true,\"opacity\":1},\"transform\":{\"t\":[20,0,0],\"s\":[0.01,0.01,0.01]},\"children\":{}}}}}}}"},
[22:23:56.214] "/a:/i3d-simple:simple_green/i2d-scene:disks0/base-skycube:test_cube/ui-msgbg:/shot-graft:scope20",
[22:23:56.215] "//////shot-graft:scope20",
[22:23:56.215] {"delta":{"timeline":{"p":{"repeat":0},"actors":{"i3d:cube0:scale":[{"dur":10,"p":{"x":0.5,"y":0.5,"z":0.5}}]}},"branches":{"cube0":{"children":{"cube0_2":{"form":{"type":"'cube.i3d'","x":0,"y":0,"z":0,"textureurl":"./images/sky.jpg","w":5,"h":10,"d":10,"color":"blue","transparent":true,"opacity":1},"transform":{"t":[-20,-10,0],"s":[0.01,0.01,0.01]},"children":{}},"cube0_3":{"form":{"type":"'cube.i3d'","x":0,"y":-20,"z":0,"textureurl":"sky_jpg","w":5,"h":10,"d":10,"color":"blue","transparent":true,"opacity":1},"transform":{"t":[20,0,0],"s":[0.01,0.01,0.01]},"children":{}}}}}}},
[22:24:06.081] {"t":"narrative","f":"shot","a":"shot-graft:{\"delta\":{\"timeline\":{\"p\":{\"repeat\":0},\"actors\":{\"i3d:cube0_2:scale\":[{\"dur\":10,\"p\":{\"x\":1,\"y\":1,\"z\":1}}],\"i3d:cube0_3:scale\":[{\"dur\":10,\"p\":{\"x\":1,\"y\":1,\"z\":1}}]}},\"branches\":{\"cube0_2\":{\"children\":{\"s0_2_0\":{\"form\":{\"type\":\"'sphere.i3d'\",\"r\":5,\"color\":\"blue\",\"transparent\":true,\"opacity\":0.8},\"transform\":{\"e\":[0,-0.785,0],\"t\":[-10,-10,0],\"s\":[0.01,0.01,0.01]},\"children\":{}},\"s0_2_1\":{\"form\":{\"type\":\"'sphere.i3d'\",\"r\":5,\"color\":\"blue\",\"transparent\":true,\"opacity\":0.8},\"transform\":{\"e\":[0,0.785,0],\"t\":[10,10,0],\"s\":[0.01,0.01,0.01]},\"children\":{}}}}}}}"},
[22:24:06.216] "/a:/i3d-simple:simple_green/i2d-scene:disks0/base-skycube:test_cube/ui-msgbg:/shot-graft:scope21",
[22:24:06.216] "//////shot-graft:scope21",
[22:24:06.217] {"delta":{"timeline":{"p":{"repeat":0},"actors":{"i3d:cube0_2:scale":[{"dur":10,"p":{"x":1,"y":1,"z":1}}],"i3d:cube0_3:scale":[{"dur":10,"p":{"x":1,"y":1,"z":1}}]}},"branches":{"cube0_2":{"children":{"s0_2_0":{"form":{"type":"'sphere.i3d'","r":5,"color":"blue","transparent":true,"opacity":0.8},"transform":{"e":[0,-0.785,0],"t":[-10,-10,0],"s":[0.01,0.01,0.01]},"children":{}},"s0_2_1":{"form":{"type":"'sphere.i3d'","r":5,"color":"blue","transparent":true,"opacity":0.8},"transform":{"e":[0,0.785,0],"t":[10,10,0],"s":[0.01,0.01,0.01]},"children":{}}}}}}},
[22:24:21.062] {"t":"narrative","f":"shot","a":"shot-graft:{\"delta\":{\"timeline\":{\"p\":{\"repeat\":0},\"actors\":{\"i3d:s0_2_0:scale\":[{\"dur\":10,\"p\":{\"x\":1,\"y\":1,\"z\":1}}],\"i3d:s0_2_1:scale\":[{\"dur\":10,\"p\":{\"x\":1,\"y\":1,\"z\":1}}]}},\"branches\":{}}}"},
[22:24:21.090] "/a:/i3d-simple:simple_green/i2d-scene:disks0/base-skycube:test_cube/ui-msgbg:/shot-graft:scope22",
[22:24:21.090] "//////shot-graft:scope22",
[22:24:21.091] {"delta":{"timeline":{"p":{"repeat":0},"actors":{"i3d:s0_2_0:scale":[{"dur":10,"p":{"x":1,"y":1,"z":1}}],"i3d:s0_2_1:scale":[{"dur":10,"p":{"x":1,"y":1,"z":1}}]}},"branches":{}}},
[22:24:31.055] {"t":"camera3d","f":"panflyTo","a":{"r":0.7854,"d":4}},
[22:24:31.075] "/a:/i3d-simple:simple_green/i2d-scene:disks0/base-skycube:test_cube/ui-msgbg:/shot-anim:scope23",
[22:24:31.076] "//////shot-anim:scope23",
[22:24:31.077] {"delta":{"timeline":{"p":{"paused":true,"repeat":0},"actors":{"i3d:camera:rotation":[{"dur":4,"p":{"y":0.7854,"immediateRender":false}}]}}}},
[22:24:46.087] {"t":"narrative","f":"change_scene","a":"footprint"},
[22:24:47.815] "/footprint:/i3d-scene:scene1/i2d-empty:/escher:/ui-msgbg:/shot-fixed:",
[22:24:47.816] "/footprint:/i3d-scene:scene1/i2d-empty:/escher://shot-fixed:",
[22:24:47.816] {},
[22:25:01.090] {"t":"camera3d","f":"panflyTo","a":{"r":0.7854,"d":4}},
[22:25:01.133] "/footprint:/i3d-scene:scene1/i2d-empty:/escher:/ui-msgbg:/shot-anim:scope25",
[22:25:01.133] "//////shot-anim:scope25",
[22:25:01.133] {"delta":{"timeline":{"p":{"paused":true,"repeat":0},"actors":{"i3d:camera:rotation":[{"dur":4,"p":{"y":0.7854,"immediateRender":false}}]}}}},
[22:25:16.091] {"t":"camera3d","f":"tiltflyTo","a":{"r":0.7854,"d":4}},
[22:25:16.144] "/footprint:/i3d-scene:scene1/i2d-empty:/escher:/ui-msgbg:/shot-anim:scope26",
[22:25:16.146] "//////shot-anim:scope26",
[22:25:16.146] {"delta":{"timeline":{"p":{"paused":true,"repeat":0},"actors":{"i3d:camera:rotation":[{"dur":4,"p":{"x":0.7854,"immediateRender":false}}]}}}},
[22:25:31.091] {"t":"camera3d","f":"billboardsFaceCamera"},
[22:25:31.127] "/footprint:/i3d-scene:scene1/i2d-empty:/escher:/ui-msgbg:/shot-fixed:scope27",
[22:25:31.127] {"delta-t":"camera3d","f":"billboardsFaceCamera"},
[22:25:31.127] "//////shot-fixed:scope27",
[22:25:41.091] {"t":"camera3d","f":"tiltflyBy","a":{"r":-0.7854,"d":4}},
[22:25:41.142] "/footprint:/i3d-scene:scene1/i2d-empty:/escher:/ui-msgbg:/shot-anim:scope28",
[22:25:41.142] "//////shot-anim:scope28",
[22:25:41.143] {"delta":{"timeline":{"p":{"paused":true,"repeat":0},"actors":{"i3d:camera:rotation":[{"dur":4,"p":{"x":0,"immediateRender":false}}]}}}},
[22:25:56.092] {"t":"camera3d","f":"panflyBy","a":{"r":-0.7854,"d":4}},
[22:25:56.137] "//////shot-anim:scope29",
[22:25:56.137] "/footprint:/i3d-scene:scene1/i2d-empty:/escher:/ui-msgbg:/shot-anim:scope29",
[22:25:56.137] {"delta":{"timeline":{"p":{"paused":true,"repeat":0},"actors":{"i3d:camera:rotation":[{"dur":4,"p":{"y":0,"immediateRender":false}}]}}}},
[22:26:06.092] {"t":"narrative","f":"change_scene","a":"circle"},
[22:26:06.543] "/circle:/i3d-simple:simple_red/i2d-scene:disks0/base-skycube:test_cube/ui-msgbg:/shot-graft:a0",
[22:26:06.545] "/circle:/i3d-simple:simple_red/i2d-scene:disks0/base-skycube:test_cube//shot-graft:a0",
[22:26:06.545] {"delta":{"timeline":[{"id":"cube0_1","dur":10,"p":{"scale":[1,1,1]},"delay":2}],"branches":{"cube0":{"children":{"cube0_2":{"form":{"type":"'cube.i3d'","x":0,"y":0,"z":0,"textureurl":"./images/sky.jpg","w":20,"h":20,"d":20,"color":"blue","transparent":true,"opacity":1},"transform":{"t":[-20,-10,0],"s":[0.25,1,0.25]},"children":{}},"cube0_3":{"form":{"type":"'cube.i3d'","x":0,"y":-20,"z":0,"textureurl":"sky_jpg","w":20,"h":40,"d":20,"color":"blue","transparent":true,"opacity":1},"transform":{"t":[20,0,0],"s":[0.5,1,0.5]},"children":{}}}}}}},
[22:26:21.094] {"t":"narrative","f":"change_state","a":"/circle:/i3d-simple:simple_red/i2d-scene:mf2d0/base-skycube:test_cube/ui-msgbg:/shot-fixed:"},
[22:26:21.281] "/circle:/i3d-simple:simple_red/i2d-scene:mf2d0/base-skycube:test_cube/ui-msgbg:/shot-fixed:",
[22:26:21.283] {},
[22:26:21.282] "///i2d-scene:mf2d0///shot-fixed:",
[22:26:31.092] {"t":"narrative","f":"change_scene","a":"stocks"},
[22:26:32.589] "/stocks:/i3d-jsonmodels:phonghead_kfb/i2d-scene:defsuse0/grid:/ui-msgbg:/shot-fixed:",
[22:26:32.589] "/stocks:/i3d-jsonmodels:phonghead_kfb/i2d-scene:defsuse0/grid://",
[22:26:32.590] {},
[22:26:46.094] {"t":"narrative","f":"change_state","a":"///i2d-scene:mf2d0///shot-fixed:"},
[22:26:46.330] "/stocks:/i3d-jsonmodels:phonghead_kfb/i2d-scene:mf2d0/grid:/ui-msgbg:/shot-fixed:",
[22:26:46.330] "///i2d-scene:mf2d0///",
[22:26:46.331] {},
[22:27:01.096] {"t":"camera3d","f":"panflyBy","a":{"r":-0.7854,"d":4}},
[22:27:01.144] "//////shot-anim:scope34",
[22:27:01.144] {"delta":{"timeline":{"p":{"paused":true,"repeat":0},"actors":{"i3d:camera:rotation":[{"dur":4,"p":{"y":-0.7854,"immediateRender":false}}]}}}},
[22:27:01.144] "/stocks:/i3d-jsonmodels:phonghead_kfb/i2d-scene:mf2d0/grid:/ui-msgbg:/shot-anim:scope34",
[22:27:16.096] {"t":"camera2d","f":"zoomflyBy","a":{"s":0.9,"d":3}},
[22:27:16.138] "/stocks:/i3d-jsonmodels:phonghead_kfb/i2d-scene:mf2d0/grid:/ui-msgbg:/shot-anim:scope35",
[22:27:16.138] "//////shot-anim:scope35",
[22:27:16.139] {"delta":{"timeline":{"p":{"paused":true,"repeat":0,"tweens":[]},"actors":{"i2d:zoom_plane":[{"dur":3,"p":{"scale":0.9,"svgOrigin":"0% 0%","immediateRender":false}}]}}}},
[22:27:26.096] {"t":"camera2d","f":"zoomflyTo","a":{"s":2,"d":3}},
[22:27:26.146] "/stocks:/i3d-jsonmodels:phonghead_kfb/i2d-scene:mf2d0/grid:/ui-msgbg:/shot-anim:scope36",
[22:27:26.146] "//////shot-anim:scope36",
[22:27:26.147] {"delta":{"timeline":{"p":{"paused":true,"repeat":0,"tweens":[]},"actors":{"i2d:zoom_plane":[{"dur":3,"p":{"scale":2,"svgOrigin":"0% 0%","immediateRender":false}}]}}}},
[22:27:36.100] {"t":"camera2d","f":"zoomflyTo","a":{"s":0.5,"d":3}},
[22:27:36.145] "/stocks:/i3d-jsonmodels:phonghead_kfb/i2d-scene:mf2d0/grid:/ui-msgbg:/shot-anim:scope37",
[22:27:36.145] "//////shot-anim:scope37",
[22:27:36.145] {"delta":{"timeline":{"p":{"paused":true,"repeat":0,"tweens":[]},"actors":{"i2d:zoom_plane":[{"dur":3,"p":{"scale":0.5,"svgOrigin":"0% 0%","immediateRender":false}}]}}}},
[22:27:46.104] {"t":"camera2d","f":"dollyflyTo","a":{"x":20,"d":3}},
[22:27:46.166] "/stocks:/i3d-jsonmodels:phonghead_kfb/i2d-scene:mf2d0/grid:/ui-msgbg:/shot-anim:scope38",
[22:27:46.167] "//////shot-anim:scope38",
[22:27:46.168] {"delta":{"timeline":{"p":{"paused":true,"repeat":0,"tweens":[]},"actors":{"i2d:plane":[{"dur":3,"p":{"x":20,"y":0,"immediateRender":false}}]}}}},
[22:28:01.104] {"t":"camera2d","f":"center","a":{"d":3}},
[22:28:01.152] "/stocks:/i3d-jsonmodels:phonghead_kfb/i2d-scene:mf2d0/grid:/ui-msgbg:/shot-anim:scope39",
[22:28:01.152] {"delta":{"timeline":{"p":{"paused":true,"repeat":0},"actors":{"i2d:plane":[{"dur":3,"p":{"x":0,"y":0,"immediateRender":false}}],"i2d:zoom_plane":[{"dur":3,"p":{"rotation":0,"svgOrigin":"0% 0%","immediateRender":false}}]}}}},
[22:28:01.152] "//////shot-anim:scope39",
[22:28:11.105] {"t":"camera2d","f":"home","a":{"d":3}},
[22:28:11.153] "/stocks:/i3d-jsonmodels:phonghead_kfb/i2d-scene:mf2d0/grid:/ui-msgbg:/shot-anim:scope40",
[22:28:11.153] "//////shot-anim:scope40",
[22:28:11.153] {"delta":{"timeline":{"p":{"paused":true,"repeat":0},"actors":{"i2d:plane":[{"dur":3,"p":{"x":0,"y":0,"immediateRender":false}}],"i2d:zoom_plane":[{"dur":3,"p":{"rotation":0,"scale":1,"svgOrigin":"0% 0%","immediateRender":false}}]}}}},
[22:28:21.106] {"t":"camera2d","f":"rollflyTo","a":{"r":-90,"d":3}},
[22:28:21.149] "/stocks:/i3d-jsonmodels:phonghead_kfb/i2d-scene:mf2d0/grid:/ui-msgbg:/shot-anim:scope41",
[22:28:21.151] "//////shot-anim:scope41",
[22:28:21.152] {"delta":{"timeline":{"p":{"paused":true,"repeat":0,"tweens":[]},"actors":{"i2d:zoom_plane":[{"dur":3,"p":{"rotation":-90,"svgOrigin":"0% 0%","immediateRender":false}}]}}}},
[22:28:31.106] {"t":"camera2d","f":"rollflyBy","a":{"r":45,"d":3}},
[22:28:31.162] "/stocks:/i3d-jsonmodels:phonghead_kfb/i2d-scene:mf2d0/grid:/ui-msgbg:/shot-anim:scope42",
[22:28:31.162] "//////shot-anim:scope42",
[22:28:31.163] {"delta":{"timeline":{"p":{"paused":true,"repeat":0,"tweens":[]},"actors":{"i2d:zoom_plane":[{"dur":3,"p":{"rotation":-45,"svgOrigin":"0% 0%","immediateRender":false}}]}}}},
[22:28:46.107] {"t":"camera2d","f":"rollflyBy","a":{"r":45,"d":3}},
[22:28:46.148] "/stocks:/i3d-jsonmodels:phonghead_kfb/i2d-scene:mf2d0/grid:/ui-msgbg:/shot-anim:scope43",
[22:28:46.149] "//////shot-anim:scope43",
[22:28:46.149] {"delta":{"timeline":{"p":{"paused":true,"repeat":0,"tweens":[]},"actors":{"i2d:zoom_plane":[{"dur":3,"p":{"rotation":0,"svgOrigin":"0% 0%","immediateRender":false}}]}}}},
[22:29:01.106] {"t":"camera2d","f":"dollyflyTo","a":{"x":20,"d":3}},
[22:29:01.147] "/stocks:/i3d-jsonmodels:phonghead_kfb/i2d-scene:mf2d0/grid:/ui-msgbg:/shot-anim:scope44",
[22:29:01.147] "//////shot-anim:scope44",
[22:29:01.148] {"delta":{"timeline":{"p":{"paused":true,"repeat":0,"tweens":[]},"actors":{"i2d:plane":[{"dur":3,"p":{"x":20,"y":0,"immediateRender":false}}]}}}},
[22:29:11.106] {"t":"camera2d","f":"dollyflyTo","a":{"y":20,"d":3}},
[22:29:11.154] "/stocks:/i3d-jsonmodels:phonghead_kfb/i2d-scene:mf2d0/grid:/ui-msgbg:/shot-anim:scope45",
[22:29:11.154] "//////shot-anim:scope45",
[22:29:11.155] {"delta":{"timeline":{"p":{"paused":true,"repeat":0,"tweens":[]},"actors":{"i2d:plane":[{"dur":3,"p":{"x":20,"y":-20,"immediateRender":false}}]}}}},
[22:29:26.112] {"t":"camera2d","f":"dollyflyTo","a":{"x":0,"d":3}},
[22:29:26.158] "/stocks:/i3d-jsonmodels:phonghead_kfb/i2d-scene:mf2d0/grid:/ui-msgbg:/shot-anim:scope46",
[22:29:26.158] "//////shot-anim:scope46",
[22:29:26.159] {"delta":{"timeline":{"p":{"paused":true,"repeat":0,"tweens":[]},"actors":{"i2d:plane":[{"dur":3,"p":{"x":0,"y":-20,"immediateRender":false}}]}}}},
[22:29:36.113] {"t":"camera2d","f":"dollyflyTo","a":{"y":-40,"d":3}},
[22:29:36.165] "/stocks:/i3d-jsonmodels:phonghead_kfb/i2d-scene:mf2d0/grid:/ui-msgbg:/shot-anim:scope47",
[22:29:36.166] "//////shot-anim:scope47",
[22:29:36.166] {"delta":{"timeline":{"p":{"paused":true,"repeat":0,"tweens":[]},"actors":{"i2d:plane":[{"dur":3,"p":{"x":0,"y":40,"immediateRender":false}}]}}}},
[22:29:51.111] {"t":"camera2d","f":"dollyflyTo","a":{"x":20,"d":3}},
[22:29:51.162] "/stocks:/i3d-jsonmodels:phonghead_kfb/i2d-scene:mf2d0/grid:/ui-msgbg:/shot-anim:scope48",
[22:29:51.163] "//////shot-anim:scope48",
[22:29:51.163] {"delta":{"timeline":{"p":{"paused":true,"repeat":0,"tweens":[]},"actors":{"i2d:plane":[{"dur":3,"p":{"x":20,"y":40,"immediateRender":false}}]}}}},
[22:30:06.112] {"t":"camera2d","f":"dollyflyTo","a":{"x":0,"d":3}},
[22:30:06.158] "/stocks:/i3d-jsonmodels:phonghead_kfb/i2d-scene:mf2d0/grid:/ui-msgbg:/shot-anim:scope49",
[22:30:06.158] "//////shot-anim:scope49",
[22:30:06.158] {"delta":{"timeline":{"p":{"paused":true,"repeat":0,"tweens":[]},"actors":{"i2d:plane":[{"dur":3,"p":{"x":0,"y":40,"immediateRender":false}}]}}}},
[22:30:16.112] {"t":"camera3d","f":"tiltflyTo","a":{"r":-0.7854,"d":3}},
[22:30:16.154] "/stocks:/i3d-jsonmodels:phonghead_kfb/i2d-scene:mf2d0/grid:/ui-msgbg:/shot-anim:scope50",
[22:30:16.156] {"delta":{"timeline":{"p":{"paused":true,"repeat":0},"actors":{"i3d:camera:rotation":[{"dur":3,"p":{"x":-0.7854,"immediateRender":false}}]}}}},
[22:30:16.154] "//////shot-anim:scope50",
[22:30:26.112] {"t":"camera3d","f":"panflyTo","a":{"r":-0.7854,"d":3}},
[22:30:26.156] "/stocks:/i3d-jsonmodels:phonghead_kfb/i2d-scene:mf2d0/grid:/ui-msgbg:/shot-anim:scope51",
[22:30:26.157] "//////shot-anim:scope51",
[22:30:26.157] {"delta":{"timeline":{"p":{"paused":true,"repeat":0},"actors":{"i3d:camera:rotation":[{"dur":3,"p":{"y":-0.7854,"immediateRender":false}}]}}}},
[22:30:41.119] {"t":"camera3d","f":"lookAt"},
[22:30:41.160] "/stocks:/i3d-jsonmodels:phonghead_kfb/i2d-scene:mf2d0/grid:/ui-msgbg:/shot-fixed:scope52",
[22:30:41.160] "//////shot-fixed:scope52",
[22:30:41.161] {"delta-t":"camera3d","f":"lookAt","a":{}},
[22:30:51.117] {"t":"camera3d","f":"dollyflyTo","a":{"x":20,"y":0,"z":0,"d":3}},
[22:30:51.166] "//////shot-anim:scope53",
[22:30:51.166] {"delta":{"timeline":{"p":{"paused":true,"repeat":0},"actors":{"i3d:csphere:position":[{"dur":3,"p":{"x":20,"y":0,"z":0,"immediateRender":false}}]}}}},
[22:30:51.166] "/stocks:/i3d-jsonmodels:phonghead_kfb/i2d-scene:mf2d0/grid:/ui-msgbg:/shot-anim:scope53",
[22:31:06.118] {"t":"camera3d","f":"zoomflyTo","a":{"s":0.5,"d":3}},
[22:31:06.159] "/stocks:/i3d-jsonmodels:phonghead_kfb/i2d-scene:mf2d0/grid:/ui-msgbg:/shot-anim:scope54",
[22:31:06.160] "//////shot-anim:scope54",
[22:31:06.160] {"delta":{"timeline":{"p":{"paused":true,"repeat":0},"actors":{"i3d:csphere:scale":[{"dur":3,"p":{"x":0.5,"y":0.5,"z":0.5,"immediateRender":false}}]}}}},
[22:31:21.119] {"t":"camera3d","f":"zoomflyTo","a":{"s":2,"d":3}},
[22:31:21.157] "/stocks:/i3d-jsonmodels:phonghead_kfb/i2d-scene:mf2d0/grid:/ui-msgbg:/shot-anim:scope55",
[22:31:21.158] {"delta":{"timeline":{"p":{"paused":true,"repeat":0},"actors":{"i3d:csphere:scale":[{"dur":3,"p":{"x":2,"y":2,"z":2,"immediateRender":false}}]}}}},
[22:31:21.157] "//////shot-anim:scope55",
[22:31:31.122] {"t":"camera3d","f":"dollyflyTo","a":{"x":20,"y":20,"z":-20,"d":3}},
[22:31:31.162] "/stocks:/i3d-jsonmodels:phonghead_kfb/i2d-scene:mf2d0/grid:/ui-msgbg:/shot-anim:scope56",
[22:31:31.162] {"delta":{"timeline":{"p":{"paused":true,"repeat":0},"actors":{"i3d:csphere:position":[{"dur":3,"p":{"x":20,"y":20,"z":-20,"immediateRender":false}}]}}}},
[22:31:31.162] "//////shot-anim:scope56",
[22:31:46.126] {"t":"camera3d","f":"zoomflyTo","a":{"s":0.5,"d":3}},
[22:31:46.172] "/stocks:/i3d-jsonmodels:phonghead_kfb/i2d-scene:mf2d0/grid:/ui-msgbg:/shot-anim:scope57",
[22:31:46.172] "//////shot-anim:scope57",
[22:31:46.173] {"delta":{"timeline":{"p":{"paused":true,"repeat":0},"actors":{"i3d:csphere:scale":[{"dur":3,"p":{"x":0.5,"y":0.5,"z":0.5,"immediateRender":false}}]}}}},
[22:32:01.126] {"t":"camera3d","f":"center","a":{"d":3}},
[22:32:01.173] "/stocks:/i3d-jsonmodels:phonghead_kfb/i2d-scene:mf2d0/grid:/ui-msgbg:/shot-anim:scope58",
[22:32:01.174] "//////shot-anim:scope58",
[22:32:01.174] {"delta":{"timeline":{"p":{"paused":true,"repeat":0},"actors":{"i3d:camera:rotation":[{"dur":3,"p":{"x":0,"y":0,"z":0,"immediateRender":false}}],"i3d:csphere:position":[{"dur":3,"p":{"x":0,"y":0,"z":0,"immediateRender":false}}],"i3d:csphere:rotation":[{"dur":3,"p":{"x":0,"y":0,"z":0,"immediateRender":false}}],"i2d:plane":[{"dur":3,"p":{"x":0,"y":0,"immediateRender":false}}],"i2d:zoom_plane":[{"dur":3,"p":{"rotation":0,"svgOrigin":"0% 0%","immediateRender":false}}]}}}},
[22:32:11.127] {"t":"camera3d","f":"home","a":{"d":3}},
[22:32:11.169] "/stocks:/i3d-jsonmodels:phonghead_kfb/i2d-scene:mf2d0/grid:/ui-msgbg:/shot-anim:scope59",
[22:32:11.170] "//////shot-anim:scope59",
[22:32:11.170] {"delta":{"timeline":{"p":{"paused":true,"repeat":0},"actors":{"i3d:camera:rotation":[{"dur":3,"p":{"x":0,"y":0,"z":0,"immediateRender":false}}],"i3d:csphere:position":[{"dur":3,"p":{"x":0,"y":0,"z":0,"immediateRender":false}}],"i3d:csphere:scale":[{"dur":3,"p":{"x":1,"y":1,"z":1,"immediateRender":false}}],"i3d:csphere:rotation":[{"dur":3,"p":{"x":0,"y":0,"z":0,"immediateRender":false}}],"i2d:plane":[{"dur":3,"p":{"x":0,"y":0,"immediateRender":false}}],"i2d:zoom_plane":[{"dur":3,"p":{"rotation":0,"scale":1,"svgOrigin":"0% 0%","immediateRender":false}}]}}}},
[22:32:26.129] {"t":"camera3d","f":"panflyBy","a":{"r":0.7854,"d":3}},
[22:32:26.166] "/stocks:/i3d-jsonmodels:phonghead_kfb/i2d-scene:mf2d0/grid:/ui-msgbg:/shot-anim:scope60",
[22:32:26.166] "//////shot-anim:scope60",
[22:32:26.166] {"delta":{"timeline":{"p":{"paused":true,"repeat":0},"actors":{"i3d:camera:rotation":[{"dur":3,"p":{"y":0.7854,"immediateRender":false}}]}}}},
[22:32:41.127] {"t":"camera3d","f":"tiltflyBy","a":{"r":0.7854,"d":3}},
[22:32:41.172] "/stocks:/i3d-jsonmodels:phonghead_kfb/i2d-scene:mf2d0/grid:/ui-msgbg:/shot-anim:scope61",
[22:32:41.175] "//////shot-anim:scope61",
[22:32:41.175] {"delta":{"timeline":{"p":{"paused":true,"repeat":0},"actors":{"i3d:camera:rotation":[{"dur":3,"p":{"x":0.7854,"immediateRender":false}}]}}}},
[22:32:51.130] {"t":"camera3d","f":"lookAt"},
[22:32:51.160] "//////shot-fixed:scope62",
[22:32:51.160] "/stocks:/i3d-jsonmodels:phonghead_kfb/i2d-scene:mf2d0/grid:/ui-msgbg:/shot-fixed:scope62",
[22:32:51.162] {"delta-t":"camera3d","f":"lookAt","a":{}},
[22:33:01.131] {"t":"camera3d","f":"rollflyTo","a":{"r":-1.57,"d":4}},
[22:33:01.160] "/stocks:/i3d-jsonmodels:phonghead_kfb/i2d-scene:mf2d0/grid:/ui-msgbg:/shot-anim:scope63",
[22:33:01.160] "//////shot-anim:scope63",
[22:33:01.160] {"delta":{"timeline":{"p":{"paused":true,"repeat":0},"actors":{"i3d:camera:rotation":[{"dur":4,"p":{"z":-1.57,"immediateRender":false}}]}}}},
[22:33:16.132] {"t":"camera3d","f":"rollflyBy","a":{"r":0.3927,"d":4}},
[22:33:16.172] "/stocks:/i3d-jsonmodels:phonghead_kfb/i2d-scene:mf2d0/grid:/ui-msgbg:/shot-anim:scope64",
[22:33:16.172] "//////shot-anim:scope64",
[22:33:16.172] {"delta":{"timeline":{"p":{"paused":true,"repeat":0},"actors":{"i3d:camera:rotation":[{"dur":4,"p":{"z":-1.1773,"immediateRender":false}}]}}}},
[22:33:26.132] {"t":"camera3d","f":"rollflyBy","a":{"r":0.3927,"d":4}},
[22:33:26.171] "/stocks:/i3d-jsonmodels:phonghead_kfb/i2d-scene:mf2d0/grid:/ui-msgbg:/shot-anim:scope65",
[22:33:26.172] "//////shot-anim:scope65",
[22:33:26.172] {"delta":{"timeline":{"p":{"paused":true,"repeat":0},"actors":{"i3d:camera:rotation":[{"dur":4,"p":{"z":-0.7846,"immediateRender":false}}]}}}},
[22:33:36.133] {"t":"camera3d","f":"center","a":{"d":3}},
[22:33:36.181] "/stocks:/i3d-jsonmodels:phonghead_kfb/i2d-scene:mf2d0/grid:/ui-msgbg:/shot-anim:scope66",
[22:33:36.181] "//////shot-anim:scope66",
[22:33:36.181] {"delta":{"timeline":{"p":{"paused":true,"repeat":0},"actors":{"i3d:camera:rotation":[{"dur":3,"p":{"x":0,"y":0,"z":0,"immediateRender":false}}],"i3d:csphere:position":[{"dur":3,"p":{"x":0,"y":0,"z":0,"immediateRender":false}}],"i3d:csphere:rotation":[{"dur":3,"p":{"x":0,"y":0,"z":0,"immediateRender":false}}],"i2d:plane":[{"dur":3,"p":{"x":0,"y":0,"immediateRender":false}}],"i2d:zoom_plane":[{"dur":3,"p":{"rotation":0,"svgOrigin":"0% 0%","immediateRender":false}}]}}}},
[22:33:51.133] {"t":"camera3d","f":"yawflyTo","a":{"r":1.57,"d":3}},
[22:33:51.175] "//////shot-anim:scope67",
[22:33:51.175] {"delta":{"timeline":{"p":{"paused":true,"repeat":0},"actors":{"i3d:csphere:rotation":[{"dur":3,"p":{"y":1.57,"immediateRender":false}}]}}}},
[22:33:51.174] "/stocks:/i3d-jsonmodels:phonghead_kfb/i2d-scene:mf2d0/grid:/ui-msgbg:/shot-anim:scope67",
[22:34:01.134] {"t":"camera3d","f":"yawflyBy","a":{"r":-0.7854,"d":3}},
[22:34:01.175] "/stocks:/i3d-jsonmodels:phonghead_kfb/i2d-scene:mf2d0/grid:/ui-msgbg:/shot-anim:scope68",
[22:34:01.175] "//////shot-anim:scope68",
[22:34:01.176] {"delta":{"timeline":{"p":{"paused":true,"repeat":0},"actors":{"i3d:csphere:rotation":[{"dur":3,"p":{"y":0.7846000000000001,"immediateRender":false}}]}}}},
[22:34:16.133] {"t":"camera3d","f":"yawflyBy","a":{"r":-0.7854,"d":3}},
[22:34:16.178] "/stocks:/i3d-jsonmodels:phonghead_kfb/i2d-scene:mf2d0/grid:/ui-msgbg:/shot-anim:scope69",
[22:34:16.179] {"delta":{"timeline":{"p":{"paused":true,"repeat":0},"actors":{"i3d:csphere:rotation":[{"dur":3,"p":{"y":-0.0007999999999999119,"immediateRender":false}}]}}}},
[22:34:16.178] "//////shot-anim:scope69",
[22:34:26.133] {"t":"camera3d","f":"pitchflyTo","a":{"r":-1.57,"d":3}},
[22:34:26.171] "//////shot-anim:scope70",
[22:34:26.171] "/stocks:/i3d-jsonmodels:phonghead_kfb/i2d-scene:mf2d0/grid:/ui-msgbg:/shot-anim:scope70",
[22:34:26.171] {"delta":{"timeline":{"p":{"paused":true,"repeat":0},"actors":{"i3d:csphere:rotation":[{"dur":3,"p":{"x":-1.57,"immediateRender":false}}]}}}},
[22:34:36.138] {"t":"camera3d","f":"pitchflyBy","a":{"r":0.7854,"d":3}},
[22:34:36.182] "/stocks:/i3d-jsonmodels:phonghead_kfb/i2d-scene:mf2d0/grid:/ui-msgbg:/shot-anim:scope71",
[22:34:36.182] "//////shot-anim:scope71",
[22:34:36.182] {"delta":{"timeline":{"p":{"paused":true,"repeat":0},"actors":{"i3d:csphere:rotation":[{"dur":3,"p":{"x":-0.7846000000000001,"immediateRender":false}}]}}}},
[22:34:46.134] {"t":"camera3d","f":"pitchflyBy","a":{"r":0.7854,"d":3}},
[22:34:46.179] "/stocks:/i3d-jsonmodels:phonghead_kfb/i2d-scene:mf2d0/grid:/ui-msgbg:/shot-anim:scope72",
[22:34:46.179] "//////shot-anim:scope72",
[22:34:46.179] {"delta":{"timeline":{"p":{"paused":true,"repeat":0},"actors":{"i3d:csphere:rotation":[{"dur":3,"p":{"x":0.0007999999999999119,"immediateRender":false}}]}}}},
[22:35:01.134] {"t":"camera3d","f":"dollyflyTo","a":{"x":20,"y":-20,"z":-30,"d":3}},
[22:35:01.173] "//////shot-anim:scope73",
[22:35:01.174] {"delta":{"timeline":{"p":{"paused":true,"repeat":0},"actors":{"i3d:csphere:position":[{"dur":3,"p":{"x":20,"y":-20,"z":-30,"immediateRender":false}}]}}}},
[22:35:01.173] "/stocks:/i3d-jsonmodels:phonghead_kfb/i2d-scene:mf2d0/grid:/ui-msgbg:/shot-anim:scope73",
[22:35:11.135] {"t":"camera3d","f":"dollyflyTo","a":{"x":0,"y":0,"z":30,"d":6}},
[22:35:11.173] "/stocks:/i3d-jsonmodels:phonghead_kfb/i2d-scene:mf2d0/grid:/ui-msgbg:/shot-anim:scope74",
[22:35:11.173] "//////shot-anim:scope74",
[22:35:11.173] {"delta":{"timeline":{"p":{"paused":true,"repeat":0},"actors":{"i3d:csphere:position":[{"dur":6,"p":{"x":20,"y":-20,"z":30,"immediateRender":false}}]}}}},
[22:35:26.138] {"t":"camera3d","f":"tiltflyBy","a":{"r":0.7854,"d":3}},
[22:35:26.179] "/stocks:/i3d-jsonmodels:phonghead_kfb/i2d-scene:mf2d0/grid:/ui-msgbg:/shot-anim:scope75",
[22:35:26.180] "//////shot-anim:scope75",
[22:35:26.180] {"delta":{"timeline":{"p":{"paused":true,"repeat":0},"actors":{"i3d:camera:rotation":[{"dur":3,"p":{"x":0.7854,"immediateRender":false}}]}}}},
[22:35:36.142] {"t":"camera3d","f":"zoomflyTo","a":{"s":2,"d":3}},
[22:35:36.186] "/stocks:/i3d-jsonmodels:phonghead_kfb/i2d-scene:mf2d0/grid:/ui-msgbg:/shot-anim:scope76",
[22:35:36.186] "//////shot-anim:scope76",
[22:35:36.186] {"delta":{"timeline":{"p":{"paused":true,"repeat":0},"actors":{"i3d:csphere:scale":[{"dur":3,"p":{"x":2,"y":2,"z":2,"immediateRender":false}}]}}}},
[22:35:51.138] {"t":"camera3d","f":"home","a":{"d":3}},
[22:35:51.184] "/stocks:/i3d-jsonmodels:phonghead_kfb/i2d-scene:mf2d0/grid:/ui-msgbg:/shot-anim:scope77",
[22:35:51.184] "//////shot-anim:scope77",
[22:35:51.185] {"delta":{"timeline":{"p":{"paused":true,"repeat":0},"actors":{"i3d:camera:rotation":[{"dur":3,"p":{"x":0,"y":0,"z":0,"immediateRender":false}}],"i3d:csphere:position":[{"dur":3,"p":{"x":0,"y":0,"z":0,"immediateRender":false}}],"i3d:csphere:scale":[{"dur":3,"p":{"x":1,"y":1,"z":1,"immediateRender":false}}],"i3d:csphere:rotation":[{"dur":3,"p":{"x":0,"y":0,"z":0,"immediateRender":false}}],"i2d:plane":[{"dur":3,"p":{"x":0,"y":0,"immediateRender":false}}],"i2d:zoom_plane":[{"dur":3,"p":{"rotation":0,"scale":1,"svgOrigin":"0% 0%","immediateRender":false}}]}}}},
[22:36:06.139] {"t":"narrative","f":"change_scene","a":"payments"},
[22:36:06.794] "/payments:/i3d-simple:phong_head_sphere_kfb/i2d-empty:/black:/ui-msgbg:/shot-fixed:",
[22:36:06.795] "/payments:/i3d-simple:phong_head_sphere_kfb/i2d-empty:/black://shot-fixed:",
[22:36:06.795] {},
[22:36:16.140] {"t":"narrative","f":"change_state","a":"///i2d-scene:mf2d0///shot-fixed:"},
[22:36:16.382] "/payments:/i3d-simple:phong_head_sphere_kfb/i2d-scene:mf2d0/black:/ui-msgbg:/shot-fixed:",
[22:36:16.382] "///i2d-scene:mf2d0///",
[22:36:16.382] {},
[22:36:31.141] {"t":"camera3d","f":"panflyBy","a":{"r":-0.7854,"d":4}},
[22:36:31.185] "/payments:/i3d-simple:phong_head_sphere_kfb/i2d-scene:mf2d0/black:/ui-msgbg:/shot-anim:scope80",
[22:36:31.185] "//////shot-anim:scope80",
[22:36:31.185] {"delta":{"timeline":{"p":{"paused":true,"repeat":0},"actors":{"i3d:camera:rotation":[{"dur":4,"p":{"y":-0.7854,"immediateRender":false}}]}}}},
[22:36:41.141] {"t":"camera3d","f":"tiltflyBy","a":{"r":-0.7854,"d":4}},
[22:36:41.184] "/payments:/i3d-simple:phong_head_sphere_kfb/i2d-scene:mf2d0/black:/ui-msgbg:/shot-anim:scope81",
[22:36:41.184] "//////shot-anim:scope81",
[22:36:41.185] {"delta":{"timeline":{"p":{"paused":true,"repeat":0},"actors":{"i3d:camera:rotation":[{"dur":4,"p":{"x":-0.7854,"immediateRender":false}}]}}}},
[22:36:56.142] {"t":"narrative","f":"change_state","a":"////base-skycube:test_bg//"},
[22:36:56.259] "/payments:/i3d-simple:phong_head_sphere_kfb/i2d-scene:mf2d0/base-skycube:test_bg/ui-msgbg:/shot-fixed:",
[22:36:56.259] "////base-skycube:test_bg//shot-fixed:",
[22:36:56.260] {},
[22:37:11.142] {"t":"camera3d","f":"panflyTo","a":{"r":0.7854,"d":4}},
[22:37:11.195] "/payments:/i3d-simple:phong_head_sphere_kfb/i2d-scene:mf2d0/base-skycube:test_bg/ui-msgbg:/shot-anim:scope83",
[22:37:11.195] "//////shot-anim:scope83",
[22:37:11.195] {"delta":{"timeline":{"p":{"paused":true,"repeat":0},"actors":{"i3d:camera:rotation":[{"dur":4,"p":{"y":0.7854,"immediateRender":false}}]}}}},
[22:37:21.143] {"t":"narrative","f":"change_state","a":"////base-skycube:no-anim//{}"},
[22:37:21.209] "/payments:/i3d-simple:phong_head_sphere_kfb/i2d-scene:mf2d0/base-skycube:no-anim/ui-msgbg:/shot-fixed:",
[22:37:21.209] "////base-skycube:no-anim//shot-fixed:",
[22:37:21.209] {},
[22:37:36.143] {"t":"camera3d","f":"zoomflyBy","a":{"s":0.3,"d":4}},
[22:37:36.189] "/payments:/i3d-simple:phong_head_sphere_kfb/i2d-scene:mf2d0/base-skycube:no-anim/ui-msgbg:/shot-anim:scope85",
[22:37:36.189] "//////shot-anim:scope85",
[22:37:36.189] {"delta":{"timeline":{"p":{"paused":true,"repeat":0},"actors":{"i3d:csphere:scale":[{"dur":4,"p":{"x":0.3,"y":0.3,"z":0.3,"immediateRender":false}}]}}}},
[22:37:51.145] {"t":"camera3d","f":"center","a":{"d":3}},
[22:37:51.196] "/payments:/i3d-simple:phong_head_sphere_kfb/i2d-scene:mf2d0/base-skycube:no-anim/ui-msgbg:/shot-anim:scope86",
[22:37:51.196] "//////shot-anim:scope86",
[22:37:51.197] {"delta":{"timeline":{"p":{"paused":true,"repeat":0},"actors":{"i3d:camera:rotation":[{"dur":3,"p":{"x":0,"y":0,"z":0,"immediateRender":false}}],"i3d:csphere:position":[{"dur":3,"p":{"x":0,"y":0,"z":0,"immediateRender":false}}],"i3d:csphere:rotation":[{"dur":3,"p":{"x":0,"y":0,"z":0,"immediateRender":false}}],"i2d:plane":[{"dur":3,"p":{"x":0,"y":0,"immediateRender":false}}],"i2d:zoom_plane":[{"dur":3,"p":{"rotation":0,"svgOrigin":"0% 0%","immediateRender":false}}]}}}},
[22:38:01.146] {"t":"camera3d","f":"home","a":{"d":3}},
[22:38:01.186] "/payments:/i3d-simple:phong_head_sphere_kfb/i2d-scene:mf2d0/base-skycube:no-anim/ui-msgbg:/shot-anim:scope87",
[22:38:01.187] {"delta":{"timeline":{"p":{"paused":true,"repeat":0},"actors":{"i3d:camera:rotation":[{"dur":3,"p":{"x":0,"y":0,"z":0,"immediateRender":false}}],"i3d:csphere:position":[{"dur":3,"p":{"x":0,"y":0,"z":0,"immediateRender":false}}],"i3d:csphere:scale":[{"dur":3,"p":{"x":1,"y":1,"z":1,"immediateRender":false}}],"i3d:csphere:rotation":[{"dur":3,"p":{"x":0,"y":0,"z":0,"immediateRender":false}}],"i2d:plane":[{"dur":3,"p":{"x":0,"y":0,"immediateRender":false}}],"i2d:zoom_plane":[{"dur":3,"p":{"rotation":0,"scale":1,"svgOrigin":"0% 0%","immediateRender":false}}]}}}},
[22:38:01.187] "//////shot-anim:scope87",
[22:38:16.147] {"t":"narrative","f":"change_state","a":"////videocam://shot-fixed:"},
[22:38:16.233] "/payments:/i3d-simple:phong_head_sphere_kfb/i2d-scene:mf2d0/videocam:/ui-msgbg:/shot-fixed:",
[22:38:16.234] "////videocam://shot-fixed:",
[22:38:16.234] "*** e2e urls test: 89 tests  0 failures ***",
[22:38:16.234] "*** e2e shot test: 89 tests 0 failures ***",
[22:38:16.235] {},
