[00:53:36.062] "/metaweb:/i3d-empty/i2d-reflect:/empty:/ui-msgbg:/LS:",
[00:54:28.187] {"a":"starting Mockserver..."},
[00:54:43.310] "/a:/i3d-simple:simple_green/i2d-scene:disks0/base-skycube:test_cube/ui-msgbg:/LS",
[00:54:58.254] "/a0:/i3d-simple:simple_green/i2d-scene:disks0/base-skycube:test_cube/ui-msgbg:/shot-graft:scope1",
[00:55:08.203] "/a1:/i3d-simple:simple_green/i2d-scene:disks0/base-skycube:test_cube/ui-msgbg:/shot-graft:scope2",
[00:55:23.229] "/a2:/i3d-simple:simple_green/i2d-scene:disks0/base-skycube:test_cube/ui-msgbg:/shot-graft:scope3",
[00:55:38.233] "/a2:/i3d-simple:simple_green/i2d-scene:disks0/base-skycube:test_cube/ui-msgbg:/shot-anim:scope4",
[00:55:49.253] "/payments:/i3d-simple:phong_head_sphere_kfb/i2d-empty:/black:/ui-msgbg:/CU:",
[00:57:43.499] "/a:/i3d-simple:simple_green/i2d-scene:disks0/base-skycube:test_cube/ui-msgbg:/LS",
[00:57:58.376] "/a:/i3d-simple:simple_green/i2d-scene:disks0/base-skycube:test_cube/ui-msgbg:/shot-graft:scope7",
[00:58:08.341] "/a:/i3d-simple:simple_green/i2d-scene:disks0/base-skycube:test_cube/ui-msgbg:/shot-graft:scope8",
[00:58:18.239] "/a:/i3d-simple:simple_green/i2d-scene:disks0/base-skycube:test_cube/ui-msgbg:/shot-graft:scope9",
[00:58:33.402] "/a:/i3d-simple:simple_green/i2d-scene:disks0/base-skycube:test_cube/ui-msgbg:/shot-anim:scope10",
[00:58:45.275] "/footprint:/i3d-scene:scene1/i2d-empty:/escher:/ui-msgbg:/ECU:",
[00:58:58.392] "/footprint:/i3d-scene:scene1/i2d-empty:/escher:/ui-msgbg:/shot-anim:scope12",
[00:59:13.377] "/footprint:/i3d-scene:scene1/i2d-empty:/escher:/ui-msgbg:/shot-anim:scope13",
[00:59:33.384] "/footprint:/i3d-scene:scene1/i2d-empty:/escher:/ui-msgbg:/shot-anim:scope14",
[00:59:48.386] "/footprint:/i3d-scene:scene1/i2d-empty:/escher:/ui-msgbg:/shot-anim:scope15",
[00:59:58.809] "/circle:/i3d-simple:simple_red/i2d-scene:disks0/base-skycube:test_cube/ui-msgbg:/shot-graft:a0",
[01:00:13.612] "/circle:/i3d-simple:simple_red/i2d-scene:mf2d0/base-skycube:test_cube/ui-msgbg/MS",
[01:00:29.691] "/stocks:/i3d-jsonmodels:phonghead_kfb/i2d-scene:defsuse0/grid:/ui-msgbg:/2S:",
[01:00:43.601] "///i2d-scene:mf2d0///",
[01:00:53.400] "///i2d-scene:mf2d0///shot-anim:scope20",
[01:01:03.401] "///i2d-scene:mf2d0///shot-anim:scope21",
[01:01:18.394] "///i2d-scene:mf2d0///shot-anim:scope22",
[01:01:28.403] "///i2d-scene:mf2d0///shot-anim:scope23",
[01:01:38.393] "///i2d-scene:mf2d0///shot-anim:scope24",
[01:01:53.384] "///i2d-scene:mf2d0///shot-anim:scope25",
[01:02:03.405] "///i2d-scene:mf2d0///shot-anim:scope26",
[01:02:13.404] "///i2d-scene:mf2d0///shot-anim:scope27",
[01:02:28.398] "///i2d-scene:mf2d0///shot-anim:scope28",
[01:02:43.397] "///i2d-scene:mf2d0///shot-anim:scope29",
[01:02:53.405] "///i2d-scene:mf2d0///shot-anim:scope30",
[01:03:08.397] "///i2d-scene:mf2d0///shot-anim:scope31",
[01:03:23.400] "///i2d-scene:mf2d0///shot-anim:scope32",
[01:03:33.403] "///i2d-scene:mf2d0///shot-anim:scope33",
[01:03:43.415] "///i2d-scene:mf2d0///shot-anim:scope34",
[01:03:58.424] "///i2d-scene:mf2d0///shot-anim:scope35",
[01:04:13.401] "///i2d-scene:mf2d0///shot-anim:scope36",
[01:04:23.396] "///i2d-scene:mf2d0///shot-anim:scope37",
[01:04:48.404] "///i2d-scene:mf2d0///shot-anim:scope38",
[01:05:03.418] "///i2d-scene:mf2d0///shot-anim:scope39",
[01:05:18.413] "///i2d-scene:mf2d0///shot-anim:scope40",
[01:05:33.413] "///i2d-scene:mf2d0///shot-anim:scope41",
[01:05:43.422] "///i2d-scene:mf2d0///shot-anim:scope42",
[01:05:53.425] "///i2d-scene:mf2d0///shot-anim:scope43",
[01:06:03.424] "///i2d-scene:mf2d0///shot-anim:scope44",
[01:06:18.404] "///i2d-scene:mf2d0///shot-anim:scope45",
[01:06:38.404] "///i2d-scene:mf2d0///shot-anim:scope46",
[01:06:43.443] "///i2d-scene:mf2d0///shot-anim:scope47",
[01:07:13.444] "///i2d-scene:mf2d0///shot-anim:scope48",
[01:07:23.434] "///i2d-scene:mf2d0///shot-anim:scope49",
[01:07:33.455] "///i2d-scene:mf2d0///shot-anim:scope50",
[01:07:48.451] "///i2d-scene:mf2d0///shot-anim:scope51",
[01:08:03.456] "///i2d-scene:mf2d0///shot-anim:scope52",
[01:08:13.459] "///i2d-scene:mf2d0///shot-anim:scope53",
[01:08:28.439] "///i2d-scene:mf2d0///shot-anim:scope54",
[01:08:43.453] "///i2d-scene:mf2d0///shot-anim:scope55",
[01:08:53.454] "///i2d-scene:mf2d0///shot-anim:scope56",
[01:09:08.453] "///i2d-scene:mf2d0///shot-anim:scope57",
[01:09:18.455] "///i2d-scene:mf2d0///shot-anim:scope58",
[01:09:28.471] "///i2d-scene:mf2d0///shot-anim:scope59",
[01:09:43.457] "///i2d-scene:mf2d0///shot-anim:scope60",
[01:09:53.457] "///i2d-scene:mf2d0///shot-anim:scope61",
[01:10:08.462] "///i2d-scene:mf2d0///shot-anim:scope62",
[01:13:35.297] "///i2d-scene:mf2d0///shot-anim:scope63",
