[15:37:22.988] {"t":"narrative","f":"change_scene","a":"stocks"},
[15:37:23.489] "/stocks:/i3d-jsonmodels:phonghead_kfb/i2d-scene:defsuse0/grid:/ui-msgbg:/shot-fixed:",
[15:37:23.489] "/stocks:/i3d-jsonmodels:phonghead_kfb/i2d-scene:defsuse0/grid://",
[15:37:23.489] {},
[15:37:29.186] {"t":"camera3d","f":"panflyBy","a":{"r":-0.19635,"d":3}},
[15:37:29.187] "/stocks:/i3d-jsonmodels:phonghead_kfb/i2d-scene:defsuse0/grid:/ui-msgbg:/shot-anim:scope1",
[15:37:29.188] "//////shot-anim:scope1",
[15:37:29.188] {"delta":{"timeline":{"p":{"paused":true,"repeat":0},"actors":{"i3d:camera:rotation":[{"dur":3,"p":{"y":-0.19635,"immediateRender":false}}]}}}},
[15:37:36.290] {"t":"camera3d","f":"tiltflyBy","a":{"r":0.19635,"d":3}},
[15:37:36.290] "/stocks:/i3d-jsonmodels:phonghead_kfb/i2d-scene:defsuse0/grid:/ui-msgbg:/shot-anim:scope2",
[15:37:36.290] "//////shot-anim:scope2",
[15:37:36.291] {"delta":{"timeline":{"p":{"paused":true,"repeat":0},"actors":{"i3d:camera:rotation":[{"dur":3,"p":{"x":0.19635,"immediateRender":false}}]}}}},
[15:37:45.176] {"t":"camera2d","f":"zoomcutBy","a":{"s":0.9}},
[15:37:45.178] "/stocks:/i3d-jsonmodels:phonghead_kfb/i2d-scene:defsuse0/grid:/ui-msgbg:/shot-anim:scope3",
[15:37:45.179] "//////shot-anim:scope3",
[15:37:45.179] {"delta":{"timeline":{"p":{"paused":true,"repeat":0,"tweens":[]},"actors":{"i2d:zoom_plane":[{"dur":0,"p":{"scale":0.9,"svgOrigin":"0% 0%","immediateRender":false}}]}}}},
[15:37:50.813] {"t":"camera3d","f":"zoomflyBy","a":{"s":0.9,"d":3}},
[15:37:50.814] "/stocks:/i3d-jsonmodels:phonghead_kfb/i2d-scene:defsuse0/grid:/ui-msgbg:/shot-anim:scope4",
[15:37:50.814] "//////shot-anim:scope4",
[15:37:50.815] {"delta":{"timeline":{"p":{"paused":true,"repeat":0},"actors":{"i3d:csphere:scale":[{"dur":3,"p":{"x":0.9,"y":0.9,"z":0.9,"immediateRender":false}}]}}}},
[15:37:55.298] {"t":"camera3d","f":"dollyflyBy","a":{"x":10,"d":3,"y":0,"z":0}},
[15:37:55.299] "/stocks:/i3d-jsonmodels:phonghead_kfb/i2d-scene:defsuse0/grid:/ui-msgbg:/shot-anim:scope5",
[15:37:55.299] "//////shot-anim:scope5",
[15:37:55.299] {"delta":{"timeline":{"p":{"paused":true,"repeat":0},"actors":{"i3d:csphere:position":[{"dur":3,"p":{"x":10,"y":0,"z":0,"immediateRender":false}}]}}}},
[15:38:02.718] {"t":"camera3d","f":"zoomcutBy","a":{"s":1.1111}},
[15:38:02.719] "/stocks:/i3d-jsonmodels:phonghead_kfb/i2d-scene:defsuse0/grid:/ui-msgbg:/shot-anim:scope6",
[15:38:02.719] "//////shot-anim:scope6",
[15:38:02.719] {"delta":{"timeline":{"p":{"paused":true,"repeat":0},"actors":{"i3d:csphere:scale":[{"dur":0,"p":{"x":0.99999,"y":0.99999,"z":0.99999,"immediateRender":false}}]}}}},
[15:38:07.239] "/stocks:/i3d-jsonmodels:phonghead_kfb/i2d-scene:defsuse0/grid:/ui-msgbg:/shot-anim:scope7",
[15:38:07.240] "//////shot-anim:scope7",
[15:38:07.240] {"delta":{"timeline":{"p":{"paused":true,"repeat":0},"actors":{"i3d:camera:rotation":[{"dur":3,"p":{"z":-0.3927,"immediateRender":false}}]}}}},
[15:38:07.239] {"t":"camera3d","f":"rollflyBy","a":{"r":-0.3927,"d":3}},
[15:38:19.769] {"t":"camera2d","f":"rollcutBy","a":{"r":-22.5}},
[15:38:19.769] "/stocks:/i3d-jsonmodels:phonghead_kfb/i2d-scene:defsuse0/grid:/ui-msgbg:/shot-anim:scope8",
[15:38:19.769] "//////shot-anim:scope8",
[15:38:19.770] {"delta":{"timeline":{"p":{"paused":true,"repeat":0,"tweens":[]},"actors":{"i2d:zoom_plane":[{"dur":0,"p":{"rotation":-22.5,"svgOrigin":"0% 0%","immediateRender":false}}]}}}},
