[00:48:16.138] {"t":"camera3d","f":"panflyTo","a":{"r":-0.7854,"d":3}},
[00:48:16.156] "/metaweb:/i3d-empty:/i2d-reflect:/empty:/ui-msgbg:/shot-anim:scope0",
[00:48:16.156] "//////shot-anim:scope0",
[00:48:16.157] {"delta":{"timeline":{"p":{"paused":true,"repeat":0},"actors":{"i3d:camera:rotation":[{"dur":3,"p":{"y":-0.7854,"immediateRender":false}}]}}}},
[00:48:31.132] {"t":"camera3d","f":"lookAt"},
[00:48:31.154] "//////shot-fixed:scope1",
[00:48:31.154] "/metaweb:/i3d-empty:/i2d-reflect:/empty:/ui-msgbg:/shot-fixed:scope1",
[00:48:31.155] {"delta-t":"camera3d","f":"lookAt","a":{}},
[00:48:41.132] {"t":"camera3d","f":"panflyTo","a":{"r":-0.7854,"d":3}},
[00:48:41.163] "/metaweb:/i3d-empty:/i2d-reflect:/empty:/ui-msgbg:/shot-anim:scope2",
[00:48:41.165] {"delta":{"timeline":{"p":{"paused":true,"repeat":0},"actors":{"i3d:camera:rotation":[{"dur":3,"p":{"y":-0.7854,"immediateRender":false}}]}}}},
[00:48:41.164] "//////shot-anim:scope2",
[00:48:56.133] {"t":"camera3d","f":"home","a":{"d":3}},
[00:48:56.170] "/metaweb:/i3d-empty:/i2d-reflect:/empty:/ui-msgbg:/shot-anim:scope3",
[00:48:56.171] "//////shot-anim:scope3",
[00:48:56.171] "e2e_spec[3] delta_url test failed: //////shot-anim:scope3 !== //////shot-fixed:scope4",
[00:48:56.172] "e2e_spec[3] abs_url test failed: /metaweb:/i3d-empty:/i2d-reflect:/empty:/ui-msgbg:/shot-anim:scope3 !== /metaweb:/i3d-empty:/i2d-reflect:/empty:/ui-msgbg:/shot-fixed:scope4",
[00:48:56.175] {"delta":{"timeline":{"p":{"paused":true,"repeat":0},"actors":{"i3d:camera:rotation":[{"dur":3,"p":{"x":0,"y":0,"z":0,"immediateRender":false}}],"i3d:csphere:position":[{"dur":3,"p":{"x":0,"y":0,"z":0,"immediateRender":false}}],"i3d:csphere:scale":[{"dur":3,"p":{"x":1,"y":1,"z":1,"immediateRender":false}}],"i3d:csphere:rotation":[{"dur":3,"p":{"x":0,"y":0,"z":0,"immediateRender":false}}],"i2d:plane":[{"dur":3,"p":{"x":0,"y":0,"immediateRender":false}}],"i2d:zoom_plane":[{"dur":3,"p":{"rotation":0,"scale":1,"svgOrigin":"0% 0%","immediateRender":false}}]}}}},
[00:48:56.173] "e2e_spec[3] shot test failed: {\"delta\":{\"timeline\":{\"p\":{\"paused\":true,\"repeat\":0},\"actors\":{\"i3d:camera:rotation\":[{\"dur\":3,\"p\":{\"x\":0,\"y\":0,\"z\":0,\"immediateRender\":false}}],\"i3d:csphere:position\":[{\"dur\":3,\"p\":{\"x\":0,\"y\":0,\"z\":0,\"immediateRender\":false}}],\"i3d:csphere:scale\":[{\"dur\":3,\"p\":{\"x\":1,\"y\":1,\"z\":1,\"immediateRender\":false}}],\"i3d:csphere:rotation\":[{\"dur\":3,\"p\":{\"x\":0,\"y\":0,\"z\":0,\"immediateRender\":false}}],\"i2d:plane\":[{\"dur\":3,\"p\":{\"x\":0,\"y\":0,\"immediateRender\":false}}],\"i2d:zoom_plane\":[{\"dur\":3,\"p\":{\"rotation\":0,\"scale\":1,\"svgOrigin\":\"0% 0%\",\"immediateRender\":false}}]}}}} !== {\"delta-t\":\"camera3d\",\"f\":\"home\"}",
[00:49:11.133] {"t":"camera3d","f":"panflyTo","a":{"r":0,"d":3}},
[00:49:11.162] "/metaweb:/i3d-empty:/i2d-reflect:/empty:/ui-msgbg:/shot-anim:scope4",
[00:49:11.163] "//////shot-anim:scope4",
[00:49:11.164] "e2e_spec[4] delta_url test failed: //////shot-anim:scope4 !== //////shot-anim:scope5",
[00:49:11.164] "e2e_spec[4] abs_url test failed: /metaweb:/i3d-empty:/i2d-reflect:/empty:/ui-msgbg:/shot-anim:scope4 !== /metaweb:/i3d-empty:/i2d-reflect:/empty:/ui-msgbg:/shot-anim:scope5",
[00:49:11.164] {"delta":{"timeline":{"p":{"paused":true,"repeat":0},"actors":{"i3d:camera:rotation":[{"dur":3,"p":{"y":0,"immediateRender":false}}]}}}},
[00:49:26.133] {"t":"narrative","f":"change_scene","a":"a"},
[00:49:26.457] "/a:/i3d-simple:simple_green/i2d-scene:disks0/base-skycube:test_cube/ui-msgbg:/shot-fixed:",
[00:49:26.458] {},
[00:49:26.457] "/a:/i3d-simple:simple_green/i2d-scene:disks0/base-skycube:test_cube//shot-fixed:",
[00:49:36.134] {"t":"narrative","f":"change_scene","a":"a0"},
[00:49:36.266] "/a0:/i3d-simple:simple_green/i2d-scene:disks0/base-skycube:test_cube/ui-msgbg:/shot-graft:scope6",
[00:49:36.267] "/a0://///shot-graft:scope6",
[00:49:36.267] "e2e_spec[6] delta_url test failed: /a0://///shot-graft:scope6 !== /a0://///shot-graft:scope7",
[00:49:36.268] "e2e_spec[6] abs_url test failed: /a0:/i3d-simple:simple_green/i2d-scene:disks0/base-skycube:test_cube/ui-msgbg:/shot-graft:scope6 !== /a0:/i3d-simple:simple_green/i2d-scene:disks0/base-skycube:test_cube/ui-msgbg:/shot-graft:scope7",
[00:49:36.270] {"delta":{"timeline":{"p":{"repeat":0},"actors":{"i3d:cube0:scale":[{"dur":10,"p":{"x":0.5,"y":0.5,"z":0.5}}]}},"branches":{"cube0":{"children":{"cube0_2":{"form":{"type":"'cube.i3d'","x":0,"y":0,"z":0,"textureurl":"./images/sky.jpg","w":5,"h":10,"d":10,"color":"blue","transparent":true,"opacity":1},"transform":{"t":[-20,-10,0],"s":[0.01,0.01,0.01]},"children":{}},"cube0_3":{"form":{"type":"'cube.i3d'","x":0,"y":-20,"z":0,"textureurl":"sky_jpg","w":5,"h":10,"d":10,"color":"blue","transparent":true,"opacity":1},"transform":{"t":[20,0,0],"s":[0.01,0.01,0.01]},"children":{}}}}}}},
