[21:09:41.047] {"t":"camera3d","f":"panflyTo","a":{"r":-0.7854,"d":3}},
[21:09:41.072] "/metaweb:/i3d-empty:/i2d-reflect:/empty:/ui-msgbg:/shot-anim:scope0",
[21:09:41.073] "//////shot-anim:scope0",
[21:09:41.073] {"delta":{"timeline":{"p":{"paused":true,"repeat":0},"actors":{"i3d:camera:rotation":[{"dur":3,"p":{"y":-0.7854,"immediateRender":false}}]}}}},
[21:09:51.043] {"t":"camera3d","f":"lookAt"},
[21:09:51.064] "/metaweb:/i3d-empty:/i2d-reflect:/empty:/ui-msgbg:/shot-fixed:scope1",
[21:09:51.064] "//////shot-fixed:scope1",
[21:09:51.065] {"delta-t":"camera3d","f":"lookAt","a":{}},
[21:10:01.044] {"t":"camera3d","f":"panflyTo","a":{"r":-0.7854,"d":3}},
[21:10:01.064] "/metaweb:/i3d-empty:/i2d-reflect:/empty:/ui-msgbg:/shot-anim:scope2",
[21:10:01.064] "//////shot-anim:scope2",
[21:10:01.064] {"delta":{"timeline":{"p":{"paused":true,"repeat":0},"actors":{"i3d:camera:rotation":[{"dur":3,"p":{"y":-0.7854,"immediateRender":false}}]}}}},
[21:10:16.045] {"t":"camera3d","f":"home","a":{"d":3}},
[21:10:16.061] "/metaweb:/i3d-empty:/i2d-reflect:/empty:/ui-msgbg:/shot-anim:scope3",
[21:10:16.063] {"delta":{"timeline":{"p":{"paused":true,"repeat":0},"actors":{"i3d:camera:rotation":[{"dur":3,"p":{"x":0,"y":0,"z":0,"immediateRender":false}}],"i3d:csphere:position":[{"dur":3,"p":{"x":0,"y":0,"z":0,"immediateRender":false}}],"i3d:csphere:scale":[{"dur":3,"p":{"x":1,"y":1,"z":1,"immediateRender":false}}],"i3d:csphere:rotation":[{"dur":3,"p":{"x":0,"y":0,"z":0,"immediateRender":false}}],"i2d:plane":[{"dur":3,"p":{"x":0,"y":0,"immediateRender":false}}],"i2d:zoom_plane":[{"dur":3,"p":{"rotation":0,"scale":1,"svgOrigin":"0% 0%","immediateRender":false}}]}}}},
[21:10:16.061] "//////shot-anim:scope3",
[21:10:26.044] {"t":"camera3d","f":"panflyTo","a":{"r":0,"d":3}},
[21:10:26.063] "/metaweb:/i3d-empty:/i2d-reflect:/empty:/ui-msgbg:/shot-anim:scope4",
[21:10:26.063] "//////shot-anim:scope4",
[21:10:26.063] {"delta":{"timeline":{"p":{"paused":true,"repeat":0},"actors":{"i3d:camera:rotation":[{"dur":3,"p":{"y":0,"immediateRender":false}}]}}}},
[21:10:36.044] {"t":"narrative","f":"change_scene","a":"a"},
[21:10:36.345] "/a:/i3d-simple:simple_green/i2d-scene:disks0/base-skycube:test_cube/ui-msgbg:/shot-fixed:",
[21:10:36.346] "/a:/i3d-simple:simple_green/i2d-scene:disks0/base-skycube:test_cube//shot-fixed:",
[21:10:36.346] {},
[21:10:51.045] {"t":"narrative","f":"change_scene","a":"a0"},
[21:10:51.153] "/a0:/i3d-simple:simple_green/i2d-scene:disks0/base-skycube:test_cube/ui-msgbg:/shot-graft:scope6",
[21:10:51.153] "/a0://///shot-graft:scope6",
[21:10:51.157] {"delta":{"timeline":{"p":{"repeat":0},"actors":{"i3d:cube0:scale":[{"dur":10,"p":{"x":0.5,"y":0.5,"z":0.5}}]}},"branches":{"cube0":{"children":{"cube0_2":{"form":{"type":"'cube.i3d'","x":0,"y":0,"z":0,"textureurl":"./images/sky.jpg","w":5,"h":10,"d":10,"color":"blue","transparent":true,"opacity":1},"transform":{"t":[-20,-10,0],"s":[0.01,0.01,0.01]},"children":{}},"cube0_3":{"form":{"type":"'cube.i3d'","x":0,"y":-20,"z":0,"textureurl":"sky_jpg","w":5,"h":10,"d":10,"color":"blue","transparent":true,"opacity":1},"transform":{"t":[20,0,0],"s":[0.01,0.01,0.01]},"children":{}}}}}}},
[21:11:01.036] {"t":"narrative","f":"change_scene","a":"a1"},
[21:11:01.122] "/a1:/i3d-simple:simple_green/i2d-scene:disks0/base-skycube:test_cube/ui-msgbg:/shot-graft:scope7",
[21:11:01.123] "/a1://///shot-graft:scope7",
[21:11:01.124] {"delta":{"timeline":{"p":{"repeat":0},"actors":{"i3d:cube0_2:scale":[{"dur":10,"p":{"x":1,"y":1,"z":1}}],"i3d:cube0_3:scale":[{"dur":10,"p":{"x":1,"y":1,"z":1}}]}},"branches":{"cube0_2":{"children":{"s0_2_0":{"form":{"type":"'sphere.i3d'","r":5,"color":"blue","transparent":true,"opacity":0.8},"transform":{"e":[0,-0.785,0],"t":[-10,-10,0],"s":[0.01,0.01,0.01]},"children":{}},"s0_2_1":{"form":{"type":"'sphere.i3d'","r":5,"color":"blue","transparent":true,"opacity":0.8},"transform":{"e":[0,0.785,0],"t":[10,10,0],"s":[0.01,0.01,0.01]},"children":{}}}}}}},
[21:11:16.128] {"t":"narrative","f":"change_scene","a":"a2"},
[21:11:16.144] "/a2:/i3d-simple:simple_green/i2d-scene:disks0/base-skycube:test_cube/ui-msgbg:/shot-graft:scope8",
[21:11:16.145] "/a2://///shot-graft:scope8",
[21:11:16.146] {"delta":{"timeline":{"p":{"repeat":0},"actors":{"i3d:s0_2_0:scale":[{"dur":10,"p":{"x":1,"y":1,"z":1}}],"i3d:s0_2_1:scale":[{"dur":10,"p":{"x":1,"y":1,"z":1}}]}},"branches":{}}},
[21:11:26.123] {"t":"camera3d","f":"dollyflyTo","a":{"x":10,"y":10,"z":-20,"d":4}},
[21:11:26.149] "/a2:/i3d-simple:simple_green/i2d-scene:disks0/base-skycube:test_cube/ui-msgbg:/shot-anim:scope9",
[21:11:26.149] "//////shot-anim:scope9",
[21:11:26.150] {"delta":{"timeline":{"p":{"paused":true,"repeat":0},"actors":{"i3d:csphere:position":[{"dur":4,"p":{"x":10,"y":10,"z":-20,"immediateRender":false}}]}}}},
[21:11:41.123] {"t":"narrative","f":"change_scene","a":"payments"},
[21:11:42.065] "/payments:/i3d-simple:phong_head_sphere_kfb/i2d-empty:/black:/ui-msgbg:/shot-fixed:",
[21:11:42.065] "/payments:/i3d-simple:phong_head_sphere_kfb/i2d-empty:/black://shot-fixed:",
[21:11:42.066] {},
[21:11:56.123] {"t":"camera3d","f":"toggle_csphere","a":{"val":false}},
[21:11:56.144] "/payments:/i3d-simple:phong_head_sphere_kfb/i2d-empty:/black:/ui-msgbg:/shot-fixed:scope11",
[21:11:56.145] "//////shot-fixed:scope11",
[21:11:56.145] {"delta-t":"camera3d","f":"toggle_csphere","a":false},
[21:12:06.125] {"t":"camera3d","f":"toggle_csphere","a":{"val":true}},
[21:12:06.156] "/payments:/i3d-simple:phong_head_sphere_kfb/i2d-empty:/black:/ui-msgbg:/shot-fixed:scope12",
[21:12:06.156] "//////shot-fixed:scope12",
[21:12:06.157] {"delta-t":"camera3d","f":"toggle_csphere","a":true},
[21:12:16.152] {"t":"camera3d","f":"toggle_light","a":{"name":"key","val":false}},
[21:12:16.153] "/payments:/i3d-simple:phong_head_sphere_kfb/i2d-empty:/black:/ui-msgbg:/shot-fixed:scope13",
[21:12:16.154] "//////shot-fixed:scope13",
[21:12:16.155] {"delta-t":"camera3d","f":"toggle_light","a":{"name":"key","val":false}},
[21:12:31.127] {"t":"camera3d","f":"toggle_light","a":{"name":"fill","val":false}},
[21:12:31.147] "/payments:/i3d-simple:phong_head_sphere_kfb/i2d-empty:/black:/ui-msgbg:/shot-fixed:scope14",
[21:12:31.147] "//////shot-fixed:scope14",
[21:12:31.147] {"delta-t":"camera3d","f":"toggle_light","a":{"name":"fill","val":false}},
[21:12:46.151] {"t":"camera3d","f":"toggle_light","a":{"name":"back","val":false}},
[21:12:46.152] "/payments:/i3d-simple:phong_head_sphere_kfb/i2d-empty:/black:/ui-msgbg:/shot-fixed:scope15",
[21:12:46.152] "//////shot-fixed:scope15",
[21:12:46.152] {"delta-t":"camera3d","f":"toggle_light","a":{"name":"back","val":false}},
[21:12:56.131] {"t":"camera3d","f":"toggle_light","a":{"name":"key","val":true}},
[21:12:56.151] "/payments:/i3d-simple:phong_head_sphere_kfb/i2d-empty:/black:/ui-msgbg:/shot-fixed:scope16",
[21:12:56.151] "//////shot-fixed:scope16",
[21:12:56.151] {"delta-t":"camera3d","f":"toggle_light","a":{"name":"key","val":true}},
[21:13:06.131] {"t":"camera3d","f":"toggle_light","a":{"name":"fill","val":true}},
[21:13:06.149] "/payments:/i3d-simple:phong_head_sphere_kfb/i2d-empty:/black:/ui-msgbg:/shot-fixed:scope17",
[21:13:06.149] "//////shot-fixed:scope17",
[21:13:06.151] {"delta-t":"camera3d","f":"toggle_light","a":{"name":"fill","val":true}},
[21:13:21.131] {"t":"camera3d","f":"toggle_light","a":{"name":"back","val":true}},
[21:13:21.169] "/payments:/i3d-simple:phong_head_sphere_kfb/i2d-empty:/black:/ui-msgbg:/shot-fixed:scope18",
[21:13:21.171] "//////shot-fixed:scope18",
[21:13:21.171] {"delta-t":"camera3d","f":"toggle_light","a":{"name":"back","val":true}},
[21:13:31.131] {"t":"narrative","f":"change_scene","a":"a"},
[21:13:31.327] "/a:/i3d-simple:simple_green/i2d-scene:disks0/base-skycube:test_cube/ui-msgbg:/shot-fixed:",
[21:13:31.328] "/a:/i3d-simple:simple_green/i2d-scene:disks0/base-skycube:test_cube//shot-fixed:",
[21:13:31.328] {},
[21:13:41.130] {"t":"narrative","f":"shot","a":"shot-graft:{\"delta\":{\"timeline\":{\"p\":{\"repeat\":0},\"actors\":{\"i3d:cube0:scale\":[{\"dur\":10,\"p\":{\"x\":0.5,\"y\":0.5,\"z\":0.5}}]}},\"branches\":{\"cube0\":{\"children\":{\"cube0_2\":{\"form\":{\"type\":\"'cube.i3d'\",\"x\":0,\"y\":0,\"z\":0,\"textureurl\":\"./images/sky.jpg\",\"w\":5,\"h\":10,\"d\":10,\"color\":\"blue\",\"transparent\":true,\"opacity\":1},\"transform\":{\"t\":[-20,-10,0],\"s\":[0.01,0.01,0.01]},\"children\":{}},\"cube0_3\":{\"form\":{\"type\":\"'cube.i3d'\",\"x\":0,\"y\":-20,\"z\":0,\"textureurl\":\"sky_jpg\",\"w\":5,\"h\":10,\"d\":10,\"color\":\"blue\",\"transparent\":true,\"opacity\":1},\"transform\":{\"t\":[20,0,0],\"s\":[0.01,0.01,0.01]},\"children\":{}}}}}}}"},
[21:13:41.274] "/a:/i3d-simple:simple_green/i2d-scene:disks0/base-skycube:test_cube/ui-msgbg:/shot-graft:scope20",
[21:13:41.274] "//////shot-graft:scope20",
[21:13:41.275] {"delta":{"timeline":{"p":{"repeat":0},"actors":{"i3d:cube0:scale":[{"dur":10,"p":{"x":0.5,"y":0.5,"z":0.5}}]}},"branches":{"cube0":{"children":{"cube0_2":{"form":{"type":"'cube.i3d'","x":0,"y":0,"z":0,"textureurl":"./images/sky.jpg","w":5,"h":10,"d":10,"color":"blue","transparent":true,"opacity":1},"transform":{"t":[-20,-10,0],"s":[0.01,0.01,0.01]},"children":{}},"cube0_3":{"form":{"type":"'cube.i3d'","x":0,"y":-20,"z":0,"textureurl":"sky_jpg","w":5,"h":10,"d":10,"color":"blue","transparent":true,"opacity":1},"transform":{"t":[20,0,0],"s":[0.01,0.01,0.01]},"children":{}}}}}}},
[21:13:56.137] {"t":"narrative","f":"shot","a":"shot-graft:{\"delta\":{\"timeline\":{\"p\":{\"repeat\":0},\"actors\":{\"i3d:cube0_2:scale\":[{\"dur\":10,\"p\":{\"x\":1,\"y\":1,\"z\":1}}],\"i3d:cube0_3:scale\":[{\"dur\":10,\"p\":{\"x\":1,\"y\":1,\"z\":1}}]}},\"branches\":{\"cube0_2\":{\"children\":{\"s0_2_0\":{\"form\":{\"type\":\"'sphere.i3d'\",\"r\":5,\"color\":\"blue\",\"transparent\":true,\"opacity\":0.8},\"transform\":{\"e\":[0,-0.785,0],\"t\":[-10,-10,0],\"s\":[0.01,0.01,0.01]},\"children\":{}},\"s0_2_1\":{\"form\":{\"type\":\"'sphere.i3d'\",\"r\":5,\"color\":\"blue\",\"transparent\":true,\"opacity\":0.8},\"transform\":{\"e\":[0,0.785,0],\"t\":[10,10,0],\"s\":[0.01,0.01,0.01]},\"children\":{}}}}}}}"},
[21:13:56.242] "//////shot-graft:scope21",
[21:13:56.244] {"delta":{"timeline":{"p":{"repeat":0},"actors":{"i3d:cube0_2:scale":[{"dur":10,"p":{"x":1,"y":1,"z":1}}],"i3d:cube0_3:scale":[{"dur":10,"p":{"x":1,"y":1,"z":1}}]}},"branches":{"cube0_2":{"children":{"s0_2_0":{"form":{"type":"'sphere.i3d'","r":5,"color":"blue","transparent":true,"opacity":0.8},"transform":{"e":[0,-0.785,0],"t":[-10,-10,0],"s":[0.01,0.01,0.01]},"children":{}},"s0_2_1":{"form":{"type":"'sphere.i3d'","r":5,"color":"blue","transparent":true,"opacity":0.8},"transform":{"e":[0,0.785,0],"t":[10,10,0],"s":[0.01,0.01,0.01]},"children":{}}}}}}},
[21:13:56.242] "/a:/i3d-simple:simple_green/i2d-scene:disks0/base-skycube:test_cube/ui-msgbg:/shot-graft:scope21",
[21:14:11.131] {"t":"narrative","f":"shot","a":"shot-graft:{\"delta\":{\"timeline\":{\"p\":{\"repeat\":0},\"actors\":{\"i3d:s0_2_0:scale\":[{\"dur\":10,\"p\":{\"x\":1,\"y\":1,\"z\":1}}],\"i3d:s0_2_1:scale\":[{\"dur\":10,\"p\":{\"x\":1,\"y\":1,\"z\":1}}]}},\"branches\":{}}}"},
[21:14:11.152] "/a:/i3d-simple:simple_green/i2d-scene:disks0/base-skycube:test_cube/ui-msgbg:/shot-graft:scope22",
[21:14:11.152] "//////shot-graft:scope22",
[21:14:11.154] {"delta":{"timeline":{"p":{"repeat":0},"actors":{"i3d:s0_2_0:scale":[{"dur":10,"p":{"x":1,"y":1,"z":1}}],"i3d:s0_2_1:scale":[{"dur":10,"p":{"x":1,"y":1,"z":1}}]}},"branches":{}}},
[21:14:21.151] {"t":"camera3d","f":"panflyTo","a":{"r":0.7854,"d":4}},
[21:14:21.165] "/a:/i3d-simple:simple_green/i2d-scene:disks0/base-skycube:test_cube/ui-msgbg:/shot-anim:scope23",
[21:14:21.170] "//////shot-anim:scope23",
[21:14:21.171] {"delta":{"timeline":{"p":{"paused":true,"repeat":0},"actors":{"i3d:camera:rotation":[{"dur":4,"p":{"y":0.7854,"immediateRender":false}}]}}}},
[21:14:31.132] {"t":"narrative","f":"change_scene","a":"footprint"},
[21:14:33.124] "/footprint:/i3d-scene:scene1/i2d-empty:/escher:/ui-msgbg:/shot-fixed:",
[21:14:33.124] "/footprint:/i3d-scene:scene1/i2d-empty:/escher://shot-fixed:",
[21:14:33.124] {},
[21:14:46.134] {"t":"camera3d","f":"panflyTo","a":{"r":0.7854,"d":4}},
[21:14:46.177] {"delta":{"timeline":{"p":{"paused":true,"repeat":0},"actors":{"i3d:camera:rotation":[{"dur":4,"p":{"y":0.7854,"immediateRender":false}}]}}}},
[21:14:46.176] "//////shot-anim:scope25",
[21:14:46.176] "/footprint:/i3d-scene:scene1/i2d-empty:/escher:/ui-msgbg:/shot-anim:scope25",
[21:15:01.154] {"t":"camera3d","f":"tiltflyTo","a":{"r":0.7854,"d":4}},
[21:15:01.179] "//////shot-anim:scope26",
[21:15:01.179] {"delta":{"timeline":{"p":{"paused":true,"repeat":0},"actors":{"i3d:camera:rotation":[{"dur":4,"p":{"x":0.7854,"immediateRender":false}}]}}}},
[21:15:01.178] "/footprint:/i3d-scene:scene1/i2d-empty:/escher:/ui-msgbg:/shot-anim:scope26",
[21:15:16.154] {"t":"camera3d","f":"billboardsFaceCamera"},
[21:15:16.180] "/footprint:/i3d-scene:scene1/i2d-empty:/escher:/ui-msgbg:/shot-fixed:scope27",
[21:15:16.180] {"delta-t":"camera3d","f":"billboardsFaceCamera"},
[21:15:16.180] "//////shot-fixed:scope27",
[21:15:31.144] {"t":"camera3d","f":"tiltflyBy","a":{"r":-0.7854,"d":4}},
[21:15:31.183] "/footprint:/i3d-scene:scene1/i2d-empty:/escher:/ui-msgbg:/shot-anim:scope28",
[21:15:31.183] "//////shot-anim:scope28",
[21:15:31.183] {"delta":{"timeline":{"p":{"paused":true,"repeat":0},"actors":{"i3d:camera:rotation":[{"dur":4,"p":{"x":0,"immediateRender":false}}]}}}},
[21:15:41.144] {"t":"camera3d","f":"panflyBy","a":{"r":-0.7854,"d":4}},
[21:15:41.188] "/footprint:/i3d-scene:scene1/i2d-empty:/escher:/ui-msgbg:/shot-anim:scope29",
[21:15:41.189] {"delta":{"timeline":{"p":{"paused":true,"repeat":0},"actors":{"i3d:camera:rotation":[{"dur":4,"p":{"y":0,"immediateRender":false}}]}}}},
[21:15:41.188] "//////shot-anim:scope29",
[21:15:51.146] {"t":"narrative","f":"change_scene","a":"circle"},
[21:15:51.688] "/circle:/i3d-simple:simple_red/i2d-scene:disks0/base-skycube:test_cube/ui-msgbg:/shot-graft:a0",
[21:15:51.688] "/circle:/i3d-simple:simple_red/i2d-scene:disks0/base-skycube:test_cube//shot-graft:a0",
[21:15:51.689] {"delta":{"timeline":[{"id":"cube0_1","dur":10,"p":{"scale":[1,1,1]},"delay":2}],"branches":{"cube0":{"children":{"cube0_2":{"form":{"type":"'cube.i3d'","x":0,"y":0,"z":0,"textureurl":"./images/sky.jpg","w":20,"h":20,"d":20,"color":"blue","transparent":true,"opacity":1},"transform":{"t":[-20,-10,0],"s":[0.25,1,0.25]},"children":{}},"cube0_3":{"form":{"type":"'cube.i3d'","x":0,"y":-20,"z":0,"textureurl":"sky_jpg","w":20,"h":40,"d":20,"color":"blue","transparent":true,"opacity":1},"transform":{"t":[20,0,0],"s":[0.5,1,0.5]},"children":{}}}}}}},
[21:16:01.145] {"t":"narrative","f":"change_state","a":"/circle:/i3d-simple:simple_red/i2d-scene:mf2d0/base-skycube:test_cube/ui-msgbg:/shot-fixed:"},
[21:16:01.356] "/circle:/i3d-simple:simple_red/i2d-scene:mf2d0/base-skycube:test_cube/ui-msgbg:/shot-fixed:",
[21:16:01.356] "///i2d-scene:mf2d0///shot-fixed:",
[21:16:01.356] {},
[21:16:16.146] {"t":"narrative","f":"change_scene","a":"stocks"},
[21:16:17.689] "/stocks:/i3d-jsonmodels:phonghead_kfb/i2d-scene:defsuse0/grid:/ui-msgbg:/shot-fixed:",
[21:16:17.689] "/stocks:/i3d-jsonmodels:phonghead_kfb/i2d-scene:defsuse0/grid://",
[21:16:17.690] {},
[21:16:31.167] {"t":"narrative","f":"change_state","a":"///i2d-scene:mf2d0///"},
[21:16:31.389] "/stocks:/i3d-jsonmodels:phonghead_kfb/i2d-scene:mf2d0/grid:/ui-msgbg:/shot-fixed:",
[21:16:31.389] "///i2d-scene:mf2d0///",
[21:16:31.389] {},
[21:16:46.152] {"t":"camera3d","f":"panflyBy","a":{"r":-0.7854,"d":4}},
[21:16:46.178] "/stocks:/i3d-jsonmodels:phonghead_kfb/i2d-scene:mf2d0/grid:/ui-msgbg:/shot-anim:scope34",
[21:16:46.178] "//////shot-anim:scope34",
[21:16:46.179] {"delta":{"timeline":{"p":{"paused":true,"repeat":0},"actors":{"i3d:camera:rotation":[{"dur":4,"p":{"y":-0.7854,"immediateRender":false}}]}}}},
[21:17:01.155] {"t":"camera2d","f":"zoomflyBy","a":{"s":0.9,"d":3}},
[21:17:01.198] "//////shot-anim:scope35",
[21:17:01.199] {"delta":{"timeline":{"p":{"paused":true,"repeat":0,"tweens":[]},"actors":{"i2d:zoom_plane":[{"dur":3,"p":{"scale":0.9,"svgOrigin":"0% 0%","immediateRender":false}}]}}}},
[21:17:01.198] "/stocks:/i3d-jsonmodels:phonghead_kfb/i2d-scene:mf2d0/grid:/ui-msgbg:/shot-anim:scope35",
[21:17:16.153] {"t":"camera2d","f":"zoomflyTo","a":{"s":2,"d":3}},
[21:17:16.192] {"delta":{"timeline":{"p":{"paused":true,"repeat":0,"tweens":[]},"actors":{"i2d:zoom_plane":[{"dur":3,"p":{"scale":2,"svgOrigin":"0% 0%","immediateRender":false}}]}}}},
[21:17:16.192] "/stocks:/i3d-jsonmodels:phonghead_kfb/i2d-scene:mf2d0/grid:/ui-msgbg:/shot-anim:scope36",
[21:17:16.192] "//////shot-anim:scope36",
[21:17:26.152] {"t":"camera2d","f":"zoomflyTo","a":{"s":0.5,"d":3}},
[21:17:26.191] "/stocks:/i3d-jsonmodels:phonghead_kfb/i2d-scene:mf2d0/grid:/ui-msgbg:/shot-anim:scope37",
[21:17:26.191] "//////shot-anim:scope37",
[21:17:26.191] {"delta":{"timeline":{"p":{"paused":true,"repeat":0,"tweens":[]},"actors":{"i2d:zoom_plane":[{"dur":3,"p":{"scale":0.5,"svgOrigin":"0% 0%","immediateRender":false}}]}}}},
[21:17:36.153] {"t":"camera2d","f":"dollyflyTo","a":{"x":20,"d":3}},
[21:17:36.191] "/stocks:/i3d-jsonmodels:phonghead_kfb/i2d-scene:mf2d0/grid:/ui-msgbg:/shot-anim:scope38",
[21:17:36.191] "//////shot-anim:scope38",
[21:17:36.191] {"delta":{"timeline":{"p":{"paused":true,"repeat":0,"tweens":[]},"actors":{"i2d:plane":[{"dur":3,"p":{"x":20,"y":0,"immediateRender":false}}]}}}},
[21:17:51.154] {"t":"camera2d","f":"center","a":{"d":3}},
[21:17:51.202] "/stocks:/i3d-jsonmodels:phonghead_kfb/i2d-scene:mf2d0/grid:/ui-msgbg:/shot-anim:scope39",
[21:17:51.203] "//////shot-anim:scope39",
[21:17:51.203] {"delta":{"timeline":{"p":{"paused":true,"repeat":0},"actors":{"i2d:plane":[{"dur":3,"p":{"x":0,"y":0,"immediateRender":false}}],"i2d:zoom_plane":[{"dur":3,"p":{"rotation":0,"svgOrigin":"0% 0%","immediateRender":false}}]}}}},
[21:18:01.153] {"t":"camera2d","f":"home","a":{"d":3}},
[21:18:01.187] "//////shot-anim:scope40",
[21:18:01.187] {"delta":{"timeline":{"p":{"paused":true,"repeat":0},"actors":{"i2d:plane":[{"dur":3,"p":{"x":0,"y":0,"immediateRender":false}}],"i2d:zoom_plane":[{"dur":3,"p":{"rotation":0,"scale":1,"svgOrigin":"0% 0%","immediateRender":false}}]}}}},
[21:18:01.187] "/stocks:/i3d-jsonmodels:phonghead_kfb/i2d-scene:mf2d0/grid:/ui-msgbg:/shot-anim:scope40",
[21:18:16.155] {"t":"camera2d","f":"rollflyTo","a":{"r":-90,"d":3}},
[21:18:16.198] "/stocks:/i3d-jsonmodels:phonghead_kfb/i2d-scene:mf2d0/grid:/ui-msgbg:/shot-anim:scope41",
[21:18:16.198] "//////shot-anim:scope41",
[21:18:16.198] {"delta":{"timeline":{"p":{"paused":true,"repeat":0,"tweens":[]},"actors":{"i2d:zoom_plane":[{"dur":3,"p":{"rotation":-90,"svgOrigin":"0% 0%","immediateRender":false}}]}}}},
[21:18:31.157] {"t":"camera2d","f":"rollflyBy","a":{"r":45,"d":3}},
[21:18:31.201] "/stocks:/i3d-jsonmodels:phonghead_kfb/i2d-scene:mf2d0/grid:/ui-msgbg:/shot-anim:scope42",
[21:18:31.202] "//////shot-anim:scope42",
[21:18:31.203] {"delta":{"timeline":{"p":{"paused":true,"repeat":0,"tweens":[]},"actors":{"i2d:zoom_plane":[{"dur":3,"p":{"rotation":-45,"svgOrigin":"0% 0%","immediateRender":false}}]}}}},
[21:18:41.158] {"t":"camera2d","f":"rollflyBy","a":{"r":45,"d":3}},
[21:18:41.206] "/stocks:/i3d-jsonmodels:phonghead_kfb/i2d-scene:mf2d0/grid:/ui-msgbg:/shot-anim:scope43",
[21:18:41.206] "//////shot-anim:scope43",
[21:18:41.206] {"delta":{"timeline":{"p":{"paused":true,"repeat":0,"tweens":[]},"actors":{"i2d:zoom_plane":[{"dur":3,"p":{"rotation":0,"svgOrigin":"0% 0%","immediateRender":false}}]}}}},
[21:18:56.178] {"t":"camera2d","f":"dollyflyTo","a":{"x":20,"d":3}},
[21:18:56.201] "/stocks:/i3d-jsonmodels:phonghead_kfb/i2d-scene:mf2d0/grid:/ui-msgbg:/shot-anim:scope44",
[21:18:56.202] "//////shot-anim:scope44",
[21:18:56.202] {"delta":{"timeline":{"p":{"paused":true,"repeat":0,"tweens":[]},"actors":{"i2d:plane":[{"dur":3,"p":{"x":20,"y":0,"immediateRender":false}}]}}}},
[21:19:06.160] {"t":"camera2d","f":"dollyflyTo","a":{"y":20,"d":3}},
[21:19:06.195] "//////shot-anim:scope45",
[21:19:06.195] "/stocks:/i3d-jsonmodels:phonghead_kfb/i2d-scene:mf2d0/grid:/ui-msgbg:/shot-anim:scope45",
[21:19:06.195] {"delta":{"timeline":{"p":{"paused":true,"repeat":0,"tweens":[]},"actors":{"i2d:plane":[{"dur":3,"p":{"x":20,"y":-20,"immediateRender":false}}]}}}},
[21:19:21.160] {"t":"camera2d","f":"dollyflyTo","a":{"x":0,"d":3}},
[21:19:21.189] "/stocks:/i3d-jsonmodels:phonghead_kfb/i2d-scene:mf2d0/grid:/ui-msgbg:/shot-anim:scope46",
[21:19:21.190] "//////shot-anim:scope46",
[21:19:21.190] {"delta":{"timeline":{"p":{"paused":true,"repeat":0,"tweens":[]},"actors":{"i2d:plane":[{"dur":3,"p":{"x":0,"y":-20,"immediateRender":false}}]}}}},
[21:19:31.159] {"t":"camera2d","f":"dollyflyTo","a":{"y":-40,"d":3}},
[21:19:31.202] "/stocks:/i3d-jsonmodels:phonghead_kfb/i2d-scene:mf2d0/grid:/ui-msgbg:/shot-anim:scope47",
[21:19:31.202] "//////shot-anim:scope47",
[21:19:31.202] {"delta":{"timeline":{"p":{"paused":true,"repeat":0,"tweens":[]},"actors":{"i2d:plane":[{"dur":3,"p":{"x":0,"y":40,"immediateRender":false}}]}}}},
[21:19:41.159] {"t":"camera2d","f":"dollyflyTo","a":{"x":20,"d":3}},
[21:19:41.193] "/stocks:/i3d-jsonmodels:phonghead_kfb/i2d-scene:mf2d0/grid:/ui-msgbg:/shot-anim:scope48",
[21:19:41.196] "//////shot-anim:scope48",
[21:19:41.205] {"delta":{"timeline":{"p":{"paused":true,"repeat":0,"tweens":[]},"actors":{"i2d:plane":[{"dur":3,"p":{"x":20,"y":40,"immediateRender":false}}]}}}},
[21:19:51.159] {"t":"camera2d","f":"dollyflyTo","a":{"x":0,"d":3}},
[21:19:51.207] "/stocks:/i3d-jsonmodels:phonghead_kfb/i2d-scene:mf2d0/grid:/ui-msgbg:/shot-anim:scope49",
[21:19:51.207] {"delta":{"timeline":{"p":{"paused":true,"repeat":0,"tweens":[]},"actors":{"i2d:plane":[{"dur":3,"p":{"x":0,"y":40,"immediateRender":false}}]}}}},
[21:19:51.207] "//////shot-anim:scope49",
[21:20:06.159] {"t":"camera3d","f":"tiltflyTo","a":{"r":-0.7854,"d":3}},
[21:20:06.182] "/stocks:/i3d-jsonmodels:phonghead_kfb/i2d-scene:mf2d0/grid:/ui-msgbg:/shot-anim:scope50",
[21:20:06.182] "//////shot-anim:scope50",
[21:20:06.182] {"delta":{"timeline":{"p":{"paused":true,"repeat":0},"actors":{"i3d:camera:rotation":[{"dur":3,"p":{"x":-0.7854,"immediateRender":false}}]}}}},
[21:20:16.160] {"t":"camera3d","f":"panflyTo","a":{"r":-0.7854,"d":3}},
[21:20:16.196] "/stocks:/i3d-jsonmodels:phonghead_kfb/i2d-scene:mf2d0/grid:/ui-msgbg:/shot-anim:scope51",
[21:20:16.196] "//////shot-anim:scope51",
[21:20:16.197] {"delta":{"timeline":{"p":{"paused":true,"repeat":0},"actors":{"i3d:camera:rotation":[{"dur":3,"p":{"y":-0.7854,"immediateRender":false}}]}}}},
[21:20:31.162] {"t":"camera3d","f":"lookAt"},
[21:20:31.197] "//////shot-fixed:scope52",
[21:20:31.197] {"delta-t":"camera3d","f":"lookAt","a":{}},
[21:20:31.197] "/stocks:/i3d-jsonmodels:phonghead_kfb/i2d-scene:mf2d0/grid:/ui-msgbg:/shot-fixed:scope52",
[21:20:41.174] {"t":"camera3d","f":"dollyflyTo","a":{"x":20,"y":0,"z":0,"d":3}},
[21:20:41.197] "/stocks:/i3d-jsonmodels:phonghead_kfb/i2d-scene:mf2d0/grid:/ui-msgbg:/shot-anim:scope53",
[21:20:41.197] "//////shot-anim:scope53",
[21:20:41.197] {"delta":{"timeline":{"p":{"paused":true,"repeat":0},"actors":{"i3d:csphere:position":[{"dur":3,"p":{"x":20,"y":0,"z":0,"immediateRender":false}}]}}}},
[21:20:51.170] {"t":"camera3d","f":"zoomflyTo","a":{"s":0.5,"d":3}},
[21:20:51.195] "/stocks:/i3d-jsonmodels:phonghead_kfb/i2d-scene:mf2d0/grid:/ui-msgbg:/shot-anim:scope54",
[21:20:51.197] "//////shot-anim:scope54",
[21:20:51.197] {"delta":{"timeline":{"p":{"paused":true,"repeat":0},"actors":{"i3d:csphere:scale":[{"dur":3,"p":{"x":0.5,"y":0.5,"z":0.5,"immediateRender":false}}]}}}},
[21:21:06.235] {"t":"camera3d","f":"zoomflyTo","a":{"s":2,"d":3}},
[21:21:06.236] "/stocks:/i3d-jsonmodels:phonghead_kfb/i2d-scene:mf2d0/grid:/ui-msgbg:/shot-anim:scope55",
[21:21:06.236] "//////shot-anim:scope55",
[21:21:06.236] {"delta":{"timeline":{"p":{"paused":true,"repeat":0},"actors":{"i3d:csphere:scale":[{"dur":3,"p":{"x":2,"y":2,"z":2,"immediateRender":false}}]}}}},
[21:21:21.217] {"t":"camera3d","f":"dollyflyTo","a":{"x":20,"y":20,"z":-20,"d":3}},
[21:21:21.255] "/stocks:/i3d-jsonmodels:phonghead_kfb/i2d-scene:mf2d0/grid:/ui-msgbg:/shot-anim:scope56",
[21:21:21.256] "//////shot-anim:scope56",
[21:21:21.257] {"delta":{"timeline":{"p":{"paused":true,"repeat":0},"actors":{"i3d:csphere:position":[{"dur":3,"p":{"x":20,"y":20,"z":-20,"immediateRender":false}}]}}}},
[21:21:31.216] {"t":"camera3d","f":"zoomflyTo","a":{"s":0.5,"d":3}},
[21:21:31.253] "/stocks:/i3d-jsonmodels:phonghead_kfb/i2d-scene:mf2d0/grid:/ui-msgbg:/shot-anim:scope57",
[21:21:31.253] {"delta":{"timeline":{"p":{"paused":true,"repeat":0},"actors":{"i3d:csphere:scale":[{"dur":3,"p":{"x":0.5,"y":0.5,"z":0.5,"immediateRender":false}}]}}}},
[21:21:31.253] "//////shot-anim:scope57",
[21:21:46.230] {"t":"camera3d","f":"center","a":{"d":3}},
[21:21:46.287] "/stocks:/i3d-jsonmodels:phonghead_kfb/i2d-scene:mf2d0/grid:/ui-msgbg:/shot-anim:scope58",
[21:21:46.288] "//////shot-anim:scope58",
[21:21:46.289] {"delta":{"timeline":{"p":{"paused":true,"repeat":0},"actors":{"i3d:camera:rotation":[{"dur":3,"p":{"x":0,"y":0,"z":0,"immediateRender":false}}],"i3d:csphere:position":[{"dur":3,"p":{"x":0,"y":0,"z":0,"immediateRender":false}}],"i3d:csphere:rotation":[{"dur":3,"p":{"x":0,"y":0,"z":0,"immediateRender":false}}],"i2d:plane":[{"dur":3,"p":{"x":0,"y":0,"immediateRender":false}}],"i2d:zoom_plane":[{"dur":3,"p":{"rotation":0,"svgOrigin":"0% 0%","immediateRender":false}}]}}}},
[21:22:01.221] {"t":"camera3d","f":"home","a":{"d":3}},
[21:22:01.279] "/stocks:/i3d-jsonmodels:phonghead_kfb/i2d-scene:mf2d0/grid:/ui-msgbg:/shot-anim:scope59",
[21:22:01.280] "//////shot-anim:scope59",
[21:22:01.280] {"delta":{"timeline":{"p":{"paused":true,"repeat":0},"actors":{"i3d:camera:rotation":[{"dur":3,"p":{"x":0,"y":0,"z":0,"immediateRender":false}}],"i3d:csphere:position":[{"dur":3,"p":{"x":0,"y":0,"z":0,"immediateRender":false}}],"i3d:csphere:scale":[{"dur":3,"p":{"x":1,"y":1,"z":1,"immediateRender":false}}],"i3d:csphere:rotation":[{"dur":3,"p":{"x":0,"y":0,"z":0,"immediateRender":false}}],"i2d:plane":[{"dur":3,"p":{"x":0,"y":0,"immediateRender":false}}],"i2d:zoom_plane":[{"dur":3,"p":{"rotation":0,"scale":1,"svgOrigin":"0% 0%","immediateRender":false}}]}}}},
[21:22:16.256] {"t":"camera3d","f":"panflyBy","a":{"r":0.7854,"d":3}},
[21:22:16.261] "/stocks:/i3d-jsonmodels:phonghead_kfb/i2d-scene:mf2d0/grid:/ui-msgbg:/shot-anim:scope60",
[21:22:16.261] "//////shot-anim:scope60",
[21:22:16.261] {"delta":{"timeline":{"p":{"paused":true,"repeat":0},"actors":{"i3d:camera:rotation":[{"dur":3,"p":{"y":0.7854,"immediateRender":false}}]}}}},
[21:22:31.239] {"t":"camera3d","f":"tiltflyBy","a":{"r":0.7854,"d":3}},
[21:22:31.297] "/stocks:/i3d-jsonmodels:phonghead_kfb/i2d-scene:mf2d0/grid:/ui-msgbg:/shot-anim:scope61",
[21:22:31.297] "//////shot-anim:scope61",
[21:22:31.297] {"delta":{"timeline":{"p":{"paused":true,"repeat":0},"actors":{"i3d:camera:rotation":[{"dur":3,"p":{"x":0.7854,"immediateRender":false}}]}}}},
[21:22:46.256] {"t":"camera3d","f":"lookAt"},
[21:22:46.310] "/stocks:/i3d-jsonmodels:phonghead_kfb/i2d-scene:mf2d0/grid:/ui-msgbg:/shot-fixed:scope62",
[21:22:46.310] "//////shot-fixed:scope62",
[21:22:46.310] {"delta-t":"camera3d","f":"lookAt","a":{}},
[21:22:56.258] {"t":"camera3d","f":"rollflyTo","a":{"r":-1.57,"d":4}},
[21:22:56.278] "/stocks:/i3d-jsonmodels:phonghead_kfb/i2d-scene:mf2d0/grid:/ui-msgbg:/shot-anim:scope63",
[21:22:56.279] "//////shot-anim:scope63",
[21:22:56.279] {"delta":{"timeline":{"p":{"paused":true,"repeat":0},"actors":{"i3d:camera:rotation":[{"dur":4,"p":{"z":-1.57,"immediateRender":false}}]}}}},
[21:23:11.258] {"t":"camera3d","f":"rollflyBy","a":{"r":0.3927,"d":4}},
[21:23:11.297] "/stocks:/i3d-jsonmodels:phonghead_kfb/i2d-scene:mf2d0/grid:/ui-msgbg:/shot-anim:scope64",
[21:23:11.298] "//////shot-anim:scope64",
[21:23:11.298] {"delta":{"timeline":{"p":{"paused":true,"repeat":0},"actors":{"i3d:camera:rotation":[{"dur":4,"p":{"z":-1.1773,"immediateRender":false}}]}}}},
[21:23:26.258] {"t":"camera3d","f":"rollflyBy","a":{"r":0.3927,"d":4}},
[21:23:26.287] "/stocks:/i3d-jsonmodels:phonghead_kfb/i2d-scene:mf2d0/grid:/ui-msgbg:/shot-anim:scope65",
[21:23:26.288] {"delta":{"timeline":{"p":{"paused":true,"repeat":0},"actors":{"i3d:camera:rotation":[{"dur":4,"p":{"z":-0.7846,"immediateRender":false}}]}}}},
[21:23:26.287] "//////shot-anim:scope65",
[21:23:36.258] {"t":"camera3d","f":"center","a":{"d":3}},
[21:23:36.290] "/stocks:/i3d-jsonmodels:phonghead_kfb/i2d-scene:mf2d0/grid:/ui-msgbg:/shot-anim:scope66",
[21:23:36.291] "//////shot-anim:scope66",
[21:23:36.291] {"delta":{"timeline":{"p":{"paused":true,"repeat":0},"actors":{"i3d:camera:rotation":[{"dur":3,"p":{"x":0,"y":0,"z":0,"immediateRender":false}}],"i3d:csphere:position":[{"dur":3,"p":{"x":0,"y":0,"z":0,"immediateRender":false}}],"i3d:csphere:rotation":[{"dur":3,"p":{"x":0,"y":0,"z":0,"immediateRender":false}}],"i2d:plane":[{"dur":3,"p":{"x":0,"y":0,"immediateRender":false}}],"i2d:zoom_plane":[{"dur":3,"p":{"rotation":0,"svgOrigin":"0% 0%","immediateRender":false}}]}}}},
[21:23:51.257] {"t":"camera3d","f":"yawflyTo","a":{"r":1.57,"d":3}},
[21:23:51.292] "/stocks:/i3d-jsonmodels:phonghead_kfb/i2d-scene:mf2d0/grid:/ui-msgbg:/shot-anim:scope67",
[21:23:51.294] "//////shot-anim:scope67",
[21:23:51.294] {"delta":{"timeline":{"p":{"paused":true,"repeat":0},"actors":{"i3d:csphere:rotation":[{"dur":3,"p":{"y":1.57,"immediateRender":false}}]}}}},
[21:24:06.261] {"t":"camera3d","f":"yawflyBy","a":{"r":-0.7854,"d":3}},
[21:24:06.288] "/stocks:/i3d-jsonmodels:phonghead_kfb/i2d-scene:mf2d0/grid:/ui-msgbg:/shot-anim:scope68",
[21:24:06.289] {"delta":{"timeline":{"p":{"paused":true,"repeat":0},"actors":{"i3d:csphere:rotation":[{"dur":3,"p":{"y":0.7846000000000001,"immediateRender":false}}]}}}},
[21:24:06.288] "//////shot-anim:scope68",
[21:24:16.261] {"t":"camera3d","f":"yawflyBy","a":{"r":-0.7854,"d":3}},
[21:24:16.312] "/stocks:/i3d-jsonmodels:phonghead_kfb/i2d-scene:mf2d0/grid:/ui-msgbg:/shot-anim:scope69",
[21:24:16.313] {"delta":{"timeline":{"p":{"paused":true,"repeat":0},"actors":{"i3d:csphere:rotation":[{"dur":3,"p":{"y":-0.0007999999999999119,"immediateRender":false}}]}}}},
[21:24:16.312] "//////shot-anim:scope69",
[21:24:26.265] {"t":"camera3d","f":"pitchflyTo","a":{"r":-1.57,"d":3}},
[21:24:26.329] "/stocks:/i3d-jsonmodels:phonghead_kfb/i2d-scene:mf2d0/grid:/ui-msgbg:/shot-anim:scope70",
[21:24:26.332] "//////shot-anim:scope70",
[21:24:26.333] {"delta":{"timeline":{"p":{"paused":true,"repeat":0},"actors":{"i3d:csphere:rotation":[{"dur":3,"p":{"x":-1.57,"immediateRender":false}}]}}}},
[21:24:36.269] {"t":"camera3d","f":"pitchflyBy","a":{"r":0.7854,"d":3}},
[21:24:36.296] "/stocks:/i3d-jsonmodels:phonghead_kfb/i2d-scene:mf2d0/grid:/ui-msgbg:/shot-anim:scope71",
[21:24:36.297] "//////shot-anim:scope71",
[21:24:36.297] {"delta":{"timeline":{"p":{"paused":true,"repeat":0},"actors":{"i3d:csphere:rotation":[{"dur":3,"p":{"x":-0.7846000000000001,"immediateRender":false}}]}}}},
[21:24:51.265] {"t":"camera3d","f":"pitchflyBy","a":{"r":0.7854,"d":3}},
[21:24:51.301] "//////shot-anim:scope72",
[21:24:51.301] "/stocks:/i3d-jsonmodels:phonghead_kfb/i2d-scene:mf2d0/grid:/ui-msgbg:/shot-anim:scope72",
[21:24:51.301] {"delta":{"timeline":{"p":{"paused":true,"repeat":0},"actors":{"i3d:csphere:rotation":[{"dur":3,"p":{"x":0.0007999999999999119,"immediateRender":false}}]}}}},
[21:25:01.265] {"t":"camera3d","f":"dollyflyTo","a":{"x":20,"y":-20,"z":-30,"d":3}},
[21:25:01.297] "/stocks:/i3d-jsonmodels:phonghead_kfb/i2d-scene:mf2d0/grid:/ui-msgbg:/shot-anim:scope73",
[21:25:01.297] {"delta":{"timeline":{"p":{"paused":true,"repeat":0},"actors":{"i3d:csphere:position":[{"dur":3,"p":{"x":20,"y":-20,"z":-30,"immediateRender":false}}]}}}},
[21:25:01.297] "//////shot-anim:scope73",
[21:25:11.265] {"t":"camera3d","f":"dollyflyTo","a":{"x":0,"y":0,"z":30,"d":6}},
[21:25:11.294] "/stocks:/i3d-jsonmodels:phonghead_kfb/i2d-scene:mf2d0/grid:/ui-msgbg:/shot-anim:scope74",
[21:25:11.294] "//////shot-anim:scope74",
[21:25:11.295] {"delta":{"timeline":{"p":{"paused":true,"repeat":0},"actors":{"i3d:csphere:position":[{"dur":6,"p":{"x":20,"y":-20,"z":30,"immediateRender":false}}]}}}},
[21:25:26.270] {"t":"camera3d","f":"tiltflyBy","a":{"r":0.7854,"d":3}},
[21:25:26.311] "//////shot-anim:scope75",
[21:25:26.311] "/stocks:/i3d-jsonmodels:phonghead_kfb/i2d-scene:mf2d0/grid:/ui-msgbg:/shot-anim:scope75",
[21:25:26.312] {"delta":{"timeline":{"p":{"paused":true,"repeat":0},"actors":{"i3d:camera:rotation":[{"dur":3,"p":{"x":0.7854,"immediateRender":false}}]}}}},
[21:25:36.286] {"t":"camera3d","f":"zoomflyTo","a":{"s":2,"d":3}},
[21:25:36.288] "/stocks:/i3d-jsonmodels:phonghead_kfb/i2d-scene:mf2d0/grid:/ui-msgbg:/shot-anim:scope76",
[21:25:36.289] "//////shot-anim:scope76",
[21:25:36.291] {"delta":{"timeline":{"p":{"paused":true,"repeat":0},"actors":{"i3d:csphere:scale":[{"dur":3,"p":{"x":2,"y":2,"z":2,"immediateRender":false}}]}}}},
[21:25:46.271] {"t":"camera3d","f":"home","a":{"d":3}},
[21:25:46.309] "/stocks:/i3d-jsonmodels:phonghead_kfb/i2d-scene:mf2d0/grid:/ui-msgbg:/shot-anim:scope77",
[21:25:46.309] "//////shot-anim:scope77",
[21:25:46.310] {"delta":{"timeline":{"p":{"paused":true,"repeat":0},"actors":{"i3d:camera:rotation":[{"dur":3,"p":{"x":0,"y":0,"z":0,"immediateRender":false}}],"i3d:csphere:position":[{"dur":3,"p":{"x":0,"y":0,"z":0,"immediateRender":false}}],"i3d:csphere:scale":[{"dur":3,"p":{"x":1,"y":1,"z":1,"immediateRender":false}}],"i3d:csphere:rotation":[{"dur":3,"p":{"x":0,"y":0,"z":0,"immediateRender":false}}],"i2d:plane":[{"dur":3,"p":{"x":0,"y":0,"immediateRender":false}}],"i2d:zoom_plane":[{"dur":3,"p":{"rotation":0,"scale":1,"svgOrigin":"0% 0%","immediateRender":false}}]}}}},
