[21:35:05.048] "e2e_spec[0] shot test failed: result:{\"delta\":{\"timeline\":{\"p\":{\"paused\":true,\"repeat\":0},\"actors\":{\"i3d:camera:rotation\":[{\"dur\":3,\"p\":{\"y\":-0.7854,\"immediateRender\":false}}]}}}} !== expected:{\"delta\":{\"timeline\":{\"p\":{\"paused\":true,\"repeat\":0},\"actors\":{\"i3d:camera:rotation\":[{\"dur\":3,\"p\":{\"y\":-0.7854,\"immediateRender\":false}}]}}}}",
[21:35:05.047] "/metaweb:/i3d-empty:/i2d-reflect:/empty:/ui-msgbg:/shot-anim:scope0",
[21:35:05.045] {"t":"camera3d","f":"panflyTo","a":{"r":-0.7854,"d":3}},
[21:35:05.047] "//////shot-anim:scope0",
[21:35:05.049] {"delta":{"timeline":{"p":{"paused":true,"repeat":0},"actors":{"i3d:camera:rotation":[{"dur":3,"p":{"y":-0.7854,"immediateRender":false}}]}}}},
[21:35:20.025] {"t":"camera3d","f":"lookAt"},
[21:35:20.047] "/metaweb:/i3d-empty:/i2d-reflect:/empty:/ui-msgbg:/shot-fixed:scope1",
[21:35:20.047] "//////shot-fixed:scope1",
[21:35:20.051] "e2e_spec[1] shot test failed: result:{\"delta-t\":\"camera3d\",\"f\":\"lookAt\",\"a\":{}} !== expected:{\"delta-t\":\"camera3d\",\"f\":\"lookAt\",\"a\":{}}",
[21:35:20.051] {"delta-t":"camera3d","f":"lookAt","a":{}},
[21:35:30.024] {"t":"camera3d","f":"panflyTo","a":{"r":-0.7854,"d":3}},
[21:35:30.039] "/metaweb:/i3d-empty:/i2d-reflect:/empty:/ui-msgbg:/shot-anim:scope2",
[21:35:30.039] "//////shot-anim:scope2",
[21:35:30.040] "e2e_spec[2] shot test failed: result:{\"delta\":{\"timeline\":{\"p\":{\"paused\":true,\"repeat\":0},\"actors\":{\"i3d:camera:rotation\":[{\"dur\":3,\"p\":{\"y\":-0.7854,\"immediateRender\":false}}]}}}} !== expected:{\"delta\":{\"timeline\":{\"p\":{\"paused\":true,\"repeat\":0},\"actors\":{\"i3d:camera:rotation\":[{\"dur\":3,\"p\":{\"y\":-0.7854,\"immediateRender\":false}}]}}}}",
[21:35:30.041] {"delta":{"timeline":{"p":{"paused":true,"repeat":0},"actors":{"i3d:camera:rotation":[{"dur":3,"p":{"y":-0.7854,"immediateRender":false}}]}}}},
[21:35:45.025] {"t":"camera3d","f":"home","a":{"d":3}},
[21:35:45.041] "/metaweb:/i3d-empty:/i2d-reflect:/empty:/ui-msgbg:/shot-anim:scope3",
[21:35:45.042] "//////shot-anim:scope3",
[21:35:45.042] "e2e_spec[3] delta_url test failed: result://////shot-anim:scope3 !== expected://////shot-fixed:scope4",
[21:35:45.042] "e2e_spec[3] abs_url test failed: result:/metaweb:/i3d-empty:/i2d-reflect:/empty:/ui-msgbg:/shot-anim:scope3 !== expected:/metaweb:/i3d-empty:/i2d-reflect:/empty:/ui-msgbg:/shot-fixed:scope4",
[21:35:45.044] "e2e_spec[3] shot test failed: result:{\"delta\":{\"timeline\":{\"p\":{\"paused\":true,\"repeat\":0},\"actors\":{\"i3d:camera:rotation\":[{\"dur\":3,\"p\":{\"x\":0,\"y\":0,\"z\":0,\"immediateRender\":false}}],\"i3d:csphere:position\":[{\"dur\":3,\"p\":{\"x\":0,\"y\":0,\"z\":0,\"immediateRender\":false}}],\"i3d:csphere:scale\":[{\"dur\":3,\"p\":{\"x\":1,\"y\":1,\"z\":1,\"immediateRender\":false}}],\"i3d:csphere:rotation\":[{\"dur\":3,\"p\":{\"x\":0,\"y\":0,\"z\":0,\"immediateRender\":false}}],\"i2d:plane\":[{\"dur\":3,\"p\":{\"x\":0,\"y\":0,\"immediateRender\":false}}],\"i2d:zoom_plane\":[{\"dur\":3,\"p\":{\"rotation\":0,\"scale\":1,\"svgOrigin\":\"0% 0%\",\"immediateRender\":false}}]}}}} !== expected:{\"delta-t\":\"camera3d\",\"f\":\"home\"}",
[21:35:45.045] {"delta":{"timeline":{"p":{"paused":true,"repeat":0},"actors":{"i3d:camera:rotation":[{"dur":3,"p":{"x":0,"y":0,"z":0,"immediateRender":false}}],"i3d:csphere:position":[{"dur":3,"p":{"x":0,"y":0,"z":0,"immediateRender":false}}],"i3d:csphere:scale":[{"dur":3,"p":{"x":1,"y":1,"z":1,"immediateRender":false}}],"i3d:csphere:rotation":[{"dur":3,"p":{"x":0,"y":0,"z":0,"immediateRender":false}}],"i2d:plane":[{"dur":3,"p":{"x":0,"y":0,"immediateRender":false}}],"i2d:zoom_plane":[{"dur":3,"p":{"rotation":0,"scale":1,"svgOrigin":"0% 0%","immediateRender":false}}]}}}},
[21:36:00.025] {"t":"camera3d","f":"panflyTo","a":{"r":0,"d":3}},
[21:36:00.042] "/metaweb:/i3d-empty:/i2d-reflect:/empty:/ui-msgbg:/shot-anim:scope4",
[21:36:00.044] "//////shot-anim:scope4",
[21:36:00.045] "e2e_spec[4] delta_url test failed: result://////shot-anim:scope4 !== expected://////shot-anim:scope5",
[21:36:00.045] "e2e_spec[4] abs_url test failed: result:/metaweb:/i3d-empty:/i2d-reflect:/empty:/ui-msgbg:/shot-anim:scope4 !== expected:/metaweb:/i3d-empty:/i2d-reflect:/empty:/ui-msgbg:/shot-anim:scope5",
[21:36:00.046] "e2e_spec[4] shot test failed: result:{\"delta\":{\"timeline\":{\"p\":{\"paused\":true,\"repeat\":0},\"actors\":{\"i3d:camera:rotation\":[{\"dur\":3,\"p\":{\"y\":0,\"immediateRender\":false}}]}}}} !== expected:{\"delta\":{\"timeline\":{\"p\":{\"paused\":true,\"repeat\":0},\"actors\":{\"i3d:camera:rotation\":[{\"dur\":3,\"p\":{\"y\":0,\"immediateRender\":false}}]}}}}",
[21:36:00.046] {"delta":{"timeline":{"p":{"paused":true,"repeat":0},"actors":{"i3d:camera:rotation":[{"dur":3,"p":{"y":0,"immediateRender":false}}]}}}},
[21:36:10.029] {"t":"narrative","f":"change_scene","a":"a"},
[21:36:10.309] "/a:/i3d-simple:simple_green/i2d-scene:disks0/base-skycube:test_cube/ui-msgbg:/shot-fixed:",
[21:36:10.309] "/a:/i3d-simple:simple_green/i2d-scene:disks0/base-skycube:test_cube//shot-fixed:",
[21:36:10.310] {},
[21:36:10.309] "e2e_spec[5] shot test failed: result:{} !== expected:{}",
[21:36:25.025] {"t":"narrative","f":"change_scene","a":"a0"},
[21:36:25.158] "e2e_spec[6] delta_url test failed: result:/a0://///shot-graft:scope6 !== expected:/a0://///shot-graft:scope7",
[21:36:25.159] "e2e_spec[6] abs_url test failed: result:/a0:/i3d-simple:simple_green/i2d-scene:disks0/base-skycube:test_cube/ui-msgbg:/shot-graft:scope6 !== expected:/a0:/i3d-simple:simple_green/i2d-scene:disks0/base-skycube:test_cube/ui-msgbg:/shot-graft:scope7",
[21:36:25.160] "e2e_spec[6] shot test failed: result:{\"delta\":{\"timeline\":{\"p\":{\"repeat\":0},\"actors\":{\"i3d:cube0:scale\":[{\"dur\":10,\"p\":{\"x\":0.5,\"y\":0.5,\"z\":0.5}}]}},\"branches\":{\"cube0\":{\"children\":{\"cube0_2\":{\"form\":{\"type\":\"'cube.i3d'\",\"x\":0,\"y\":0,\"z\":0,\"textureurl\":\"./images/sky.jpg\",\"w\":5,\"h\":10,\"d\":10,\"color\":\"blue\",\"transparent\":true,\"opacity\":1},\"transform\":{\"t\":[-20,-10,0],\"s\":[0.01,0.01,0.01]},\"children\":{}},\"cube0_3\":{\"form\":{\"type\":\"'cube.i3d'\",\"x\":0,\"y\":-20,\"z\":0,\"textureurl\":\"sky_jpg\",\"w\":5,\"h\":10,\"d\":10,\"color\":\"blue\",\"transparent\":true,\"opacity\":1},\"transform\":{\"t\":[20,0,0],\"s\":[0.01,0.01,0.01]},\"children\":{}}}}}}} !== expected:{\"delta\":{\"timeline\":{\"p\":{\"repeat\":0},\"actors\":{\"i3d:cube0:scale\":[{\"dur\":10,\"p\":{\"x\":0.5,\"y\":0.5,\"z\":0.5}}]}},\"branches\":{\"cube0\":{\"children\":{\"cube0_2\":{\"form\":{\"type\":\"'cube.i3d'\",\"x\":0,\"y\":0,\"z\":0,\"textureurl\":\"./images/sky.jpg\",\"w\":5,\"h\":10,\"d\":10,\"color\":\"blue\",\"transparent\":true,\"opacity\":1},\"transform\":{\"t\":[-20,-10,0],\"s\":[0.01,0.01,0.01]},\"children\":{}},\"cube0_3\":{\"form\":{\"type\":\"'cube.i3d'\",\"x\":0,\"y\":-20,\"z\":0,\"textureurl\":\"sky_jpg\",\"w\":5,\"h\":10,\"d\":10,\"color\":\"blue\",\"transparent\":true,\"opacity\":1},\"transform\":{\"t\":[20,0,0],\"s\":[0.01,0.01,0.01]},\"children\":{}}}}}}}",
[21:36:25.162] {"delta":{"timeline":{"p":{"repeat":0},"actors":{"i3d:cube0:scale":[{"dur":10,"p":{"x":0.5,"y":0.5,"z":0.5}}]}},"branches":{"cube0":{"children":{"cube0_2":{"form":{"type":"'cube.i3d'","x":0,"y":0,"z":0,"textureurl":"./images/sky.jpg","w":5,"h":10,"d":10,"color":"blue","transparent":true,"opacity":1},"transform":{"t":[-20,-10,0],"s":[0.01,0.01,0.01]},"children":{}},"cube0_3":{"form":{"type":"'cube.i3d'","x":0,"y":-20,"z":0,"textureurl":"sky_jpg","w":5,"h":10,"d":10,"color":"blue","transparent":true,"opacity":1},"transform":{"t":[20,0,0],"s":[0.01,0.01,0.01]},"children":{}}}}}}},
[21:36:25.158] "/a0://///shot-graft:scope6",
[21:36:25.157] "/a0:/i3d-simple:simple_green/i2d-scene:disks0/base-skycube:test_cube/ui-msgbg:/shot-graft:scope6",
[21:36:35.022] {"t":"narrative","f":"change_scene","a":"a1"},
[21:36:35.112] "/a1:/i3d-simple:simple_green/i2d-scene:disks0/base-skycube:test_cube/ui-msgbg:/shot-graft:scope7",
[21:36:35.113] "/a1://///shot-graft:scope7",
[21:36:35.113] "e2e_spec[7] delta_url test failed: result:/a1://///shot-graft:scope7 !== expected:/a1://///shot-graft:scope8",
[21:36:35.113] "e2e_spec[7] abs_url test failed: result:/a1:/i3d-simple:simple_green/i2d-scene:disks0/base-skycube:test_cube/ui-msgbg:/shot-graft:scope7 !== expected:/a1:/i3d-simple:simple_green/i2d-scene:disks0/base-skycube:test_cube/ui-msgbg:/shot-graft:scope8",
[21:36:35.113] "e2e_spec[7] shot test failed: result:{\"delta\":{\"timeline\":{\"p\":{\"repeat\":0},\"actors\":{\"i3d:cube0_2:scale\":[{\"dur\":10,\"p\":{\"x\":1,\"y\":1,\"z\":1}}],\"i3d:cube0_3:scale\":[{\"dur\":10,\"p\":{\"x\":1,\"y\":1,\"z\":1}}]}},\"branches\":{\"cube0_2\":{\"children\":{\"s0_2_0\":{\"form\":{\"type\":\"'sphere.i3d'\",\"r\":5,\"color\":\"blue\",\"transparent\":true,\"opacity\":0.8},\"transform\":{\"e\":[0,-0.785,0],\"t\":[-10,-10,0],\"s\":[0.01,0.01,0.01]},\"children\":{}},\"s0_2_1\":{\"form\":{\"type\":\"'sphere.i3d'\",\"r\":5,\"color\":\"blue\",\"transparent\":true,\"opacity\":0.8},\"transform\":{\"e\":[0,0.785,0],\"t\":[10,10,0],\"s\":[0.01,0.01,0.01]},\"children\":{}}}}}}} !== expected:{\"delta\":{\"timeline\":{\"p\":{\"repeat\":0},\"actors\":{\"i3d:cube0_2:scale\":[{\"dur\":10,\"p\":{\"x\":1,\"y\":1,\"z\":1}}],\"i3d:cube0_3:scale\":[{\"dur\":10,\"p\":{\"x\":1,\"y\":1,\"z\":1}}]}},\"branches\":{\"cube0_2\":{\"children\":{\"s0_2_0\":{\"form\":{\"type\":\"'sphere.i3d'\",\"r\":5,\"color\":\"blue\",\"transparent\":true,\"opacity\":0.8},\"transform\":{\"e\":[0,-0.785,0],\"t\":[-10,-10,0],\"s\":[0.01,0.01,0.01]},\"children\":{}},\"s0_2_1\":{\"form\":{\"type\":\"'sphere.i3d'\",\"r\":5,\"color\":\"blue\",\"transparent\":true,\"opacity\":0.8},\"transform\":{\"e\":[0,0.785,0],\"t\":[10,10,0],\"s\":[0.01,0.01,0.01]},\"children\":{}}}}}}}",
[21:36:35.114] {"delta":{"timeline":{"p":{"repeat":0},"actors":{"i3d:cube0_2:scale":[{"dur":10,"p":{"x":1,"y":1,"z":1}}],"i3d:cube0_3:scale":[{"dur":10,"p":{"x":1,"y":1,"z":1}}]}},"branches":{"cube0_2":{"children":{"s0_2_0":{"form":{"type":"'sphere.i3d'","r":5,"color":"blue","transparent":true,"opacity":0.8},"transform":{"e":[0,-0.785,0],"t":[-10,-10,0],"s":[0.01,0.01,0.01]},"children":{}},"s0_2_1":{"form":{"type":"'sphere.i3d'","r":5,"color":"blue","transparent":true,"opacity":0.8},"transform":{"e":[0,0.785,0],"t":[10,10,0],"s":[0.01,0.01,0.01]},"children":{}}}}}}},
[21:36:50.088] {"t":"narrative","f":"change_scene","a":"a2"},
[21:36:50.102] "/a2:/i3d-simple:simple_green/i2d-scene:disks0/base-skycube:test_cube/ui-msgbg:/shot-graft:scope8",
[21:36:50.102] "/a2://///shot-graft:scope8",
[21:36:50.103] "e2e_spec[8] delta_url test failed: result:/a2://///shot-graft:scope8 !== expected:/a2://///shot-graft:scope9",
[21:36:50.103] "e2e_spec[8] abs_url test failed: result:/a2:/i3d-simple:simple_green/i2d-scene:disks0/base-skycube:test_cube/ui-msgbg:/shot-graft:scope8 !== expected:/a2:/i3d-simple:simple_green/i2d-scene:disks0/base-skycube:test_cube/ui-msgbg:/shot-graft:scope9",
[21:36:50.103] "e2e_spec[8] shot test failed: result:{\"delta\":{\"timeline\":{\"p\":{\"repeat\":0},\"actors\":{\"i3d:s0_2_0:scale\":[{\"dur\":10,\"p\":{\"x\":1,\"y\":1,\"z\":1}}],\"i3d:s0_2_1:scale\":[{\"dur\":10,\"p\":{\"x\":1,\"y\":1,\"z\":1}}]}},\"branches\":{}}} !== expected:{\"delta\":{\"timeline\":{\"p\":{\"repeat\":0},\"actors\":{\"i3d:s0_2_0:scale\":[{\"dur\":10,\"p\":{\"x\":1,\"y\":1,\"z\":1}}],\"i3d:s0_2_1:scale\":[{\"dur\":10,\"p\":{\"x\":1,\"y\":1,\"z\":1}}]}},\"branches\":{}}}",
[21:36:50.103] {"delta":{"timeline":{"p":{"repeat":0},"actors":{"i3d:s0_2_0:scale":[{"dur":10,"p":{"x":1,"y":1,"z":1}}],"i3d:s0_2_1:scale":[{"dur":10,"p":{"x":1,"y":1,"z":1}}]}},"branches":{}}},
[21:37:05.110] {"t":"camera3d","f":"dollyflyTo","a":{"x":10,"y":10,"z":-20,"d":4}},
[21:37:05.111] "/a2:/i3d-simple:simple_green/i2d-scene:disks0/base-skycube:test_cube/ui-msgbg:/shot-anim:scope9",
[21:37:05.111] "//////shot-anim:scope9",
[21:37:05.111] "e2e_spec[9] delta_url test failed: result://////shot-anim:scope9 !== expected://////shot-anim:scope10",
[21:37:05.111] "e2e_spec[9] abs_url test failed: result:/a2:/i3d-simple:simple_green/i2d-scene:disks0/base-skycube:test_cube/ui-msgbg:/shot-anim:scope9 !== expected:/a2:/i3d-simple:simple_green/i2d-scene:disks0/base-skycube:test_cube/ui-msgbg:/shot-anim:scope10",
[21:37:05.112] "e2e_spec[9] shot test failed: result:{\"delta\":{\"timeline\":{\"p\":{\"paused\":true,\"repeat\":0},\"actors\":{\"i3d:csphere:position\":[{\"dur\":4,\"p\":{\"x\":10,\"y\":10,\"z\":-20,\"immediateRender\":false}}]}}}} !== expected:{\"delta\":{\"timeline\":{\"p\":{\"paused\":true,\"repeat\":0},\"actors\":{\"i3d:csphere:position\":[{\"dur\":4,\"p\":{\"x\":10,\"y\":10,\"z\":-20,\"immediateRender\":false}}]}}}}",
[21:37:05.112] {"delta":{"timeline":{"p":{"paused":true,"repeat":0},"actors":{"i3d:csphere:position":[{"dur":4,"p":{"x":10,"y":10,"z":-20,"immediateRender":false}}]}}}},
[21:37:15.090] {"t":"narrative","f":"change_scene","a":"payments"},
[21:37:15.944] "/payments:/i3d-simple:phong_head_sphere_kfb/i2d-empty:/black:/ui-msgbg:/shot-fixed:",
[21:37:15.944] "/payments:/i3d-simple:phong_head_sphere_kfb/i2d-empty:/black://shot-fixed:",
[21:37:15.945] "e2e_spec[10] shot test failed: result:{} !== expected:{}",
[21:37:15.945] {},
[21:37:30.090] {"t":"camera3d","f":"toggle_csphere","a":{"val":false}},
[21:37:30.108] "/payments:/i3d-simple:phong_head_sphere_kfb/i2d-empty:/black:/ui-msgbg:/shot-fixed:scope11",
[21:37:30.109] "//////shot-fixed:scope11",
[21:37:30.109] "e2e_spec[11] delta_url test failed: result://////shot-fixed:scope11 !== expected://////shot-fixed:scope12",
[21:37:30.109] "e2e_spec[11] abs_url test failed: result:/payments:/i3d-simple:phong_head_sphere_kfb/i2d-empty:/black:/ui-msgbg:/shot-fixed:scope11 !== expected:/payments:/i3d-simple:phong_head_sphere_kfb/i2d-empty:/black:/ui-msgbg:/shot-fixed:scope12",
[21:37:30.109] "e2e_spec[11] shot test failed: result:{\"delta-t\":\"camera3d\",\"f\":\"toggle_csphere\",\"a\":false} !== expected:{\"delta-t\":\"camera3d\",\"f\":\"toggle_csphere\",\"a\":false}",
[21:37:30.109] {"delta-t":"camera3d","f":"toggle_csphere","a":false},
[21:37:45.107] {"t":"camera3d","f":"toggle_csphere","a":{"val":true}},
[21:37:45.110] "//////shot-fixed:scope12",
[21:37:45.110] "e2e_spec[12] delta_url test failed: result://////shot-fixed:scope12 !== expected://////shot-fixed:scope13",
[21:37:45.110] "e2e_spec[12] abs_url test failed: result:/payments:/i3d-simple:phong_head_sphere_kfb/i2d-empty:/black:/ui-msgbg:/shot-fixed:scope12 !== expected:/payments:/i3d-simple:phong_head_sphere_kfb/i2d-empty:/black:/ui-msgbg:/shot-fixed:scope13",
[21:37:45.111] "e2e_spec[12] shot test failed: result:{\"delta-t\":\"camera3d\",\"f\":\"toggle_csphere\",\"a\":true} !== expected:{\"delta-t\":\"camera3d\",\"f\":\"toggle_csphere\",\"a\":true}",
[21:37:45.111] {"delta-t":"camera3d","f":"toggle_csphere","a":true},
[21:37:45.110] "/payments:/i3d-simple:phong_head_sphere_kfb/i2d-empty:/black:/ui-msgbg:/shot-fixed:scope12",
[21:38:00.091] {"t":"camera3d","f":"toggle_light","a":{"name":"key","val":false}},
[21:38:00.118] "/payments:/i3d-simple:phong_head_sphere_kfb/i2d-empty:/black:/ui-msgbg:/shot-fixed:scope13",
[21:38:00.118] "//////shot-fixed:scope13",
[21:38:00.118] "e2e_spec[13] delta_url test failed: result://////shot-fixed:scope13 !== expected://////shot-fixed:scope14",
[21:38:00.120] "e2e_spec[13] abs_url test failed: result:/payments:/i3d-simple:phong_head_sphere_kfb/i2d-empty:/black:/ui-msgbg:/shot-fixed:scope13 !== expected:/payments:/i3d-simple:phong_head_sphere_kfb/i2d-empty:/black:/ui-msgbg:/shot-fixed:scope14",
[21:38:00.120] "e2e_spec[13] shot test failed: result:{\"delta-t\":\"camera3d\",\"f\":\"toggle_light\",\"a\":{\"name\":\"key\",\"val\":false}} !== expected:{\"delta-t\":\"camera3d\",\"f\":\"toggle_light\",\"a\":{\"name\":\"key\",\"val\":false}}",
[21:38:00.120] {"delta-t":"camera3d","f":"toggle_light","a":{"name":"key","val":false}},
[21:38:15.092] {"t":"camera3d","f":"toggle_light","a":{"name":"fill","val":false}},
[21:38:15.110] "/payments:/i3d-simple:phong_head_sphere_kfb/i2d-empty:/black:/ui-msgbg:/shot-fixed:scope14",
[21:38:15.110] "//////shot-fixed:scope14",
[21:38:15.110] "e2e_spec[14] delta_url test failed: result://////shot-fixed:scope14 !== expected://////shot-fixed:scope15",
[21:38:15.110] "e2e_spec[14] abs_url test failed: result:/payments:/i3d-simple:phong_head_sphere_kfb/i2d-empty:/black:/ui-msgbg:/shot-fixed:scope14 !== expected:/payments:/i3d-simple:phong_head_sphere_kfb/i2d-empty:/black:/ui-msgbg:/shot-fixed:scope15",
[21:38:15.110] "e2e_spec[14] shot test failed: result:{\"delta-t\":\"camera3d\",\"f\":\"toggle_light\",\"a\":{\"name\":\"fill\",\"val\":false}} !== expected:{\"delta-t\":\"camera3d\",\"f\":\"toggle_light\",\"a\":{\"name\":\"fill\",\"val\":false}}",
[21:38:15.110] {"delta-t":"camera3d","f":"toggle_light","a":{"name":"fill","val":false}},
[21:38:25.092] {"t":"camera3d","f":"toggle_light","a":{"name":"back","val":false}},
[21:38:25.114] "/payments:/i3d-simple:phong_head_sphere_kfb/i2d-empty:/black:/ui-msgbg:/shot-fixed:scope15",
[21:38:25.114] "//////shot-fixed:scope15",
[21:38:25.115] "e2e_spec[15] delta_url test failed: result://////shot-fixed:scope15 !== expected://////shot-fixed:scope16",
[21:38:25.115] "e2e_spec[15] abs_url test failed: result:/payments:/i3d-simple:phong_head_sphere_kfb/i2d-empty:/black:/ui-msgbg:/shot-fixed:scope15 !== expected:/payments:/i3d-simple:phong_head_sphere_kfb/i2d-empty:/black:/ui-msgbg:/shot-fixed:scope16",
[21:38:25.116] "e2e_spec[15] shot test failed: result:{\"delta-t\":\"camera3d\",\"f\":\"toggle_light\",\"a\":{\"name\":\"back\",\"val\":false}} !== expected:{\"delta-t\":\"camera3d\",\"f\":\"toggle_light\",\"a\":{\"name\":\"back\",\"val\":false}}",
[21:38:25.116] {"delta-t":"camera3d","f":"toggle_light","a":{"name":"back","val":false}},
[21:38:40.114] {"t":"camera3d","f":"toggle_light","a":{"name":"key","val":true}},
[21:38:40.125] "/payments:/i3d-simple:phong_head_sphere_kfb/i2d-empty:/black:/ui-msgbg:/shot-fixed:scope16",
[21:38:40.126] "//////shot-fixed:scope16",
[21:38:40.130] "e2e_spec[16] delta_url test failed: result://////shot-fixed:scope16 !== expected://////shot-fixed:scope17",
[21:38:40.131] "e2e_spec[16] abs_url test failed: result:/payments:/i3d-simple:phong_head_sphere_kfb/i2d-empty:/black:/ui-msgbg:/shot-fixed:scope16 !== expected:/payments:/i3d-simple:phong_head_sphere_kfb/i2d-empty:/black:/ui-msgbg:/shot-fixed:scope17",
[21:38:40.131] "e2e_spec[16] shot test failed: result:{\"delta-t\":\"camera3d\",\"f\":\"toggle_light\",\"a\":{\"name\":\"key\",\"val\":true}} !== expected:{\"delta-t\":\"camera3d\",\"f\":\"toggle_light\",\"a\":{\"name\":\"key\",\"val\":true}}",
[21:38:40.131] {"delta-t":"camera3d","f":"toggle_light","a":{"name":"key","val":true}},
[21:38:55.092] {"t":"camera3d","f":"toggle_light","a":{"name":"fill","val":true}},
[21:38:55.121] "/payments:/i3d-simple:phong_head_sphere_kfb/i2d-empty:/black:/ui-msgbg:/shot-fixed:scope17",
[21:38:55.122] "//////shot-fixed:scope17",
[21:38:55.122] "e2e_spec[17] delta_url test failed: result://////shot-fixed:scope17 !== expected://////shot-fixed:scope18",
[21:38:55.124] "e2e_spec[17] abs_url test failed: result:/payments:/i3d-simple:phong_head_sphere_kfb/i2d-empty:/black:/ui-msgbg:/shot-fixed:scope17 !== expected:/payments:/i3d-simple:phong_head_sphere_kfb/i2d-empty:/black:/ui-msgbg:/shot-fixed:scope18",
[21:38:55.124] "e2e_spec[17] shot test failed: result:{\"delta-t\":\"camera3d\",\"f\":\"toggle_light\",\"a\":{\"name\":\"fill\",\"val\":true}} !== expected:{\"delta-t\":\"camera3d\",\"f\":\"toggle_light\",\"a\":{\"name\":\"fill\",\"val\":true}}",
[21:38:55.125] {"delta-t":"camera3d","f":"toggle_light","a":{"name":"fill","val":true}},
[21:39:10.098] {"t":"camera3d","f":"toggle_light","a":{"name":"back","val":true}},
[21:39:10.133] "/payments:/i3d-simple:phong_head_sphere_kfb/i2d-empty:/black:/ui-msgbg:/shot-fixed:scope18",
[21:39:10.133] "//////shot-fixed:scope18",
[21:39:10.134] "e2e_spec[18] delta_url test failed: result://////shot-fixed:scope18 !== expected://////shot-fixed:scope19",
[21:39:10.134] "e2e_spec[18] abs_url test failed: result:/payments:/i3d-simple:phong_head_sphere_kfb/i2d-empty:/black:/ui-msgbg:/shot-fixed:scope18 !== expected:/payments:/i3d-simple:phong_head_sphere_kfb/i2d-empty:/black:/ui-msgbg:/shot-fixed:scope19",
[21:39:10.134] "e2e_spec[18] shot test failed: result:{\"delta-t\":\"camera3d\",\"f\":\"toggle_light\",\"a\":{\"name\":\"back\",\"val\":true}} !== expected:{\"delta-t\":\"camera3d\",\"f\":\"toggle_light\",\"a\":{\"name\":\"back\",\"val\":true}}",
[21:39:10.136] {"delta-t":"camera3d","f":"toggle_light","a":{"name":"back","val":true}},
[21:39:20.097] {"t":"narrative","f":"change_scene","a":"a"},
[21:39:20.309] "/a:/i3d-simple:simple_green/i2d-scene:disks0/base-skycube:test_cube/ui-msgbg:/shot-fixed:",
[21:39:20.309] "/a:/i3d-simple:simple_green/i2d-scene:disks0/base-skycube:test_cube//shot-fixed:",
[21:39:20.309] "e2e_spec[19] shot test failed: result:{} !== expected:{}",
[21:39:20.310] {},
[21:39:35.107] {"t":"narrative","f":"shot","a":"shot-graft:{\"delta\":{\"timeline\":{\"p\":{\"repeat\":0},\"actors\":{\"i3d:cube0:scale\":[{\"dur\":10,\"p\":{\"x\":0.5,\"y\":0.5,\"z\":0.5}}]}},\"branches\":{\"cube0\":{\"children\":{\"cube0_2\":{\"form\":{\"type\":\"'cube.i3d'\",\"x\":0,\"y\":0,\"z\":0,\"textureurl\":\"./images/sky.jpg\",\"w\":5,\"h\":10,\"d\":10,\"color\":\"blue\",\"transparent\":true,\"opacity\":1},\"transform\":{\"t\":[-20,-10,0],\"s\":[0.01,0.01,0.01]},\"children\":{}},\"cube0_3\":{\"form\":{\"type\":\"'cube.i3d'\",\"x\":0,\"y\":-20,\"z\":0,\"textureurl\":\"sky_jpg\",\"w\":5,\"h\":10,\"d\":10,\"color\":\"blue\",\"transparent\":true,\"opacity\":1},\"transform\":{\"t\":[20,0,0],\"s\":[0.01,0.01,0.01]},\"children\":{}}}}}}}"},
[21:39:35.256] "/a:/i3d-simple:simple_green/i2d-scene:disks0/base-skycube:test_cube/ui-msgbg:/shot-graft:scope20",
[21:39:35.257] "e2e_spec[20] delta_url test failed: result://////shot-graft:scope20 !== expected://////shot-graft:scope21",
[21:39:35.256] "//////shot-graft:scope20",
[21:39:35.257] "e2e_spec[20] abs_url test failed: result:/a:/i3d-simple:simple_green/i2d-scene:disks0/base-skycube:test_cube/ui-msgbg:/shot-graft:scope20 !== expected:/a:/i3d-simple:simple_green/i2d-scene:disks0/base-skycube:test_cube/ui-msgbg:/shot-graft:scope21",
[21:39:35.257] "e2e_spec[20] shot test failed: result:{\"delta\":{\"timeline\":{\"p\":{\"repeat\":0},\"actors\":{\"i3d:cube0:scale\":[{\"dur\":10,\"p\":{\"x\":0.5,\"y\":0.5,\"z\":0.5}}]}},\"branches\":{\"cube0\":{\"children\":{\"cube0_2\":{\"form\":{\"type\":\"'cube.i3d'\",\"x\":0,\"y\":0,\"z\":0,\"textureurl\":\"./images/sky.jpg\",\"w\":5,\"h\":10,\"d\":10,\"color\":\"blue\",\"transparent\":true,\"opacity\":1},\"transform\":{\"t\":[-20,-10,0],\"s\":[0.01,0.01,0.01]},\"children\":{}},\"cube0_3\":{\"form\":{\"type\":\"'cube.i3d'\",\"x\":0,\"y\":-20,\"z\":0,\"textureurl\":\"sky_jpg\",\"w\":5,\"h\":10,\"d\":10,\"color\":\"blue\",\"transparent\":true,\"opacity\":1},\"transform\":{\"t\":[20,0,0],\"s\":[0.01,0.01,0.01]},\"children\":{}}}}}}} !== expected:{\"delta\":{\"timeline\":{\"p\":{\"repeat\":0},\"actors\":{\"i3d:cube0:scale\":[{\"dur\":10,\"p\":{\"x\":0.5,\"y\":0.5,\"z\":0.5}}]}},\"branches\":{\"cube0\":{\"children\":{\"cube0_2\":{\"form\":{\"type\":\"'cube.i3d'\",\"x\":0,\"y\":0,\"z\":0,\"textureurl\":\"./images/sky.jpg\",\"w\":5,\"h\":10,\"d\":10,\"color\":\"blue\",\"transparent\":true,\"opacity\":1},\"transform\":{\"t\":[-20,-10,0],\"s\":[0.01,0.01,0.01]},\"children\":{}},\"cube0_3\":{\"form\":{\"type\":\"'cube.i3d'\",\"x\":0,\"y\":-20,\"z\":0,\"textureurl\":\"sky_jpg\",\"w\":5,\"h\":10,\"d\":10,\"color\":\"blue\",\"transparent\":true,\"opacity\":1},\"transform\":{\"t\":[20,0,0],\"s\":[0.01,0.01,0.01]},\"children\":{}}}}}}}",
[21:39:35.258] {"delta":{"timeline":{"p":{"repeat":0},"actors":{"i3d:cube0:scale":[{"dur":10,"p":{"x":0.5,"y":0.5,"z":0.5}}]}},"branches":{"cube0":{"children":{"cube0_2":{"form":{"type":"'cube.i3d'","x":0,"y":0,"z":0,"textureurl":"./images/sky.jpg","w":5,"h":10,"d":10,"color":"blue","transparent":true,"opacity":1},"transform":{"t":[-20,-10,0],"s":[0.01,0.01,0.01]},"children":{}},"cube0_3":{"form":{"type":"'cube.i3d'","x":0,"y":-20,"z":0,"textureurl":"sky_jpg","w":5,"h":10,"d":10,"color":"blue","transparent":true,"opacity":1},"transform":{"t":[20,0,0],"s":[0.01,0.01,0.01]},"children":{}}}}}}},
[21:39:45.086] {"t":"narrative","f":"shot","a":"shot-graft:{\"delta\":{\"timeline\":{\"p\":{\"repeat\":0},\"actors\":{\"i3d:cube0_2:scale\":[{\"dur\":10,\"p\":{\"x\":1,\"y\":1,\"z\":1}}],\"i3d:cube0_3:scale\":[{\"dur\":10,\"p\":{\"x\":1,\"y\":1,\"z\":1}}]}},\"branches\":{\"cube0_2\":{\"children\":{\"s0_2_0\":{\"form\":{\"type\":\"'sphere.i3d'\",\"r\":5,\"color\":\"blue\",\"transparent\":true,\"opacity\":0.8},\"transform\":{\"e\":[0,-0.785,0],\"t\":[-10,-10,0],\"s\":[0.01,0.01,0.01]},\"children\":{}},\"s0_2_1\":{\"form\":{\"type\":\"'sphere.i3d'\",\"r\":5,\"color\":\"blue\",\"transparent\":true,\"opacity\":0.8},\"transform\":{\"e\":[0,0.785,0],\"t\":[10,10,0],\"s\":[0.01,0.01,0.01]},\"children\":{}}}}}}}"},
[21:39:45.196] "/a:/i3d-simple:simple_green/i2d-scene:disks0/base-skycube:test_cube/ui-msgbg:/shot-graft:scope21",
[21:39:45.196] "//////shot-graft:scope21",
[21:39:45.196] "e2e_spec[21] abs_url test failed: result:/a:/i3d-simple:simple_green/i2d-scene:disks0/base-skycube:test_cube/ui-msgbg:/shot-graft:scope21 !== expected:/a:/i3d-simple:simple_green/i2d-scene:disks0/base-skycube:test_cube/ui-msgbg:/shot-graft:scope22",
[21:39:45.197] {"delta":{"timeline":{"p":{"repeat":0},"actors":{"i3d:cube0_2:scale":[{"dur":10,"p":{"x":1,"y":1,"z":1}}],"i3d:cube0_3:scale":[{"dur":10,"p":{"x":1,"y":1,"z":1}}]}},"branches":{"cube0_2":{"children":{"s0_2_0":{"form":{"type":"'sphere.i3d'","r":5,"color":"blue","transparent":true,"opacity":0.8},"transform":{"e":[0,-0.785,0],"t":[-10,-10,0],"s":[0.01,0.01,0.01]},"children":{}},"s0_2_1":{"form":{"type":"'sphere.i3d'","r":5,"color":"blue","transparent":true,"opacity":0.8},"transform":{"e":[0,0.785,0],"t":[10,10,0],"s":[0.01,0.01,0.01]},"children":{}}}}}}},
[21:39:45.197] "e2e_spec[21] shot test failed: result:{\"delta\":{\"timeline\":{\"p\":{\"repeat\":0},\"actors\":{\"i3d:cube0_2:scale\":[{\"dur\":10,\"p\":{\"x\":1,\"y\":1,\"z\":1}}],\"i3d:cube0_3:scale\":[{\"dur\":10,\"p\":{\"x\":1,\"y\":1,\"z\":1}}]}},\"branches\":{\"cube0_2\":{\"children\":{\"s0_2_0\":{\"form\":{\"type\":\"'sphere.i3d'\",\"r\":5,\"color\":\"blue\",\"transparent\":true,\"opacity\":0.8},\"transform\":{\"e\":[0,-0.785,0],\"t\":[-10,-10,0],\"s\":[0.01,0.01,0.01]},\"children\":{}},\"s0_2_1\":{\"form\":{\"type\":\"'sphere.i3d'\",\"r\":5,\"color\":\"blue\",\"transparent\":true,\"opacity\":0.8},\"transform\":{\"e\":[0,0.785,0],\"t\":[10,10,0],\"s\":[0.01,0.01,0.01]},\"children\":{}}}}}}} !== expected:{\"delta\":{\"timeline\":{\"p\":{\"repeat\":0},\"actors\":{\"i3d:cube0_2:scale\":[{\"dur\":10,\"p\":{\"x\":1,\"y\":1,\"z\":1}}],\"i3d:cube0_3:scale\":[{\"dur\":10,\"p\":{\"x\":1,\"y\":1,\"z\":1}}]}},\"branches\":{\"cube0_2\":{\"children\":{\"s0_2_0\":{\"form\":{\"type\":\"'sphere.i3d'\",\"r\":5,\"color\":\"blue\",\"transparent\":true,\"opacity\":0.8},\"transform\":{\"e\":[0,-0.785,0],\"t\":[-10,-10,0],\"s\":[0.01,0.01,0.01]},\"children\":{}},\"s0_2_1\":{\"form\":{\"type\":\"'sphere.i3d'\",\"r\":5,\"color\":\"blue\",\"transparent\":true,\"opacity\":0.8},\"transform\":{\"e\":[0,0.785,0],\"t\":[10,10,0],\"s\":[0.01,0.01,0.01]},\"children\":{}}}}}}}",
[21:39:45.196] "e2e_spec[21] delta_url test failed: result://////shot-graft:scope21 !== expected://////shot-graft:scope22",
[21:40:00.198] {"t":"narrative","f":"shot","a":"shot-graft:{\"delta\":{\"timeline\":{\"p\":{\"repeat\":0},\"actors\":{\"i3d:s0_2_0:scale\":[{\"dur\":10,\"p\":{\"x\":1,\"y\":1,\"z\":1}}],\"i3d:s0_2_1:scale\":[{\"dur\":10,\"p\":{\"x\":1,\"y\":1,\"z\":1}}]}},\"branches\":{}}}"},
[21:40:00.214] "/a:/i3d-simple:simple_green/i2d-scene:disks0/base-skycube:test_cube/ui-msgbg:/shot-graft:scope22",
[21:40:00.214] "//////shot-graft:scope22",
[21:40:00.215] "e2e_spec[22] delta_url test failed: result://////shot-graft:scope22 !== expected://////shot-graft:scope23",
[21:40:00.215] "e2e_spec[22] abs_url test failed: result:/a:/i3d-simple:simple_green/i2d-scene:disks0/base-skycube:test_cube/ui-msgbg:/shot-graft:scope22 !== expected:/a:/i3d-simple:simple_green/i2d-scene:disks0/base-skycube:test_cube/ui-msgbg:/shot-graft:scope23",
[21:40:00.215] "e2e_spec[22] shot test failed: result:{\"delta\":{\"timeline\":{\"p\":{\"repeat\":0},\"actors\":{\"i3d:s0_2_0:scale\":[{\"dur\":10,\"p\":{\"x\":1,\"y\":1,\"z\":1}}],\"i3d:s0_2_1:scale\":[{\"dur\":10,\"p\":{\"x\":1,\"y\":1,\"z\":1}}]}},\"branches\":{}}} !== expected:{\"delta\":{\"timeline\":{\"p\":{\"repeat\":0},\"actors\":{\"i3d:s0_2_0:scale\":[{\"dur\":10,\"p\":{\"x\":1,\"y\":1,\"z\":1}}],\"i3d:s0_2_1:scale\":[{\"dur\":10,\"p\":{\"x\":1,\"y\":1,\"z\":1}}]}},\"branches\":{}}}",
[21:40:00.215] {"delta":{"timeline":{"p":{"repeat":0},"actors":{"i3d:s0_2_0:scale":[{"dur":10,"p":{"x":1,"y":1,"z":1}}],"i3d:s0_2_1:scale":[{"dur":10,"p":{"x":1,"y":1,"z":1}}]}},"branches":{}}},
[21:40:10.193] {"t":"camera3d","f":"panflyTo","a":{"r":0.7854,"d":4}},
[21:40:10.206] "/a:/i3d-simple:simple_green/i2d-scene:disks0/base-skycube:test_cube/ui-msgbg:/shot-anim:scope23",
[21:40:10.206] "//////shot-anim:scope23",
[21:40:10.207] "e2e_spec[23] delta_url test failed: result://////shot-anim:scope23 !== expected://////shot-anim:scope24",
[21:40:10.207] "e2e_spec[23] abs_url test failed: result:/a:/i3d-simple:simple_green/i2d-scene:disks0/base-skycube:test_cube/ui-msgbg:/shot-anim:scope23 !== expected:/a:/i3d-simple:simple_green/i2d-scene:disks0/base-skycube:test_cube/ui-msgbg:/shot-anim:scope24",
[21:40:10.207] "e2e_spec[23] shot test failed: result:{\"delta\":{\"timeline\":{\"p\":{\"paused\":true,\"repeat\":0},\"actors\":{\"i3d:camera:rotation\":[{\"dur\":4,\"p\":{\"y\":0.7854,\"immediateRender\":false}}]}}}} !== expected:{\"delta\":{\"timeline\":{\"p\":{\"paused\":true,\"repeat\":0},\"actors\":{\"i3d:camera:rotation\":[{\"dur\":4,\"p\":{\"y\":0.7854,\"immediateRender\":false}}]}}}}",
[21:40:10.207] {"delta":{"timeline":{"p":{"paused":true,"repeat":0},"actors":{"i3d:camera:rotation":[{"dur":4,"p":{"y":0.7854,"immediateRender":false}}]}}}},
[21:40:25.206] {"t":"narrative","f":"change_scene","a":"footprint"},
[21:40:26.872] "/footprint:/i3d-scene:scene1/i2d-empty:/escher:/ui-msgbg:/shot-fixed:",
[21:40:26.872] "/footprint:/i3d-scene:scene1/i2d-empty:/escher://shot-fixed:",
[21:40:26.872] "e2e_spec[24] shot test failed: result:{} !== expected:{}",
[21:40:26.873] {},
[21:40:35.207] {"t":"camera3d","f":"panflyTo","a":{"r":0.7854,"d":4}},
[21:40:35.255] "/footprint:/i3d-scene:scene1/i2d-empty:/escher:/ui-msgbg:/shot-anim:scope25",
[21:40:35.255] "//////shot-anim:scope25",
[21:40:35.256] "e2e_spec[25] delta_url test failed: result://////shot-anim:scope25 !== expected://////shot-anim:scope26",
[21:40:35.256] "e2e_spec[25] abs_url test failed: result:/footprint:/i3d-scene:scene1/i2d-empty:/escher:/ui-msgbg:/shot-anim:scope25 !== expected:/footprint:/i3d-scene:scene1/i2d-empty:/escher:/ui-msgbg:/shot-anim:scope26",
[21:40:35.256] "e2e_spec[25] shot test failed: result:{\"delta\":{\"timeline\":{\"p\":{\"paused\":true,\"repeat\":0},\"actors\":{\"i3d:camera:rotation\":[{\"dur\":4,\"p\":{\"y\":0.7854,\"immediateRender\":false}}]}}}} !== expected:{\"delta\":{\"timeline\":{\"p\":{\"paused\":true,\"repeat\":0},\"actors\":{\"i3d:camera:rotation\":[{\"dur\":4,\"p\":{\"y\":0.7854,\"immediateRender\":false}}]}}}}",
[21:40:35.256] {"delta":{"timeline":{"p":{"paused":true,"repeat":0},"actors":{"i3d:camera:rotation":[{"dur":4,"p":{"y":0.7854,"immediateRender":false}}]}}}},
[21:40:50.210] {"t":"camera3d","f":"tiltflyTo","a":{"r":0.7854,"d":4}},
[21:40:50.250] "/footprint:/i3d-scene:scene1/i2d-empty:/escher:/ui-msgbg:/shot-anim:scope26",
[21:40:50.250] "//////shot-anim:scope26",
[21:40:50.250] "e2e_spec[26] delta_url test failed: result://////shot-anim:scope26 !== expected://////shot-anim:scope27",
[21:40:50.251] "e2e_spec[26] abs_url test failed: result:/footprint:/i3d-scene:scene1/i2d-empty:/escher:/ui-msgbg:/shot-anim:scope26 !== expected:/footprint:/i3d-scene:scene1/i2d-empty:/escher:/ui-msgbg:/shot-anim:scope27",
[21:40:50.251] "e2e_spec[26] shot test failed: result:{\"delta\":{\"timeline\":{\"p\":{\"paused\":true,\"repeat\":0},\"actors\":{\"i3d:camera:rotation\":[{\"dur\":4,\"p\":{\"x\":0.7854,\"immediateRender\":false}}]}}}} !== expected:{\"delta\":{\"timeline\":{\"p\":{\"paused\":true,\"repeat\":0},\"actors\":{\"i3d:camera:rotation\":[{\"dur\":4,\"p\":{\"x\":0.7854,\"immediateRender\":false}}]}}}}",
[21:40:50.252] {"delta":{"timeline":{"p":{"paused":true,"repeat":0},"actors":{"i3d:camera:rotation":[{"dur":4,"p":{"x":0.7854,"immediateRender":false}}]}}}},
[21:41:05.210] {"t":"camera3d","f":"billboardsFaceCamera"},
[21:41:05.267] "/footprint:/i3d-scene:scene1/i2d-empty:/escher:/ui-msgbg:/shot-fixed:scope27",
[21:41:05.268] "//////shot-fixed:scope27",
[21:41:05.268] "e2e_spec[27] delta_url test failed: result://////shot-fixed:scope27 !== expected://////shot-fixed:scope28",
[21:41:05.268] "e2e_spec[27] abs_url test failed: result:/footprint:/i3d-scene:scene1/i2d-empty:/escher:/ui-msgbg:/shot-fixed:scope27 !== expected:/footprint:/i3d-scene:scene1/i2d-empty:/escher:/ui-msgbg:/shot-fixed:scope28",
[21:41:05.268] "e2e_spec[27] shot test failed: result:{\"delta-t\":\"camera3d\",\"f\":\"billboardsFaceCamera\"} !== expected:{\"delta-t\":\"camera3d\",\"f\":\"billboardsFaceCamera\"}",
[21:41:05.269] {"delta-t":"camera3d","f":"billboardsFaceCamera"},
[21:41:20.212] {"t":"camera3d","f":"tiltflyBy","a":{"r":-0.7854,"d":4}},
[21:41:20.264] "/footprint:/i3d-scene:scene1/i2d-empty:/escher:/ui-msgbg:/shot-anim:scope28",
[21:41:20.264] "//////shot-anim:scope28",
[21:41:20.264] "e2e_spec[28] delta_url test failed: result://////shot-anim:scope28 !== expected://////shot-anim:scope29",
[21:41:20.264] "e2e_spec[28] abs_url test failed: result:/footprint:/i3d-scene:scene1/i2d-empty:/escher:/ui-msgbg:/shot-anim:scope28 !== expected:/footprint:/i3d-scene:scene1/i2d-empty:/escher:/ui-msgbg:/shot-anim:scope29",
[21:41:20.264] "e2e_spec[28] shot test failed: result:{\"delta\":{\"timeline\":{\"p\":{\"paused\":true,\"repeat\":0},\"actors\":{\"i3d:camera:rotation\":[{\"dur\":4,\"p\":{\"x\":0,\"immediateRender\":false}}]}}}} !== expected:{\"delta\":{\"timeline\":{\"p\":{\"paused\":true,\"repeat\":0},\"actors\":{\"i3d:camera:rotation\":[{\"dur\":4,\"p\":{\"x\":0,\"immediateRender\":false}}]}}}}",
[21:41:20.265] {"delta":{"timeline":{"p":{"paused":true,"repeat":0},"actors":{"i3d:camera:rotation":[{"dur":4,"p":{"x":0,"immediateRender":false}}]}}}},
[21:41:30.212] {"t":"camera3d","f":"panflyBy","a":{"r":-0.7854,"d":4}},
[21:41:30.262] "//////shot-anim:scope29",
[21:41:30.262] "e2e_spec[29] delta_url test failed: result://////shot-anim:scope29 !== expected://////shot-anim:scope30",
[21:41:30.263] "e2e_spec[29] abs_url test failed: result:/footprint:/i3d-scene:scene1/i2d-empty:/escher:/ui-msgbg:/shot-anim:scope29 !== expected:/footprint:/i3d-scene:scene1/i2d-empty:/escher:/ui-msgbg:/shot-anim:scope30",
[21:41:30.263] "e2e_spec[29] shot test failed: result:{\"delta\":{\"timeline\":{\"p\":{\"paused\":true,\"repeat\":0},\"actors\":{\"i3d:camera:rotation\":[{\"dur\":4,\"p\":{\"y\":0,\"immediateRender\":false}}]}}}} !== expected:{\"delta\":{\"timeline\":{\"p\":{\"paused\":true,\"repeat\":0},\"actors\":{\"i3d:camera:rotation\":[{\"dur\":4,\"p\":{\"y\":0,\"immediateRender\":false}}]}}}}",
[21:41:30.263] {"delta":{"timeline":{"p":{"paused":true,"repeat":0},"actors":{"i3d:camera:rotation":[{"dur":4,"p":{"y":0,"immediateRender":false}}]}}}},
[21:41:30.262] "/footprint:/i3d-scene:scene1/i2d-empty:/escher:/ui-msgbg:/shot-anim:scope29",
[21:41:40.212] {"t":"narrative","f":"change_scene","a":"circle"},
[21:41:40.653] "/circle:/i3d-simple:simple_red/i2d-scene:disks0/base-skycube:test_cube/ui-msgbg:/shot-graft:a0",
[21:41:40.653] "/circle:/i3d-simple:simple_red/i2d-scene:disks0/base-skycube:test_cube//shot-graft:a0",
[21:41:40.653] "e2e_spec[30] shot test failed: result:{\"delta\":{\"timeline\":[{\"id\":\"cube0_1\",\"dur\":10,\"p\":{\"scale\":[1,1,1]},\"delay\":2}],\"branches\":{\"cube0\":{\"children\":{\"cube0_2\":{\"form\":{\"type\":\"'cube.i3d'\",\"x\":0,\"y\":0,\"z\":0,\"textureurl\":\"./images/sky.jpg\",\"w\":20,\"h\":20,\"d\":20,\"color\":\"blue\",\"transparent\":true,\"opacity\":1},\"transform\":{\"t\":[-20,-10,0],\"s\":[0.25,1,0.25]},\"children\":{}},\"cube0_3\":{\"form\":{\"type\":\"'cube.i3d'\",\"x\":0,\"y\":-20,\"z\":0,\"textureurl\":\"sky_jpg\",\"w\":20,\"h\":40,\"d\":20,\"color\":\"blue\",\"transparent\":true,\"opacity\":1},\"transform\":{\"t\":[20,0,0],\"s\":[0.5,1,0.5]},\"children\":{}}}}}}} !== expected:{\"delta\":{\"timeline\":[{\"id\":\"cube0_1\",\"dur\":10,\"p\":{\"scale\":[1,1,1]},\"delay\":2}],\"branches\":{\"cube0\":{\"children\":{\"cube0_2\":{\"form\":{\"type\":\"'cube.i3d'\",\"x\":0,\"y\":0,\"z\":0,\"textureurl\":\"./images/sky.jpg\",\"w\":20,\"h\":20,\"d\":20,\"color\":\"blue\",\"transparent\":true,\"opacity\":1},\"transform\":{\"t\":[-20,-10,0],\"s\":[0.25,1,0.25]},\"children\":{}},\"cube0_3\":{\"form\":{\"type\":\"'cube.i3d'\",\"x\":0,\"y\":-20,\"z\":0,\"textureurl\":\"sky_jpg\",\"w\":20,\"h\":40,\"d\":20,\"color\":\"blue\",\"transparent\":true,\"opacity\":1},\"transform\":{\"t\":[20,0,0],\"s\":[0.5,1,0.5]},\"children\":{}}}}}}}",
[21:41:40.654] {"delta":{"timeline":[{"id":"cube0_1","dur":10,"p":{"scale":[1,1,1]},"delay":2}],"branches":{"cube0":{"children":{"cube0_2":{"form":{"type":"'cube.i3d'","x":0,"y":0,"z":0,"textureurl":"./images/sky.jpg","w":20,"h":20,"d":20,"color":"blue","transparent":true,"opacity":1},"transform":{"t":[-20,-10,0],"s":[0.25,1,0.25]},"children":{}},"cube0_3":{"form":{"type":"'cube.i3d'","x":0,"y":-20,"z":0,"textureurl":"sky_jpg","w":20,"h":40,"d":20,"color":"blue","transparent":true,"opacity":1},"transform":{"t":[20,0,0],"s":[0.5,1,0.5]},"children":{}}}}}}},
[21:41:50.213] {"t":"narrative","f":"change_state","a":"/circle:/i3d-simple:simple_red/i2d-scene:mf2d0/base-skycube:test_cube/ui-msgbg:/shot-fixed:"},
[21:41:50.417] "///i2d-scene:mf2d0///shot-fixed:",
[21:41:50.417] "/circle:/i3d-simple:simple_red/i2d-scene:mf2d0/base-skycube:test_cube/ui-msgbg:/shot-fixed:",
[21:41:50.418] "e2e_spec[31] shot test failed: result:{} !== expected:{}",
[21:41:50.418] {},
[21:42:05.213] {"t":"narrative","f":"change_scene","a":"stocks"},
[21:42:06.708] "/stocks:/i3d-jsonmodels:phonghead_kfb/i2d-scene:defsuse0/grid:/ui-msgbg:/shot-fixed:",
[21:42:06.709] "/stocks:/i3d-jsonmodels:phonghead_kfb/i2d-scene:defsuse0/grid://",
[21:42:06.709] "e2e_spec[32] shot test failed: result:{} !== expected:{}",
[21:42:06.709] {},
[21:42:20.217] {"t":"narrative","f":"change_state","a":"///i2d-scene:mf2d0///"},
[21:42:20.459] "/stocks:/i3d-jsonmodels:phonghead_kfb/i2d-scene:mf2d0/grid:/ui-msgbg:/shot-fixed:",
[21:42:20.460] "///i2d-scene:mf2d0///",
[21:42:20.460] "e2e_spec[33] shot test failed: result:{} !== expected:{}",
[21:42:20.464] {},
[21:42:30.217] {"t":"camera3d","f":"panflyBy","a":{"r":-0.7854,"d":4}},
[21:42:30.270] "/stocks:/i3d-jsonmodels:phonghead_kfb/i2d-scene:mf2d0/grid:/ui-msgbg:/shot-anim:scope34",
[21:42:30.270] "//////shot-anim:scope34",
[21:42:30.270] "e2e_spec[34] delta_url test failed: result://////shot-anim:scope34 !== expected://////shot-anim:scope35",
[21:42:30.270] "e2e_spec[34] abs_url test failed: result:/stocks:/i3d-jsonmodels:phonghead_kfb/i2d-scene:mf2d0/grid:/ui-msgbg:/shot-anim:scope34 !== expected:/stocks:/i3d-jsonmodels:phonghead_kfb/i2d-scene:mf2d0/grid:/ui-msgbg:/shot-anim:scope35",
[21:42:30.270] "e2e_spec[34] shot test failed: result:{\"delta\":{\"timeline\":{\"p\":{\"paused\":true,\"repeat\":0},\"actors\":{\"i3d:camera:rotation\":[{\"dur\":4,\"p\":{\"y\":-0.7854,\"immediateRender\":false}}]}}}} !== expected:{\"delta\":{\"timeline\":{\"p\":{\"paused\":true,\"repeat\":0},\"actors\":{\"i3d:camera:rotation\":[{\"dur\":4,\"p\":{\"y\":-0.7854,\"immediateRender\":false}}]}}}}",
[21:42:30.270] {"delta":{"timeline":{"p":{"paused":true,"repeat":0},"actors":{"i3d:camera:rotation":[{"dur":4,"p":{"y":-0.7854,"immediateRender":false}}]}}}},
[21:42:45.219] {"t":"camera2d","f":"zoomflyBy","a":{"s":0.9,"d":3}},
[21:42:45.267] "/stocks:/i3d-jsonmodels:phonghead_kfb/i2d-scene:mf2d0/grid:/ui-msgbg:/shot-anim:scope35",
[21:42:45.268] "//////shot-anim:scope35",
[21:42:45.268] "e2e_spec[35] abs_url test failed: result:/stocks:/i3d-jsonmodels:phonghead_kfb/i2d-scene:mf2d0/grid:/ui-msgbg:/shot-anim:scope35 !== expected:/stocks:/i3d-jsonmodels:phonghead_kfb/i2d-scene:mf2d0/grid:/ui-msgbg:/shot-anim:scope36",
[21:42:45.268] "e2e_spec[35] shot test failed: result:{\"delta\":{\"timeline\":{\"p\":{\"paused\":true,\"repeat\":0,\"tweens\":[]},\"actors\":{\"i2d:zoom_plane\":[{\"dur\":3,\"p\":{\"scale\":0.9,\"svgOrigin\":\"0% 0%\",\"immediateRender\":false}}]}}}} !== expected:{\"delta\":{\"timeline\":{\"p\":{\"paused\":true,\"repeat\":0,\"tweens\":[]},\"actors\":{\"i2d:zoom_plane\":[{\"dur\":3,\"p\":{\"scale\":0.9,\"svgOrigin\":\"0% 0%\",\"immediateRender\":false}}]}}}}",
[21:42:45.269] {"delta":{"timeline":{"p":{"paused":true,"repeat":0,"tweens":[]},"actors":{"i2d:zoom_plane":[{"dur":3,"p":{"scale":0.9,"svgOrigin":"0% 0%","immediateRender":false}}]}}}},
[21:42:45.268] "e2e_spec[35] delta_url test failed: result://////shot-anim:scope35 !== expected://////shot-anim:scope36",
[21:42:55.220] {"t":"camera2d","f":"zoomflyTo","a":{"s":2,"d":3}},
[21:42:55.268] "/stocks:/i3d-jsonmodels:phonghead_kfb/i2d-scene:mf2d0/grid:/ui-msgbg:/shot-anim:scope36",
[21:42:55.269] "//////shot-anim:scope36",
[21:42:55.269] "e2e_spec[36] delta_url test failed: result://////shot-anim:scope36 !== expected://////shot-anim:scope37",
[21:42:55.269] "e2e_spec[36] abs_url test failed: result:/stocks:/i3d-jsonmodels:phonghead_kfb/i2d-scene:mf2d0/grid:/ui-msgbg:/shot-anim:scope36 !== expected:/stocks:/i3d-jsonmodels:phonghead_kfb/i2d-scene:mf2d0/grid:/ui-msgbg:/shot-anim:scope37",
[21:42:55.269] "e2e_spec[36] shot test failed: result:{\"delta\":{\"timeline\":{\"p\":{\"paused\":true,\"repeat\":0,\"tweens\":[]},\"actors\":{\"i2d:zoom_plane\":[{\"dur\":3,\"p\":{\"scale\":2,\"svgOrigin\":\"0% 0%\",\"immediateRender\":false}}]}}}} !== expected:{\"delta\":{\"timeline\":{\"p\":{\"paused\":true,\"repeat\":0,\"tweens\":[]},\"actors\":{\"i2d:zoom_plane\":[{\"dur\":3,\"p\":{\"scale\":2,\"svgOrigin\":\"0% 0%\",\"immediateRender\":false}}]}}}}",
[21:42:55.270] {"delta":{"timeline":{"p":{"paused":true,"repeat":0,"tweens":[]},"actors":{"i2d:zoom_plane":[{"dur":3,"p":{"scale":2,"svgOrigin":"0% 0%","immediateRender":false}}]}}}},
[21:43:10.219] {"t":"camera2d","f":"zoomflyTo","a":{"s":0.5,"d":3}},
[21:43:10.280] "/stocks:/i3d-jsonmodels:phonghead_kfb/i2d-scene:mf2d0/grid:/ui-msgbg:/shot-anim:scope37",
[21:43:10.280] "e2e_spec[37] delta_url test failed: result://////shot-anim:scope37 !== expected://////shot-anim:scope38",
[21:43:10.280] {"delta":{"timeline":{"p":{"paused":true,"repeat":0,"tweens":[]},"actors":{"i2d:zoom_plane":[{"dur":3,"p":{"scale":0.5,"svgOrigin":"0% 0%","immediateRender":false}}]}}}},
[21:43:10.280] "e2e_spec[37] abs_url test failed: result:/stocks:/i3d-jsonmodels:phonghead_kfb/i2d-scene:mf2d0/grid:/ui-msgbg:/shot-anim:scope37 !== expected:/stocks:/i3d-jsonmodels:phonghead_kfb/i2d-scene:mf2d0/grid:/ui-msgbg:/shot-anim:scope38",
[21:43:10.280] "//////shot-anim:scope37",
[21:43:10.280] "e2e_spec[37] shot test failed: result:{\"delta\":{\"timeline\":{\"p\":{\"paused\":true,\"repeat\":0,\"tweens\":[]},\"actors\":{\"i2d:zoom_plane\":[{\"dur\":3,\"p\":{\"scale\":0.5,\"svgOrigin\":\"0% 0%\",\"immediateRender\":false}}]}}}} !== expected:{\"delta\":{\"timeline\":{\"p\":{\"paused\":true,\"repeat\":0,\"tweens\":[]},\"actors\":{\"i2d:zoom_plane\":[{\"dur\":3,\"p\":{\"scale\":0.5,\"svgOrigin\":\"0% 0%\",\"immediateRender\":false}}]}}}}",
[21:43:20.243] {"t":"camera2d","f":"dollyflyTo","a":{"x":20,"d":3}},
[21:43:20.273] "/stocks:/i3d-jsonmodels:phonghead_kfb/i2d-scene:mf2d0/grid:/ui-msgbg:/shot-anim:scope38",
[21:43:20.273] "//////shot-anim:scope38",
[21:43:20.273] "e2e_spec[38] delta_url test failed: result://////shot-anim:scope38 !== expected://////shot-anim:scope39",
[21:43:20.274] "e2e_spec[38] abs_url test failed: result:/stocks:/i3d-jsonmodels:phonghead_kfb/i2d-scene:mf2d0/grid:/ui-msgbg:/shot-anim:scope38 !== expected:/stocks:/i3d-jsonmodels:phonghead_kfb/i2d-scene:mf2d0/grid:/ui-msgbg:/shot-anim:scope39",
[21:43:20.274] "e2e_spec[38] shot test failed: result:{\"delta\":{\"timeline\":{\"p\":{\"paused\":true,\"repeat\":0,\"tweens\":[]},\"actors\":{\"i2d:plane\":[{\"dur\":3,\"p\":{\"x\":20,\"y\":0,\"immediateRender\":false}}]}}}} !== expected:{\"delta\":{\"timeline\":{\"p\":{\"paused\":true,\"repeat\":0,\"tweens\":[]},\"actors\":{\"i2d:plane\":[{\"dur\":3,\"p\":{\"x\":20,\"y\":0,\"immediateRender\":false}}]}}}}",
[21:43:20.274] {"delta":{"timeline":{"p":{"paused":true,"repeat":0,"tweens":[]},"actors":{"i2d:plane":[{"dur":3,"p":{"x":20,"y":0,"immediateRender":false}}]}}}},
[21:43:35.221] {"t":"camera2d","f":"center","a":{"d":3}},
[21:43:35.268] "/stocks:/i3d-jsonmodels:phonghead_kfb/i2d-scene:mf2d0/grid:/ui-msgbg:/shot-anim:scope39",
[21:43:35.268] "//////shot-anim:scope39",
[21:43:35.268] "e2e_spec[39] delta_url test failed: result://////shot-anim:scope39 !== expected://////shot-anim:scope40",
[21:43:35.268] "e2e_spec[39] abs_url test failed: result:/stocks:/i3d-jsonmodels:phonghead_kfb/i2d-scene:mf2d0/grid:/ui-msgbg:/shot-anim:scope39 !== expected:/stocks:/i3d-jsonmodels:phonghead_kfb/i2d-scene:mf2d0/grid:/ui-msgbg:/shot-anim:scope40",
[21:43:35.269] "e2e_spec[39] shot test failed: result:{\"delta\":{\"timeline\":{\"p\":{\"paused\":true,\"repeat\":0},\"actors\":{\"i2d:plane\":[{\"dur\":3,\"p\":{\"x\":0,\"y\":0,\"immediateRender\":false}}],\"i2d:zoom_plane\":[{\"dur\":3,\"p\":{\"rotation\":0,\"svgOrigin\":\"0% 0%\",\"immediateRender\":false}}]}}}} !== expected:{\"delta\":{\"timeline\":{\"p\":{\"paused\":true,\"repeat\":0},\"actors\":{\"i2d:plane\":[{\"dur\":3,\"p\":{\"x\":0,\"y\":0,\"immediateRender\":false}}],\"i2d:zoom_plane\":[{\"dur\":3,\"p\":{\"rotation\":0,\"svgOrigin\":\"0% 0%\",\"immediateRender\":false}}]}}}}",
[21:43:35.269] {"delta":{"timeline":{"p":{"paused":true,"repeat":0},"actors":{"i2d:plane":[{"dur":3,"p":{"x":0,"y":0,"immediateRender":false}}],"i2d:zoom_plane":[{"dur":3,"p":{"rotation":0,"svgOrigin":"0% 0%","immediateRender":false}}]}}}},
[21:43:45.223] {"t":"camera2d","f":"home","a":{"d":3}},
[21:43:45.274] "/stocks:/i3d-jsonmodels:phonghead_kfb/i2d-scene:mf2d0/grid:/ui-msgbg:/shot-anim:scope40",
[21:43:45.274] "//////shot-anim:scope40",
[21:43:45.274] "e2e_spec[40] delta_url test failed: result://////shot-anim:scope40 !== expected://////shot-anim:scope41",
[21:43:45.276] "e2e_spec[40] abs_url test failed: result:/stocks:/i3d-jsonmodels:phonghead_kfb/i2d-scene:mf2d0/grid:/ui-msgbg:/shot-anim:scope40 !== expected:/stocks:/i3d-jsonmodels:phonghead_kfb/i2d-scene:mf2d0/grid:/ui-msgbg:/shot-anim:scope41",
[21:43:45.276] "e2e_spec[40] shot test failed: result:{\"delta\":{\"timeline\":{\"p\":{\"paused\":true,\"repeat\":0},\"actors\":{\"i2d:plane\":[{\"dur\":3,\"p\":{\"x\":0,\"y\":0,\"immediateRender\":false}}],\"i2d:zoom_plane\":[{\"dur\":3,\"p\":{\"rotation\":0,\"scale\":1,\"svgOrigin\":\"0% 0%\",\"immediateRender\":false}}]}}}} !== expected:{\"delta\":{\"timeline\":{\"p\":{\"paused\":true,\"repeat\":0},\"actors\":{\"i2d:plane\":[{\"dur\":3,\"p\":{\"x\":0,\"y\":0,\"immediateRender\":false}}],\"i2d:zoom_plane\":[{\"dur\":3,\"p\":{\"rotation\":0,\"scale\":1,\"svgOrigin\":\"0% 0%\",\"immediateRender\":false}}]}}}}",
[21:43:45.277] {"delta":{"timeline":{"p":{"paused":true,"repeat":0},"actors":{"i2d:plane":[{"dur":3,"p":{"x":0,"y":0,"immediateRender":false}}],"i2d:zoom_plane":[{"dur":3,"p":{"rotation":0,"scale":1,"svgOrigin":"0% 0%","immediateRender":false}}]}}}},
[21:44:00.234] {"t":"camera2d","f":"rollflyTo","a":{"r":-90,"d":3}},
[21:44:00.276] "/stocks:/i3d-jsonmodels:phonghead_kfb/i2d-scene:mf2d0/grid:/ui-msgbg:/shot-anim:scope41",
[21:44:00.276] "//////shot-anim:scope41",
[21:44:00.277] "e2e_spec[41] shot test failed: result:{\"delta\":{\"timeline\":{\"p\":{\"paused\":true,\"repeat\":0,\"tweens\":[]},\"actors\":{\"i2d:zoom_plane\":[{\"dur\":3,\"p\":{\"rotation\":-90,\"svgOrigin\":\"0% 0%\",\"immediateRender\":false}}]}}}} !== expected:{\"delta\":{\"timeline\":{\"p\":{\"paused\":true,\"repeat\":0,\"tweens\":[]},\"actors\":{\"i2d:zoom_plane\":[{\"dur\":3,\"p\":{\"rotation\":-90,\"svgOrigin\":\"0% 0%\",\"immediateRender\":false}}]}}}}",
[21:44:00.277] {"delta":{"timeline":{"p":{"paused":true,"repeat":0,"tweens":[]},"actors":{"i2d:zoom_plane":[{"dur":3,"p":{"rotation":-90,"svgOrigin":"0% 0%","immediateRender":false}}]}}}},
[21:44:00.276] "e2e_spec[41] delta_url test failed: result://////shot-anim:scope41 !== expected://////shot-anim:scope42",
[21:44:00.277] "e2e_spec[41] abs_url test failed: result:/stocks:/i3d-jsonmodels:phonghead_kfb/i2d-scene:mf2d0/grid:/ui-msgbg:/shot-anim:scope41 !== expected:/stocks:/i3d-jsonmodels:phonghead_kfb/i2d-scene:mf2d0/grid:/ui-msgbg:/shot-anim:scope42",
[21:44:15.225] {"t":"camera2d","f":"rollflyBy","a":{"r":45,"d":3}},
[21:44:15.263] "/stocks:/i3d-jsonmodels:phonghead_kfb/i2d-scene:mf2d0/grid:/ui-msgbg:/shot-anim:scope42",
[21:44:15.263] "e2e_spec[42] delta_url test failed: result://////shot-anim:scope42 !== expected://////shot-anim:scope43",
[21:44:15.263] "e2e_spec[42] abs_url test failed: result:/stocks:/i3d-jsonmodels:phonghead_kfb/i2d-scene:mf2d0/grid:/ui-msgbg:/shot-anim:scope42 !== expected:/stocks:/i3d-jsonmodels:phonghead_kfb/i2d-scene:mf2d0/grid:/ui-msgbg:/shot-anim:scope43",
[21:44:15.263] "e2e_spec[42] shot test failed: result:{\"delta\":{\"timeline\":{\"p\":{\"paused\":true,\"repeat\":0,\"tweens\":[]},\"actors\":{\"i2d:zoom_plane\":[{\"dur\":3,\"p\":{\"rotation\":-45,\"svgOrigin\":\"0% 0%\",\"immediateRender\":false}}]}}}} !== expected:{\"delta\":{\"timeline\":{\"p\":{\"paused\":true,\"repeat\":0,\"tweens\":[]},\"actors\":{\"i2d:zoom_plane\":[{\"dur\":3,\"p\":{\"rotation\":-45,\"svgOrigin\":\"0% 0%\",\"immediateRender\":false}}]}}}}",
[21:44:15.264] {"delta":{"timeline":{"p":{"paused":true,"repeat":0,"tweens":[]},"actors":{"i2d:zoom_plane":[{"dur":3,"p":{"rotation":-45,"svgOrigin":"0% 0%","immediateRender":false}}]}}}},
[21:44:15.263] "//////shot-anim:scope42",
[21:44:25.225] {"t":"camera2d","f":"rollflyBy","a":{"r":45,"d":3}},
[21:44:25.281] "/stocks:/i3d-jsonmodels:phonghead_kfb/i2d-scene:mf2d0/grid:/ui-msgbg:/shot-anim:scope43",
[21:44:25.282] "//////shot-anim:scope43",
[21:44:25.282] "e2e_spec[43] delta_url test failed: result://////shot-anim:scope43 !== expected://////shot-anim:scope44",
[21:44:25.282] "e2e_spec[43] abs_url test failed: result:/stocks:/i3d-jsonmodels:phonghead_kfb/i2d-scene:mf2d0/grid:/ui-msgbg:/shot-anim:scope43 !== expected:/stocks:/i3d-jsonmodels:phonghead_kfb/i2d-scene:mf2d0/grid:/ui-msgbg:/shot-anim:scope44",
[21:44:25.283] "e2e_spec[43] shot test failed: result:{\"delta\":{\"timeline\":{\"p\":{\"paused\":true,\"repeat\":0,\"tweens\":[]},\"actors\":{\"i2d:zoom_plane\":[{\"dur\":3,\"p\":{\"rotation\":0,\"svgOrigin\":\"0% 0%\",\"immediateRender\":false}}]}}}} !== expected:{\"delta\":{\"timeline\":{\"p\":{\"paused\":true,\"repeat\":0,\"tweens\":[]},\"actors\":{\"i2d:zoom_plane\":[{\"dur\":3,\"p\":{\"rotation\":0,\"svgOrigin\":\"0% 0%\",\"immediateRender\":false}}]}}}}",
[21:44:25.283] {"delta":{"timeline":{"p":{"paused":true,"repeat":0,"tweens":[]},"actors":{"i2d:zoom_plane":[{"dur":3,"p":{"rotation":0,"svgOrigin":"0% 0%","immediateRender":false}}]}}}},
[21:44:40.249] {"t":"camera2d","f":"dollyflyTo","a":{"x":20,"d":3}},
[21:44:40.268] "/stocks:/i3d-jsonmodels:phonghead_kfb/i2d-scene:mf2d0/grid:/ui-msgbg:/shot-anim:scope44",
[21:44:40.269] "//////shot-anim:scope44",
[21:44:40.269] "e2e_spec[44] delta_url test failed: result://////shot-anim:scope44 !== expected://////shot-anim:scope45",
[21:44:40.269] "e2e_spec[44] abs_url test failed: result:/stocks:/i3d-jsonmodels:phonghead_kfb/i2d-scene:mf2d0/grid:/ui-msgbg:/shot-anim:scope44 !== expected:/stocks:/i3d-jsonmodels:phonghead_kfb/i2d-scene:mf2d0/grid:/ui-msgbg:/shot-anim:scope45",
[21:44:40.269] "e2e_spec[44] shot test failed: result:{\"delta\":{\"timeline\":{\"p\":{\"paused\":true,\"repeat\":0,\"tweens\":[]},\"actors\":{\"i2d:plane\":[{\"dur\":3,\"p\":{\"x\":20,\"y\":0,\"immediateRender\":false}}]}}}} !== expected:{\"delta\":{\"timeline\":{\"p\":{\"paused\":true,\"repeat\":0,\"tweens\":[]},\"actors\":{\"i2d:plane\":[{\"dur\":3,\"p\":{\"x\":20,\"y\":0,\"immediateRender\":false}}]}}}}",
[21:44:40.269] {"delta":{"timeline":{"p":{"paused":true,"repeat":0,"tweens":[]},"actors":{"i2d:plane":[{"dur":3,"p":{"x":20,"y":0,"immediateRender":false}}]}}}},
[21:44:50.226] {"t":"camera2d","f":"dollyflyTo","a":{"y":20,"d":3}},
[21:44:50.281] "/stocks:/i3d-jsonmodels:phonghead_kfb/i2d-scene:mf2d0/grid:/ui-msgbg:/shot-anim:scope45",
[21:44:50.281] "//////shot-anim:scope45",
[21:44:50.281] "e2e_spec[45] delta_url test failed: result://////shot-anim:scope45 !== expected://////shot-anim:scope46",
[21:44:50.282] "e2e_spec[45] shot test failed: result:{\"delta\":{\"timeline\":{\"p\":{\"paused\":true,\"repeat\":0,\"tweens\":[]},\"actors\":{\"i2d:plane\":[{\"dur\":3,\"p\":{\"x\":20,\"y\":-20,\"immediateRender\":false}}]}}}} !== expected:{\"delta\":{\"timeline\":{\"p\":{\"paused\":true,\"repeat\":0,\"tweens\":[]},\"actors\":{\"i2d:plane\":[{\"dur\":3,\"p\":{\"x\":20,\"y\":-20,\"immediateRender\":false}}]}}}}",
[21:44:50.282] {"delta":{"timeline":{"p":{"paused":true,"repeat":0,"tweens":[]},"actors":{"i2d:plane":[{"dur":3,"p":{"x":20,"y":-20,"immediateRender":false}}]}}}},
[21:44:50.282] "e2e_spec[45] abs_url test failed: result:/stocks:/i3d-jsonmodels:phonghead_kfb/i2d-scene:mf2d0/grid:/ui-msgbg:/shot-anim:scope45 !== expected:/stocks:/i3d-jsonmodels:phonghead_kfb/i2d-scene:mf2d0/grid:/ui-msgbg:/shot-anim:scope46",
[21:45:00.251] {"t":"camera2d","f":"dollyflyTo","a":{"x":0,"d":3}},
[21:45:00.270] "/stocks:/i3d-jsonmodels:phonghead_kfb/i2d-scene:mf2d0/grid:/ui-msgbg:/shot-anim:scope46",
[21:45:00.271] "//////shot-anim:scope46",
[21:45:00.272] "e2e_spec[46] delta_url test failed: result://////shot-anim:scope46 !== expected://////shot-anim:scope47",
[21:45:00.272] "e2e_spec[46] abs_url test failed: result:/stocks:/i3d-jsonmodels:phonghead_kfb/i2d-scene:mf2d0/grid:/ui-msgbg:/shot-anim:scope46 !== expected:/stocks:/i3d-jsonmodels:phonghead_kfb/i2d-scene:mf2d0/grid:/ui-msgbg:/shot-anim:scope47",
[21:45:00.272] "e2e_spec[46] shot test failed: result:{\"delta\":{\"timeline\":{\"p\":{\"paused\":true,\"repeat\":0,\"tweens\":[]},\"actors\":{\"i2d:plane\":[{\"dur\":3,\"p\":{\"x\":0,\"y\":-20,\"immediateRender\":false}}]}}}} !== expected:{\"delta\":{\"timeline\":{\"p\":{\"paused\":true,\"repeat\":0,\"tweens\":[]},\"actors\":{\"i2d:plane\":[{\"dur\":3,\"p\":{\"x\":0,\"y\":-20,\"immediateRender\":false}}]}}}}",
[21:45:00.272] {"delta":{"timeline":{"p":{"paused":true,"repeat":0,"tweens":[]},"actors":{"i2d:plane":[{"dur":3,"p":{"x":0,"y":-20,"immediateRender":false}}]}}}},
[21:45:15.251] {"t":"camera2d","f":"dollyflyTo","a":{"y":-40,"d":3}},
[21:45:15.273] "/stocks:/i3d-jsonmodels:phonghead_kfb/i2d-scene:mf2d0/grid:/ui-msgbg:/shot-anim:scope47",
[21:45:15.273] "//////shot-anim:scope47",
[21:45:15.273] "e2e_spec[47] delta_url test failed: result://////shot-anim:scope47 !== expected://////shot-anim:scope48",
[21:45:15.273] "e2e_spec[47] abs_url test failed: result:/stocks:/i3d-jsonmodels:phonghead_kfb/i2d-scene:mf2d0/grid:/ui-msgbg:/shot-anim:scope47 !== expected:/stocks:/i3d-jsonmodels:phonghead_kfb/i2d-scene:mf2d0/grid:/ui-msgbg:/shot-anim:scope48",
[21:45:15.273] "e2e_spec[47] shot test failed: result:{\"delta\":{\"timeline\":{\"p\":{\"paused\":true,\"repeat\":0,\"tweens\":[]},\"actors\":{\"i2d:plane\":[{\"dur\":3,\"p\":{\"x\":0,\"y\":40,\"immediateRender\":false}}]}}}} !== expected:{\"delta\":{\"timeline\":{\"p\":{\"paused\":true,\"repeat\":0,\"tweens\":[]},\"actors\":{\"i2d:plane\":[{\"dur\":3,\"p\":{\"x\":0,\"y\":40,\"immediateRender\":false}}]}}}}",
[21:45:15.274] {"delta":{"timeline":{"p":{"paused":true,"repeat":0,"tweens":[]},"actors":{"i2d:plane":[{"dur":3,"p":{"x":0,"y":40,"immediateRender":false}}]}}}},
[21:45:30.226] {"t":"camera2d","f":"dollyflyTo","a":{"x":20,"d":3}},
[21:45:30.277] "/stocks:/i3d-jsonmodels:phonghead_kfb/i2d-scene:mf2d0/grid:/ui-msgbg:/shot-anim:scope48",
[21:45:30.277] "//////shot-anim:scope48",
[21:45:30.279] "e2e_spec[48] delta_url test failed: result://////shot-anim:scope48 !== expected://////shot-anim:scope49",
[21:45:30.281] "e2e_spec[48] abs_url test failed: result:/stocks:/i3d-jsonmodels:phonghead_kfb/i2d-scene:mf2d0/grid:/ui-msgbg:/shot-anim:scope48 !== expected:/stocks:/i3d-jsonmodels:phonghead_kfb/i2d-scene:mf2d0/grid:/ui-msgbg:/shot-anim:scope49",
[21:45:30.281] "e2e_spec[48] shot test failed: result:{\"delta\":{\"timeline\":{\"p\":{\"paused\":true,\"repeat\":0,\"tweens\":[]},\"actors\":{\"i2d:plane\":[{\"dur\":3,\"p\":{\"x\":20,\"y\":40,\"immediateRender\":false}}]}}}} !== expected:{\"delta\":{\"timeline\":{\"p\":{\"paused\":true,\"repeat\":0,\"tweens\":[]},\"actors\":{\"i2d:plane\":[{\"dur\":3,\"p\":{\"x\":20,\"y\":40,\"immediateRender\":false}}]}}}}",
[21:45:30.282] {"delta":{"timeline":{"p":{"paused":true,"repeat":0,"tweens":[]},"actors":{"i2d:plane":[{"dur":3,"p":{"x":20,"y":40,"immediateRender":false}}]}}}},
[21:45:40.227] {"t":"camera2d","f":"dollyflyTo","a":{"x":0,"d":3}},
[21:45:40.278] "/stocks:/i3d-jsonmodels:phonghead_kfb/i2d-scene:mf2d0/grid:/ui-msgbg:/shot-anim:scope49",
[21:45:40.279] "//////shot-anim:scope49",
[21:45:40.280] "e2e_spec[49] delta_url test failed: result://////shot-anim:scope49 !== expected://////shot-anim:scope50",
[21:45:40.281] "e2e_spec[49] abs_url test failed: result:/stocks:/i3d-jsonmodels:phonghead_kfb/i2d-scene:mf2d0/grid:/ui-msgbg:/shot-anim:scope49 !== expected:/stocks:/i3d-jsonmodels:phonghead_kfb/i2d-scene:mf2d0/grid:/ui-msgbg:/shot-anim:scope50",
[21:45:40.281] "e2e_spec[49] shot test failed: result:{\"delta\":{\"timeline\":{\"p\":{\"paused\":true,\"repeat\":0,\"tweens\":[]},\"actors\":{\"i2d:plane\":[{\"dur\":3,\"p\":{\"x\":0,\"y\":40,\"immediateRender\":false}}]}}}} !== expected:{\"delta\":{\"timeline\":{\"p\":{\"paused\":true,\"repeat\":0,\"tweens\":[]},\"actors\":{\"i2d:plane\":[{\"dur\":3,\"p\":{\"x\":0,\"y\":40,\"immediateRender\":false}}]}}}}",
[21:45:40.282] {"delta":{"timeline":{"p":{"paused":true,"repeat":0,"tweens":[]},"actors":{"i2d:plane":[{"dur":3,"p":{"x":0,"y":40,"immediateRender":false}}]}}}},
[21:45:55.240] {"t":"camera3d","f":"tiltflyTo","a":{"r":-0.7854,"d":3}},
[21:45:55.265] "/stocks:/i3d-jsonmodels:phonghead_kfb/i2d-scene:mf2d0/grid:/ui-msgbg:/shot-anim:scope50",
[21:45:55.265] "//////shot-anim:scope50",
[21:45:55.265] "e2e_spec[50] delta_url test failed: result://////shot-anim:scope50 !== expected://////shot-anim:scope51",
[21:45:55.266] "e2e_spec[50] abs_url test failed: result:/stocks:/i3d-jsonmodels:phonghead_kfb/i2d-scene:mf2d0/grid:/ui-msgbg:/shot-anim:scope50 !== expected:/stocks:/i3d-jsonmodels:phonghead_kfb/i2d-scene:mf2d0/grid:/ui-msgbg:/shot-anim:scope51",
[21:45:55.268] "e2e_spec[50] shot test failed: result:{\"delta\":{\"timeline\":{\"p\":{\"paused\":true,\"repeat\":0},\"actors\":{\"i3d:camera:rotation\":[{\"dur\":3,\"p\":{\"x\":-0.7854,\"immediateRender\":false}}]}}}} !== expected:{\"delta\":{\"timeline\":{\"p\":{\"paused\":true,\"repeat\":0},\"actors\":{\"i3d:camera:rotation\":[{\"dur\":3,\"p\":{\"x\":-0.7854,\"immediateRender\":false}}]}}}}",
[21:45:55.268] {"delta":{"timeline":{"p":{"paused":true,"repeat":0},"actors":{"i3d:camera:rotation":[{"dur":3,"p":{"x":-0.7854,"immediateRender":false}}]}}}},
[21:46:05.229] {"t":"camera3d","f":"panflyTo","a":{"r":-0.7854,"d":3}},
[21:46:05.267] "/stocks:/i3d-jsonmodels:phonghead_kfb/i2d-scene:mf2d0/grid:/ui-msgbg:/shot-anim:scope51",
[21:46:05.267] "//////shot-anim:scope51",
[21:46:05.267] "e2e_spec[51] delta_url test failed: result://////shot-anim:scope51 !== expected://////shot-anim:scope52",
[21:46:05.268] "e2e_spec[51] abs_url test failed: result:/stocks:/i3d-jsonmodels:phonghead_kfb/i2d-scene:mf2d0/grid:/ui-msgbg:/shot-anim:scope51 !== expected:/stocks:/i3d-jsonmodels:phonghead_kfb/i2d-scene:mf2d0/grid:/ui-msgbg:/shot-anim:scope52",
[21:46:05.270] "e2e_spec[51] shot test failed: result:{\"delta\":{\"timeline\":{\"p\":{\"paused\":true,\"repeat\":0},\"actors\":{\"i3d:camera:rotation\":[{\"dur\":3,\"p\":{\"y\":-0.7854,\"immediateRender\":false}}]}}}} !== expected:{\"delta\":{\"timeline\":{\"p\":{\"paused\":true,\"repeat\":0},\"actors\":{\"i3d:camera:rotation\":[{\"dur\":3,\"p\":{\"y\":-0.7854,\"immediateRender\":false}}]}}}}",
[21:46:05.271] {"delta":{"timeline":{"p":{"paused":true,"repeat":0},"actors":{"i3d:camera:rotation":[{"dur":3,"p":{"y":-0.7854,"immediateRender":false}}]}}}},
[21:46:15.232] {"t":"camera3d","f":"lookAt"},
[21:46:15.258] "/stocks:/i3d-jsonmodels:phonghead_kfb/i2d-scene:mf2d0/grid:/ui-msgbg:/shot-fixed:scope52",
[21:46:15.258] "//////shot-fixed:scope52",
[21:46:15.260] "e2e_spec[52] delta_url test failed: result://////shot-fixed:scope52 !== expected://////shot-fixed:scope53",
[21:46:15.260] "e2e_spec[52] abs_url test failed: result:/stocks:/i3d-jsonmodels:phonghead_kfb/i2d-scene:mf2d0/grid:/ui-msgbg:/shot-fixed:scope52 !== expected:/stocks:/i3d-jsonmodels:phonghead_kfb/i2d-scene:mf2d0/grid:/ui-msgbg:/shot-fixed:scope53",
[21:46:15.260] "e2e_spec[52] shot test failed: result:{\"delta-t\":\"camera3d\",\"f\":\"lookAt\",\"a\":{}} !== expected:{\"delta-t\":\"camera3d\",\"f\":\"lookAt\",\"a\":{}}",
[21:46:15.260] {"delta-t":"camera3d","f":"lookAt","a":{}},
[21:46:30.233] {"t":"camera3d","f":"dollyflyTo","a":{"x":20,"y":0,"z":0,"d":3}},
[21:46:30.282] "//////shot-anim:scope53",
[21:46:30.282] "/stocks:/i3d-jsonmodels:phonghead_kfb/i2d-scene:mf2d0/grid:/ui-msgbg:/shot-anim:scope53",
[21:46:30.283] "e2e_spec[53] delta_url test failed: result://////shot-anim:scope53 !== expected://////shot-anim:scope54",
[21:46:30.284] "e2e_spec[53] abs_url test failed: result:/stocks:/i3d-jsonmodels:phonghead_kfb/i2d-scene:mf2d0/grid:/ui-msgbg:/shot-anim:scope53 !== expected:/stocks:/i3d-jsonmodels:phonghead_kfb/i2d-scene:mf2d0/grid:/ui-msgbg:/shot-anim:scope54",
[21:46:30.287] "e2e_spec[53] shot test failed: result:{\"delta\":{\"timeline\":{\"p\":{\"paused\":true,\"repeat\":0},\"actors\":{\"i3d:csphere:position\":[{\"dur\":3,\"p\":{\"x\":20,\"y\":0,\"z\":0,\"immediateRender\":false}}]}}}} !== expected:{\"delta\":{\"timeline\":{\"p\":{\"paused\":true,\"repeat\":0},\"actors\":{\"i3d:csphere:position\":[{\"dur\":3,\"p\":{\"x\":20,\"y\":0,\"z\":0,\"immediateRender\":false}}]}}}}",
[21:46:30.287] {"delta":{"timeline":{"p":{"paused":true,"repeat":0},"actors":{"i3d:csphere:position":[{"dur":3,"p":{"x":20,"y":0,"z":0,"immediateRender":false}}]}}}},
[21:46:45.256] {"t":"camera3d","f":"zoomflyTo","a":{"s":0.5,"d":3}},
[21:46:45.282] "/stocks:/i3d-jsonmodels:phonghead_kfb/i2d-scene:mf2d0/grid:/ui-msgbg:/shot-anim:scope54",
[21:46:45.282] "//////shot-anim:scope54",
[21:46:45.282] "e2e_spec[54] delta_url test failed: result://////shot-anim:scope54 !== expected://////shot-anim:scope55",
[21:46:45.282] "e2e_spec[54] abs_url test failed: result:/stocks:/i3d-jsonmodels:phonghead_kfb/i2d-scene:mf2d0/grid:/ui-msgbg:/shot-anim:scope54 !== expected:/stocks:/i3d-jsonmodels:phonghead_kfb/i2d-scene:mf2d0/grid:/ui-msgbg:/shot-anim:scope55",
[21:46:45.282] "e2e_spec[54] shot test failed: result:{\"delta\":{\"timeline\":{\"p\":{\"paused\":true,\"repeat\":0},\"actors\":{\"i3d:csphere:scale\":[{\"dur\":3,\"p\":{\"x\":0.5,\"y\":0.5,\"z\":0.5,\"immediateRender\":false}}]}}}} !== expected:{\"delta\":{\"timeline\":{\"p\":{\"paused\":true,\"repeat\":0},\"actors\":{\"i3d:csphere:scale\":[{\"dur\":3,\"p\":{\"x\":0.5,\"y\":0.5,\"z\":0.5,\"immediateRender\":false}}]}}}}",
[21:46:45.283] {"delta":{"timeline":{"p":{"paused":true,"repeat":0},"actors":{"i3d:csphere:scale":[{"dur":3,"p":{"x":0.5,"y":0.5,"z":0.5,"immediateRender":false}}]}}}},
[21:46:55.233] {"t":"camera3d","f":"zoomflyTo","a":{"s":2,"d":3}},
[21:46:55.272] "/stocks:/i3d-jsonmodels:phonghead_kfb/i2d-scene:mf2d0/grid:/ui-msgbg:/shot-anim:scope55",
[21:46:55.272] "//////shot-anim:scope55",
[21:46:55.272] "e2e_spec[55] delta_url test failed: result://////shot-anim:scope55 !== expected://////shot-anim:scope56",
[21:46:55.272] "e2e_spec[55] abs_url test failed: result:/stocks:/i3d-jsonmodels:phonghead_kfb/i2d-scene:mf2d0/grid:/ui-msgbg:/shot-anim:scope55 !== expected:/stocks:/i3d-jsonmodels:phonghead_kfb/i2d-scene:mf2d0/grid:/ui-msgbg:/shot-anim:scope56",
[21:46:55.272] "e2e_spec[55] shot test failed: result:{\"delta\":{\"timeline\":{\"p\":{\"paused\":true,\"repeat\":0},\"actors\":{\"i3d:csphere:scale\":[{\"dur\":3,\"p\":{\"x\":2,\"y\":2,\"z\":2,\"immediateRender\":false}}]}}}} !== expected:{\"delta\":{\"timeline\":{\"p\":{\"paused\":true,\"repeat\":0},\"actors\":{\"i3d:csphere:scale\":[{\"dur\":3,\"p\":{\"x\":2,\"y\":2,\"z\":2,\"immediateRender\":false}}]}}}}",
[21:46:55.273] {"delta":{"timeline":{"p":{"paused":true,"repeat":0},"actors":{"i3d:csphere:scale":[{"dur":3,"p":{"x":2,"y":2,"z":2,"immediateRender":false}}]}}}},
[21:47:05.234] {"t":"camera3d","f":"dollyflyTo","a":{"x":20,"y":20,"z":-20,"d":3}},
[21:47:05.280] "/stocks:/i3d-jsonmodels:phonghead_kfb/i2d-scene:mf2d0/grid:/ui-msgbg:/shot-anim:scope56",
[21:47:05.280] "//////shot-anim:scope56",
[21:47:05.280] "e2e_spec[56] delta_url test failed: result://////shot-anim:scope56 !== expected://////shot-anim:scope57",
[21:47:05.280] "e2e_spec[56] abs_url test failed: result:/stocks:/i3d-jsonmodels:phonghead_kfb/i2d-scene:mf2d0/grid:/ui-msgbg:/shot-anim:scope56 !== expected:/stocks:/i3d-jsonmodels:phonghead_kfb/i2d-scene:mf2d0/grid:/ui-msgbg:/shot-anim:scope57",
[21:47:05.281] "e2e_spec[56] shot test failed: result:{\"delta\":{\"timeline\":{\"p\":{\"paused\":true,\"repeat\":0},\"actors\":{\"i3d:csphere:position\":[{\"dur\":3,\"p\":{\"x\":20,\"y\":20,\"z\":-20,\"immediateRender\":false}}]}}}} !== expected:{\"delta\":{\"timeline\":{\"p\":{\"paused\":true,\"repeat\":0},\"actors\":{\"i3d:csphere:position\":[{\"dur\":3,\"p\":{\"x\":20,\"y\":20,\"z\":-20,\"immediateRender\":false}}]}}}}",
[21:47:05.281] {"delta":{"timeline":{"p":{"paused":true,"repeat":0},"actors":{"i3d:csphere:position":[{"dur":3,"p":{"x":20,"y":20,"z":-20,"immediateRender":false}}]}}}},
[21:47:15.234] {"t":"camera3d","f":"zoomflyTo","a":{"s":0.5,"d":3}},
[21:47:15.266] "/stocks:/i3d-jsonmodels:phonghead_kfb/i2d-scene:mf2d0/grid:/ui-msgbg:/shot-anim:scope57",
[21:47:15.266] "//////shot-anim:scope57",
[21:47:15.266] "e2e_spec[57] delta_url test failed: result://////shot-anim:scope57 !== expected://////shot-anim:scope58",
[21:47:15.266] "e2e_spec[57] abs_url test failed: result:/stocks:/i3d-jsonmodels:phonghead_kfb/i2d-scene:mf2d0/grid:/ui-msgbg:/shot-anim:scope57 !== expected:/stocks:/i3d-jsonmodels:phonghead_kfb/i2d-scene:mf2d0/grid:/ui-msgbg:/shot-anim:scope58",
[21:47:15.266] "e2e_spec[57] shot test failed: result:{\"delta\":{\"timeline\":{\"p\":{\"paused\":true,\"repeat\":0},\"actors\":{\"i3d:csphere:scale\":[{\"dur\":3,\"p\":{\"x\":0.5,\"y\":0.5,\"z\":0.5,\"immediateRender\":false}}]}}}} !== expected:{\"delta\":{\"timeline\":{\"p\":{\"paused\":true,\"repeat\":0},\"actors\":{\"i3d:csphere:scale\":[{\"dur\":3,\"p\":{\"x\":0.5,\"y\":0.5,\"z\":0.5,\"immediateRender\":false}}]}}}}",
[21:47:15.267] {"delta":{"timeline":{"p":{"paused":true,"repeat":0},"actors":{"i3d:csphere:scale":[{"dur":3,"p":{"x":0.5,"y":0.5,"z":0.5,"immediateRender":false}}]}}}},
[21:47:30.237] {"t":"camera3d","f":"center","a":{"d":3}},
[21:47:30.265] "/stocks:/i3d-jsonmodels:phonghead_kfb/i2d-scene:mf2d0/grid:/ui-msgbg:/shot-anim:scope58",
[21:47:30.265] "//////shot-anim:scope58",
[21:47:30.266] "e2e_spec[58] delta_url test failed: result://////shot-anim:scope58 !== expected://////shot-fixed:scope60",
[21:47:30.266] "e2e_spec[58] abs_url test failed: result:/stocks:/i3d-jsonmodels:phonghead_kfb/i2d-scene:mf2d0/grid:/ui-msgbg:/shot-anim:scope58 !== expected:/stocks:/i3d-jsonmodels:phonghead_kfb/i2d-scene:mf2d0/grid:/ui-msgbg:/shot-fixed:scope60",
[21:47:30.266] "e2e_spec[58] shot test failed: result:{\"delta\":{\"timeline\":{\"p\":{\"paused\":true,\"repeat\":0},\"actors\":{\"i3d:camera:rotation\":[{\"dur\":3,\"p\":{\"x\":0,\"y\":0,\"z\":0,\"immediateRender\":false}}],\"i3d:csphere:position\":[{\"dur\":3,\"p\":{\"x\":0,\"y\":0,\"z\":0,\"immediateRender\":false}}],\"i3d:csphere:rotation\":[{\"dur\":3,\"p\":{\"x\":0,\"y\":0,\"z\":0,\"immediateRender\":false}}],\"i2d:plane\":[{\"dur\":3,\"p\":{\"x\":0,\"y\":0,\"immediateRender\":false}}],\"i2d:zoom_plane\":[{\"dur\":3,\"p\":{\"rotation\":0,\"svgOrigin\":\"0% 0%\",\"immediateRender\":false}}]}}}} !== expected:{\"delta-t\":\"camera3d\",\"f\":\"center\"}",
[21:47:30.266] {"delta":{"timeline":{"p":{"paused":true,"repeat":0},"actors":{"i3d:camera:rotation":[{"dur":3,"p":{"x":0,"y":0,"z":0,"immediateRender":false}}],"i3d:csphere:position":[{"dur":3,"p":{"x":0,"y":0,"z":0,"immediateRender":false}}],"i3d:csphere:rotation":[{"dur":3,"p":{"x":0,"y":0,"z":0,"immediateRender":false}}],"i2d:plane":[{"dur":3,"p":{"x":0,"y":0,"immediateRender":false}}],"i2d:zoom_plane":[{"dur":3,"p":{"rotation":0,"svgOrigin":"0% 0%","immediateRender":false}}]}}}},
[21:47:40.237] {"t":"camera3d","f":"home","a":{"d":3}},
[21:47:40.290] "/stocks:/i3d-jsonmodels:phonghead_kfb/i2d-scene:mf2d0/grid:/ui-msgbg:/shot-anim:scope59",
[21:47:40.291] "//////shot-anim:scope59",
[21:47:40.291] "e2e_spec[59] abs_url test failed: result:/stocks:/i3d-jsonmodels:phonghead_kfb/i2d-scene:mf2d0/grid:/ui-msgbg:/shot-anim:scope59 !== expected:/stocks:/i3d-jsonmodels:phonghead_kfb/i2d-scene:mf2d0/grid:/ui-msgbg:/shot-fixed:scope62",
[21:47:40.291] "e2e_spec[59] shot test failed: result:{\"delta\":{\"timeline\":{\"p\":{\"paused\":true,\"repeat\":0},\"actors\":{\"i3d:camera:rotation\":[{\"dur\":3,\"p\":{\"x\":0,\"y\":0,\"z\":0,\"immediateRender\":false}}],\"i3d:csphere:position\":[{\"dur\":3,\"p\":{\"x\":0,\"y\":0,\"z\":0,\"immediateRender\":false}}],\"i3d:csphere:scale\":[{\"dur\":3,\"p\":{\"x\":1,\"y\":1,\"z\":1,\"immediateRender\":false}}],\"i3d:csphere:rotation\":[{\"dur\":3,\"p\":{\"x\":0,\"y\":0,\"z\":0,\"immediateRender\":false}}],\"i2d:plane\":[{\"dur\":3,\"p\":{\"x\":0,\"y\":0,\"immediateRender\":false}}],\"i2d:zoom_plane\":[{\"dur\":3,\"p\":{\"rotation\":0,\"scale\":1,\"svgOrigin\":\"0% 0%\",\"immediateRender\":false}}]}}}} !== expected:{\"delta-t\":\"camera3d\",\"f\":\"home\"}",
[21:47:40.292] {"delta":{"timeline":{"p":{"paused":true,"repeat":0},"actors":{"i3d:camera:rotation":[{"dur":3,"p":{"x":0,"y":0,"z":0,"immediateRender":false}}],"i3d:csphere:position":[{"dur":3,"p":{"x":0,"y":0,"z":0,"immediateRender":false}}],"i3d:csphere:scale":[{"dur":3,"p":{"x":1,"y":1,"z":1,"immediateRender":false}}],"i3d:csphere:rotation":[{"dur":3,"p":{"x":0,"y":0,"z":0,"immediateRender":false}}],"i2d:plane":[{"dur":3,"p":{"x":0,"y":0,"immediateRender":false}}],"i2d:zoom_plane":[{"dur":3,"p":{"rotation":0,"scale":1,"svgOrigin":"0% 0%","immediateRender":false}}]}}}},
[21:47:40.291] "e2e_spec[59] delta_url test failed: result://////shot-anim:scope59 !== expected://////shot-fixed:scope62",
[21:47:55.254] {"t":"camera3d","f":"panflyBy","a":{"r":0.7854,"d":3}},
[21:47:55.286] "/stocks:/i3d-jsonmodels:phonghead_kfb/i2d-scene:mf2d0/grid:/ui-msgbg:/shot-anim:scope60",
[21:47:55.286] "//////shot-anim:scope60",
[21:47:55.286] "e2e_spec[60] delta_url test failed: result://////shot-anim:scope60 !== expected://////shot-anim:scope63",
[21:47:55.286] "e2e_spec[60] abs_url test failed: result:/stocks:/i3d-jsonmodels:phonghead_kfb/i2d-scene:mf2d0/grid:/ui-msgbg:/shot-anim:scope60 !== expected:/stocks:/i3d-jsonmodels:phonghead_kfb/i2d-scene:mf2d0/grid:/ui-msgbg:/shot-anim:scope63",
[21:47:55.286] "e2e_spec[60] shot test failed: result:{\"delta\":{\"timeline\":{\"p\":{\"paused\":true,\"repeat\":0},\"actors\":{\"i3d:camera:rotation\":[{\"dur\":3,\"p\":{\"y\":0.7854,\"immediateRender\":false}}]}}}} !== expected:{\"delta\":{\"timeline\":{\"p\":{\"paused\":true,\"repeat\":0},\"actors\":{\"i3d:camera:rotation\":[{\"dur\":3,\"p\":{\"y\":0.7854,\"immediateRender\":false}}]}}}}",
[21:47:55.287] {"delta":{"timeline":{"p":{"paused":true,"repeat":0},"actors":{"i3d:camera:rotation":[{"dur":3,"p":{"y":0.7854,"immediateRender":false}}]}}}},
[21:48:05.240] {"t":"camera3d","f":"tiltflyBy","a":{"r":0.7854,"d":3}},
[21:48:05.281] "/stocks:/i3d-jsonmodels:phonghead_kfb/i2d-scene:mf2d0/grid:/ui-msgbg:/shot-anim:scope61",
[21:48:05.281] "//////shot-anim:scope61",
[21:48:05.281] "e2e_spec[61] delta_url test failed: result://////shot-anim:scope61 !== expected://////shot-anim:scope64",
[21:48:05.281] "e2e_spec[61] abs_url test failed: result:/stocks:/i3d-jsonmodels:phonghead_kfb/i2d-scene:mf2d0/grid:/ui-msgbg:/shot-anim:scope61 !== expected:/stocks:/i3d-jsonmodels:phonghead_kfb/i2d-scene:mf2d0/grid:/ui-msgbg:/shot-anim:scope64",
[21:48:05.281] "e2e_spec[61] shot test failed: result:{\"delta\":{\"timeline\":{\"p\":{\"paused\":true,\"repeat\":0},\"actors\":{\"i3d:camera:rotation\":[{\"dur\":3,\"p\":{\"x\":0.7854,\"immediateRender\":false}}]}}}} !== expected:{\"delta\":{\"timeline\":{\"p\":{\"paused\":true,\"repeat\":0},\"actors\":{\"i3d:camera:rotation\":[{\"dur\":3,\"p\":{\"x\":0.7854,\"immediateRender\":false}}]}}}}",
[21:48:05.282] {"delta":{"timeline":{"p":{"paused":true,"repeat":0},"actors":{"i3d:camera:rotation":[{"dur":3,"p":{"x":0.7854,"immediateRender":false}}]}}}},
[21:48:15.240] {"t":"camera3d","f":"lookAt"},
[21:48:15.259] "/stocks:/i3d-jsonmodels:phonghead_kfb/i2d-scene:mf2d0/grid:/ui-msgbg:/shot-fixed:scope62",
[21:48:15.260] "//////shot-fixed:scope62",
[21:48:15.260] "e2e_spec[62] delta_url test failed: result://////shot-fixed:scope62 !== expected://////shot-fixed:scope65",
[21:48:15.260] "e2e_spec[62] abs_url test failed: result:/stocks:/i3d-jsonmodels:phonghead_kfb/i2d-scene:mf2d0/grid:/ui-msgbg:/shot-fixed:scope62 !== expected:/stocks:/i3d-jsonmodels:phonghead_kfb/i2d-scene:mf2d0/grid:/ui-msgbg:/shot-fixed:scope65",
[21:48:15.260] "e2e_spec[62] shot test failed: result:{\"delta-t\":\"camera3d\",\"f\":\"lookAt\",\"a\":{}} !== expected:{\"delta-t\":\"camera3d\",\"f\":\"lookAt\",\"a\":{}}",
[21:48:15.260] {"delta-t":"camera3d","f":"lookAt","a":{}},
[21:48:25.239] {"t":"camera3d","f":"rollflyTo","a":{"r":-1.57,"d":4}},
[21:48:25.259] "/stocks:/i3d-jsonmodels:phonghead_kfb/i2d-scene:mf2d0/grid:/ui-msgbg:/shot-anim:scope63",
[21:48:25.259] "//////shot-anim:scope63",
[21:48:25.260] "e2e_spec[63] delta_url test failed: result://////shot-anim:scope63 !== expected://////shot-anim:scope66",
[21:48:25.260] "e2e_spec[63] abs_url test failed: result:/stocks:/i3d-jsonmodels:phonghead_kfb/i2d-scene:mf2d0/grid:/ui-msgbg:/shot-anim:scope63 !== expected:/stocks:/i3d-jsonmodels:phonghead_kfb/i2d-scene:mf2d0/grid:/ui-msgbg:/shot-anim:scope66",
[21:48:25.260] "e2e_spec[63] shot test failed: result:{\"delta\":{\"timeline\":{\"p\":{\"paused\":true,\"repeat\":0},\"actors\":{\"i3d:camera:rotation\":[{\"dur\":4,\"p\":{\"z\":-1.57,\"immediateRender\":false}}]}}}} !== expected:{\"delta\":{\"timeline\":{\"p\":{\"paused\":true,\"repeat\":0},\"actors\":{\"i3d:camera:rotation\":[{\"dur\":4,\"p\":{\"z\":-1.57,\"immediateRender\":false}}]}}}}",
[21:48:25.260] {"delta":{"timeline":{"p":{"paused":true,"repeat":0},"actors":{"i3d:camera:rotation":[{"dur":4,"p":{"z":-1.57,"immediateRender":false}}]}}}},
[21:48:40.243] {"t":"camera3d","f":"rollflyBy","a":{"r":0.3927,"d":4}},
[21:48:40.305] "/stocks:/i3d-jsonmodels:phonghead_kfb/i2d-scene:mf2d0/grid:/ui-msgbg:/shot-anim:scope64",
[21:48:40.306] "//////shot-anim:scope64",
[21:48:40.306] "e2e_spec[64] delta_url test failed: result://////shot-anim:scope64 !== expected://////shot-anim:scope67",
[21:48:40.306] "e2e_spec[64] abs_url test failed: result:/stocks:/i3d-jsonmodels:phonghead_kfb/i2d-scene:mf2d0/grid:/ui-msgbg:/shot-anim:scope64 !== expected:/stocks:/i3d-jsonmodels:phonghead_kfb/i2d-scene:mf2d0/grid:/ui-msgbg:/shot-anim:scope67",
[21:48:40.306] "e2e_spec[64] shot test failed: result:{\"delta\":{\"timeline\":{\"p\":{\"paused\":true,\"repeat\":0},\"actors\":{\"i3d:camera:rotation\":[{\"dur\":4,\"p\":{\"z\":-1.1773,\"immediateRender\":false}}]}}}} !== expected:{\"delta\":{\"timeline\":{\"p\":{\"paused\":true,\"repeat\":0},\"actors\":{\"i3d:camera:rotation\":[{\"dur\":4,\"p\":{\"z\":-1.1773,\"immediateRender\":false}}]}}}}",
[21:48:40.307] {"delta":{"timeline":{"p":{"paused":true,"repeat":0},"actors":{"i3d:camera:rotation":[{"dur":4,"p":{"z":-1.1773,"immediateRender":false}}]}}}},
[21:48:50.244] {"t":"camera3d","f":"rollflyBy","a":{"r":0.3927,"d":4}},
[21:48:50.290] "/stocks:/i3d-jsonmodels:phonghead_kfb/i2d-scene:mf2d0/grid:/ui-msgbg:/shot-anim:scope65",
[21:48:50.291] "//////shot-anim:scope65",
[21:48:50.291] "e2e_spec[65] delta_url test failed: result://////shot-anim:scope65 !== expected://////shot-anim:scope68",
[21:48:50.291] "e2e_spec[65] abs_url test failed: result:/stocks:/i3d-jsonmodels:phonghead_kfb/i2d-scene:mf2d0/grid:/ui-msgbg:/shot-anim:scope65 !== expected:/stocks:/i3d-jsonmodels:phonghead_kfb/i2d-scene:mf2d0/grid:/ui-msgbg:/shot-anim:scope68",
[21:48:50.291] "e2e_spec[65] shot test failed: result:{\"delta\":{\"timeline\":{\"p\":{\"paused\":true,\"repeat\":0},\"actors\":{\"i3d:camera:rotation\":[{\"dur\":4,\"p\":{\"z\":-0.7846,\"immediateRender\":false}}]}}}} !== expected:{\"delta\":{\"timeline\":{\"p\":{\"paused\":true,\"repeat\":0},\"actors\":{\"i3d:camera:rotation\":[{\"dur\":4,\"p\":{\"z\":-0.7846,\"immediateRender\":false}}]}}}}",
[21:48:50.292] {"delta":{"timeline":{"p":{"paused":true,"repeat":0},"actors":{"i3d:camera:rotation":[{"dur":4,"p":{"z":-0.7846,"immediateRender":false}}]}}}},
[21:49:00.243] {"t":"camera3d","f":"center","a":{"d":3}},
[21:49:00.277] "/stocks:/i3d-jsonmodels:phonghead_kfb/i2d-scene:mf2d0/grid:/ui-msgbg:/shot-anim:scope66",
[21:49:00.277] "//////shot-anim:scope66",
[21:49:00.277] "e2e_spec[66] delta_url test failed: result://////shot-anim:scope66 !== expected://////shot-fixed:scope70",
[21:49:00.277] "e2e_spec[66] abs_url test failed: result:/stocks:/i3d-jsonmodels:phonghead_kfb/i2d-scene:mf2d0/grid:/ui-msgbg:/shot-anim:scope66 !== expected:/stocks:/i3d-jsonmodels:phonghead_kfb/i2d-scene:mf2d0/grid:/ui-msgbg:/shot-fixed:scope70",
[21:49:00.278] "e2e_spec[66] shot test failed: result:{\"delta\":{\"timeline\":{\"p\":{\"paused\":true,\"repeat\":0},\"actors\":{\"i3d:camera:rotation\":[{\"dur\":3,\"p\":{\"x\":0,\"y\":0,\"z\":0,\"immediateRender\":false}}],\"i3d:csphere:position\":[{\"dur\":3,\"p\":{\"x\":0,\"y\":0,\"z\":0,\"immediateRender\":false}}],\"i3d:csphere:rotation\":[{\"dur\":3,\"p\":{\"x\":0,\"y\":0,\"z\":0,\"immediateRender\":false}}],\"i2d:plane\":[{\"dur\":3,\"p\":{\"x\":0,\"y\":0,\"immediateRender\":false}}],\"i2d:zoom_plane\":[{\"dur\":3,\"p\":{\"rotation\":0,\"svgOrigin\":\"0% 0%\",\"immediateRender\":false}}]}}}} !== expected:{\"delta-t\":\"camera3d\",\"f\":\"center\"}",
[21:49:00.278] {"delta":{"timeline":{"p":{"paused":true,"repeat":0},"actors":{"i3d:camera:rotation":[{"dur":3,"p":{"x":0,"y":0,"z":0,"immediateRender":false}}],"i3d:csphere:position":[{"dur":3,"p":{"x":0,"y":0,"z":0,"immediateRender":false}}],"i3d:csphere:rotation":[{"dur":3,"p":{"x":0,"y":0,"z":0,"immediateRender":false}}],"i2d:plane":[{"dur":3,"p":{"x":0,"y":0,"immediateRender":false}}],"i2d:zoom_plane":[{"dur":3,"p":{"rotation":0,"svgOrigin":"0% 0%","immediateRender":false}}]}}}},
[21:49:15.249] {"t":"camera3d","f":"yawflyTo","a":{"r":1.57,"d":3}},
[21:49:15.310] "/stocks:/i3d-jsonmodels:phonghead_kfb/i2d-scene:mf2d0/grid:/ui-msgbg:/shot-anim:scope67",
[21:49:15.311] "e2e_spec[67] delta_url test failed: result://////shot-anim:scope67 !== expected://////shot-anim:scope71",
[21:49:15.311] "e2e_spec[67] abs_url test failed: result:/stocks:/i3d-jsonmodels:phonghead_kfb/i2d-scene:mf2d0/grid:/ui-msgbg:/shot-anim:scope67 !== expected:/stocks:/i3d-jsonmodels:phonghead_kfb/i2d-scene:mf2d0/grid:/ui-msgbg:/shot-anim:scope71",
[21:49:15.310] "//////shot-anim:scope67",
[21:49:15.311] "e2e_spec[67] shot test failed: result:{\"delta\":{\"timeline\":{\"p\":{\"paused\":true,\"repeat\":0},\"actors\":{\"i3d:csphere:rotation\":[{\"dur\":3,\"p\":{\"y\":1.57,\"immediateRender\":false}}]}}}} !== expected:{\"delta\":{\"timeline\":{\"p\":{\"paused\":true,\"repeat\":0},\"actors\":{\"i3d:csphere:rotation\":[{\"dur\":3,\"p\":{\"y\":1.57,\"immediateRender\":false}}]}}}}",
[21:49:15.311] {"delta":{"timeline":{"p":{"paused":true,"repeat":0},"actors":{"i3d:csphere:rotation":[{"dur":3,"p":{"y":1.57,"immediateRender":false}}]}}}},
[21:49:30.248] {"t":"camera3d","f":"yawflyBy","a":{"r":-0.7854,"d":3}},
[21:49:30.295] "/stocks:/i3d-jsonmodels:phonghead_kfb/i2d-scene:mf2d0/grid:/ui-msgbg:/shot-anim:scope68",
[21:49:30.295] "//////shot-anim:scope68",
[21:49:30.295] "e2e_spec[68] shot test failed: result:{\"delta\":{\"timeline\":{\"p\":{\"paused\":true,\"repeat\":0},\"actors\":{\"i3d:csphere:rotation\":[{\"dur\":3,\"p\":{\"y\":0.7846000000000001,\"immediateRender\":false}}]}}}} !== expected:{\"delta\":{\"timeline\":{\"p\":{\"paused\":true,\"repeat\":0},\"actors\":{\"i3d:csphere:rotation\":[{\"dur\":3,\"p\":{\"y\":0.7846000000000001,\"immediateRender\":false}}]}}}}",
[21:49:30.295] "e2e_spec[68] abs_url test failed: result:/stocks:/i3d-jsonmodels:phonghead_kfb/i2d-scene:mf2d0/grid:/ui-msgbg:/shot-anim:scope68 !== expected:/stocks:/i3d-jsonmodels:phonghead_kfb/i2d-scene:mf2d0/grid:/ui-msgbg:/shot-anim:scope72",
[21:49:30.296] {"delta":{"timeline":{"p":{"paused":true,"repeat":0},"actors":{"i3d:csphere:rotation":[{"dur":3,"p":{"y":0.7846000000000001,"immediateRender":false}}]}}}},
[21:49:30.295] "e2e_spec[68] delta_url test failed: result://////shot-anim:scope68 !== expected://////shot-anim:scope72",
[21:49:40.250] {"t":"camera3d","f":"yawflyBy","a":{"r":-0.7854,"d":3}},
[21:49:40.309] "/stocks:/i3d-jsonmodels:phonghead_kfb/i2d-scene:mf2d0/grid:/ui-msgbg:/shot-anim:scope69",
[21:49:40.310] "//////shot-anim:scope69",
[21:49:40.310] "e2e_spec[69] delta_url test failed: result://////shot-anim:scope69 !== expected://////shot-anim:scope73",
[21:49:40.310] "e2e_spec[69] abs_url test failed: result:/stocks:/i3d-jsonmodels:phonghead_kfb/i2d-scene:mf2d0/grid:/ui-msgbg:/shot-anim:scope69 !== expected:/stocks:/i3d-jsonmodels:phonghead_kfb/i2d-scene:mf2d0/grid:/ui-msgbg:/shot-anim:scope73",
[21:49:40.310] "e2e_spec[69] shot test failed: result:{\"delta\":{\"timeline\":{\"p\":{\"paused\":true,\"repeat\":0},\"actors\":{\"i3d:csphere:rotation\":[{\"dur\":3,\"p\":{\"y\":-0.0007999999999999119,\"immediateRender\":false}}]}}}} !== expected:{\"delta\":{\"timeline\":{\"p\":{\"paused\":true,\"repeat\":0},\"actors\":{\"i3d:csphere:rotation\":[{\"dur\":3,\"p\":{\"y\":-0.0007999999999999119,\"immediateRender\":false}}]}}}}",
[21:49:40.311] {"delta":{"timeline":{"p":{"paused":true,"repeat":0},"actors":{"i3d:csphere:rotation":[{"dur":3,"p":{"y":-0.0007999999999999119,"immediateRender":false}}]}}}},
[21:49:55.250] {"t":"camera3d","f":"pitchflyTo","a":{"r":-1.57,"d":3}},
[21:49:55.294] "//////shot-anim:scope70",
[21:49:55.293] "/stocks:/i3d-jsonmodels:phonghead_kfb/i2d-scene:mf2d0/grid:/ui-msgbg:/shot-anim:scope70",
[21:49:55.294] "e2e_spec[70] delta_url test failed: result://////shot-anim:scope70 !== expected://////shot-anim:scope74",
[21:49:55.295] {"delta":{"timeline":{"p":{"paused":true,"repeat":0},"actors":{"i3d:csphere:rotation":[{"dur":3,"p":{"x":-1.57,"immediateRender":false}}]}}}},
[21:49:55.294] "e2e_spec[70] shot test failed: result:{\"delta\":{\"timeline\":{\"p\":{\"paused\":true,\"repeat\":0},\"actors\":{\"i3d:csphere:rotation\":[{\"dur\":3,\"p\":{\"x\":-1.57,\"immediateRender\":false}}]}}}} !== expected:{\"delta\":{\"timeline\":{\"p\":{\"paused\":true,\"repeat\":0},\"actors\":{\"i3d:csphere:rotation\":[{\"dur\":3,\"p\":{\"x\":-1.57,\"immediateRender\":false}}]}}}}",
[21:49:55.294] "e2e_spec[70] abs_url test failed: result:/stocks:/i3d-jsonmodels:phonghead_kfb/i2d-scene:mf2d0/grid:/ui-msgbg:/shot-anim:scope70 !== expected:/stocks:/i3d-jsonmodels:phonghead_kfb/i2d-scene:mf2d0/grid:/ui-msgbg:/shot-anim:scope74",
[21:50:05.253] {"t":"camera3d","f":"pitchflyBy","a":{"r":0.7854,"d":3}},
[21:50:05.318] "/stocks:/i3d-jsonmodels:phonghead_kfb/i2d-scene:mf2d0/grid:/ui-msgbg:/shot-anim:scope71",
[21:50:05.319] "e2e_spec[71] delta_url test failed: result://////shot-anim:scope71 !== expected://////shot-anim:scope75",
[21:50:05.319] "e2e_spec[71] shot test failed: result:{\"delta\":{\"timeline\":{\"p\":{\"paused\":true,\"repeat\":0},\"actors\":{\"i3d:csphere:rotation\":[{\"dur\":3,\"p\":{\"x\":-0.7846000000000001,\"immediateRender\":false}}]}}}} !== expected:{\"delta\":{\"timeline\":{\"p\":{\"paused\":true,\"repeat\":0},\"actors\":{\"i3d:csphere:rotation\":[{\"dur\":3,\"p\":{\"x\":-0.7846000000000001,\"immediateRender\":false}}]}}}}",
[21:50:05.319] "e2e_spec[71] abs_url test failed: result:/stocks:/i3d-jsonmodels:phonghead_kfb/i2d-scene:mf2d0/grid:/ui-msgbg:/shot-anim:scope71 !== expected:/stocks:/i3d-jsonmodels:phonghead_kfb/i2d-scene:mf2d0/grid:/ui-msgbg:/shot-anim:scope75",
[21:50:05.320] {"delta":{"timeline":{"p":{"paused":true,"repeat":0},"actors":{"i3d:csphere:rotation":[{"dur":3,"p":{"x":-0.7846000000000001,"immediateRender":false}}]}}}},
[21:50:05.319] "//////shot-anim:scope71",
[21:50:20.256] {"t":"camera3d","f":"pitchflyBy","a":{"r":0.7854,"d":3}},
[21:50:20.274] "/stocks:/i3d-jsonmodels:phonghead_kfb/i2d-scene:mf2d0/grid:/ui-msgbg:/shot-anim:scope72",
[21:50:20.274] "//////shot-anim:scope72",
[21:50:20.274] "e2e_spec[72] delta_url test failed: result://////shot-anim:scope72 !== expected://////shot-anim:scope76",
[21:50:20.275] "e2e_spec[72] abs_url test failed: result:/stocks:/i3d-jsonmodels:phonghead_kfb/i2d-scene:mf2d0/grid:/ui-msgbg:/shot-anim:scope72 !== expected:/stocks:/i3d-jsonmodels:phonghead_kfb/i2d-scene:mf2d0/grid:/ui-msgbg:/shot-anim:scope76",
[21:50:20.275] "e2e_spec[72] shot test failed: result:{\"delta\":{\"timeline\":{\"p\":{\"paused\":true,\"repeat\":0},\"actors\":{\"i3d:csphere:rotation\":[{\"dur\":3,\"p\":{\"x\":0.0007999999999999119,\"immediateRender\":false}}]}}}} !== expected:{\"delta\":{\"timeline\":{\"p\":{\"paused\":true,\"repeat\":0},\"actors\":{\"i3d:csphere:rotation\":[{\"dur\":3,\"p\":{\"x\":0.0007999999999999119,\"immediateRender\":false}}]}}}}",
[21:50:20.275] {"delta":{"timeline":{"p":{"paused":true,"repeat":0},"actors":{"i3d:csphere:rotation":[{"dur":3,"p":{"x":0.0007999999999999119,"immediateRender":false}}]}}}},
[21:50:35.253] {"t":"camera3d","f":"dollyflyTo","a":{"x":20,"y":-20,"z":-30,"d":3}},
[21:50:35.301] "/stocks:/i3d-jsonmodels:phonghead_kfb/i2d-scene:mf2d0/grid:/ui-msgbg:/shot-anim:scope73",
[21:50:35.301] "//////shot-anim:scope73",
[21:50:35.301] "e2e_spec[73] delta_url test failed: result://////shot-anim:scope73 !== expected://////shot-anim:scope77",
[21:50:35.301] "e2e_spec[73] abs_url test failed: result:/stocks:/i3d-jsonmodels:phonghead_kfb/i2d-scene:mf2d0/grid:/ui-msgbg:/shot-anim:scope73 !== expected:/stocks:/i3d-jsonmodels:phonghead_kfb/i2d-scene:mf2d0/grid:/ui-msgbg:/shot-anim:scope77",
[21:50:35.302] "e2e_spec[73] shot test failed: result:{\"delta\":{\"timeline\":{\"p\":{\"paused\":true,\"repeat\":0},\"actors\":{\"i3d:csphere:position\":[{\"dur\":3,\"p\":{\"x\":20,\"y\":-20,\"z\":-30,\"immediateRender\":false}}]}}}} !== expected:{\"delta\":{\"timeline\":{\"p\":{\"paused\":true,\"repeat\":0},\"actors\":{\"i3d:csphere:position\":[{\"dur\":3,\"p\":{\"x\":20,\"y\":-20,\"z\":-30,\"immediateRender\":false}}]}}}}",
[21:50:35.302] {"delta":{"timeline":{"p":{"paused":true,"repeat":0},"actors":{"i3d:csphere:position":[{"dur":3,"p":{"x":20,"y":-20,"z":-30,"immediateRender":false}}]}}}},
[21:50:45.253] {"t":"camera3d","f":"dollyflyTo","a":{"x":0,"y":0,"z":30,"d":6}},
[21:50:45.286] "e2e_spec[74] abs_url test failed: result:/stocks:/i3d-jsonmodels:phonghead_kfb/i2d-scene:mf2d0/grid:/ui-msgbg:/shot-anim:scope74 !== expected:/stocks:/i3d-jsonmodels:phonghead_kfb/i2d-scene:mf2d0/grid:/ui-msgbg:/shot-anim:scope78",
[21:50:45.286] "e2e_spec[74] shot test failed: result:{\"delta\":{\"timeline\":{\"p\":{\"paused\":true,\"repeat\":0},\"actors\":{\"i3d:csphere:position\":[{\"dur\":6,\"p\":{\"x\":20,\"y\":-20,\"z\":30,\"immediateRender\":false}}]}}}} !== expected:{\"delta\":{\"timeline\":{\"p\":{\"paused\":true,\"repeat\":0},\"actors\":{\"i3d:csphere:position\":[{\"dur\":6,\"p\":{\"x\":20,\"y\":-20,\"z\":30,\"immediateRender\":false}}]}}}}",
[21:50:45.286] {"delta":{"timeline":{"p":{"paused":true,"repeat":0},"actors":{"i3d:csphere:position":[{"dur":6,"p":{"x":20,"y":-20,"z":30,"immediateRender":false}}]}}}},
[21:50:45.285] "e2e_spec[74] delta_url test failed: result://////shot-anim:scope74 !== expected://////shot-anim:scope78",
[21:50:45.285] "/stocks:/i3d-jsonmodels:phonghead_kfb/i2d-scene:mf2d0/grid:/ui-msgbg:/shot-anim:scope74",
[21:50:45.285] "//////shot-anim:scope74",
[21:50:55.274] {"t":"camera3d","f":"tiltflyBy","a":{"r":0.7854,"d":3}},
[21:50:55.275] "/stocks:/i3d-jsonmodels:phonghead_kfb/i2d-scene:mf2d0/grid:/ui-msgbg:/shot-anim:scope75",
[21:50:55.275] "//////shot-anim:scope75",
[21:50:55.275] "e2e_spec[75] delta_url test failed: result://////shot-anim:scope75 !== expected://////shot-anim:scope79",
[21:50:55.275] "e2e_spec[75] abs_url test failed: result:/stocks:/i3d-jsonmodels:phonghead_kfb/i2d-scene:mf2d0/grid:/ui-msgbg:/shot-anim:scope75 !== expected:/stocks:/i3d-jsonmodels:phonghead_kfb/i2d-scene:mf2d0/grid:/ui-msgbg:/shot-anim:scope79",
[21:50:55.276] "e2e_spec[75] shot test failed: result:{\"delta\":{\"timeline\":{\"p\":{\"paused\":true,\"repeat\":0},\"actors\":{\"i3d:camera:rotation\":[{\"dur\":3,\"p\":{\"x\":0.7854,\"immediateRender\":false}}]}}}} !== expected:{\"delta\":{\"timeline\":{\"p\":{\"paused\":true,\"repeat\":0},\"actors\":{\"i3d:camera:rotation\":[{\"dur\":3,\"p\":{\"x\":0.7854,\"immediateRender\":false}}]}}}}",
[21:50:55.276] {"delta":{"timeline":{"p":{"paused":true,"repeat":0},"actors":{"i3d:camera:rotation":[{"dur":3,"p":{"x":0.7854,"immediateRender":false}}]}}}},
[21:51:05.255] {"t":"camera3d","f":"zoomflyTo","a":{"s":2,"d":3}},
[21:51:05.293] "/stocks:/i3d-jsonmodels:phonghead_kfb/i2d-scene:mf2d0/grid:/ui-msgbg:/shot-anim:scope76",
[21:51:05.293] "//////shot-anim:scope76",
[21:51:05.293] "e2e_spec[76] abs_url test failed: result:/stocks:/i3d-jsonmodels:phonghead_kfb/i2d-scene:mf2d0/grid:/ui-msgbg:/shot-anim:scope76 !== expected:/stocks:/i3d-jsonmodels:phonghead_kfb/i2d-scene:mf2d0/grid:/ui-msgbg:/shot-anim:scope80",
[21:51:05.294] "e2e_spec[76] shot test failed: result:{\"delta\":{\"timeline\":{\"p\":{\"paused\":true,\"repeat\":0},\"actors\":{\"i3d:csphere:scale\":[{\"dur\":3,\"p\":{\"x\":2,\"y\":2,\"z\":2,\"immediateRender\":false}}]}}}} !== expected:{\"delta\":{\"timeline\":{\"p\":{\"paused\":true,\"repeat\":0},\"actors\":{\"i3d:csphere:scale\":[{\"dur\":3,\"p\":{\"x\":2,\"y\":2,\"z\":2,\"immediateRender\":false}}]}}}}",
[21:51:05.294] {"delta":{"timeline":{"p":{"paused":true,"repeat":0},"actors":{"i3d:csphere:scale":[{"dur":3,"p":{"x":2,"y":2,"z":2,"immediateRender":false}}]}}}},
[21:51:05.293] "e2e_spec[76] delta_url test failed: result://////shot-anim:scope76 !== expected://////shot-anim:scope80",
[21:51:15.255] {"t":"camera3d","f":"home","a":{"d":3}},
[21:51:15.294] "/stocks:/i3d-jsonmodels:phonghead_kfb/i2d-scene:mf2d0/grid:/ui-msgbg:/shot-anim:scope77",
[21:51:15.295] "//////shot-anim:scope77",
[21:51:15.295] "e2e_spec[77] delta_url test failed: result://////shot-anim:scope77 !== expected://////shot-fixed:scope82",
[21:51:15.295] "e2e_spec[77] abs_url test failed: result:/stocks:/i3d-jsonmodels:phonghead_kfb/i2d-scene:mf2d0/grid:/ui-msgbg:/shot-anim:scope77 !== expected:/stocks:/i3d-jsonmodels:phonghead_kfb/i2d-scene:mf2d0/grid:/ui-msgbg:/shot-fixed:scope82",
[21:51:15.295] "e2e_spec[77] shot test failed: result:{\"delta\":{\"timeline\":{\"p\":{\"paused\":true,\"repeat\":0},\"actors\":{\"i3d:camera:rotation\":[{\"dur\":3,\"p\":{\"x\":0,\"y\":0,\"z\":0,\"immediateRender\":false}}],\"i3d:csphere:position\":[{\"dur\":3,\"p\":{\"x\":0,\"y\":0,\"z\":0,\"immediateRender\":false}}],\"i3d:csphere:scale\":[{\"dur\":3,\"p\":{\"x\":1,\"y\":1,\"z\":1,\"immediateRender\":false}}],\"i3d:csphere:rotation\":[{\"dur\":3,\"p\":{\"x\":0,\"y\":0,\"z\":0,\"immediateRender\":false}}],\"i2d:plane\":[{\"dur\":3,\"p\":{\"x\":0,\"y\":0,\"immediateRender\":false}}],\"i2d:zoom_plane\":[{\"dur\":3,\"p\":{\"rotation\":0,\"scale\":1,\"svgOrigin\":\"0% 0%\",\"immediateRender\":false}}]}}}} !== expected:{\"delta-t\":\"camera3d\",\"f\":\"home\"}",
[21:51:15.296] "*** e2e shot test: 78 tests 5 failures ***",
[21:51:15.296] {"delta":{"timeline":{"p":{"paused":true,"repeat":0},"actors":{"i3d:camera:rotation":[{"dur":3,"p":{"x":0,"y":0,"z":0,"immediateRender":false}}],"i3d:csphere:position":[{"dur":3,"p":{"x":0,"y":0,"z":0,"immediateRender":false}}],"i3d:csphere:scale":[{"dur":3,"p":{"x":1,"y":1,"z":1,"immediateRender":false}}],"i3d:csphere:rotation":[{"dur":3,"p":{"x":0,"y":0,"z":0,"immediateRender":false}}],"i2d:plane":[{"dur":3,"p":{"x":0,"y":0,"immediateRender":false}}],"i2d:zoom_plane":[{"dur":3,"p":{"rotation":0,"scale":1,"svgOrigin":"0% 0%","immediateRender":false}}]}}}},
[21:51:15.295] "*** e2e urls test: 78 tests  67 failures ***",
