[22:11:44.976] {"t":"camera3d","f":"panflyTo","a":{"r":-0.7854,"d":3}},
[22:11:44.993] "/metaweb:/i3d-empty:/i2d-reflect:/empty:/ui-msgbg:/shot-anim:scope0",
[22:11:44.994] {"delta":{"timeline":{"p":{"paused":true,"repeat":0},"actors":{"i3d:camera:rotation":[{"dur":3,"p":{"y":-0.7854,"immediateRender":false}}]}}}},
[22:11:44.993] "//////shot-anim:scope0",
[22:11:59.972] {"t":"camera3d","f":"lookAt"},
[22:11:59.984] "/metaweb:/i3d-empty:/i2d-reflect:/empty:/ui-msgbg:/shot-fixed:scope1",
[22:11:59.984] "//////shot-fixed:scope1",
[22:11:59.984] {"delta-t":"camera3d","f":"lookAt","a":{}},
[22:12:14.973] {"t":"camera3d","f":"panflyTo","a":{"r":-0.7854,"d":3}},
[22:12:14.986] "//////shot-anim:scope2",
[22:12:14.986] "/metaweb:/i3d-empty:/i2d-reflect:/empty:/ui-msgbg:/shot-anim:scope2",
[22:12:14.987] {"delta":{"timeline":{"p":{"paused":true,"repeat":0},"actors":{"i3d:camera:rotation":[{"dur":3,"p":{"y":-0.7854,"immediateRender":false}}]}}}},
[22:12:24.973] {"t":"camera3d","f":"home","a":{"d":3}},
[22:12:24.987] "/metaweb:/i3d-empty:/i2d-reflect:/empty:/ui-msgbg:/shot-anim:scope3",
[22:12:24.988] "//////shot-anim:scope3",
[22:12:24.991] {"delta":{"timeline":{"p":{"paused":true,"repeat":0},"actors":{"i3d:camera:rotation":[{"dur":3,"p":{"x":0,"y":0,"z":0,"immediateRender":false}}],"i3d:csphere:position":[{"dur":3,"p":{"x":0,"y":0,"z":0,"immediateRender":false}}],"i3d:csphere:scale":[{"dur":3,"p":{"x":1,"y":1,"z":1,"immediateRender":false}}],"i3d:csphere:rotation":[{"dur":3,"p":{"x":0,"y":0,"z":0,"immediateRender":false}}],"i2d:plane":[{"dur":3,"p":{"x":0,"y":0,"immediateRender":false}}],"i2d:zoom_plane":[{"dur":3,"p":{"rotation":0,"scale":1,"svgOrigin":"0% 0%","immediateRender":false}}]}}}},
[22:12:39.975] {"t":"camera3d","f":"panflyTo","a":{"r":0,"d":3}},
[22:12:39.986] "//////shot-anim:scope4",
[22:12:39.989] {"delta":{"timeline":{"p":{"paused":true,"repeat":0},"actors":{"i3d:camera:rotation":[{"dur":3,"p":{"y":0,"immediateRender":false}}]}}}},
[22:12:39.985] "/metaweb:/i3d-empty:/i2d-reflect:/empty:/ui-msgbg:/shot-anim:scope4",
[22:12:49.977] {"t":"narrative","f":"change_scene","a":"a"},
[22:12:50.252] "/a:/i3d-simple:simple_green/i2d-scene:disks0/base-skycube:test_cube/ui-msgbg:/shot-fixed:",
[22:12:50.253] "/a:/i3d-simple:simple_green/i2d-scene:disks0/base-skycube:test_cube//shot-fixed:",
[22:12:50.253] {},
[22:13:04.976] {"t":"narrative","f":"change_scene","a":"a0"},
[22:13:05.097] "/a0:/i3d-simple:simple_green/i2d-scene:disks0/base-skycube:test_cube/ui-msgbg:/shot-graft:scope6",
[22:13:05.097] "/a0://///shot-graft:scope6",
[22:13:05.100] {"delta":{"timeline":{"p":{"repeat":0},"actors":{"i3d:cube0:scale":[{"dur":10,"p":{"x":0.5,"y":0.5,"z":0.5}}]}},"branches":{"cube0":{"children":{"cube0_2":{"form":{"type":"'cube.i3d'","x":0,"y":0,"z":0,"textureurl":"./images/sky.jpg","w":5,"h":10,"d":10,"color":"blue","transparent":true,"opacity":1},"transform":{"t":[-20,-10,0],"s":[0.01,0.01,0.01]},"children":{}},"cube0_3":{"form":{"type":"'cube.i3d'","x":0,"y":-20,"z":0,"textureurl":"sky_jpg","w":5,"h":10,"d":10,"color":"blue","transparent":true,"opacity":1},"transform":{"t":[20,0,0],"s":[0.01,0.01,0.01]},"children":{}}}}}}},
[22:13:14.968] {"t":"narrative","f":"change_scene","a":"a1"},
[22:13:15.039] "/a1:/i3d-simple:simple_green/i2d-scene:disks0/base-skycube:test_cube/ui-msgbg:/shot-graft:scope7",
[22:13:15.041] {"delta":{"timeline":{"p":{"repeat":0},"actors":{"i3d:cube0_2:scale":[{"dur":10,"p":{"x":1,"y":1,"z":1}}],"i3d:cube0_3:scale":[{"dur":10,"p":{"x":1,"y":1,"z":1}}]}},"branches":{"cube0_2":{"children":{"s0_2_0":{"form":{"type":"'sphere.i3d'","r":5,"color":"blue","transparent":true,"opacity":0.8},"transform":{"e":[0,-0.785,0],"t":[-10,-10,0],"s":[0.01,0.01,0.01]},"children":{}},"s0_2_1":{"form":{"type":"'sphere.i3d'","r":5,"color":"blue","transparent":true,"opacity":0.8},"transform":{"e":[0,0.785,0],"t":[10,10,0],"s":[0.01,0.01,0.01]},"children":{}}}}}}},
[22:13:15.039] "/a1://///shot-graft:scope7",
[22:13:30.041] {"t":"narrative","f":"change_scene","a":"a2"},
[22:13:30.058] "/a2:/i3d-simple:simple_green/i2d-scene:disks0/base-skycube:test_cube/ui-msgbg:/shot-graft:scope8",
[22:13:30.058] "/a2://///shot-graft:scope8",
[22:13:30.059] {"delta":{"timeline":{"p":{"repeat":0},"actors":{"i3d:s0_2_0:scale":[{"dur":10,"p":{"x":1,"y":1,"z":1}}],"i3d:s0_2_1:scale":[{"dur":10,"p":{"x":1,"y":1,"z":1}}]}},"branches":{}}},
[22:13:45.040] {"t":"camera3d","f":"dollyflyTo","a":{"x":10,"y":10,"z":-20,"d":4}},
[22:13:45.051] "/a2:/i3d-simple:simple_green/i2d-scene:disks0/base-skycube:test_cube/ui-msgbg:/shot-anim:scope9",
[22:13:45.051] "//////shot-anim:scope9",
[22:13:45.052] {"delta":{"timeline":{"p":{"paused":true,"repeat":0},"actors":{"i3d:csphere:position":[{"dur":4,"p":{"x":10,"y":10,"z":-20,"immediateRender":false}}]}}}},
[22:14:00.043] {"t":"narrative","f":"change_scene","a":"payments"},
[22:14:01.015] "/payments:/i3d-simple:phong_head_sphere_kfb/i2d-empty:/black:/ui-msgbg:/shot-fixed:",
[22:14:01.015] "/payments:/i3d-simple:phong_head_sphere_kfb/i2d-empty:/black://shot-fixed:",
[22:14:01.016] {},
[22:14:10.044] {"t":"camera3d","f":"toggle_csphere","a":{"val":false}},
[22:14:10.076] "/payments:/i3d-simple:phong_head_sphere_kfb/i2d-empty:/black:/ui-msgbg:/shot-fixed:scope11",
[22:14:10.077] "//////shot-fixed:scope11",
[22:14:10.077] {"delta-t":"camera3d","f":"toggle_csphere","a":false},
[22:14:25.044] {"t":"camera3d","f":"toggle_csphere","a":{"val":true}},
[22:14:25.058] "//////shot-fixed:scope12",
[22:14:25.058] {"delta-t":"camera3d","f":"toggle_csphere","a":true},
[22:14:25.056] "/payments:/i3d-simple:phong_head_sphere_kfb/i2d-empty:/black:/ui-msgbg:/shot-fixed:scope12",
[22:14:40.046] {"t":"camera3d","f":"toggle_light","a":{"name":"key","val":false}},
[22:14:40.081] "/payments:/i3d-simple:phong_head_sphere_kfb/i2d-empty:/black:/ui-msgbg:/shot-fixed:scope13",
[22:14:40.081] "//////shot-fixed:scope13",
[22:14:40.082] {"delta-t":"camera3d","f":"toggle_light","a":{"name":"key","val":false}},
[22:14:50.045] {"t":"camera3d","f":"toggle_light","a":{"name":"fill","val":false}},
[22:14:50.064] "/payments:/i3d-simple:phong_head_sphere_kfb/i2d-empty:/black:/ui-msgbg:/shot-fixed:scope14",
[22:14:50.064] "//////shot-fixed:scope14",
[22:14:50.064] {"delta-t":"camera3d","f":"toggle_light","a":{"name":"fill","val":false}},
[22:15:05.046] {"t":"camera3d","f":"toggle_light","a":{"name":"back","val":false}},
[22:15:05.063] "/payments:/i3d-simple:phong_head_sphere_kfb/i2d-empty:/black:/ui-msgbg:/shot-fixed:scope15",
[22:15:05.063] "//////shot-fixed:scope15",
[22:15:05.063] {"delta-t":"camera3d","f":"toggle_light","a":{"name":"back","val":false}},
[22:15:15.045] {"t":"camera3d","f":"toggle_light","a":{"name":"key","val":true}},
[22:15:15.082] {"delta-t":"camera3d","f":"toggle_light","a":{"name":"key","val":true}},
[22:15:15.081] "/payments:/i3d-simple:phong_head_sphere_kfb/i2d-empty:/black:/ui-msgbg:/shot-fixed:scope16",
[22:15:15.081] "//////shot-fixed:scope16",
[22:15:30.058] {"t":"camera3d","f":"toggle_light","a":{"name":"fill","val":true}},
[22:15:30.069] "/payments:/i3d-simple:phong_head_sphere_kfb/i2d-empty:/black:/ui-msgbg:/shot-fixed:scope17",
[22:15:30.069] "//////shot-fixed:scope17",
[22:15:30.069] {"delta-t":"camera3d","f":"toggle_light","a":{"name":"fill","val":true}},
[22:15:40.047] {"t":"camera3d","f":"toggle_light","a":{"name":"back","val":true}},
[22:15:40.084] "/payments:/i3d-simple:phong_head_sphere_kfb/i2d-empty:/black:/ui-msgbg:/shot-fixed:scope18",
[22:15:40.084] "//////shot-fixed:scope18",
[22:15:40.084] {"delta-t":"camera3d","f":"toggle_light","a":{"name":"back","val":true}},
[22:15:55.047] {"t":"narrative","f":"change_scene","a":"a"},
[22:15:55.352] "/a:/i3d-simple:simple_green/i2d-scene:disks0/base-skycube:test_cube/ui-msgbg:/shot-fixed:",
[22:15:55.353] "/a:/i3d-simple:simple_green/i2d-scene:disks0/base-skycube:test_cube//shot-fixed:",
[22:15:55.353] {},
[22:16:10.049] {"t":"narrative","f":"shot","a":"shot-graft:{\"delta\":{\"timeline\":{\"p\":{\"repeat\":0},\"actors\":{\"i3d:cube0:scale\":[{\"dur\":10,\"p\":{\"x\":0.5,\"y\":0.5,\"z\":0.5}}]}},\"branches\":{\"cube0\":{\"children\":{\"cube0_2\":{\"form\":{\"type\":\"'cube.i3d'\",\"x\":0,\"y\":0,\"z\":0,\"textureurl\":\"./images/sky.jpg\",\"w\":5,\"h\":10,\"d\":10,\"color\":\"blue\",\"transparent\":true,\"opacity\":1},\"transform\":{\"t\":[-20,-10,0],\"s\":[0.01,0.01,0.01]},\"children\":{}},\"cube0_3\":{\"form\":{\"type\":\"'cube.i3d'\",\"x\":0,\"y\":-20,\"z\":0,\"textureurl\":\"sky_jpg\",\"w\":5,\"h\":10,\"d\":10,\"color\":\"blue\",\"transparent\":true,\"opacity\":1},\"transform\":{\"t\":[20,0,0],\"s\":[0.01,0.01,0.01]},\"children\":{}}}}}}}"},
[22:16:10.197] "/a:/i3d-simple:simple_green/i2d-scene:disks0/base-skycube:test_cube/ui-msgbg:/shot-graft:scope20",
[22:16:10.199] {"delta":{"timeline":{"p":{"repeat":0},"actors":{"i3d:cube0:scale":[{"dur":10,"p":{"x":0.5,"y":0.5,"z":0.5}}]}},"branches":{"cube0":{"children":{"cube0_2":{"form":{"type":"'cube.i3d'","x":0,"y":0,"z":0,"textureurl":"./images/sky.jpg","w":5,"h":10,"d":10,"color":"blue","transparent":true,"opacity":1},"transform":{"t":[-20,-10,0],"s":[0.01,0.01,0.01]},"children":{}},"cube0_3":{"form":{"type":"'cube.i3d'","x":0,"y":-20,"z":0,"textureurl":"sky_jpg","w":5,"h":10,"d":10,"color":"blue","transparent":true,"opacity":1},"transform":{"t":[20,0,0],"s":[0.01,0.01,0.01]},"children":{}}}}}}},
[22:16:10.198] "//////shot-graft:scope20",
[22:16:20.056] {"t":"narrative","f":"shot","a":"shot-graft:{\"delta\":{\"timeline\":{\"p\":{\"repeat\":0},\"actors\":{\"i3d:cube0_2:scale\":[{\"dur\":10,\"p\":{\"x\":1,\"y\":1,\"z\":1}}],\"i3d:cube0_3:scale\":[{\"dur\":10,\"p\":{\"x\":1,\"y\":1,\"z\":1}}]}},\"branches\":{\"cube0_2\":{\"children\":{\"s0_2_0\":{\"form\":{\"type\":\"'sphere.i3d'\",\"r\":5,\"color\":\"blue\",\"transparent\":true,\"opacity\":0.8},\"transform\":{\"e\":[0,-0.785,0],\"t\":[-10,-10,0],\"s\":[0.01,0.01,0.01]},\"children\":{}},\"s0_2_1\":{\"form\":{\"type\":\"'sphere.i3d'\",\"r\":5,\"color\":\"blue\",\"transparent\":true,\"opacity\":0.8},\"transform\":{\"e\":[0,0.785,0],\"t\":[10,10,0],\"s\":[0.01,0.01,0.01]},\"children\":{}}}}}}}"},
[22:16:20.202] "/a:/i3d-simple:simple_green/i2d-scene:disks0/base-skycube:test_cube/ui-msgbg:/shot-graft:scope21",
[22:16:20.203] "//////shot-graft:scope21",
[22:16:20.206] {"delta":{"timeline":{"p":{"repeat":0},"actors":{"i3d:cube0_2:scale":[{"dur":10,"p":{"x":1,"y":1,"z":1}}],"i3d:cube0_3:scale":[{"dur":10,"p":{"x":1,"y":1,"z":1}}]}},"branches":{"cube0_2":{"children":{"s0_2_0":{"form":{"type":"'sphere.i3d'","r":5,"color":"blue","transparent":true,"opacity":0.8},"transform":{"e":[0,-0.785,0],"t":[-10,-10,0],"s":[0.01,0.01,0.01]},"children":{}},"s0_2_1":{"form":{"type":"'sphere.i3d'","r":5,"color":"blue","transparent":true,"opacity":0.8},"transform":{"e":[0,0.785,0],"t":[10,10,0],"s":[0.01,0.01,0.01]},"children":{}}}}}}},
[22:16:30.055] {"t":"narrative","f":"shot","a":"shot-graft:{\"delta\":{\"timeline\":{\"p\":{\"repeat\":0},\"actors\":{\"i3d:s0_2_0:scale\":[{\"dur\":10,\"p\":{\"x\":1,\"y\":1,\"z\":1}}],\"i3d:s0_2_1:scale\":[{\"dur\":10,\"p\":{\"x\":1,\"y\":1,\"z\":1}}]}},\"branches\":{}}}"},
[22:16:30.074] "/a:/i3d-simple:simple_green/i2d-scene:disks0/base-skycube:test_cube/ui-msgbg:/shot-graft:scope22",
[22:16:30.075] "//////shot-graft:scope22",
[22:16:30.075] {"delta":{"timeline":{"p":{"repeat":0},"actors":{"i3d:s0_2_0:scale":[{"dur":10,"p":{"x":1,"y":1,"z":1}}],"i3d:s0_2_1:scale":[{"dur":10,"p":{"x":1,"y":1,"z":1}}]}},"branches":{}}},
[22:16:45.052] {"t":"camera3d","f":"panflyTo","a":{"r":0.7854,"d":4}},
[22:16:45.083] "/a:/i3d-simple:simple_green/i2d-scene:disks0/base-skycube:test_cube/ui-msgbg:/shot-anim:scope23",
[22:16:45.084] "//////shot-anim:scope23",
[22:16:45.085] {"delta":{"timeline":{"p":{"paused":true,"repeat":0},"actors":{"i3d:camera:rotation":[{"dur":4,"p":{"y":0.7854,"immediateRender":false}}]}}}},
[22:16:55.050] {"t":"narrative","f":"change_scene","a":"footprint"},
[22:16:57.078] "/footprint:/i3d-scene:scene1/i2d-empty:/escher:/ui-msgbg:/shot-fixed:",
[22:16:57.079] "/footprint:/i3d-scene:scene1/i2d-empty:/escher://shot-fixed:",
[22:16:57.080] {},
[22:17:10.050] {"t":"camera3d","f":"panflyTo","a":{"r":0.7854,"d":4}},
[22:17:10.079] "/footprint:/i3d-scene:scene1/i2d-empty:/escher:/ui-msgbg:/shot-anim:scope25",
[22:17:10.079] "//////shot-anim:scope25",
[22:17:10.080] {"delta":{"timeline":{"p":{"paused":true,"repeat":0},"actors":{"i3d:camera:rotation":[{"dur":4,"p":{"y":0.7854,"immediateRender":false}}]}}}},
[22:17:20.050] {"t":"camera3d","f":"tiltflyTo","a":{"r":0.7854,"d":4}},
[22:17:20.107] "/footprint:/i3d-scene:scene1/i2d-empty:/escher:/ui-msgbg:/shot-anim:scope26",
[22:17:20.107] "//////shot-anim:scope26",
[22:17:20.108] {"delta":{"timeline":{"p":{"paused":true,"repeat":0},"actors":{"i3d:camera:rotation":[{"dur":4,"p":{"x":0.7854,"immediateRender":false}}]}}}},
[22:17:35.051] {"t":"camera3d","f":"billboardsFaceCamera"},
[22:17:35.089] "/footprint:/i3d-scene:scene1/i2d-empty:/escher:/ui-msgbg:/shot-fixed:scope27",
[22:17:35.089] {"delta-t":"camera3d","f":"billboardsFaceCamera"},
[22:17:35.089] "//////shot-fixed:scope27",
[22:17:45.062] {"t":"camera3d","f":"tiltflyBy","a":{"r":-0.7854,"d":4}},
[22:17:45.091] "//////shot-anim:scope28",
[22:17:45.093] {"delta":{"timeline":{"p":{"paused":true,"repeat":0},"actors":{"i3d:camera:rotation":[{"dur":4,"p":{"x":0,"immediateRender":false}}]}}}},
[22:17:45.091] "/footprint:/i3d-scene:scene1/i2d-empty:/escher:/ui-msgbg:/shot-anim:scope28",
[22:18:00.052] {"t":"camera3d","f":"panflyBy","a":{"r":-0.7854,"d":4}},
[22:18:00.096] "/footprint:/i3d-scene:scene1/i2d-empty:/escher:/ui-msgbg:/shot-anim:scope29",
[22:18:00.096] "//////shot-anim:scope29",
[22:18:00.096] {"delta":{"timeline":{"p":{"paused":true,"repeat":0},"actors":{"i3d:camera:rotation":[{"dur":4,"p":{"y":0,"immediateRender":false}}]}}}},
[22:18:10.053] {"t":"narrative","f":"change_scene","a":"circle"},
[22:18:10.531] "/circle:/i3d-simple:simple_red/i2d-scene:disks0/base-skycube:test_cube/ui-msgbg:/shot-graft:a0",
[22:18:10.531] "/circle:/i3d-simple:simple_red/i2d-scene:disks0/base-skycube:test_cube//shot-graft:a0",
[22:18:10.532] {"delta":{"timeline":[{"id":"cube0_1","dur":10,"p":{"scale":[1,1,1]},"delay":2}],"branches":{"cube0":{"children":{"cube0_2":{"form":{"type":"'cube.i3d'","x":0,"y":0,"z":0,"textureurl":"./images/sky.jpg","w":20,"h":20,"d":20,"color":"blue","transparent":true,"opacity":1},"transform":{"t":[-20,-10,0],"s":[0.25,1,0.25]},"children":{}},"cube0_3":{"form":{"type":"'cube.i3d'","x":0,"y":-20,"z":0,"textureurl":"sky_jpg","w":20,"h":40,"d":20,"color":"blue","transparent":true,"opacity":1},"transform":{"t":[20,0,0],"s":[0.5,1,0.5]},"children":{}}}}}}},
[22:18:20.054] {"t":"narrative","f":"change_state","a":"/circle:/i3d-simple:simple_red/i2d-scene:mf2d0/base-skycube:test_cube/ui-msgbg:/shot-fixed:"},
[22:18:20.371] "/circle:/i3d-simple:simple_red/i2d-scene:mf2d0/base-skycube:test_cube/ui-msgbg:/shot-fixed:",
[22:18:20.371] "///i2d-scene:mf2d0///shot-fixed:",
[22:18:20.371] {},
[22:18:30.054] {"t":"narrative","f":"change_scene","a":"stocks"},
[22:18:32.251] "/stocks:/i3d-jsonmodels:phonghead_kfb/i2d-scene:defsuse0/grid:/ui-msgbg:/shot-fixed:",
[22:18:32.251] "/stocks:/i3d-jsonmodels:phonghead_kfb/i2d-scene:defsuse0/grid://",
[22:18:32.252] {},
[22:18:50.108] {"t":"narrative","f":"change_state","a":"///i2d-scene:mf2d0///"},
[22:18:50.515] "/stocks:/i3d-jsonmodels:phonghead_kfb/i2d-scene:mf2d0/grid:/ui-msgbg:/shot-fixed:",
[22:18:50.515] {},
[22:18:50.515] "///i2d-scene:mf2d0///",
[22:19:00.109] {"t":"camera3d","f":"panflyBy","a":{"r":-0.7854,"d":4}},
[22:19:00.178] "/stocks:/i3d-jsonmodels:phonghead_kfb/i2d-scene:mf2d0/grid:/ui-msgbg:/shot-anim:scope34",
[22:19:00.179] "//////shot-anim:scope34",
[22:19:00.179] {"delta":{"timeline":{"p":{"paused":true,"repeat":0},"actors":{"i3d:camera:rotation":[{"dur":4,"p":{"y":-0.7854,"immediateRender":false}}]}}}},
[22:19:15.109] {"t":"camera2d","f":"zoomflyBy","a":{"s":0.9,"d":3}},
[22:19:15.156] "/stocks:/i3d-jsonmodels:phonghead_kfb/i2d-scene:mf2d0/grid:/ui-msgbg:/shot-anim:scope35",
[22:19:15.156] "//////shot-anim:scope35",
[22:19:15.157] {"delta":{"timeline":{"p":{"paused":true,"repeat":0,"tweens":[]},"actors":{"i2d:zoom_plane":[{"dur":3,"p":{"scale":0.9,"svgOrigin":"0% 0%","immediateRender":false}}]}}}},
[22:19:30.111] {"t":"camera2d","f":"zoomflyTo","a":{"s":2,"d":3}},
[22:19:30.161] "/stocks:/i3d-jsonmodels:phonghead_kfb/i2d-scene:mf2d0/grid:/ui-msgbg:/shot-anim:scope36",
[22:19:30.161] "//////shot-anim:scope36",
[22:19:30.162] {"delta":{"timeline":{"p":{"paused":true,"repeat":0,"tweens":[]},"actors":{"i2d:zoom_plane":[{"dur":3,"p":{"scale":2,"svgOrigin":"0% 0%","immediateRender":false}}]}}}},
[22:19:45.111] {"t":"camera2d","f":"zoomflyTo","a":{"s":0.5,"d":3}},
[22:19:45.160] "//////shot-anim:scope37",
[22:19:45.161] {"delta":{"timeline":{"p":{"paused":true,"repeat":0,"tweens":[]},"actors":{"i2d:zoom_plane":[{"dur":3,"p":{"scale":0.5,"svgOrigin":"0% 0%","immediateRender":false}}]}}}},
[22:19:45.160] "/stocks:/i3d-jsonmodels:phonghead_kfb/i2d-scene:mf2d0/grid:/ui-msgbg:/shot-anim:scope37",
[22:19:55.110] {"t":"camera2d","f":"dollyflyTo","a":{"x":20,"d":3}},
[22:19:55.159] "/stocks:/i3d-jsonmodels:phonghead_kfb/i2d-scene:mf2d0/grid:/ui-msgbg:/shot-anim:scope38",
[22:19:55.159] "//////shot-anim:scope38",
[22:19:55.159] {"delta":{"timeline":{"p":{"paused":true,"repeat":0,"tweens":[]},"actors":{"i2d:plane":[{"dur":3,"p":{"x":20,"y":0,"immediateRender":false}}]}}}},
[22:20:05.111] {"t":"camera2d","f":"center","a":{"d":3}},
[22:20:05.138] "/stocks:/i3d-jsonmodels:phonghead_kfb/i2d-scene:mf2d0/grid:/ui-msgbg:/shot-anim:scope39",
[22:20:05.138] "//////shot-anim:scope39",
[22:20:05.138] {"delta":{"timeline":{"p":{"paused":true,"repeat":0},"actors":{"i2d:plane":[{"dur":3,"p":{"x":0,"y":0,"immediateRender":false}}],"i2d:zoom_plane":[{"dur":3,"p":{"rotation":0,"svgOrigin":"0% 0%","immediateRender":false}}]}}}},
[22:20:20.111] {"t":"camera2d","f":"home","a":{"d":3}},
[22:20:20.146] "/stocks:/i3d-jsonmodels:phonghead_kfb/i2d-scene:mf2d0/grid:/ui-msgbg:/shot-anim:scope40",
[22:20:20.147] "//////shot-anim:scope40",
[22:20:20.147] {"delta":{"timeline":{"p":{"paused":true,"repeat":0},"actors":{"i2d:plane":[{"dur":3,"p":{"x":0,"y":0,"immediateRender":false}}],"i2d:zoom_plane":[{"dur":3,"p":{"rotation":0,"scale":1,"svgOrigin":"0% 0%","immediateRender":false}}]}}}},
[22:20:30.116] {"t":"camera2d","f":"rollflyTo","a":{"r":-90,"d":3}},
[22:20:30.159] "/stocks:/i3d-jsonmodels:phonghead_kfb/i2d-scene:mf2d0/grid:/ui-msgbg:/shot-anim:scope41",
[22:20:30.159] "//////shot-anim:scope41",
[22:20:30.159] {"delta":{"timeline":{"p":{"paused":true,"repeat":0,"tweens":[]},"actors":{"i2d:zoom_plane":[{"dur":3,"p":{"rotation":-90,"svgOrigin":"0% 0%","immediateRender":false}}]}}}},
[22:20:45.122] {"t":"camera2d","f":"rollflyBy","a":{"r":45,"d":3}},
[22:20:45.155] "//////shot-anim:scope42",
[22:20:45.155] {"delta":{"timeline":{"p":{"paused":true,"repeat":0,"tweens":[]},"actors":{"i2d:zoom_plane":[{"dur":3,"p":{"rotation":-45,"svgOrigin":"0% 0%","immediateRender":false}}]}}}},
[22:20:45.155] "/stocks:/i3d-jsonmodels:phonghead_kfb/i2d-scene:mf2d0/grid:/ui-msgbg:/shot-anim:scope42",
[22:21:00.123] {"t":"camera2d","f":"rollflyBy","a":{"r":45,"d":3}},
[22:21:00.172] "/stocks:/i3d-jsonmodels:phonghead_kfb/i2d-scene:mf2d0/grid:/ui-msgbg:/shot-anim:scope43",
[22:21:00.173] "//////shot-anim:scope43",
[22:21:00.173] {"delta":{"timeline":{"p":{"paused":true,"repeat":0,"tweens":[]},"actors":{"i2d:zoom_plane":[{"dur":3,"p":{"rotation":0,"svgOrigin":"0% 0%","immediateRender":false}}]}}}},
[22:21:10.123] {"t":"camera2d","f":"dollyflyTo","a":{"x":20,"d":3}},
[22:21:10.172] "//////shot-anim:scope44",
[22:21:10.172] "/stocks:/i3d-jsonmodels:phonghead_kfb/i2d-scene:mf2d0/grid:/ui-msgbg:/shot-anim:scope44",
[22:21:10.173] {"delta":{"timeline":{"p":{"paused":true,"repeat":0,"tweens":[]},"actors":{"i2d:plane":[{"dur":3,"p":{"x":20,"y":0,"immediateRender":false}}]}}}},
[22:21:25.124] {"t":"camera2d","f":"dollyflyTo","a":{"y":20,"d":3}},
[22:21:25.163] {"delta":{"timeline":{"p":{"paused":true,"repeat":0,"tweens":[]},"actors":{"i2d:plane":[{"dur":3,"p":{"x":20,"y":-20,"immediateRender":false}}]}}}},
[22:21:25.162] "/stocks:/i3d-jsonmodels:phonghead_kfb/i2d-scene:mf2d0/grid:/ui-msgbg:/shot-anim:scope45",
[22:21:25.163] "//////shot-anim:scope45",
[22:21:35.123] {"t":"camera2d","f":"dollyflyTo","a":{"x":0,"d":3}},
[22:21:35.166] "/stocks:/i3d-jsonmodels:phonghead_kfb/i2d-scene:mf2d0/grid:/ui-msgbg:/shot-anim:scope46",
[22:21:35.168] {"delta":{"timeline":{"p":{"paused":true,"repeat":0,"tweens":[]},"actors":{"i2d:plane":[{"dur":3,"p":{"x":0,"y":-20,"immediateRender":false}}]}}}},
[22:21:35.167] "//////shot-anim:scope46",
[22:21:50.137] {"t":"camera2d","f":"dollyflyTo","a":{"y":-40,"d":3}},
[22:21:50.162] "/stocks:/i3d-jsonmodels:phonghead_kfb/i2d-scene:mf2d0/grid:/ui-msgbg:/shot-anim:scope47",
[22:21:50.162] "//////shot-anim:scope47",
[22:21:50.163] {"delta":{"timeline":{"p":{"paused":true,"repeat":0,"tweens":[]},"actors":{"i2d:plane":[{"dur":3,"p":{"x":0,"y":40,"immediateRender":false}}]}}}},
[22:22:05.124] {"t":"camera2d","f":"dollyflyTo","a":{"x":20,"d":3}},
[22:22:05.162] {"delta":{"timeline":{"p":{"paused":true,"repeat":0,"tweens":[]},"actors":{"i2d:plane":[{"dur":3,"p":{"x":20,"y":40,"immediateRender":false}}]}}}},
[22:22:05.161] "/stocks:/i3d-jsonmodels:phonghead_kfb/i2d-scene:mf2d0/grid:/ui-msgbg:/shot-anim:scope48",
[22:22:05.162] "//////shot-anim:scope48",
[22:22:20.123] {"t":"camera2d","f":"dollyflyTo","a":{"x":0,"d":3}},
[22:22:20.164] "/stocks:/i3d-jsonmodels:phonghead_kfb/i2d-scene:mf2d0/grid:/ui-msgbg:/shot-anim:scope49",
[22:22:20.164] "//////shot-anim:scope49",
[22:22:20.164] {"delta":{"timeline":{"p":{"paused":true,"repeat":0,"tweens":[]},"actors":{"i2d:plane":[{"dur":3,"p":{"x":0,"y":40,"immediateRender":false}}]}}}},
