[23:01:30.555] {"t":"camera3d","f":"panflyTo","a":{"r":-0.7854,"d":3}},
[23:01:30.570] "/metaweb:/i3d-empty:/i2d-reflect:/empty:/ui-msgbg:/shot-anim:scope0",
[23:01:30.570] "//////shot-anim:scope0",
[23:01:30.570] {"delta":{"timeline":{"p":{"paused":true,"repeat":0},"actors":{"i3d:camera:rotation":[{"dur":3,"p":{"y":-0.7854,"immediateRender":false}}]}}}},
[23:01:45.549] {"t":"camera3d","f":"lookAt"},
[23:01:45.563] "/metaweb:/i3d-empty:/i2d-reflect:/empty:/ui-msgbg:/shot-fixed:scope1",
[23:01:45.563] "//////shot-fixed:scope1",
[23:01:45.563] {"delta-t":"camera3d","f":"lookAt","a":{}},
[23:02:00.554] {"t":"camera3d","f":"panflyTo","a":{"r":-0.7854,"d":3}},
[23:02:00.569] "/metaweb:/i3d-empty:/i2d-reflect:/empty:/ui-msgbg:/shot-anim:scope2",
[23:02:00.569] "//////shot-anim:scope2",
[23:02:00.569] {"delta":{"timeline":{"p":{"paused":true,"repeat":0},"actors":{"i3d:camera:rotation":[{"dur":3,"p":{"y":-0.7854,"immediateRender":false}}]}}}},
[23:02:15.555] {"t":"camera3d","f":"home","a":{"d":3}},
[23:02:15.571] "/metaweb:/i3d-empty:/i2d-reflect:/empty:/ui-msgbg:/shot-anim:scope3",
[23:02:15.571] "//////shot-anim:scope3",
[23:02:15.575] {"delta":{"timeline":{"p":{"paused":true,"repeat":0},"actors":{"i3d:camera:rotation":[{"dur":3,"p":{"x":0,"y":0,"z":0,"immediateRender":false}}],"i3d:csphere:position":[{"dur":3,"p":{"x":0,"y":0,"z":0,"immediateRender":false}}],"i3d:csphere:scale":[{"dur":3,"p":{"x":1,"y":1,"z":1,"immediateRender":false}}],"i3d:csphere:rotation":[{"dur":3,"p":{"x":0,"y":0,"z":0,"immediateRender":false}}],"i2d:plane":[{"dur":3,"p":{"x":0,"y":0,"immediateRender":false}}],"i2d:zoom_plane":[{"dur":3,"p":{"rotation":0,"scale":1,"svgOrigin":"0% 0%","immediateRender":false}}]}}}},
[23:02:25.554] {"t":"camera3d","f":"panflyTo","a":{"r":0,"d":3}},
[23:02:25.573] "/metaweb:/i3d-empty:/i2d-reflect:/empty:/ui-msgbg:/shot-anim:scope4",
[23:02:25.573] "//////shot-anim:scope4",
[23:02:25.574] {"delta":{"timeline":{"p":{"paused":true,"repeat":0},"actors":{"i3d:camera:rotation":[{"dur":3,"p":{"y":0,"immediateRender":false}}]}}}},
[23:02:40.555] {"t":"narrative","f":"change_scene","a":"a"},
[23:02:40.916] "/a:/i3d-simple:simple_green/i2d-scene:disks0/base-skycube:test_cube/ui-msgbg:/shot-fixed:",
[23:02:40.916] "/a:/i3d-simple:simple_green/i2d-scene:disks0/base-skycube:test_cube//shot-fixed:",
[23:02:40.916] {},
[23:02:55.554] {"t":"narrative","f":"change_scene","a":"a0"},
[23:02:55.709] "/a0:/i3d-simple:simple_green/i2d-scene:disks0/base-skycube:test_cube/ui-msgbg:/shot-graft:scope6",
[23:02:55.709] "/a0://///shot-graft:scope6",
[23:02:55.713] {"delta":{"timeline":{"p":{"repeat":0},"actors":{"i3d:cube0:scale":[{"dur":10,"p":{"x":0.5,"y":0.5,"z":0.5}}]}},"branches":{"cube0":{"children":{"cube0_2":{"form":{"type":"'cube.i3d'","x":0,"y":0,"z":0,"textureurl":"./images/sky.jpg","w":5,"h":10,"d":10,"color":"blue","transparent":true,"opacity":1},"transform":{"t":[-20,-10,0],"s":[0.01,0.01,0.01]},"children":{}},"cube0_3":{"form":{"type":"'cube.i3d'","x":0,"y":-20,"z":0,"textureurl":"sky_jpg","w":5,"h":10,"d":10,"color":"blue","transparent":true,"opacity":1},"transform":{"t":[20,0,0],"s":[0.01,0.01,0.01]},"children":{}}}}}}},
[23:03:10.557] {"t":"narrative","f":"change_scene","a":"a1"},
[23:03:10.727] "/a1:/i3d-simple:simple_green/i2d-scene:disks0/base-skycube:test_cube/ui-msgbg:/shot-graft:scope7",
[23:03:10.727] "/a1://///shot-graft:scope7",
[23:03:10.728] {"delta":{"timeline":{"p":{"repeat":0},"actors":{"i3d:cube0_2:scale":[{"dur":10,"p":{"x":1,"y":1,"z":1}}],"i3d:cube0_3:scale":[{"dur":10,"p":{"x":1,"y":1,"z":1}}]}},"branches":{"cube0_2":{"children":{"s0_2_0":{"form":{"type":"'sphere.i3d'","r":5,"color":"blue","transparent":true,"opacity":0.8},"transform":{"e":[0,-0.785,0],"t":[-10,-10,0],"s":[0.01,0.01,0.01]},"children":{}},"s0_2_1":{"form":{"type":"'sphere.i3d'","r":5,"color":"blue","transparent":true,"opacity":0.8},"transform":{"e":[0,0.785,0],"t":[10,10,0],"s":[0.01,0.01,0.01]},"children":{}}}}}}},
[23:03:25.558] {"t":"narrative","f":"change_scene","a":"a2"},
[23:03:25.583] "/a2:/i3d-simple:simple_green/i2d-scene:disks0/base-skycube:test_cube/ui-msgbg:/shot-graft:scope8",
[23:03:25.584] "/a2://///shot-graft:scope8",
[23:03:25.585] {"delta":{"timeline":{"p":{"repeat":0},"actors":{"i3d:s0_2_0:scale":[{"dur":10,"p":{"x":1,"y":1,"z":1}}],"i3d:s0_2_1:scale":[{"dur":10,"p":{"x":1,"y":1,"z":1}}]}},"branches":{}}},
[23:03:35.556] {"t":"camera3d","f":"dollyflyTo","a":{"x":10,"y":10,"z":-20,"d":4}},
[23:03:35.585] "/a2:/i3d-simple:simple_green/i2d-scene:disks0/base-skycube:test_cube/ui-msgbg:/shot-anim:scope9",
[23:03:35.586] "//////shot-anim:scope9",
[23:03:35.587] {"delta":{"timeline":{"p":{"paused":true,"repeat":0},"actors":{"i3d:csphere:position":[{"dur":4,"p":{"x":10,"y":10,"z":-20,"immediateRender":false}}]}}}},
[23:03:45.556] {"t":"narrative","f":"change_scene","a":"payments"},
[23:03:46.891] "/payments:/i3d-simple:phong_head_sphere_kfb/i2d-empty:/black:/ui-msgbg:/shot-fixed:",
[23:03:46.892] "/payments:/i3d-simple:phong_head_sphere_kfb/i2d-empty:/black://shot-fixed:",
[23:03:46.892] {},
[23:04:00.558] {"t":"camera3d","f":"toggle_csphere","a":{"val":false}},
[23:04:00.587] "/payments:/i3d-simple:phong_head_sphere_kfb/i2d-empty:/black:/ui-msgbg:/shot-fixed:scope11",
[23:04:00.588] "//////shot-fixed:scope11",
[23:04:00.588] {"delta-t":"camera3d","f":"toggle_csphere","a":false},
[23:04:15.560] {"t":"camera3d","f":"toggle_csphere","a":{"val":true}},
[23:04:15.577] "/payments:/i3d-simple:phong_head_sphere_kfb/i2d-empty:/black:/ui-msgbg:/shot-fixed:scope12",
[23:04:15.578] "//////shot-fixed:scope12",
[23:04:15.578] {"delta-t":"camera3d","f":"toggle_csphere","a":true},
[23:04:25.562] {"t":"camera3d","f":"toggle_light","a":{"name":"key","val":false}},
[23:04:25.580] "/payments:/i3d-simple:phong_head_sphere_kfb/i2d-empty:/black:/ui-msgbg:/shot-fixed:scope13",
[23:04:25.582] "//////shot-fixed:scope13",
[23:04:25.582] {"delta-t":"camera3d","f":"toggle_light","a":{"name":"key","val":false}},
[23:04:40.561] {"t":"camera3d","f":"toggle_light","a":{"name":"fill","val":false}},
[23:04:40.594] "/payments:/i3d-simple:phong_head_sphere_kfb/i2d-empty:/black:/ui-msgbg:/shot-fixed:scope14",
[23:04:40.595] "//////shot-fixed:scope14",
[23:04:40.595] {"delta-t":"camera3d","f":"toggle_light","a":{"name":"fill","val":false}},
[23:04:50.561] {"t":"camera3d","f":"toggle_light","a":{"name":"back","val":false}},
[23:04:50.589] "/payments:/i3d-simple:phong_head_sphere_kfb/i2d-empty:/black:/ui-msgbg:/shot-fixed:scope15",
[23:04:50.589] "//////shot-fixed:scope15",
[23:04:50.589] {"delta-t":"camera3d","f":"toggle_light","a":{"name":"back","val":false}},
[23:05:00.560] {"t":"camera3d","f":"toggle_light","a":{"name":"key","val":true}},
[23:05:00.589] "/payments:/i3d-simple:phong_head_sphere_kfb/i2d-empty:/black:/ui-msgbg:/shot-fixed:scope16",
[23:05:00.590] {"delta-t":"camera3d","f":"toggle_light","a":{"name":"key","val":true}},
[23:05:00.589] "//////shot-fixed:scope16",
[23:05:15.562] {"t":"camera3d","f":"toggle_light","a":{"name":"fill","val":true}},
[23:05:15.599] "/payments:/i3d-simple:phong_head_sphere_kfb/i2d-empty:/black:/ui-msgbg:/shot-fixed:scope17",
[23:05:15.600] "//////shot-fixed:scope17",
[23:05:15.600] {"delta-t":"camera3d","f":"toggle_light","a":{"name":"fill","val":true}},
[23:05:25.563] {"t":"camera3d","f":"toggle_light","a":{"name":"back","val":true}},
[23:05:25.595] "/payments:/i3d-simple:phong_head_sphere_kfb/i2d-empty:/black:/ui-msgbg:/shot-fixed:scope18",
[23:05:25.595] "//////shot-fixed:scope18",
[23:05:25.596] {"delta-t":"camera3d","f":"toggle_light","a":{"name":"back","val":true}},
[23:05:35.562] {"t":"narrative","f":"change_scene","a":"a"},
[23:05:35.939] "/a:/i3d-simple:simple_green/i2d-scene:disks0/base-skycube:test_cube/ui-msgbg:/shot-fixed:",
[23:05:35.940] "/a:/i3d-simple:simple_green/i2d-scene:disks0/base-skycube:test_cube//shot-fixed:",
[23:05:35.942] {},
[23:05:50.564] {"t":"narrative","f":"shot","a":"shot-graft:{\"delta\":{\"timeline\":{\"p\":{\"repeat\":0},\"actors\":{\"i3d:cube0:scale\":[{\"dur\":10,\"p\":{\"x\":0.5,\"y\":0.5,\"z\":0.5}}]}},\"branches\":{\"cube0\":{\"children\":{\"cube0_2\":{\"form\":{\"type\":\"'cube.i3d'\",\"x\":0,\"y\":0,\"z\":0,\"textureurl\":\"./images/sky.jpg\",\"w\":5,\"h\":10,\"d\":10,\"color\":\"blue\",\"transparent\":true,\"opacity\":1},\"transform\":{\"t\":[-20,-10,0],\"s\":[0.01,0.01,0.01]},\"children\":{}},\"cube0_3\":{\"form\":{\"type\":\"'cube.i3d'\",\"x\":0,\"y\":-20,\"z\":0,\"textureurl\":\"sky_jpg\",\"w\":5,\"h\":10,\"d\":10,\"color\":\"blue\",\"transparent\":true,\"opacity\":1},\"transform\":{\"t\":[20,0,0],\"s\":[0.01,0.01,0.01]},\"children\":{}}}}}}}"},
[23:05:50.802] "/a:/i3d-simple:simple_green/i2d-scene:disks0/base-skycube:test_cube/ui-msgbg:/shot-graft:scope20",
[23:05:50.803] {"delta":{"timeline":{"p":{"repeat":0},"actors":{"i3d:cube0:scale":[{"dur":10,"p":{"x":0.5,"y":0.5,"z":0.5}}]}},"branches":{"cube0":{"children":{"cube0_2":{"form":{"type":"'cube.i3d'","x":0,"y":0,"z":0,"textureurl":"./images/sky.jpg","w":5,"h":10,"d":10,"color":"blue","transparent":true,"opacity":1},"transform":{"t":[-20,-10,0],"s":[0.01,0.01,0.01]},"children":{}},"cube0_3":{"form":{"type":"'cube.i3d'","x":0,"y":-20,"z":0,"textureurl":"sky_jpg","w":5,"h":10,"d":10,"color":"blue","transparent":true,"opacity":1},"transform":{"t":[20,0,0],"s":[0.01,0.01,0.01]},"children":{}}}}}}},
[23:05:50.803] "//////shot-graft:scope20",
[23:06:05.566] {"t":"narrative","f":"shot","a":"shot-graft:{\"delta\":{\"timeline\":{\"p\":{\"repeat\":0},\"actors\":{\"i3d:cube0_2:scale\":[{\"dur\":10,\"p\":{\"x\":1,\"y\":1,\"z\":1}}],\"i3d:cube0_3:scale\":[{\"dur\":10,\"p\":{\"x\":1,\"y\":1,\"z\":1}}]}},\"branches\":{\"cube0_2\":{\"children\":{\"s0_2_0\":{\"form\":{\"type\":\"'sphere.i3d'\",\"r\":5,\"color\":\"blue\",\"transparent\":true,\"opacity\":0.8},\"transform\":{\"e\":[0,-0.785,0],\"t\":[-10,-10,0],\"s\":[0.01,0.01,0.01]},\"children\":{}},\"s0_2_1\":{\"form\":{\"type\":\"'sphere.i3d'\",\"r\":5,\"color\":\"blue\",\"transparent\":true,\"opacity\":0.8},\"transform\":{\"e\":[0,0.785,0],\"t\":[10,10,0],\"s\":[0.01,0.01,0.01]},\"children\":{}}}}}}}"},
[23:06:05.780] "/a:/i3d-simple:simple_green/i2d-scene:disks0/base-skycube:test_cube/ui-msgbg:/shot-graft:scope21",
[23:06:05.781] "//////shot-graft:scope21",
[23:06:05.781] {"delta":{"timeline":{"p":{"repeat":0},"actors":{"i3d:cube0_2:scale":[{"dur":10,"p":{"x":1,"y":1,"z":1}}],"i3d:cube0_3:scale":[{"dur":10,"p":{"x":1,"y":1,"z":1}}]}},"branches":{"cube0_2":{"children":{"s0_2_0":{"form":{"type":"'sphere.i3d'","r":5,"color":"blue","transparent":true,"opacity":0.8},"transform":{"e":[0,-0.785,0],"t":[-10,-10,0],"s":[0.01,0.01,0.01]},"children":{}},"s0_2_1":{"form":{"type":"'sphere.i3d'","r":5,"color":"blue","transparent":true,"opacity":0.8},"transform":{"e":[0,0.785,0],"t":[10,10,0],"s":[0.01,0.01,0.01]},"children":{}}}}}}},
[23:06:15.559] {"t":"narrative","f":"shot","a":"shot-graft:{\"delta\":{\"timeline\":{\"p\":{\"repeat\":0},\"actors\":{\"i3d:s0_2_0:scale\":[{\"dur\":10,\"p\":{\"x\":1,\"y\":1,\"z\":1}}],\"i3d:s0_2_1:scale\":[{\"dur\":10,\"p\":{\"x\":1,\"y\":1,\"z\":1}}]}},\"branches\":{}}}"},
[23:06:15.591] "/a:/i3d-simple:simple_green/i2d-scene:disks0/base-skycube:test_cube/ui-msgbg:/shot-graft:scope22",
[23:06:15.593] "//////shot-graft:scope22",
[23:06:15.596] {"delta":{"timeline":{"p":{"repeat":0},"actors":{"i3d:s0_2_0:scale":[{"dur":10,"p":{"x":1,"y":1,"z":1}}],"i3d:s0_2_1:scale":[{"dur":10,"p":{"x":1,"y":1,"z":1}}]}},"branches":{}}},
[23:06:30.593] {"t":"camera3d","f":"panflyTo","a":{"r":0.7854,"d":4}},
[23:06:30.619] "/a:/i3d-simple:simple_green/i2d-scene:disks0/base-skycube:test_cube/ui-msgbg:/shot-anim:scope23",
[23:06:30.620] "//////shot-anim:scope23",
[23:06:30.620] {"delta":{"timeline":{"p":{"paused":true,"repeat":0},"actors":{"i3d:camera:rotation":[{"dur":4,"p":{"y":0.7854,"immediateRender":false}}]}}}},
[23:06:40.595] {"t":"narrative","f":"change_scene","a":"footprint"},
[23:06:43.895] "/footprint:/i3d-scene:scene1/i2d-empty:/escher://shot-fixed:",
[23:06:43.894] "/footprint:/i3d-scene:scene1/i2d-empty:/escher:/ui-msgbg:/shot-fixed:",
[23:06:43.896] {},
[23:06:55.596] {"t":"camera3d","f":"panflyTo","a":{"r":0.7854,"d":4}},
[23:06:55.655] "/footprint:/i3d-scene:scene1/i2d-empty:/escher:/ui-msgbg:/shot-anim:scope25",
[23:06:55.655] "//////shot-anim:scope25",
[23:06:55.656] {"delta":{"timeline":{"p":{"paused":true,"repeat":0},"actors":{"i3d:camera:rotation":[{"dur":4,"p":{"y":0.7854,"immediateRender":false}}]}}}},
[23:07:10.597] {"t":"camera3d","f":"tiltflyTo","a":{"r":0.7854,"d":4}},
[23:07:10.685] "/footprint:/i3d-scene:scene1/i2d-empty:/escher:/ui-msgbg:/shot-anim:scope26",
[23:07:10.685] "//////shot-anim:scope26",
[23:07:10.686] {"delta":{"timeline":{"p":{"paused":true,"repeat":0},"actors":{"i3d:camera:rotation":[{"dur":4,"p":{"x":0.7854,"immediateRender":false}}]}}}},
[23:07:25.596] {"t":"camera3d","f":"billboardsFaceCamera"},
[23:07:25.650] "/footprint:/i3d-scene:scene1/i2d-empty:/escher:/ui-msgbg:/shot-fixed:scope27",
[23:07:25.651] "//////shot-fixed:scope27",
[23:07:25.651] {"delta-t":"camera3d","f":"billboardsFaceCamera"},
[23:07:35.597] {"t":"camera3d","f":"tiltflyBy","a":{"r":-0.7854,"d":4}},
[23:07:35.653] "/footprint:/i3d-scene:scene1/i2d-empty:/escher:/ui-msgbg:/shot-anim:scope28",
[23:07:35.653] "//////shot-anim:scope28",
[23:07:35.653] {"delta":{"timeline":{"p":{"paused":true,"repeat":0},"actors":{"i3d:camera:rotation":[{"dur":4,"p":{"x":0,"immediateRender":false}}]}}}},
[23:07:50.605] {"t":"camera3d","f":"panflyBy","a":{"r":-0.7854,"d":4}},
[23:07:50.658] "/footprint:/i3d-scene:scene1/i2d-empty:/escher:/ui-msgbg:/shot-anim:scope29",
[23:07:50.658] "//////shot-anim:scope29",
[23:07:50.658] {"delta":{"timeline":{"p":{"paused":true,"repeat":0},"actors":{"i3d:camera:rotation":[{"dur":4,"p":{"y":0,"immediateRender":false}}]}}}},
[23:08:00.607] {"t":"narrative","f":"change_scene","a":"circle"},
[23:08:01.205] "/circle:/i3d-simple:simple_red/i2d-scene:disks0/base-skycube:test_cube/ui-msgbg:/shot-graft:a0",
[23:08:01.206] "/circle:/i3d-simple:simple_red/i2d-scene:disks0/base-skycube:test_cube//shot-graft:a0",
[23:08:01.207] {"delta":{"timeline":[{"id":"cube0_1","dur":10,"p":{"scale":[1,1,1]},"delay":2}],"branches":{"cube0":{"children":{"cube0_2":{"form":{"type":"'cube.i3d'","x":0,"y":0,"z":0,"textureurl":"./images/sky.jpg","w":20,"h":20,"d":20,"color":"blue","transparent":true,"opacity":1},"transform":{"t":[-20,-10,0],"s":[0.25,1,0.25]},"children":{}},"cube0_3":{"form":{"type":"'cube.i3d'","x":0,"y":-20,"z":0,"textureurl":"sky_jpg","w":20,"h":40,"d":20,"color":"blue","transparent":true,"opacity":1},"transform":{"t":[20,0,0],"s":[0.5,1,0.5]},"children":{}}}}}}},
[23:08:15.608] {"t":"narrative","f":"change_state","a":"/circle:/i3d-simple:simple_red/i2d-scene:mf2d0/base-skycube:test_cube/ui-msgbg:/shot-fixed:"},
[23:08:16.042] "/circle:/i3d-simple:simple_red/i2d-scene:mf2d0/base-skycube:test_cube/ui-msgbg:/shot-fixed:",
[23:08:16.042] "///i2d-scene:mf2d0///shot-fixed:",
[23:08:16.042] {},
[23:08:25.609] {"t":"narrative","f":"change_scene","a":"stocks"},
[23:08:27.310] "/stocks:/i3d-jsonmodels:phonghead_kfb/i2d-scene:defsuse0/grid:/ui-msgbg:/shot-fixed:",
[23:08:27.310] "/stocks:/i3d-jsonmodels:phonghead_kfb/i2d-scene:defsuse0/grid://",
[23:08:27.311] {},
[23:08:40.609] {"t":"narrative","f":"change_state","a":"///i2d-scene:mf2d0///"},
[23:08:41.019] "/stocks:/i3d-jsonmodels:phonghead_kfb/i2d-scene:mf2d0/grid:/ui-msgbg:/shot-fixed:",
[23:08:41.019] "///i2d-scene:mf2d0///",
[23:08:41.020] {},
[23:08:50.609] {"t":"camera3d","f":"panflyBy","a":{"r":-0.7854,"d":4}},
[23:08:50.677] "/stocks:/i3d-jsonmodels:phonghead_kfb/i2d-scene:mf2d0/grid:/ui-msgbg:/shot-anim:scope34",
[23:08:50.677] "//////shot-anim:scope34",
[23:08:50.679] {"delta":{"timeline":{"p":{"paused":true,"repeat":0},"actors":{"i3d:camera:rotation":[{"dur":4,"p":{"y":-0.7854,"immediateRender":false}}]}}}},
[23:09:05.611] {"t":"camera2d","f":"zoomflyBy","a":{"s":0.9,"d":3}},
[23:09:05.633] "/stocks:/i3d-jsonmodels:phonghead_kfb/i2d-scene:mf2d0/grid:/ui-msgbg:/shot-anim:scope35",
[23:09:05.634] "//////shot-anim:scope35",
[23:09:05.634] {"delta":{"timeline":{"p":{"paused":true,"repeat":0,"tweens":[]},"actors":{"i2d:zoom_plane":[{"dur":3,"p":{"scale":0.9,"svgOrigin":"0% 0%","immediateRender":false}}]}}}},
[23:09:20.609] {"t":"camera2d","f":"zoomflyTo","a":{"s":2,"d":3}},
[23:09:20.653] "/stocks:/i3d-jsonmodels:phonghead_kfb/i2d-scene:mf2d0/grid:/ui-msgbg:/shot-anim:scope36",
[23:09:20.654] "//////shot-anim:scope36",
[23:09:20.654] {"delta":{"timeline":{"p":{"paused":true,"repeat":0,"tweens":[]},"actors":{"i2d:zoom_plane":[{"dur":3,"p":{"scale":2,"svgOrigin":"0% 0%","immediateRender":false}}]}}}},
[23:09:35.612] {"t":"camera2d","f":"zoomflyTo","a":{"s":0.5,"d":3}},
[23:09:35.647] "//////shot-anim:scope37",
[23:09:35.647] {"delta":{"timeline":{"p":{"paused":true,"repeat":0,"tweens":[]},"actors":{"i2d:zoom_plane":[{"dur":3,"p":{"scale":0.5,"svgOrigin":"0% 0%","immediateRender":false}}]}}}},
[23:09:35.645] "/stocks:/i3d-jsonmodels:phonghead_kfb/i2d-scene:mf2d0/grid:/ui-msgbg:/shot-anim:scope37",
[23:09:50.612] {"t":"camera2d","f":"dollyflyTo","a":{"x":20,"d":3}},
[23:09:50.667] "/stocks:/i3d-jsonmodels:phonghead_kfb/i2d-scene:mf2d0/grid:/ui-msgbg:/shot-anim:scope38",
[23:09:50.667] "//////shot-anim:scope38",
[23:09:50.668] {"delta":{"timeline":{"p":{"paused":true,"repeat":0,"tweens":[]},"actors":{"i2d:plane":[{"dur":3,"p":{"x":20,"y":0,"immediateRender":false}}]}}}},
[23:10:05.613] {"t":"camera2d","f":"center","a":{"d":3}},
[23:10:05.641] "/stocks:/i3d-jsonmodels:phonghead_kfb/i2d-scene:mf2d0/grid:/ui-msgbg:/shot-anim:scope39",
[23:10:05.641] "//////shot-anim:scope39",
[23:10:05.641] {"delta":{"timeline":{"p":{"paused":true,"repeat":0},"actors":{"i2d:plane":[{"dur":3,"p":{"x":0,"y":0,"immediateRender":false}}],"i2d:zoom_plane":[{"dur":3,"p":{"rotation":0,"svgOrigin":"0% 0%","immediateRender":false}}]}}}},
[23:10:15.615] {"t":"camera2d","f":"home","a":{"d":3}},
[23:10:15.645] "/stocks:/i3d-jsonmodels:phonghead_kfb/i2d-scene:mf2d0/grid:/ui-msgbg:/shot-anim:scope40",
[23:10:15.646] "//////shot-anim:scope40",
[23:10:15.646] {"delta":{"timeline":{"p":{"paused":true,"repeat":0},"actors":{"i2d:plane":[{"dur":3,"p":{"x":0,"y":0,"immediateRender":false}}],"i2d:zoom_plane":[{"dur":3,"p":{"rotation":0,"scale":1,"svgOrigin":"0% 0%","immediateRender":false}}]}}}},
[23:10:30.615] {"t":"camera2d","f":"rollflyTo","a":{"r":-90,"d":3}},
[23:10:30.650] "/stocks:/i3d-jsonmodels:phonghead_kfb/i2d-scene:mf2d0/grid:/ui-msgbg:/shot-anim:scope41",
[23:10:30.651] "//////shot-anim:scope41",
[23:10:30.651] {"delta":{"timeline":{"p":{"paused":true,"repeat":0,"tweens":[]},"actors":{"i2d:zoom_plane":[{"dur":3,"p":{"rotation":-90,"svgOrigin":"0% 0%","immediateRender":false}}]}}}},
[23:10:40.617] {"t":"camera2d","f":"rollflyBy","a":{"r":45,"d":3}},
[23:10:40.650] "/stocks:/i3d-jsonmodels:phonghead_kfb/i2d-scene:mf2d0/grid:/ui-msgbg:/shot-anim:scope42",
[23:10:40.651] "//////shot-anim:scope42",
[23:10:40.651] {"delta":{"timeline":{"p":{"paused":true,"repeat":0,"tweens":[]},"actors":{"i2d:zoom_plane":[{"dur":3,"p":{"rotation":-45,"svgOrigin":"0% 0%","immediateRender":false}}]}}}},
[23:10:55.617] {"t":"camera2d","f":"rollflyBy","a":{"r":45,"d":3}},
[23:10:55.672] "/stocks:/i3d-jsonmodels:phonghead_kfb/i2d-scene:mf2d0/grid:/ui-msgbg:/shot-anim:scope43",
[23:10:55.672] "//////shot-anim:scope43",
[23:10:55.673] {"delta":{"timeline":{"p":{"paused":true,"repeat":0,"tweens":[]},"actors":{"i2d:zoom_plane":[{"dur":3,"p":{"rotation":0,"svgOrigin":"0% 0%","immediateRender":false}}]}}}},
[23:11:10.622] {"t":"camera2d","f":"dollyflyTo","a":{"x":20,"d":3}},
[23:11:10.660] "/stocks:/i3d-jsonmodels:phonghead_kfb/i2d-scene:mf2d0/grid:/ui-msgbg:/shot-anim:scope44",
[23:11:10.661] "//////shot-anim:scope44",
[23:11:10.661] {"delta":{"timeline":{"p":{"paused":true,"repeat":0,"tweens":[]},"actors":{"i2d:plane":[{"dur":3,"p":{"x":20,"y":0,"immediateRender":false}}]}}}},
[23:11:20.618] {"t":"camera2d","f":"dollyflyTo","a":{"y":20,"d":3}},
[23:11:20.659] "/stocks:/i3d-jsonmodels:phonghead_kfb/i2d-scene:mf2d0/grid:/ui-msgbg:/shot-anim:scope45",
[23:11:20.659] "//////shot-anim:scope45",
[23:11:20.662] {"delta":{"timeline":{"p":{"paused":true,"repeat":0,"tweens":[]},"actors":{"i2d:plane":[{"dur":3,"p":{"x":20,"y":-20,"immediateRender":false}}]}}}},
[23:11:35.619] {"t":"camera2d","f":"dollyflyTo","a":{"x":0,"d":3}},
[23:11:35.666] "/stocks:/i3d-jsonmodels:phonghead_kfb/i2d-scene:mf2d0/grid:/ui-msgbg:/shot-anim:scope46",
[23:11:35.666] "//////shot-anim:scope46",
[23:11:35.668] {"delta":{"timeline":{"p":{"paused":true,"repeat":0,"tweens":[]},"actors":{"i2d:plane":[{"dur":3,"p":{"x":0,"y":-20,"immediateRender":false}}]}}}},
[23:11:45.618] {"t":"camera2d","f":"dollyflyTo","a":{"y":-40,"d":3}},
[23:11:45.667] "/stocks:/i3d-jsonmodels:phonghead_kfb/i2d-scene:mf2d0/grid:/ui-msgbg:/shot-anim:scope47",
[23:11:45.668] "//////shot-anim:scope47",
[23:11:45.668] {"delta":{"timeline":{"p":{"paused":true,"repeat":0,"tweens":[]},"actors":{"i2d:plane":[{"dur":3,"p":{"x":0,"y":40,"immediateRender":false}}]}}}},
[23:11:55.619] {"t":"camera2d","f":"dollyflyTo","a":{"x":20,"d":3}},
[23:11:55.669] "/stocks:/i3d-jsonmodels:phonghead_kfb/i2d-scene:mf2d0/grid:/ui-msgbg:/shot-anim:scope48",
[23:11:55.669] "//////shot-anim:scope48",
[23:11:55.669] {"delta":{"timeline":{"p":{"paused":true,"repeat":0,"tweens":[]},"actors":{"i2d:plane":[{"dur":3,"p":{"x":20,"y":40,"immediateRender":false}}]}}}},
[23:12:10.629] {"t":"camera2d","f":"dollyflyTo","a":{"x":0,"d":3}},
[23:12:10.672] "/stocks:/i3d-jsonmodels:phonghead_kfb/i2d-scene:mf2d0/grid:/ui-msgbg:/shot-anim:scope49",
[23:12:10.672] "//////shot-anim:scope49",
[23:12:10.672] "*** e2e urls test: 50 tests  0 failures ***",
[23:12:10.673] "*** e2e shot test: 50 tests 0 failures ***",
[23:12:10.673] {"delta":{"timeline":{"p":{"paused":true,"repeat":0,"tweens":[]},"actors":{"i2d:plane":[{"dur":3,"p":{"x":0,"y":40,"immediateRender":false}}]}}}},
