[23:22:17.369] {"t":"camera3d","f":"panflyTo","a":{"r":-0.7854,"d":3}},
[23:22:17.390] "/metaweb:/i3d-empty:/i2d-reflect:/empty:/ui-msgbg:/shot-anim:scope0",
[23:22:17.390] "//////shot-anim:scope0",
[23:22:17.390] {"delta":{"timeline":{"p":{"paused":true,"repeat":0},"actors":{"i3d:camera:rotation":[{"dur":3,"p":{"y":-0.7854,"immediateRender":false}}]}}}},
[23:22:32.366] {"t":"camera3d","f":"lookAt"},
[23:22:32.393] "/metaweb:/i3d-empty:/i2d-reflect:/empty:/ui-msgbg:/shot-fixed:scope1",
[23:22:32.393] "//////shot-fixed:scope1",
[23:22:32.394] {"delta-t":"camera3d","f":"lookAt","a":{}},
[23:22:47.366] {"t":"camera3d","f":"panflyTo","a":{"r":-0.7854,"d":3}},
[23:22:47.381] "/metaweb:/i3d-empty:/i2d-reflect:/empty:/ui-msgbg:/shot-anim:scope2",
[23:22:47.381] "//////shot-anim:scope2",
[23:22:47.381] {"delta":{"timeline":{"p":{"paused":true,"repeat":0},"actors":{"i3d:camera:rotation":[{"dur":3,"p":{"y":-0.7854,"immediateRender":false}}]}}}},
[23:22:57.366] {"t":"camera3d","f":"home","a":{"d":3}},
[23:22:57.387] "/metaweb:/i3d-empty:/i2d-reflect:/empty:/ui-msgbg:/shot-anim:scope3",
[23:22:57.387] "//////shot-anim:scope3",
[23:22:57.388] {"delta":{"timeline":{"p":{"paused":true,"repeat":0},"actors":{"i3d:camera:rotation":[{"dur":3,"p":{"x":0,"y":0,"z":0,"immediateRender":false}}],"i3d:csphere:position":[{"dur":3,"p":{"x":0,"y":0,"z":0,"immediateRender":false}}],"i3d:csphere:scale":[{"dur":3,"p":{"x":1,"y":1,"z":1,"immediateRender":false}}],"i3d:csphere:rotation":[{"dur":3,"p":{"x":0,"y":0,"z":0,"immediateRender":false}}],"i2d:plane":[{"dur":3,"p":{"x":0,"y":0,"immediateRender":false}}],"i2d:zoom_plane":[{"dur":3,"p":{"rotation":0,"scale":1,"svgOrigin":"0% 0%","immediateRender":false}}]}}}},
[23:23:12.367] {"t":"camera3d","f":"panflyTo","a":{"r":0,"d":3}},
[23:23:12.388] "/metaweb:/i3d-empty:/i2d-reflect:/empty:/ui-msgbg:/shot-anim:scope4",
[23:23:12.389] "//////shot-anim:scope4",
[23:23:12.390] {"delta":{"timeline":{"p":{"paused":true,"repeat":0},"actors":{"i3d:camera:rotation":[{"dur":3,"p":{"y":0,"immediateRender":false}}]}}}},
[23:23:27.375] {"t":"narrative","f":"change_scene","a":"a"},
[23:23:27.640] "/a:/i3d-simple:simple_green/i2d-scene:disks0/base-skycube:test_cube/ui-msgbg:/shot-fixed:",
[23:23:27.640] "/a:/i3d-simple:simple_green/i2d-scene:disks0/base-skycube:test_cube//shot-fixed:",
[23:23:27.640] {},
[23:23:37.376] {"t":"narrative","f":"change_scene","a":"a0"},
[23:23:37.512] "/a0:/i3d-simple:simple_green/i2d-scene:disks0/base-skycube:test_cube/ui-msgbg:/shot-graft:scope6",
[23:23:37.515] {"delta":{"timeline":{"p":{"repeat":0},"actors":{"i3d:cube0:scale":[{"dur":10,"p":{"x":0.5,"y":0.5,"z":0.5}}]}},"branches":{"cube0":{"children":{"cube0_2":{"form":{"type":"'cube.i3d'","x":0,"y":0,"z":0,"textureurl":"./images/sky.jpg","w":5,"h":10,"d":10,"color":"blue","transparent":true,"opacity":1},"transform":{"t":[-20,-10,0],"s":[0.01,0.01,0.01]},"children":{}},"cube0_3":{"form":{"type":"'cube.i3d'","x":0,"y":-20,"z":0,"textureurl":"sky_jpg","w":5,"h":10,"d":10,"color":"blue","transparent":true,"opacity":1},"transform":{"t":[20,0,0],"s":[0.01,0.01,0.01]},"children":{}}}}}}},
[23:23:37.512] "/a0://///shot-graft:scope6",
[23:23:52.375] {"t":"narrative","f":"change_scene","a":"a1"},
[23:23:52.469] "/a1:/i3d-simple:simple_green/i2d-scene:disks0/base-skycube:test_cube/ui-msgbg:/shot-graft:scope7",
[23:23:52.470] {"delta":{"timeline":{"p":{"repeat":0},"actors":{"i3d:cube0_2:scale":[{"dur":10,"p":{"x":1,"y":1,"z":1}}],"i3d:cube0_3:scale":[{"dur":10,"p":{"x":1,"y":1,"z":1}}]}},"branches":{"cube0_2":{"children":{"s0_2_0":{"form":{"type":"'sphere.i3d'","r":5,"color":"blue","transparent":true,"opacity":0.8},"transform":{"e":[0,-0.785,0],"t":[-10,-10,0],"s":[0.01,0.01,0.01]},"children":{}},"s0_2_1":{"form":{"type":"'sphere.i3d'","r":5,"color":"blue","transparent":true,"opacity":0.8},"transform":{"e":[0,0.785,0],"t":[10,10,0],"s":[0.01,0.01,0.01]},"children":{}}}}}}},
[23:23:52.469] "/a1://///shot-graft:scope7",
[23:24:02.379] {"t":"narrative","f":"change_scene","a":"a2"},
[23:24:02.403] {"delta":{"timeline":{"p":{"repeat":0},"actors":{"i3d:s0_2_0:scale":[{"dur":10,"p":{"x":1,"y":1,"z":1}}],"i3d:s0_2_1:scale":[{"dur":10,"p":{"x":1,"y":1,"z":1}}]}},"branches":{}}},
[23:24:02.402] "/a2://///shot-graft:scope8",
[23:24:02.402] "/a2:/i3d-simple:simple_green/i2d-scene:disks0/base-skycube:test_cube/ui-msgbg:/shot-graft:scope8",
[23:24:12.376] {"t":"camera3d","f":"dollyflyTo","a":{"x":10,"y":10,"z":-20,"d":4}},
[23:24:12.399] "/a2:/i3d-simple:simple_green/i2d-scene:disks0/base-skycube:test_cube/ui-msgbg:/shot-anim:scope9",
[23:24:12.399] "//////shot-anim:scope9",
[23:24:12.399] {"delta":{"timeline":{"p":{"paused":true,"repeat":0},"actors":{"i3d:csphere:position":[{"dur":4,"p":{"x":10,"y":10,"z":-20,"immediateRender":false}}]}}}},
[23:24:22.388] {"t":"narrative","f":"change_scene","a":"payments"},
[23:24:23.530] "/payments:/i3d-simple:phong_head_sphere_kfb/i2d-empty:/black:/ui-msgbg:/shot-fixed:",
[23:24:23.530] "/payments:/i3d-simple:phong_head_sphere_kfb/i2d-empty:/black://shot-fixed:",
[23:24:23.530] {},
[23:24:37.390] {"t":"camera3d","f":"toggle_csphere","a":{"val":false}},
[23:24:37.407] "/payments:/i3d-simple:phong_head_sphere_kfb/i2d-empty:/black:/ui-msgbg:/shot-fixed:scope11",
[23:24:37.408] "//////shot-fixed:scope11",
[23:24:37.408] {"delta-t":"camera3d","f":"toggle_csphere","a":false},
[23:24:47.390] {"t":"camera3d","f":"toggle_csphere","a":{"val":true}},
[23:24:47.409] "/payments:/i3d-simple:phong_head_sphere_kfb/i2d-empty:/black:/ui-msgbg:/shot-fixed:scope12",
[23:24:47.409] "//////shot-fixed:scope12",
[23:24:47.411] {"delta-t":"camera3d","f":"toggle_csphere","a":true},
[23:25:02.391] {"t":"camera3d","f":"toggle_light","a":{"name":"key","val":false}},
[23:25:02.411] "/payments:/i3d-simple:phong_head_sphere_kfb/i2d-empty:/black:/ui-msgbg:/shot-fixed:scope13",
[23:25:02.411] "//////shot-fixed:scope13",
[23:25:02.412] {"delta-t":"camera3d","f":"toggle_light","a":{"name":"key","val":false}},
[23:25:12.393] {"t":"camera3d","f":"toggle_light","a":{"name":"fill","val":false}},
[23:25:12.422] "/payments:/i3d-simple:phong_head_sphere_kfb/i2d-empty:/black:/ui-msgbg:/shot-fixed:scope14",
[23:25:12.423] "//////shot-fixed:scope14",
[23:25:12.423] {"delta-t":"camera3d","f":"toggle_light","a":{"name":"fill","val":false}},
[23:25:27.391] {"t":"camera3d","f":"toggle_light","a":{"name":"back","val":false}},
[23:25:27.415] "/payments:/i3d-simple:phong_head_sphere_kfb/i2d-empty:/black:/ui-msgbg:/shot-fixed:scope15",
[23:25:27.415] "//////shot-fixed:scope15",
[23:25:27.415] {"delta-t":"camera3d","f":"toggle_light","a":{"name":"back","val":false}},
[23:25:37.392] {"t":"camera3d","f":"toggle_light","a":{"name":"key","val":true}},
[23:25:37.411] "/payments:/i3d-simple:phong_head_sphere_kfb/i2d-empty:/black:/ui-msgbg:/shot-fixed:scope16",
[23:25:37.411] "//////shot-fixed:scope16",
[23:25:37.412] {"delta-t":"camera3d","f":"toggle_light","a":{"name":"key","val":true}},
[23:25:47.396] {"t":"camera3d","f":"toggle_light","a":{"name":"fill","val":true}},
[23:25:47.419] "/payments:/i3d-simple:phong_head_sphere_kfb/i2d-empty:/black:/ui-msgbg:/shot-fixed:scope17",
[23:25:47.419] "//////shot-fixed:scope17",
[23:25:47.419] {"delta-t":"camera3d","f":"toggle_light","a":{"name":"fill","val":true}},
[23:26:02.396] {"t":"camera3d","f":"toggle_light","a":{"name":"back","val":true}},
[23:26:02.432] "/payments:/i3d-simple:phong_head_sphere_kfb/i2d-empty:/black:/ui-msgbg:/shot-fixed:scope18",
[23:26:02.432] "//////shot-fixed:scope18",
[23:26:02.433] {"delta-t":"camera3d","f":"toggle_light","a":{"name":"back","val":true}},
[23:26:12.396] {"t":"narrative","f":"change_scene","a":"a"},
[23:26:12.628] "/a:/i3d-simple:simple_green/i2d-scene:disks0/base-skycube:test_cube/ui-msgbg:/shot-fixed:",
[23:26:12.629] "/a:/i3d-simple:simple_green/i2d-scene:disks0/base-skycube:test_cube//shot-fixed:",
[23:26:12.632] {},
[23:26:27.397] {"t":"narrative","f":"shot","a":"shot-graft:{\"delta\":{\"timeline\":{\"p\":{\"repeat\":0},\"actors\":{\"i3d:cube0:scale\":[{\"dur\":10,\"p\":{\"x\":0.5,\"y\":0.5,\"z\":0.5}}]}},\"branches\":{\"cube0\":{\"children\":{\"cube0_2\":{\"form\":{\"type\":\"'cube.i3d'\",\"x\":0,\"y\":0,\"z\":0,\"textureurl\":\"./images/sky.jpg\",\"w\":5,\"h\":10,\"d\":10,\"color\":\"blue\",\"transparent\":true,\"opacity\":1},\"transform\":{\"t\":[-20,-10,0],\"s\":[0.01,0.01,0.01]},\"children\":{}},\"cube0_3\":{\"form\":{\"type\":\"'cube.i3d'\",\"x\":0,\"y\":-20,\"z\":0,\"textureurl\":\"sky_jpg\",\"w\":5,\"h\":10,\"d\":10,\"color\":\"blue\",\"transparent\":true,\"opacity\":1},\"transform\":{\"t\":[20,0,0],\"s\":[0.01,0.01,0.01]},\"children\":{}}}}}}}"},
[23:26:27.645] "/a:/i3d-simple:simple_green/i2d-scene:disks0/base-skycube:test_cube/ui-msgbg:/shot-graft:scope20",
[23:26:27.646] {"delta":{"timeline":{"p":{"repeat":0},"actors":{"i3d:cube0:scale":[{"dur":10,"p":{"x":0.5,"y":0.5,"z":0.5}}]}},"branches":{"cube0":{"children":{"cube0_2":{"form":{"type":"'cube.i3d'","x":0,"y":0,"z":0,"textureurl":"./images/sky.jpg","w":5,"h":10,"d":10,"color":"blue","transparent":true,"opacity":1},"transform":{"t":[-20,-10,0],"s":[0.01,0.01,0.01]},"children":{}},"cube0_3":{"form":{"type":"'cube.i3d'","x":0,"y":-20,"z":0,"textureurl":"sky_jpg","w":5,"h":10,"d":10,"color":"blue","transparent":true,"opacity":1},"transform":{"t":[20,0,0],"s":[0.01,0.01,0.01]},"children":{}}}}}}},
[23:26:27.645] "//////shot-graft:scope20",
[23:26:37.447] {"t":"narrative","f":"shot","a":"shot-graft:{\"delta\":{\"timeline\":{\"p\":{\"repeat\":0},\"actors\":{\"i3d:cube0_2:scale\":[{\"dur\":10,\"p\":{\"x\":1,\"y\":1,\"z\":1}}],\"i3d:cube0_3:scale\":[{\"dur\":10,\"p\":{\"x\":1,\"y\":1,\"z\":1}}]}},\"branches\":{\"cube0_2\":{\"children\":{\"s0_2_0\":{\"form\":{\"type\":\"'sphere.i3d'\",\"r\":5,\"color\":\"blue\",\"transparent\":true,\"opacity\":0.8},\"transform\":{\"e\":[0,-0.785,0],\"t\":[-10,-10,0],\"s\":[0.01,0.01,0.01]},\"children\":{}},\"s0_2_1\":{\"form\":{\"type\":\"'sphere.i3d'\",\"r\":5,\"color\":\"blue\",\"transparent\":true,\"opacity\":0.8},\"transform\":{\"e\":[0,0.785,0],\"t\":[10,10,0],\"s\":[0.01,0.01,0.01]},\"children\":{}}}}}}}"},
[23:26:37.598] "/a:/i3d-simple:simple_green/i2d-scene:disks0/base-skycube:test_cube/ui-msgbg:/shot-graft:scope21",
[23:26:37.601] {"delta":{"timeline":{"p":{"repeat":0},"actors":{"i3d:cube0_2:scale":[{"dur":10,"p":{"x":1,"y":1,"z":1}}],"i3d:cube0_3:scale":[{"dur":10,"p":{"x":1,"y":1,"z":1}}]}},"branches":{"cube0_2":{"children":{"s0_2_0":{"form":{"type":"'sphere.i3d'","r":5,"color":"blue","transparent":true,"opacity":0.8},"transform":{"e":[0,-0.785,0],"t":[-10,-10,0],"s":[0.01,0.01,0.01]},"children":{}},"s0_2_1":{"form":{"type":"'sphere.i3d'","r":5,"color":"blue","transparent":true,"opacity":0.8},"transform":{"e":[0,0.785,0],"t":[10,10,0],"s":[0.01,0.01,0.01]},"children":{}}}}}}},
[23:26:37.598] "//////shot-graft:scope21",
[23:26:52.398] {"t":"narrative","f":"shot","a":"shot-graft:{\"delta\":{\"timeline\":{\"p\":{\"repeat\":0},\"actors\":{\"i3d:s0_2_0:scale\":[{\"dur\":10,\"p\":{\"x\":1,\"y\":1,\"z\":1}}],\"i3d:s0_2_1:scale\":[{\"dur\":10,\"p\":{\"x\":1,\"y\":1,\"z\":1}}]}},\"branches\":{}}}"},
[23:26:52.433] "/a:/i3d-simple:simple_green/i2d-scene:disks0/base-skycube:test_cube/ui-msgbg:/shot-graft:scope22",
[23:26:52.434] "//////shot-graft:scope22",
[23:26:52.434] {"delta":{"timeline":{"p":{"repeat":0},"actors":{"i3d:s0_2_0:scale":[{"dur":10,"p":{"x":1,"y":1,"z":1}}],"i3d:s0_2_1:scale":[{"dur":10,"p":{"x":1,"y":1,"z":1}}]}},"branches":{}}},
[23:27:02.394] {"t":"camera3d","f":"panflyTo","a":{"r":0.7854,"d":4}},
[23:27:02.420] "/a:/i3d-simple:simple_green/i2d-scene:disks0/base-skycube:test_cube/ui-msgbg:/shot-anim:scope23",
[23:27:02.422] "//////shot-anim:scope23",
[23:27:02.424] {"delta":{"timeline":{"p":{"paused":true,"repeat":0},"actors":{"i3d:camera:rotation":[{"dur":4,"p":{"y":0.7854,"immediateRender":false}}]}}}},
[23:27:17.416] {"t":"narrative","f":"change_scene","a":"footprint"},
[23:27:19.530] "/footprint:/i3d-scene:scene1/i2d-empty:/escher:/ui-msgbg:/shot-fixed:",
[23:27:19.533] {},
[23:27:19.532] "/footprint:/i3d-scene:scene1/i2d-empty:/escher://shot-fixed:",
[23:27:27.419] {"t":"camera3d","f":"panflyTo","a":{"r":0.7854,"d":4}},
[23:27:27.460] "/footprint:/i3d-scene:scene1/i2d-empty:/escher:/ui-msgbg:/shot-anim:scope25",
[23:27:27.460] "//////shot-anim:scope25",
[23:27:27.460] {"delta":{"timeline":{"p":{"paused":true,"repeat":0},"actors":{"i3d:camera:rotation":[{"dur":4,"p":{"y":0.7854,"immediateRender":false}}]}}}},
[23:27:42.424] {"t":"camera3d","f":"tiltflyTo","a":{"r":0.7854,"d":4}},
[23:27:42.485] "/footprint:/i3d-scene:scene1/i2d-empty:/escher:/ui-msgbg:/shot-anim:scope26",
[23:27:42.485] "//////shot-anim:scope26",
[23:27:42.485] {"delta":{"timeline":{"p":{"paused":true,"repeat":0},"actors":{"i3d:camera:rotation":[{"dur":4,"p":{"x":0.7854,"immediateRender":false}}]}}}},
[23:27:57.426] {"t":"camera3d","f":"billboardsFaceCamera"},
[23:27:57.472] "/footprint:/i3d-scene:scene1/i2d-empty:/escher:/ui-msgbg:/shot-fixed:scope27",
[23:27:57.472] "//////shot-fixed:scope27",
[23:27:57.473] {"delta-t":"camera3d","f":"billboardsFaceCamera"},
[23:28:12.428] {"t":"camera3d","f":"tiltflyBy","a":{"r":-0.7854,"d":4}},
[23:28:12.477] "/footprint:/i3d-scene:scene1/i2d-empty:/escher:/ui-msgbg:/shot-anim:scope28",
[23:28:12.477] "//////shot-anim:scope28",
[23:28:12.477] {"delta":{"timeline":{"p":{"paused":true,"repeat":0},"actors":{"i3d:camera:rotation":[{"dur":4,"p":{"x":0,"immediateRender":false}}]}}}},
[23:28:22.427] {"t":"camera3d","f":"panflyBy","a":{"r":-0.7854,"d":4}},
[23:28:22.466] "/footprint:/i3d-scene:scene1/i2d-empty:/escher:/ui-msgbg:/shot-anim:scope29",
[23:28:22.467] "//////shot-anim:scope29",
[23:28:22.467] {"delta":{"timeline":{"p":{"paused":true,"repeat":0},"actors":{"i3d:camera:rotation":[{"dur":4,"p":{"y":0,"immediateRender":false}}]}}}},
[23:28:32.431] {"t":"narrative","f":"change_scene","a":"circle"},
[23:28:32.966] "/circle:/i3d-simple:simple_red/i2d-scene:disks0/base-skycube:test_cube//shot-graft:a0",
[23:28:32.966] "/circle:/i3d-simple:simple_red/i2d-scene:disks0/base-skycube:test_cube/ui-msgbg:/shot-graft:a0",
[23:28:32.967] {"delta":{"timeline":[{"id":"cube0_1","dur":10,"p":{"scale":[1,1,1]},"delay":2}],"branches":{"cube0":{"children":{"cube0_2":{"form":{"type":"'cube.i3d'","x":0,"y":0,"z":0,"textureurl":"./images/sky.jpg","w":20,"h":20,"d":20,"color":"blue","transparent":true,"opacity":1},"transform":{"t":[-20,-10,0],"s":[0.25,1,0.25]},"children":{}},"cube0_3":{"form":{"type":"'cube.i3d'","x":0,"y":-20,"z":0,"textureurl":"sky_jpg","w":20,"h":40,"d":20,"color":"blue","transparent":true,"opacity":1},"transform":{"t":[20,0,0],"s":[0.5,1,0.5]},"children":{}}}}}}},
[23:28:42.429] {"t":"narrative","f":"change_state","a":"/circle:/i3d-simple:simple_red/i2d-scene:mf2d0/base-skycube:test_cube/ui-msgbg:/shot-fixed:"},
[23:28:42.628] "/circle:/i3d-simple:simple_red/i2d-scene:mf2d0/base-skycube:test_cube/ui-msgbg:/shot-fixed:",
[23:28:42.630] "///i2d-scene:mf2d0///shot-fixed:",
[23:28:42.630] {},
[23:28:52.428] {"t":"narrative","f":"change_scene","a":"stocks"},
[23:28:54.201] "/stocks:/i3d-jsonmodels:phonghead_kfb/i2d-scene:defsuse0/grid:/ui-msgbg:/shot-fixed:",
[23:28:54.202] "/stocks:/i3d-jsonmodels:phonghead_kfb/i2d-scene:defsuse0/grid://",
[23:28:54.202] {},
[23:29:07.429] {"t":"narrative","f":"change_state","a":"///i2d-scene:mf2d0///"},
[23:29:07.684] "/stocks:/i3d-jsonmodels:phonghead_kfb/i2d-scene:mf2d0/grid:/ui-msgbg:/shot-fixed:",
[23:29:07.684] "///i2d-scene:mf2d0///",
[23:29:07.685] {},
[23:29:17.430] {"t":"camera3d","f":"panflyBy","a":{"r":-0.7854,"d":4}},
[23:29:17.474] "/stocks:/i3d-jsonmodels:phonghead_kfb/i2d-scene:mf2d0/grid:/ui-msgbg:/shot-anim:scope34",
[23:29:17.475] {"delta":{"timeline":{"p":{"paused":true,"repeat":0},"actors":{"i3d:camera:rotation":[{"dur":4,"p":{"y":-0.7854,"immediateRender":false}}]}}}},
[23:29:17.475] "//////shot-anim:scope34",
[23:29:32.429] {"t":"camera2d","f":"zoomflyBy","a":{"s":0.9,"d":3}},
[23:29:32.487] "/stocks:/i3d-jsonmodels:phonghead_kfb/i2d-scene:mf2d0/grid:/ui-msgbg:/shot-anim:scope35",
[23:29:32.488] "//////shot-anim:scope35",
[23:29:32.488] {"delta":{"timeline":{"p":{"paused":true,"repeat":0,"tweens":[]},"actors":{"i2d:zoom_plane":[{"dur":3,"p":{"scale":0.9,"svgOrigin":"0% 0%","immediateRender":false}}]}}}},
[23:29:47.431] {"t":"camera2d","f":"zoomflyTo","a":{"s":2,"d":3}},
[23:29:47.472] "/stocks:/i3d-jsonmodels:phonghead_kfb/i2d-scene:mf2d0/grid:/ui-msgbg:/shot-anim:scope36",
[23:29:47.473] {"delta":{"timeline":{"p":{"paused":true,"repeat":0,"tweens":[]},"actors":{"i2d:zoom_plane":[{"dur":3,"p":{"scale":2,"svgOrigin":"0% 0%","immediateRender":false}}]}}}},
[23:29:47.472] "//////shot-anim:scope36",
[23:30:02.431] {"t":"camera2d","f":"zoomflyTo","a":{"s":0.5,"d":3}},
[23:30:02.476] "/stocks:/i3d-jsonmodels:phonghead_kfb/i2d-scene:mf2d0/grid:/ui-msgbg:/shot-anim:scope37",
[23:30:02.476] "//////shot-anim:scope37",
[23:30:02.477] {"delta":{"timeline":{"p":{"paused":true,"repeat":0,"tweens":[]},"actors":{"i2d:zoom_plane":[{"dur":3,"p":{"scale":0.5,"svgOrigin":"0% 0%","immediateRender":false}}]}}}},
[23:30:12.432] {"t":"camera2d","f":"dollyflyTo","a":{"x":20,"d":3}},
[23:30:12.472] "/stocks:/i3d-jsonmodels:phonghead_kfb/i2d-scene:mf2d0/grid:/ui-msgbg:/shot-anim:scope38",
[23:30:12.473] "//////shot-anim:scope38",
[23:30:12.473] {"delta":{"timeline":{"p":{"paused":true,"repeat":0,"tweens":[]},"actors":{"i2d:plane":[{"dur":3,"p":{"x":20,"y":0,"immediateRender":false}}]}}}},
[23:30:27.440] {"t":"camera2d","f":"center","a":{"d":3}},
[23:30:27.486] "/stocks:/i3d-jsonmodels:phonghead_kfb/i2d-scene:mf2d0/grid:/ui-msgbg:/shot-anim:scope39",
[23:30:27.487] "//////shot-anim:scope39",
[23:30:27.487] {"delta":{"timeline":{"p":{"paused":true,"repeat":0},"actors":{"i2d:plane":[{"dur":3,"p":{"x":0,"y":0,"immediateRender":false}}],"i2d:zoom_plane":[{"dur":3,"p":{"rotation":0,"svgOrigin":"0% 0%","immediateRender":false}}]}}}},
[23:30:42.437] {"t":"camera2d","f":"home","a":{"d":3}},
[23:30:42.499] "/stocks:/i3d-jsonmodels:phonghead_kfb/i2d-scene:mf2d0/grid:/ui-msgbg:/shot-anim:scope40",
[23:30:42.500] "//////shot-anim:scope40",
[23:30:42.500] {"delta":{"timeline":{"p":{"paused":true,"repeat":0},"actors":{"i2d:plane":[{"dur":3,"p":{"x":0,"y":0,"immediateRender":false}}],"i2d:zoom_plane":[{"dur":3,"p":{"rotation":0,"scale":1,"svgOrigin":"0% 0%","immediateRender":false}}]}}}},
[23:30:57.437] {"t":"camera2d","f":"rollflyTo","a":{"r":-90,"d":3}},
[23:30:57.473] "/stocks:/i3d-jsonmodels:phonghead_kfb/i2d-scene:mf2d0/grid:/ui-msgbg:/shot-anim:scope41",
[23:30:57.473] "//////shot-anim:scope41",
[23:30:57.473] {"delta":{"timeline":{"p":{"paused":true,"repeat":0,"tweens":[]},"actors":{"i2d:zoom_plane":[{"dur":3,"p":{"rotation":-90,"svgOrigin":"0% 0%","immediateRender":false}}]}}}},
[23:31:12.437] {"t":"camera2d","f":"rollflyBy","a":{"r":45,"d":3}},
[23:31:12.492] "/stocks:/i3d-jsonmodels:phonghead_kfb/i2d-scene:mf2d0/grid:/ui-msgbg:/shot-anim:scope42",
[23:31:12.492] "//////shot-anim:scope42",
[23:31:12.492] {"delta":{"timeline":{"p":{"paused":true,"repeat":0,"tweens":[]},"actors":{"i2d:zoom_plane":[{"dur":3,"p":{"rotation":-45,"svgOrigin":"0% 0%","immediateRender":false}}]}}}},
[23:31:27.438] {"t":"camera2d","f":"rollflyBy","a":{"r":45,"d":3}},
[23:31:27.460] "//////shot-anim:scope43",
[23:31:27.460] {"delta":{"timeline":{"p":{"paused":true,"repeat":0,"tweens":[]},"actors":{"i2d:zoom_plane":[{"dur":3,"p":{"rotation":0,"svgOrigin":"0% 0%","immediateRender":false}}]}}}},
[23:31:27.460] "/stocks:/i3d-jsonmodels:phonghead_kfb/i2d-scene:mf2d0/grid:/ui-msgbg:/shot-anim:scope43",
[23:31:37.438] {"t":"camera2d","f":"dollyflyTo","a":{"x":20,"d":3}},
[23:31:37.461] "/stocks:/i3d-jsonmodels:phonghead_kfb/i2d-scene:mf2d0/grid:/ui-msgbg:/shot-anim:scope44",
[23:31:37.461] "//////shot-anim:scope44",
[23:31:37.461] {"delta":{"timeline":{"p":{"paused":true,"repeat":0,"tweens":[]},"actors":{"i2d:plane":[{"dur":3,"p":{"x":20,"y":0,"immediateRender":false}}]}}}},
[23:31:52.438] {"t":"camera2d","f":"dollyflyTo","a":{"y":20,"d":3}},
[23:31:52.492] "/stocks:/i3d-jsonmodels:phonghead_kfb/i2d-scene:mf2d0/grid:/ui-msgbg:/shot-anim:scope45",
[23:31:52.492] "//////shot-anim:scope45",
[23:31:52.492] {"delta":{"timeline":{"p":{"paused":true,"repeat":0,"tweens":[]},"actors":{"i2d:plane":[{"dur":3,"p":{"x":20,"y":-20,"immediateRender":false}}]}}}},
[23:32:02.439] {"t":"camera2d","f":"dollyflyTo","a":{"x":0,"d":3}},
[23:32:02.477] "/stocks:/i3d-jsonmodels:phonghead_kfb/i2d-scene:mf2d0/grid:/ui-msgbg:/shot-anim:scope46",
[23:32:02.478] "//////shot-anim:scope46",
[23:32:02.478] {"delta":{"timeline":{"p":{"paused":true,"repeat":0,"tweens":[]},"actors":{"i2d:plane":[{"dur":3,"p":{"x":0,"y":-20,"immediateRender":false}}]}}}},
[23:32:12.441] {"t":"camera2d","f":"dollyflyTo","a":{"y":-40,"d":3}},
[23:32:12.473] "/stocks:/i3d-jsonmodels:phonghead_kfb/i2d-scene:mf2d0/grid:/ui-msgbg:/shot-anim:scope47",
[23:32:12.473] "//////shot-anim:scope47",
[23:32:12.473] {"delta":{"timeline":{"p":{"paused":true,"repeat":0,"tweens":[]},"actors":{"i2d:plane":[{"dur":3,"p":{"x":0,"y":40,"immediateRender":false}}]}}}},
[23:32:27.441] {"t":"camera2d","f":"dollyflyTo","a":{"x":20,"d":3}},
[23:32:27.492] "/stocks:/i3d-jsonmodels:phonghead_kfb/i2d-scene:mf2d0/grid:/ui-msgbg:/shot-anim:scope48",
[23:32:27.492] "//////shot-anim:scope48",
[23:32:27.492] {"delta":{"timeline":{"p":{"paused":true,"repeat":0,"tweens":[]},"actors":{"i2d:plane":[{"dur":3,"p":{"x":20,"y":40,"immediateRender":false}}]}}}},
[23:32:42.442] {"t":"camera2d","f":"dollyflyTo","a":{"x":0,"d":3}},
[23:32:42.485] "/stocks:/i3d-jsonmodels:phonghead_kfb/i2d-scene:mf2d0/grid:/ui-msgbg:/shot-anim:scope49",
[23:32:42.485] "//////shot-anim:scope49",
[23:32:42.485] {"delta":{"timeline":{"p":{"paused":true,"repeat":0,"tweens":[]},"actors":{"i2d:plane":[{"dur":3,"p":{"x":0,"y":40,"immediateRender":false}}]}}}},
