[23:52:37.181] {"t":"camera3d","f":"panflyTo","a":{"r":-0.7854,"d":3}},
[23:52:37.206] "/metaweb:/i3d-empty:/i2d-reflect:/empty:/ui-msgbg:/shot-anim:scope0",
[23:52:37.207] "//////shot-anim:scope0",
[23:52:37.207] {"delta":{"timeline":{"p":{"paused":true,"repeat":0},"actors":{"i3d:camera:rotation":[{"dur":3,"p":{"y":-0.7854,"immediateRender":false}}]}}}},
[23:52:47.176] {"t":"camera3d","f":"lookAt"},
[23:52:47.195] "/metaweb:/i3d-empty:/i2d-reflect:/empty:/ui-msgbg:/shot-fixed:scope1",
[23:52:47.195] "//////shot-fixed:scope1",
[23:52:47.195] {"delta-t":"camera3d","f":"lookAt","a":{}},
[23:52:57.177] {"t":"camera3d","f":"panflyTo","a":{"r":-0.7854,"d":3}},
[23:52:57.196] "/metaweb:/i3d-empty:/i2d-reflect:/empty:/ui-msgbg:/shot-anim:scope2",
[23:52:57.196] "//////shot-anim:scope2",
[23:52:57.196] {"delta":{"timeline":{"p":{"paused":true,"repeat":0},"actors":{"i3d:camera:rotation":[{"dur":3,"p":{"y":-0.7854,"immediateRender":false}}]}}}},
[23:53:12.179] {"t":"camera3d","f":"home","a":{"d":3}},
[23:53:12.197] "/metaweb:/i3d-empty:/i2d-reflect:/empty:/ui-msgbg:/shot-anim:scope3",
[23:53:12.197] "//////shot-anim:scope3",
[23:53:12.198] {"delta":{"timeline":{"p":{"paused":true,"repeat":0},"actors":{"i3d:camera:rotation":[{"dur":3,"p":{"x":0,"y":0,"z":0,"immediateRender":false}}],"i3d:csphere:position":[{"dur":3,"p":{"x":0,"y":0,"z":0,"immediateRender":false}}],"i3d:csphere:scale":[{"dur":3,"p":{"x":1,"y":1,"z":1,"immediateRender":false}}],"i3d:csphere:rotation":[{"dur":3,"p":{"x":0,"y":0,"z":0,"immediateRender":false}}],"i2d:plane":[{"dur":3,"p":{"x":0,"y":0,"immediateRender":false}}],"i2d:zoom_plane":[{"dur":3,"p":{"rotation":0,"scale":1,"svgOrigin":"0% 0%","immediateRender":false}}]}}}},
[23:53:22.180] {"t":"camera3d","f":"panflyTo","a":{"r":0,"d":3}},
[23:53:22.191] "/metaweb:/i3d-empty:/i2d-reflect:/empty:/ui-msgbg:/shot-anim:scope4",
[23:53:22.191] "//////shot-anim:scope4",
[23:53:22.192] {"delta":{"timeline":{"p":{"paused":true,"repeat":0},"actors":{"i3d:camera:rotation":[{"dur":3,"p":{"y":0,"immediateRender":false}}]}}}},
[23:53:32.186] {"t":"narrative","f":"change_scene","a":"a"},
[23:53:32.475] "/a:/i3d-simple:simple_green/i2d-scene:disks0/base-skycube:test_cube/ui-msgbg:/shot-fixed:",
[23:53:32.476] "/a:/i3d-simple:simple_green/i2d-scene:disks0/base-skycube:test_cube//shot-fixed:",
[23:53:32.477] {},
[23:53:47.189] {"t":"narrative","f":"change_scene","a":"a0"},
[23:53:47.310] "/a0:/i3d-simple:simple_green/i2d-scene:disks0/base-skycube:test_cube/ui-msgbg:/shot-graft:scope6",
[23:53:47.310] "/a0://///shot-graft:scope6",
[23:53:47.312] {"delta":{"timeline":{"p":{"repeat":0},"actors":{"i3d:cube0:scale":[{"dur":10,"p":{"x":0.5,"y":0.5,"z":0.5}}]}},"branches":{"cube0":{"children":{"cube0_2":{"form":{"type":"'cube.i3d'","x":0,"y":0,"z":0,"textureurl":"./images/sky.jpg","w":5,"h":10,"d":10,"color":"blue","transparent":true,"opacity":1},"transform":{"t":[-20,-10,0],"s":[0.01,0.01,0.01]},"children":{}},"cube0_3":{"form":{"type":"'cube.i3d'","x":0,"y":-20,"z":0,"textureurl":"sky_jpg","w":5,"h":10,"d":10,"color":"blue","transparent":true,"opacity":1},"transform":{"t":[20,0,0],"s":[0.01,0.01,0.01]},"children":{}}}}}}},
[23:53:57.184] {"t":"narrative","f":"change_scene","a":"a1"},
[23:53:57.264] "/a1:/i3d-simple:simple_green/i2d-scene:disks0/base-skycube:test_cube/ui-msgbg:/shot-graft:scope7",
[23:53:57.265] "/a1://///shot-graft:scope7",
[23:53:57.266] {"delta":{"timeline":{"p":{"repeat":0},"actors":{"i3d:cube0_2:scale":[{"dur":10,"p":{"x":1,"y":1,"z":1}}],"i3d:cube0_3:scale":[{"dur":10,"p":{"x":1,"y":1,"z":1}}]}},"branches":{"cube0_2":{"children":{"s0_2_0":{"form":{"type":"'sphere.i3d'","r":5,"color":"blue","transparent":true,"opacity":0.8},"transform":{"e":[0,-0.785,0],"t":[-10,-10,0],"s":[0.01,0.01,0.01]},"children":{}},"s0_2_1":{"form":{"type":"'sphere.i3d'","r":5,"color":"blue","transparent":true,"opacity":0.8},"transform":{"e":[0,0.785,0],"t":[10,10,0],"s":[0.01,0.01,0.01]},"children":{}}}}}}},
[23:54:07.200] {"t":"narrative","f":"change_scene","a":"a2"},
[23:54:07.222] "/a2:/i3d-simple:simple_green/i2d-scene:disks0/base-skycube:test_cube/ui-msgbg:/shot-graft:scope8",
[23:54:07.222] "/a2://///shot-graft:scope8",
[23:54:07.223] {"delta":{"timeline":{"p":{"repeat":0},"actors":{"i3d:s0_2_0:scale":[{"dur":10,"p":{"x":1,"y":1,"z":1}}],"i3d:s0_2_1:scale":[{"dur":10,"p":{"x":1,"y":1,"z":1}}]}},"branches":{}}},
[23:54:17.200] {"t":"camera3d","f":"dollyflyTo","a":{"x":10,"y":10,"z":-20,"d":4}},
[23:54:17.222] "/a2:/i3d-simple:simple_green/i2d-scene:disks0/base-skycube:test_cube/ui-msgbg:/shot-anim:scope9",
[23:54:17.222] "//////shot-anim:scope9",
[23:54:17.223] {"delta":{"timeline":{"p":{"paused":true,"repeat":0},"actors":{"i3d:csphere:position":[{"dur":4,"p":{"x":10,"y":10,"z":-20,"immediateRender":false}}]}}}},
[23:54:32.258] {"t":"narrative","f":"change_scene","a":"payments"},
[23:54:33.869] "/payments:/i3d-simple:phong_head_sphere_kfb/i2d-empty:/black:/ui-msgbg:/shot-fixed:",
[23:54:33.870] {},
[23:54:33.870] "/payments:/i3d-simple:phong_head_sphere_kfb/i2d-empty:/black://shot-fixed:",
[23:54:47.261] {"t":"camera3d","f":"toggle_csphere","a":{"val":false}},
[23:54:47.287] "/payments:/i3d-simple:phong_head_sphere_kfb/i2d-empty:/black:/ui-msgbg:/shot-fixed:scope11",
[23:54:47.287] "//////shot-fixed:scope11",
[23:54:47.288] {"delta-t":"camera3d","f":"toggle_csphere","a":false},
[23:55:02.261] {"t":"camera3d","f":"toggle_csphere","a":{"val":true}},
[23:55:02.297] "/payments:/i3d-simple:phong_head_sphere_kfb/i2d-empty:/black:/ui-msgbg:/shot-fixed:scope12",
[23:55:02.298] "//////shot-fixed:scope12",
[23:55:02.299] {"delta-t":"camera3d","f":"toggle_csphere","a":true},
[23:55:12.281] {"t":"camera3d","f":"toggle_light","a":{"name":"key","val":false}},
[23:55:12.286] "/payments:/i3d-simple:phong_head_sphere_kfb/i2d-empty:/black:/ui-msgbg:/shot-fixed:scope13",
[23:55:12.286] "//////shot-fixed:scope13",
[23:55:12.287] {"delta-t":"camera3d","f":"toggle_light","a":{"name":"key","val":false}},
[23:55:27.263] {"t":"camera3d","f":"toggle_light","a":{"name":"fill","val":false}},
[23:55:27.295] "/payments:/i3d-simple:phong_head_sphere_kfb/i2d-empty:/black:/ui-msgbg:/shot-fixed:scope14",
[23:55:27.295] "//////shot-fixed:scope14",
[23:55:27.296] {"delta-t":"camera3d","f":"toggle_light","a":{"name":"fill","val":false}},
[23:55:37.263] {"t":"camera3d","f":"toggle_light","a":{"name":"back","val":false}},
[23:55:37.312] "/payments:/i3d-simple:phong_head_sphere_kfb/i2d-empty:/black:/ui-msgbg:/shot-fixed:scope15",
[23:55:37.312] "//////shot-fixed:scope15",
[23:55:37.312] {"delta-t":"camera3d","f":"toggle_light","a":{"name":"back","val":false}},
[23:55:47.265] {"t":"camera3d","f":"toggle_light","a":{"name":"key","val":true}},
[23:55:47.284] "/payments:/i3d-simple:phong_head_sphere_kfb/i2d-empty:/black:/ui-msgbg:/shot-fixed:scope16",
[23:55:47.284] "//////shot-fixed:scope16",
[23:55:47.285] {"delta-t":"camera3d","f":"toggle_light","a":{"name":"key","val":true}},
[23:55:57.264] {"t":"camera3d","f":"toggle_light","a":{"name":"fill","val":true}},
[23:55:57.299] "/payments:/i3d-simple:phong_head_sphere_kfb/i2d-empty:/black:/ui-msgbg:/shot-fixed:scope17",
[23:55:57.299] "//////shot-fixed:scope17",
[23:55:57.300] {"delta-t":"camera3d","f":"toggle_light","a":{"name":"fill","val":true}},
[23:56:12.267] {"t":"camera3d","f":"toggle_light","a":{"name":"back","val":true}},
[23:56:12.288] "//////shot-fixed:scope18",
[23:56:12.288] {"delta-t":"camera3d","f":"toggle_light","a":{"name":"back","val":true}},
[23:56:12.287] "/payments:/i3d-simple:phong_head_sphere_kfb/i2d-empty:/black:/ui-msgbg:/shot-fixed:scope18",
[23:56:27.267] {"t":"narrative","f":"change_scene","a":"a"},
[23:56:27.637] "/a:/i3d-simple:simple_green/i2d-scene:disks0/base-skycube:test_cube/ui-msgbg:/shot-fixed:",
[23:56:27.638] "/a:/i3d-simple:simple_green/i2d-scene:disks0/base-skycube:test_cube//shot-fixed:",
[23:56:27.639] {},
[23:56:37.269] {"t":"narrative","f":"shot","a":"shot-graft:{\"delta\":{\"timeline\":{\"p\":{\"repeat\":0},\"actors\":{\"i3d:cube0:scale\":[{\"dur\":10,\"p\":{\"x\":0.5,\"y\":0.5,\"z\":0.5}}]}},\"branches\":{\"cube0\":{\"children\":{\"cube0_2\":{\"form\":{\"type\":\"'cube.i3d'\",\"x\":0,\"y\":0,\"z\":0,\"textureurl\":\"./images/sky.jpg\",\"w\":5,\"h\":10,\"d\":10,\"color\":\"blue\",\"transparent\":true,\"opacity\":1},\"transform\":{\"t\":[-20,-10,0],\"s\":[0.01,0.01,0.01]},\"children\":{}},\"cube0_3\":{\"form\":{\"type\":\"'cube.i3d'\",\"x\":0,\"y\":-20,\"z\":0,\"textureurl\":\"sky_jpg\",\"w\":5,\"h\":10,\"d\":10,\"color\":\"blue\",\"transparent\":true,\"opacity\":1},\"transform\":{\"t\":[20,0,0],\"s\":[0.01,0.01,0.01]},\"children\":{}}}}}}}"},
[23:56:37.629] "/a:/i3d-simple:simple_green/i2d-scene:disks0/base-skycube:test_cube/ui-msgbg:/shot-graft:scope20",
[23:56:37.629] "//////shot-graft:scope20",
[23:56:37.630] {"delta":{"timeline":{"p":{"repeat":0},"actors":{"i3d:cube0:scale":[{"dur":10,"p":{"x":0.5,"y":0.5,"z":0.5}}]}},"branches":{"cube0":{"children":{"cube0_2":{"form":{"type":"'cube.i3d'","x":0,"y":0,"z":0,"textureurl":"./images/sky.jpg","w":5,"h":10,"d":10,"color":"blue","transparent":true,"opacity":1},"transform":{"t":[-20,-10,0],"s":[0.01,0.01,0.01]},"children":{}},"cube0_3":{"form":{"type":"'cube.i3d'","x":0,"y":-20,"z":0,"textureurl":"sky_jpg","w":5,"h":10,"d":10,"color":"blue","transparent":true,"opacity":1},"transform":{"t":[20,0,0],"s":[0.01,0.01,0.01]},"children":{}}}}}}},
[23:56:52.269] {"t":"narrative","f":"shot","a":"shot-graft:{\"delta\":{\"timeline\":{\"p\":{\"repeat\":0},\"actors\":{\"i3d:cube0_2:scale\":[{\"dur\":10,\"p\":{\"x\":1,\"y\":1,\"z\":1}}],\"i3d:cube0_3:scale\":[{\"dur\":10,\"p\":{\"x\":1,\"y\":1,\"z\":1}}]}},\"branches\":{\"cube0_2\":{\"children\":{\"s0_2_0\":{\"form\":{\"type\":\"'sphere.i3d'\",\"r\":5,\"color\":\"blue\",\"transparent\":true,\"opacity\":0.8},\"transform\":{\"e\":[0,-0.785,0],\"t\":[-10,-10,0],\"s\":[0.01,0.01,0.01]},\"children\":{}},\"s0_2_1\":{\"form\":{\"type\":\"'sphere.i3d'\",\"r\":5,\"color\":\"blue\",\"transparent\":true,\"opacity\":0.8},\"transform\":{\"e\":[0,0.785,0],\"t\":[10,10,0],\"s\":[0.01,0.01,0.01]},\"children\":{}}}}}}}"},
[23:56:52.564] "/a:/i3d-simple:simple_green/i2d-scene:disks0/base-skycube:test_cube/ui-msgbg:/shot-graft:scope21",
[23:56:52.565] "//////shot-graft:scope21",
[23:56:52.565] {"delta":{"timeline":{"p":{"repeat":0},"actors":{"i3d:cube0_2:scale":[{"dur":10,"p":{"x":1,"y":1,"z":1}}],"i3d:cube0_3:scale":[{"dur":10,"p":{"x":1,"y":1,"z":1}}]}},"branches":{"cube0_2":{"children":{"s0_2_0":{"form":{"type":"'sphere.i3d'","r":5,"color":"blue","transparent":true,"opacity":0.8},"transform":{"e":[0,-0.785,0],"t":[-10,-10,0],"s":[0.01,0.01,0.01]},"children":{}},"s0_2_1":{"form":{"type":"'sphere.i3d'","r":5,"color":"blue","transparent":true,"opacity":0.8},"transform":{"e":[0,0.785,0],"t":[10,10,0],"s":[0.01,0.01,0.01]},"children":{}}}}}}},
[23:57:02.277] {"t":"narrative","f":"shot","a":"shot-graft:{\"delta\":{\"timeline\":{\"p\":{\"repeat\":0},\"actors\":{\"i3d:s0_2_0:scale\":[{\"dur\":10,\"p\":{\"x\":1,\"y\":1,\"z\":1}}],\"i3d:s0_2_1:scale\":[{\"dur\":10,\"p\":{\"x\":1,\"y\":1,\"z\":1}}]}},\"branches\":{}}}"},
[23:57:02.342] "//////shot-graft:scope22",
[23:57:02.344] {"delta":{"timeline":{"p":{"repeat":0},"actors":{"i3d:s0_2_0:scale":[{"dur":10,"p":{"x":1,"y":1,"z":1}}],"i3d:s0_2_1:scale":[{"dur":10,"p":{"x":1,"y":1,"z":1}}]}},"branches":{}}},
[23:57:02.341] "/a:/i3d-simple:simple_green/i2d-scene:disks0/base-skycube:test_cube/ui-msgbg:/shot-graft:scope22",
[23:57:17.273] {"t":"camera3d","f":"panflyTo","a":{"r":0.7854,"d":4}},
[23:57:17.289] "/a:/i3d-simple:simple_green/i2d-scene:disks0/base-skycube:test_cube/ui-msgbg:/shot-anim:scope23",
[23:57:17.290] "//////shot-anim:scope23",
[23:57:17.291] {"delta":{"timeline":{"p":{"paused":true,"repeat":0},"actors":{"i3d:camera:rotation":[{"dur":4,"p":{"y":0.7854,"immediateRender":false}}]}}}},
[23:57:27.272] {"t":"narrative","f":"change_scene","a":"footprint"},
[23:57:29.680] "/footprint:/i3d-scene:scene1/i2d-empty:/escher:/ui-msgbg:/shot-fixed:",
[23:57:29.680] "/footprint:/i3d-scene:scene1/i2d-empty:/escher://shot-fixed:",
[23:57:29.681] {},
[23:57:42.272] {"t":"camera3d","f":"panflyTo","a":{"r":0.7854,"d":4}},
[23:57:42.330] "/footprint:/i3d-scene:scene1/i2d-empty:/escher:/ui-msgbg:/shot-anim:scope25",
[23:57:42.331] "//////shot-anim:scope25",
[23:57:42.332] {"delta":{"timeline":{"p":{"paused":true,"repeat":0},"actors":{"i3d:camera:rotation":[{"dur":4,"p":{"y":0.7854,"immediateRender":false}}]}}}},
[23:57:57.273] {"t":"camera3d","f":"tiltflyTo","a":{"r":0.7854,"d":4}},
[23:57:57.332] "/footprint:/i3d-scene:scene1/i2d-empty:/escher:/ui-msgbg:/shot-anim:scope26",
[23:57:57.332] "//////shot-anim:scope26",
[23:57:57.333] {"delta":{"timeline":{"p":{"paused":true,"repeat":0},"actors":{"i3d:camera:rotation":[{"dur":4,"p":{"x":0.7854,"immediateRender":false}}]}}}},
[23:58:07.273] {"t":"camera3d","f":"billboardsFaceCamera"},
[23:58:07.356] "/footprint:/i3d-scene:scene1/i2d-empty:/escher:/ui-msgbg:/shot-fixed:scope27",
[23:58:07.356] "//////shot-fixed:scope27",
[23:58:07.357] {"delta-t":"camera3d","f":"billboardsFaceCamera"},
[23:58:22.276] {"t":"camera3d","f":"tiltflyBy","a":{"r":-0.7854,"d":4}},
[23:58:22.336] "/footprint:/i3d-scene:scene1/i2d-empty:/escher:/ui-msgbg:/shot-anim:scope28",
[23:58:22.337] "//////shot-anim:scope28",
[23:58:22.337] {"delta":{"timeline":{"p":{"paused":true,"repeat":0},"actors":{"i3d:camera:rotation":[{"dur":4,"p":{"x":0,"immediateRender":false}}]}}}},
[23:58:32.294] {"t":"camera3d","f":"panflyBy","a":{"r":-0.7854,"d":4}},
[23:58:32.352] "/footprint:/i3d-scene:scene1/i2d-empty:/escher:/ui-msgbg:/shot-anim:scope29",
[23:58:32.353] {"delta":{"timeline":{"p":{"paused":true,"repeat":0},"actors":{"i3d:camera:rotation":[{"dur":4,"p":{"y":0,"immediateRender":false}}]}}}},
[23:58:32.353] "//////shot-anim:scope29",
[23:58:47.292] {"t":"narrative","f":"change_scene","a":"circle"},
[23:58:47.992] "/circle:/i3d-simple:simple_red/i2d-scene:disks0/base-skycube:test_cube//shot-graft:a0",
[23:58:47.989] "/circle:/i3d-simple:simple_red/i2d-scene:disks0/base-skycube:test_cube/ui-msgbg:/shot-graft:a0",
[23:58:47.993] {"delta":{"timeline":[{"id":"cube0_1","dur":10,"p":{"scale":[1,1,1]},"delay":2}],"branches":{"cube0":{"children":{"cube0_2":{"form":{"type":"'cube.i3d'","x":0,"y":0,"z":0,"textureurl":"./images/sky.jpg","w":20,"h":20,"d":20,"color":"blue","transparent":true,"opacity":1},"transform":{"t":[-20,-10,0],"s":[0.25,1,0.25]},"children":{}},"cube0_3":{"form":{"type":"'cube.i3d'","x":0,"y":-20,"z":0,"textureurl":"sky_jpg","w":20,"h":40,"d":20,"color":"blue","transparent":true,"opacity":1},"transform":{"t":[20,0,0],"s":[0.5,1,0.5]},"children":{}}}}}}},
[23:59:02.293] {"t":"narrative","f":"change_state","a":"/circle:/i3d-simple:simple_red/i2d-scene:mf2d0/base-skycube:test_cube/ui-msgbg:/shot-fixed:"},
[23:59:02.730] "/circle:/i3d-simple:simple_red/i2d-scene:mf2d0/base-skycube:test_cube/ui-msgbg:/shot-fixed:",
[23:59:02.732] "///i2d-scene:mf2d0///shot-fixed:",
[23:59:02.733] {},
[23:59:17.294] {"t":"narrative","f":"change_scene","a":"stocks"},
[23:59:20.188] "/stocks:/i3d-jsonmodels:phonghead_kfb/i2d-scene:defsuse0/grid:/ui-msgbg:/shot-fixed:",
[23:59:20.189] "/stocks:/i3d-jsonmodels:phonghead_kfb/i2d-scene:defsuse0/grid://",
[23:59:20.190] {},
[23:59:32.295] {"t":"narrative","f":"change_state","a":"///i2d-scene:mf2d0///"},
[23:59:32.830] "/stocks:/i3d-jsonmodels:phonghead_kfb/i2d-scene:mf2d0/grid:/ui-msgbg:/shot-fixed:",
[23:59:32.832] "///i2d-scene:mf2d0///",
[23:59:32.832] {},
[23:59:42.296] {"t":"camera3d","f":"panflyBy","a":{"r":-0.7854,"d":4}},
[23:59:42.363] "/stocks:/i3d-jsonmodels:phonghead_kfb/i2d-scene:mf2d0/grid:/ui-msgbg:/shot-anim:scope34",
[23:59:42.364] "//////shot-anim:scope34",
[23:59:42.364] {"delta":{"timeline":{"p":{"paused":true,"repeat":0},"actors":{"i3d:camera:rotation":[{"dur":4,"p":{"y":-0.7854,"immediateRender":false}}]}}}},
[23:59:57.296] {"t":"camera2d","f":"zoomflyBy","a":{"s":0.9,"d":3}},
[23:59:57.384] "/stocks:/i3d-jsonmodels:phonghead_kfb/i2d-scene:mf2d0/grid:/ui-msgbg:/shot-anim:scope35",
[23:59:57.385] "//////shot-anim:scope35",
[23:59:57.385] {"delta":{"timeline":{"p":{"paused":true,"repeat":0,"tweens":[]},"actors":{"i2d:zoom_plane":[{"dur":3,"p":{"scale":0.9,"svgOrigin":"0% 0%","immediateRender":false}}]}}}},
[00:00:07.300] {"t":"camera2d","f":"zoomflyTo","a":{"s":2,"d":3}},
[00:00:07.374] "/stocks:/i3d-jsonmodels:phonghead_kfb/i2d-scene:mf2d0/grid:/ui-msgbg:/shot-anim:scope36",
[00:00:07.374] "//////shot-anim:scope36",
[00:00:07.375] {"delta":{"timeline":{"p":{"paused":true,"repeat":0,"tweens":[]},"actors":{"i2d:zoom_plane":[{"dur":3,"p":{"scale":2,"svgOrigin":"0% 0%","immediateRender":false}}]}}}},
[00:00:17.305] {"t":"camera2d","f":"zoomflyTo","a":{"s":0.5,"d":3}},
[00:00:17.369] "/stocks:/i3d-jsonmodels:phonghead_kfb/i2d-scene:mf2d0/grid:/ui-msgbg:/shot-anim:scope37",
[00:00:17.370] "//////shot-anim:scope37",
[00:00:17.370] {"delta":{"timeline":{"p":{"paused":true,"repeat":0,"tweens":[]},"actors":{"i2d:zoom_plane":[{"dur":3,"p":{"scale":0.5,"svgOrigin":"0% 0%","immediateRender":false}}]}}}},
[00:00:32.309] {"t":"camera2d","f":"dollyflyTo","a":{"x":20,"d":3}},
[00:00:32.353] "/stocks:/i3d-jsonmodels:phonghead_kfb/i2d-scene:mf2d0/grid:/ui-msgbg:/shot-anim:scope38",
[00:00:32.353] "//////shot-anim:scope38",
[00:00:32.353] {"delta":{"timeline":{"p":{"paused":true,"repeat":0,"tweens":[]},"actors":{"i2d:plane":[{"dur":3,"p":{"x":20,"y":0,"immediateRender":false}}]}}}},
[00:00:47.307] {"t":"camera2d","f":"center","a":{"d":3}},
[00:00:47.393] "/stocks:/i3d-jsonmodels:phonghead_kfb/i2d-scene:mf2d0/grid:/ui-msgbg:/shot-anim:scope39",
[00:00:47.393] "//////shot-anim:scope39",
[00:00:47.394] {"delta":{"timeline":{"p":{"paused":true,"repeat":0},"actors":{"i2d:plane":[{"dur":3,"p":{"x":0,"y":0,"immediateRender":false}}],"i2d:zoom_plane":[{"dur":3,"p":{"rotation":0,"svgOrigin":"0% 0%","immediateRender":false}}]}}}},
[00:00:57.307] {"t":"camera2d","f":"home","a":{"d":3}},
[00:00:57.359] "/stocks:/i3d-jsonmodels:phonghead_kfb/i2d-scene:mf2d0/grid:/ui-msgbg:/shot-anim:scope40",
[00:00:57.359] "//////shot-anim:scope40",
[00:00:57.359] {"delta":{"timeline":{"p":{"paused":true,"repeat":0},"actors":{"i2d:plane":[{"dur":3,"p":{"x":0,"y":0,"immediateRender":false}}],"i2d:zoom_plane":[{"dur":3,"p":{"rotation":0,"scale":1,"svgOrigin":"0% 0%","immediateRender":false}}]}}}},
[00:01:12.313] {"t":"camera2d","f":"rollflyTo","a":{"r":-90,"d":3}},
[00:01:12.352] "/stocks:/i3d-jsonmodels:phonghead_kfb/i2d-scene:mf2d0/grid:/ui-msgbg:/shot-anim:scope41",
[00:01:12.353] "//////shot-anim:scope41",
[00:01:12.354] {"delta":{"timeline":{"p":{"paused":true,"repeat":0,"tweens":[]},"actors":{"i2d:zoom_plane":[{"dur":3,"p":{"rotation":-90,"svgOrigin":"0% 0%","immediateRender":false}}]}}}},
[00:01:22.317] {"t":"camera2d","f":"rollflyBy","a":{"r":45,"d":3}},
[00:01:22.343] "//////shot-anim:scope42",
[00:01:22.343] {"delta":{"timeline":{"p":{"paused":true,"repeat":0,"tweens":[]},"actors":{"i2d:zoom_plane":[{"dur":3,"p":{"rotation":-45,"svgOrigin":"0% 0%","immediateRender":false}}]}}}},
[00:01:22.343] "/stocks:/i3d-jsonmodels:phonghead_kfb/i2d-scene:mf2d0/grid:/ui-msgbg:/shot-anim:scope42",
[00:01:37.317] {"t":"camera2d","f":"rollflyBy","a":{"r":45,"d":3}},
[00:01:37.452] "/stocks:/i3d-jsonmodels:phonghead_kfb/i2d-scene:mf2d0/grid:/ui-msgbg:/shot-anim:scope43",
[00:01:37.452] "//////shot-anim:scope43",
[00:01:37.452] {"delta":{"timeline":{"p":{"paused":true,"repeat":0,"tweens":[]},"actors":{"i2d:zoom_plane":[{"dur":3,"p":{"rotation":0,"svgOrigin":"0% 0%","immediateRender":false}}]}}}},
[00:01:52.318] {"t":"camera2d","f":"dollyflyTo","a":{"x":20,"d":3}},
[00:01:52.408] "/stocks:/i3d-jsonmodels:phonghead_kfb/i2d-scene:mf2d0/grid:/ui-msgbg:/shot-anim:scope44",
[00:01:52.409] "//////shot-anim:scope44",
[00:01:52.409] {"delta":{"timeline":{"p":{"paused":true,"repeat":0,"tweens":[]},"actors":{"i2d:plane":[{"dur":3,"p":{"x":20,"y":0,"immediateRender":false}}]}}}},
[00:02:02.335] {"t":"camera2d","f":"dollyflyTo","a":{"y":20,"d":3}},
[00:02:02.384] "/stocks:/i3d-jsonmodels:phonghead_kfb/i2d-scene:mf2d0/grid:/ui-msgbg:/shot-anim:scope45",
[00:02:02.384] "//////shot-anim:scope45",
[00:02:02.385] {"delta":{"timeline":{"p":{"paused":true,"repeat":0,"tweens":[]},"actors":{"i2d:plane":[{"dur":3,"p":{"x":20,"y":-20,"immediateRender":false}}]}}}},
[00:02:17.347] {"t":"camera2d","f":"dollyflyTo","a":{"x":0,"d":3}},
[00:02:17.396] "/stocks:/i3d-jsonmodels:phonghead_kfb/i2d-scene:mf2d0/grid:/ui-msgbg:/shot-anim:scope46",
[00:02:17.396] "//////shot-anim:scope46",
[00:02:17.397] {"delta":{"timeline":{"p":{"paused":true,"repeat":0,"tweens":[]},"actors":{"i2d:plane":[{"dur":3,"p":{"x":0,"y":-20,"immediateRender":false}}]}}}},
[00:02:27.347] {"t":"camera2d","f":"dollyflyTo","a":{"y":-40,"d":3}},
[00:02:27.366] "/stocks:/i3d-jsonmodels:phonghead_kfb/i2d-scene:mf2d0/grid:/ui-msgbg:/shot-anim:scope47",
[00:02:27.367] "//////shot-anim:scope47",
[00:02:27.368] {"delta":{"timeline":{"p":{"paused":true,"repeat":0,"tweens":[]},"actors":{"i2d:plane":[{"dur":3,"p":{"x":0,"y":40,"immediateRender":false}}]}}}},
[00:02:42.347] {"t":"camera2d","f":"dollyflyTo","a":{"x":20,"d":3}},
[00:02:42.389] "/stocks:/i3d-jsonmodels:phonghead_kfb/i2d-scene:mf2d0/grid:/ui-msgbg:/shot-anim:scope48",
[00:02:42.389] "//////shot-anim:scope48",
[00:02:42.389] {"delta":{"timeline":{"p":{"paused":true,"repeat":0,"tweens":[]},"actors":{"i2d:plane":[{"dur":3,"p":{"x":20,"y":40,"immediateRender":false}}]}}}},
[00:02:52.348] {"t":"camera2d","f":"dollyflyTo","a":{"x":0,"d":3}},
[00:02:52.415] "/stocks:/i3d-jsonmodels:phonghead_kfb/i2d-scene:mf2d0/grid:/ui-msgbg:/shot-anim:scope49",
[00:02:52.415] "//////shot-anim:scope49",
[00:02:52.415] "*** e2e urls test: 50 tests  0 failures ***",
[00:02:52.416] {"delta":{"timeline":{"p":{"paused":true,"repeat":0,"tweens":[]},"actors":{"i2d:plane":[{"dur":3,"p":{"x":0,"y":40,"immediateRender":false}}]}}}},
[00:02:52.416] "*** e2e shot test: 50 tests 0 failures ***",
