[18:20:57.368] {"t":"location","f":"url","a":"/"},
[18:21:50.986] {"a":"starting Mockserver..."},
[18:22:06.941] {"t":"location","f":"url","a":"/a:/i3d-simple:simple_green/i2d-scene:disks0/base-skycube:test_cube//LS"},
[18:22:21.886] {"t":"location","f":"url","a":"/a0://///shot-graft:scope1"},
[18:22:31.818] {"t":"location","f":"url","a":"/a1://///shot-graft:scope2"},
[18:22:41.775] {"t":"location","f":"url","a":"/a2://///shot-graft:scope3"},
[18:22:56.849] {"t":"location","f":"url","a":"//////shot-anim:scope4"},
[18:23:07.881] {"t":"location","f":"url","a":"/payments:/i3d-simple:phong_head_sphere_kfb/i2d-empty:/black://CU:"},
[18:25:12.070] {"t":"location","f":"url","a":"/a:/i3d-simple:simple_green/i2d-scene:disks0/base-skycube:test_cube//LS"},
[18:25:22.031] {"t":"location","f":"url","a":"//////shot-graft:scope7"},
[18:25:36.965] {"t":"location","f":"url","a":"//////shot-graft:scope8"},
[18:25:46.864] {"t":"location","f":"url","a":"//////shot-graft:scope9"},
[18:26:01.875] {"t":"location","f":"url","a":"//////shot-anim:scope10"},
[18:26:13.760] {"t":"location","f":"url","a":"/footprint:/i3d-scene:scene1/i2d-empty:/escher://ECU:"},
[18:26:26.881] {"t":"location","f":"url","a":"//////shot-anim:scope12"},
[18:26:41.914] {"t":"location","f":"url","a":"//////shot-anim:scope13"},
[18:27:06.897] {"t":"location","f":"url","a":"//////shot-anim:scope14"},
[18:27:16.898] {"t":"location","f":"url","a":"//////shot-anim:scope15"},
[18:27:27.308] {"t":"location","f":"url","a":"/circle:/i3d-simple:simple_red/i2d-scene:disks0/base-skycube:test_cube//shot-graft:a0"},
[18:27:42.127] {"t":"location","f":"url","a":"///i2d-scene:mf2d0//ui-msgbg/MS"},
[18:27:58.575] {"t":"location","f":"url","a":"/stocks:/i3d-jsonmodels:phonghead_kfb/i2d-scene:defsuse0/grid:/ui-msgbg:/2S:"},
[18:28:12.114] {"t":"location","f":"url","a":"///i2d-scene:mf2d0///"},
[18:28:21.899] {"t":"location","f":"url","a":"//////shot-anim:scope20"},
[18:28:36.902] {"t":"location","f":"url","a":"//////shot-anim:scope21"},
[18:28:46.931] {"t":"location","f":"url","a":"//////shot-anim:scope22"},
[18:28:56.923] {"t":"location","f":"url","a":"//////shot-anim:scope23"},
[18:29:11.914] {"t":"location","f":"url","a":"//////shot-anim:scope24"},
[18:29:21.918] {"t":"location","f":"url","a":"//////shot-anim:scope25"},
[18:29:31.911] {"t":"location","f":"url","a":"//////shot-anim:scope26"},
[18:29:46.942] {"t":"location","f":"url","a":"//////shot-anim:scope27"},
[18:30:01.920] {"t":"location","f":"url","a":"//////shot-anim:scope28"},
[18:30:11.941] {"t":"location","f":"url","a":"//////shot-anim:scope29"},
[18:30:26.918] {"t":"location","f":"url","a":"//////shot-anim:scope30"},
[18:30:36.929] {"t":"location","f":"url","a":"//////shot-anim:scope31"},
[18:30:46.917] {"t":"location","f":"url","a":"//////shot-anim:scope32"},
[18:30:56.909] {"t":"location","f":"url","a":"//////shot-anim:scope33"},
[18:31:06.932] {"t":"location","f":"url","a":"//////shot-anim:scope34"},
[18:31:16.920] {"t":"location","f":"url","a":"//////shot-anim:scope35"},
[18:31:31.922] {"t":"location","f":"url","a":"//////shot-anim:scope36"},
[18:31:41.921] {"t":"location","f":"url","a":"//////shot-anim:scope37"},
[18:32:06.915] {"t":"location","f":"url","a":"//////shot-anim:scope38"},
[18:32:21.919] {"t":"location","f":"url","a":"//////shot-anim:scope39"},
[18:32:31.914] {"t":"location","f":"url","a":"//////shot-anim:scope40"},
[18:32:41.932] {"t":"location","f":"url","a":"//////shot-anim:scope41"},
[18:32:56.927] {"t":"location","f":"url","a":"//////shot-anim:scope42"},
[18:33:06.922] {"t":"location","f":"url","a":"//////shot-anim:scope43"},
[18:33:16.928] {"t":"location","f":"url","a":"//////shot-anim:scope44"},
[18:33:31.938] {"t":"location","f":"url","a":"//////shot-anim:scope45"},
[18:33:51.927] {"t":"location","f":"url","a":"//////shot-anim:scope46"},
[18:33:56.930] {"t":"location","f":"url","a":"//////shot-anim:scope47"},
[18:34:21.922] {"t":"location","f":"url","a":"//////shot-anim:scope48"},
[18:34:31.940] {"t":"location","f":"url","a":"//////shot-anim:scope49"},
[18:34:46.925] {"t":"location","f":"url","a":"//////shot-anim:scope50"},
[18:34:56.946] {"t":"location","f":"url","a":"//////shot-anim:scope51"},
[18:35:11.927] {"t":"location","f":"url","a":"//////shot-anim:scope52"},
[18:35:26.933] {"t":"location","f":"url","a":"//////shot-anim:scope53"},
[18:35:41.929] {"t":"location","f":"url","a":"//////shot-anim:scope54"},
[18:35:51.935] {"t":"location","f":"url","a":"//////shot-anim:scope55"},
[18:36:06.930] {"t":"location","f":"url","a":"//////shot-anim:scope56"},
[18:36:16.938] {"t":"location","f":"url","a":"//////shot-anim:scope57"},
[18:36:31.947] {"t":"location","f":"url","a":"//////shot-anim:scope58"},
[18:36:41.935] {"t":"location","f":"url","a":"//////shot-anim:scope59"},
[18:36:56.940] {"t":"location","f":"url","a":"//////shot-anim:scope60"},
[18:37:11.938] {"t":"location","f":"url","a":"//////shot-anim:scope61"},
[18:37:21.951] {"t":"location","f":"url","a":"//////shot-anim:scope62"},
[18:39:19.896] {"t":"location","f":"url","a":"//////shot-anim:scope63"},
