[18:55:33.225] {"t":"location","f":"url","a":"/metaweb:/i3d-empty/i2d-reflect:/empty:/ui-msgbg:/LS:"},
[18:56:09.156] {"a":"starting Mockserver..."},
[18:56:22.691] {"t":"location","f":"url","a":"/a:/i3d-simple:simple_green/i2d-scene:disks0/base-skycube:test_cube/ui-msgbg:/LS"},
[18:56:37.537] {"t":"location","f":"url","a":"/a0:/i3d-simple:simple_green/i2d-scene:disks0/base-skycube:test_cube/ui-msgbg:/shot-graft:scope1"},
[18:56:47.483] {"t":"location","f":"url","a":"/a1:/i3d-simple:simple_green/i2d-scene:disks0/base-skycube:test_cube/ui-msgbg:/shot-graft:scope2"},
[18:57:02.505] {"t":"location","f":"url","a":"/a2:/i3d-simple:simple_green/i2d-scene:disks0/base-skycube:test_cube/ui-msgbg:/shot-graft:scope3"},
[18:57:17.508] {"t":"location","f":"url","a":"/a2:/i3d-simple:simple_green/i2d-scene:disks0/base-skycube:test_cube/ui-msgbg:/shot-anim:scope4"},
[18:57:33.043] {"t":"location","f":"url","a":"/payments:/i3d-simple:phong_head_sphere_kfb/i2d-empty:/black:/ui-msgbg:/CU:"},
[18:59:22.788] {"t":"location","f":"url","a":"/a:/i3d-simple:simple_green/i2d-scene:disks0/base-skycube:test_cube/ui-msgbg:/LS"},
[18:59:37.675] {"t":"location","f":"url","a":"/a:/i3d-simple:simple_green/i2d-scene:disks0/base-skycube:test_cube/ui-msgbg:/shot-graft:scope7"},
[18:59:47.666] {"t":"location","f":"url","a":"/a:/i3d-simple:simple_green/i2d-scene:disks0/base-skycube:test_cube/ui-msgbg:/shot-graft:scope8"},
[18:59:57.550] {"t":"location","f":"url","a":"/a:/i3d-simple:simple_green/i2d-scene:disks0/base-skycube:test_cube/ui-msgbg:/shot-graft:scope9"},
[19:00:12.533] {"t":"location","f":"url","a":"/a:/i3d-simple:simple_green/i2d-scene:disks0/base-skycube:test_cube/ui-msgbg:/shot-anim:scope10"},
[19:00:24.402] {"t":"location","f":"url","a":"/footprint:/i3d-scene:scene1/i2d-empty:/escher:/ui-msgbg:/ECU:"},
[19:00:37.556] {"t":"location","f":"url","a":"/footprint:/i3d-scene:scene1/i2d-empty:/escher:/ui-msgbg:/shot-anim:scope12"},
[19:00:47.561] {"t":"location","f":"url","a":"/footprint:/i3d-scene:scene1/i2d-empty:/escher:/ui-msgbg:/shot-anim:scope13"},
[19:01:12.567] {"t":"location","f":"url","a":"/footprint:/i3d-scene:scene1/i2d-empty:/escher:/ui-msgbg:/shot-anim:scope14"},
[19:01:22.576] {"t":"location","f":"url","a":"/footprint:/i3d-scene:scene1/i2d-empty:/escher:/ui-msgbg:/shot-anim:scope15"},
[19:01:37.965] {"t":"location","f":"url","a":"/circle:/i3d-simple:simple_red/i2d-scene:disks0/base-skycube:test_cube/ui-msgbg:/shot-graft:a0"},
[19:01:47.789] {"t":"location","f":"url","a":"/circle:/i3d-simple:simple_red/i2d-scene:mf2d0/base-skycube:test_cube/ui-msgbg/MS"},
