[19:03:28.117] {"t":"state","f":"abs_url","a":"/metaweb:/i3d-empty/i2d-reflect:/empty:/ui-msgbg:/LS:"},
[19:03:28.222] {"t":"location","f":"url","a":"/"},
[19:03:34.006] {"a":"starting Mockserver..."},
[19:03:47.546] {"t":"location","f":"url","a":"/a:/i3d-simple:simple_green/i2d-scene:disks0/base-skycube:test_cube//LS"},
[19:03:47.545] {"t":"state","f":"abs_url","a":"/a:/i3d-simple:simple_green/i2d-scene:disks0/base-skycube:test_cube/ui-msgbg:/LS"},
[19:04:02.394] {"t":"state","f":"abs_url","a":"/a0:/i3d-simple:simple_green/i2d-scene:disks0/base-skycube:test_cube/ui-msgbg:/shot-graft:scope1"},
[19:04:02.395] {"t":"location","f":"url","a":"/a0://///shot-graft:scope1"},
[19:04:12.342] {"t":"state","f":"abs_url","a":"/a1:/i3d-simple:simple_green/i2d-scene:disks0/base-skycube:test_cube/ui-msgbg:/shot-graft:scope2"},
[19:04:12.343] {"t":"location","f":"url","a":"/a1://///shot-graft:scope2"},
[19:04:27.289] {"t":"state","f":"abs_url","a":"/a2:/i3d-simple:simple_green/i2d-scene:disks0/base-skycube:test_cube/ui-msgbg:/shot-graft:scope3"},
[19:04:27.289] {"t":"location","f":"url","a":"/a2://///shot-graft:scope3"},
[19:04:42.287] {"t":"state","f":"abs_url","a":"/a2:/i3d-simple:simple_green/i2d-scene:disks0/base-skycube:test_cube/ui-msgbg:/shot-anim:scope4"},
[19:04:42.288] {"t":"location","f":"url","a":"//////shot-anim:scope4"},
[19:04:53.309] {"t":"state","f":"abs_url","a":"/payments:/i3d-simple:phong_head_sphere_kfb/i2d-empty:/black:/ui-msgbg:/CU:"},
[19:04:53.312] {"t":"location","f":"url","a":"/payments:/i3d-simple:phong_head_sphere_kfb/i2d-empty:/black://CU:"},
[19:06:47.483] {"t":"state","f":"abs_url","a":"/a:/i3d-simple:simple_green/i2d-scene:disks0/base-skycube:test_cube/ui-msgbg:/LS"},
[19:06:47.486] {"t":"location","f":"url","a":"/a:/i3d-simple:simple_green/i2d-scene:disks0/base-skycube:test_cube//LS"},
[19:07:02.436] {"t":"state","f":"abs_url","a":"/a:/i3d-simple:simple_green/i2d-scene:disks0/base-skycube:test_cube/ui-msgbg:/shot-graft:scope7"},
[19:07:02.436] {"t":"location","f":"url","a":"//////shot-graft:scope7"},
[19:07:12.388] {"t":"state","f":"abs_url","a":"/a:/i3d-simple:simple_green/i2d-scene:disks0/base-skycube:test_cube/ui-msgbg:/shot-graft:scope8"},
[19:07:12.389] {"t":"location","f":"url","a":"//////shot-graft:scope8"},
[19:07:27.413] {"t":"state","f":"abs_url","a":"/a:/i3d-simple:simple_green/i2d-scene:disks0/base-skycube:test_cube/ui-msgbg:/shot-graft:scope9"},
[19:07:27.413] {"t":"location","f":"url","a":"//////shot-graft:scope9"},
[19:07:42.418] {"t":"state","f":"abs_url","a":"/a:/i3d-simple:simple_green/i2d-scene:disks0/base-skycube:test_cube/ui-msgbg:/shot-anim:scope10"},
[19:07:42.418] {"t":"location","f":"url","a":"//////shot-anim:scope10"},
[19:07:54.251] {"t":"state","f":"abs_url","a":"/footprint:/i3d-scene:scene1/i2d-empty:/escher:/ui-msgbg:/ECU:"},
[19:07:54.251] {"t":"location","f":"url","a":"/footprint:/i3d-scene:scene1/i2d-empty:/escher://ECU:"},
[19:08:07.441] {"t":"state","f":"abs_url","a":"/footprint:/i3d-scene:scene1/i2d-empty:/escher:/ui-msgbg:/shot-anim:scope12"},
[19:08:07.441] {"t":"location","f":"url","a":"//////shot-anim:scope12"},
[19:08:22.437] {"t":"state","f":"abs_url","a":"/footprint:/i3d-scene:scene1/i2d-empty:/escher:/ui-msgbg:/shot-anim:scope13"},
[19:08:22.437] {"t":"location","f":"url","a":"//////shot-anim:scope13"},
[19:08:42.438] {"t":"location","f":"url","a":"//////shot-anim:scope14"},
[19:08:42.437] {"t":"state","f":"abs_url","a":"/footprint:/i3d-scene:scene1/i2d-empty:/escher:/ui-msgbg:/shot-anim:scope14"},
[19:08:52.433] {"t":"state","f":"abs_url","a":"/footprint:/i3d-scene:scene1/i2d-empty:/escher:/ui-msgbg:/shot-anim:scope15"},
[19:08:52.435] {"t":"location","f":"url","a":"//////shot-anim:scope15"},
[19:09:07.834] {"t":"state","f":"abs_url","a":"/circle:/i3d-simple:simple_red/i2d-scene:disks0/base-skycube:test_cube/ui-msgbg:/shot-graft:a0"},
[19:09:07.834] {"t":"location","f":"url","a":"/circle:/i3d-simple:simple_red/i2d-scene:disks0/base-skycube:test_cube//shot-graft:a0"},
[19:09:17.647] {"t":"state","f":"abs_url","a":"/circle:/i3d-simple:simple_red/i2d-scene:mf2d0/base-skycube:test_cube/ui-msgbg/MS"},
[19:09:17.647] {"t":"location","f":"url","a":"///i2d-scene:mf2d0//ui-msgbg/MS"},
[19:09:33.887] {"t":"state","f":"abs_url","a":"/stocks:/i3d-jsonmodels:phonghead_kfb/i2d-scene:defsuse0/grid:/ui-msgbg:/2S:"},
[19:09:33.888] {"t":"location","f":"url","a":"/stocks:/i3d-jsonmodels:phonghead_kfb/i2d-scene:defsuse0/grid:/ui-msgbg:/2S:"},
[19:09:47.658] {"t":"state","f":"abs_url","a":"///i2d-scene:mf2d0///"},
[19:09:47.660] {"t":"location","f":"url","a":"///i2d-scene:mf2d0///"},
[19:09:57.448] {"t":"state","f":"abs_url","a":"///i2d-scene:mf2d0///shot-anim:scope20"},
[19:09:57.448] {"t":"location","f":"url","a":"//////shot-anim:scope20"},
[19:10:12.447] {"t":"state","f":"abs_url","a":"///i2d-scene:mf2d0///shot-anim:scope21"},
[19:10:12.448] {"t":"location","f":"url","a":"//////shot-anim:scope21"},
[19:10:27.442] {"t":"state","f":"abs_url","a":"///i2d-scene:mf2d0///shot-anim:scope22"},
[19:10:27.444] {"t":"location","f":"url","a":"//////shot-anim:scope22"},
[19:10:37.466] {"t":"state","f":"abs_url","a":"///i2d-scene:mf2d0///shot-anim:scope23"},
[19:10:37.467] {"t":"location","f":"url","a":"//////shot-anim:scope23"},
[19:10:52.464] {"t":"state","f":"abs_url","a":"///i2d-scene:mf2d0///shot-anim:scope24"},
[19:10:52.464] {"t":"location","f":"url","a":"//////shot-anim:scope24"},
[19:11:02.450] {"t":"state","f":"abs_url","a":"///i2d-scene:mf2d0///shot-anim:scope25"},
[19:11:02.451] {"t":"location","f":"url","a":"//////shot-anim:scope25"},
[19:11:17.459] {"t":"state","f":"abs_url","a":"///i2d-scene:mf2d0///shot-anim:scope26"},
[19:11:17.459] {"t":"location","f":"url","a":"//////shot-anim:scope26"},
[19:11:27.457] {"t":"state","f":"abs_url","a":"///i2d-scene:mf2d0///shot-anim:scope27"},
[19:11:27.457] {"t":"location","f":"url","a":"//////shot-anim:scope27"},
[19:11:42.454] {"t":"state","f":"abs_url","a":"///i2d-scene:mf2d0///shot-anim:scope28"},
[19:11:42.455] {"t":"location","f":"url","a":"//////shot-anim:scope28"},
[19:11:57.443] {"t":"state","f":"abs_url","a":"///i2d-scene:mf2d0///shot-anim:scope29"},
[19:11:57.443] {"t":"location","f":"url","a":"//////shot-anim:scope29"},
[19:12:07.457] {"t":"state","f":"abs_url","a":"///i2d-scene:mf2d0///shot-anim:scope30"},
[19:12:07.458] {"t":"location","f":"url","a":"//////shot-anim:scope30"},
[19:12:17.465] {"t":"state","f":"abs_url","a":"///i2d-scene:mf2d0///shot-anim:scope31"},
[19:12:17.467] {"t":"location","f":"url","a":"//////shot-anim:scope31"},
[19:12:32.450] {"t":"state","f":"abs_url","a":"///i2d-scene:mf2d0///shot-anim:scope32"},
[19:12:32.452] {"t":"location","f":"url","a":"//////shot-anim:scope32"},
[19:12:47.464] {"t":"state","f":"abs_url","a":"///i2d-scene:mf2d0///shot-anim:scope33"},
[19:12:47.464] {"t":"location","f":"url","a":"//////shot-anim:scope33"},
[19:13:02.463] {"t":"state","f":"abs_url","a":"///i2d-scene:mf2d0///shot-anim:scope34"},
[19:13:02.464] {"t":"location","f":"url","a":"//////shot-anim:scope34"},
[19:13:12.485] {"t":"state","f":"abs_url","a":"///i2d-scene:mf2d0///shot-anim:scope35"},
[19:13:12.486] {"t":"location","f":"url","a":"//////shot-anim:scope35"},
[19:13:27.464] {"t":"state","f":"abs_url","a":"///i2d-scene:mf2d0///shot-anim:scope36"},
[19:13:27.465] {"t":"location","f":"url","a":"//////shot-anim:scope36"},
[19:13:37.464] {"t":"location","f":"url","a":"//////shot-anim:scope37"},
[19:13:37.464] {"t":"state","f":"abs_url","a":"///i2d-scene:mf2d0///shot-anim:scope37"},
[19:14:02.451] {"t":"state","f":"abs_url","a":"///i2d-scene:mf2d0///shot-anim:scope38"},
[19:14:02.451] {"t":"location","f":"url","a":"//////shot-anim:scope38"},
[19:14:17.478] {"t":"state","f":"abs_url","a":"///i2d-scene:mf2d0///shot-anim:scope39"},
[19:14:17.479] {"t":"location","f":"url","a":"//////shot-anim:scope39"},
[19:14:32.452] {"t":"state","f":"abs_url","a":"///i2d-scene:mf2d0///shot-anim:scope40"},
[19:14:32.452] {"t":"location","f":"url","a":"//////shot-anim:scope40"},
[19:14:47.472] {"t":"state","f":"abs_url","a":"///i2d-scene:mf2d0///shot-anim:scope41"},
[19:14:47.473] {"t":"location","f":"url","a":"//////shot-anim:scope41"},
[19:14:57.465] {"t":"state","f":"abs_url","a":"///i2d-scene:mf2d0///shot-anim:scope42"},
[19:14:57.466] {"t":"location","f":"url","a":"//////shot-anim:scope42"},
[19:15:12.476] {"t":"state","f":"abs_url","a":"///i2d-scene:mf2d0///shot-anim:scope43"},
[19:15:12.478] {"t":"location","f":"url","a":"//////shot-anim:scope43"},
[19:15:22.473] {"t":"state","f":"abs_url","a":"///i2d-scene:mf2d0///shot-anim:scope44"},
[19:15:22.473] {"t":"location","f":"url","a":"//////shot-anim:scope44"},
[19:15:37.475] {"t":"state","f":"abs_url","a":"///i2d-scene:mf2d0///shot-anim:scope45"},
[19:15:37.476] {"t":"location","f":"url","a":"//////shot-anim:scope45"},
[19:15:57.459] {"t":"state","f":"abs_url","a":"///i2d-scene:mf2d0///shot-anim:scope46"},
[19:15:57.460] {"t":"location","f":"url","a":"//////shot-anim:scope46"},
[19:16:00.469] {"t":"state","f":"abs_url","a":"///i2d-scene:mf2d0///shot-anim:scope47"},
[19:16:00.470] {"t":"location","f":"url","a":"//////shot-anim:scope47"},
[19:16:27.503] {"t":"state","f":"abs_url","a":"///i2d-scene:mf2d0///shot-anim:scope48"},
[19:16:27.504] {"t":"location","f":"url","a":"//////shot-anim:scope48"},
[19:16:42.497] {"t":"state","f":"abs_url","a":"///i2d-scene:mf2d0///shot-anim:scope49"},
[19:16:42.497] {"t":"location","f":"url","a":"//////shot-anim:scope49"},
[19:16:52.495] {"t":"state","f":"abs_url","a":"///i2d-scene:mf2d0///shot-anim:scope50"},
[19:16:52.495] {"t":"location","f":"url","a":"//////shot-anim:scope50"},
[19:17:07.500] {"t":"state","f":"abs_url","a":"///i2d-scene:mf2d0///shot-anim:scope51"},
[19:17:07.500] {"t":"location","f":"url","a":"//////shot-anim:scope51"},
[19:17:22.507] {"t":"state","f":"abs_url","a":"///i2d-scene:mf2d0///shot-anim:scope52"},
[19:17:22.507] {"t":"location","f":"url","a":"//////shot-anim:scope52"},
[19:17:32.486] {"t":"state","f":"abs_url","a":"///i2d-scene:mf2d0///shot-anim:scope53"},
[19:17:32.487] {"t":"location","f":"url","a":"//////shot-anim:scope53"},
[19:17:47.491] {"t":"state","f":"abs_url","a":"///i2d-scene:mf2d0///shot-anim:scope54"},
[19:17:47.492] {"t":"location","f":"url","a":"//////shot-anim:scope54"},
[19:17:57.493] {"t":"state","f":"abs_url","a":"///i2d-scene:mf2d0///shot-anim:scope55"},
[19:17:57.493] {"t":"location","f":"url","a":"//////shot-anim:scope55"},
[19:18:07.488] {"t":"state","f":"abs_url","a":"///i2d-scene:mf2d0///shot-anim:scope56"},
[19:18:07.488] {"t":"location","f":"url","a":"//////shot-anim:scope56"},
[19:18:22.487] {"t":"state","f":"abs_url","a":"///i2d-scene:mf2d0///shot-anim:scope57"},
[19:18:22.487] {"t":"location","f":"url","a":"//////shot-anim:scope57"},
[19:18:32.504] {"t":"state","f":"abs_url","a":"///i2d-scene:mf2d0///shot-anim:scope58"},
[19:18:32.504] {"t":"location","f":"url","a":"//////shot-anim:scope58"},
[19:18:42.494] {"t":"state","f":"abs_url","a":"///i2d-scene:mf2d0///shot-anim:scope59"},
[19:18:42.495] {"t":"location","f":"url","a":"//////shot-anim:scope59"},
[19:18:52.495] {"t":"state","f":"abs_url","a":"///i2d-scene:mf2d0///shot-anim:scope60"},
[19:18:52.495] {"t":"location","f":"url","a":"//////shot-anim:scope60"},
[19:19:02.495] {"t":"state","f":"abs_url","a":"///i2d-scene:mf2d0///shot-anim:scope61"},
[19:19:02.495] {"t":"location","f":"url","a":"//////shot-anim:scope61"},
[19:19:17.509] {"t":"state","f":"abs_url","a":"///i2d-scene:mf2d0///shot-anim:scope62"},
[19:19:17.509] {"t":"location","f":"url","a":"//////shot-anim:scope62"},
[21:08:54.477] {"t":"state","f":"abs_url","a":"///i2d-scene:mf2d0///shot-anim:scope63"},
[21:08:54.491] {"t":"location","f":"url","a":"//////shot-anim:scope63"},
