[21:11:19.700] "/metaweb:/i3d-empty/i2d-reflect:/empty:/ui-msgbg:/LS:",
[21:11:19.791] "/",
[21:11:23.875] {"a":"starting Mockserver..."},
[21:22:04.356] {"a":"starting Mockserver..."},
[21:22:06.647] "/a:/i3d-simple:simple_green/i2d-scene:disks0/base-skycube:test_cube/ui-msgbg:/LS",
[21:22:06.647] "/a:/i3d-simple:simple_green/i2d-scene:disks0/base-skycube:test_cube//LS",
[21:33:37.580] "/a0:/i3d-simple:simple_green/i2d-scene:disks0/base-skycube:test_cube/ui-msgbg:/shot-graft:scope1",
[21:33:37.580] "/a0://///shot-graft:scope1",
[21:44:01.565] "/a1:/i3d-simple:simple_green/i2d-scene:disks0/base-skycube:test_cube/ui-msgbg:/shot-graft:scope2",
[21:44:01.565] "/a1://///shot-graft:scope2",
[21:44:16.515] "/a2:/i3d-simple:simple_green/i2d-scene:disks0/base-skycube:test_cube/ui-msgbg:/shot-graft:scope3",
[21:44:16.515] "/a2://///shot-graft:scope3",
[21:44:26.507] "/a2:/i3d-simple:simple_green/i2d-scene:disks0/base-skycube:test_cube/ui-msgbg:/shot-anim:scope4",
[21:44:26.507] "//////shot-anim:scope4",
[21:44:42.034] "/payments:/i3d-simple:phong_head_sphere_kfb/i2d-empty:/black:/ui-msgbg:/CU:",
[21:44:42.034] "/payments:/i3d-simple:phong_head_sphere_kfb/i2d-empty:/black://CU:",
[21:46:36.737] "/a:/i3d-simple:simple_green/i2d-scene:disks0/base-skycube:test_cube/ui-msgbg:/LS",
[21:46:36.738] "/a:/i3d-simple:simple_green/i2d-scene:disks0/base-skycube:test_cube//LS",
[21:46:46.675] "/a:/i3d-simple:simple_green/i2d-scene:disks0/base-skycube:test_cube/ui-msgbg:/shot-graft:scope7",
[21:46:46.676] "//////shot-graft:scope7",
