[01:17:55.867] {"t":"camera3d","f":"panflyTo","a":{"r":-0.7854,"d":3}},
[01:17:55.909] "/metaweb:/i3d-empty:/i2d-reflect:/empty:/ui-msgbg:/shot-anim:scope0",
[01:17:55.909] "//////shot-anim:scope0",
[01:17:55.909] {"delta":{"timeline":{"p":{"paused":true,"repeat":0},"actors":{"i3d:camera:rotation":[{"dur":3,"p":{"y":-0.7854,"immediateRender":false}}]}}}},
[01:18:05.862] {"t":"camera3d","f":"lookAt"},
[01:18:05.887] "/metaweb:/i3d-empty:/i2d-reflect:/empty:/ui-msgbg:/shot-fixed:scope1",
[01:18:05.888] "//////shot-fixed:scope1",
[01:18:05.888] {"delta-t":"camera3d","f":"lookAt","a":{}},
[01:18:15.863] {"t":"camera3d","f":"panflyTo","a":{"r":-0.7854,"d":3}},
[01:18:15.897] "/metaweb:/i3d-empty:/i2d-reflect:/empty:/ui-msgbg:/shot-anim:scope2",
[01:18:15.898] "//////shot-anim:scope2",
[01:18:15.898] {"delta":{"timeline":{"p":{"paused":true,"repeat":0},"actors":{"i3d:camera:rotation":[{"dur":3,"p":{"y":-0.7854,"immediateRender":false}}]}}}},
[01:18:30.864] {"t":"camera3d","f":"home","a":{"d":3}},
[01:18:30.899] "/metaweb:/i3d-empty:/i2d-reflect:/empty:/ui-msgbg:/shot-anim:scope3",
[01:18:30.899] "//////shot-anim:scope3",
[01:18:30.902] {"delta":{"timeline":{"p":{"paused":true,"repeat":0},"actors":{"i3d:camera:rotation":[{"dur":3,"p":{"x":0,"y":0,"z":0,"immediateRender":false}}],"i3d:csphere:position":[{"dur":3,"p":{"x":0,"y":0,"z":0,"immediateRender":false}}],"i3d:csphere:scale":[{"dur":3,"p":{"x":1,"y":1,"z":1,"immediateRender":false}}],"i3d:csphere:rotation":[{"dur":3,"p":{"x":0,"y":0,"z":0,"immediateRender":false}}],"i2d:plane":[{"dur":3,"p":{"x":0,"y":0,"immediateRender":false}}],"i2d:zoom_plane":[{"dur":3,"p":{"rotation":0,"scale":1,"svgOrigin":"0% 0%","immediateRender":false}}]}}}},
[01:18:45.864] {"t":"camera3d","f":"panflyTo","a":{"r":0,"d":3}},
[01:18:45.885] "/metaweb:/i3d-empty:/i2d-reflect:/empty:/ui-msgbg:/shot-anim:scope4",
[01:18:45.885] "//////shot-anim:scope4",
[01:18:45.885] {"delta":{"timeline":{"p":{"paused":true,"repeat":0},"actors":{"i3d:camera:rotation":[{"dur":3,"p":{"y":0,"immediateRender":false}}]}}}},
[01:18:55.868] {"t":"narrative","f":"change_scene","a":"a"},
[01:18:56.257] "/a:/i3d-simple:simple_green/i2d-scene:disks0/base-skycube:test_cube/ui-msgbg:/shot-fixed:",
[01:18:56.258] {},
[01:18:56.257] "/a:/i3d-simple:simple_green/i2d-scene:disks0/base-skycube:test_cube//shot-fixed:",
[01:19:10.865] {"t":"narrative","f":"change_scene","a":"a0"},
[01:19:11.001] "/a0:/i3d-simple:simple_green/i2d-scene:disks0/base-skycube:test_cube/ui-msgbg:/shot-graft:scope6",
[01:19:11.001] "/a0://///shot-graft:scope6",
[01:19:11.004] {"delta":{"timeline":{"p":{"repeat":0},"actors":{"i3d:cube0:scale":[{"dur":10,"p":{"x":0.5,"y":0.5,"z":0.5}}]}},"branches":{"cube0":{"children":{"cube0_2":{"form":{"type":"'cube.i3d'","x":0,"y":0,"z":0,"textureurl":"./images/sky.jpg","w":5,"h":10,"d":10,"color":"blue","transparent":true,"opacity":1},"transform":{"t":[-20,-10,0],"s":[0.01,0.01,0.01]},"children":{}},"cube0_3":{"form":{"type":"'cube.i3d'","x":0,"y":-20,"z":0,"textureurl":"sky_jpg","w":5,"h":10,"d":10,"color":"blue","transparent":true,"opacity":1},"transform":{"t":[20,0,0],"s":[0.01,0.01,0.01]},"children":{}}}}}}},
[01:19:20.858] {"t":"narrative","f":"change_scene","a":"a1"},
[01:19:20.947] "/a1:/i3d-simple:simple_green/i2d-scene:disks0/base-skycube:test_cube/ui-msgbg:/shot-graft:scope7",
[01:19:20.947] "/a1://///shot-graft:scope7",
[01:19:20.949] {"delta":{"timeline":{"p":{"repeat":0},"actors":{"i3d:cube0_2:scale":[{"dur":10,"p":{"x":1,"y":1,"z":1}}],"i3d:cube0_3:scale":[{"dur":10,"p":{"x":1,"y":1,"z":1}}]}},"branches":{"cube0_2":{"children":{"s0_2_0":{"form":{"type":"'sphere.i3d'","r":5,"color":"blue","transparent":true,"opacity":0.8},"transform":{"e":[0,-0.785,0],"t":[-10,-10,0],"s":[0.01,0.01,0.01]},"children":{}},"s0_2_1":{"form":{"type":"'sphere.i3d'","r":5,"color":"blue","transparent":true,"opacity":0.8},"transform":{"e":[0,0.785,0],"t":[10,10,0],"s":[0.01,0.01,0.01]},"children":{}}}}}}},
[01:19:30.858] {"t":"narrative","f":"change_scene","a":"a2"},
[01:19:30.879] "/a2:/i3d-simple:simple_green/i2d-scene:disks0/base-skycube:test_cube/ui-msgbg:/shot-graft:scope8",
[01:19:30.879] "/a2://///shot-graft:scope8",
[01:19:30.880] {"delta":{"timeline":{"p":{"repeat":0},"actors":{"i3d:s0_2_0:scale":[{"dur":10,"p":{"x":1,"y":1,"z":1}}],"i3d:s0_2_1:scale":[{"dur":10,"p":{"x":1,"y":1,"z":1}}]}},"branches":{}}},
[01:19:45.948] {"t":"camera3d","f":"dollyflyTo","a":{"x":10,"y":10,"z":-20,"d":4}},
[01:19:45.987] "/a2:/i3d-simple:simple_green/i2d-scene:disks0/base-skycube:test_cube/ui-msgbg:/shot-anim:scope9",
[01:19:45.987] "//////shot-anim:scope9",
[01:19:45.988] {"delta":{"timeline":{"p":{"paused":true,"repeat":0},"actors":{"i3d:csphere:position":[{"dur":4,"p":{"x":10,"y":10,"z":-20,"immediateRender":false}}]}}}},
[01:20:00.949] {"t":"narrative","f":"change_scene","a":"payments"},
[01:20:01.893] "/payments:/i3d-simple:phong_head_sphere_kfb/i2d-empty:/black:/ui-msgbg:/shot-fixed:",
[01:20:01.893] "/payments:/i3d-simple:phong_head_sphere_kfb/i2d-empty:/black://shot-fixed:",
[01:20:01.893] {},
[01:20:10.950] {"t":"camera3d","f":"toggle_csphere","a":{"val":false}},
[01:20:10.990] "/payments:/i3d-simple:phong_head_sphere_kfb/i2d-empty:/black:/ui-msgbg:/shot-fixed:scope11",
[01:20:10.990] "//////shot-fixed:scope11",
[01:20:10.990] {"delta-t":"camera3d","f":"toggle_csphere","a":false},
[01:20:25.953] {"t":"camera3d","f":"toggle_csphere","a":{"val":true}},
[01:20:25.992] "/payments:/i3d-simple:phong_head_sphere_kfb/i2d-empty:/black:/ui-msgbg:/shot-fixed:scope12",
[01:20:25.992] "//////shot-fixed:scope12",
[01:20:25.992] {"delta-t":"camera3d","f":"toggle_csphere","a":true},
[01:20:35.954] {"t":"camera3d","f":"toggle_light","a":{"name":"key","val":false}},
[01:20:35.987] "/payments:/i3d-simple:phong_head_sphere_kfb/i2d-empty:/black:/ui-msgbg:/shot-fixed:scope13",
[01:20:35.988] {"delta-t":"camera3d","f":"toggle_light","a":{"name":"key","val":false}},
[01:20:35.988] "//////shot-fixed:scope13",
[01:20:50.954] {"t":"camera3d","f":"toggle_light","a":{"name":"fill","val":false}},
[01:20:50.988] "/payments:/i3d-simple:phong_head_sphere_kfb/i2d-empty:/black:/ui-msgbg:/shot-fixed:scope14",
[01:20:50.988] "//////shot-fixed:scope14",
[01:20:50.988] {"delta-t":"camera3d","f":"toggle_light","a":{"name":"fill","val":false}},
[01:21:00.960] {"t":"camera3d","f":"toggle_light","a":{"name":"back","val":false}},
[01:21:00.999] "/payments:/i3d-simple:phong_head_sphere_kfb/i2d-empty:/black:/ui-msgbg:/shot-fixed:scope15",
[01:21:00.999] "//////shot-fixed:scope15",
[01:21:00.999] {"delta-t":"camera3d","f":"toggle_light","a":{"name":"back","val":false}},
[01:21:15.962] {"t":"camera3d","f":"toggle_light","a":{"name":"key","val":true}},
[01:21:16.001] "/payments:/i3d-simple:phong_head_sphere_kfb/i2d-empty:/black:/ui-msgbg:/shot-fixed:scope16",
[01:21:16.002] {"delta-t":"camera3d","f":"toggle_light","a":{"name":"key","val":true}},
[01:21:16.001] "//////shot-fixed:scope16",
[01:21:25.964] {"t":"camera3d","f":"toggle_light","a":{"name":"fill","val":true}},
[01:21:25.989] "/payments:/i3d-simple:phong_head_sphere_kfb/i2d-empty:/black:/ui-msgbg:/shot-fixed:scope17",
[01:21:25.990] {"delta-t":"camera3d","f":"toggle_light","a":{"name":"fill","val":true}},
[01:21:25.990] "//////shot-fixed:scope17",
[01:21:40.972] {"t":"camera3d","f":"toggle_light","a":{"name":"back","val":true}},
[01:21:40.998] "//////shot-fixed:scope18",
[01:21:40.997] "/payments:/i3d-simple:phong_head_sphere_kfb/i2d-empty:/black:/ui-msgbg:/shot-fixed:scope18",
[01:21:40.998] {"delta-t":"camera3d","f":"toggle_light","a":{"name":"back","val":true}},
[01:21:55.971] {"t":"narrative","f":"change_scene","a":"a"},
[01:21:56.231] "/a:/i3d-simple:simple_green/i2d-scene:disks0/base-skycube:test_cube//shot-fixed:",
[01:21:56.230] "/a:/i3d-simple:simple_green/i2d-scene:disks0/base-skycube:test_cube/ui-msgbg:/shot-fixed:",
[01:21:56.232] {},
[01:22:05.971] {"t":"narrative","f":"shot","a":"shot-graft:{\"delta\":{\"timeline\":{\"p\":{\"repeat\":0},\"actors\":{\"i3d:cube0:scale\":[{\"dur\":10,\"p\":{\"x\":0.5,\"y\":0.5,\"z\":0.5}}]}},\"branches\":{\"cube0\":{\"children\":{\"cube0_2\":{\"form\":{\"type\":\"'cube.i3d'\",\"x\":0,\"y\":0,\"z\":0,\"textureurl\":\"./images/sky.jpg\",\"w\":5,\"h\":10,\"d\":10,\"color\":\"blue\",\"transparent\":true,\"opacity\":1},\"transform\":{\"t\":[-20,-10,0],\"s\":[0.01,0.01,0.01]},\"children\":{}},\"cube0_3\":{\"form\":{\"type\":\"'cube.i3d'\",\"x\":0,\"y\":-20,\"z\":0,\"textureurl\":\"sky_jpg\",\"w\":5,\"h\":10,\"d\":10,\"color\":\"blue\",\"transparent\":true,\"opacity\":1},\"transform\":{\"t\":[20,0,0],\"s\":[0.01,0.01,0.01]},\"children\":{}}}}}}}"},
[01:22:06.180] "/a:/i3d-simple:simple_green/i2d-scene:disks0/base-skycube:test_cube/ui-msgbg:/shot-graft:scope20",
[01:22:06.181] "//////shot-graft:scope20",
[01:22:06.181] {"delta":{"timeline":{"p":{"repeat":0},"actors":{"i3d:cube0:scale":[{"dur":10,"p":{"x":0.5,"y":0.5,"z":0.5}}]}},"branches":{"cube0":{"children":{"cube0_2":{"form":{"type":"'cube.i3d'","x":0,"y":0,"z":0,"textureurl":"./images/sky.jpg","w":5,"h":10,"d":10,"color":"blue","transparent":true,"opacity":1},"transform":{"t":[-20,-10,0],"s":[0.01,0.01,0.01]},"children":{}},"cube0_3":{"form":{"type":"'cube.i3d'","x":0,"y":-20,"z":0,"textureurl":"sky_jpg","w":5,"h":10,"d":10,"color":"blue","transparent":true,"opacity":1},"transform":{"t":[20,0,0],"s":[0.01,0.01,0.01]},"children":{}}}}}}},
[01:22:15.983] {"t":"narrative","f":"shot","a":"shot-graft:{\"delta\":{\"timeline\":{\"p\":{\"repeat\":0},\"actors\":{\"i3d:cube0_2:scale\":[{\"dur\":10,\"p\":{\"x\":1,\"y\":1,\"z\":1}}],\"i3d:cube0_3:scale\":[{\"dur\":10,\"p\":{\"x\":1,\"y\":1,\"z\":1}}]}},\"branches\":{\"cube0_2\":{\"children\":{\"s0_2_0\":{\"form\":{\"type\":\"'sphere.i3d'\",\"r\":5,\"color\":\"blue\",\"transparent\":true,\"opacity\":0.8},\"transform\":{\"e\":[0,-0.785,0],\"t\":[-10,-10,0],\"s\":[0.01,0.01,0.01]},\"children\":{}},\"s0_2_1\":{\"form\":{\"type\":\"'sphere.i3d'\",\"r\":5,\"color\":\"blue\",\"transparent\":true,\"opacity\":0.8},\"transform\":{\"e\":[0,0.785,0],\"t\":[10,10,0],\"s\":[0.01,0.01,0.01]},\"children\":{}}}}}}}"},
[01:22:16.158] "/a:/i3d-simple:simple_green/i2d-scene:disks0/base-skycube:test_cube/ui-msgbg:/shot-graft:scope21",
[01:22:16.158] "//////shot-graft:scope21",
[01:22:16.159] {"delta":{"timeline":{"p":{"repeat":0},"actors":{"i3d:cube0_2:scale":[{"dur":10,"p":{"x":1,"y":1,"z":1}}],"i3d:cube0_3:scale":[{"dur":10,"p":{"x":1,"y":1,"z":1}}]}},"branches":{"cube0_2":{"children":{"s0_2_0":{"form":{"type":"'sphere.i3d'","r":5,"color":"blue","transparent":true,"opacity":0.8},"transform":{"e":[0,-0.785,0],"t":[-10,-10,0],"s":[0.01,0.01,0.01]},"children":{}},"s0_2_1":{"form":{"type":"'sphere.i3d'","r":5,"color":"blue","transparent":true,"opacity":0.8},"transform":{"e":[0,0.785,0],"t":[10,10,0],"s":[0.01,0.01,0.01]},"children":{}}}}}}},
[01:22:25.982] {"t":"narrative","f":"shot","a":"shot-graft:{\"delta\":{\"timeline\":{\"p\":{\"repeat\":0},\"actors\":{\"i3d:s0_2_0:scale\":[{\"dur\":10,\"p\":{\"x\":1,\"y\":1,\"z\":1}}],\"i3d:s0_2_1:scale\":[{\"dur\":10,\"p\":{\"x\":1,\"y\":1,\"z\":1}}]}},\"branches\":{}}}"},
[01:22:26.009] "/a:/i3d-simple:simple_green/i2d-scene:disks0/base-skycube:test_cube/ui-msgbg:/shot-graft:scope22",
[01:22:26.009] "//////shot-graft:scope22",
[01:22:26.009] {"delta":{"timeline":{"p":{"repeat":0},"actors":{"i3d:s0_2_0:scale":[{"dur":10,"p":{"x":1,"y":1,"z":1}}],"i3d:s0_2_1:scale":[{"dur":10,"p":{"x":1,"y":1,"z":1}}]}},"branches":{}}},
[01:22:35.998] {"t":"camera3d","f":"panflyTo","a":{"r":0.7854,"d":4}},
[01:22:36.028] "/a:/i3d-simple:simple_green/i2d-scene:disks0/base-skycube:test_cube/ui-msgbg:/shot-anim:scope23",
[01:22:36.028] "//////shot-anim:scope23",
[01:22:36.029] {"delta":{"timeline":{"p":{"paused":true,"repeat":0},"actors":{"i3d:camera:rotation":[{"dur":4,"p":{"y":0.7854,"immediateRender":false}}]}}}},
[01:22:45.972] {"t":"narrative","f":"change_scene","a":"footprint"},
[01:22:48.023] "/footprint:/i3d-scene:scene1/i2d-empty:/escher:/ui-msgbg:/shot-fixed:",
[01:22:48.024] "/footprint:/i3d-scene:scene1/i2d-empty:/escher://shot-fixed:",
[01:22:48.025] {},
[01:23:00.977] {"t":"camera3d","f":"panflyTo","a":{"r":0.7854,"d":4}},
[01:23:01.029] "/footprint:/i3d-scene:scene1/i2d-empty:/escher:/ui-msgbg:/shot-anim:scope25",
[01:23:01.029] {"delta":{"timeline":{"p":{"paused":true,"repeat":0},"actors":{"i3d:camera:rotation":[{"dur":4,"p":{"y":0.7854,"immediateRender":false}}]}}}},
[01:23:01.029] "//////shot-anim:scope25",
[01:23:15.978] {"t":"camera3d","f":"tiltflyTo","a":{"r":0.7854,"d":4}},
[01:23:16.043] "/footprint:/i3d-scene:scene1/i2d-empty:/escher:/ui-msgbg:/shot-anim:scope26",
[01:23:16.044] "//////shot-anim:scope26",
[01:23:16.044] {"delta":{"timeline":{"p":{"paused":true,"repeat":0},"actors":{"i3d:camera:rotation":[{"dur":4,"p":{"x":0.7854,"immediateRender":false}}]}}}},
[01:23:25.978] {"t":"camera3d","f":"billboardsFaceCamera"},
[01:23:26.027] "//////shot-fixed:scope27",
[01:23:26.028] {"delta-t":"camera3d","f":"billboardsFaceCamera"},
[01:23:26.027] "/footprint:/i3d-scene:scene1/i2d-empty:/escher:/ui-msgbg:/shot-fixed:scope27",
[01:23:35.978] {"t":"camera3d","f":"tiltflyBy","a":{"r":-0.7854,"d":4}},
[01:23:36.053] "/footprint:/i3d-scene:scene1/i2d-empty:/escher:/ui-msgbg:/shot-anim:scope28",
[01:23:36.053] "//////shot-anim:scope28",
[01:23:36.053] {"delta":{"timeline":{"p":{"paused":true,"repeat":0},"actors":{"i3d:camera:rotation":[{"dur":4,"p":{"x":0,"immediateRender":false}}]}}}},
[01:23:45.979] {"t":"camera3d","f":"panflyBy","a":{"r":-0.7854,"d":4}},
[01:23:46.041] "/footprint:/i3d-scene:scene1/i2d-empty:/escher:/ui-msgbg:/shot-anim:scope29",
[01:23:46.042] {"delta":{"timeline":{"p":{"paused":true,"repeat":0},"actors":{"i3d:camera:rotation":[{"dur":4,"p":{"y":0,"immediateRender":false}}]}}}},
[01:23:46.041] "//////shot-anim:scope29",
[01:24:00.980] {"t":"narrative","f":"change_scene","a":"circle"},
[01:24:01.617] "/circle:/i3d-simple:simple_red/i2d-scene:disks0/base-skycube:test_cube/ui-msgbg:/shot-graft:a0",
[01:24:01.618] "/circle:/i3d-simple:simple_red/i2d-scene:disks0/base-skycube:test_cube//shot-graft:a0",
[01:24:01.619] {"delta":{"timeline":[{"id":"cube0_1","dur":10,"p":{"scale":[1,1,1]},"delay":2}],"branches":{"cube0":{"children":{"cube0_2":{"form":{"type":"'cube.i3d'","x":0,"y":0,"z":0,"textureurl":"./images/sky.jpg","w":20,"h":20,"d":20,"color":"blue","transparent":true,"opacity":1},"transform":{"t":[-20,-10,0],"s":[0.25,1,0.25]},"children":{}},"cube0_3":{"form":{"type":"'cube.i3d'","x":0,"y":-20,"z":0,"textureurl":"sky_jpg","w":20,"h":40,"d":20,"color":"blue","transparent":true,"opacity":1},"transform":{"t":[20,0,0],"s":[0.5,1,0.5]},"children":{}}}}}}},
[01:24:15.984] {"t":"narrative","f":"change_state","a":"/circle:/i3d-simple:simple_red/i2d-scene:mf2d0/base-skycube:test_cube/ui-msgbg:/shot-fixed:"},
[01:24:16.354] "/circle:/i3d-simple:simple_red/i2d-scene:mf2d0/base-skycube:test_cube/ui-msgbg:/shot-fixed:",
[01:24:16.354] "///i2d-scene:mf2d0///shot-fixed:",
[01:24:16.354] {},
[01:24:25.986] {"t":"narrative","f":"change_scene","a":"stocks"},
[01:24:27.732] "/stocks:/i3d-jsonmodels:phonghead_kfb/i2d-scene:defsuse0/grid:/ui-msgbg:/shot-fixed:",
[01:24:27.732] "/stocks:/i3d-jsonmodels:phonghead_kfb/i2d-scene:defsuse0/grid://",
[01:24:27.733] {},
[01:24:40.986] {"t":"narrative","f":"change_state","a":"///i2d-scene:mf2d0///"},
[01:24:41.328] "/stocks:/i3d-jsonmodels:phonghead_kfb/i2d-scene:mf2d0/grid:/ui-msgbg:/shot-fixed:",
[01:24:41.329] "///i2d-scene:mf2d0///",
[01:24:41.329] {},
[01:24:50.987] {"t":"camera3d","f":"panflyBy","a":{"r":-0.7854,"d":4}},
[01:24:51.050] "/stocks:/i3d-jsonmodels:phonghead_kfb/i2d-scene:mf2d0/grid:/ui-msgbg:/shot-anim:scope34",
[01:24:51.050] "//////shot-anim:scope34",
[01:24:51.050] {"delta":{"timeline":{"p":{"paused":true,"repeat":0},"actors":{"i3d:camera:rotation":[{"dur":4,"p":{"y":-0.7854,"immediateRender":false}}]}}}},
[01:25:05.987] {"t":"camera2d","f":"zoomflyBy","a":{"s":0.9,"d":3}},
[01:25:06.025] "/stocks:/i3d-jsonmodels:phonghead_kfb/i2d-scene:mf2d0/grid:/ui-msgbg:/shot-anim:scope35",
[01:25:06.025] {"delta":{"timeline":{"p":{"paused":true,"repeat":0,"tweens":[]},"actors":{"i2d:zoom_plane":[{"dur":3,"p":{"scale":0.9,"svgOrigin":"0% 0%","immediateRender":false}}]}}}},
[01:25:06.025] "//////shot-anim:scope35",
[01:25:15.988] {"t":"camera2d","f":"zoomflyTo","a":{"s":2,"d":3}},
[01:25:16.030] "/stocks:/i3d-jsonmodels:phonghead_kfb/i2d-scene:mf2d0/grid:/ui-msgbg:/shot-anim:scope36",
[01:25:16.031] {"delta":{"timeline":{"p":{"paused":true,"repeat":0,"tweens":[]},"actors":{"i2d:zoom_plane":[{"dur":3,"p":{"scale":2,"svgOrigin":"0% 0%","immediateRender":false}}]}}}},
[01:25:16.031] "//////shot-anim:scope36",
[01:25:30.994] {"t":"camera2d","f":"zoomflyTo","a":{"s":0.5,"d":3}},
[01:25:31.044] "/stocks:/i3d-jsonmodels:phonghead_kfb/i2d-scene:mf2d0/grid:/ui-msgbg:/shot-anim:scope37",
[01:25:31.045] "//////shot-anim:scope37",
[01:25:31.045] {"delta":{"timeline":{"p":{"paused":true,"repeat":0,"tweens":[]},"actors":{"i2d:zoom_plane":[{"dur":3,"p":{"scale":0.5,"svgOrigin":"0% 0%","immediateRender":false}}]}}}},
[01:25:40.992] {"t":"camera2d","f":"dollyflyTo","a":{"x":20,"d":3}},
[01:25:41.037] "//////shot-anim:scope38",
[01:25:41.037] "/stocks:/i3d-jsonmodels:phonghead_kfb/i2d-scene:mf2d0/grid:/ui-msgbg:/shot-anim:scope38",
[01:25:41.037] {"delta":{"timeline":{"p":{"paused":true,"repeat":0,"tweens":[]},"actors":{"i2d:plane":[{"dur":3,"p":{"x":20,"y":0,"immediateRender":false}}]}}}},
[01:25:55.993] {"t":"camera2d","f":"center","a":{"d":3}},
[01:25:56.053] "/stocks:/i3d-jsonmodels:phonghead_kfb/i2d-scene:mf2d0/grid:/ui-msgbg:/shot-anim:scope39",
[01:25:56.054] "//////shot-anim:scope39",
[01:25:56.054] {"delta":{"timeline":{"p":{"paused":true,"repeat":0},"actors":{"i2d:plane":[{"dur":3,"p":{"x":0,"y":0,"immediateRender":false}}],"i2d:zoom_plane":[{"dur":3,"p":{"rotation":0,"svgOrigin":"0% 0%","immediateRender":false}}]}}}},
[01:26:05.993] {"t":"camera2d","f":"home","a":{"d":3}},
[01:26:06.035] "/stocks:/i3d-jsonmodels:phonghead_kfb/i2d-scene:mf2d0/grid:/ui-msgbg:/shot-anim:scope40",
[01:26:06.035] "//////shot-anim:scope40",
[01:26:06.035] {"delta":{"timeline":{"p":{"paused":true,"repeat":0},"actors":{"i2d:plane":[{"dur":3,"p":{"x":0,"y":0,"immediateRender":false}}],"i2d:zoom_plane":[{"dur":3,"p":{"rotation":0,"scale":1,"svgOrigin":"0% 0%","immediateRender":false}}]}}}},
[01:26:20.994] {"t":"camera2d","f":"rollflyTo","a":{"r":-90,"d":3}},
[01:26:21.031] "/stocks:/i3d-jsonmodels:phonghead_kfb/i2d-scene:mf2d0/grid:/ui-msgbg:/shot-anim:scope41",
[01:26:21.031] "//////shot-anim:scope41",
[01:26:21.031] {"delta":{"timeline":{"p":{"paused":true,"repeat":0,"tweens":[]},"actors":{"i2d:zoom_plane":[{"dur":3,"p":{"rotation":-90,"svgOrigin":"0% 0%","immediateRender":false}}]}}}},
[01:26:30.994] {"t":"camera2d","f":"rollflyBy","a":{"r":45,"d":3}},
[01:26:31.038] "/stocks:/i3d-jsonmodels:phonghead_kfb/i2d-scene:mf2d0/grid:/ui-msgbg:/shot-anim:scope42",
[01:26:31.038] "//////shot-anim:scope42",
[01:26:31.039] {"delta":{"timeline":{"p":{"paused":true,"repeat":0,"tweens":[]},"actors":{"i2d:zoom_plane":[{"dur":3,"p":{"rotation":-45,"svgOrigin":"0% 0%","immediateRender":false}}]}}}},
[01:26:45.995] {"t":"camera2d","f":"rollflyBy","a":{"r":45,"d":3}},
[01:26:46.058] "/stocks:/i3d-jsonmodels:phonghead_kfb/i2d-scene:mf2d0/grid:/ui-msgbg:/shot-anim:scope43",
[01:26:46.058] "//////shot-anim:scope43",
[01:26:46.059] {"delta":{"timeline":{"p":{"paused":true,"repeat":0,"tweens":[]},"actors":{"i2d:zoom_plane":[{"dur":3,"p":{"rotation":0,"svgOrigin":"0% 0%","immediateRender":false}}]}}}},
[01:27:00.995] {"t":"camera2d","f":"dollyflyTo","a":{"x":20,"d":3}},
[01:27:01.018] "/stocks:/i3d-jsonmodels:phonghead_kfb/i2d-scene:mf2d0/grid:/ui-msgbg:/shot-anim:scope44",
[01:27:01.018] "//////shot-anim:scope44",
[01:27:01.018] {"delta":{"timeline":{"p":{"paused":true,"repeat":0,"tweens":[]},"actors":{"i2d:plane":[{"dur":3,"p":{"x":20,"y":0,"immediateRender":false}}]}}}},
[01:27:10.999] {"t":"camera2d","f":"dollyflyTo","a":{"y":20,"d":3}},
[01:27:11.042] "/stocks:/i3d-jsonmodels:phonghead_kfb/i2d-scene:mf2d0/grid:/ui-msgbg:/shot-anim:scope45",
[01:27:11.043] "//////shot-anim:scope45",
[01:27:11.043] {"delta":{"timeline":{"p":{"paused":true,"repeat":0,"tweens":[]},"actors":{"i2d:plane":[{"dur":3,"p":{"x":20,"y":-20,"immediateRender":false}}]}}}},
[01:27:26.000] {"t":"camera2d","f":"dollyflyTo","a":{"x":0,"d":3}},
[01:27:26.040] "/stocks:/i3d-jsonmodels:phonghead_kfb/i2d-scene:mf2d0/grid:/ui-msgbg:/shot-anim:scope46",
[01:27:26.040] {"delta":{"timeline":{"p":{"paused":true,"repeat":0,"tweens":[]},"actors":{"i2d:plane":[{"dur":3,"p":{"x":0,"y":-20,"immediateRender":false}}]}}}},
[01:27:26.040] "//////shot-anim:scope46",
[01:27:41.018] {"t":"camera2d","f":"dollyflyTo","a":{"y":-40,"d":3}},
[01:27:41.066] "/stocks:/i3d-jsonmodels:phonghead_kfb/i2d-scene:mf2d0/grid:/ui-msgbg:/shot-anim:scope47",
[01:27:41.067] "//////shot-anim:scope47",
[01:27:41.068] {"delta":{"timeline":{"p":{"paused":true,"repeat":0,"tweens":[]},"actors":{"i2d:plane":[{"dur":3,"p":{"x":0,"y":40,"immediateRender":false}}]}}}},
[01:27:51.018] {"t":"camera2d","f":"dollyflyTo","a":{"x":20,"d":3}},
[01:27:51.053] "/stocks:/i3d-jsonmodels:phonghead_kfb/i2d-scene:mf2d0/grid:/ui-msgbg:/shot-anim:scope48",
[01:27:51.053] "//////shot-anim:scope48",
[01:27:51.053] {"delta":{"timeline":{"p":{"paused":true,"repeat":0,"tweens":[]},"actors":{"i2d:plane":[{"dur":3,"p":{"x":20,"y":40,"immediateRender":false}}]}}}},
[01:28:01.019] {"t":"camera2d","f":"dollyflyTo","a":{"x":0,"d":3}},
[01:28:01.067] "/stocks:/i3d-jsonmodels:phonghead_kfb/i2d-scene:mf2d0/grid:/ui-msgbg:/shot-anim:scope49",
[01:28:01.067] "//////shot-anim:scope49",
[01:28:01.067] {"delta":{"timeline":{"p":{"paused":true,"repeat":0,"tweens":[]},"actors":{"i2d:plane":[{"dur":3,"p":{"x":0,"y":40,"immediateRender":false}}]}}}},
[01:28:11.019] {"t":"camera3d","f":"tiltflyTo","a":{"r":-0.7854,"d":3}},
[01:28:11.076] "/stocks:/i3d-jsonmodels:phonghead_kfb/i2d-scene:mf2d0/grid:/ui-msgbg:/shot-anim:scope50",
[01:28:11.076] "//////shot-anim:scope50",
[01:28:11.077] {"delta":{"timeline":{"p":{"paused":true,"repeat":0},"actors":{"i3d:camera:rotation":[{"dur":3,"p":{"x":-0.7854,"immediateRender":false}}]}}}},
[01:28:26.019] {"t":"camera3d","f":"panflyTo","a":{"r":-0.7854,"d":3}},
[01:28:26.061] "/stocks:/i3d-jsonmodels:phonghead_kfb/i2d-scene:mf2d0/grid:/ui-msgbg:/shot-anim:scope51",
[01:28:26.061] "//////shot-anim:scope51",
[01:28:26.061] {"delta":{"timeline":{"p":{"paused":true,"repeat":0},"actors":{"i3d:camera:rotation":[{"dur":3,"p":{"y":-0.7854,"immediateRender":false}}]}}}},
[01:28:36.020] {"t":"camera3d","f":"lookAt"},
[01:28:36.068] "/stocks:/i3d-jsonmodels:phonghead_kfb/i2d-scene:mf2d0/grid:/ui-msgbg:/shot-fixed:scope52",
[01:28:36.069] "//////shot-fixed:scope52",
[01:28:36.069] {"delta-t":"camera3d","f":"lookAt","a":{}},
[01:28:51.023] {"t":"camera3d","f":"dollyflyTo","a":{"x":20,"y":0,"z":0,"d":3}},
[01:28:51.059] "/stocks:/i3d-jsonmodels:phonghead_kfb/i2d-scene:mf2d0/grid:/ui-msgbg:/shot-anim:scope53",
[01:28:51.060] "//////shot-anim:scope53",
[01:28:51.060] {"delta":{"timeline":{"p":{"paused":true,"repeat":0},"actors":{"i3d:csphere:position":[{"dur":3,"p":{"x":20,"y":0,"z":0,"immediateRender":false}}]}}}},
[01:29:06.024] {"t":"camera3d","f":"zoomflyTo","a":{"s":0.5,"d":3}},
[01:29:06.068] {"delta":{"timeline":{"p":{"paused":true,"repeat":0},"actors":{"i3d:csphere:scale":[{"dur":3,"p":{"x":0.5,"y":0.5,"z":0.5,"immediateRender":false}}]}}}},
[01:29:06.067] "/stocks:/i3d-jsonmodels:phonghead_kfb/i2d-scene:mf2d0/grid:/ui-msgbg:/shot-anim:scope54",
[01:29:06.067] "//////shot-anim:scope54",
[01:29:21.025] {"t":"camera3d","f":"zoomflyTo","a":{"s":2,"d":3}},
[01:29:21.068] "/stocks:/i3d-jsonmodels:phonghead_kfb/i2d-scene:mf2d0/grid:/ui-msgbg:/shot-anim:scope55",
[01:29:21.068] "//////shot-anim:scope55",
[01:29:21.068] {"delta":{"timeline":{"p":{"paused":true,"repeat":0},"actors":{"i3d:csphere:scale":[{"dur":3,"p":{"x":2,"y":2,"z":2,"immediateRender":false}}]}}}},
[01:29:31.026] {"t":"camera3d","f":"dollyflyTo","a":{"x":20,"y":20,"z":-20,"d":3}},
[01:29:31.075] "/stocks:/i3d-jsonmodels:phonghead_kfb/i2d-scene:mf2d0/grid:/ui-msgbg:/shot-anim:scope56",
[01:29:31.075] {"delta":{"timeline":{"p":{"paused":true,"repeat":0},"actors":{"i3d:csphere:position":[{"dur":3,"p":{"x":20,"y":20,"z":-20,"immediateRender":false}}]}}}},
[01:29:31.075] "//////shot-anim:scope56",
[01:29:46.026] {"t":"camera3d","f":"zoomflyTo","a":{"s":0.5,"d":3}},
[01:29:46.071] "/stocks:/i3d-jsonmodels:phonghead_kfb/i2d-scene:mf2d0/grid:/ui-msgbg:/shot-anim:scope57",
[01:29:46.071] "//////shot-anim:scope57",
[01:29:46.071] {"delta":{"timeline":{"p":{"paused":true,"repeat":0},"actors":{"i3d:csphere:scale":[{"dur":3,"p":{"x":0.5,"y":0.5,"z":0.5,"immediateRender":false}}]}}}},
[01:29:56.026] {"t":"camera3d","f":"center","a":{"d":3}},
[01:29:56.067] "/stocks:/i3d-jsonmodels:phonghead_kfb/i2d-scene:mf2d0/grid:/ui-msgbg:/shot-anim:scope58",
[01:29:56.068] "//////shot-anim:scope58",
[01:29:56.069] {"delta":{"timeline":{"p":{"paused":true,"repeat":0},"actors":{"i3d:camera:rotation":[{"dur":3,"p":{"x":0,"y":0,"z":0,"immediateRender":false}}],"i3d:csphere:position":[{"dur":3,"p":{"x":0,"y":0,"z":0,"immediateRender":false}}],"i3d:csphere:rotation":[{"dur":3,"p":{"x":0,"y":0,"z":0,"immediateRender":false}}],"i2d:plane":[{"dur":3,"p":{"x":0,"y":0,"immediateRender":false}}],"i2d:zoom_plane":[{"dur":3,"p":{"rotation":0,"svgOrigin":"0% 0%","immediateRender":false}}]}}}},
[01:30:06.027] {"t":"camera3d","f":"home","a":{"d":3}},
[01:30:06.078] "/stocks:/i3d-jsonmodels:phonghead_kfb/i2d-scene:mf2d0/grid:/ui-msgbg:/shot-anim:scope59",
[01:30:06.079] {"delta":{"timeline":{"p":{"paused":true,"repeat":0},"actors":{"i3d:camera:rotation":[{"dur":3,"p":{"x":0,"y":0,"z":0,"immediateRender":false}}],"i3d:csphere:position":[{"dur":3,"p":{"x":0,"y":0,"z":0,"immediateRender":false}}],"i3d:csphere:scale":[{"dur":3,"p":{"x":1,"y":1,"z":1,"immediateRender":false}}],"i3d:csphere:rotation":[{"dur":3,"p":{"x":0,"y":0,"z":0,"immediateRender":false}}],"i2d:plane":[{"dur":3,"p":{"x":0,"y":0,"immediateRender":false}}],"i2d:zoom_plane":[{"dur":3,"p":{"rotation":0,"scale":1,"svgOrigin":"0% 0%","immediateRender":false}}]}}}},
[01:30:06.078] "//////shot-anim:scope59",
[01:30:21.031] {"t":"camera3d","f":"panflyBy","a":{"r":0.7854,"d":3}},
[01:30:21.062] "/stocks:/i3d-jsonmodels:phonghead_kfb/i2d-scene:mf2d0/grid:/ui-msgbg:/shot-anim:scope60",
[01:30:21.062] {"delta":{"timeline":{"p":{"paused":true,"repeat":0},"actors":{"i3d:camera:rotation":[{"dur":3,"p":{"y":0.7854,"immediateRender":false}}]}}}},
[01:30:21.062] "//////shot-anim:scope60",
[01:30:36.031] {"t":"camera3d","f":"tiltflyBy","a":{"r":0.7854,"d":3}},
[01:30:36.064] "/stocks:/i3d-jsonmodels:phonghead_kfb/i2d-scene:mf2d0/grid:/ui-msgbg:/shot-anim:scope61",
[01:30:36.064] "//////shot-anim:scope61",
[01:30:36.065] {"delta":{"timeline":{"p":{"paused":true,"repeat":0},"actors":{"i3d:camera:rotation":[{"dur":3,"p":{"x":0.7854,"immediateRender":false}}]}}}},
[01:30:46.033] {"t":"camera3d","f":"lookAt"},
[01:30:46.070] {"delta-t":"camera3d","f":"lookAt","a":{}},
[01:30:46.070] "/stocks:/i3d-jsonmodels:phonghead_kfb/i2d-scene:mf2d0/grid:/ui-msgbg:/shot-fixed:scope62",
[01:30:46.070] "//////shot-fixed:scope62",
[01:31:01.034] {"t":"camera3d","f":"rollflyTo","a":{"r":-1.57,"d":4}},
[01:31:01.069] "/stocks:/i3d-jsonmodels:phonghead_kfb/i2d-scene:mf2d0/grid:/ui-msgbg:/shot-anim:scope63",
[01:31:01.069] "//////shot-anim:scope63",
[01:31:01.069] {"delta":{"timeline":{"p":{"paused":true,"repeat":0},"actors":{"i3d:camera:rotation":[{"dur":4,"p":{"z":-1.57,"immediateRender":false}}]}}}},
[01:31:16.035] {"t":"camera3d","f":"rollflyBy","a":{"r":0.3927,"d":4}},
[01:31:16.075] "/stocks:/i3d-jsonmodels:phonghead_kfb/i2d-scene:mf2d0/grid:/ui-msgbg:/shot-anim:scope64",
[01:31:16.075] "//////shot-anim:scope64",
[01:31:16.075] {"delta":{"timeline":{"p":{"paused":true,"repeat":0},"actors":{"i3d:camera:rotation":[{"dur":4,"p":{"z":-1.1773,"immediateRender":false}}]}}}},
[01:31:26.035] {"t":"camera3d","f":"rollflyBy","a":{"r":0.3927,"d":4}},
[01:31:26.088] "/stocks:/i3d-jsonmodels:phonghead_kfb/i2d-scene:mf2d0/grid:/ui-msgbg:/shot-anim:scope65",
[01:31:26.088] "//////shot-anim:scope65",
[01:31:26.089] {"delta":{"timeline":{"p":{"paused":true,"repeat":0},"actors":{"i3d:camera:rotation":[{"dur":4,"p":{"z":-0.7846,"immediateRender":false}}]}}}},
[01:31:36.035] {"t":"camera3d","f":"center","a":{"d":3}},
[01:31:36.071] "/stocks:/i3d-jsonmodels:phonghead_kfb/i2d-scene:mf2d0/grid:/ui-msgbg:/shot-anim:scope66",
[01:31:36.072] "//////shot-anim:scope66",
[01:31:36.072] {"delta":{"timeline":{"p":{"paused":true,"repeat":0},"actors":{"i3d:camera:rotation":[{"dur":3,"p":{"x":0,"y":0,"z":0,"immediateRender":false}}],"i3d:csphere:position":[{"dur":3,"p":{"x":0,"y":0,"z":0,"immediateRender":false}}],"i3d:csphere:rotation":[{"dur":3,"p":{"x":0,"y":0,"z":0,"immediateRender":false}}],"i2d:plane":[{"dur":3,"p":{"x":0,"y":0,"immediateRender":false}}],"i2d:zoom_plane":[{"dur":3,"p":{"rotation":0,"svgOrigin":"0% 0%","immediateRender":false}}]}}}},
[01:31:46.035] {"t":"camera3d","f":"yawflyTo","a":{"r":1.57,"d":3}},
[01:31:46.066] "/stocks:/i3d-jsonmodels:phonghead_kfb/i2d-scene:mf2d0/grid:/ui-msgbg:/shot-anim:scope67",
[01:31:46.066] "//////shot-anim:scope67",
[01:31:46.067] {"delta":{"timeline":{"p":{"paused":true,"repeat":0},"actors":{"i3d:csphere:rotation":[{"dur":3,"p":{"y":1.57,"immediateRender":false}}]}}}},
[01:32:01.040] {"t":"camera3d","f":"yawflyBy","a":{"r":-0.7854,"d":3}},
[01:32:01.080] "/stocks:/i3d-jsonmodels:phonghead_kfb/i2d-scene:mf2d0/grid:/ui-msgbg:/shot-anim:scope68",
[01:32:01.080] "//////shot-anim:scope68",
[01:32:01.080] {"delta":{"timeline":{"p":{"paused":true,"repeat":0},"actors":{"i3d:csphere:rotation":[{"dur":3,"p":{"y":0.7846000000000001,"immediateRender":false}}]}}}},
[01:32:16.040] {"t":"camera3d","f":"yawflyBy","a":{"r":-0.7854,"d":3}},
[01:32:16.083] "/stocks:/i3d-jsonmodels:phonghead_kfb/i2d-scene:mf2d0/grid:/ui-msgbg:/shot-anim:scope69",
[01:32:16.083] {"delta":{"timeline":{"p":{"paused":true,"repeat":0},"actors":{"i3d:csphere:rotation":[{"dur":3,"p":{"y":-0.0007999999999999119,"immediateRender":false}}]}}}},
[01:32:16.083] "//////shot-anim:scope69",
[01:32:26.041] {"t":"camera3d","f":"pitchflyTo","a":{"r":-1.57,"d":3}},
[01:32:26.092] "/stocks:/i3d-jsonmodels:phonghead_kfb/i2d-scene:mf2d0/grid:/ui-msgbg:/shot-anim:scope70",
[01:32:26.095] "//////shot-anim:scope70",
[01:32:26.095] {"delta":{"timeline":{"p":{"paused":true,"repeat":0},"actors":{"i3d:csphere:rotation":[{"dur":3,"p":{"x":-1.57,"immediateRender":false}}]}}}},
[01:32:36.043] {"t":"camera3d","f":"pitchflyBy","a":{"r":0.7854,"d":3}},
[01:32:36.073] "/stocks:/i3d-jsonmodels:phonghead_kfb/i2d-scene:mf2d0/grid:/ui-msgbg:/shot-anim:scope71",
[01:32:36.074] "//////shot-anim:scope71",
[01:32:36.074] {"delta":{"timeline":{"p":{"paused":true,"repeat":0},"actors":{"i3d:csphere:rotation":[{"dur":3,"p":{"x":-0.7846000000000001,"immediateRender":false}}]}}}},
[01:32:46.054] {"t":"camera3d","f":"pitchflyBy","a":{"r":0.7854,"d":3}},
[01:32:46.104] "/stocks:/i3d-jsonmodels:phonghead_kfb/i2d-scene:mf2d0/grid:/ui-msgbg:/shot-anim:scope72",
[01:32:46.104] "//////shot-anim:scope72",
[01:32:46.105] {"delta":{"timeline":{"p":{"paused":true,"repeat":0},"actors":{"i3d:csphere:rotation":[{"dur":3,"p":{"x":0.0007999999999999119,"immediateRender":false}}]}}}},
[01:33:01.054] {"t":"camera3d","f":"dollyflyTo","a":{"x":20,"y":-20,"z":-30,"d":3}},
[01:33:01.099] "/stocks:/i3d-jsonmodels:phonghead_kfb/i2d-scene:mf2d0/grid:/ui-msgbg:/shot-anim:scope73",
[01:33:01.099] "//////shot-anim:scope73",
[01:33:01.099] {"delta":{"timeline":{"p":{"paused":true,"repeat":0},"actors":{"i3d:csphere:position":[{"dur":3,"p":{"x":20,"y":-20,"z":-30,"immediateRender":false}}]}}}},
[01:33:11.054] {"t":"camera3d","f":"dollyflyTo","a":{"x":0,"y":0,"z":30,"d":6}},
[01:33:11.107] "//////shot-anim:scope74",
[01:33:11.107] {"delta":{"timeline":{"p":{"paused":true,"repeat":0},"actors":{"i3d:csphere:position":[{"dur":6,"p":{"x":20,"y":-20,"z":30,"immediateRender":false}}]}}}},
[01:33:11.107] "/stocks:/i3d-jsonmodels:phonghead_kfb/i2d-scene:mf2d0/grid:/ui-msgbg:/shot-anim:scope74",
[01:33:26.062] {"t":"camera3d","f":"tiltflyBy","a":{"r":0.7854,"d":3}},
[01:33:26.099] "/stocks:/i3d-jsonmodels:phonghead_kfb/i2d-scene:mf2d0/grid:/ui-msgbg:/shot-anim:scope75",
[01:33:26.099] "//////shot-anim:scope75",
[01:33:26.102] {"delta":{"timeline":{"p":{"paused":true,"repeat":0},"actors":{"i3d:camera:rotation":[{"dur":3,"p":{"x":0.7854,"immediateRender":false}}]}}}},
[01:33:36.064] {"t":"camera3d","f":"zoomflyTo","a":{"s":2,"d":3}},
[01:33:36.109] "/stocks:/i3d-jsonmodels:phonghead_kfb/i2d-scene:mf2d0/grid:/ui-msgbg:/shot-anim:scope76",
[01:33:36.109] "//////shot-anim:scope76",
[01:33:36.109] {"delta":{"timeline":{"p":{"paused":true,"repeat":0},"actors":{"i3d:csphere:scale":[{"dur":3,"p":{"x":2,"y":2,"z":2,"immediateRender":false}}]}}}},
[01:33:51.065] {"t":"camera3d","f":"home","a":{"d":3}},
[01:33:51.108] "/stocks:/i3d-jsonmodels:phonghead_kfb/i2d-scene:mf2d0/grid:/ui-msgbg:/shot-anim:scope77",
[01:33:51.109] {"delta":{"timeline":{"p":{"paused":true,"repeat":0},"actors":{"i3d:camera:rotation":[{"dur":3,"p":{"x":0,"y":0,"z":0,"immediateRender":false}}],"i3d:csphere:position":[{"dur":3,"p":{"x":0,"y":0,"z":0,"immediateRender":false}}],"i3d:csphere:scale":[{"dur":3,"p":{"x":1,"y":1,"z":1,"immediateRender":false}}],"i3d:csphere:rotation":[{"dur":3,"p":{"x":0,"y":0,"z":0,"immediateRender":false}}],"i2d:plane":[{"dur":3,"p":{"x":0,"y":0,"immediateRender":false}}],"i2d:zoom_plane":[{"dur":3,"p":{"rotation":0,"scale":1,"svgOrigin":"0% 0%","immediateRender":false}}]}}}},
[01:33:51.109] "//////shot-anim:scope77",
