[18:01:13.604] {"t":"camera3d","f":"panflyTo","a":{"r":-0.7854,"d":3}},
[18:01:13.617] "/metaweb:/i3d-empty:/i2d-reflect:/empty:/ui-msgbg:/shot-anim:scope0",
[18:01:13.617] "//////shot-anim:scope0",
[18:01:13.617] {"delta":{"timeline":{"p":{"paused":true,"repeat":0},"actors":{"i3d:camera:rotation":[{"dur":3,"p":{"y":-0.7854,"immediateRender":false}}]}}}},
[18:01:28.603] {"t":"camera3d","f":"lookAt"},
[18:01:28.625] "/metaweb:/i3d-empty:/i2d-reflect:/empty:/ui-msgbg:/shot-fixed:scope1",
[18:01:28.625] "//////shot-fixed:scope1",
[18:01:28.625] {"delta-t":"camera3d","f":"lookAt","a":{}},
[18:01:38.601] {"t":"camera3d","f":"panflyTo","a":{"r":-0.7854,"d":3}},
[18:01:38.629] "/metaweb:/i3d-empty:/i2d-reflect:/empty:/ui-msgbg:/shot-anim:scope2",
[18:01:38.629] "//////shot-anim:scope2",
[18:01:38.631] {"delta":{"timeline":{"p":{"paused":true,"repeat":0},"actors":{"i3d:camera:rotation":[{"dur":3,"p":{"y":-0.7854,"immediateRender":false}}]}}}},
[18:01:48.602] {"t":"camera3d","f":"home","a":{"d":3}},
[18:01:48.619] "/metaweb:/i3d-empty:/i2d-reflect:/empty:/ui-msgbg:/shot-anim:scope3",
[18:01:48.619] "//////shot-anim:scope3",
[18:01:48.621] {"delta":{"timeline":{"p":{"paused":true,"repeat":0},"actors":{"i3d:camera:rotation":[{"dur":3,"p":{"x":0,"y":0,"z":0,"immediateRender":false}}],"i3d:csphere:position":[{"dur":3,"p":{"x":0,"y":0,"z":0,"immediateRender":false}}],"i3d:csphere:scale":[{"dur":3,"p":{"x":1,"y":1,"z":1,"immediateRender":false}}],"i3d:csphere:rotation":[{"dur":3,"p":{"x":0,"y":0,"z":0,"immediateRender":false}}],"i2d:plane":[{"dur":3,"p":{"x":0,"y":0,"immediateRender":false}}],"i2d:zoom_plane":[{"dur":3,"p":{"rotation":0,"scale":1,"svgOrigin":"0% 0%","immediateRender":false}}]}}}},
[18:01:58.601] {"t":"camera3d","f":"panflyTo","a":{"r":0,"d":3}},
[18:01:58.614] "/metaweb:/i3d-empty:/i2d-reflect:/empty:/ui-msgbg:/shot-anim:scope4",
[18:01:58.614] "//////shot-anim:scope4",
[18:01:58.615] {"delta":{"timeline":{"p":{"paused":true,"repeat":0},"actors":{"i3d:camera:rotation":[{"dur":3,"p":{"y":0,"immediateRender":false}}]}}}},
[18:02:13.602] {"t":"narrative","f":"change_scene","a":"a"},
[18:02:13.890] "/a:/i3d-simple:simple_green/i2d-scene:disks0/base-skycube:test_cube/ui-msgbg:/shot-fixed:",
[18:02:13.891] "/a:/i3d-simple:simple_green/i2d-scene:disks0/base-skycube:test_cube//shot-fixed:",
[18:02:13.892] {},
[18:02:23.603] {"t":"narrative","f":"change_scene","a":"a0"},
[18:02:23.726] "/a0:/i3d-simple:simple_green/i2d-scene:disks0/base-skycube:test_cube/ui-msgbg:/shot-graft:scope6",
[18:02:23.726] "/a0://///shot-graft:scope6",
[18:02:23.728] {"delta":{"timeline":{"p":{"repeat":0},"actors":{"i3d:cube0:scale":[{"dur":10,"p":{"x":0.5,"y":0.5,"z":0.5}}]}},"branches":{"cube0":{"children":{"cube0_2":{"form":{"type":"'cube.i3d'","x":0,"y":0,"z":0,"textureurl":"./images/sky.jpg","w":5,"h":10,"d":10,"color":"blue","transparent":true,"opacity":1},"transform":{"t":[-20,-10,0],"s":[0.01,0.01,0.01]},"children":{}},"cube0_3":{"form":{"type":"'cube.i3d'","x":0,"y":-20,"z":0,"textureurl":"sky_jpg","w":5,"h":10,"d":10,"color":"blue","transparent":true,"opacity":1},"transform":{"t":[20,0,0],"s":[0.01,0.01,0.01]},"children":{}}}}}}},
[18:02:38.607] {"t":"narrative","f":"change_scene","a":"a1"},
[18:02:38.726] "/a1:/i3d-simple:simple_green/i2d-scene:disks0/base-skycube:test_cube/ui-msgbg:/shot-graft:scope7",
[18:02:38.726] "/a1://///shot-graft:scope7",
[18:02:38.728] {"delta":{"timeline":{"p":{"repeat":0},"actors":{"i3d:cube0_2:scale":[{"dur":10,"p":{"x":1,"y":1,"z":1}}],"i3d:cube0_3:scale":[{"dur":10,"p":{"x":1,"y":1,"z":1}}]}},"branches":{"cube0_2":{"children":{"s0_2_0":{"form":{"type":"'sphere.i3d'","r":5,"color":"blue","transparent":true,"opacity":0.8},"transform":{"e":[0,-0.785,0],"t":[-10,-10,0],"s":[0.01,0.01,0.01]},"children":{}},"s0_2_1":{"form":{"type":"'sphere.i3d'","r":5,"color":"blue","transparent":true,"opacity":0.8},"transform":{"e":[0,0.785,0],"t":[10,10,0],"s":[0.01,0.01,0.01]},"children":{}}}}}}},
[18:02:48.605] {"t":"narrative","f":"change_scene","a":"a2"},
[18:02:48.627] "/a2:/i3d-simple:simple_green/i2d-scene:disks0/base-skycube:test_cube/ui-msgbg:/shot-graft:scope8",
[18:02:48.627] "/a2://///shot-graft:scope8",
[18:02:48.627] {"delta":{"timeline":{"p":{"repeat":0},"actors":{"i3d:s0_2_0:scale":[{"dur":10,"p":{"x":1,"y":1,"z":1}}],"i3d:s0_2_1:scale":[{"dur":10,"p":{"x":1,"y":1,"z":1}}]}},"branches":{}}},
[18:02:58.621] {"t":"camera3d","f":"dollyflyTo","a":{"x":10,"y":10,"z":-20,"d":4}},
[18:02:58.649] "/a2:/i3d-simple:simple_green/i2d-scene:disks0/base-skycube:test_cube/ui-msgbg:/shot-anim:scope9",
[18:02:58.649] "//////shot-anim:scope9",
[18:02:58.650] {"delta":{"timeline":{"p":{"paused":true,"repeat":0},"actors":{"i3d:csphere:position":[{"dur":4,"p":{"x":10,"y":10,"z":-20,"immediateRender":false}}]}}}},
[18:03:13.627] {"t":"narrative","f":"change_scene","a":"payments"},
[18:03:14.885] "/payments:/i3d-simple:phong_head_sphere_kfb/i2d-empty:/black:/ui-msgbg:/shot-fixed:",
[18:03:14.885] "/payments:/i3d-simple:phong_head_sphere_kfb/i2d-empty:/black://shot-fixed:",
[18:03:14.886] {},
[18:03:28.627] {"t":"camera3d","f":"toggle_csphere","a":{"val":false}},
[18:03:28.643] "/payments:/i3d-simple:phong_head_sphere_kfb/i2d-empty:/black:/ui-msgbg:/shot-fixed:scope11",
[18:03:28.644] "//////shot-fixed:scope11",
[18:03:28.644] {"delta-t":"camera3d","f":"toggle_csphere","a":false},
[18:03:38.626] {"t":"camera3d","f":"toggle_csphere","a":{"val":true}},
[18:03:38.641] "/payments:/i3d-simple:phong_head_sphere_kfb/i2d-empty:/black:/ui-msgbg:/shot-fixed:scope12",
[18:03:38.641] "//////shot-fixed:scope12",
[18:03:38.642] {"delta-t":"camera3d","f":"toggle_csphere","a":true},
[18:03:53.631] {"t":"camera3d","f":"toggle_light","a":{"name":"key","val":false}},
[18:03:53.655] "/payments:/i3d-simple:phong_head_sphere_kfb/i2d-empty:/black:/ui-msgbg:/shot-fixed:scope13",
[18:03:53.656] "//////shot-fixed:scope13",
[18:03:53.656] {"delta-t":"camera3d","f":"toggle_light","a":{"name":"key","val":false}},
[18:04:03.631] {"t":"camera3d","f":"toggle_light","a":{"name":"fill","val":false}},
[18:04:03.651] "/payments:/i3d-simple:phong_head_sphere_kfb/i2d-empty:/black:/ui-msgbg:/shot-fixed:scope14",
[18:04:03.651] "//////shot-fixed:scope14",
[18:04:03.652] {"delta-t":"camera3d","f":"toggle_light","a":{"name":"fill","val":false}},
[18:04:18.632] {"t":"camera3d","f":"toggle_light","a":{"name":"back","val":false}},
[18:04:18.674] "/payments:/i3d-simple:phong_head_sphere_kfb/i2d-empty:/black:/ui-msgbg:/shot-fixed:scope15",
[18:04:18.674] "//////shot-fixed:scope15",
[18:04:18.674] {"delta-t":"camera3d","f":"toggle_light","a":{"name":"back","val":false}},
[18:04:28.645] "/payments:/i3d-simple:phong_head_sphere_kfb/i2d-empty:/black:/ui-msgbg:/shot-fixed:scope16",
[18:04:28.632] {"t":"camera3d","f":"toggle_light","a":{"name":"key","val":true}},
[18:04:28.646] "//////shot-fixed:scope16",
[18:04:28.647] {"delta-t":"camera3d","f":"toggle_light","a":{"name":"key","val":true}},
[18:04:38.632] {"t":"camera3d","f":"toggle_light","a":{"name":"fill","val":true}},
[18:04:38.658] "/payments:/i3d-simple:phong_head_sphere_kfb/i2d-empty:/black:/ui-msgbg:/shot-fixed:scope17",
[18:04:38.659] "//////shot-fixed:scope17",
[18:04:38.659] {"delta-t":"camera3d","f":"toggle_light","a":{"name":"fill","val":true}},
[18:04:53.631] {"t":"camera3d","f":"toggle_light","a":{"name":"back","val":true}},
[18:04:53.660] "/payments:/i3d-simple:phong_head_sphere_kfb/i2d-empty:/black:/ui-msgbg:/shot-fixed:scope18",
[18:04:53.661] {"delta-t":"camera3d","f":"toggle_light","a":{"name":"back","val":true}},
[18:04:53.661] "//////shot-fixed:scope18",
[18:05:08.639] {"t":"narrative","f":"change_scene","a":"a"},
[18:05:08.917] "/a:/i3d-simple:simple_green/i2d-scene:disks0/base-skycube:test_cube/ui-msgbg:/shot-fixed:",
[18:05:08.919] "/a:/i3d-simple:simple_green/i2d-scene:disks0/base-skycube:test_cube//shot-fixed:",
[18:05:08.920] {},
[18:05:23.644] {"t":"narrative","f":"shot","a":"shot-graft:{\"delta\":{\"timeline\":{\"p\":{\"repeat\":0},\"actors\":{\"i3d:cube0:scale\":[{\"dur\":10,\"p\":{\"x\":0.5,\"y\":0.5,\"z\":0.5}}]}},\"branches\":{\"cube0\":{\"children\":{\"cube0_2\":{\"form\":{\"type\":\"'cube.i3d'\",\"x\":0,\"y\":0,\"z\":0,\"textureurl\":\"./images/sky.jpg\",\"w\":5,\"h\":10,\"d\":10,\"color\":\"blue\",\"transparent\":true,\"opacity\":1},\"transform\":{\"t\":[-20,-10,0],\"s\":[0.01,0.01,0.01]},\"children\":{}},\"cube0_3\":{\"form\":{\"type\":\"'cube.i3d'\",\"x\":0,\"y\":-20,\"z\":0,\"textureurl\":\"sky_jpg\",\"w\":5,\"h\":10,\"d\":10,\"color\":\"blue\",\"transparent\":true,\"opacity\":1},\"transform\":{\"t\":[20,0,0],\"s\":[0.01,0.01,0.01]},\"children\":{}}}}}}}"},
[18:05:23.828] "/a:/i3d-simple:simple_green/i2d-scene:disks0/base-skycube:test_cube/ui-msgbg:/shot-graft:scope20",
[18:05:23.830] "//////shot-graft:scope20",
[18:05:23.830] {"delta":{"timeline":{"p":{"repeat":0},"actors":{"i3d:cube0:scale":[{"dur":10,"p":{"x":0.5,"y":0.5,"z":0.5}}]}},"branches":{"cube0":{"children":{"cube0_2":{"form":{"type":"'cube.i3d'","x":0,"y":0,"z":0,"textureurl":"./images/sky.jpg","w":5,"h":10,"d":10,"color":"blue","transparent":true,"opacity":1},"transform":{"t":[-20,-10,0],"s":[0.01,0.01,0.01]},"children":{}},"cube0_3":{"form":{"type":"'cube.i3d'","x":0,"y":-20,"z":0,"textureurl":"sky_jpg","w":5,"h":10,"d":10,"color":"blue","transparent":true,"opacity":1},"transform":{"t":[20,0,0],"s":[0.01,0.01,0.01]},"children":{}}}}}}},
[18:05:38.642] {"t":"narrative","f":"shot","a":"shot-graft:{\"delta\":{\"timeline\":{\"p\":{\"repeat\":0},\"actors\":{\"i3d:cube0_2:scale\":[{\"dur\":10,\"p\":{\"x\":1,\"y\":1,\"z\":1}}],\"i3d:cube0_3:scale\":[{\"dur\":10,\"p\":{\"x\":1,\"y\":1,\"z\":1}}]}},\"branches\":{\"cube0_2\":{\"children\":{\"s0_2_0\":{\"form\":{\"type\":\"'sphere.i3d'\",\"r\":5,\"color\":\"blue\",\"transparent\":true,\"opacity\":0.8},\"transform\":{\"e\":[0,-0.785,0],\"t\":[-10,-10,0],\"s\":[0.01,0.01,0.01]},\"children\":{}},\"s0_2_1\":{\"form\":{\"type\":\"'sphere.i3d'\",\"r\":5,\"color\":\"blue\",\"transparent\":true,\"opacity\":0.8},\"transform\":{\"e\":[0,0.785,0],\"t\":[10,10,0],\"s\":[0.01,0.01,0.01]},\"children\":{}}}}}}}"},
[18:05:38.774] "//////shot-graft:scope21",
[18:05:38.773] "/a:/i3d-simple:simple_green/i2d-scene:disks0/base-skycube:test_cube/ui-msgbg:/shot-graft:scope21",
[18:05:38.774] {"delta":{"timeline":{"p":{"repeat":0},"actors":{"i3d:cube0_2:scale":[{"dur":10,"p":{"x":1,"y":1,"z":1}}],"i3d:cube0_3:scale":[{"dur":10,"p":{"x":1,"y":1,"z":1}}]}},"branches":{"cube0_2":{"children":{"s0_2_0":{"form":{"type":"'sphere.i3d'","r":5,"color":"blue","transparent":true,"opacity":0.8},"transform":{"e":[0,-0.785,0],"t":[-10,-10,0],"s":[0.01,0.01,0.01]},"children":{}},"s0_2_1":{"form":{"type":"'sphere.i3d'","r":5,"color":"blue","transparent":true,"opacity":0.8},"transform":{"e":[0,0.785,0],"t":[10,10,0],"s":[0.01,0.01,0.01]},"children":{}}}}}}},
[18:05:48.655] {"t":"narrative","f":"shot","a":"shot-graft:{\"delta\":{\"timeline\":{\"p\":{\"repeat\":0},\"actors\":{\"i3d:s0_2_0:scale\":[{\"dur\":10,\"p\":{\"x\":1,\"y\":1,\"z\":1}}],\"i3d:s0_2_1:scale\":[{\"dur\":10,\"p\":{\"x\":1,\"y\":1,\"z\":1}}]}},\"branches\":{}}}"},
[18:05:48.696] "/a:/i3d-simple:simple_green/i2d-scene:disks0/base-skycube:test_cube/ui-msgbg:/shot-graft:scope22",
[18:05:48.697] "//////shot-graft:scope22",
[18:05:48.698] {"delta":{"timeline":{"p":{"repeat":0},"actors":{"i3d:s0_2_0:scale":[{"dur":10,"p":{"x":1,"y":1,"z":1}}],"i3d:s0_2_1:scale":[{"dur":10,"p":{"x":1,"y":1,"z":1}}]}},"branches":{}}},
[18:06:03.646] {"t":"camera3d","f":"panflyTo","a":{"r":0.7854,"d":4}},
[18:06:03.674] "/a:/i3d-simple:simple_green/i2d-scene:disks0/base-skycube:test_cube/ui-msgbg:/shot-anim:scope23",
[18:06:03.677] "//////shot-anim:scope23",
[18:06:03.679] {"delta":{"timeline":{"p":{"paused":true,"repeat":0},"actors":{"i3d:camera:rotation":[{"dur":4,"p":{"y":0.7854,"immediateRender":false}}]}}}},
[18:06:13.645] {"t":"narrative","f":"change_scene","a":"footprint"},
[18:06:15.500] "/footprint:/i3d-scene:scene1/i2d-empty:/escher:/ui-msgbg:/shot-fixed:",
[18:06:15.501] "/footprint:/i3d-scene:scene1/i2d-empty:/escher://shot-fixed:",
[18:06:15.501] {},
[18:06:28.646] {"t":"camera3d","f":"panflyTo","a":{"r":0.7854,"d":4}},
[18:06:28.707] "/footprint:/i3d-scene:scene1/i2d-empty:/escher:/ui-msgbg:/shot-anim:scope25",
[18:06:28.707] "//////shot-anim:scope25",
[18:06:28.707] {"delta":{"timeline":{"p":{"paused":true,"repeat":0},"actors":{"i3d:camera:rotation":[{"dur":4,"p":{"y":0.7854,"immediateRender":false}}]}}}},
[18:06:38.645] {"t":"camera3d","f":"tiltflyTo","a":{"r":0.7854,"d":4}},
[18:06:38.701] "/footprint:/i3d-scene:scene1/i2d-empty:/escher:/ui-msgbg:/shot-anim:scope26",
[18:06:38.701] "//////shot-anim:scope26",
[18:06:38.701] {"delta":{"timeline":{"p":{"paused":true,"repeat":0},"actors":{"i3d:camera:rotation":[{"dur":4,"p":{"x":0.7854,"immediateRender":false}}]}}}},
[18:06:53.646] {"t":"camera3d","f":"billboardsFaceCamera"},
[18:06:53.701] "/footprint:/i3d-scene:scene1/i2d-empty:/escher:/ui-msgbg:/shot-fixed:scope27",
[18:06:53.702] "//////shot-fixed:scope27",
[18:06:53.702] {"delta-t":"camera3d","f":"billboardsFaceCamera"},
[18:07:08.647] {"t":"camera3d","f":"tiltflyBy","a":{"r":-0.7854,"d":4}},
[18:07:08.691] "/footprint:/i3d-scene:scene1/i2d-empty:/escher:/ui-msgbg:/shot-anim:scope28",
[18:07:08.692] "//////shot-anim:scope28",
[18:07:08.692] {"delta":{"timeline":{"p":{"paused":true,"repeat":0},"actors":{"i3d:camera:rotation":[{"dur":4,"p":{"x":0,"immediateRender":false}}]}}}},
[18:07:18.648] {"t":"camera3d","f":"panflyBy","a":{"r":-0.7854,"d":4}},
[18:07:18.704] "//////shot-anim:scope29",
[18:07:18.704] "/footprint:/i3d-scene:scene1/i2d-empty:/escher:/ui-msgbg:/shot-anim:scope29",
[18:07:18.705] {"delta":{"timeline":{"p":{"paused":true,"repeat":0},"actors":{"i3d:camera:rotation":[{"dur":4,"p":{"y":0,"immediateRender":false}}]}}}},
[18:07:28.647] {"t":"narrative","f":"change_scene","a":"circle"},
[18:07:29.087] "/circle:/i3d-simple:simple_red/i2d-scene:disks0/base-skycube:test_cube/ui-msgbg:/shot-graft:a0",
[18:07:29.087] "/circle:/i3d-simple:simple_red/i2d-scene:disks0/base-skycube:test_cube//shot-graft:a0",
[18:07:29.088] {"delta":{"timeline":[{"id":"cube0_1","dur":10,"p":{"scale":[1,1,1]},"delay":2}],"branches":{"cube0":{"children":{"cube0_2":{"form":{"type":"'cube.i3d'","x":0,"y":0,"z":0,"textureurl":"./images/sky.jpg","w":20,"h":20,"d":20,"color":"blue","transparent":true,"opacity":1},"transform":{"t":[-20,-10,0],"s":[0.25,1,0.25]},"children":{}},"cube0_3":{"form":{"type":"'cube.i3d'","x":0,"y":-20,"z":0,"textureurl":"sky_jpg","w":20,"h":40,"d":20,"color":"blue","transparent":true,"opacity":1},"transform":{"t":[20,0,0],"s":[0.5,1,0.5]},"children":{}}}}}}},
[18:07:43.647] {"t":"narrative","f":"change_state","a":"/circle:/i3d-simple:simple_red/i2d-scene:mf2d0/base-skycube:test_cube/ui-msgbg:/shot-fixed:"},
[18:07:43.846] "/circle:/i3d-simple:simple_red/i2d-scene:mf2d0/base-skycube:test_cube/ui-msgbg:/shot-fixed:",
[18:07:43.846] "///i2d-scene:mf2d0///shot-fixed:",
[18:07:43.847] {},
[18:07:53.648] {"t":"narrative","f":"change_scene","a":"stocks"},
[18:07:55.382] "/stocks:/i3d-jsonmodels:phonghead_kfb/i2d-scene:defsuse0/grid:/ui-msgbg:/shot-fixed:",
[18:07:55.383] {},
[18:07:55.382] "/stocks:/i3d-jsonmodels:phonghead_kfb/i2d-scene:defsuse0/grid://",
[18:08:08.650] {"t":"narrative","f":"change_state","a":"///i2d-scene:mf2d0///"},
[18:08:08.898] "/stocks:/i3d-jsonmodels:phonghead_kfb/i2d-scene:mf2d0/grid:/ui-msgbg:/shot-fixed:",
[18:08:08.898] "///i2d-scene:mf2d0///",
[18:08:08.898] {},
[18:08:18.653] {"t":"camera3d","f":"panflyBy","a":{"r":-0.7854,"d":4}},
[18:08:18.700] "/stocks:/i3d-jsonmodels:phonghead_kfb/i2d-scene:mf2d0/grid:/ui-msgbg:/shot-anim:scope34",
[18:08:18.701] "//////shot-anim:scope34",
[18:08:18.701] {"delta":{"timeline":{"p":{"paused":true,"repeat":0},"actors":{"i3d:camera:rotation":[{"dur":4,"p":{"y":-0.7854,"immediateRender":false}}]}}}},
[18:08:28.653] {"t":"camera2d","f":"zoomflyBy","a":{"s":0.9,"d":3}},
[18:08:28.670] "/stocks:/i3d-jsonmodels:phonghead_kfb/i2d-scene:mf2d0/grid:/ui-msgbg:/shot-anim:scope35",
[18:08:28.671] "//////shot-anim:scope35",
[18:08:28.671] {"delta":{"timeline":{"p":{"paused":true,"repeat":0,"tweens":[]},"actors":{"i2d:zoom_plane":[{"dur":3,"p":{"scale":0.9,"svgOrigin":"0% 0%","immediateRender":false}}]}}}},
[18:08:43.653] {"t":"camera2d","f":"zoomflyTo","a":{"s":2,"d":3}},
[18:08:43.686] "/stocks:/i3d-jsonmodels:phonghead_kfb/i2d-scene:mf2d0/grid:/ui-msgbg:/shot-anim:scope36",
[18:08:43.687] "//////shot-anim:scope36",
[18:08:43.687] {"delta":{"timeline":{"p":{"paused":true,"repeat":0,"tweens":[]},"actors":{"i2d:zoom_plane":[{"dur":3,"p":{"scale":2,"svgOrigin":"0% 0%","immediateRender":false}}]}}}},
[18:08:53.652] {"t":"camera2d","f":"zoomflyTo","a":{"s":0.5,"d":3}},
[18:08:53.700] "/stocks:/i3d-jsonmodels:phonghead_kfb/i2d-scene:mf2d0/grid:/ui-msgbg:/shot-anim:scope37",
[18:08:53.700] "//////shot-anim:scope37",
[18:08:53.701] {"delta":{"timeline":{"p":{"paused":true,"repeat":0,"tweens":[]},"actors":{"i2d:zoom_plane":[{"dur":3,"p":{"scale":0.5,"svgOrigin":"0% 0%","immediateRender":false}}]}}}},
[18:09:08.653] {"t":"camera2d","f":"dollyflyTo","a":{"x":20,"d":3}},
[18:09:08.675] "/stocks:/i3d-jsonmodels:phonghead_kfb/i2d-scene:mf2d0/grid:/ui-msgbg:/shot-anim:scope38",
[18:09:08.676] "//////shot-anim:scope38",
[18:09:08.676] {"delta":{"timeline":{"p":{"paused":true,"repeat":0,"tweens":[]},"actors":{"i2d:plane":[{"dur":3,"p":{"x":20,"y":0,"immediateRender":false}}]}}}},
[18:09:23.653] {"t":"camera2d","f":"center","a":{"d":3}},
[18:09:23.710] "/stocks:/i3d-jsonmodels:phonghead_kfb/i2d-scene:mf2d0/grid:/ui-msgbg:/shot-anim:scope39",
[18:09:23.712] "//////shot-anim:scope39",
[18:09:23.712] {"delta":{"timeline":{"p":{"paused":true,"repeat":0},"actors":{"i2d:plane":[{"dur":3,"p":{"x":0,"y":0,"immediateRender":false}}],"i2d:zoom_plane":[{"dur":3,"p":{"rotation":0,"svgOrigin":"0% 0%","immediateRender":false}}]}}}},
[18:09:38.659] {"t":"camera2d","f":"home","a":{"d":3}},
[18:09:38.703] "/stocks:/i3d-jsonmodels:phonghead_kfb/i2d-scene:mf2d0/grid:/ui-msgbg:/shot-anim:scope40",
[18:09:38.703] "//////shot-anim:scope40",
[18:09:38.704] {"delta":{"timeline":{"p":{"paused":true,"repeat":0},"actors":{"i2d:plane":[{"dur":3,"p":{"x":0,"y":0,"immediateRender":false}}],"i2d:zoom_plane":[{"dur":3,"p":{"rotation":0,"scale":1,"svgOrigin":"0% 0%","immediateRender":false}}]}}}},
[18:09:48.660] {"t":"camera2d","f":"rollflyTo","a":{"r":-90,"d":3}},
[18:09:48.700] "/stocks:/i3d-jsonmodels:phonghead_kfb/i2d-scene:mf2d0/grid:/ui-msgbg:/shot-anim:scope41",
[18:09:48.700] "//////shot-anim:scope41",
[18:09:48.702] {"delta":{"timeline":{"p":{"paused":true,"repeat":0,"tweens":[]},"actors":{"i2d:zoom_plane":[{"dur":3,"p":{"rotation":-90,"svgOrigin":"0% 0%","immediateRender":false}}]}}}},
[18:09:58.661] {"t":"camera2d","f":"rollflyBy","a":{"r":45,"d":3}},
[18:09:58.714] "/stocks:/i3d-jsonmodels:phonghead_kfb/i2d-scene:mf2d0/grid:/ui-msgbg:/shot-anim:scope42",
[18:09:58.715] {"delta":{"timeline":{"p":{"paused":true,"repeat":0,"tweens":[]},"actors":{"i2d:zoom_plane":[{"dur":3,"p":{"rotation":-45,"svgOrigin":"0% 0%","immediateRender":false}}]}}}},
[18:09:58.715] "//////shot-anim:scope42",
[18:10:08.661] {"t":"camera2d","f":"rollflyBy","a":{"r":45,"d":3}},
[18:10:08.702] "/stocks:/i3d-jsonmodels:phonghead_kfb/i2d-scene:mf2d0/grid:/ui-msgbg:/shot-anim:scope43",
[18:10:08.702] "//////shot-anim:scope43",
[18:10:08.703] {"delta":{"timeline":{"p":{"paused":true,"repeat":0,"tweens":[]},"actors":{"i2d:zoom_plane":[{"dur":3,"p":{"rotation":0,"svgOrigin":"0% 0%","immediateRender":false}}]}}}},
[18:10:18.662] {"t":"camera2d","f":"dollyflyTo","a":{"x":20,"d":3}},
[18:10:18.709] "/stocks:/i3d-jsonmodels:phonghead_kfb/i2d-scene:mf2d0/grid:/ui-msgbg:/shot-anim:scope44",
[18:10:18.710] "//////shot-anim:scope44",
[18:10:18.710] {"delta":{"timeline":{"p":{"paused":true,"repeat":0,"tweens":[]},"actors":{"i2d:plane":[{"dur":3,"p":{"x":20,"y":0,"immediateRender":false}}]}}}},
[18:10:33.662] {"t":"camera2d","f":"dollyflyTo","a":{"y":20,"d":3}},
[18:10:33.695] "/stocks:/i3d-jsonmodels:phonghead_kfb/i2d-scene:mf2d0/grid:/ui-msgbg:/shot-anim:scope45",
[18:10:33.695] "//////shot-anim:scope45",
[18:10:33.696] {"delta":{"timeline":{"p":{"paused":true,"repeat":0,"tweens":[]},"actors":{"i2d:plane":[{"dur":3,"p":{"x":20,"y":-20,"immediateRender":false}}]}}}},
[18:10:43.662] {"t":"camera2d","f":"dollyflyTo","a":{"x":0,"d":3}},
[18:10:43.704] "/stocks:/i3d-jsonmodels:phonghead_kfb/i2d-scene:mf2d0/grid:/ui-msgbg:/shot-anim:scope46",
[18:10:43.704] "//////shot-anim:scope46",
[18:10:43.705] {"delta":{"timeline":{"p":{"paused":true,"repeat":0,"tweens":[]},"actors":{"i2d:plane":[{"dur":3,"p":{"x":0,"y":-20,"immediateRender":false}}]}}}},
[18:10:53.663] {"t":"camera2d","f":"dollyflyTo","a":{"y":-40,"d":3}},
[18:10:53.680] "/stocks:/i3d-jsonmodels:phonghead_kfb/i2d-scene:mf2d0/grid:/ui-msgbg:/shot-anim:scope47",
[18:10:53.680] "//////shot-anim:scope47",
[18:10:53.681] {"delta":{"timeline":{"p":{"paused":true,"repeat":0,"tweens":[]},"actors":{"i2d:plane":[{"dur":3,"p":{"x":0,"y":40,"immediateRender":false}}]}}}},
[18:11:08.675] {"t":"camera2d","f":"dollyflyTo","a":{"x":20,"d":3}},
[18:11:08.685] "/stocks:/i3d-jsonmodels:phonghead_kfb/i2d-scene:mf2d0/grid:/ui-msgbg:/shot-anim:scope48",
[18:11:08.685] "//////shot-anim:scope48",
[18:11:08.685] {"delta":{"timeline":{"p":{"paused":true,"repeat":0,"tweens":[]},"actors":{"i2d:plane":[{"dur":3,"p":{"x":20,"y":40,"immediateRender":false}}]}}}},
[18:11:23.665] {"t":"camera2d","f":"dollyflyTo","a":{"x":0,"d":3}},
[18:11:23.705] "/stocks:/i3d-jsonmodels:phonghead_kfb/i2d-scene:mf2d0/grid:/ui-msgbg:/shot-anim:scope49",
[18:11:23.706] "//////shot-anim:scope49",
[18:11:23.706] {"delta":{"timeline":{"p":{"paused":true,"repeat":0,"tweens":[]},"actors":{"i2d:plane":[{"dur":3,"p":{"x":0,"y":40,"immediateRender":false}}]}}}},
[18:11:33.665] {"t":"camera3d","f":"tiltflyTo","a":{"r":-0.7854,"d":3}},
[18:11:33.695] "/stocks:/i3d-jsonmodels:phonghead_kfb/i2d-scene:mf2d0/grid:/ui-msgbg:/shot-anim:scope50",
[18:11:33.695] "//////shot-anim:scope50",
[18:11:33.696] {"delta":{"timeline":{"p":{"paused":true,"repeat":0},"actors":{"i3d:camera:rotation":[{"dur":3,"p":{"x":-0.7854,"immediateRender":false}}]}}}},
[18:11:43.667] {"t":"camera3d","f":"panflyTo","a":{"r":-0.7854,"d":3}},
[18:11:43.708] "/stocks:/i3d-jsonmodels:phonghead_kfb/i2d-scene:mf2d0/grid:/ui-msgbg:/shot-anim:scope51",
[18:11:43.709] "//////shot-anim:scope51",
[18:11:43.709] {"delta":{"timeline":{"p":{"paused":true,"repeat":0},"actors":{"i3d:camera:rotation":[{"dur":3,"p":{"y":-0.7854,"immediateRender":false}}]}}}},
[18:11:58.673] {"t":"camera3d","f":"lookAt"},
[18:11:58.709] "/stocks:/i3d-jsonmodels:phonghead_kfb/i2d-scene:mf2d0/grid:/ui-msgbg:/shot-fixed:scope52",
[18:11:58.710] "//////shot-fixed:scope52",
[18:11:58.710] {"delta-t":"camera3d","f":"lookAt","a":{}},
[18:12:08.677] {"t":"camera3d","f":"dollyflyTo","a":{"x":20,"y":0,"z":0,"d":3}},
[18:12:08.721] "/stocks:/i3d-jsonmodels:phonghead_kfb/i2d-scene:mf2d0/grid:/ui-msgbg:/shot-anim:scope53",
[18:12:08.721] "//////shot-anim:scope53",
[18:12:08.722] {"delta":{"timeline":{"p":{"paused":true,"repeat":0},"actors":{"i3d:csphere:position":[{"dur":3,"p":{"x":20,"y":0,"z":0,"immediateRender":false}}]}}}},
[18:12:23.682] {"t":"camera3d","f":"zoomflyTo","a":{"s":0.5,"d":3}},
[18:12:23.718] "/stocks:/i3d-jsonmodels:phonghead_kfb/i2d-scene:mf2d0/grid:/ui-msgbg:/shot-anim:scope54",
[18:12:23.719] "//////shot-anim:scope54",
[18:12:23.719] {"delta":{"timeline":{"p":{"paused":true,"repeat":0},"actors":{"i3d:csphere:scale":[{"dur":3,"p":{"x":0.5,"y":0.5,"z":0.5,"immediateRender":false}}]}}}},
[18:12:38.683] {"t":"camera3d","f":"zoomflyTo","a":{"s":2,"d":3}},
[18:12:38.726] "/stocks:/i3d-jsonmodels:phonghead_kfb/i2d-scene:mf2d0/grid:/ui-msgbg:/shot-anim:scope55",
[18:12:38.727] "//////shot-anim:scope55",
[18:12:38.727] {"delta":{"timeline":{"p":{"paused":true,"repeat":0},"actors":{"i3d:csphere:scale":[{"dur":3,"p":{"x":2,"y":2,"z":2,"immediateRender":false}}]}}}},
[18:12:53.684] {"t":"camera3d","f":"dollyflyTo","a":{"x":20,"y":20,"z":-20,"d":3}},
[18:12:53.725] "/stocks:/i3d-jsonmodels:phonghead_kfb/i2d-scene:mf2d0/grid:/ui-msgbg:/shot-anim:scope56",
[18:12:53.726] {"delta":{"timeline":{"p":{"paused":true,"repeat":0},"actors":{"i3d:csphere:position":[{"dur":3,"p":{"x":20,"y":20,"z":-20,"immediateRender":false}}]}}}},
[18:12:53.726] "//////shot-anim:scope56",
[18:13:03.683] {"t":"camera3d","f":"zoomflyTo","a":{"s":0.5,"d":3}},
[18:13:03.727] "/stocks:/i3d-jsonmodels:phonghead_kfb/i2d-scene:mf2d0/grid:/ui-msgbg:/shot-anim:scope57",
[18:13:03.727] "//////shot-anim:scope57",
[18:13:03.729] {"delta":{"timeline":{"p":{"paused":true,"repeat":0},"actors":{"i3d:csphere:scale":[{"dur":3,"p":{"x":0.5,"y":0.5,"z":0.5,"immediateRender":false}}]}}}},
[18:13:13.684] {"t":"camera3d","f":"center","a":{"d":3}},
[18:13:13.759] "/stocks:/i3d-jsonmodels:phonghead_kfb/i2d-scene:mf2d0/grid:/ui-msgbg:/shot-anim:scope58",
[18:13:13.759] "//////shot-anim:scope58",
[18:13:13.760] {"delta":{"timeline":{"p":{"paused":true,"repeat":0},"actors":{"i3d:camera:rotation":[{"dur":3,"p":{"x":0,"y":0,"z":0,"immediateRender":false}}],"i3d:csphere:position":[{"dur":3,"p":{"x":0,"y":0,"z":0,"immediateRender":false}}],"i3d:csphere:rotation":[{"dur":3,"p":{"x":0,"y":0,"z":0,"immediateRender":false}}],"i2d:plane":[{"dur":3,"p":{"x":0,"y":0,"immediateRender":false}}],"i2d:zoom_plane":[{"dur":3,"p":{"rotation":0,"svgOrigin":"0% 0%","immediateRender":false}}]}}}},
[18:13:28.685] {"t":"camera3d","f":"home","a":{"d":3}},
[18:13:28.735] "//////shot-anim:scope59",
[18:13:28.734] "/stocks:/i3d-jsonmodels:phonghead_kfb/i2d-scene:mf2d0/grid:/ui-msgbg:/shot-anim:scope59",
[18:13:28.735] {"delta":{"timeline":{"p":{"paused":true,"repeat":0},"actors":{"i3d:camera:rotation":[{"dur":3,"p":{"x":0,"y":0,"z":0,"immediateRender":false}}],"i3d:csphere:position":[{"dur":3,"p":{"x":0,"y":0,"z":0,"immediateRender":false}}],"i3d:csphere:scale":[{"dur":3,"p":{"x":1,"y":1,"z":1,"immediateRender":false}}],"i3d:csphere:rotation":[{"dur":3,"p":{"x":0,"y":0,"z":0,"immediateRender":false}}],"i2d:plane":[{"dur":3,"p":{"x":0,"y":0,"immediateRender":false}}],"i2d:zoom_plane":[{"dur":3,"p":{"rotation":0,"scale":1,"svgOrigin":"0% 0%","immediateRender":false}}]}}}},
[18:13:38.684] {"t":"camera3d","f":"panflyBy","a":{"r":0.7854,"d":3}},
[18:13:38.734] "/stocks:/i3d-jsonmodels:phonghead_kfb/i2d-scene:mf2d0/grid:/ui-msgbg:/shot-anim:scope60",
[18:13:38.734] "//////shot-anim:scope60",
[18:13:38.735] {"delta":{"timeline":{"p":{"paused":true,"repeat":0},"actors":{"i3d:camera:rotation":[{"dur":3,"p":{"y":0.7854,"immediateRender":false}}]}}}},
[18:13:53.689] {"t":"camera3d","f":"tiltflyBy","a":{"r":0.7854,"d":3}},
[18:13:53.725] "/stocks:/i3d-jsonmodels:phonghead_kfb/i2d-scene:mf2d0/grid:/ui-msgbg:/shot-anim:scope61",
[18:13:53.725] "//////shot-anim:scope61",
[18:13:53.726] {"delta":{"timeline":{"p":{"paused":true,"repeat":0},"actors":{"i3d:camera:rotation":[{"dur":3,"p":{"x":0.7854,"immediateRender":false}}]}}}},
[18:14:03.689] {"t":"camera3d","f":"lookAt"},
[18:14:03.730] "/stocks:/i3d-jsonmodels:phonghead_kfb/i2d-scene:mf2d0/grid:/ui-msgbg:/shot-fixed:scope62",
[18:14:03.730] "//////shot-fixed:scope62",
[18:14:03.730] {"delta-t":"camera3d","f":"lookAt","a":{}},
[18:14:18.689] {"t":"camera3d","f":"rollflyTo","a":{"r":-1.57,"d":4}},
[18:14:18.725] "/stocks:/i3d-jsonmodels:phonghead_kfb/i2d-scene:mf2d0/grid:/ui-msgbg:/shot-anim:scope63",
[18:14:18.725] "//////shot-anim:scope63",
[18:14:18.729] {"delta":{"timeline":{"p":{"paused":true,"repeat":0},"actors":{"i3d:camera:rotation":[{"dur":4,"p":{"z":-1.57,"immediateRender":false}}]}}}},
[18:14:28.689] {"t":"camera3d","f":"rollflyBy","a":{"r":0.3927,"d":4}},
[18:14:28.728] "/stocks:/i3d-jsonmodels:phonghead_kfb/i2d-scene:mf2d0/grid:/ui-msgbg:/shot-anim:scope64",
[18:14:28.728] "//////shot-anim:scope64",
[18:14:28.728] {"delta":{"timeline":{"p":{"paused":true,"repeat":0},"actors":{"i3d:camera:rotation":[{"dur":4,"p":{"z":-1.1773,"immediateRender":false}}]}}}},
[18:14:43.689] {"t":"camera3d","f":"rollflyBy","a":{"r":0.3927,"d":4}},
[18:14:43.724] "/stocks:/i3d-jsonmodels:phonghead_kfb/i2d-scene:mf2d0/grid:/ui-msgbg:/shot-anim:scope65",
[18:14:43.725] {"delta":{"timeline":{"p":{"paused":true,"repeat":0},"actors":{"i3d:camera:rotation":[{"dur":4,"p":{"z":-0.7846,"immediateRender":false}}]}}}},
[18:14:43.724] "//////shot-anim:scope65",
[18:14:53.690] {"t":"camera3d","f":"center","a":{"d":3}},
[18:14:53.722] "/stocks:/i3d-jsonmodels:phonghead_kfb/i2d-scene:mf2d0/grid:/ui-msgbg:/shot-anim:scope66",
[18:14:53.722] "//////shot-anim:scope66",
[18:14:53.722] {"delta":{"timeline":{"p":{"paused":true,"repeat":0},"actors":{"i3d:camera:rotation":[{"dur":3,"p":{"x":0,"y":0,"z":0,"immediateRender":false}}],"i3d:csphere:position":[{"dur":3,"p":{"x":0,"y":0,"z":0,"immediateRender":false}}],"i3d:csphere:rotation":[{"dur":3,"p":{"x":0,"y":0,"z":0,"immediateRender":false}}],"i2d:plane":[{"dur":3,"p":{"x":0,"y":0,"immediateRender":false}}],"i2d:zoom_plane":[{"dur":3,"p":{"rotation":0,"svgOrigin":"0% 0%","immediateRender":false}}]}}}},
[18:15:08.689] {"t":"camera3d","f":"yawflyTo","a":{"r":1.57,"d":3}},
[18:15:08.731] "/stocks:/i3d-jsonmodels:phonghead_kfb/i2d-scene:mf2d0/grid:/ui-msgbg:/shot-anim:scope67",
[18:15:08.731] "//////shot-anim:scope67",
[18:15:08.732] {"delta":{"timeline":{"p":{"paused":true,"repeat":0},"actors":{"i3d:csphere:rotation":[{"dur":3,"p":{"y":1.57,"immediateRender":false}}]}}}},
[18:15:18.689] {"t":"camera3d","f":"yawflyBy","a":{"r":-0.7854,"d":3}},
[18:15:18.732] "/stocks:/i3d-jsonmodels:phonghead_kfb/i2d-scene:mf2d0/grid:/ui-msgbg:/shot-anim:scope68",
[18:15:18.733] "//////shot-anim:scope68",
[18:15:18.733] {"delta":{"timeline":{"p":{"paused":true,"repeat":0},"actors":{"i3d:csphere:rotation":[{"dur":3,"p":{"y":0.7846000000000001,"immediateRender":false}}]}}}},
[18:15:33.689] {"t":"camera3d","f":"yawflyBy","a":{"r":-0.7854,"d":3}},
[18:15:33.727] "/stocks:/i3d-jsonmodels:phonghead_kfb/i2d-scene:mf2d0/grid:/ui-msgbg:/shot-anim:scope69",
[18:15:33.728] "//////shot-anim:scope69",
[18:15:33.728] {"delta":{"timeline":{"p":{"paused":true,"repeat":0},"actors":{"i3d:csphere:rotation":[{"dur":3,"p":{"y":-0.0007999999999999119,"immediateRender":false}}]}}}},
[18:15:48.690] {"t":"camera3d","f":"pitchflyTo","a":{"r":-1.57,"d":3}},
[18:15:48.748] "/stocks:/i3d-jsonmodels:phonghead_kfb/i2d-scene:mf2d0/grid:/ui-msgbg:/shot-anim:scope70",
[18:15:48.750] "//////shot-anim:scope70",
[18:15:48.750] {"delta":{"timeline":{"p":{"paused":true,"repeat":0},"actors":{"i3d:csphere:rotation":[{"dur":3,"p":{"x":-1.57,"immediateRender":false}}]}}}},
[18:16:03.691] {"t":"camera3d","f":"pitchflyBy","a":{"r":0.7854,"d":3}},
[18:16:03.791] "/stocks:/i3d-jsonmodels:phonghead_kfb/i2d-scene:mf2d0/grid:/ui-msgbg:/shot-anim:scope71",
[18:16:03.791] "//////shot-anim:scope71",
[18:16:03.791] {"delta":{"timeline":{"p":{"paused":true,"repeat":0},"actors":{"i3d:csphere:rotation":[{"dur":3,"p":{"x":-0.7846000000000001,"immediateRender":false}}]}}}},
[18:16:13.696] {"t":"camera3d","f":"pitchflyBy","a":{"r":0.7854,"d":3}},
[18:16:13.731] "/stocks:/i3d-jsonmodels:phonghead_kfb/i2d-scene:mf2d0/grid:/ui-msgbg:/shot-anim:scope72",
[18:16:13.731] {"delta":{"timeline":{"p":{"paused":true,"repeat":0},"actors":{"i3d:csphere:rotation":[{"dur":3,"p":{"x":0.0007999999999999119,"immediateRender":false}}]}}}},
[18:16:13.731] "//////shot-anim:scope72",
[18:16:28.696] {"t":"camera3d","f":"dollyflyTo","a":{"x":20,"y":-20,"z":-30,"d":3}},
[18:16:28.725] "//////shot-anim:scope73",
[18:16:28.728] {"delta":{"timeline":{"p":{"paused":true,"repeat":0},"actors":{"i3d:csphere:position":[{"dur":3,"p":{"x":20,"y":-20,"z":-30,"immediateRender":false}}]}}}},
[18:16:28.725] "/stocks:/i3d-jsonmodels:phonghead_kfb/i2d-scene:mf2d0/grid:/ui-msgbg:/shot-anim:scope73",
[18:16:38.700] {"t":"camera3d","f":"dollyflyTo","a":{"x":0,"y":0,"z":30,"d":6}},
[18:16:38.746] "/stocks:/i3d-jsonmodels:phonghead_kfb/i2d-scene:mf2d0/grid:/ui-msgbg:/shot-anim:scope74",
[18:16:38.747] "//////shot-anim:scope74",
[18:16:38.747] {"delta":{"timeline":{"p":{"paused":true,"repeat":0},"actors":{"i3d:csphere:position":[{"dur":6,"p":{"x":20,"y":-20,"z":30,"immediateRender":false}}]}}}},
[18:16:53.703] {"t":"camera3d","f":"tiltflyBy","a":{"r":0.7854,"d":3}},
[18:16:53.730] {"delta":{"timeline":{"p":{"paused":true,"repeat":0},"actors":{"i3d:camera:rotation":[{"dur":3,"p":{"x":0.7854,"immediateRender":false}}]}}}},
[18:16:53.730] "/stocks:/i3d-jsonmodels:phonghead_kfb/i2d-scene:mf2d0/grid:/ui-msgbg:/shot-anim:scope75",
[18:16:53.730] "//////shot-anim:scope75",
[18:17:03.703] {"t":"camera3d","f":"zoomflyTo","a":{"s":2,"d":3}},
[18:17:03.756] "/stocks:/i3d-jsonmodels:phonghead_kfb/i2d-scene:mf2d0/grid:/ui-msgbg:/shot-anim:scope76",
[18:17:03.758] "//////shot-anim:scope76",
[18:17:03.759] {"delta":{"timeline":{"p":{"paused":true,"repeat":0},"actors":{"i3d:csphere:scale":[{"dur":3,"p":{"x":2,"y":2,"z":2,"immediateRender":false}}]}}}},
[18:17:18.704] {"t":"camera3d","f":"home","a":{"d":3}},
[18:17:18.743] "/stocks:/i3d-jsonmodels:phonghead_kfb/i2d-scene:mf2d0/grid:/ui-msgbg:/shot-anim:scope77",
[18:17:18.743] "//////shot-anim:scope77",
[18:17:18.745] {"delta":{"timeline":{"p":{"paused":true,"repeat":0},"actors":{"i3d:camera:rotation":[{"dur":3,"p":{"x":0,"y":0,"z":0,"immediateRender":false}}],"i3d:csphere:position":[{"dur":3,"p":{"x":0,"y":0,"z":0,"immediateRender":false}}],"i3d:csphere:scale":[{"dur":3,"p":{"x":1,"y":1,"z":1,"immediateRender":false}}],"i3d:csphere:rotation":[{"dur":3,"p":{"x":0,"y":0,"z":0,"immediateRender":false}}],"i2d:plane":[{"dur":3,"p":{"x":0,"y":0,"immediateRender":false}}],"i2d:zoom_plane":[{"dur":3,"p":{"rotation":0,"scale":1,"svgOrigin":"0% 0%","immediateRender":false}}]}}}},
