[19:56:49.012] {"t":"camera3d","f":"panflyTo","a":{"r":-0.7854,"d":3}},
[19:56:49.040] "//////shot-anim:scope0",
[19:56:49.040] {"delta":{"timeline":{"p":{"paused":true,"repeat":0},"actors":{"i3d:camera:rotation":[{"dur":3,"p":{"y":-0.7854,"immediateRender":false}}]}}}},
[19:56:49.039] "/metaweb:/i3d-empty:/i2d-reflect:/empty:/ui-msgbg:/shot-anim:scope0",
[19:56:59.003] {"t":"camera3d","f":"lookAt"},
[19:56:59.050] "/metaweb:/i3d-empty:/i2d-reflect:/empty:/ui-msgbg:/shot-fixed:scope1",
[19:56:59.050] "//////shot-fixed:scope1",
[19:56:59.051] {"delta-t":"camera3d","f":"lookAt","a":{}},
[19:57:14.004] {"t":"camera3d","f":"panflyTo","a":{"r":-0.7854,"d":3}},
[19:57:14.014] "/metaweb:/i3d-empty:/i2d-reflect:/empty:/ui-msgbg:/shot-anim:scope2",
[19:57:14.017] "//////shot-anim:scope2",
[19:57:14.017] {"delta":{"timeline":{"p":{"paused":true,"repeat":0},"actors":{"i3d:camera:rotation":[{"dur":3,"p":{"y":-0.7854,"immediateRender":false}}]}}}},
[19:57:29.005] {"t":"camera3d","f":"home","a":{"d":3}},
[19:57:29.035] "/metaweb:/i3d-empty:/i2d-reflect:/empty:/ui-msgbg:/shot-anim:scope3",
[19:57:29.035] "//////shot-anim:scope3",
[19:57:29.036] {"delta":{"timeline":{"p":{"paused":true,"repeat":0},"actors":{"i3d:camera:rotation":[{"dur":3,"p":{"x":0,"y":0,"z":0,"immediateRender":false}}],"i3d:csphere:position":[{"dur":3,"p":{"x":0,"y":0,"z":0,"immediateRender":false}}],"i3d:csphere:scale":[{"dur":3,"p":{"x":1,"y":1,"z":1,"immediateRender":false}}],"i3d:csphere:rotation":[{"dur":3,"p":{"x":0,"y":0,"z":0,"immediateRender":false}}],"i2d:plane":[{"dur":3,"p":{"x":0,"y":0,"immediateRender":false}}],"i2d:zoom_plane":[{"dur":3,"p":{"rotation":0,"scale":1,"svgOrigin":"0% 0%","immediateRender":false}}]}}}},
[19:57:39.004] {"t":"camera3d","f":"panflyTo","a":{"r":0,"d":3}},
[19:57:39.047] "/metaweb:/i3d-empty:/i2d-reflect:/empty:/ui-msgbg:/shot-anim:scope4",
[19:57:39.047] "//////shot-anim:scope4",
[19:57:39.049] {"delta":{"timeline":{"p":{"paused":true,"repeat":0},"actors":{"i3d:camera:rotation":[{"dur":3,"p":{"y":0,"immediateRender":false}}]}}}},
[19:57:49.005] {"t":"narrative","f":"change_scene","a":"a"},
[19:57:49.271] "/a:/i3d-simple:simple_green/i2d-scene:disks0/base-skycube:test_cube/ui-msgbg:/shot-fixed:",
[19:57:49.272] "/a:/i3d-simple:simple_green/i2d-scene:disks0/base-skycube:test_cube//shot-fixed:",
[19:57:49.273] {},
[19:58:04.007] {"t":"narrative","f":"change_scene","a":"a0"},
[19:58:04.135] "/a0://///shot-graft:scope6",
[19:58:04.136] {"delta":{"timeline":{"p":{"repeat":0},"actors":{"i3d:cube0:scale":[{"dur":10,"p":{"x":0.5,"y":0.5,"z":0.5}}]}},"branches":{"cube0":{"children":{"cube0_2":{"form":{"type":"'cube.i3d'","x":0,"y":0,"z":0,"textureurl":"./images/sky.jpg","w":5,"h":10,"d":10,"color":"blue","transparent":true,"opacity":1},"transform":{"t":[-20,-10,0],"s":[0.01,0.01,0.01]},"children":{}},"cube0_3":{"form":{"type":"'cube.i3d'","x":0,"y":-20,"z":0,"textureurl":"sky_jpg","w":5,"h":10,"d":10,"color":"blue","transparent":true,"opacity":1},"transform":{"t":[20,0,0],"s":[0.01,0.01,0.01]},"children":{}}}}}}},
[19:58:04.134] "/a0:/i3d-simple:simple_green/i2d-scene:disks0/base-skycube:test_cube/ui-msgbg:/shot-graft:scope6",
[19:58:19.007] {"t":"narrative","f":"change_scene","a":"a1"},
[19:58:19.089] "/a1:/i3d-simple:simple_green/i2d-scene:disks0/base-skycube:test_cube/ui-msgbg:/shot-graft:scope7",
[19:58:19.090] "/a1://///shot-graft:scope7",
[19:58:19.091] {"delta":{"timeline":{"p":{"repeat":0},"actors":{"i3d:cube0_2:scale":[{"dur":10,"p":{"x":1,"y":1,"z":1}}],"i3d:cube0_3:scale":[{"dur":10,"p":{"x":1,"y":1,"z":1}}]}},"branches":{"cube0_2":{"children":{"s0_2_0":{"form":{"type":"'sphere.i3d'","r":5,"color":"blue","transparent":true,"opacity":0.8},"transform":{"e":[0,-0.785,0],"t":[-10,-10,0],"s":[0.01,0.01,0.01]},"children":{}},"s0_2_1":{"form":{"type":"'sphere.i3d'","r":5,"color":"blue","transparent":true,"opacity":0.8},"transform":{"e":[0,0.785,0],"t":[10,10,0],"s":[0.01,0.01,0.01]},"children":{}}}}}}},
[19:58:29.019] {"t":"narrative","f":"change_scene","a":"a2"},
[19:58:29.038] "/a2:/i3d-simple:simple_green/i2d-scene:disks0/base-skycube:test_cube/ui-msgbg:/shot-graft:scope8",
[19:58:29.039] {"delta":{"timeline":{"p":{"repeat":0},"actors":{"i3d:s0_2_0:scale":[{"dur":10,"p":{"x":1,"y":1,"z":1}}],"i3d:s0_2_1:scale":[{"dur":10,"p":{"x":1,"y":1,"z":1}}]}},"branches":{}}},
[19:58:29.038] "/a2://///shot-graft:scope8",
[19:58:39.026] {"t":"camera3d","f":"dollyflyTo","a":{"x":10,"y":10,"z":-20,"d":4}},
[19:58:39.072] "/a2:/i3d-simple:simple_green/i2d-scene:disks0/base-skycube:test_cube/ui-msgbg:/shot-anim:scope9",
[19:58:39.072] "//////shot-anim:scope9",
[19:58:39.072] {"delta":{"timeline":{"p":{"paused":true,"repeat":0},"actors":{"i3d:csphere:position":[{"dur":4,"p":{"x":10,"y":10,"z":-20,"immediateRender":false}}]}}}},
[19:58:54.063] {"t":"narrative","f":"change_scene","a":"payments"},
[19:58:54.832] "/payments:/i3d-simple:phong_head_sphere_kfb/i2d-empty:/black:/ui-msgbg:/shot-fixed:",
[19:58:54.832] "/payments:/i3d-simple:phong_head_sphere_kfb/i2d-empty:/black://shot-fixed:",
[19:58:54.842] {},
[19:59:04.063] {"t":"camera3d","f":"toggle_csphere","a":{"val":false}},
[19:59:04.107] "/payments:/i3d-simple:phong_head_sphere_kfb/i2d-empty:/black:/ui-msgbg:/shot-fixed:scope11",
[19:59:04.107] "//////shot-fixed:scope11",
[19:59:04.107] {"delta-t":"camera3d","f":"toggle_csphere","a":false},
[19:59:14.067] {"t":"camera3d","f":"toggle_csphere","a":{"val":true}},
[19:59:14.104] "/payments:/i3d-simple:phong_head_sphere_kfb/i2d-empty:/black:/ui-msgbg:/shot-fixed:scope12",
[19:59:14.104] "//////shot-fixed:scope12",
[19:59:14.104] {"delta-t":"camera3d","f":"toggle_csphere","a":true},
[19:59:29.069] {"t":"camera3d","f":"toggle_light","a":{"name":"key","val":false}},
[19:59:29.112] "//////shot-fixed:scope13",
[19:59:29.112] {"delta-t":"camera3d","f":"toggle_light","a":{"name":"key","val":false}},
[19:59:29.112] "/payments:/i3d-simple:phong_head_sphere_kfb/i2d-empty:/black:/ui-msgbg:/shot-fixed:scope13",
[19:59:39.068] {"t":"camera3d","f":"toggle_light","a":{"name":"fill","val":false}},
[19:59:39.098] "/payments:/i3d-simple:phong_head_sphere_kfb/i2d-empty:/black:/ui-msgbg:/shot-fixed:scope14",
[19:59:39.099] {"delta-t":"camera3d","f":"toggle_light","a":{"name":"fill","val":false}},
[19:59:39.099] "//////shot-fixed:scope14",
[19:59:54.071] {"t":"camera3d","f":"toggle_light","a":{"name":"back","val":false}},
[19:59:54.107] "/payments:/i3d-simple:phong_head_sphere_kfb/i2d-empty:/black:/ui-msgbg:/shot-fixed:scope15",
[19:59:54.107] "//////shot-fixed:scope15",
[19:59:54.107] {"delta-t":"camera3d","f":"toggle_light","a":{"name":"back","val":false}},
[20:00:09.070] {"t":"camera3d","f":"toggle_light","a":{"name":"key","val":true}},
[20:00:09.111] "//////shot-fixed:scope16",
[20:00:09.111] "/payments:/i3d-simple:phong_head_sphere_kfb/i2d-empty:/black:/ui-msgbg:/shot-fixed:scope16",
[20:00:09.112] {"delta-t":"camera3d","f":"toggle_light","a":{"name":"key","val":true}},
[20:00:19.071] {"t":"camera3d","f":"toggle_light","a":{"name":"fill","val":true}},
[20:00:19.108] "/payments:/i3d-simple:phong_head_sphere_kfb/i2d-empty:/black:/ui-msgbg:/shot-fixed:scope17",
[20:00:19.109] {"delta-t":"camera3d","f":"toggle_light","a":{"name":"fill","val":true}},
[20:00:19.108] "//////shot-fixed:scope17",
[20:00:29.071] {"t":"camera3d","f":"toggle_light","a":{"name":"back","val":true}},
[20:00:29.115] {"delta-t":"camera3d","f":"toggle_light","a":{"name":"back","val":true}},
[20:00:29.115] "//////shot-fixed:scope18",
[20:00:29.115] "/payments:/i3d-simple:phong_head_sphere_kfb/i2d-empty:/black:/ui-msgbg:/shot-fixed:scope18",
[20:00:44.072] {"t":"narrative","f":"change_scene","a":"a"},
[20:00:44.307] "/a:/i3d-simple:simple_green/i2d-scene:disks0/base-skycube:test_cube/ui-msgbg:/shot-fixed:",
[20:00:44.307] "/a:/i3d-simple:simple_green/i2d-scene:disks0/base-skycube:test_cube//shot-fixed:",
[20:00:44.307] {},
[20:00:54.073] {"t":"narrative","f":"shot","a":"shot-graft:{\"delta\":{\"timeline\":{\"p\":{\"repeat\":0},\"actors\":{\"i3d:cube0:scale\":[{\"dur\":10,\"p\":{\"x\":0.5,\"y\":0.5,\"z\":0.5}}]}},\"branches\":{\"cube0\":{\"children\":{\"cube0_2\":{\"form\":{\"type\":\"'cube.i3d'\",\"x\":0,\"y\":0,\"z\":0,\"textureurl\":\"./images/sky.jpg\",\"w\":5,\"h\":10,\"d\":10,\"color\":\"blue\",\"transparent\":true,\"opacity\":1},\"transform\":{\"t\":[-20,-10,0],\"s\":[0.01,0.01,0.01]},\"children\":{}},\"cube0_3\":{\"form\":{\"type\":\"'cube.i3d'\",\"x\":0,\"y\":-20,\"z\":0,\"textureurl\":\"sky_jpg\",\"w\":5,\"h\":10,\"d\":10,\"color\":\"blue\",\"transparent\":true,\"opacity\":1},\"transform\":{\"t\":[20,0,0],\"s\":[0.01,0.01,0.01]},\"children\":{}}}}}}}"},
[20:00:54.234] "/a:/i3d-simple:simple_green/i2d-scene:disks0/base-skycube:test_cube/ui-msgbg:/shot-graft:scope20",
[20:00:54.234] "//////shot-graft:scope20",
[20:00:54.234] {"delta":{"timeline":{"p":{"repeat":0},"actors":{"i3d:cube0:scale":[{"dur":10,"p":{"x":0.5,"y":0.5,"z":0.5}}]}},"branches":{"cube0":{"children":{"cube0_2":{"form":{"type":"'cube.i3d'","x":0,"y":0,"z":0,"textureurl":"./images/sky.jpg","w":5,"h":10,"d":10,"color":"blue","transparent":true,"opacity":1},"transform":{"t":[-20,-10,0],"s":[0.01,0.01,0.01]},"children":{}},"cube0_3":{"form":{"type":"'cube.i3d'","x":0,"y":-20,"z":0,"textureurl":"sky_jpg","w":5,"h":10,"d":10,"color":"blue","transparent":true,"opacity":1},"transform":{"t":[20,0,0],"s":[0.01,0.01,0.01]},"children":{}}}}}}},
[20:01:04.065] {"t":"narrative","f":"shot","a":"shot-graft:{\"delta\":{\"timeline\":{\"p\":{\"repeat\":0},\"actors\":{\"i3d:cube0_2:scale\":[{\"dur\":10,\"p\":{\"x\":1,\"y\":1,\"z\":1}}],\"i3d:cube0_3:scale\":[{\"dur\":10,\"p\":{\"x\":1,\"y\":1,\"z\":1}}]}},\"branches\":{\"cube0_2\":{\"children\":{\"s0_2_0\":{\"form\":{\"type\":\"'sphere.i3d'\",\"r\":5,\"color\":\"blue\",\"transparent\":true,\"opacity\":0.8},\"transform\":{\"e\":[0,-0.785,0],\"t\":[-10,-10,0],\"s\":[0.01,0.01,0.01]},\"children\":{}},\"s0_2_1\":{\"form\":{\"type\":\"'sphere.i3d'\",\"r\":5,\"color\":\"blue\",\"transparent\":true,\"opacity\":0.8},\"transform\":{\"e\":[0,0.785,0],\"t\":[10,10,0],\"s\":[0.01,0.01,0.01]},\"children\":{}}}}}}}"},
[20:01:04.189] "/a:/i3d-simple:simple_green/i2d-scene:disks0/base-skycube:test_cube/ui-msgbg:/shot-graft:scope21",
[20:01:04.190] "//////shot-graft:scope21",
[20:01:04.190] {"delta":{"timeline":{"p":{"repeat":0},"actors":{"i3d:cube0_2:scale":[{"dur":10,"p":{"x":1,"y":1,"z":1}}],"i3d:cube0_3:scale":[{"dur":10,"p":{"x":1,"y":1,"z":1}}]}},"branches":{"cube0_2":{"children":{"s0_2_0":{"form":{"type":"'sphere.i3d'","r":5,"color":"blue","transparent":true,"opacity":0.8},"transform":{"e":[0,-0.785,0],"t":[-10,-10,0],"s":[0.01,0.01,0.01]},"children":{}},"s0_2_1":{"form":{"type":"'sphere.i3d'","r":5,"color":"blue","transparent":true,"opacity":0.8},"transform":{"e":[0,0.785,0],"t":[10,10,0],"s":[0.01,0.01,0.01]},"children":{}}}}}}},
[20:01:19.191] {"t":"narrative","f":"shot","a":"shot-graft:{\"delta\":{\"timeline\":{\"p\":{\"repeat\":0},\"actors\":{\"i3d:s0_2_0:scale\":[{\"dur\":10,\"p\":{\"x\":1,\"y\":1,\"z\":1}}],\"i3d:s0_2_1:scale\":[{\"dur\":10,\"p\":{\"x\":1,\"y\":1,\"z\":1}}]}},\"branches\":{}}}"},
[20:01:19.211] "/a:/i3d-simple:simple_green/i2d-scene:disks0/base-skycube:test_cube/ui-msgbg:/shot-graft:scope22",
[20:01:19.214] "//////shot-graft:scope22",
[20:01:19.214] {"delta":{"timeline":{"p":{"repeat":0},"actors":{"i3d:s0_2_0:scale":[{"dur":10,"p":{"x":1,"y":1,"z":1}}],"i3d:s0_2_1:scale":[{"dur":10,"p":{"x":1,"y":1,"z":1}}]}},"branches":{}}},
[20:01:34.200] {"t":"camera3d","f":"panflyTo","a":{"r":0.7854,"d":4}},
[20:01:34.227] "/a:/i3d-simple:simple_green/i2d-scene:disks0/base-skycube:test_cube/ui-msgbg:/shot-anim:scope23",
[20:01:34.227] "//////shot-anim:scope23",
[20:01:34.228] {"delta":{"timeline":{"p":{"paused":true,"repeat":0},"actors":{"i3d:camera:rotation":[{"dur":4,"p":{"y":0.7854,"immediateRender":false}}]}}}},
[20:01:44.191] {"t":"narrative","f":"change_scene","a":"footprint"},
[20:01:46.000] "/footprint:/i3d-scene:scene1/i2d-empty:/escher:/ui-msgbg:/shot-fixed:",
[20:01:46.003] "/footprint:/i3d-scene:scene1/i2d-empty:/escher://shot-fixed:",
[20:01:46.005] {},
[20:02:04.198] {"t":"camera3d","f":"panflyTo","a":{"r":0.7854,"d":4}},
[20:02:04.246] "/footprint:/i3d-scene:scene1/i2d-empty:/escher:/ui-msgbg:/shot-anim:scope25",
[20:02:04.248] "//////shot-anim:scope25",
[20:02:04.248] {"delta":{"timeline":{"p":{"paused":true,"repeat":0},"actors":{"i3d:camera:rotation":[{"dur":4,"p":{"y":0.7854,"immediateRender":false}}]}}}},
[20:02:14.194] {"t":"camera3d","f":"tiltflyTo","a":{"r":0.7854,"d":4}},
[20:02:14.256] "/footprint:/i3d-scene:scene1/i2d-empty:/escher:/ui-msgbg:/shot-anim:scope26",
[20:02:14.256] "//////shot-anim:scope26",
[20:02:14.256] {"delta":{"timeline":{"p":{"paused":true,"repeat":0},"actors":{"i3d:camera:rotation":[{"dur":4,"p":{"x":0.7854,"immediateRender":false}}]}}}},
[20:02:24.198] {"t":"camera3d","f":"billboardsFaceCamera"},
[20:02:24.249] "/footprint:/i3d-scene:scene1/i2d-empty:/escher:/ui-msgbg:/shot-fixed:scope27",
[20:02:24.250] "//////shot-fixed:scope27",
[20:02:24.250] {"delta-t":"camera3d","f":"billboardsFaceCamera"},
[20:02:39.198] {"t":"camera3d","f":"tiltflyBy","a":{"r":-0.7854,"d":4}},
[20:02:39.236] "/footprint:/i3d-scene:scene1/i2d-empty:/escher:/ui-msgbg:/shot-anim:scope28",
[20:02:39.236] {"delta":{"timeline":{"p":{"paused":true,"repeat":0},"actors":{"i3d:camera:rotation":[{"dur":4,"p":{"x":0,"immediateRender":false}}]}}}},
[20:02:39.236] "//////shot-anim:scope28",
[20:02:49.198] {"t":"camera3d","f":"panflyBy","a":{"r":-0.7854,"d":4}},
[20:02:49.253] "/footprint:/i3d-scene:scene1/i2d-empty:/escher:/ui-msgbg:/shot-anim:scope29",
[20:02:49.253] "//////shot-anim:scope29",
[20:02:49.253] {"delta":{"timeline":{"p":{"paused":true,"repeat":0},"actors":{"i3d:camera:rotation":[{"dur":4,"p":{"y":0,"immediateRender":false}}]}}}},
[20:03:04.200] {"t":"narrative","f":"change_scene","a":"circle"},
[20:03:04.640] "/circle:/i3d-simple:simple_red/i2d-scene:disks0/base-skycube:test_cube//shot-graft:a0",
[20:03:04.641] {"delta":{"timeline":[{"id":"cube0_1","dur":10,"p":{"scale":[1,1,1]},"delay":2}],"branches":{"cube0":{"children":{"cube0_2":{"form":{"type":"'cube.i3d'","x":0,"y":0,"z":0,"textureurl":"./images/sky.jpg","w":20,"h":20,"d":20,"color":"blue","transparent":true,"opacity":1},"transform":{"t":[-20,-10,0],"s":[0.25,1,0.25]},"children":{}},"cube0_3":{"form":{"type":"'cube.i3d'","x":0,"y":-20,"z":0,"textureurl":"sky_jpg","w":20,"h":40,"d":20,"color":"blue","transparent":true,"opacity":1},"transform":{"t":[20,0,0],"s":[0.5,1,0.5]},"children":{}}}}}}},
[20:03:04.640] "/circle:/i3d-simple:simple_red/i2d-scene:disks0/base-skycube:test_cube/ui-msgbg:/shot-graft:a0",
[20:03:19.201] {"t":"narrative","f":"change_state","a":"/circle:/i3d-simple:simple_red/i2d-scene:mf2d0/base-skycube:test_cube/ui-msgbg:/shot-fixed:"},
[20:03:19.411] "/circle:/i3d-simple:simple_red/i2d-scene:mf2d0/base-skycube:test_cube/ui-msgbg:/shot-fixed:",
[20:03:19.411] "///i2d-scene:mf2d0///shot-fixed:",
[20:03:19.411] {},
[20:03:29.201] {"t":"narrative","f":"change_scene","a":"stocks"},
[20:03:30.751] "/stocks:/i3d-jsonmodels:phonghead_kfb/i2d-scene:defsuse0/grid:/ui-msgbg:/shot-fixed:",
[20:03:30.751] "/stocks:/i3d-jsonmodels:phonghead_kfb/i2d-scene:defsuse0/grid://",
[20:03:30.752] {},
[20:03:44.201] {"t":"narrative","f":"change_state","a":"///i2d-scene:mf2d0///shot-fixed:"},
[20:03:44.427] "/stocks:/i3d-jsonmodels:phonghead_kfb/i2d-scene:mf2d0/grid:/ui-msgbg:/shot-fixed:",
[20:03:44.428] "///i2d-scene:mf2d0///",
[20:03:44.428] {},
[20:03:54.202] {"t":"camera3d","f":"panflyBy","a":{"r":-0.7854,"d":4}},
[20:03:54.249] "/stocks:/i3d-jsonmodels:phonghead_kfb/i2d-scene:mf2d0/grid:/ui-msgbg:/shot-anim:scope34",
[20:03:54.249] "//////shot-anim:scope34",
[20:03:54.249] {"delta":{"timeline":{"p":{"paused":true,"repeat":0},"actors":{"i3d:camera:rotation":[{"dur":4,"p":{"y":-0.7854,"immediateRender":false}}]}}}},
[20:04:09.205] {"t":"camera2d","f":"zoomflyBy","a":{"s":0.9,"d":3}},
[20:04:09.249] "/stocks:/i3d-jsonmodels:phonghead_kfb/i2d-scene:mf2d0/grid:/ui-msgbg:/shot-anim:scope35",
[20:04:09.249] "//////shot-anim:scope35",
[20:04:09.249] {"delta":{"timeline":{"p":{"paused":true,"repeat":0,"tweens":[]},"actors":{"i2d:zoom_plane":[{"dur":3,"p":{"scale":0.9,"svgOrigin":"0% 0%","immediateRender":false}}]}}}},
[20:04:19.204] {"t":"camera2d","f":"zoomflyTo","a":{"s":2,"d":3}},
[20:04:19.255] "/stocks:/i3d-jsonmodels:phonghead_kfb/i2d-scene:mf2d0/grid:/ui-msgbg:/shot-anim:scope36",
[20:04:19.256] "//////shot-anim:scope36",
[20:04:19.256] {"delta":{"timeline":{"p":{"paused":true,"repeat":0,"tweens":[]},"actors":{"i2d:zoom_plane":[{"dur":3,"p":{"scale":2,"svgOrigin":"0% 0%","immediateRender":false}}]}}}},
[20:04:29.205] {"t":"camera2d","f":"zoomflyTo","a":{"s":0.5,"d":3}},
[20:04:29.255] "/stocks:/i3d-jsonmodels:phonghead_kfb/i2d-scene:mf2d0/grid:/ui-msgbg:/shot-anim:scope37",
[20:04:29.255] "//////shot-anim:scope37",
[20:04:29.256] {"delta":{"timeline":{"p":{"paused":true,"repeat":0,"tweens":[]},"actors":{"i2d:zoom_plane":[{"dur":3,"p":{"scale":0.5,"svgOrigin":"0% 0%","immediateRender":false}}]}}}},
[20:04:44.205] {"t":"camera2d","f":"dollyflyTo","a":{"x":20,"d":3}},
[20:04:44.260] "/stocks:/i3d-jsonmodels:phonghead_kfb/i2d-scene:mf2d0/grid:/ui-msgbg:/shot-anim:scope38",
[20:04:44.260] "//////shot-anim:scope38",
[20:04:44.260] {"delta":{"timeline":{"p":{"paused":true,"repeat":0,"tweens":[]},"actors":{"i2d:plane":[{"dur":3,"p":{"x":20,"y":0,"immediateRender":false}}]}}}},
[20:04:54.205] {"t":"camera2d","f":"center","a":{"d":3}},
[20:04:54.260] "/stocks:/i3d-jsonmodels:phonghead_kfb/i2d-scene:mf2d0/grid:/ui-msgbg:/shot-anim:scope39",
[20:04:54.261] {"delta":{"timeline":{"p":{"paused":true,"repeat":0},"actors":{"i2d:plane":[{"dur":3,"p":{"x":0,"y":0,"immediateRender":false}}],"i2d:zoom_plane":[{"dur":3,"p":{"rotation":0,"svgOrigin":"0% 0%","immediateRender":false}}]}}}},
[20:04:54.260] "//////shot-anim:scope39",
[20:05:04.206] {"t":"camera2d","f":"home","a":{"d":3}},
[20:05:04.247] "/stocks:/i3d-jsonmodels:phonghead_kfb/i2d-scene:mf2d0/grid:/ui-msgbg:/shot-anim:scope40",
[20:05:04.247] "//////shot-anim:scope40",
[20:05:04.248] {"delta":{"timeline":{"p":{"paused":true,"repeat":0},"actors":{"i2d:plane":[{"dur":3,"p":{"x":0,"y":0,"immediateRender":false}}],"i2d:zoom_plane":[{"dur":3,"p":{"rotation":0,"scale":1,"svgOrigin":"0% 0%","immediateRender":false}}]}}}},
[20:05:19.206] {"t":"camera2d","f":"rollflyTo","a":{"r":-90,"d":3}},
[20:05:19.244] "/stocks:/i3d-jsonmodels:phonghead_kfb/i2d-scene:mf2d0/grid:/ui-msgbg:/shot-anim:scope41",
[20:05:19.244] "//////shot-anim:scope41",
[20:05:19.245] {"delta":{"timeline":{"p":{"paused":true,"repeat":0,"tweens":[]},"actors":{"i2d:zoom_plane":[{"dur":3,"p":{"rotation":-90,"svgOrigin":"0% 0%","immediateRender":false}}]}}}},
[20:05:34.212] {"t":"camera2d","f":"rollflyBy","a":{"r":45,"d":3}},
[20:05:34.256] "//////shot-anim:scope42",
[20:05:34.256] {"delta":{"timeline":{"p":{"paused":true,"repeat":0,"tweens":[]},"actors":{"i2d:zoom_plane":[{"dur":3,"p":{"rotation":-45,"svgOrigin":"0% 0%","immediateRender":false}}]}}}},
[20:05:34.256] "/stocks:/i3d-jsonmodels:phonghead_kfb/i2d-scene:mf2d0/grid:/ui-msgbg:/shot-anim:scope42",
[20:05:44.207] {"t":"camera2d","f":"rollflyBy","a":{"r":45,"d":3}},
[20:05:44.272] "/stocks:/i3d-jsonmodels:phonghead_kfb/i2d-scene:mf2d0/grid:/ui-msgbg:/shot-anim:scope43",
[20:05:44.272] "//////shot-anim:scope43",
[20:05:44.273] {"delta":{"timeline":{"p":{"paused":true,"repeat":0,"tweens":[]},"actors":{"i2d:zoom_plane":[{"dur":3,"p":{"rotation":0,"svgOrigin":"0% 0%","immediateRender":false}}]}}}},
[20:05:59.207] {"t":"camera2d","f":"dollyflyTo","a":{"x":20,"d":3}},
[20:05:59.253] "/stocks:/i3d-jsonmodels:phonghead_kfb/i2d-scene:mf2d0/grid:/ui-msgbg:/shot-anim:scope44",
[20:05:59.254] "//////shot-anim:scope44",
[20:05:59.255] {"delta":{"timeline":{"p":{"paused":true,"repeat":0,"tweens":[]},"actors":{"i2d:plane":[{"dur":3,"p":{"x":20,"y":0,"immediateRender":false}}]}}}},
[20:06:09.211] {"t":"camera2d","f":"dollyflyTo","a":{"y":20,"d":3}},
[20:06:09.260] "/stocks:/i3d-jsonmodels:phonghead_kfb/i2d-scene:mf2d0/grid:/ui-msgbg:/shot-anim:scope45",
[20:06:09.261] "//////shot-anim:scope45",
[20:06:09.262] {"delta":{"timeline":{"p":{"paused":true,"repeat":0,"tweens":[]},"actors":{"i2d:plane":[{"dur":3,"p":{"x":20,"y":-20,"immediateRender":false}}]}}}},
[20:06:19.211] {"t":"camera2d","f":"dollyflyTo","a":{"x":0,"d":3}},
[20:06:19.248] "/stocks:/i3d-jsonmodels:phonghead_kfb/i2d-scene:mf2d0/grid:/ui-msgbg:/shot-anim:scope46",
[20:06:19.248] "//////shot-anim:scope46",
[20:06:19.249] {"delta":{"timeline":{"p":{"paused":true,"repeat":0,"tweens":[]},"actors":{"i2d:plane":[{"dur":3,"p":{"x":0,"y":-20,"immediateRender":false}}]}}}},
[20:06:34.213] {"t":"camera2d","f":"dollyflyTo","a":{"y":-40,"d":3}},
[20:06:34.252] "/stocks:/i3d-jsonmodels:phonghead_kfb/i2d-scene:mf2d0/grid:/ui-msgbg:/shot-anim:scope47",
[20:06:34.253] "//////shot-anim:scope47",
[20:06:34.253] {"delta":{"timeline":{"p":{"paused":true,"repeat":0,"tweens":[]},"actors":{"i2d:plane":[{"dur":3,"p":{"x":0,"y":40,"immediateRender":false}}]}}}},
[20:06:44.213] {"t":"camera2d","f":"dollyflyTo","a":{"x":20,"d":3}},
[20:06:44.255] "//////shot-anim:scope48",
[20:06:44.256] {"delta":{"timeline":{"p":{"paused":true,"repeat":0,"tweens":[]},"actors":{"i2d:plane":[{"dur":3,"p":{"x":20,"y":40,"immediateRender":false}}]}}}},
[20:06:44.255] "/stocks:/i3d-jsonmodels:phonghead_kfb/i2d-scene:mf2d0/grid:/ui-msgbg:/shot-anim:scope48",
[20:06:59.225] {"t":"camera2d","f":"dollyflyTo","a":{"x":0,"d":3}},
[20:06:59.271] "/stocks:/i3d-jsonmodels:phonghead_kfb/i2d-scene:mf2d0/grid:/ui-msgbg:/shot-anim:scope49",
[20:06:59.272] "//////shot-anim:scope49",
[20:06:59.272] {"delta":{"timeline":{"p":{"paused":true,"repeat":0,"tweens":[]},"actors":{"i2d:plane":[{"dur":3,"p":{"x":0,"y":40,"immediateRender":false}}]}}}},
[20:07:09.236] {"t":"camera3d","f":"tiltflyTo","a":{"r":-0.7854,"d":3}},
[20:07:09.293] "/stocks:/i3d-jsonmodels:phonghead_kfb/i2d-scene:mf2d0/grid:/ui-msgbg:/shot-anim:scope50",
[20:07:09.293] "//////shot-anim:scope50",
[20:07:09.294] {"delta":{"timeline":{"p":{"paused":true,"repeat":0},"actors":{"i3d:camera:rotation":[{"dur":3,"p":{"x":-0.7854,"immediateRender":false}}]}}}},
[20:07:24.232] {"t":"camera3d","f":"panflyTo","a":{"r":-0.7854,"d":3}},
[20:07:24.279] "/stocks:/i3d-jsonmodels:phonghead_kfb/i2d-scene:mf2d0/grid:/ui-msgbg:/shot-anim:scope51",
[20:07:24.279] "//////shot-anim:scope51",
[20:07:24.280] {"delta":{"timeline":{"p":{"paused":true,"repeat":0},"actors":{"i3d:camera:rotation":[{"dur":3,"p":{"y":-0.7854,"immediateRender":false}}]}}}},
[20:07:39.234] {"t":"camera3d","f":"lookAt"},
[20:07:39.284] "/stocks:/i3d-jsonmodels:phonghead_kfb/i2d-scene:mf2d0/grid:/ui-msgbg:/shot-fixed:scope52",
[20:07:39.284] {"delta-t":"camera3d","f":"lookAt","a":{}},
[20:07:39.284] "//////shot-fixed:scope52",
[20:07:49.236] {"t":"camera3d","f":"dollyflyTo","a":{"x":20,"y":0,"z":0,"d":3}},
[20:07:49.287] "/stocks:/i3d-jsonmodels:phonghead_kfb/i2d-scene:mf2d0/grid:/ui-msgbg:/shot-anim:scope53",
[20:07:49.288] "//////shot-anim:scope53",
[20:07:49.288] {"delta":{"timeline":{"p":{"paused":true,"repeat":0},"actors":{"i3d:csphere:position":[{"dur":3,"p":{"x":20,"y":0,"z":0,"immediateRender":false}}]}}}},
[20:07:59.237] {"t":"camera3d","f":"zoomflyTo","a":{"s":0.5,"d":3}},
[20:07:59.287] "/stocks:/i3d-jsonmodels:phonghead_kfb/i2d-scene:mf2d0/grid:/ui-msgbg:/shot-anim:scope54",
[20:07:59.288] "//////shot-anim:scope54",
[20:07:59.288] {"delta":{"timeline":{"p":{"paused":true,"repeat":0},"actors":{"i3d:csphere:scale":[{"dur":3,"p":{"x":0.5,"y":0.5,"z":0.5,"immediateRender":false}}]}}}},
[20:08:14.237] {"t":"camera3d","f":"zoomflyTo","a":{"s":2,"d":3}},
[20:08:14.277] "/stocks:/i3d-jsonmodels:phonghead_kfb/i2d-scene:mf2d0/grid:/ui-msgbg:/shot-anim:scope55",
[20:08:14.277] "//////shot-anim:scope55",
[20:08:14.277] {"delta":{"timeline":{"p":{"paused":true,"repeat":0},"actors":{"i3d:csphere:scale":[{"dur":3,"p":{"x":2,"y":2,"z":2,"immediateRender":false}}]}}}},
[20:08:24.236] {"t":"camera3d","f":"dollyflyTo","a":{"x":20,"y":20,"z":-20,"d":3}},
[20:08:24.294] "//////shot-anim:scope56",
[20:08:24.295] {"delta":{"timeline":{"p":{"paused":true,"repeat":0},"actors":{"i3d:csphere:position":[{"dur":3,"p":{"x":20,"y":20,"z":-20,"immediateRender":false}}]}}}},
[20:08:24.294] "/stocks:/i3d-jsonmodels:phonghead_kfb/i2d-scene:mf2d0/grid:/ui-msgbg:/shot-anim:scope56",
[20:08:39.237] {"t":"camera3d","f":"zoomflyTo","a":{"s":0.5,"d":3}},
[20:08:39.276] "/stocks:/i3d-jsonmodels:phonghead_kfb/i2d-scene:mf2d0/grid:/ui-msgbg:/shot-anim:scope57",
[20:08:39.276] {"delta":{"timeline":{"p":{"paused":true,"repeat":0},"actors":{"i3d:csphere:scale":[{"dur":3,"p":{"x":0.5,"y":0.5,"z":0.5,"immediateRender":false}}]}}}},
[20:08:39.276] "//////shot-anim:scope57",
[20:08:54.243] {"t":"camera3d","f":"center","a":{"d":3}},
[20:08:54.289] "/stocks:/i3d-jsonmodels:phonghead_kfb/i2d-scene:mf2d0/grid:/ui-msgbg:/shot-anim:scope58",
[20:08:54.291] "//////shot-anim:scope58",
[20:08:54.292] {"delta":{"timeline":{"p":{"paused":true,"repeat":0},"actors":{"i3d:camera:rotation":[{"dur":3,"p":{"x":0,"y":0,"z":0,"immediateRender":false}}],"i3d:csphere:position":[{"dur":3,"p":{"x":0,"y":0,"z":0,"immediateRender":false}}],"i3d:csphere:rotation":[{"dur":3,"p":{"x":0,"y":0,"z":0,"immediateRender":false}}],"i2d:plane":[{"dur":3,"p":{"x":0,"y":0,"immediateRender":false}}],"i2d:zoom_plane":[{"dur":3,"p":{"rotation":0,"svgOrigin":"0% 0%","immediateRender":false}}]}}}},
[20:09:04.239] {"t":"camera3d","f":"home","a":{"d":3}},
[20:09:04.295] "/stocks:/i3d-jsonmodels:phonghead_kfb/i2d-scene:mf2d0/grid:/ui-msgbg:/shot-anim:scope59",
[20:09:04.295] "//////shot-anim:scope59",
[20:09:04.296] {"delta":{"timeline":{"p":{"paused":true,"repeat":0},"actors":{"i3d:camera:rotation":[{"dur":3,"p":{"x":0,"y":0,"z":0,"immediateRender":false}}],"i3d:csphere:position":[{"dur":3,"p":{"x":0,"y":0,"z":0,"immediateRender":false}}],"i3d:csphere:scale":[{"dur":3,"p":{"x":1,"y":1,"z":1,"immediateRender":false}}],"i3d:csphere:rotation":[{"dur":3,"p":{"x":0,"y":0,"z":0,"immediateRender":false}}],"i2d:plane":[{"dur":3,"p":{"x":0,"y":0,"immediateRender":false}}],"i2d:zoom_plane":[{"dur":3,"p":{"rotation":0,"scale":1,"svgOrigin":"0% 0%","immediateRender":false}}]}}}},
[20:09:19.238] {"t":"camera3d","f":"panflyBy","a":{"r":0.7854,"d":3}},
[20:09:19.272] {"delta":{"timeline":{"p":{"paused":true,"repeat":0},"actors":{"i3d:camera:rotation":[{"dur":3,"p":{"y":0.7854,"immediateRender":false}}]}}}},
[20:09:19.272] "/stocks:/i3d-jsonmodels:phonghead_kfb/i2d-scene:mf2d0/grid:/ui-msgbg:/shot-anim:scope60",
[20:09:19.272] "//////shot-anim:scope60",
[20:09:34.241] {"t":"camera3d","f":"tiltflyBy","a":{"r":0.7854,"d":3}},
[20:09:34.273] "/stocks:/i3d-jsonmodels:phonghead_kfb/i2d-scene:mf2d0/grid:/ui-msgbg:/shot-anim:scope61",
[20:09:34.274] "//////shot-anim:scope61",
[20:09:34.274] {"delta":{"timeline":{"p":{"paused":true,"repeat":0},"actors":{"i3d:camera:rotation":[{"dur":3,"p":{"x":0.7854,"immediateRender":false}}]}}}},
[20:09:49.242] {"t":"camera3d","f":"lookAt"},
[20:09:49.288] "/stocks:/i3d-jsonmodels:phonghead_kfb/i2d-scene:mf2d0/grid:/ui-msgbg:/shot-fixed:scope62",
[20:09:49.289] {"delta-t":"camera3d","f":"lookAt","a":{}},
[20:09:49.289] "//////shot-fixed:scope62",
[20:09:59.243] {"t":"camera3d","f":"rollflyTo","a":{"r":-1.57,"d":4}},
[20:09:59.294] "/stocks:/i3d-jsonmodels:phonghead_kfb/i2d-scene:mf2d0/grid:/ui-msgbg:/shot-anim:scope63",
[20:09:59.294] "//////shot-anim:scope63",
[20:09:59.294] {"delta":{"timeline":{"p":{"paused":true,"repeat":0},"actors":{"i3d:camera:rotation":[{"dur":4,"p":{"z":-1.57,"immediateRender":false}}]}}}},
[20:10:09.243] {"t":"camera3d","f":"rollflyBy","a":{"r":0.3927,"d":4}},
[20:10:09.287] "/stocks:/i3d-jsonmodels:phonghead_kfb/i2d-scene:mf2d0/grid:/ui-msgbg:/shot-anim:scope64",
[20:10:09.288] "//////shot-anim:scope64",
[20:10:09.288] {"delta":{"timeline":{"p":{"paused":true,"repeat":0},"actors":{"i3d:camera:rotation":[{"dur":4,"p":{"z":-1.1773,"immediateRender":false}}]}}}},
[20:10:19.249] {"t":"camera3d","f":"rollflyBy","a":{"r":0.3927,"d":4}},
[20:10:19.290] "/stocks:/i3d-jsonmodels:phonghead_kfb/i2d-scene:mf2d0/grid:/ui-msgbg:/shot-anim:scope65",
[20:10:19.291] "//////shot-anim:scope65",
[20:10:19.291] {"delta":{"timeline":{"p":{"paused":true,"repeat":0},"actors":{"i3d:camera:rotation":[{"dur":4,"p":{"z":-0.7846,"immediateRender":false}}]}}}},
[20:10:34.249] {"t":"camera3d","f":"center","a":{"d":3}},
[20:10:34.302] "/stocks:/i3d-jsonmodels:phonghead_kfb/i2d-scene:mf2d0/grid:/ui-msgbg:/shot-anim:scope66",
[20:10:34.302] "//////shot-anim:scope66",
[20:10:34.302] {"delta":{"timeline":{"p":{"paused":true,"repeat":0},"actors":{"i3d:camera:rotation":[{"dur":3,"p":{"x":0,"y":0,"z":0,"immediateRender":false}}],"i3d:csphere:position":[{"dur":3,"p":{"x":0,"y":0,"z":0,"immediateRender":false}}],"i3d:csphere:rotation":[{"dur":3,"p":{"x":0,"y":0,"z":0,"immediateRender":false}}],"i2d:plane":[{"dur":3,"p":{"x":0,"y":0,"immediateRender":false}}],"i2d:zoom_plane":[{"dur":3,"p":{"rotation":0,"svgOrigin":"0% 0%","immediateRender":false}}]}}}},
[20:10:44.249] {"t":"camera3d","f":"yawflyTo","a":{"r":1.57,"d":3}},
[20:10:44.305] "/stocks:/i3d-jsonmodels:phonghead_kfb/i2d-scene:mf2d0/grid:/ui-msgbg:/shot-anim:scope67",
[20:10:44.306] "//////shot-anim:scope67",
[20:10:44.306] {"delta":{"timeline":{"p":{"paused":true,"repeat":0},"actors":{"i3d:csphere:rotation":[{"dur":3,"p":{"y":1.57,"immediateRender":false}}]}}}},
[20:10:54.261] {"t":"camera3d","f":"yawflyBy","a":{"r":-0.7854,"d":3}},
[20:10:54.316] "/stocks:/i3d-jsonmodels:phonghead_kfb/i2d-scene:mf2d0/grid:/ui-msgbg:/shot-anim:scope68",
[20:10:54.316] "//////shot-anim:scope68",
[20:10:54.317] {"delta":{"timeline":{"p":{"paused":true,"repeat":0},"actors":{"i3d:csphere:rotation":[{"dur":3,"p":{"y":0.7846000000000001,"immediateRender":false}}]}}}},
[20:11:09.263] {"t":"camera3d","f":"yawflyBy","a":{"r":-0.7854,"d":3}},
[20:11:09.304] "/stocks:/i3d-jsonmodels:phonghead_kfb/i2d-scene:mf2d0/grid:/ui-msgbg:/shot-anim:scope69",
[20:11:09.305] "//////shot-anim:scope69",
[20:11:09.305] {"delta":{"timeline":{"p":{"paused":true,"repeat":0},"actors":{"i3d:csphere:rotation":[{"dur":3,"p":{"y":-0.0007999999999999119,"immediateRender":false}}]}}}},
[20:11:19.264] {"t":"camera3d","f":"pitchflyTo","a":{"r":-1.57,"d":3}},
[20:11:19.313] "/stocks:/i3d-jsonmodels:phonghead_kfb/i2d-scene:mf2d0/grid:/ui-msgbg:/shot-anim:scope70",
[20:11:19.313] "//////shot-anim:scope70",
[20:11:19.314] {"delta":{"timeline":{"p":{"paused":true,"repeat":0},"actors":{"i3d:csphere:rotation":[{"dur":3,"p":{"x":-1.57,"immediateRender":false}}]}}}},
[20:11:34.266] {"t":"camera3d","f":"pitchflyBy","a":{"r":0.7854,"d":3}},
[20:11:34.316] "/stocks:/i3d-jsonmodels:phonghead_kfb/i2d-scene:mf2d0/grid:/ui-msgbg:/shot-anim:scope71",
[20:11:34.316] "//////shot-anim:scope71",
[20:11:34.317] {"delta":{"timeline":{"p":{"paused":true,"repeat":0},"actors":{"i3d:csphere:rotation":[{"dur":3,"p":{"x":-0.7846000000000001,"immediateRender":false}}]}}}},
[20:11:44.265] {"t":"camera3d","f":"pitchflyBy","a":{"r":0.7854,"d":3}},
[20:11:44.293] "/stocks:/i3d-jsonmodels:phonghead_kfb/i2d-scene:mf2d0/grid:/ui-msgbg:/shot-anim:scope72",
[20:11:44.293] "//////shot-anim:scope72",
[20:11:44.294] {"delta":{"timeline":{"p":{"paused":true,"repeat":0},"actors":{"i3d:csphere:rotation":[{"dur":3,"p":{"x":0.0007999999999999119,"immediateRender":false}}]}}}},
[20:11:59.267] {"t":"camera3d","f":"dollyflyTo","a":{"x":20,"y":-20,"z":-30,"d":3}},
[20:11:59.313] "/stocks:/i3d-jsonmodels:phonghead_kfb/i2d-scene:mf2d0/grid:/ui-msgbg:/shot-anim:scope73",
[20:11:59.313] "//////shot-anim:scope73",
[20:11:59.313] {"delta":{"timeline":{"p":{"paused":true,"repeat":0},"actors":{"i3d:csphere:position":[{"dur":3,"p":{"x":20,"y":-20,"z":-30,"immediateRender":false}}]}}}},
[20:12:14.267] {"t":"camera3d","f":"dollyflyTo","a":{"x":0,"y":0,"z":30,"d":6}},
[20:12:14.310] "//////shot-anim:scope74",
[20:12:14.310] "/stocks:/i3d-jsonmodels:phonghead_kfb/i2d-scene:mf2d0/grid:/ui-msgbg:/shot-anim:scope74",
[20:12:14.310] {"delta":{"timeline":{"p":{"paused":true,"repeat":0},"actors":{"i3d:csphere:position":[{"dur":6,"p":{"x":20,"y":-20,"z":30,"immediateRender":false}}]}}}},
[20:12:24.274] {"t":"camera3d","f":"tiltflyBy","a":{"r":0.7854,"d":3}},
[20:12:24.317] "/stocks:/i3d-jsonmodels:phonghead_kfb/i2d-scene:mf2d0/grid:/ui-msgbg:/shot-anim:scope75",
[20:12:24.319] {"delta":{"timeline":{"p":{"paused":true,"repeat":0},"actors":{"i3d:camera:rotation":[{"dur":3,"p":{"x":0.7854,"immediateRender":false}}]}}}},
[20:12:24.318] "//////shot-anim:scope75",
[20:12:39.268] {"t":"camera3d","f":"zoomflyTo","a":{"s":2,"d":3}},
[20:12:39.317] "/stocks:/i3d-jsonmodels:phonghead_kfb/i2d-scene:mf2d0/grid:/ui-msgbg:/shot-anim:scope76",
[20:12:39.318] {"delta":{"timeline":{"p":{"paused":true,"repeat":0},"actors":{"i3d:csphere:scale":[{"dur":3,"p":{"x":2,"y":2,"z":2,"immediateRender":false}}]}}}},
[20:12:39.318] "//////shot-anim:scope76",
[20:12:54.271] {"t":"camera3d","f":"home","a":{"d":3}},
[20:12:54.316] "/stocks:/i3d-jsonmodels:phonghead_kfb/i2d-scene:mf2d0/grid:/ui-msgbg:/shot-anim:scope77",
[20:12:54.317] "//////shot-anim:scope77",
[20:12:54.317] {"delta":{"timeline":{"p":{"paused":true,"repeat":0},"actors":{"i3d:camera:rotation":[{"dur":3,"p":{"x":0,"y":0,"z":0,"immediateRender":false}}],"i3d:csphere:position":[{"dur":3,"p":{"x":0,"y":0,"z":0,"immediateRender":false}}],"i3d:csphere:scale":[{"dur":3,"p":{"x":1,"y":1,"z":1,"immediateRender":false}}],"i3d:csphere:rotation":[{"dur":3,"p":{"x":0,"y":0,"z":0,"immediateRender":false}}],"i2d:plane":[{"dur":3,"p":{"x":0,"y":0,"immediateRender":false}}],"i2d:zoom_plane":[{"dur":3,"p":{"rotation":0,"scale":1,"svgOrigin":"0% 0%","immediateRender":false}}]}}}},
[20:13:09.271] {"t":"narrative","f":"change_scene","a":"payments"},
[20:13:09.822] "/payments:/i3d-simple:phong_head_sphere_kfb/i2d-empty:/black:/ui-msgbg:/shot-fixed:",
[20:13:09.825] {},
[20:13:09.824] "/payments:/i3d-simple:phong_head_sphere_kfb/i2d-empty:/black://shot-fixed:",
[20:13:24.272] {"t":"narrative","f":"change_state","a":"///i2d-scene:mf2d0///shot-fixed:"},
[20:13:24.524] "/payments:/i3d-simple:phong_head_sphere_kfb/i2d-scene:mf2d0/black:/ui-msgbg:/shot-fixed:",
[20:13:24.524] "///i2d-scene:mf2d0///",
[20:13:24.527] {},
[20:13:34.278] {"t":"camera3d","f":"panflyBy","a":{"r":-0.7854,"d":4}},
[20:13:34.327] "/payments:/i3d-simple:phong_head_sphere_kfb/i2d-scene:mf2d0/black:/ui-msgbg:/shot-anim:scope80",
[20:13:34.327] "//////shot-anim:scope80",
[20:13:34.328] {"delta":{"timeline":{"p":{"paused":true,"repeat":0},"actors":{"i3d:camera:rotation":[{"dur":4,"p":{"y":-0.7854,"immediateRender":false}}]}}}},
[20:13:44.279] {"t":"camera3d","f":"tiltflyBy","a":{"r":-0.7854,"d":4}},
[20:13:44.325] "/payments:/i3d-simple:phong_head_sphere_kfb/i2d-scene:mf2d0/black:/ui-msgbg:/shot-anim:scope81",
[20:13:44.326] "//////shot-anim:scope81",
[20:13:44.326] {"delta":{"timeline":{"p":{"paused":true,"repeat":0},"actors":{"i3d:camera:rotation":[{"dur":4,"p":{"x":-0.7854,"immediateRender":false}}]}}}},
[20:13:54.279] {"t":"narrative","f":"change_state","a":"////base-skycube:test_bg//"},
[20:13:54.352] "/payments:/i3d-simple:phong_head_sphere_kfb/i2d-scene:mf2d0/base-skycube:test_bg/ui-msgbg:/shot-fixed:",
[20:13:54.353] "////base-skycube:test_bg//shot-fixed:",
[20:13:54.355] {},
[20:14:09.281] {"t":"camera3d","f":"panflyTo","a":{"r":0.7854,"d":4}},
[20:14:09.329] "/payments:/i3d-simple:phong_head_sphere_kfb/i2d-scene:mf2d0/base-skycube:test_bg/ui-msgbg:/shot-anim:scope83",
[20:14:09.330] "//////shot-anim:scope83",
[20:14:09.330] {"delta":{"timeline":{"p":{"paused":true,"repeat":0},"actors":{"i3d:camera:rotation":[{"dur":4,"p":{"y":0.7854,"immediateRender":false}}]}}}},
[20:14:19.281] {"t":"narrative","f":"change_state","a":"////base-skycube:no-anim//{}"},
[20:14:19.341] "/payments:/i3d-simple:phong_head_sphere_kfb/i2d-scene:mf2d0/base-skycube:no-anim/ui-msgbg:/shot-fixed:",
[20:14:19.341] "////base-skycube:no-anim//shot-fixed:",
[20:14:19.342] {},
[20:14:29.281] {"t":"camera3d","f":"zoomflyBy","a":{"s":0.3,"d":4}},
[20:14:29.325] "/payments:/i3d-simple:phong_head_sphere_kfb/i2d-scene:mf2d0/base-skycube:no-anim/ui-msgbg:/shot-anim:scope85",
[20:14:29.326] "//////shot-anim:scope85",
[20:14:29.326] {"delta":{"timeline":{"p":{"paused":true,"repeat":0},"actors":{"i3d:csphere:scale":[{"dur":4,"p":{"x":0.3,"y":0.3,"z":0.3,"immediateRender":false}}]}}}},
[20:14:39.282] {"t":"camera3d","f":"center","a":{"d":3}},
[20:14:39.318] "/payments:/i3d-simple:phong_head_sphere_kfb/i2d-scene:mf2d0/base-skycube:no-anim/ui-msgbg:/shot-anim:scope86",
[20:14:39.318] "//////shot-anim:scope86",
[20:14:39.319] {"delta":{"timeline":{"p":{"paused":true,"repeat":0},"actors":{"i3d:camera:rotation":[{"dur":3,"p":{"x":0,"y":0,"z":0,"immediateRender":false}}],"i3d:csphere:position":[{"dur":3,"p":{"x":0,"y":0,"z":0,"immediateRender":false}}],"i3d:csphere:rotation":[{"dur":3,"p":{"x":0,"y":0,"z":0,"immediateRender":false}}],"i2d:plane":[{"dur":3,"p":{"x":0,"y":0,"immediateRender":false}}],"i2d:zoom_plane":[{"dur":3,"p":{"rotation":0,"svgOrigin":"0% 0%","immediateRender":false}}]}}}},
[20:14:49.283] {"t":"camera3d","f":"home","a":{"d":3}},
[20:14:49.340] "/payments:/i3d-simple:phong_head_sphere_kfb/i2d-scene:mf2d0/base-skycube:no-anim/ui-msgbg:/shot-anim:scope87",
[20:14:49.341] "//////shot-anim:scope87",
[20:14:49.341] {"delta":{"timeline":{"p":{"paused":true,"repeat":0},"actors":{"i3d:camera:rotation":[{"dur":3,"p":{"x":0,"y":0,"z":0,"immediateRender":false}}],"i3d:csphere:position":[{"dur":3,"p":{"x":0,"y":0,"z":0,"immediateRender":false}}],"i3d:csphere:scale":[{"dur":3,"p":{"x":1,"y":1,"z":1,"immediateRender":false}}],"i3d:csphere:rotation":[{"dur":3,"p":{"x":0,"y":0,"z":0,"immediateRender":false}}],"i2d:plane":[{"dur":3,"p":{"x":0,"y":0,"immediateRender":false}}],"i2d:zoom_plane":[{"dur":3,"p":{"rotation":0,"scale":1,"svgOrigin":"0% 0%","immediateRender":false}}]}}}},
[20:15:04.289] {"t":"narrative","f":"change_state","a":"////videocam://shot-fixed:"},
[20:15:04.413] "/payments:/i3d-simple:phong_head_sphere_kfb/i2d-scene:mf2d0/videocam:/ui-msgbg:/shot-fixed:",
[20:15:04.413] "////videocam://shot-fixed:",
[20:15:04.414] "*** e2e shot test: 89 tests 0 failures ***",
[20:15:04.414] {},
[20:15:04.414] "*** e2e urls test: 89 tests  0 failures ***",
