[02:37:26.002] {"t":"camera3d","f":"place","a":12},
[02:37:26.003] {"t":"camerasphere","f":"create","a":"csphere"},
[02:37:26.003] {"t":"camerasphere","f":"children","a":1},
[02:37:44.904] {"a":"~~~~ change_state() url = /a:/i3d-simple:simple_green/i2d-scene:disks0/base-skycube:test_cube/ui-msgbg:/LS"},
[02:37:45.312] {"t":"mediator","f":"socket.emit.actions","a":{"t":"narrative","f":"change_scene","a":"a"}},
[02:37:45.311] {"a":"~~~~ change_state() this.prev_url = ^"},
[02:37:45.314] {"t":"app","f":"onEnter","a":{"name":"a:"}},
[02:37:45.313] {"t":"Mediator","f":"component","a":"narrative"},
[02:37:45.314] {"t":"app","f":"onEnter","a":{"name":"i3d-simple:simple_green"}},
[02:37:45.315] {"t":"camera3d","f":"changeTemplateScene"},
[02:37:45.315] {"t":"app","f":"onEnter","a":{"name":"LS"}},
[02:37:45.315] {"t":"timeline","f":"play"},
[02:37:45.316] {"t":"camera3d","f":"addActorToScene","a":"csphere"},
[02:37:45.317] {"t":"camera3d","f":"addActorToScene","a":"axes0"},
[02:37:45.315] {"t":"app","f":"onEnter","a":{"name":"i2d-scene:disks0"}},
[02:37:45.315] {"t":"app","f":"onEnter","a":{"name":"base-skycube:test_cube"}},
[02:37:45.623] {"t":"camera3d","f":"addActorToScene","a":"cube0"},
[02:37:54.904] {"a":"~~~~ change_state() url = /a:/i3d-simple:simple_green/i2d-scene:disks0/base-skycube:test_cube/ui-msgbg:/shot-graft:scope1"},
[02:37:54.914] {"a":"~~~~ change_state() this.prev_url = /a:/i3d-simple:simple_green/i2d-scene:disks0/base-skycube:test_cube//LS"},
[02:37:54.915] {"t":"mediator","f":"socket.emit.actions","a":{"t":"narrative","f":"shot","a":"shot-graft:{\"delta\":{\"timeline\":{\"p\":{\"repeat\":0},\"actors\":{\"i3d:cube0:scale\":[{\"dur\":10,\"p\":{\"x\":0.5,\"y\":0.5,\"z\":0.5}}]}},\"branches\":{\"cube0\":{\"children\":{\"cube0_2\":{\"form\":{\"type\":\"'cube.i3d'\",\"x\":0,\"y\":0,\"z\":0,\"textureurl\":\"./images/sky.jpg\",\"w\":5,\"h\":10,\"d\":10,\"color\":\"blue\",\"transparent\":true,\"opacity\":1},\"transform\":{\"t\":[-20,-10,0],\"s\":[0.01,0.01,0.01]},\"children\":{}},\"cube0_3\":{\"form\":{\"type\":\"'cube.i3d'\",\"x\":0,\"y\":-20,\"z\":0,\"textureurl\":\"sky_jpg\",\"w\":5,\"h\":10,\"d\":10,\"color\":\"blue\",\"transparent\":true,\"opacity\":1},\"transform\":{\"t\":[20,0,0],\"s\":[0.01,0.01,0.01]},\"children\":{}}}}}}}"}},
[02:37:55.134] {"t":"Mediator","f":"component","a":"narrative"},
[02:37:55.135] {"t":"app","f":"onEnter","a":{"name":"shot-graft:scope1"}},
[02:37:55.136] {"t":"timeline","f":"play"},
[02:37:55.136] {"t":"camera3d","f":"addActorToScene","a":"cube0_3"},
[02:37:55.156] {"t":"camera3d","f":"addActorToScene","a":"cube0_2"},
[02:38:09.904] {"a":"~~~~ change_state() url = /a:/i3d-simple:simple_green/i2d-scene:disks0/base-skycube:test_cube/ui-msgbg:/shot-graft:scope2"},
[02:38:09.915] {"a":"~~~~ change_state() this.prev_url = //////shot-graft:scope1"},
[02:38:09.917] {"t":"mediator","f":"socket.emit.actions","a":{"t":"narrative","f":"shot","a":"shot-graft:{\"delta\":{\"timeline\":{\"p\":{\"repeat\":0},\"actors\":{\"i3d:cube0_2:scale\":[{\"dur\":10,\"p\":{\"x\":1,\"y\":1,\"z\":1}}],\"i3d:cube0_3:scale\":[{\"dur\":10,\"p\":{\"x\":1,\"y\":1,\"z\":1}}]}},\"branches\":{\"cube0_2\":{\"children\":{\"s0_2_0\":{\"form\":{\"type\":\"'sphere.i3d'\",\"r\":5,\"color\":\"blue\",\"transparent\":true,\"opacity\":0.8},\"transform\":{\"e\":[0,-0.785,0],\"t\":[-10,-10,0],\"s\":[0.01,0.01,0.01]},\"children\":{}},\"s0_2_1\":{\"form\":{\"type\":\"'sphere.i3d'\",\"r\":5,\"color\":\"blue\",\"transparent\":true,\"opacity\":0.8},\"transform\":{\"e\":[0,0.785,0],\"t\":[10,10,0],\"s\":[0.01,0.01,0.01]},\"children\":{}}}}}}}"}},
[02:38:10.087] {"t":"Mediator","f":"component","a":"narrative"},
[02:38:10.088] {"t":"app","f":"onEnter","a":{"name":"shot-graft:scope2"}},
[02:38:10.088] {"t":"timeline","f":"play"},
[02:38:10.089] {"t":"camera3d","f":"addActorToScene","a":"s0_2_0"},
[02:38:10.089] {"t":"camera3d","f":"addActorToScene","a":"s0_2_1"},
[02:38:19.901] {"a":"~~~~ change_state() url = /a:/i3d-simple:simple_green/i2d-scene:disks0/base-skycube:test_cube/ui-msgbg:/shot-graft:scope3"},
[02:38:19.917] {"a":"~~~~ change_state() this.prev_url = //////shot-graft:scope2"},
[02:38:19.917] {"t":"mediator","f":"socket.emit.actions","a":{"t":"narrative","f":"shot","a":"shot-graft:{\"delta\":{\"timeline\":{\"p\":{\"repeat\":0},\"actors\":{\"i3d:s0_2_0:scale\":[{\"dur\":10,\"p\":{\"x\":1,\"y\":1,\"z\":1}}],\"i3d:s0_2_1:scale\":[{\"dur\":10,\"p\":{\"x\":1,\"y\":1,\"z\":1}}]}},\"branches\":{}}}"}},
[02:38:19.942] {"t":"Mediator","f":"component","a":"narrative"},
[02:38:19.942] {"t":"app","f":"onEnter","a":{"name":"shot-graft:scope3"}},
[02:38:19.943] {"t":"timeline","f":"play"},
[02:38:34.919] {"t":"narrative","f":"shot","a":{"delta":{"timeline":{"p":{"paused":true,"repeat":0},"actors":{"i3d:camera:rotation":[{"dur":4,"p":{"y":0.7854,"immediateRender":false}}]}}}}},
[02:38:34.952] {"a":"~~~~ change_state() url = /a:/i3d-simple:simple_green/i2d-scene:disks0/base-skycube:test_cube/ui-msgbg:/shot-anim:scope4"},
[02:38:34.952] {"a":"~~~~ change_state() this.prev_url = //////shot-graft:scope3"},
[02:38:34.953] {"t":"mediator","f":"socket.emit.actions","a":{"t":"camera3d","f":"panflyTo","a":{"r":0.7854,"d":4}}},
[02:38:34.971] {"t":"Mediator","f":"component","a":"narrative"},
[02:38:34.971] {"t":"app","f":"onEnter","a":{"name":"shot-anim:scope4"}},
[02:38:34.972] {"t":"timeline","f":"play"},
