[02:47:06.877] {"t":"camera3d","f":"place","a":12},
[02:47:06.879] {"t":"camerasphere","f":"create","a":"csphere"},
[02:47:06.879] {"t":"camerasphere","f":"children","a":1},
[02:47:25.772] {"a":"~~~~ change_state() url = /circle:/i3d-simple:simple_red/i2d-scene:disks0/base-skycube:test_cube/ui-msgbg/shot-graft:a0"},
[02:47:25.786] {"a":"~~~~ change_state() this.prev_url = ^"},
[02:47:25.787] {"t":"mediator","f":"socket.emit.actions","a":{"t":"narrative","f":"change_state","a":"/circle:/i3d-simple:simple_red/i2d-scene:disks0/base-skycube:test_cube/ui-msgbg/shot-graft:a0"}},
[02:47:26.354] {"t":"Mediator","f":"component","a":"narrative"},
[02:47:26.354] {"t":"app","f":"onEnter","a":{"name":"circle:"}},
[02:47:26.355] {"t":"app","f":"onEnter","a":{"name":"i3d-simple:simple_red"}},
[02:47:26.355] {"t":"camera3d","f":"changeTemplateScene"},
[02:47:26.358] {"t":"app","f":"onEnter","a":{"name":"base-skycube:test_cube"}},
[02:47:26.358] {"t":"app","f":"onEnter","a":{"name":"ui-msgbg"}},
[02:47:26.358] {"t":"app","f":"onEnter","a":{"name":"shot-graft:a0"}},
[02:47:26.359] {"t":"timeline","f":"play"},
[02:47:26.359] {"t":"camera3d","f":"addActorToScene","a":"csphere"},
[02:47:26.359] {"t":"camera3d","f":"addActorToScene","a":"cube0"},
[02:47:26.359] {"t":"camera3d","f":"addActorToScene","a":"cube0_0"},
[02:47:26.359] {"t":"camera3d","f":"addActorToScene","a":"cube0_1"},
[02:47:26.356] {"t":"app","f":"onEnter","a":{"name":"i2d-scene:disks0"}},
[02:47:35.771] {"t":"narrative","f":"shot","a":{"delta":{"timeline":{"p":{"paused":true,"repeat":0},"actors":{"i3d:camera:rotation":[{"dur":4,"p":{"x":-0.7854,"immediateRender":false}}]}}}}},
[02:47:35.792] {"a":"~~~~ change_state() url = /circle:/i3d-simple:simple_red/i2d-scene:disks0/base-skycube:test_cube/ui-msgbg/shot-anim:scope1"},
[02:47:35.792] {"a":"~~~~ change_state() this.prev_url = /circle:/i3d-simple:simple_red/i2d-scene:disks0/base-skycube:test_cube/ui-msgbg/shot-graft:a0"},
[02:47:35.792] {"t":"mediator","f":"socket.emit.actions","a":{"t":"camera3d","f":"tiltflyBy","a":{"r":-0.7854,"d":4}}},
[02:47:35.846] {"t":"Mediator","f":"component","a":"narrative"},
[02:47:35.846] {"t":"app","f":"onEnter","a":{"name":"shot-anim:scope1"}},
[02:47:35.846] {"t":"timeline","f":"play"},
[02:47:50.776] {"t":"mediator","f":"socket.emit.actions","a":{"t":"location","f":"url","a":"/escher://i2d-scene:mf2d0///"}},
[02:48:00.776] {"t":"narrative","f":"shot","a":{"delta":{"timeline":{"p":{"paused":true,"repeat":0,"tweens":[]},"actors":{"i2d:plane":[{"dur":4,"p":{"x":10,"y":10,"immediateRender":false}}]}}}}},
[02:48:00.788] {"a":"~~~~ change_state() url = /circle:/i3d-simple:simple_red/i2d-scene:disks0/base-skycube:test_cube/ui-msgbg/shot-anim:scope2"},
[02:48:00.789] {"a":"~~~~ change_state() this.prev_url = //////shot-anim:scope1"},
[02:48:00.789] {"t":"mediator","f":"socket.emit.actions","a":{"t":"camera2d","f":"dollyflyTo","a":{"x":10,"y":-10,"d":4}}},
[02:48:00.827] {"t":"Mediator","f":"component","a":"narrative"},
[02:48:00.828] {"t":"app","f":"onEnter","a":{"name":"shot-anim:scope2"}},
[02:48:00.828] {"t":"timeline","f":"play"},
[02:48:12.444] {"t":"camera3d","f":"tilt (look) down","a":40},
[02:48:12.456] {"t":"Mediator","f":"record","a":{"t":"camera3d","f":"tiltflyBy","a":{"r":-0.19635,"d":3}}},
[02:48:12.457] {"t":"narrative","f":"shot","a":{"delta":{"timeline":{"p":{"paused":true,"repeat":0},"actors":{"i3d:camera:rotation":[{"dur":3,"p":{"x":-0.98175,"immediateRender":false}}]}}}}},
[02:48:12.460] {"a":"~~~~ change_state() url = /circle:/i3d-simple:simple_red/i2d-scene:disks0/base-skycube:test_cube/ui-msgbg/shot-anim:scope3"},
[02:48:12.460] {"a":"~~~~ change_state() this.prev_url = //////shot-anim:scope2"},
[02:48:12.497] {"t":"Mediator","f":"component","a":"narrative"},
[02:48:12.498] {"t":"app","f":"onEnter","a":{"name":"shot-anim:scope3"}},
[02:48:12.498] {"t":"timeline","f":"play"},
[02:48:15.950] {"t":"camera3d","f":"tilt (look) up","a":38},
[02:48:15.966] {"t":"Mediator","f":"record","a":{"t":"camera3d","f":"tiltflyBy","a":{"r":0.19635,"d":3}}},
[02:48:15.967] {"t":"narrative","f":"shot","a":{"delta":{"timeline":{"p":{"paused":true,"repeat":0},"actors":{"i3d:camera:rotation":[{"dur":3,"p":{"x":-0.7854,"immediateRender":false}}]}}}}},
[02:48:15.967] {"a":"~~~~ change_state() url = /circle:/i3d-simple:simple_red/i2d-scene:disks0/base-skycube:test_cube/ui-msgbg/shot-anim:scope4"},
[02:48:15.968] {"a":"~~~~ change_state() this.prev_url = //////shot-anim:scope3"},
[02:48:15.988] {"t":"Mediator","f":"component","a":"narrative"},
[02:48:15.988] {"t":"app","f":"onEnter","a":{"name":"shot-anim:scope4"}},
[02:48:15.989] {"t":"timeline","f":"play"},
[02:48:19.201] {"t":"camera3d","f":"tilt (look) up","a":38},
[02:48:19.210] {"t":"Mediator","f":"record","a":{"t":"camera3d","f":"tiltflyBy","a":{"r":0.19635,"d":3}}},
[02:48:19.221] {"t":"narrative","f":"shot","a":{"delta":{"timeline":{"p":{"paused":true,"repeat":0},"actors":{"i3d:camera:rotation":[{"dur":3,"p":{"x":-0.58905,"immediateRender":false}}]}}}}},
[02:48:19.222] {"a":"~~~~ change_state() url = /circle:/i3d-simple:simple_red/i2d-scene:disks0/base-skycube:test_cube/ui-msgbg/shot-anim:scope5"},
[02:48:19.222] {"a":"~~~~ change_state() this.prev_url = //////shot-anim:scope4"},
[02:48:19.246] {"t":"Mediator","f":"component","a":"narrative"},
[02:48:19.246] {"t":"app","f":"onEnter","a":{"name":"shot-anim:scope5"}},
[02:48:19.247] {"t":"timeline","f":"play"},
[02:48:22.190] {"t":"camera3d","f":"tilt (look) up","a":38},
[02:48:22.217] {"t":"Mediator","f":"record","a":{"t":"camera3d","f":"tiltflyBy","a":{"r":0.19635,"d":3}}},
[02:48:22.217] {"t":"narrative","f":"shot","a":{"delta":{"timeline":{"p":{"paused":true,"repeat":0},"actors":{"i3d:camera:rotation":[{"dur":3,"p":{"x":-0.39269999999999994,"immediateRender":false}}]}}}}},
[02:48:22.218] {"a":"~~~~ change_state() url = /circle:/i3d-simple:simple_red/i2d-scene:disks0/base-skycube:test_cube/ui-msgbg/shot-anim:scope6"},
[02:48:22.218] {"a":"~~~~ change_state() this.prev_url = //////shot-anim:scope5"},
[02:48:22.238] {"t":"Mediator","f":"component","a":"narrative"},
[02:48:22.238] {"t":"app","f":"onEnter","a":{"name":"shot-anim:scope6"}},
[02:48:22.238] {"t":"timeline","f":"play"},
[02:48:25.782] {"t":"camera3d","f":"tilt (look) up","a":38},
[02:48:25.796] {"t":"Mediator","f":"record","a":{"t":"camera3d","f":"tiltflyBy","a":{"r":0.19635,"d":3}}},
[02:48:25.797] {"t":"narrative","f":"shot","a":{"delta":{"timeline":{"p":{"paused":true,"repeat":0},"actors":{"i3d:camera:rotation":[{"dur":3,"p":{"x":-0.19634999999999994,"immediateRender":false}}]}}}}},
[02:48:25.797] {"a":"~~~~ change_state() url = /circle:/i3d-simple:simple_red/i2d-scene:disks0/base-skycube:test_cube/ui-msgbg/shot-anim:scope7"},
[02:48:25.797] {"a":"~~~~ change_state() this.prev_url = //////shot-anim:scope6"},
[02:48:25.828] {"t":"Mediator","f":"component","a":"narrative"},
[02:48:25.829] {"t":"app","f":"onEnter","a":{"name":"shot-anim:scope7"}},
[02:48:25.829] {"t":"timeline","f":"play"},
[02:48:29.221] {"t":"camera3d","f":"tilt (look) up","a":38},
[02:48:29.233] {"t":"Mediator","f":"record","a":{"t":"camera3d","f":"tiltflyBy","a":{"r":0.19635,"d":3}}},
[02:48:29.234] {"t":"narrative","f":"shot","a":{"delta":{"timeline":{"p":{"paused":true,"repeat":0},"actors":{"i3d:camera:rotation":[{"dur":3,"p":{"x":5.551115123125783e-17,"immediateRender":false}}]}}}}},
[02:48:29.234] {"a":"~~~~ change_state() url = /circle:/i3d-simple:simple_red/i2d-scene:disks0/base-skycube:test_cube/ui-msgbg/shot-anim:scope8"},
[02:48:29.237] {"a":"~~~~ change_state() this.prev_url = //////shot-anim:scope7"},
[02:48:29.256] {"t":"Mediator","f":"component","a":"narrative"},
[02:48:29.257] {"t":"app","f":"onEnter","a":{"name":"shot-anim:scope8"}},
[02:48:29.257] {"t":"timeline","f":"play"},
[02:48:32.590] {"t":"camera3d","f":"tilt (look) up","a":38},
[02:48:32.652] {"t":"Mediator","f":"record","a":{"t":"camera3d","f":"tiltflyBy","a":{"r":0.19635,"d":3}}},
[02:48:32.653] {"t":"narrative","f":"shot","a":{"delta":{"timeline":{"p":{"paused":true,"repeat":0},"actors":{"i3d:camera:rotation":[{"dur":3,"p":{"x":0.19635000000000005,"immediateRender":false}}]}}}}},
[02:48:32.653] {"a":"~~~~ change_state() url = /circle:/i3d-simple:simple_red/i2d-scene:disks0/base-skycube:test_cube/ui-msgbg/shot-anim:scope9"},
[02:48:32.656] {"a":"~~~~ change_state() this.prev_url = //////shot-anim:scope8"},
[02:48:32.679] {"t":"Mediator","f":"component","a":"narrative"},
[02:48:32.679] {"t":"app","f":"onEnter","a":{"name":"shot-anim:scope9"}},
[02:48:32.679] {"t":"timeline","f":"play"},
[02:49:09.567] {"t":"camera3d","f":"place","a":12},
[02:49:09.661] {"t":"camerasphere","f":"children","a":1},
[02:49:09.660] {"t":"camerasphere","f":"create","a":"csphere"},
[02:49:48.643] {"a":"~~~~ change_state() url = /circle:/i3d-simple:simple_red/i2d-scene:disks0/base-skycube:test_cube/ui-msgbg/shot-graft:a0"},
[02:49:48.661] {"a":"~~~~ change_state() this.prev_url = ^"},
[02:49:48.661] {"t":"mediator","f":"socket.emit.actions","a":{"t":"narrative","f":"change_state","a":"/circle:/i3d-simple:simple_red/i2d-scene:disks0/base-skycube:test_cube/ui-msgbg/shot-graft:a0"}},
[02:49:49.168] {"t":"Mediator","f":"component","a":"narrative"},
[02:49:49.169] {"t":"app","f":"onEnter","a":{"name":"circle:"}},
[02:49:49.170] {"t":"app","f":"onEnter","a":{"name":"i3d-simple:simple_red"}},
[02:49:49.173] {"t":"app","f":"onEnter","a":{"name":"i2d-scene:disks0"}},
[02:49:49.170] {"t":"camera3d","f":"changeTemplateScene"},
[02:49:49.175] {"t":"app","f":"onEnter","a":{"name":"base-skycube:test_cube"}},
[02:49:49.176] {"t":"app","f":"onEnter","a":{"name":"ui-msgbg"}},
[02:49:49.176] {"t":"app","f":"onEnter","a":{"name":"shot-graft:a0"}},
[02:49:49.179] {"t":"camera3d","f":"addActorToScene","a":"csphere"},
[02:49:49.178] {"t":"timeline","f":"play"},
[02:49:49.182] {"t":"camera3d","f":"addActorToScene","a":"cube0_0"},
[02:49:49.180] {"t":"camera3d","f":"addActorToScene","a":"cube0"},
[02:49:49.182] {"t":"camera3d","f":"addActorToScene","a":"cube0_1"},
[02:50:03.645] {"t":"narrative","f":"shot","a":{"delta":{"timeline":{"p":{"paused":true,"repeat":0},"actors":{"i3d:camera:rotation":[{"dur":4,"p":{"x":-0.7854,"immediateRender":false}}]}}}}},
[02:50:03.664] {"a":"~~~~ change_state() url = /circle:/i3d-simple:simple_red/i2d-scene:disks0/base-skycube:test_cube/ui-msgbg/shot-anim:scope1"},
[02:50:03.665] {"a":"~~~~ change_state() this.prev_url = /circle:/i3d-simple:simple_red/i2d-scene:disks0/base-skycube:test_cube/ui-msgbg/shot-graft:a0"},
[02:50:03.665] {"t":"mediator","f":"socket.emit.actions","a":{"t":"camera3d","f":"tiltflyBy","a":{"r":-0.7854,"d":4}}},
[02:50:03.687] {"t":"Mediator","f":"component","a":"narrative"},
[02:50:03.687] {"t":"app","f":"onEnter","a":{"name":"shot-anim:scope1"}},
[02:50:03.687] {"t":"timeline","f":"play"},
[02:50:13.649] {"t":"mediator","f":"socket.emit.actions","a":{"t":"location","f":"url","a":"/escher://i2d-scene:mf2d0///"}},
[02:50:28.654] {"t":"narrative","f":"shot","a":{"delta":{"timeline":{"p":{"paused":true,"repeat":0,"tweens":[]},"actors":{"i2d:plane":[{"dur":4,"p":{"x":10,"y":10,"immediateRender":false}}]}}}}},
[02:50:28.669] {"a":"~~~~ change_state() url = /circle:/i3d-simple:simple_red/i2d-scene:disks0/base-skycube:test_cube/ui-msgbg/shot-anim:scope2"},
[02:50:28.669] {"a":"~~~~ change_state() this.prev_url = //////shot-anim:scope1"},
[02:50:28.673] {"t":"mediator","f":"socket.emit.actions","a":{"t":"camera2d","f":"dollyflyTo","a":{"x":10,"y":-10,"d":4}}},
[02:50:28.711] {"t":"Mediator","f":"component","a":"narrative"},
[02:50:28.711] {"t":"app","f":"onEnter","a":{"name":"shot-anim:scope2"}},
[02:50:28.711] {"t":"timeline","f":"play"},
