[04:28:17.551] {"t":"camera3d","f":"place","a":12},
[04:28:17.643] {"t":"camerasphere","f":"create","a":"csphere"},
[04:28:17.644] {"t":"camerasphere","f":"children","a":1},
[04:28:36.445] {"a":"mediator[action.t] = [object Object]"},
[04:28:36.475] {"a":"target = [object Object]"},
[04:28:36.481] {"a":"f = function (scene) {\n        var $__0 = this;\n        var abs_values = [],\n            abs_params = {},\n            abs_url,\n            i = 0;\n        console.log((\"\\n++++ change_scene(\" + scene + \")\"));\n        if (scene !== this.scene) {\n          $timeout((function() {\n            $rootScope.$apply((function() {\n              $__0.scene = scene;\n            }));\n          }));\n          this.scene = scene;\n        }\n        console.log((\"previous: this.stateObj.scene = \" + this.stateObj.scene));\n        console.log((\"change: this.scene = \" + this.scene));\n        if (this.scene !== this.stateObj.scene) {\n          abs_params = config.scenes[this.scene];\n          var $__5 = true;\n          var $__6 = false;\n          var $__7 = undefined;\n          try {\n            for (var $__3 = void 0,\n                $__2 = (this.terms)[$traceurRuntime.toProperty(Symbol.iterator)](); !($__5 = ($__3 = $__2.next()).done); $__5 = true) {\n              var p = $__3.value;\n              {\n                abs_values[i++] = abs_params[p];\n              }\n            }\n          } catch ($__8) {\n            $__6 = true;\n            $__7 = $__8;\n          } finally {\n            try {\n              if (!$__5 && $__2.return != null) {\n                $__2.return();\n              }\n            } finally {\n              if ($__6) {\n                throw $__7;\n              }\n            }\n          }\n          abs_url = '/';\n          abs_url += abs_values.join('/');\n          this.change_shot(abs_url);\n        }\n      }"},
[04:28:36.481] {"a":"~~~~ change_state() url = /circle:/i3d-simple:simple_red/i2d-scene:disks0/base-skycube:test_cube/ui-msgbg:/shot-graft:a0"},
[04:28:36.481] {"a":"~~~~ change_state() this.prev_url = ^"},
[04:28:36.482] {"t":"mediator","f":"socket.emit.actions","a":{"t":"narrative","f":"change_scene","a":"circle"}},
[04:28:36.952] {"t":"Mediator","f":"component","a":"narrative"},
[04:28:36.953] {"t":"app","f":"onEnter","a":{"name":"circle:"}},
[04:28:36.953] {"t":"app","f":"onEnter","a":{"name":"i3d-simple:simple_red"}},
[04:28:36.953] {"t":"camera3d","f":"changeTemplateScene"},
[04:28:36.953] {"t":"app","f":"onEnter","a":{"name":"i2d-scene:disks0"}},
[04:28:36.953] {"t":"app","f":"onEnter","a":{"name":"base-skycube:test_cube"}},
[04:28:36.954] {"t":"app","f":"onEnter","a":{"name":"shot-graft:a0"}},
[04:28:36.955] {"t":"timeline","f":"play"},
[04:28:36.955] {"t":"camera3d","f":"addActorToScene","a":"csphere"},
[04:28:36.956] {"t":"camera3d","f":"addActorToScene","a":"cube0"},
[04:28:36.956] {"t":"camera3d","f":"addActorToScene","a":"cube0_0"},
[04:28:36.958] {"t":"camera3d","f":"addActorToScene","a":"cube0_1"},
[04:28:36.958] {"a":"mediator[action.t] = [object Object]"},
[04:28:36.959] {"a":"f = function () {\n        mediator.queue.ready = true;\n        mediator.next();\n      }"},
[04:28:36.958] {"a":"target = [object Object]"},
[04:28:51.444] {"a":"mediator[action.t] = [object Object]"},
[04:28:51.447] {"a":"target = [object Object]"},
[04:28:51.447] {"a":"f = function (url) {\n    if (isUndefined(url)) {\n      return this.$$url;\n    }\n\n    var match = PATH_MATCH.exec(url);\n    if (match[1] || url === '') this.path(decodeURIComponent(match[1]));\n    if (match[2] || match[1] || url === '') this.search(match[3] || '');\n    this.hash(match[5] || '');\n\n    return this;\n  }"},
[04:28:51.448] {"a":"action.a is array with l = 1"},
[04:28:51.448] {"a":"target[action.f](action.a[0]) returned r = [object Object]"},
[04:28:51.449] {"a":"r === mediator.location is true"},
[04:28:51.449] {"t":"mediator","f":"socket.emit.actions","a":{"t":"location","f":"url","a":["/escher://i2d-scene:mf2d0///"]}},
