[04:41:39.162] {"t":"camera3d","f":"place","a":12},
[04:41:39.275] {"t":"camerasphere","f":"children","a":1},
[04:41:39.274] {"t":"camerasphere","f":"create","a":"csphere"},
[04:42:18.052] {"a":"mediator[action.t] = [object Object]"},
[04:42:18.079] {"a":"target = [object Object]"},
[04:42:18.082] {"a":"f = function (scene) {\n        var $__0 = this;\n        var abs_values = [],\n            abs_params = {},\n            abs_url,\n            i = 0;\n        console.log((\"\\n++++ change_scene(\" + scene + \")\"));\n        if (scene !== this.scene) {\n          $timeout((function() {\n            $rootScope.$apply((function() {\n              $__0.scene = scene;\n            }));\n          }));\n          this.scene = scene;\n        }\n        console.log((\"previous: this.stateObj.scene = \" + this.stateObj.scene));\n        console.log((\"change: this.scene = \" + this.scene));\n        if (this.scene !== this.stateObj.scene) {\n          abs_params = config.scenes[this.scene];\n          var $__5 = true;\n          var $__6 = false;\n          var $__7 = undefined;\n          try {\n            for (var $__3 = void 0,\n                $__2 = (this.terms)[$traceurRuntime.toProperty(Symbol.iterator)](); !($__5 = ($__3 = $__2.next()).done); $__5 = true) {\n              var p = $__3.value;\n              {\n                abs_values[i++] = abs_params[p];\n              }\n            }\n          } catch ($__8) {\n            $__6 = true;\n            $__7 = $__8;\n          } finally {\n            try {\n              if (!$__5 && $__2.return != null) {\n                $__2.return();\n              }\n            } finally {\n              if ($__6) {\n                throw $__7;\n              }\n            }\n          }\n          abs_url = '/';\n          abs_url += abs_values.join('/');\n          this.change_shot(abs_url);\n        }\n      }"},
[04:42:18.082] {"a":"~~~~ change_state() url = /a:/i3d-simple:simple_green/i2d-scene:disks0/base-skycube:test_cube/ui-msgbg:/LS"},
[04:42:18.082] {"a":"~~~~ change_state() this.prev_url = ^"},
[04:42:18.083] {"t":"mediator","f":"socket.emit.actions","a":{"t":"narrative","f":"change_scene","a":"a"}},
[04:42:18.475] {"t":"Mediator","f":"component","a":"narrative"},
[04:42:18.475] {"t":"app","f":"onEnter","a":{"name":"a:"}},
[04:42:18.475] {"t":"app","f":"onEnter","a":{"name":"i3d-simple:simple_green"}},
[04:42:18.476] {"t":"camera3d","f":"changeTemplateScene"},
[04:42:18.476] {"t":"app","f":"onEnter","a":{"name":"i2d-scene:disks0"}},
[04:42:18.476] {"t":"app","f":"onEnter","a":{"name":"base-skycube:test_cube"}},
[04:42:18.477] {"t":"app","f":"onEnter","a":{"name":"LS"}},
[04:42:18.477] {"t":"timeline","f":"play"},
[04:42:18.479] {"t":"camera3d","f":"addActorToScene","a":"csphere"},
[04:42:18.479] {"t":"camera3d","f":"addActorToScene","a":"axes0"},
[04:42:18.480] {"a":"mediator[action.t] = [object Object]"},
[04:42:18.481] {"a":"target = [object Object]"},
[04:42:18.481] {"a":"f = function () {\n        mediator.queue.ready = true;\n        mediator.next();\n      }"},
[04:42:18.485] {"t":"camera3d","f":"addActorToScene","a":"cube0"},
[04:42:28.056] {"a":"mediator[action.t] = [object Object]"},
[04:42:28.069] {"a":"target = [object Object]"},
[04:42:28.070] {"a":"f = function (scene) {\n        var $__0 = this;\n        var abs_values = [],\n            abs_params = {},\n            abs_url,\n            i = 0;\n        console.log((\"\\n++++ change_scene(\" + scene + \")\"));\n        if (scene !== this.scene) {\n          $timeout((function() {\n            $rootScope.$apply((function() {\n              $__0.scene = scene;\n            }));\n          }));\n          this.scene = scene;\n        }\n        console.log((\"previous: this.stateObj.scene = \" + this.stateObj.scene));\n        console.log((\"change: this.scene = \" + this.scene));\n        if (this.scene !== this.stateObj.scene) {\n          abs_params = config.scenes[this.scene];\n          var $__5 = true;\n          var $__6 = false;\n          var $__7 = undefined;\n          try {\n            for (var $__3 = void 0,\n                $__2 = (this.terms)[$traceurRuntime.toProperty(Symbol.iterator)](); !($__5 = ($__3 = $__2.next()).done); $__5 = true) {\n              var p = $__3.value;\n              {\n                abs_values[i++] = abs_params[p];\n              }\n            }\n          } catch ($__8) {\n            $__6 = true;\n            $__7 = $__8;\n          } finally {\n            try {\n              if (!$__5 && $__2.return != null) {\n                $__2.return();\n              }\n            } finally {\n              if ($__6) {\n                throw $__7;\n              }\n            }\n          }\n          abs_url = '/';\n          abs_url += abs_values.join('/');\n          this.change_shot(abs_url);\n        }\n      }"},
[04:42:28.071] {"a":"~~~~ change_state() url = /a0:/i3d-simple:simple_green/i2d-scene:disks0/base-skycube:test_cube/ui-msgbg:/shot-graft:scope1"},
[04:42:28.071] {"a":"~~~~ change_state() this.prev_url = /a:/i3d-simple:simple_green/i2d-scene:disks0/base-skycube:test_cube//LS"},
[04:42:28.071] {"t":"mediator","f":"socket.emit.actions","a":{"t":"narrative","f":"change_scene","a":"a0"}},
[04:42:28.302] {"t":"Mediator","f":"component","a":"narrative"},
[04:42:28.303] {"t":"app","f":"onEnter","a":{"name":"a0:"}},
[04:42:28.305] {"t":"app","f":"onEnter","a":{"name":"shot-graft:scope1"}},
[04:42:28.305] {"t":"timeline","f":"play"},
[04:42:28.307] {"t":"camera3d","f":"addActorToScene","a":"cube0_3"},
[04:42:28.308] {"t":"camera3d","f":"addActorToScene","a":"cube0_2"},
[04:42:38.055] {"a":"mediator[action.t] = [object Object]"},
[04:42:38.070] {"a":"target = [object Object]"},
[04:42:38.071] {"a":"f = function (scene) {\n        var $__0 = this;\n        var abs_values = [],\n            abs_params = {},\n            abs_url,\n            i = 0;\n        console.log((\"\\n++++ change_scene(\" + scene + \")\"));\n        if (scene !== this.scene) {\n          $timeout((function() {\n            $rootScope.$apply((function() {\n              $__0.scene = scene;\n            }));\n          }));\n          this.scene = scene;\n        }\n        console.log((\"previous: this.stateObj.scene = \" + this.stateObj.scene));\n        console.log((\"change: this.scene = \" + this.scene));\n        if (this.scene !== this.stateObj.scene) {\n          abs_params = config.scenes[this.scene];\n          var $__5 = true;\n          var $__6 = false;\n          var $__7 = undefined;\n          try {\n            for (var $__3 = void 0,\n                $__2 = (this.terms)[$traceurRuntime.toProperty(Symbol.iterator)](); !($__5 = ($__3 = $__2.next()).done); $__5 = true) {\n              var p = $__3.value;\n              {\n                abs_values[i++] = abs_params[p];\n              }\n            }\n          } catch ($__8) {\n            $__6 = true;\n            $__7 = $__8;\n          } finally {\n            try {\n              if (!$__5 && $__2.return != null) {\n                $__2.return();\n              }\n            } finally {\n              if ($__6) {\n                throw $__7;\n              }\n            }\n          }\n          abs_url = '/';\n          abs_url += abs_values.join('/');\n          this.change_shot(abs_url);\n        }\n      }"},
[04:42:38.072] {"a":"~~~~ change_state() url = /a1:/i3d-simple:simple_green/i2d-scene:disks0/base-skycube:test_cube/ui-msgbg:/shot-graft:scope2"},
[04:42:38.072] {"a":"~~~~ change_state() this.prev_url = /a0://///shot-graft:scope1"},
[04:42:38.072] {"t":"mediator","f":"socket.emit.actions","a":{"t":"narrative","f":"change_scene","a":"a1"}},
[04:42:38.278] {"t":"Mediator","f":"component","a":"narrative"},
[04:42:38.279] {"t":"app","f":"onEnter","a":{"name":"a1:"}},
[04:42:38.279] {"t":"app","f":"onEnter","a":{"name":"shot-graft:scope2"}},
[04:42:38.279] {"t":"timeline","f":"play"},
[04:42:38.280] {"t":"camera3d","f":"addActorToScene","a":"s0_2_0"},
[04:42:38.280] {"t":"camera3d","f":"addActorToScene","a":"s0_2_1"},
[04:42:38.280] {"a":"mediator[action.t] = [object Object]"},
[04:42:38.281] {"a":"target = [object Object]"},
[04:42:38.281] {"a":"f = function () {\n        mediator.queue.ready = true;\n        mediator.next();\n      }"},
[04:42:48.052] {"a":"mediator[action.t] = [object Object]"},
[04:42:48.054] {"a":"target = [object Object]"},
[04:42:48.055] {"a":"f = function () {\n        mediator.queue.ready = true;\n        mediator.next();\n      }"},
[04:42:53.060] {"a":"mediator[action.t] = [object Object]"},
[04:42:53.078] {"a":"target = [object Object]"},
[04:42:53.079] {"a":"f = function (scene) {\n        var $__0 = this;\n        var abs_values = [],\n            abs_params = {},\n            abs_url,\n            i = 0;\n        console.log((\"\\n++++ change_scene(\" + scene + \")\"));\n        if (scene !== this.scene) {\n          $timeout((function() {\n            $rootScope.$apply((function() {\n              $__0.scene = scene;\n            }));\n          }));\n          this.scene = scene;\n        }\n        console.log((\"previous: this.stateObj.scene = \" + this.stateObj.scene));\n        console.log((\"change: this.scene = \" + this.scene));\n        if (this.scene !== this.stateObj.scene) {\n          abs_params = config.scenes[this.scene];\n          var $__5 = true;\n          var $__6 = false;\n          var $__7 = undefined;\n          try {\n            for (var $__3 = void 0,\n                $__2 = (this.terms)[$traceurRuntime.toProperty(Symbol.iterator)](); !($__5 = ($__3 = $__2.next()).done); $__5 = true) {\n              var p = $__3.value;\n              {\n                abs_values[i++] = abs_params[p];\n              }\n            }\n          } catch ($__8) {\n            $__6 = true;\n            $__7 = $__8;\n          } finally {\n            try {\n              if (!$__5 && $__2.return != null) {\n                $__2.return();\n              }\n            } finally {\n              if ($__6) {\n                throw $__7;\n              }\n            }\n          }\n          abs_url = '/';\n          abs_url += abs_values.join('/');\n          this.change_shot(abs_url);\n        }\n      }"},
[04:42:53.079] {"a":"~~~~ change_state() url = /a2:/i3d-simple:simple_green/i2d-scene:disks0/base-skycube:test_cube/ui-msgbg:/shot-graft:scope3"},
[04:42:53.079] {"a":"~~~~ change_state() this.prev_url = /a1://///shot-graft:scope2"},
[04:42:53.079] {"t":"mediator","f":"socket.emit.actions","a":{"t":"narrative","f":"change_scene","a":"a2"}},
[04:42:53.127] {"t":"Mediator","f":"component","a":"narrative"},
[04:42:53.127] {"t":"app","f":"onEnter","a":{"name":"a2:"}},
[04:42:53.127] {"t":"app","f":"onEnter","a":{"name":"shot-graft:scope3"}},
[04:42:53.128] {"t":"timeline","f":"play"},
[04:43:03.078] {"a":"mediator[action.t] = [object Object]"},
[04:43:03.084] {"a":"f = function () {\n        mediator.queue.ready = true;\n        mediator.next();\n      }"},
[04:43:03.084] {"a":"target = [object Object]"},
[04:43:08.058] {"a":"mediator[action.t] = [object Object]"},
[04:43:08.076] {"a":"target = [object Object]"},
[04:43:08.077] {"a":"f = function (a) {\n        a.d = a.d || 3.0;\n        a.x = a.x || csphere.position.x;\n        a.y = a.y || csphere.position.y;\n        a.z = a.z || csphere.position.z;\n        this.shot = {delta: {timeline: {\n              p: {\n                paused: true,\n                repeat: 0\n              },\n              actors: {'i3d:csphere:position': [{\n                  dur: a.d,\n                  p: {\n                    x: a.x,\n                    y: a.y,\n                    z: a.z,\n                    immediateRender: false\n                  }\n                }]}\n            }}};\n        log({\n          t: 'narrative',\n          f: 'shot',\n          a: this.shot\n        });\n        this.shot = 'shot-anim:' + JSON.stringify(this.shot);\n        narrative.shot(this.shot);\n      }"},
[04:43:08.077] {"t":"narrative","f":"shot","a":{"delta":{"timeline":{"p":{"paused":true,"repeat":0},"actors":{"i3d:csphere:position":[{"dur":4,"p":{"x":10,"y":10,"z":-20,"immediateRender":false}}]}}}}},
[04:43:08.077] {"a":"~~~~ change_state() url = /a2:/i3d-simple:simple_green/i2d-scene:disks0/base-skycube:test_cube/ui-msgbg:/shot-anim:scope4"},
[04:43:08.077] {"a":"~~~~ change_state() this.prev_url = /a2://///shot-graft:scope3"},
[04:43:08.077] {"t":"mediator","f":"socket.emit.actions","a":{"t":"camera3d","f":"dollyflyTo","a":{"x":10,"y":10,"z":-20,"d":4}}},
[04:43:08.108] {"t":"timeline","f":"play"},
[04:43:08.108] {"t":"app","f":"onEnter","a":{"name":"shot-anim:scope4"}},
[04:43:08.108] {"t":"Mediator","f":"component","a":"narrative"},
[04:43:12.057] {"a":"mediator[action.t] = [object Object]"},
[04:43:12.062] {"a":"target = [object Object]"},
[04:43:12.063] {"a":"f = function () {\n        mediator.queue.ready = true;\n        mediator.next();\n      }"},
[04:43:18.060] {"a":"mediator[action.t] = [object Object]"},
[04:43:18.073] {"a":"target = [object Object]"},
[04:43:18.077] {"a":"f = function (scene) {\n        var $__0 = this;\n        var abs_values = [],\n            abs_params = {},\n            abs_url,\n            i = 0;\n        console.log((\"\\n++++ change_scene(\" + scene + \")\"));\n        if (scene !== this.scene) {\n          $timeout((function() {\n            $rootScope.$apply((function() {\n              $__0.scene = scene;\n            }));\n          }));\n          this.scene = scene;\n        }\n        console.log((\"previous: this.stateObj.scene = \" + this.stateObj.scene));\n        console.log((\"change: this.scene = \" + this.scene));\n        if (this.scene !== this.stateObj.scene) {\n          abs_params = config.scenes[this.scene];\n          var $__5 = true;\n          var $__6 = false;\n          var $__7 = undefined;\n          try {\n            for (var $__3 = void 0,\n                $__2 = (this.terms)[$traceurRuntime.toProperty(Symbol.iterator)](); !($__5 = ($__3 = $__2.next()).done); $__5 = true) {\n              var p = $__3.value;\n              {\n                abs_values[i++] = abs_params[p];\n              }\n            }\n          } catch ($__8) {\n            $__6 = true;\n            $__7 = $__8;\n          } finally {\n            try {\n              if (!$__5 && $__2.return != null) {\n                $__2.return();\n              }\n            } finally {\n              if ($__6) {\n                throw $__7;\n              }\n            }\n          }\n          abs_url = '/';\n          abs_url += abs_values.join('/');\n          this.change_shot(abs_url);\n        }\n      }"},
[04:43:18.079] {"a":"~~~~ change_state() url = /payments:/i3d-simple:phong_head_sphere_kfb/i2d-empty:/black:/ui-msgbg:/CU:"},
[04:43:18.079] {"a":"~~~~ change_state() this.prev_url = //////shot-anim:scope4"},
[04:43:18.079] {"t":"mediator","f":"socket.emit.actions","a":{"t":"narrative","f":"change_scene","a":"payments"}},
[04:43:19.242] {"t":"app","f":"onEnter","a":{"name":"payments:"}},
[04:43:19.242] {"t":"app","f":"onEnter","a":{"name":"i3d-simple:phong_head_sphere_kfb"}},
[04:43:19.242] {"t":"camera3d","f":"changeTemplateScene"},
[04:43:19.242] {"t":"app","f":"onEnter","a":{"name":"i2d-empty:"}},
[04:43:19.242] {"t":"app","f":"onEnter","a":{"name":"black:"}},
[04:43:19.241] {"t":"Mediator","f":"component","a":"narrative"},
[04:43:19.242] {"t":"app","f":"onEnter","a":{"name":"CU:"}},
[04:43:19.243] {"t":"camera3d","f":"addActorToScene","a":"sphere_phong"},
[04:43:19.243] {"t":"timeline","f":"play"},
[04:43:19.245] {"t":"camera3d","f":"addActorToScene","a":"axes0"},
[04:43:19.245] {"t":"camera3d","f":"addActorToScene","a":"fill"},
[04:43:19.245] {"t":"camera3d","f":"addActorToScene","a":"key"},
[04:43:19.245] {"t":"camera3d","f":"addActorToScene","a":"sphere_phong"},
[04:43:19.245] {"t":"camera3d","f":"addActorToScene","a":"back"},
[04:43:19.246] {"t":"camera3d","f":"addActorToScene","a":"key"},
[04:43:19.246] {"t":"camera3d","f":"addActorToScene","a":"fill"},
[04:43:19.243] {"t":"camera3d","f":"addActorToScene","a":"csphere"},
[04:43:19.246] {"a":"mediator[action.t] = [object Object]"},
[04:43:19.246] {"t":"camera3d","f":"addActorToScene","a":"back"},
[04:43:19.246] {"a":"target = [object Object]"},
[04:43:19.246] {"a":"f = function () {\n        mediator.queue.ready = true;\n        mediator.next();\n      }"},
[04:43:19.468] {"t":"camera3d","f":"addActorToScene","a":"head_scan"},
[04:43:19.764] {"t":"camera3d","f":"addActorToScene","a":"head_scan"},
[04:43:33.066] {"a":"mediator[action.t] = [object Object]"},
[04:43:33.067] {"a":"target = [object Object]"},
[04:43:33.068] {"a":"f = function (a) {\n        if (csphere) {\n          console.log((\"Camera3d.toggle_csphere visible=\" + a.val));\n          csphere.visible = a.val;\n        }\n      }"},
[04:43:33.069] {"t":"mediator","f":"socket.emit.actions","a":{"t":"camera3d","f":"toggle_csphere","a":{"val":false}}},
[04:43:43.069] {"a":"mediator[action.t] = [object Object]"},
[04:43:43.070] {"a":"target = [object Object]"},
[04:43:43.072] {"a":"f = function (a) {\n        if (csphere) {\n          console.log((\"Camera3d.toggle_csphere visible=\" + a.val));\n          csphere.visible = a.val;\n        }\n      }"},
[04:43:43.078] {"t":"mediator","f":"socket.emit.actions","a":{"t":"camera3d","f":"toggle_csphere","a":{"val":true}}},
[04:43:53.068] {"a":"mediator[action.t] = [object Object]"},
[04:43:53.075] {"a":"target = [object Object]"},
[04:43:53.077] {"a":"f = function (a) {\n        if (actors[a.name]) {\n          console.log((\"Camera3d.toggle_light \" + a.name + \" visible=\" + a.val));\n          actors[a.name].visible = a.val;\n        }\n      }"},
[04:43:53.077] {"t":"mediator","f":"socket.emit.actions","a":{"t":"camera3d","f":"toggle_light","a":{"name":"key","val":false}}},
[04:44:03.070] {"a":"mediator[action.t] = [object Object]"},
[04:44:03.077] {"a":"target = [object Object]"},
[04:44:03.079] {"a":"f = function (a) {\n        if (actors[a.name]) {\n          console.log((\"Camera3d.toggle_light \" + a.name + \" visible=\" + a.val));\n          actors[a.name].visible = a.val;\n        }\n      }"},
[04:44:03.080] {"t":"mediator","f":"socket.emit.actions","a":{"t":"camera3d","f":"toggle_light","a":{"name":"fill","val":false}}},
[04:44:18.073] {"a":"mediator[action.t] = [object Object]"},
[04:44:18.074] {"a":"target = [object Object]"},
[04:44:18.074] {"a":"f = function (a) {\n        if (actors[a.name]) {\n          console.log((\"Camera3d.toggle_light \" + a.name + \" visible=\" + a.val));\n          actors[a.name].visible = a.val;\n        }\n      }"},
[04:44:18.075] {"t":"mediator","f":"socket.emit.actions","a":{"t":"camera3d","f":"toggle_light","a":{"name":"back","val":false}}},
[04:44:33.075] {"a":"mediator[action.t] = [object Object]"},
[04:44:33.085] {"a":"target = [object Object]"},
[04:44:33.087] {"a":"f = function (a) {\n        if (actors[a.name]) {\n          console.log((\"Camera3d.toggle_light \" + a.name + \" visible=\" + a.val));\n          actors[a.name].visible = a.val;\n        }\n      }"},
[04:44:33.088] {"t":"mediator","f":"socket.emit.actions","a":{"t":"camera3d","f":"toggle_light","a":{"name":"key","val":true}}},
[04:44:43.079] {"a":"mediator[action.t] = [object Object]"},
[04:44:43.080] {"a":"target = [object Object]"},
[04:44:43.080] {"a":"f = function (a) {\n        if (actors[a.name]) {\n          console.log((\"Camera3d.toggle_light \" + a.name + \" visible=\" + a.val));\n          actors[a.name].visible = a.val;\n        }\n      }"},
[04:44:43.080] {"t":"mediator","f":"socket.emit.actions","a":{"t":"camera3d","f":"toggle_light","a":{"name":"fill","val":true}}},
[04:44:58.079] {"a":"mediator[action.t] = [object Object]"},
[04:44:58.084] {"a":"target = [object Object]"},
[04:44:58.084] {"a":"f = function (a) {\n        if (actors[a.name]) {\n          console.log((\"Camera3d.toggle_light \" + a.name + \" visible=\" + a.val));\n          actors[a.name].visible = a.val;\n        }\n      }"},
[04:44:58.085] {"t":"mediator","f":"socket.emit.actions","a":{"t":"camera3d","f":"toggle_light","a":{"name":"back","val":true}}},
[04:45:08.083] {"a":"mediator[action.t] = [object Object]"},
[04:45:08.109] {"a":"target = [object Object]"},
[04:45:08.109] {"a":"f = function (scene) {\n        var $__0 = this;\n        var abs_values = [],\n            abs_params = {},\n            abs_url,\n            i = 0;\n        console.log((\"\\n++++ change_scene(\" + scene + \")\"));\n        if (scene !== this.scene) {\n          $timeout((function() {\n            $rootScope.$apply((function() {\n              $__0.scene = scene;\n            }));\n          }));\n          this.scene = scene;\n        }\n        console.log((\"previous: this.stateObj.scene = \" + this.stateObj.scene));\n        console.log((\"change: this.scene = \" + this.scene));\n        if (this.scene !== this.stateObj.scene) {\n          abs_params = config.scenes[this.scene];\n          var $__5 = true;\n          var $__6 = false;\n          var $__7 = undefined;\n          try {\n            for (var $__3 = void 0,\n                $__2 = (this.terms)[$traceurRuntime.toProperty(Symbol.iterator)](); !($__5 = ($__3 = $__2.next()).done); $__5 = true) {\n              var p = $__3.value;\n              {\n                abs_values[i++] = abs_params[p];\n              }\n            }\n          } catch ($__8) {\n            $__6 = true;\n            $__7 = $__8;\n          } finally {\n            try {\n              if (!$__5 && $__2.return != null) {\n                $__2.return();\n              }\n            } finally {\n              if ($__6) {\n                throw $__7;\n              }\n            }\n          }\n          abs_url = '/';\n          abs_url += abs_values.join('/');\n          this.change_shot(abs_url);\n        }\n      }"},
[04:45:08.109] {"a":"~~~~ change_state() url = /a:/i3d-simple:simple_green/i2d-scene:disks0/base-skycube:test_cube/ui-msgbg:/LS"},
[04:45:08.109] {"a":"~~~~ change_state() this.prev_url = /payments:/i3d-simple:phong_head_sphere_kfb/i2d-empty:/black://CU:"},
[04:45:08.110] {"t":"mediator","f":"socket.emit.actions","a":{"t":"narrative","f":"change_scene","a":"a"}},
[04:45:08.389] {"t":"Mediator","f":"component","a":"narrative"},
[04:45:08.390] {"t":"app","f":"onEnter","a":{"name":"a:"}},
[04:45:08.391] {"t":"app","f":"onEnter","a":{"name":"i3d-simple:simple_green"}},
[04:45:08.392] {"t":"camera3d","f":"changeTemplateScene"},
[04:45:08.392] {"t":"app","f":"onEnter","a":{"name":"i2d-scene:disks0"}},
[04:45:08.392] {"t":"app","f":"onEnter","a":{"name":"base-skycube:test_cube"}},
[04:45:08.392] {"t":"app","f":"onEnter","a":{"name":"LS"}},
[04:45:08.392] {"t":"timeline","f":"play"},
[04:45:08.394] {"t":"camera3d","f":"addActorToScene","a":"axes0"},
[04:45:08.394] {"t":"camera3d","f":"addActorToScene","a":"csphere"},
[04:45:08.394] {"a":"mediator[action.t] = [object Object]"},
[04:45:08.394] {"a":"target = [object Object]"},
[04:45:08.395] {"a":"f = function () {\n        mediator.queue.ready = true;\n        mediator.next();\n      }"},
[04:45:08.409] {"t":"camera3d","f":"addActorToScene","a":"cube0"},
[04:45:08.410] {"t":"camera3d","f":"addActorToScene","a":"cube0"},
[04:45:08.410] {"t":"camera3d","f":"addActorToScene","a":"cube0"},
[04:45:18.082] {"a":"mediator[action.t] = [object Object]"},
[04:45:18.108] {"a":"target = [object Object]"},
[04:45:18.111] {"a":"f = function (shot) {\n        var abs_url_components,\n            abs_url = '/',\n            i = 0;\n        console.log('\\n\\n\\n\\n\\n narrative.shot() &&&&&&&&&&&&&&&&&&&&&&&&&&&&');\n        Mediator.queue.ready = false;\n        console.log((\"shot(): Mediator.queue.ready = \" + Mediator.queue.ready));\n        abs_url_components = this.stateObj.abs_url.split('/');\n        abs_url_components.pop();\n        if (abs_url_components[0] === '') {\n          abs_url_components.shift();\n        }\n        var $__5 = true;\n        var $__6 = false;\n        var $__7 = undefined;\n        try {\n          for (var $__3 = void 0,\n              $__2 = (abs_url_components)[$traceurRuntime.toProperty(Symbol.iterator)](); !($__5 = ($__3 = $__2.next()).done); $__5 = true) {\n            var c = $__3.value;\n            {\n              abs_url += (c + \"/\");\n            }\n          }\n        } catch ($__8) {\n          $__6 = true;\n          $__7 = $__8;\n        } finally {\n          try {\n            if (!$__5 && $__2.return != null) {\n              $__2.return();\n            }\n          } finally {\n            if ($__6) {\n              throw $__7;\n            }\n          }\n        }\n        abs_url += shot;\n        console.log((\"narrative.change_shot(\" + abs_url + \")\"));\n        this.change_shot(abs_url);\n      }"},
[04:45:18.111] {"a":"~~~~ change_state() url = /a:/i3d-simple:simple_green/i2d-scene:disks0/base-skycube:test_cube/ui-msgbg:/shot-graft:scope7"},
[04:45:18.112] {"a":"~~~~ change_state() this.prev_url = /a:/i3d-simple:simple_green/i2d-scene:disks0/base-skycube:test_cube//LS"},
[04:45:18.112] {"t":"mediator","f":"socket.emit.actions","a":{"t":"narrative","f":"shot","a":"shot-graft:{\"delta\":{\"timeline\":{\"p\":{\"repeat\":0},\"actors\":{\"i3d:cube0:scale\":[{\"dur\":10,\"p\":{\"x\":0.5,\"y\":0.5,\"z\":0.5}}]}},\"branches\":{\"cube0\":{\"children\":{\"cube0_2\":{\"form\":{\"type\":\"'cube.i3d'\",\"x\":0,\"y\":0,\"z\":0,\"textureurl\":\"./images/sky.jpg\",\"w\":5,\"h\":10,\"d\":10,\"color\":\"blue\",\"transparent\":true,\"opacity\":1},\"transform\":{\"t\":[-20,-10,0],\"s\":[0.01,0.01,0.01]},\"children\":{}},\"cube0_3\":{\"form\":{\"type\":\"'cube.i3d'\",\"x\":0,\"y\":-20,\"z\":0,\"textureurl\":\"sky_jpg\",\"w\":5,\"h\":10,\"d\":10,\"color\":\"blue\",\"transparent\":true,\"opacity\":1},\"transform\":{\"t\":[20,0,0],\"s\":[0.01,0.01,0.01]},\"children\":{}}}}}}}"}},
[04:45:18.413] {"t":"Mediator","f":"component","a":"narrative"},
[04:45:18.413] {"t":"app","f":"onEnter","a":{"name":"shot-graft:scope7"}},
[04:45:18.413] {"t":"timeline","f":"play"},
[04:45:18.413] {"t":"camera3d","f":"addActorToScene","a":"cube0_3"},
[04:45:18.414] {"t":"camera3d","f":"addActorToScene","a":"cube0_3"},
[04:45:18.438] {"t":"camera3d","f":"addActorToScene","a":"cube0_2"},
[04:45:18.438] {"t":"camera3d","f":"addActorToScene","a":"cube0_2"},
[04:45:28.099] {"a":"mediator[action.t] = [object Object]"},
[04:45:28.109] {"a":"target = [object Object]"},
[04:45:28.109] {"a":"f = function () {\n        mediator.queue.ready = true;\n        mediator.next();\n      }"},
[04:45:33.084] {"a":"mediator[action.t] = [object Object]"},
[04:45:33.102] {"a":"target = [object Object]"},
[04:45:33.103] {"a":"f = function (shot) {\n        var abs_url_components,\n            abs_url = '/',\n            i = 0;\n        console.log('\\n\\n\\n\\n\\n narrative.shot() &&&&&&&&&&&&&&&&&&&&&&&&&&&&');\n        Mediator.queue.ready = false;\n        console.log((\"shot(): Mediator.queue.ready = \" + Mediator.queue.ready));\n        abs_url_components = this.stateObj.abs_url.split('/');\n        abs_url_components.pop();\n        if (abs_url_components[0] === '') {\n          abs_url_components.shift();\n        }\n        var $__5 = true;\n        var $__6 = false;\n        var $__7 = undefined;\n        try {\n          for (var $__3 = void 0,\n              $__2 = (abs_url_components)[$traceurRuntime.toProperty(Symbol.iterator)](); !($__5 = ($__3 = $__2.next()).done); $__5 = true) {\n            var c = $__3.value;\n            {\n              abs_url += (c + \"/\");\n            }\n          }\n        } catch ($__8) {\n          $__6 = true;\n          $__7 = $__8;\n        } finally {\n          try {\n            if (!$__5 && $__2.return != null) {\n              $__2.return();\n            }\n          } finally {\n            if ($__6) {\n              throw $__7;\n            }\n          }\n        }\n        abs_url += shot;\n        console.log((\"narrative.change_shot(\" + abs_url + \")\"));\n        this.change_shot(abs_url);\n      }"},
[04:45:33.103] {"a":"~~~~ change_state() url = /a:/i3d-simple:simple_green/i2d-scene:disks0/base-skycube:test_cube/ui-msgbg:/shot-graft:scope8"},
[04:45:33.127] {"a":"~~~~ change_state() this.prev_url = //////shot-graft:scope7"},
[04:45:33.129] {"t":"mediator","f":"socket.emit.actions","a":{"t":"narrative","f":"shot","a":"shot-graft:{\"delta\":{\"timeline\":{\"p\":{\"repeat\":0},\"actors\":{\"i3d:cube0_2:scale\":[{\"dur\":10,\"p\":{\"x\":1,\"y\":1,\"z\":1}}],\"i3d:cube0_3:scale\":[{\"dur\":10,\"p\":{\"x\":1,\"y\":1,\"z\":1}}]}},\"branches\":{\"cube0_2\":{\"children\":{\"s0_2_0\":{\"form\":{\"type\":\"'sphere.i3d'\",\"r\":5,\"color\":\"blue\",\"transparent\":true,\"opacity\":0.8},\"transform\":{\"e\":[0,-0.785,0],\"t\":[-10,-10,0],\"s\":[0.01,0.01,0.01]},\"children\":{}},\"s0_2_1\":{\"form\":{\"type\":\"'sphere.i3d'\",\"r\":5,\"color\":\"blue\",\"transparent\":true,\"opacity\":0.8},\"transform\":{\"e\":[0,0.785,0],\"t\":[10,10,0],\"s\":[0.01,0.01,0.01]},\"children\":{}}}}}}}"}},
[04:45:33.415] {"t":"Mediator","f":"component","a":"narrative"},
[04:45:33.416] {"t":"app","f":"onEnter","a":{"name":"shot-graft:scope8"}},
[04:45:33.416] {"t":"camera3d","f":"addActorToScene","a":"s0_2_0"},
[04:45:33.416] {"t":"camera3d","f":"addActorToScene","a":"s0_2_1"},
[04:45:33.416] {"t":"camera3d","f":"addActorToScene","a":"s0_2_0"},
[04:45:33.416] {"t":"camera3d","f":"addActorToScene","a":"s0_2_1"},
[04:45:33.416] {"t":"timeline","f":"play"},
[04:45:43.073] {"a":"mediator[action.t] = [object Object]"},
[04:45:43.111] {"a":"target = [object Object]"},
[04:45:43.111] {"a":"f = function () {\n        mediator.queue.ready = true;\n        mediator.next();\n      }"},
[04:45:43.111] {"a":"mediator[action.t] = [object Object]"},
[04:45:43.112] {"a":"target = [object Object]"},
[04:45:43.112] {"a":"f = function (shot) {\n        var abs_url_components,\n            abs_url = '/',\n            i = 0;\n        console.log('\\n\\n\\n\\n\\n narrative.shot() &&&&&&&&&&&&&&&&&&&&&&&&&&&&');\n        Mediator.queue.ready = false;\n        console.log((\"shot(): Mediator.queue.ready = \" + Mediator.queue.ready));\n        abs_url_components = this.stateObj.abs_url.split('/');\n        abs_url_components.pop();\n        if (abs_url_components[0] === '') {\n          abs_url_components.shift();\n        }\n        var $__5 = true;\n        var $__6 = false;\n        var $__7 = undefined;\n        try {\n          for (var $__3 = void 0,\n              $__2 = (abs_url_components)[$traceurRuntime.toProperty(Symbol.iterator)](); !($__5 = ($__3 = $__2.next()).done); $__5 = true) {\n            var c = $__3.value;\n            {\n              abs_url += (c + \"/\");\n            }\n          }\n        } catch ($__8) {\n          $__6 = true;\n          $__7 = $__8;\n        } finally {\n          try {\n            if (!$__5 && $__2.return != null) {\n              $__2.return();\n            }\n          } finally {\n            if ($__6) {\n              throw $__7;\n            }\n          }\n        }\n        abs_url += shot;\n        console.log((\"narrative.change_shot(\" + abs_url + \")\"));\n        this.change_shot(abs_url);\n      }"},
[04:45:43.112] {"a":"~~~~ change_state() url = /a:/i3d-simple:simple_green/i2d-scene:disks0/base-skycube:test_cube/ui-msgbg:/shot-graft:scope9"},
[04:45:43.113] {"a":"~~~~ change_state() this.prev_url = //////shot-graft:scope8"},
[04:45:43.113] {"t":"mediator","f":"socket.emit.actions","a":{"t":"narrative","f":"shot","a":"shot-graft:{\"delta\":{\"timeline\":{\"p\":{\"repeat\":0},\"actors\":{\"i3d:s0_2_0:scale\":[{\"dur\":10,\"p\":{\"x\":1,\"y\":1,\"z\":1}}],\"i3d:s0_2_1:scale\":[{\"dur\":10,\"p\":{\"x\":1,\"y\":1,\"z\":1}}]}},\"branches\":{}}}"}},
[04:45:43.176] {"t":"Mediator","f":"component","a":"narrative"},
[04:45:43.176] {"t":"app","f":"onEnter","a":{"name":"shot-graft:scope9"}},
[04:45:43.177] {"t":"timeline","f":"play"},
[04:45:53.090] {"a":"mediator[action.t] = [object Object]"},
[04:45:53.131] {"a":"target = [object Object]"},
[04:45:53.132] {"a":"f = function () {\n        mediator.queue.ready = true;\n        mediator.next();\n      }"},
[04:45:53.132] {"a":"mediator[action.t] = [object Object]"},
[04:45:53.132] {"a":"target = [object Object]"},
[04:45:53.132] {"a":"f = function (a) {\n        pan = a.r;\n        this.shot = {delta: {timeline: {\n              p: {\n                paused: true,\n                repeat: 0\n              },\n              actors: {'i3d:camera:rotation': [{\n                  dur: a.d,\n                  p: {\n                    y: pan,\n                    immediateRender: false\n                  }\n                }]}\n            }}};\n        log({\n          t: 'narrative',\n          f: 'shot',\n          a: this.shot\n        });\n        this.shot = 'shot-anim:' + JSON.stringify(this.shot);\n        narrative.shot(this.shot);\n      }"},
[04:45:53.132] {"t":"narrative","f":"shot","a":{"delta":{"timeline":{"p":{"paused":true,"repeat":0},"actors":{"i3d:camera:rotation":[{"dur":4,"p":{"y":0.7854,"immediateRender":false}}]}}}}},
[04:45:53.134] {"a":"~~~~ change_state() url = /a:/i3d-simple:simple_green/i2d-scene:disks0/base-skycube:test_cube/ui-msgbg:/shot-anim:scope10"},
[04:45:53.134] {"a":"~~~~ change_state() this.prev_url = //////shot-graft:scope9"},
[04:45:53.134] {"t":"mediator","f":"socket.emit.actions","a":{"t":"camera3d","f":"panflyTo","a":{"r":0.7854,"d":4}}},
[04:45:53.182] {"t":"Mediator","f":"component","a":"narrative"},
[04:45:53.183] {"t":"app","f":"onEnter","a":{"name":"shot-anim:scope10"}},
[04:45:53.184] {"t":"timeline","f":"play"},
[04:45:57.096] {"a":"mediator[action.t] = [object Object]"},
[04:45:57.103] {"a":"target = [object Object]"},
[04:45:57.103] {"a":"f = function () {\n        mediator.queue.ready = true;\n        mediator.next();\n      }"},
[04:46:03.134] {"a":"mediator[action.t] = [object Object]"},
[04:46:03.159] {"a":"target = [object Object]"},
[04:46:03.160] {"a":"f = function (scene) {\n        var $__0 = this;\n        var abs_values = [],\n            abs_params = {},\n            abs_url,\n            i = 0;\n        console.log((\"\\n++++ change_scene(\" + scene + \")\"));\n        if (scene !== this.scene) {\n          $timeout((function() {\n            $rootScope.$apply((function() {\n              $__0.scene = scene;\n            }));\n          }));\n          this.scene = scene;\n        }\n        console.log((\"previous: this.stateObj.scene = \" + this.stateObj.scene));\n        console.log((\"change: this.scene = \" + this.scene));\n        if (this.scene !== this.stateObj.scene) {\n          abs_params = config.scenes[this.scene];\n          var $__5 = true;\n          var $__6 = false;\n          var $__7 = undefined;\n          try {\n            for (var $__3 = void 0,\n                $__2 = (this.terms)[$traceurRuntime.toProperty(Symbol.iterator)](); !($__5 = ($__3 = $__2.next()).done); $__5 = true) {\n              var p = $__3.value;\n              {\n                abs_values[i++] = abs_params[p];\n              }\n            }\n          } catch ($__8) {\n            $__6 = true;\n            $__7 = $__8;\n          } finally {\n            try {\n              if (!$__5 && $__2.return != null) {\n                $__2.return();\n              }\n            } finally {\n              if ($__6) {\n                throw $__7;\n              }\n            }\n          }\n          abs_url = '/';\n          abs_url += abs_values.join('/');\n          this.change_shot(abs_url);\n        }\n      }"},
[04:46:03.160] {"a":"~~~~ change_state() url = /footprint:/i3d-scene:scene1/i2d-empty:/escher:/ui-msgbg:/ECU:"},
[04:46:03.160] {"a":"~~~~ change_state() this.prev_url = //////shot-anim:scope10"},
[04:46:03.160] {"t":"mediator","f":"socket.emit.actions","a":{"t":"narrative","f":"change_scene","a":"footprint"}},
[04:46:06.917] {"t":"Mediator","f":"component","a":"narrative"},
[04:46:06.917] {"t":"app","f":"onEnter","a":{"name":"footprint:"}},
[04:46:06.917] {"t":"app","f":"onEnter","a":{"name":"i3d-scene:scene1"}},
[04:46:06.917] {"t":"camera3d","f":"changeTemplateScene"},
[04:46:06.917] {"t":"app","f":"onEnter","a":{"name":"i2d-empty:"}},
[04:46:06.918] {"t":"app","f":"onEnter","a":{"name":"escher:"}},
[04:46:06.918] {"t":"app","f":"onEnter","a":{"name":"ECU:"}},
[04:46:06.918] {"t":"timeline","f":"play"},
[04:46:06.919] {"t":"camera3d","f":"addBillboardToScene","a":"bb_singular2"},
[04:46:06.919] {"t":"camera3d","f":"addBillboardToScene","a":"bb0"},
[04:46:06.919] {"t":"camera3d","f":"addBillboardToScene","a":"bb1"},
[04:46:06.919] {"t":"camera3d","f":"addBillboardToScene","a":"bb2"},
[04:46:06.919] {"t":"camera3d","f":"addBillboardToScene","a":"bb3"},
[04:46:06.919] {"t":"camera3d","f":"addBillboardToScene","a":"bb4"},
[04:46:06.920] {"t":"camera3d","f":"addBillboardToScene","a":"bb6"},
[04:46:06.920] {"t":"camera3d","f":"addBillboardToScene","a":"bb5"},
[04:46:06.921] {"t":"camera3d","f":"addBillboardToScene","a":"bb19"},
[04:46:06.921] {"t":"camera3d","f":"addBillboardToScene","a":"bb7"},
[04:46:06.921] {"t":"camera3d","f":"addBillboardToScene","a":"bb20"},
[04:46:06.921] {"t":"camera3d","f":"addBillboardToScene","a":"bb21"},
[04:46:06.921] {"t":"camera3d","f":"addBillboardToScene","a":"bb18"},
[04:46:06.922] {"t":"camera3d","f":"addBillboardToScene","a":"bb23"},
[04:46:06.922] {"t":"camera3d","f":"addBillboardToScene","a":"bb22"},
[04:46:06.921] {"t":"camera3d","f":"addBillboardToScene","a":"bb8"},
[04:46:06.922] {"t":"camera3d","f":"addBillboardToScene","a":"bb25"},
[04:46:06.922] {"t":"camera3d","f":"addBillboardToScene","a":"bb26"},
[04:46:06.922] {"t":"camera3d","f":"addBillboardToScene","a":"bb24"},
[04:46:06.922] {"t":"camera3d","f":"addBillboardToScene","a":"bb54"},
[04:46:06.922] {"t":"camera3d","f":"addBillboardToScene","a":"bb55"},
[04:46:06.923] {"t":"camera3d","f":"addBillboardToScene","a":"bb56"},
[04:46:06.923] {"t":"camera3d","f":"addBillboardToScene","a":"bb57"},
[04:46:06.923] {"t":"camera3d","f":"addBillboardToScene","a":"bb58"},
[04:46:06.923] {"t":"camera3d","f":"addBillboardToScene","a":"bb59"},
[04:46:06.923] {"t":"camera3d","f":"addBillboardToScene","a":"bb60"},
[04:46:06.923] {"t":"camera3d","f":"addBillboardToScene","a":"bb61"},
[04:46:06.923] {"t":"camera3d","f":"addBillboardToScene","a":"bb62"},
[04:46:06.924] {"t":"camera3d","f":"addBillboardToScene","a":"bb_singular2"},
[04:46:06.924] {"t":"camera3d","f":"addBillboardToScene","a":"bb0"},
[04:46:06.924] {"t":"camera3d","f":"addBillboardToScene","a":"bb1"},
[04:46:06.924] {"t":"camera3d","f":"addBillboardToScene","a":"bb2"},
[04:46:06.924] {"t":"camera3d","f":"addBillboardToScene","a":"bb3"},
[04:46:06.924] {"t":"camera3d","f":"addBillboardToScene","a":"bb4"},
[04:46:06.924] {"t":"camera3d","f":"addBillboardToScene","a":"bb5"},
[04:46:06.924] {"t":"camera3d","f":"addBillboardToScene","a":"bb6"},
[04:46:06.925] {"t":"camera3d","f":"addBillboardToScene","a":"bb7"},
[04:46:06.925] {"t":"camera3d","f":"addBillboardToScene","a":"bb8"},
[04:46:06.925] {"t":"camera3d","f":"addBillboardToScene","a":"bb18"},
[04:46:06.925] {"t":"camera3d","f":"addBillboardToScene","a":"bb19"},
[04:46:06.925] {"t":"camera3d","f":"addBillboardToScene","a":"bb20"},
[04:46:06.925] {"t":"camera3d","f":"addBillboardToScene","a":"bb21"},
[04:46:06.925] {"t":"camera3d","f":"addBillboardToScene","a":"bb22"},
[04:46:06.926] {"t":"camera3d","f":"addBillboardToScene","a":"bb23"},
[04:46:06.926] {"t":"camera3d","f":"addBillboardToScene","a":"bb24"},
[04:46:06.926] {"t":"camera3d","f":"addBillboardToScene","a":"bb25"},
[04:46:06.926] {"t":"camera3d","f":"addBillboardToScene","a":"bb26"},
[04:46:06.926] {"t":"camera3d","f":"addBillboardToScene","a":"bb54"},
[04:46:06.926] {"t":"camera3d","f":"addBillboardToScene","a":"bb55"},
[04:46:06.926] {"t":"camera3d","f":"addBillboardToScene","a":"bb56"},
[04:46:06.927] {"t":"camera3d","f":"addBillboardToScene","a":"bb57"},
[04:46:06.927] {"t":"camera3d","f":"addBillboardToScene","a":"bb58"},
[04:46:06.927] {"t":"camera3d","f":"addBillboardToScene","a":"bb59"},
[04:46:06.927] {"t":"camera3d","f":"addBillboardToScene","a":"bb60"},
[04:46:06.927] {"t":"camera3d","f":"addBillboardToScene","a":"bb61"},
[04:46:06.927] {"t":"camera3d","f":"addBillboardToScene","a":"bb62"},
[04:46:06.927] {"t":"camera3d","f":"addBillboardToScene","a":"bb_singular2"},
[04:46:06.928] {"t":"camera3d","f":"addBillboardToScene","a":"bb0"},
[04:46:06.928] {"t":"camera3d","f":"addBillboardToScene","a":"bb1"},
[04:46:06.928] {"t":"camera3d","f":"addBillboardToScene","a":"bb2"},
[04:46:06.928] {"t":"camera3d","f":"addBillboardToScene","a":"bb3"},
[04:46:06.928] {"t":"camera3d","f":"addBillboardToScene","a":"bb4"},
[04:46:06.928] {"t":"camera3d","f":"addBillboardToScene","a":"bb5"},
[04:46:06.929] {"t":"camera3d","f":"addBillboardToScene","a":"bb7"},
[04:46:06.928] {"t":"camera3d","f":"addBillboardToScene","a":"bb6"},
[04:46:06.929] {"t":"camera3d","f":"addBillboardToScene","a":"bb8"},
[04:46:06.929] {"t":"camera3d","f":"addBillboardToScene","a":"bb18"},
[04:46:06.929] {"t":"camera3d","f":"addBillboardToScene","a":"bb19"},
[04:46:06.929] {"t":"camera3d","f":"addBillboardToScene","a":"bb21"},
[04:46:06.929] {"t":"camera3d","f":"addBillboardToScene","a":"bb22"},
[04:46:06.929] {"t":"camera3d","f":"addBillboardToScene","a":"bb20"},
[04:46:06.930] {"t":"camera3d","f":"addBillboardToScene","a":"bb23"},
[04:46:06.930] {"t":"camera3d","f":"addBillboardToScene","a":"bb24"},
[04:46:06.931] {"t":"camera3d","f":"addBillboardToScene","a":"bb25"},
[04:46:06.931] {"t":"camera3d","f":"addBillboardToScene","a":"bb26"},
[04:46:06.932] {"t":"camera3d","f":"addBillboardToScene","a":"bb54"},
[04:46:06.932] {"t":"camera3d","f":"addBillboardToScene","a":"bb55"},
[04:46:06.932] {"t":"camera3d","f":"addBillboardToScene","a":"bb56"},
[04:46:06.932] {"t":"camera3d","f":"addBillboardToScene","a":"bb57"},
[04:46:06.932] {"t":"camera3d","f":"addBillboardToScene","a":"bb58"},
[04:46:06.932] {"t":"camera3d","f":"addBillboardToScene","a":"bb59"},
[04:46:06.933] {"t":"camera3d","f":"addBillboardToScene","a":"bb60"},
[04:46:06.933] {"t":"camera3d","f":"addBillboardToScene","a":"bb61"},
[04:46:06.933] {"t":"camera3d","f":"addBillboardToScene","a":"bb62"},
[04:46:06.934] {"t":"camera3d","f":"addActorToScene","a":"csphere"},
[04:46:06.934] {"t":"camera3d","f":"addBillboardToScene","a":"bb_singular2"},
[04:46:06.934] {"t":"camera3d","f":"addBillboardToScene","a":"bb0"},
[04:46:06.934] {"t":"camera3d","f":"addBillboardToScene","a":"bb1"},
[04:46:06.934] {"t":"camera3d","f":"addBillboardToScene","a":"bb2"},
[04:46:06.934] {"t":"camera3d","f":"addBillboardToScene","a":"bb3"},
[04:46:06.934] {"t":"camera3d","f":"addBillboardToScene","a":"bb4"},
[04:46:06.935] {"t":"camera3d","f":"addBillboardToScene","a":"bb5"},
[04:46:06.935] {"t":"camera3d","f":"addBillboardToScene","a":"bb6"},
[04:46:06.935] {"t":"camera3d","f":"addBillboardToScene","a":"bb7"},
[04:46:06.935] {"t":"camera3d","f":"addBillboardToScene","a":"bb8"},
[04:46:06.935] {"t":"camera3d","f":"addBillboardToScene","a":"bb18"},
[04:46:06.935] {"t":"camera3d","f":"addBillboardToScene","a":"bb19"},
[04:46:06.935] {"t":"camera3d","f":"addBillboardToScene","a":"bb20"},
[04:46:06.935] {"t":"camera3d","f":"addBillboardToScene","a":"bb21"},
[04:46:06.936] {"t":"camera3d","f":"addBillboardToScene","a":"bb22"},
[04:46:06.936] {"t":"camera3d","f":"addBillboardToScene","a":"bb23"},
[04:46:06.936] {"t":"camera3d","f":"addBillboardToScene","a":"bb24"},
[04:46:06.936] {"t":"camera3d","f":"addBillboardToScene","a":"bb25"},
[04:46:06.936] {"t":"camera3d","f":"addBillboardToScene","a":"bb26"},
[04:46:06.936] {"t":"camera3d","f":"addBillboardToScene","a":"bb54"},
[04:46:06.936] {"t":"camera3d","f":"addBillboardToScene","a":"bb55"},
[04:46:06.937] {"t":"camera3d","f":"addBillboardToScene","a":"bb56"},
[04:46:06.937] {"t":"camera3d","f":"addBillboardToScene","a":"bb57"},
[04:46:06.937] {"t":"camera3d","f":"addBillboardToScene","a":"bb58"},
[04:46:06.937] {"t":"camera3d","f":"addBillboardToScene","a":"bb59"},
[04:46:06.937] {"t":"camera3d","f":"addBillboardToScene","a":"bb60"},
[04:46:06.937] {"t":"camera3d","f":"addBillboardToScene","a":"bb61"},
[04:46:06.937] {"t":"camera3d","f":"addBillboardToScene","a":"bb62"},
[04:46:06.937] {"a":"mediator[action.t] = [object Object]"},
[04:46:06.938] {"a":"target = [object Object]"},
[04:46:06.938] {"a":"f = function () {\n        mediator.queue.ready = true;\n        mediator.next();\n      }"},
[04:46:07.023] {"t":"camera3d","f":"addBillboardToScene","a":"bb_singular"},
[04:46:07.092] {"t":"camera3d","f":"addBillboardToScene","a":"bb_singular"},
[04:46:07.098] {"t":"camera3d","f":"addBillboardToScene","a":"bb_singular"},
[04:46:07.098] {"t":"camera3d","f":"addBillboardToScene","a":"bb_singular"},
[04:46:18.136] {"a":"mediator[action.t] = [object Object]"},
[04:46:18.156] {"a":"target = [object Object]"},
[04:46:18.156] {"a":"f = function (a) {\n        pan = a.r;\n        this.shot = {delta: {timeline: {\n              p: {\n                paused: true,\n                repeat: 0\n              },\n              actors: {'i3d:camera:rotation': [{\n                  dur: a.d,\n                  p: {\n                    y: pan,\n                    immediateRender: false\n                  }\n                }]}\n            }}};\n        log({\n          t: 'narrative',\n          f: 'shot',\n          a: this.shot\n        });\n        this.shot = 'shot-anim:' + JSON.stringify(this.shot);\n        narrative.shot(this.shot);\n      }"},
[04:46:18.156] {"t":"narrative","f":"shot","a":{"delta":{"timeline":{"p":{"paused":true,"repeat":0},"actors":{"i3d:camera:rotation":[{"dur":4,"p":{"y":0.7854,"immediateRender":false}}]}}}}},
[04:46:18.156] {"a":"~~~~ change_state() url = /footprint:/i3d-scene:scene1/i2d-empty:/escher:/ui-msgbg:/shot-anim:scope12"},
[04:46:18.156] {"a":"~~~~ change_state() this.prev_url = /footprint:/i3d-scene:scene1/i2d-empty:/escher://ECU:"},
[04:46:18.156] {"t":"mediator","f":"socket.emit.actions","a":{"t":"camera3d","f":"panflyTo","a":{"r":0.7854,"d":4}}},
[04:46:18.202] {"t":"Mediator","f":"component","a":"narrative"},
[04:46:18.203] {"t":"app","f":"onEnter","a":{"name":"shot-anim:scope12"}},
[04:46:18.204] {"t":"timeline","f":"play"},
[04:46:22.139] {"a":"mediator[action.t] = [object Object]"},
[04:46:22.142] {"a":"target = [object Object]"},
[04:46:22.145] {"a":"f = function () {\n        mediator.queue.ready = true;\n        mediator.next();\n      }"},
[04:46:33.140] {"a":"mediator[action.t] = [object Object]"},
[04:46:33.160] {"a":"target = [object Object]"},
[04:46:33.160] {"a":"f = function (a) {\n        tilt = a.r;\n        this.shot = {delta: {timeline: {\n              p: {\n                paused: true,\n                repeat: 0\n              },\n              actors: {'i3d:camera:rotation': [{\n                  dur: a.d,\n                  p: {\n                    x: tilt,\n                    immediateRender: false\n                  }\n                }]}\n            }}};\n        log({\n          t: 'narrative',\n          f: 'shot',\n          a: this.shot\n        });\n        this.shot = 'shot-anim:' + JSON.stringify(this.shot);\n        narrative.shot(this.shot);\n      }"},
[04:46:33.161] {"t":"narrative","f":"shot","a":{"delta":{"timeline":{"p":{"paused":true,"repeat":0},"actors":{"i3d:camera:rotation":[{"dur":4,"p":{"x":0.7854,"immediateRender":false}}]}}}}},
[04:46:33.161] {"a":"~~~~ change_state() url = /footprint:/i3d-scene:scene1/i2d-empty:/escher:/ui-msgbg:/shot-anim:scope13"},
[04:46:33.162] {"a":"~~~~ change_state() this.prev_url = //////shot-anim:scope12"},
[04:46:33.163] {"t":"mediator","f":"socket.emit.actions","a":{"t":"camera3d","f":"tiltflyTo","a":{"r":0.7854,"d":4}}},
[04:46:33.234] {"t":"Mediator","f":"component","a":"narrative"},
[04:46:33.234] {"t":"app","f":"onEnter","a":{"name":"shot-anim:scope13"}},
[04:46:33.234] {"t":"timeline","f":"play"},
[04:46:37.130] {"a":"mediator[action.t] = [object Object]"},
[04:46:37.136] {"a":"target = [object Object]"},
[04:46:37.137] {"a":"f = function () {\n        mediator.queue.ready = true;\n        mediator.next();\n      }"},
[04:46:43.139] {"a":"mediator[action.t] = [object Object]"},
[04:46:43.140] {"a":"f = function () {\n        console.log(\"Camera3d.billboardsFace() => csphere+camera\");\n        billboardsFace = true;\n      }"},
[04:46:43.140] {"a":"target = [object Object]"},
[04:46:43.140] {"t":"mediator","f":"socket.emit.actions","a":{"t":"camera3d","f":"billboardsFaceCamera"}},
[04:46:58.139] {"a":"mediator[action.t] = [object Object]"},
[04:46:58.155] {"a":"target = [object Object]"},
[04:46:58.155] {"a":"f = function (a) {\n        tilt += a.r;\n        this.shot = {delta: {timeline: {\n              p: {\n                paused: true,\n                repeat: 0\n              },\n              actors: {'i3d:camera:rotation': [{\n                  dur: a.d,\n                  p: {\n                    x: tilt,\n                    immediateRender: false\n                  }\n                }]}\n            }}};\n        log({\n          t: 'narrative',\n          f: 'shot',\n          a: this.shot\n        });\n        this.shot = 'shot-anim:' + JSON.stringify(this.shot);\n        narrative.shot(this.shot);\n      }"},
[04:46:58.155] {"t":"narrative","f":"shot","a":{"delta":{"timeline":{"p":{"paused":true,"repeat":0},"actors":{"i3d:camera:rotation":[{"dur":4,"p":{"x":0,"immediateRender":false}}]}}}}},
[04:46:58.155] {"a":"~~~~ change_state() url = /footprint:/i3d-scene:scene1/i2d-empty:/escher:/ui-msgbg:/shot-anim:scope14"},
[04:46:58.155] {"a":"~~~~ change_state() this.prev_url = //////shot-anim:scope13"},
[04:46:58.155] {"t":"mediator","f":"socket.emit.actions","a":{"t":"camera3d","f":"tiltflyBy","a":{"r":-0.7854,"d":4}}},
[04:46:58.205] {"t":"Mediator","f":"component","a":"narrative"},
[04:46:58.205] {"t":"app","f":"onEnter","a":{"name":"shot-anim:scope14"}},
[04:46:58.206] {"t":"timeline","f":"play"},
[04:47:02.139] {"a":"mediator[action.t] = [object Object]"},
[04:47:02.145] {"a":"target = [object Object]"},
[04:47:02.146] {"a":"f = function () {\n        mediator.queue.ready = true;\n        mediator.next();\n      }"},
[04:47:13.147] {"a":"mediator[action.t] = [object Object]"},
[04:47:13.173] {"a":"target = [object Object]"},
[04:47:13.173] {"a":"f = function (a) {\n        pan += a.r;\n        this.shot = {delta: {timeline: {\n              p: {\n                paused: true,\n                repeat: 0\n              },\n              actors: {'i3d:camera:rotation': [{\n                  dur: a.d,\n                  p: {\n                    y: pan,\n                    immediateRender: false\n                  }\n                }]}\n            }}};\n        log({\n          t: 'narrative',\n          f: 'shot',\n          a: this.shot\n        });\n        this.shot = 'shot-anim:' + JSON.stringify(this.shot);\n        narrative.shot(this.shot);\n      }"},
[04:47:13.174] {"t":"narrative","f":"shot","a":{"delta":{"timeline":{"p":{"paused":true,"repeat":0},"actors":{"i3d:camera:rotation":[{"dur":4,"p":{"y":0,"immediateRender":false}}]}}}}},
[04:47:13.174] {"a":"~~~~ change_state() url = /footprint:/i3d-scene:scene1/i2d-empty:/escher:/ui-msgbg:/shot-anim:scope15"},
[04:47:13.174] {"a":"~~~~ change_state() this.prev_url = //////shot-anim:scope14"},
[04:47:13.174] {"t":"mediator","f":"socket.emit.actions","a":{"t":"camera3d","f":"panflyBy","a":{"r":-0.7854,"d":4}}},
[04:47:13.232] {"t":"Mediator","f":"component","a":"narrative"},
[04:47:13.232] {"t":"app","f":"onEnter","a":{"name":"shot-anim:scope15"}},
[04:47:13.232] {"t":"timeline","f":"play"},
[04:47:17.180] {"a":"mediator[action.t] = [object Object]"},
[04:47:17.186] {"a":"target = [object Object]"},
[04:47:17.186] {"a":"f = function () {\n        mediator.queue.ready = true;\n        mediator.next();\n      }"},
[04:47:28.147] {"a":"mediator[action.t] = [object Object]"},
[04:47:28.169] {"a":"target = [object Object]"},
[04:47:28.169] {"a":"f = function (scene) {\n        var $__0 = this;\n        var abs_values = [],\n            abs_params = {},\n            abs_url,\n            i = 0;\n        console.log((\"\\n++++ change_scene(\" + scene + \")\"));\n        if (scene !== this.scene) {\n          $timeout((function() {\n            $rootScope.$apply((function() {\n              $__0.scene = scene;\n            }));\n          }));\n          this.scene = scene;\n        }\n        console.log((\"previous: this.stateObj.scene = \" + this.stateObj.scene));\n        console.log((\"change: this.scene = \" + this.scene));\n        if (this.scene !== this.stateObj.scene) {\n          abs_params = config.scenes[this.scene];\n          var $__5 = true;\n          var $__6 = false;\n          var $__7 = undefined;\n          try {\n            for (var $__3 = void 0,\n                $__2 = (this.terms)[$traceurRuntime.toProperty(Symbol.iterator)](); !($__5 = ($__3 = $__2.next()).done); $__5 = true) {\n              var p = $__3.value;\n              {\n                abs_values[i++] = abs_params[p];\n              }\n            }\n          } catch ($__8) {\n            $__6 = true;\n            $__7 = $__8;\n          } finally {\n            try {\n              if (!$__5 && $__2.return != null) {\n                $__2.return();\n              }\n            } finally {\n              if ($__6) {\n                throw $__7;\n              }\n            }\n          }\n          abs_url = '/';\n          abs_url += abs_values.join('/');\n          this.change_shot(abs_url);\n        }\n      }"},
[04:47:28.170] {"a":"~~~~ change_state() url = /circle:/i3d-simple:simple_red/i2d-scene:disks0/base-skycube:test_cube/ui-msgbg:/shot-graft:a0"},
[04:47:28.170] {"a":"~~~~ change_state() this.prev_url = //////shot-anim:scope15"},
[04:47:28.170] {"t":"mediator","f":"socket.emit.actions","a":{"t":"narrative","f":"change_scene","a":"circle"}},
[04:47:29.015] {"t":"Mediator","f":"component","a":"narrative"},
[04:47:29.016] {"t":"app","f":"onEnter","a":{"name":"circle:"}},
[04:47:29.016] {"t":"app","f":"onEnter","a":{"name":"i3d-simple:simple_red"}},
[04:47:29.017] {"t":"camera3d","f":"changeTemplateScene"},
[04:47:29.017] {"t":"app","f":"onEnter","a":{"name":"i2d-scene:disks0"}},
[04:47:29.017] {"t":"app","f":"onEnter","a":{"name":"base-skycube:test_cube"}},
[04:47:29.017] {"t":"app","f":"onEnter","a":{"name":"shot-graft:a0"}},
[04:47:29.017] {"t":"timeline","f":"play"},
[04:47:29.018] {"t":"camera3d","f":"addActorToScene","a":"cube0"},
[04:47:29.018] {"t":"camera3d","f":"addActorToScene","a":"cube0"},
[04:47:29.018] {"t":"camera3d","f":"addActorToScene","a":"cube0"},
[04:47:29.018] {"t":"camera3d","f":"addActorToScene","a":"cube0"},
[04:47:29.018] {"t":"camera3d","f":"addActorToScene","a":"csphere"},
[04:47:29.018] {"t":"camera3d","f":"addActorToScene","a":"cube0"},
[04:47:29.018] {"t":"camera3d","f":"addActorToScene","a":"cube0_3"},
[04:47:29.019] {"t":"camera3d","f":"addActorToScene","a":"cube0_3"},
[04:47:29.019] {"t":"camera3d","f":"addActorToScene","a":"cube0_0"},
[04:47:29.019] {"t":"camera3d","f":"addActorToScene","a":"cube0_1"},
[04:47:29.019] {"t":"camera3d","f":"addActorToScene","a":"cube0_0"},
[04:47:29.019] {"t":"camera3d","f":"addActorToScene","a":"cube0_1"},
[04:47:29.019] {"t":"camera3d","f":"addActorToScene","a":"cube0_0"},
[04:47:29.020] {"t":"camera3d","f":"addActorToScene","a":"cube0_1"},
[04:47:29.020] {"t":"camera3d","f":"addActorToScene","a":"cube0_0"},
[04:47:29.020] {"t":"camera3d","f":"addActorToScene","a":"cube0_1"},
[04:47:29.020] {"t":"camera3d","f":"addActorToScene","a":"cube0_0"},
[04:47:29.020] {"t":"camera3d","f":"addActorToScene","a":"cube0_1"},
[04:47:29.020] {"a":"mediator[action.t] = [object Object]"},
[04:47:29.021] {"a":"target = [object Object]"},
[04:47:29.021] {"a":"f = function () {\n        mediator.queue.ready = true;\n        mediator.next();\n      }"},
[04:47:29.034] {"t":"camera3d","f":"addActorToScene","a":"cube0_2"},
[04:47:29.035] {"t":"camera3d","f":"addActorToScene","a":"cube0_2"},
[04:47:43.151] {"a":"mediator[action.t] = [object Object]"},
[04:47:43.157] {"a":"target = [object Object]"},
[04:47:43.157] {"a":"f = function (url) {\n        var $__0 = this;\n        var params = {},\n            values = [],\n            abs_params = {},\n            abs_values = [],\n            delta_values = [],\n            i = 0;\n        console.log((\"\\n~~~~ change_state() url = \" + url));\n        console.log((\"~~~~ change_state() this.prev_url = \" + this.prev_url));\n        Log.log({a: (\"~~~~ change_state() url = \" + url)});\n        Log.log({a: (\"~~~~ change_state() this.prev_url = \" + this.prev_url)});\n        this.stateObj = {};\n        this.stateObj.abs_params = {};\n        this.stateObj.delta_params = {};\n        this.frame += 1;\n        this.stateObj.frame = this.frame;\n        values = url.slice(1).split('/');\n        var $__5 = true;\n        var $__6 = false;\n        var $__7 = undefined;\n        try {\n          for (var $__3 = void 0,\n              $__2 = (this.terms)[$traceurRuntime.toProperty(Symbol.iterator)](); !($__5 = ($__3 = $__2.next()).done); $__5 = true) {\n            var p = $__3.value;\n            {\n              params[p] = values[i];\n              i += 1;\n            }\n          }\n        } catch ($__8) {\n          $__6 = true;\n          $__7 = $__8;\n        } finally {\n          try {\n            if (!$__5 && $__2.return != null) {\n              $__2.return();\n            }\n          } finally {\n            if ($__6) {\n              throw $__7;\n            }\n          }\n        }\n        abs_params = this.metastate.stateObj.abs_params;\n        i = 0;\n        var $__12 = true;\n        var $__13 = false;\n        var $__14 = undefined;\n        try {\n          for (var $__10 = void 0,\n              $__9 = (this.terms)[$traceurRuntime.toProperty(Symbol.iterator)](); !($__12 = ($__10 = $__9.next()).done); $__12 = true) {\n            var p$__46 = $__10.value;\n            {\n              console.log((\"this.terms has term[\" + i + \"] = \" + p$__46));\n              console.log((\"params[\" + p$__46 + \"] = \" + params[p$__46]));\n              if (params[p$__46].length > 1) {\n                this.stateObj.abs_params[p$__46] = params[p$__46];\n                abs_values[i] = params[p$__46];\n              } else {\n                this.stateObj.abs_params[p$__46] = abs_params[p$__46];\n              }\n              i += 1;\n            }\n          }\n        } catch ($__15) {\n          $__13 = true;\n          $__14 = $__15;\n        } finally {\n          try {\n            if (!$__12 && $__9.return != null) {\n              $__9.return();\n            }\n          } finally {\n            if ($__13) {\n              throw $__14;\n            }\n          }\n        }\n        i = 0;\n        this.stateObj.delta_params = {};\n        var $__19 = true;\n        var $__20 = false;\n        var $__21 = undefined;\n        try {\n          for (var $__17 = void 0,\n              $__16 = (this.terms)[$traceurRuntime.toProperty(Symbol.iterator)](); !($__19 = ($__17 = $__16.next()).done); $__19 = true) {\n            var p$__47 = $__17.value;\n            {\n              this.stateObj.delta_params[p$__47] = \"\";\n              delta_values[i] = \"\";\n              i += 1;\n            }\n          }\n        } catch ($__22) {\n          $__20 = true;\n          $__21 = $__22;\n        } finally {\n          try {\n            if (!$__19 && $__16.return != null) {\n              $__16.return();\n            }\n          } finally {\n            if ($__20) {\n              throw $__21;\n            }\n          }\n        }\n        i = 0;\n        var $__26 = true;\n        var $__27 = false;\n        var $__28 = undefined;\n        try {\n          for (var $__24 = void 0,\n              $__23 = (this.terms)[$traceurRuntime.toProperty(Symbol.iterator)](); !($__26 = ($__24 = $__23.next()).done); $__26 = true) {\n            var p$__48 = $__24.value;\n            {\n              if (params[p$__48].length > 0) {\n                if (params[p$__48] !== abs_params[p$__48]) {\n                  this.stateObj.delta_params[p$__48] = params[p$__48];\n                  delta_values[i] = params[p$__48];\n                }\n              }\n              i += 1;\n            }\n          }\n        } catch ($__29) {\n          $__27 = true;\n          $__28 = $__29;\n        } finally {\n          try {\n            if (!$__26 && $__23.return != null) {\n              $__23.return();\n            }\n          } finally {\n            if ($__27) {\n              throw $__28;\n            }\n          }\n        }\n        this.stateObj.scene = this.stateObj.abs_params['scene'].split(\":\")[0];\n        this.stateObj.abs_url = '/';\n        this.stateObj.delta_url = '/';\n        this.stateObj.abs_url += abs_values.join('/');\n        this.stateObj.delta_url += delta_values.join('/');\n        this.stateObj.control_state = this.control_state;\n        $timeout((function() {\n          $rootScope.$apply((function() {\n            $__0.scene = $__0.stateObj.scene;\n            $__0.scope().ui.scene = $__0.scene;\n          }));\n        }));\n        this.metastate.stateObjp = this.metastate.stateObj;\n        this.metastate.stateObj = this.stateObj;\n        this.backfwd = false;\n        this.sequence[this.stateObj.delta_url] = this.frame;\n        this.sequence[this.frame] = this.stateObj;\n        console.log((\"ch_st(): $location.url(\" + this.stateObj.delta_url + \")\"));\n        $location.url(this.stateObj.delta_url);\n        history.replaceState(this.stateObj, this.scene);\n      }"},
[04:47:43.158] {"a":"~~~~ change_state() url = /circle:/i3d-simple:simple_red/i2d-scene:mf2d0/base-skycube:test_cube/ui-msgbg/MS"},
[04:47:43.158] {"a":"~~~~ change_state() this.prev_url = /circle:/i3d-simple:simple_red/i2d-scene:disks0/base-skycube:test_cube//shot-graft:a0"},
[04:47:43.159] {"t":"mediator","f":"socket.emit.actions","a":{"t":"narrative","f":"change_state","a":"/circle:/i3d-simple:simple_red/i2d-scene:mf2d0/base-skycube:test_cube/ui-msgbg/MS"}},
[04:47:43.533] {"t":"Mediator","f":"component","a":"narrative"},
[04:47:43.534] {"t":"app","f":"onEnter","a":{"name":"i2d-scene:mf2d0"}},
[04:47:43.534] {"t":"app","f":"onEnter","a":{"name":"ui-msgbg"}},
[04:47:43.534] {"t":"timeline","f":"play"},
[04:47:43.534] {"a":"mediator[action.t] = [object Object]"},
[04:47:43.535] {"a":"target = [object Object]"},
[04:47:43.535] {"a":"f = function () {\n        mediator.queue.ready = true;\n        mediator.next();\n      }"},
[04:47:43.534] {"t":"app","f":"onEnter","a":{"name":"MS"}},
[04:47:53.149] {"a":"mediator[action.t] = [object Object]"},
[04:47:53.165] {"a":"target = [object Object]"},
[04:47:53.165] {"a":"f = function (scene) {\n        var $__0 = this;\n        var abs_values = [],\n            abs_params = {},\n            abs_url,\n            i = 0;\n        console.log((\"\\n++++ change_scene(\" + scene + \")\"));\n        if (scene !== this.scene) {\n          $timeout((function() {\n            $rootScope.$apply((function() {\n              $__0.scene = scene;\n            }));\n          }));\n          this.scene = scene;\n        }\n        console.log((\"previous: this.stateObj.scene = \" + this.stateObj.scene));\n        console.log((\"change: this.scene = \" + this.scene));\n        if (this.scene !== this.stateObj.scene) {\n          abs_params = config.scenes[this.scene];\n          var $__5 = true;\n          var $__6 = false;\n          var $__7 = undefined;\n          try {\n            for (var $__3 = void 0,\n                $__2 = (this.terms)[$traceurRuntime.toProperty(Symbol.iterator)](); !($__5 = ($__3 = $__2.next()).done); $__5 = true) {\n              var p = $__3.value;\n              {\n                abs_values[i++] = abs_params[p];\n              }\n            }\n          } catch ($__8) {\n            $__6 = true;\n            $__7 = $__8;\n          } finally {\n            try {\n              if (!$__5 && $__2.return != null) {\n                $__2.return();\n              }\n            } finally {\n              if ($__6) {\n                throw $__7;\n              }\n            }\n          }\n          abs_url = '/';\n          abs_url += abs_values.join('/');\n          this.change_shot(abs_url);\n        }\n      }"},
[04:47:53.165] {"a":"~~~~ change_state() url = /stocks:/i3d-jsonmodels:phonghead_kfb/i2d-scene:defsuse0/grid:/ui-msgbg:/2S:"},
[04:47:53.165] {"a":"~~~~ change_state() this.prev_url = ///i2d-scene:mf2d0//ui-msgbg/MS"},
[04:47:53.166] {"t":"mediator","f":"socket.emit.actions","a":{"t":"narrative","f":"change_scene","a":"stocks"}},
[04:47:55.066] {"t":"Mediator","f":"component","a":"narrative"},
[04:47:55.066] {"t":"app","f":"onEnter","a":{"name":"stocks:"}},
[04:47:55.067] {"t":"app","f":"onEnter","a":{"name":"i3d-jsonmodels:phonghead_kfb"}},
[04:47:55.067] {"t":"camera3d","f":"changeTemplateScene"},
[04:47:55.067] {"t":"app","f":"onEnter","a":{"name":"i2d-scene:defsuse0"}},
[04:47:55.067] {"t":"app","f":"onEnter","a":{"name":"grid:"}},
[04:47:55.067] {"t":"app","f":"onEnter","a":{"name":"ui-msgbg:"}},
[04:47:55.067] {"t":"app","f":"onEnter","a":{"name":"2S:"}},
[04:47:55.068] {"t":"timeline","f":"play"},
[04:47:55.068] {"t":"camera3d","f":"addActorToScene","a":"axes0"},
[04:47:55.068] {"t":"camera3d","f":"addActorToScene","a":"axes0"},
[04:47:55.068] {"t":"camera3d","f":"addActorToScene","a":"axes0"},
[04:47:55.068] {"t":"camera3d","f":"addActorToScene","a":"axes0"},
[04:47:55.068] {"t":"camera3d","f":"addActorToScene","a":"axes0"},
[04:47:55.068] {"t":"camera3d","f":"addActorToScene","a":"csphere"},
[04:47:55.069] {"t":"camera3d","f":"addActorToScene","a":"axes0"},
[04:47:55.069] {"t":"camera3d","f":"addActorToScene","a":"key"},
[04:47:55.069] {"t":"camera3d","f":"addActorToScene","a":"fill"},
[04:47:55.069] {"t":"camera3d","f":"addActorToScene","a":"back"},
[04:47:55.069] {"t":"camera3d","f":"addActorToScene","a":"key"},
[04:47:55.070] {"t":"camera3d","f":"addActorToScene","a":"fill"},
[04:47:55.070] {"t":"camera3d","f":"addActorToScene","a":"back"},
[04:47:55.070] {"t":"camera3d","f":"addActorToScene","a":"key"},
[04:47:55.070] {"t":"camera3d","f":"addActorToScene","a":"fill"},
[04:47:55.070] {"t":"camera3d","f":"addActorToScene","a":"back"},
[04:47:55.070] {"t":"camera3d","f":"addActorToScene","a":"key"},
[04:47:55.070] {"t":"camera3d","f":"addActorToScene","a":"fill"},
[04:47:55.070] {"t":"camera3d","f":"addActorToScene","a":"back"},
[04:47:55.071] {"t":"camera3d","f":"addActorToScene","a":"key"},
[04:47:55.074] {"t":"camera3d","f":"addActorToScene","a":"fill"},
[04:47:55.075] {"t":"camera3d","f":"addActorToScene","a":"back"},
[04:47:55.075] {"t":"camera3d","f":"addActorToScene","a":"key"},
[04:47:55.076] {"t":"camera3d","f":"addActorToScene","a":"fill"},
[04:47:55.076] {"t":"camera3d","f":"addActorToScene","a":"back"},
[04:47:55.076] {"a":"mediator[action.t] = [object Object]"},
[04:47:55.076] {"a":"target = [object Object]"},
[04:47:55.076] {"a":"f = function () {\n        mediator.queue.ready = true;\n        mediator.next();\n      }"},
[04:47:55.632] {"t":"camera3d","f":"addActorToScene","a":"head_scan"},
[04:47:55.632] {"t":"camera3d","f":"addActorToScene","a":"head_scan"},
[04:47:55.632] {"t":"camera3d","f":"addActorToScene","a":"head_scan"},
[04:47:56.028] {"t":"camera3d","f":"addActorToScene","a":"head_scan"},
[04:47:56.028] {"t":"camera3d","f":"addActorToScene","a":"head_scan"},
[04:48:08.152] {"a":"mediator[action.t] = [object Object]"},
[04:48:08.154] {"a":"target = [object Object]"},
[04:48:08.155] {"a":"f = function (url) {\n    if (isUndefined(url)) {\n      return this.$$url;\n    }\n\n    var match = PATH_MATCH.exec(url);\n    if (match[1] || url === '') this.path(decodeURIComponent(match[1]));\n    if (match[2] || match[1] || url === '') this.search(match[3] || '');\n    this.hash(match[5] || '');\n\n    return this;\n  }"},
[04:48:08.155] {"a":"action.a is array with l = 1"},
[04:48:08.156] {"a":"target[action.f](action.a[0]) returned r = [object Object]"},
[04:48:08.156] {"a":"r === mediator.location is true"},
[04:48:08.157] {"t":"mediator","f":"socket.emit.actions","a":{"t":"location","f":"url","a":["/escher://i2d-scene:mf2d0///"]}},
