[05:47:28.195] {"t":"camera3d","f":"place","a":12},
[05:47:28.300] {"t":"camerasphere","f":"create","a":"csphere"},
[05:47:28.300] {"t":"camerasphere","f":"children","a":1},
[05:47:47.065] {"a":"$location===mediator.location is\n              true"},
[05:47:47.080] {"a":"mediator[action.t] = [object Object]"},
[05:47:47.082] {"a":"target = [object Object]"},
[05:47:47.090] {"a":"f = function (scene) {\n        var $__0 = this;\n        var abs_values = [],\n            abs_params = {},\n            abs_url,\n            i = 0;\n        console.log((\"\\n++++ change_scene(\" + scene + \")\"));\n        if (scene !== this.scene) {\n          $timeout((function() {\n            $rootScope.$apply((function() {\n              $__0.scene = scene;\n            }));\n          }));\n          this.scene = scene;\n        }\n        console.log((\"previous: this.stateObj.scene = \" + this.stateObj.scene));\n        console.log((\"change: this.scene = \" + this.scene));\n        if (this.scene !== this.stateObj.scene) {\n          abs_params = config.scenes[this.scene];\n          var $__5 = true;\n          var $__6 = false;\n          var $__7 = undefined;\n          try {\n            for (var $__3 = void 0,\n                $__2 = (this.terms)[$traceurRuntime.toProperty(Symbol.iterator)](); !($__5 = ($__3 = $__2.next()).done); $__5 = true) {\n              var p = $__3.value;\n              {\n                abs_values[i++] = abs_params[p];\n              }\n            }\n          } catch ($__8) {\n            $__6 = true;\n            $__7 = $__8;\n          } finally {\n            try {\n              if (!$__5 && $__2.return != null) {\n                $__2.return();\n              }\n            } finally {\n              if ($__6) {\n                throw $__7;\n              }\n            }\n          }\n          abs_url = '/';\n          abs_url += abs_values.join('/');\n          this.change_shot(abs_url);\n        }\n      }"},
[05:47:47.090] {"a":"~~~~ change_state() url = /circle:/i3d-simple:simple_red/i2d-scene:disks0/base-skycube:test_cube/ui-msgbg:/shot-graft:a0"},
[05:47:47.091] {"a":"~~~~ change_state() this.prev_url = ^"},
[05:47:47.093] {"a":"ch_st(): $location.url(/circle:/i3d-simple:simple_red/i2d-scene:disks0/base-skycube:test_cube//shot-graft:a0)"},
[05:47:47.093] {"t":"mediator","f":"socket.emit.actions","a":{"t":"narrative","f":"change_scene","a":"circle"}},
[05:47:47.571] {"t":"app","f":"onEnter","a":{"name":"circle:"}},
[05:47:47.571] {"t":"app","f":"onEnter","a":{"name":"i3d-simple:simple_red"}},
[05:47:47.572] {"t":"camera3d","f":"changeTemplateScene"},
[05:47:47.572] {"t":"app","f":"onEnter","a":{"name":"i2d-scene:disks0"}},
[05:47:47.573] {"t":"app","f":"onEnter","a":{"name":"base-skycube:test_cube"}},
[05:47:47.573] {"t":"app","f":"onEnter","a":{"name":"shot-graft:a0"}},
[05:47:47.573] {"t":"timeline","f":"play"},
[05:47:47.573] {"t":"camera3d","f":"addActorToScene","a":"csphere"},
[05:47:47.574] {"t":"camera3d","f":"addActorToScene","a":"cube0"},
[05:47:47.575] {"t":"camera3d","f":"addActorToScene","a":"cube0_0"},
[05:47:47.576] {"t":"camera3d","f":"addActorToScene","a":"cube0_1"},
[05:47:47.576] {"a":"$location===mediator.location is\n              true"},
[05:47:47.576] {"a":"mediator[action.t] = [object Object]"},
[05:47:47.577] {"a":"target = [object Object]"},
[05:47:47.577] {"a":"f = function () {\n        mediator.queue.ready = true;\n        mediator.next();\n      }"},
[05:47:47.571] {"t":"Mediator","f":"component","a":"narrative"},
[05:48:02.069] {"a":"$location===mediator.location is\n              true"},
[05:48:02.092] {"a":"mediator[action.t] = [object Object]"},
[05:48:02.092] {"a":"target = [object Object]"},
[05:48:02.098] {"a":"f = function (url) {\n        var $__0 = this;\n        var params = {},\n            values = [],\n            abs_params = {},\n            abs_values = [],\n            delta_values = [],\n            i = 0;\n        console.log((\"\\n~~~~ change_state() url = \" + url));\n        console.log((\"~~~~ change_state() this.prev_url = \" + this.prev_url));\n        Log.log({a: (\"~~~~ change_state() url = \" + url)});\n        Log.log({a: (\"~~~~ change_state() this.prev_url = \" + this.prev_url)});\n        this.stateObj = {};\n        this.stateObj.abs_params = {};\n        this.stateObj.delta_params = {};\n        this.frame += 1;\n        this.stateObj.frame = this.frame;\n        values = url.slice(1).split('/');\n        var $__5 = true;\n        var $__6 = false;\n        var $__7 = undefined;\n        try {\n          for (var $__3 = void 0,\n              $__2 = (this.terms)[$traceurRuntime.toProperty(Symbol.iterator)](); !($__5 = ($__3 = $__2.next()).done); $__5 = true) {\n            var p = $__3.value;\n            {\n              params[p] = values[i];\n              i += 1;\n            }\n          }\n        } catch ($__8) {\n          $__6 = true;\n          $__7 = $__8;\n        } finally {\n          try {\n            if (!$__5 && $__2.return != null) {\n              $__2.return();\n            }\n          } finally {\n            if ($__6) {\n              throw $__7;\n            }\n          }\n        }\n        abs_params = this.metastate.stateObj.abs_params;\n        i = 0;\n        var $__12 = true;\n        var $__13 = false;\n        var $__14 = undefined;\n        try {\n          for (var $__10 = void 0,\n              $__9 = (this.terms)[$traceurRuntime.toProperty(Symbol.iterator)](); !($__12 = ($__10 = $__9.next()).done); $__12 = true) {\n            var p$__46 = $__10.value;\n            {\n              console.log((\"this.terms has term[\" + i + \"] = \" + p$__46));\n              console.log((\"params[\" + p$__46 + \"] = \" + params[p$__46]));\n              if (params[p$__46].length > 1) {\n                this.stateObj.abs_params[p$__46] = params[p$__46];\n                abs_values[i] = params[p$__46];\n              } else {\n                this.stateObj.abs_params[p$__46] = abs_params[p$__46];\n              }\n              i += 1;\n            }\n          }\n        } catch ($__15) {\n          $__13 = true;\n          $__14 = $__15;\n        } finally {\n          try {\n            if (!$__12 && $__9.return != null) {\n              $__9.return();\n            }\n          } finally {\n            if ($__13) {\n              throw $__14;\n            }\n          }\n        }\n        i = 0;\n        this.stateObj.delta_params = {};\n        var $__19 = true;\n        var $__20 = false;\n        var $__21 = undefined;\n        try {\n          for (var $__17 = void 0,\n              $__16 = (this.terms)[$traceurRuntime.toProperty(Symbol.iterator)](); !($__19 = ($__17 = $__16.next()).done); $__19 = true) {\n            var p$__47 = $__17.value;\n            {\n              this.stateObj.delta_params[p$__47] = \"\";\n              delta_values[i] = \"\";\n              i += 1;\n            }\n          }\n        } catch ($__22) {\n          $__20 = true;\n          $__21 = $__22;\n        } finally {\n          try {\n            if (!$__19 && $__16.return != null) {\n              $__16.return();\n            }\n          } finally {\n            if ($__20) {\n              throw $__21;\n            }\n          }\n        }\n        i = 0;\n        var $__26 = true;\n        var $__27 = false;\n        var $__28 = undefined;\n        try {\n          for (var $__24 = void 0,\n              $__23 = (this.terms)[$traceurRuntime.toProperty(Symbol.iterator)](); !($__26 = ($__24 = $__23.next()).done); $__26 = true) {\n            var p$__48 = $__24.value;\n            {\n              if (params[p$__48].length > 0) {\n                if (params[p$__48] !== abs_params[p$__48]) {\n                  this.stateObj.delta_params[p$__48] = params[p$__48];\n                  delta_values[i] = params[p$__48];\n                }\n              }\n              i += 1;\n            }\n          }\n        } catch ($__29) {\n          $__27 = true;\n          $__28 = $__29;\n        } finally {\n          try {\n            if (!$__26 && $__23.return != null) {\n              $__23.return();\n            }\n          } finally {\n            if ($__27) {\n              throw $__28;\n            }\n          }\n        }\n        this.stateObj.scene = this.stateObj.abs_params['scene'].split(\":\")[0];\n        this.stateObj.abs_url = '/';\n        this.stateObj.delta_url = '/';\n        this.stateObj.abs_url += abs_values.join('/');\n        this.stateObj.delta_url += delta_values.join('/');\n        this.stateObj.control_state = this.control_state;\n        $timeout((function() {\n          $rootScope.$apply((function() {\n            $__0.scene = $__0.stateObj.scene;\n            $__0.scope().ui.scene = $__0.scene;\n          }));\n        }));\n        this.metastate.stateObjp = this.metastate.stateObj;\n        this.metastate.stateObj = this.stateObj;\n        this.backfwd = false;\n        this.sequence[this.stateObj.delta_url] = this.frame;\n        this.sequence[this.frame] = this.stateObj;\n        console.log((\"ch_st(): $location.url(\" + this.stateObj.delta_url + \")\"));\n        Log.log({a: (\"ch_st(): $location.url(\" + this.stateObj.delta_url + \")\")});\n        $location.url(this.stateObj.delta_url);\n        history.replaceState(this.stateObj, this.scene);\n      }"},
[05:48:02.100] {"a":"~~~~ change_state() url = /circle:/i3d-simple:simple_red/i2d-scene:mf2d0/base-skycube:test_cube/ui-msgbg/MS"},
[05:48:02.101] {"a":"~~~~ change_state() this.prev_url = /circle:/i3d-simple:simple_red/i2d-scene:disks0/base-skycube:test_cube//shot-graft:a0"},
[05:48:02.101] {"a":"ch_st(): $location.url(///i2d-scene:mf2d0//ui-msgbg/MS)"},
[05:48:02.102] {"t":"mediator","f":"socket.emit.actions","a":{"t":"narrative","f":"change_state","a":"/circle:/i3d-simple:simple_red/i2d-scene:mf2d0/base-skycube:test_cube/ui-msgbg/MS"}},
[05:48:02.407] {"t":"Mediator","f":"component","a":"narrative"},
[05:48:02.408] {"t":"app","f":"onEnter","a":{"name":"i2d-scene:mf2d0"}},
[05:48:02.409] {"t":"app","f":"onEnter","a":{"name":"ui-msgbg"}},
[05:48:02.409] {"t":"app","f":"onEnter","a":{"name":"MS"}},
[05:48:02.409] {"t":"timeline","f":"play"},
[05:48:02.409] {"a":"$location===mediator.location is\n              true"},
[05:48:02.410] {"a":"mediator[action.t] = [object Object]"},
[05:48:02.410] {"a":"target = [object Object]"},
[05:48:02.410] {"a":"f = function () {\n        mediator.queue.ready = true;\n        mediator.next();\n      }"},
[05:48:12.071] {"a":"$location===mediator.location is\n              true"},
[05:48:12.084] {"a":"mediator[action.t] = [object Object]"},
[05:48:12.085] {"a":"target = [object Object]"},
[05:48:12.085] {"a":"f = function (scene) {\n        var $__0 = this;\n        var abs_values = [],\n            abs_params = {},\n            abs_url,\n            i = 0;\n        console.log((\"\\n++++ change_scene(\" + scene + \")\"));\n        if (scene !== this.scene) {\n          $timeout((function() {\n            $rootScope.$apply((function() {\n              $__0.scene = scene;\n            }));\n          }));\n          this.scene = scene;\n        }\n        console.log((\"previous: this.stateObj.scene = \" + this.stateObj.scene));\n        console.log((\"change: this.scene = \" + this.scene));\n        if (this.scene !== this.stateObj.scene) {\n          abs_params = config.scenes[this.scene];\n          var $__5 = true;\n          var $__6 = false;\n          var $__7 = undefined;\n          try {\n            for (var $__3 = void 0,\n                $__2 = (this.terms)[$traceurRuntime.toProperty(Symbol.iterator)](); !($__5 = ($__3 = $__2.next()).done); $__5 = true) {\n              var p = $__3.value;\n              {\n                abs_values[i++] = abs_params[p];\n              }\n            }\n          } catch ($__8) {\n            $__6 = true;\n            $__7 = $__8;\n          } finally {\n            try {\n              if (!$__5 && $__2.return != null) {\n                $__2.return();\n              }\n            } finally {\n              if ($__6) {\n                throw $__7;\n              }\n            }\n          }\n          abs_url = '/';\n          abs_url += abs_values.join('/');\n          this.change_shot(abs_url);\n        }\n      }"},
[05:48:12.086] {"a":"~~~~ change_state() url = /stocks:/i3d-jsonmodels:phonghead_kfb/i2d-scene:defsuse0/grid:/ui-msgbg:/2S:"},
[05:48:12.087] {"a":"~~~~ change_state() this.prev_url = ///i2d-scene:mf2d0//ui-msgbg/MS"},
[05:48:12.087] {"a":"ch_st(): $location.url(/stocks:/i3d-jsonmodels:phonghead_kfb/i2d-scene:defsuse0/grid:/ui-msgbg:/2S:)"},
[05:48:12.087] {"t":"mediator","f":"socket.emit.actions","a":{"t":"narrative","f":"change_scene","a":"stocks"}},
[05:48:13.331] {"t":"Mediator","f":"component","a":"narrative"},
[05:48:13.331] {"t":"app","f":"onEnter","a":{"name":"stocks:"}},
[05:48:13.331] {"t":"app","f":"onEnter","a":{"name":"i3d-jsonmodels:phonghead_kfb"}},
[05:48:13.331] {"t":"camera3d","f":"changeTemplateScene"},
[05:48:13.332] {"t":"app","f":"onEnter","a":{"name":"i2d-scene:defsuse0"}},
[05:48:13.332] {"t":"app","f":"onEnter","a":{"name":"grid:"}},
[05:48:13.332] {"t":"app","f":"onEnter","a":{"name":"ui-msgbg:"}},
[05:48:13.332] {"t":"app","f":"onEnter","a":{"name":"2S:"}},
[05:48:13.333] {"t":"timeline","f":"play"},
[05:48:13.333] {"t":"camera3d","f":"addActorToScene","a":"axes0"},
[05:48:13.333] {"t":"camera3d","f":"addActorToScene","a":"csphere"},
[05:48:13.333] {"t":"camera3d","f":"addActorToScene","a":"axes0"},
[05:48:13.333] {"t":"camera3d","f":"addActorToScene","a":"key"},
[05:48:13.333] {"t":"camera3d","f":"addActorToScene","a":"fill"},
[05:48:13.333] {"t":"camera3d","f":"addActorToScene","a":"back"},
[05:48:13.334] {"t":"camera3d","f":"addActorToScene","a":"key"},
[05:48:13.334] {"t":"camera3d","f":"addActorToScene","a":"fill"},
[05:48:13.334] {"t":"camera3d","f":"addActorToScene","a":"back"},
[05:48:13.336] {"a":"$location===mediator.location is\n              true"},
[05:48:13.336] {"a":"mediator[action.t] = [object Object]"},
[05:48:13.336] {"a":"target = [object Object]"},
[05:48:13.337] {"a":"f = function () {\n        mediator.queue.ready = true;\n        mediator.next();\n      }"},
[05:48:13.561] {"t":"camera3d","f":"addActorToScene","a":"head_scan"},
[05:48:13.881] {"t":"camera3d","f":"addActorToScene","a":"head_scan"},
[05:48:27.076] {"a":"$location===mediator.location is\n              true"},
[05:48:27.089] {"a":"mediator[action.t] = [object Object]"},
[05:48:27.089] {"a":"target = [object Object]"},
[05:48:27.091] {"a":"f = function (url) {\n        var $__0 = this;\n        var params = {},\n            values = [],\n            abs_params = {},\n            abs_values = [],\n            delta_values = [],\n            i = 0;\n        console.log((\"\\n~~~~ change_state() url = \" + url));\n        console.log((\"~~~~ change_state() this.prev_url = \" + this.prev_url));\n        Log.log({a: (\"~~~~ change_state() url = \" + url)});\n        Log.log({a: (\"~~~~ change_state() this.prev_url = \" + this.prev_url)});\n        this.stateObj = {};\n        this.stateObj.abs_params = {};\n        this.stateObj.delta_params = {};\n        this.frame += 1;\n        this.stateObj.frame = this.frame;\n        values = url.slice(1).split('/');\n        var $__5 = true;\n        var $__6 = false;\n        var $__7 = undefined;\n        try {\n          for (var $__3 = void 0,\n              $__2 = (this.terms)[$traceurRuntime.toProperty(Symbol.iterator)](); !($__5 = ($__3 = $__2.next()).done); $__5 = true) {\n            var p = $__3.value;\n            {\n              params[p] = values[i];\n              i += 1;\n            }\n          }\n        } catch ($__8) {\n          $__6 = true;\n          $__7 = $__8;\n        } finally {\n          try {\n            if (!$__5 && $__2.return != null) {\n              $__2.return();\n            }\n          } finally {\n            if ($__6) {\n              throw $__7;\n            }\n          }\n        }\n        abs_params = this.metastate.stateObj.abs_params;\n        i = 0;\n        var $__12 = true;\n        var $__13 = false;\n        var $__14 = undefined;\n        try {\n          for (var $__10 = void 0,\n              $__9 = (this.terms)[$traceurRuntime.toProperty(Symbol.iterator)](); !($__12 = ($__10 = $__9.next()).done); $__12 = true) {\n            var p$__46 = $__10.value;\n            {\n              console.log((\"this.terms has term[\" + i + \"] = \" + p$__46));\n              console.log((\"params[\" + p$__46 + \"] = \" + params[p$__46]));\n              if (params[p$__46].length > 1) {\n                this.stateObj.abs_params[p$__46] = params[p$__46];\n                abs_values[i] = params[p$__46];\n              } else {\n                this.stateObj.abs_params[p$__46] = abs_params[p$__46];\n              }\n              i += 1;\n            }\n          }\n        } catch ($__15) {\n          $__13 = true;\n          $__14 = $__15;\n        } finally {\n          try {\n            if (!$__12 && $__9.return != null) {\n              $__9.return();\n            }\n          } finally {\n            if ($__13) {\n              throw $__14;\n            }\n          }\n        }\n        i = 0;\n        this.stateObj.delta_params = {};\n        var $__19 = true;\n        var $__20 = false;\n        var $__21 = undefined;\n        try {\n          for (var $__17 = void 0,\n              $__16 = (this.terms)[$traceurRuntime.toProperty(Symbol.iterator)](); !($__19 = ($__17 = $__16.next()).done); $__19 = true) {\n            var p$__47 = $__17.value;\n            {\n              this.stateObj.delta_params[p$__47] = \"\";\n              delta_values[i] = \"\";\n              i += 1;\n            }\n          }\n        } catch ($__22) {\n          $__20 = true;\n          $__21 = $__22;\n        } finally {\n          try {\n            if (!$__19 && $__16.return != null) {\n              $__16.return();\n            }\n          } finally {\n            if ($__20) {\n              throw $__21;\n            }\n          }\n        }\n        i = 0;\n        var $__26 = true;\n        var $__27 = false;\n        var $__28 = undefined;\n        try {\n          for (var $__24 = void 0,\n              $__23 = (this.terms)[$traceurRuntime.toProperty(Symbol.iterator)](); !($__26 = ($__24 = $__23.next()).done); $__26 = true) {\n            var p$__48 = $__24.value;\n            {\n              if (params[p$__48].length > 0) {\n                if (params[p$__48] !== abs_params[p$__48]) {\n                  this.stateObj.delta_params[p$__48] = params[p$__48];\n                  delta_values[i] = params[p$__48];\n                }\n              }\n              i += 1;\n            }\n          }\n        } catch ($__29) {\n          $__27 = true;\n          $__28 = $__29;\n        } finally {\n          try {\n            if (!$__26 && $__23.return != null) {\n              $__23.return();\n            }\n          } finally {\n            if ($__27) {\n              throw $__28;\n            }\n          }\n        }\n        this.stateObj.scene = this.stateObj.abs_params['scene'].split(\":\")[0];\n        this.stateObj.abs_url = '/';\n        this.stateObj.delta_url = '/';\n        this.stateObj.abs_url += abs_values.join('/');\n        this.stateObj.delta_url += delta_values.join('/');\n        this.stateObj.control_state = this.control_state;\n        $timeout((function() {\n          $rootScope.$apply((function() {\n            $__0.scene = $__0.stateObj.scene;\n            $__0.scope().ui.scene = $__0.scene;\n          }));\n        }));\n        this.metastate.stateObjp = this.metastate.stateObj;\n        this.metastate.stateObj = this.stateObj;\n        this.backfwd = false;\n        this.sequence[this.stateObj.delta_url] = this.frame;\n        this.sequence[this.frame] = this.stateObj;\n        console.log((\"ch_st(): $location.url(\" + this.stateObj.delta_url + \")\"));\n        Log.log({a: (\"ch_st(): $location.url(\" + this.stateObj.delta_url + \")\")});\n        $location.url(this.stateObj.delta_url);\n        history.replaceState(this.stateObj, this.scene);\n      }"},
[05:48:27.092] {"a":"~~~~ change_state() url = ///i2d-scene:mf2d0///"},
[05:48:27.092] {"a":"~~~~ change_state() this.prev_url = /stocks:/i3d-jsonmodels:phonghead_kfb/i2d-scene:defsuse0/grid:/ui-msgbg:/2S:"},
[05:48:27.093] {"a":"ch_st(): $location.url(///i2d-scene:mf2d0///)"},
[05:48:27.093] {"t":"mediator","f":"socket.emit.actions","a":{"t":"narrative","f":"change_state","a":"///i2d-scene:mf2d0///"}},
[05:48:27.299] {"t":"Mediator","f":"component","a":"narrative"},
[05:48:27.299] {"t":"app","f":"onEnter","a":{"name":"i2d-scene:mf2d0"}},
[05:48:27.300] {"a":"$location===mediator.location is\n              true"},
[05:48:27.300] {"t":"timeline","f":"play"},
[05:48:27.300] {"a":"target = [object Object]"},
[05:48:27.301] {"a":"f = function () {\n        mediator.queue.ready = true;\n        mediator.next();\n      }"},
[05:48:27.300] {"a":"mediator[action.t] = [object Object]"},
