[06:37:34.992] {"t":"camera3d","f":"place","a":12},
[06:37:34.993] {"t":"camerasphere","f":"create","a":"csphere"},
[06:37:34.993] {"t":"camerasphere","f":"children","a":1},
[06:38:09.004] {"a":"$location===mediator.location is\n              true"},
[06:38:09.028] {"a":"mediator[action.t] = [object Object]"},
[06:38:09.028] {"a":"target = [object Object]"},
[06:38:09.030] {"a":"f = function (scene) {\n        var $__0 = this;\n        var abs_values = [],\n            abs_params = {},\n            abs_url,\n            i = 0;\n        console.log((\"\\n++++ change_scene(\" + scene + \")\"));\n        if (scene !== this.scene) {\n          $timeout((function() {\n            $rootScope.$apply((function() {\n              $__0.scene = scene;\n            }));\n          }));\n          this.scene = scene;\n        }\n        console.log((\"previous: this.stateObj.scene = \" + this.stateObj.scene));\n        console.log((\"change: this.scene = \" + this.scene));\n        if (this.scene !== this.stateObj.scene) {\n          abs_params = config.scenes[this.scene];\n          var $__5 = true;\n          var $__6 = false;\n          var $__7 = undefined;\n          try {\n            for (var $__3 = void 0,\n                $__2 = (this.terms)[$traceurRuntime.toProperty(Symbol.iterator)](); !($__5 = ($__3 = $__2.next()).done); $__5 = true) {\n              var p = $__3.value;\n              {\n                abs_values[i++] = abs_params[p];\n              }\n            }\n          } catch ($__8) {\n            $__6 = true;\n            $__7 = $__8;\n          } finally {\n            try {\n              if (!$__5 && $__2.return != null) {\n                $__2.return();\n              }\n            } finally {\n              if ($__6) {\n                throw $__7;\n              }\n            }\n          }\n          abs_url = '/';\n          abs_url += abs_values.join('/');\n          this.change_shot(abs_url);\n        }\n      }"},
[06:38:09.031] {"a":"~~~~ change_state() this.prev_url = ^"},
[06:38:09.032] {"a":"ch_st(): $location.url(/payments:/i3d-simple:phong_head_sphere_kfb/i2d-empty:/black://CU:)"},
[06:38:09.032] {"t":"mediator","f":"socket.emit.actions","a":{"t":"narrative","f":"change_scene","a":"payments"}},
[06:38:09.031] {"a":"~~~~ change_state() url = /payments:/i3d-simple:phong_head_sphere_kfb/i2d-empty:/black:/ui-msgbg:/CU:"},
[06:38:09.667] {"t":"Mediator","f":"component","a":"narrative"},
[06:38:09.667] {"t":"app","f":"onEnter","a":{"name":"payments:"}},
[06:38:09.668] {"t":"app","f":"onEnter","a":{"name":"i3d-simple:phong_head_sphere_kfb"}},
[06:38:09.668] {"t":"camera3d","f":"changeTemplateScene"},
[06:38:09.669] {"t":"app","f":"onEnter","a":{"name":"i2d-empty:"}},
[06:38:09.670] {"t":"app","f":"onEnter","a":{"name":"CU:"}},
[06:38:09.670] {"t":"app","f":"onEnter","a":{"name":"black:"}},
[06:38:09.671] {"t":"timeline","f":"play"},
[06:38:09.672] {"t":"camera3d","f":"addActorToScene","a":"csphere"},
[06:38:09.672] {"t":"camera3d","f":"addActorToScene","a":"axes0"},
[06:38:09.672] {"t":"camera3d","f":"addActorToScene","a":"key"},
[06:38:09.673] {"t":"camera3d","f":"addActorToScene","a":"fill"},
[06:38:09.673] {"t":"camera3d","f":"addActorToScene","a":"back"},
[06:38:09.674] {"a":"$location===mediator.location is\n              true"},
[06:38:09.674] {"a":"mediator[action.t] = [object Object]"},
[06:38:09.672] {"t":"camera3d","f":"addActorToScene","a":"sphere_phong"},
[06:38:09.674] {"a":"target = [object Object]"},
[06:38:09.674] {"a":"f = function () {\n        mediator.queue.ready = true;\n        mediator.next();\n      }"},
[06:38:09.960] {"t":"camera3d","f":"addActorToScene","a":"head_scan"},
[06:38:24.006] {"a":"$location===mediator.location is\n              true"},
[06:38:24.019] {"a":"mediator[action.t] = [object Object]"},
[06:38:24.019] {"a":"target = [object Object]"},
[06:38:24.020] {"t":"mediator","f":"socket.emit.actions","a":{"t":"camera3d","f":"toggle_csphere","a":{"val":false}}},
[06:38:24.020] {"a":"f = function (a) {\n        if (csphere) {\n          console.log((\"Camera3d.toggle_csphere visible=\" + a.val));\n          csphere.visible = a.val;\n          narrative.control_state['csph'] = a.val;\n        }\n      }"},
[06:38:34.008] {"a":"$location===mediator.location is\n              true"},
[06:38:34.011] {"a":"mediator[action.t] = [object Object]"},
[06:38:34.012] {"a":"target = [object Object]"},
[06:38:34.012] {"a":"f = function (a) {\n        if (csphere) {\n          console.log((\"Camera3d.toggle_csphere visible=\" + a.val));\n          csphere.visible = a.val;\n          narrative.control_state['csph'] = a.val;\n        }\n      }"},
[06:38:34.014] {"t":"mediator","f":"socket.emit.actions","a":{"t":"camera3d","f":"toggle_csphere","a":{"val":true}}},
[06:38:44.011] {"a":"$location===mediator.location is\n              true"},
[06:38:44.014] {"a":"mediator[action.t] = [object Object]"},
[06:38:44.014] {"a":"target = [object Object]"},
[06:38:44.015] {"a":"f = function (a) {\n        if (actors[a.name]) {\n          console.log((\"Camera3d.toggle_light \" + a.name + \" visible=\" + a.val));\n          actors[a.name].visible = a.val;\n          narrative.control_state[a.name] = a.val;\n        }\n      }"},
[06:38:44.015] {"t":"mediator","f":"socket.emit.actions","a":{"t":"camera3d","f":"toggle_light","a":{"name":"key","val":false}}},
