[06:43:14.995] {"t":"camera3d","f":"place","a":12},
[06:43:15.095] {"t":"camerasphere","f":"create","a":"csphere"},
[06:43:15.095] {"t":"camerasphere","f":"children","a":1},
[06:43:43.885] {"a":"$location===mediator.location is\n              true"},
[06:43:43.913] {"a":"mediator[action.t] = [object Object]"},
[06:43:43.913] {"a":"target = [object Object]"},
[06:43:43.915] {"a":"f = function (scene) {\n        var $__0 = this;\n        var abs_values = [],\n            abs_params = {},\n            abs_url,\n            i = 0;\n        console.log((\"\\n++++ change_scene(\" + scene + \")\"));\n        if (scene !== this.scene) {\n          $timeout((function() {\n            $rootScope.$apply((function() {\n              $__0.scene = scene;\n            }));\n          }));\n          this.scene = scene;\n        }\n        console.log((\"previous: this.stateObj.scene = \" + this.stateObj.scene));\n        console.log((\"change: this.scene = \" + this.scene));\n        if (this.scene !== this.stateObj.scene) {\n          abs_params = config.scenes[this.scene];\n          var $__5 = true;\n          var $__6 = false;\n          var $__7 = undefined;\n          try {\n            for (var $__3 = void 0,\n                $__2 = (this.terms)[$traceurRuntime.toProperty(Symbol.iterator)](); !($__5 = ($__3 = $__2.next()).done); $__5 = true) {\n              var p = $__3.value;\n              {\n                abs_values[i++] = abs_params[p];\n              }\n            }\n          } catch ($__8) {\n            $__6 = true;\n            $__7 = $__8;\n          } finally {\n            try {\n              if (!$__5 && $__2.return != null) {\n                $__2.return();\n              }\n            } finally {\n              if ($__6) {\n                throw $__7;\n              }\n            }\n          }\n          abs_url = '/';\n          abs_url += abs_values.join('/');\n          this.change_shot(abs_url);\n        }\n      }"},
[06:43:43.915] {"a":"~~~~ change_state() url = /payments:/i3d-simple:phong_head_sphere_kfb/i2d-empty:/black:/ui-msgbg:/CU:"},
[06:43:43.916] {"a":"~~~~ change_state() this.prev_url = ^"},
[06:43:43.916] {"a":"ch_st(): $location.url(/payments:/i3d-simple:phong_head_sphere_kfb/i2d-empty:/black://CU:)"},
[06:43:43.917] {"t":"mediator","f":"socket.emit.actions","a":{"t":"narrative","f":"change_scene","a":"payments"}},
[06:43:44.522] {"t":"Mediator","f":"component","a":"narrative"},
[06:43:44.522] {"t":"app","f":"onEnter","a":{"name":"payments:"}},
[06:43:44.522] {"t":"app","f":"onEnter","a":{"name":"i3d-simple:phong_head_sphere_kfb"}},
[06:43:44.523] {"t":"camera3d","f":"changeTemplateScene"},
[06:43:44.524] {"t":"app","f":"onEnter","a":{"name":"i2d-empty:"}},
[06:43:44.524] {"t":"app","f":"onEnter","a":{"name":"black:"}},
[06:43:44.524] {"t":"timeline","f":"play"},
[06:43:44.524] {"t":"app","f":"onEnter","a":{"name":"CU:"}},
[06:43:44.526] {"t":"camera3d","f":"addActorToScene","a":"axes0"},
[06:43:44.526] {"t":"camera3d","f":"addActorToScene","a":"sphere_phong"},
[06:43:44.526] {"t":"camera3d","f":"addActorToScene","a":"key"},
[06:43:44.527] {"t":"camera3d","f":"addActorToScene","a":"fill"},
[06:43:44.524] {"t":"camera3d","f":"addActorToScene","a":"csphere"},
[06:43:44.527] {"t":"camera3d","f":"addActorToScene","a":"back"},
[06:43:44.528] {"a":"$location===mediator.location is\n              true"},
[06:43:44.528] {"a":"mediator[action.t] = [object Object]"},
[06:43:44.528] {"a":"f = function () {\n        mediator.queue.ready = true;\n        mediator.next();\n      }"},
[06:43:44.528] {"a":"target = [object Object]"},
[06:43:44.767] {"t":"camera3d","f":"addActorToScene","a":"head_scan"},
[06:43:53.884] {"a":"$location===mediator.location is\n              true"},
[06:43:53.890] {"a":"mediator[action.t] = [object Object]"},
[06:43:53.890] {"a":"target = [object Object]"},
[06:43:53.890] {"a":"f = function (a) {\n        if (csphere) {\n          console.log((\"Camera3d.toggle_csphere visible=\" + a.val));\n          csphere.visible = a.val;\n          $timeout((function() {\n            $rootScope.$apply((function() {\n              narrative.control_state['csph'] = a.val;\n            }));\n          }));\n        }\n      }"},
[06:43:53.891] {"t":"mediator","f":"socket.emit.actions","a":{"t":"camera3d","f":"toggle_csphere","a":{"val":false}}},
[06:44:03.887] {"a":"$location===mediator.location is\n              true"},
[06:44:03.889] {"a":"mediator[action.t] = [object Object]"},
[06:44:03.889] {"a":"target = [object Object]"},
[06:44:03.891] {"a":"f = function (a) {\n        if (csphere) {\n          console.log((\"Camera3d.toggle_csphere visible=\" + a.val));\n          csphere.visible = a.val;\n          $timeout((function() {\n            $rootScope.$apply((function() {\n              narrative.control_state['csph'] = a.val;\n            }));\n          }));\n        }\n      }"},
[06:44:03.892] {"t":"mediator","f":"socket.emit.actions","a":{"t":"camera3d","f":"toggle_csphere","a":{"val":true}}},
[06:44:18.888] {"a":"$location===mediator.location is\n              true"},
[06:44:18.893] {"a":"mediator[action.t] = [object Object]"},
[06:44:18.893] {"a":"target = [object Object]"},
[06:44:18.895] {"a":"f = function (a) {\n        if (actors[a.name]) {\n          console.log((\"Camera3d.toggle_light \" + a.name + \" visible=\" + a.val));\n          actors[a.name].visible = a.val;\n          $timeout((function() {\n            $rootScope.$apply((function() {\n              narrative.control_state[a.name] = a.val;\n            }));\n          }));\n        }\n      }"},
[06:44:18.895] {"t":"mediator","f":"socket.emit.actions","a":{"t":"camera3d","f":"toggle_light","a":{"name":"key","val":false}}},
[06:44:33.889] {"a":"$location===mediator.location is\n              true"},
[06:44:33.891] {"a":"mediator[action.t] = [object Object]"},
[06:44:33.891] {"a":"target = [object Object]"},
[06:44:33.893] {"a":"f = function (a) {\n        if (actors[a.name]) {\n          console.log((\"Camera3d.toggle_light \" + a.name + \" visible=\" + a.val));\n          actors[a.name].visible = a.val;\n          $timeout((function() {\n            $rootScope.$apply((function() {\n              narrative.control_state[a.name] = a.val;\n            }));\n          }));\n        }\n      }"},
[06:44:33.893] {"t":"mediator","f":"socket.emit.actions","a":{"t":"camera3d","f":"toggle_light","a":{"name":"fill","val":false}}},
[06:44:43.892] {"a":"$location===mediator.location is\n              true"},
[06:44:43.893] {"a":"mediator[action.t] = [object Object]"},
[06:44:43.893] {"a":"target = [object Object]"},
[06:44:43.894] {"a":"f = function (a) {\n        if (actors[a.name]) {\n          console.log((\"Camera3d.toggle_light \" + a.name + \" visible=\" + a.val));\n          actors[a.name].visible = a.val;\n          $timeout((function() {\n            $rootScope.$apply((function() {\n              narrative.control_state[a.name] = a.val;\n            }));\n          }));\n        }\n      }"},
[06:44:43.894] {"t":"mediator","f":"socket.emit.actions","a":{"t":"camera3d","f":"toggle_light","a":{"name":"back","val":false}}},
[06:44:58.896] {"a":"$location===mediator.location is\n              true"},
[06:44:58.901] {"a":"mediator[action.t] = [object Object]"},
[06:44:58.902] {"a":"target = [object Object]"},
[06:44:58.902] {"a":"f = function (a) {\n        if (actors[a.name]) {\n          console.log((\"Camera3d.toggle_light \" + a.name + \" visible=\" + a.val));\n          actors[a.name].visible = a.val;\n          $timeout((function() {\n            $rootScope.$apply((function() {\n              narrative.control_state[a.name] = a.val;\n            }));\n          }));\n        }\n      }"},
[06:44:58.902] {"t":"mediator","f":"socket.emit.actions","a":{"t":"camera3d","f":"toggle_light","a":{"name":"key","val":true}}},
[06:45:13.899] {"a":"$location===mediator.location is\n              true"},
[06:45:13.901] {"a":"mediator[action.t] = [object Object]"},
[06:45:13.901] {"a":"target = [object Object]"},
[06:45:13.902] {"a":"f = function (a) {\n        if (actors[a.name]) {\n          console.log((\"Camera3d.toggle_light \" + a.name + \" visible=\" + a.val));\n          actors[a.name].visible = a.val;\n          $timeout((function() {\n            $rootScope.$apply((function() {\n              narrative.control_state[a.name] = a.val;\n            }));\n          }));\n        }\n      }"},
[06:45:13.902] {"t":"mediator","f":"socket.emit.actions","a":{"t":"camera3d","f":"toggle_light","a":{"name":"fill","val":true}}},
[06:45:23.901] {"a":"$location===mediator.location is\n              true"},
[06:45:23.909] {"a":"mediator[action.t] = [object Object]"},
[06:45:23.910] {"a":"target = [object Object]"},
[06:45:23.910] {"a":"f = function (a) {\n        if (actors[a.name]) {\n          console.log((\"Camera3d.toggle_light \" + a.name + \" visible=\" + a.val));\n          actors[a.name].visible = a.val;\n          $timeout((function() {\n            $rootScope.$apply((function() {\n              narrative.control_state[a.name] = a.val;\n            }));\n          }));\n        }\n      }"},
[06:45:23.910] {"t":"mediator","f":"socket.emit.actions","a":{"t":"camera3d","f":"toggle_light","a":{"name":"back","val":true}}},
