[07:51:27.967] {"t":"camera3d","f":"place","a":12},
[07:51:27.968] {"t":"camerasphere","f":"create","a":"csphere"},
[07:51:27.969] {"t":"camerasphere","f":"children","a":1},
[07:51:56.932] {"a":"$location===mediator.location is\n              true"},
[07:51:56.959] {"a":"mediator[action.t] = [object Object]"},
[07:51:56.959] {"a":"target = [object Object]"},
[07:51:56.959] {"a":"~~~~ change_state() url = /a:/i3d-simple:simple_green/i2d-scene:disks0/base-skycube:test_cube/ui-msgbg:/LS"},
[07:51:56.960] {"a":"~~~~ change_state() this.prev_url = ^"},
[07:51:56.961] {"a":"this.terms has term[0] = scene"},
[07:51:56.961] {"a":"params[scene] = a:"},
[07:51:56.961] {"a":"this.terms has term[1] = i3d"},
[07:51:56.962] {"a":"params[i3d] = i3d-simple:simple_green"},
[07:51:56.962] {"a":"this.terms has term[2] = i2d"},
[07:51:56.962] {"a":"params[i2d] = i2d-scene:disks0"},
[07:51:56.962] {"a":"this.terms has term[3] = base"},
[07:51:56.962] {"a":"params[base] = base-skycube:test_cube"},
[07:51:56.962] {"a":"this.terms has term[4] = ui"},
[07:51:56.963] {"a":"params[ui] = ui-msgbg:"},
[07:51:56.964] {"a":"this.terms has term[5] = shot"},
[07:51:56.965] {"a":"params[shot] = LS"},
[07:51:56.966] {"a":"ch_st(): $location.url(/a:/i3d-simple:simple_green/i2d-scene:disks0/base-skycube:test_cube//LS)"},
[07:51:56.966] {"t":"mediator","f":"socket.emit.actions","a":{"t":"narrative","f":"change_scene","a":"a"}},
[07:51:57.363] {"t":"Mediator","f":"component","a":"narrative"},
[07:51:57.364] {"t":"app","f":"onEnter","a":{"name":"a:"}},
[07:51:57.365] {"t":"app","f":"onEnter","a":{"name":"i3d-simple:simple_green"}},
[07:51:57.366] {"t":"camera3d","f":"changeTemplateScene"},
[07:51:57.366] {"t":"app","f":"onEnter","a":{"name":"i2d-scene:disks0"}},
[07:51:57.367] {"t":"app","f":"onEnter","a":{"name":"base-skycube:test_cube"}},
[07:51:57.367] {"t":"app","f":"onEnter","a":{"name":"LS"}},
[07:51:57.368] {"t":"timeline","f":"play"},
[07:51:57.368] {"t":"camera3d","f":"addActorToScene","a":"csphere"},
[07:51:57.368] {"t":"camera3d","f":"addActorToScene","a":"axes0"},
[07:51:57.368] {"a":"$location===mediator.location is\n              true"},
[07:51:57.371] {"a":"mediator[action.t] = [object Object]"},
[07:51:57.372] {"a":"target = [object Object]"},
[07:51:57.374] {"t":"camera3d","f":"addActorToScene","a":"cube0"},
[07:52:11.934] {"a":"$location===mediator.location is\n              true"},
[07:52:11.943] {"a":"mediator[action.t] = [object Object]"},
[07:52:11.945] {"a":"target = [object Object]"},
[07:52:11.946] {"a":"~~~~ change_state() url = /a0:/i3d-simple:simple_green/i2d-scene:disks0/base-skycube:test_cube/ui-msgbg:/shot-graft:scope1"},
[07:52:11.947] {"a":"~~~~ change_state() this.prev_url = /a:/i3d-simple:simple_green/i2d-scene:disks0/base-skycube:test_cube//LS"},
[07:52:11.947] {"a":"this.terms has term[0] = scene"},
[07:52:11.947] {"a":"params[scene] = a0:"},
[07:52:11.948] {"a":"this.terms has term[1] = i3d"},
[07:52:11.948] {"a":"params[i3d] = i3d-simple:simple_green"},
[07:52:11.949] {"a":"this.terms has term[2] = i2d"},
[07:52:11.949] {"a":"params[i2d] = i2d-scene:disks0"},
[07:52:11.950] {"a":"this.terms has term[3] = base"},
[07:52:11.951] {"a":"params[base] = base-skycube:test_cube"},
[07:52:11.952] {"a":"this.terms has term[4] = ui"},
[07:52:11.953] {"a":"params[ui] = ui-msgbg:"},
[07:52:11.953] {"a":"this.terms has term[5] = shot"},
[07:52:11.953] {"a":"params[shot] = shot-graft:scope1"},
[07:52:11.953] {"a":"ch_st(): $location.url(/a0://///shot-graft:scope1)"},
[07:52:11.954] {"t":"mediator","f":"socket.emit.actions","a":{"t":"narrative","f":"change_scene","a":"a0"}},
[07:52:12.134] {"t":"Mediator","f":"component","a":"narrative"},
[07:52:12.135] {"t":"app","f":"onEnter","a":{"name":"a0:"}},
[07:52:12.136] {"t":"app","f":"onEnter","a":{"name":"shot-graft:scope1"}},
[07:52:12.136] {"t":"timeline","f":"play"},
[07:52:12.136] {"t":"camera3d","f":"addActorToScene","a":"cube0_3"},
[07:52:12.150] {"t":"camera3d","f":"addActorToScene","a":"cube0_2"},
[07:52:21.933] {"a":"$location===mediator.location is\n              true"},
[07:52:21.989] {"a":"mediator[action.t] = [object Object]"},
[07:52:21.989] {"a":"target = [object Object]"},
[07:52:21.989] {"a":"$location===mediator.location is\n              true"},
[07:52:21.990] {"a":"mediator[action.t] = [object Object]"},
[07:52:21.993] {"a":"target = [object Object]"},
[07:52:21.993] {"a":"~~~~ change_state() url = /a1:/i3d-simple:simple_green/i2d-scene:disks0/base-skycube:test_cube/ui-msgbg:/shot-graft:scope2"},
[07:52:21.994] {"a":"~~~~ change_state() this.prev_url = /a0://///shot-graft:scope1"},
[07:52:21.994] {"a":"this.terms has term[0] = scene"},
[07:52:21.994] {"a":"params[scene] = a1:"},
[07:52:21.994] {"a":"this.terms has term[1] = i3d"},
[07:52:21.994] {"a":"this.terms has term[2] = i2d"},
[07:52:21.995] {"a":"params[i2d] = i2d-scene:disks0"},
[07:52:21.995] {"a":"this.terms has term[3] = base"},
[07:52:21.995] {"a":"params[base] = base-skycube:test_cube"},
[07:52:21.996] {"a":"this.terms has term[4] = ui"},
[07:52:21.996] {"a":"params[ui] = ui-msgbg:"},
[07:52:21.996] {"a":"this.terms has term[5] = shot"},
[07:52:21.996] {"a":"params[shot] = shot-graft:scope2"},
[07:52:21.997] {"a":"ch_st(): $location.url(/a1://///shot-graft:scope2)"},
[07:52:21.997] {"t":"mediator","f":"socket.emit.actions","a":{"t":"narrative","f":"change_scene","a":"a1"}},
[07:52:21.994] {"a":"params[i3d] = i3d-simple:simple_green"},
[07:52:22.139] {"t":"Mediator","f":"component","a":"narrative"},
[07:52:22.140] {"t":"app","f":"onEnter","a":{"name":"a1:"}},
[07:52:22.140] {"t":"app","f":"onEnter","a":{"name":"shot-graft:scope2"}},
[07:52:22.140] {"t":"timeline","f":"play"},
[07:52:22.140] {"t":"camera3d","f":"addActorToScene","a":"s0_2_0"},
[07:52:22.141] {"t":"camera3d","f":"addActorToScene","a":"s0_2_1"},
[07:52:31.934] {"a":"$location===mediator.location is\n              true"},
[07:52:31.938] {"a":"mediator[action.t] = [object Object]"},
[07:52:31.940] {"a":"target = [object Object]"},
[07:52:36.988] {"a":"$location===mediator.location is\n              true"},
[07:52:37.008] {"a":"mediator[action.t] = [object Object]"},
[07:52:37.009] {"a":"target = [object Object]"},
[07:52:37.009] {"a":"~~~~ change_state() url = /a2:/i3d-simple:simple_green/i2d-scene:disks0/base-skycube:test_cube/ui-msgbg:/shot-graft:scope3"},
[07:52:37.010] {"a":"~~~~ change_state() this.prev_url = /a1://///shot-graft:scope2"},
[07:52:37.010] {"a":"this.terms has term[0] = scene"},
[07:52:37.011] {"a":"params[scene] = a2:"},
[07:52:37.012] {"a":"this.terms has term[1] = i3d"},
[07:52:37.012] {"a":"params[i3d] = i3d-simple:simple_green"},
[07:52:37.015] {"a":"this.terms has term[2] = i2d"},
[07:52:37.016] {"a":"params[i2d] = i2d-scene:disks0"},
[07:52:37.016] {"a":"this.terms has term[3] = base"},
[07:52:37.017] {"a":"params[base] = base-skycube:test_cube"},
[07:52:37.017] {"a":"this.terms has term[4] = ui"},
[07:52:37.017] {"a":"params[ui] = ui-msgbg:"},
[07:52:37.018] {"a":"this.terms has term[5] = shot"},
[07:52:37.019] {"a":"params[shot] = shot-graft:scope3"},
[07:52:37.020] {"a":"ch_st(): $location.url(/a2://///shot-graft:scope3)"},
[07:52:37.021] {"t":"mediator","f":"socket.emit.actions","a":{"t":"narrative","f":"change_scene","a":"a2"}},
[07:52:37.065] {"t":"Mediator","f":"component","a":"narrative"},
[07:52:37.066] {"t":"app","f":"onEnter","a":{"name":"a2:"}},
[07:52:37.066] {"t":"app","f":"onEnter","a":{"name":"shot-graft:scope3"}},
[07:52:37.066] {"t":"timeline","f":"play"},
[07:52:46.990] {"a":"$location===mediator.location is\n              true"},
[07:52:47.036] {"a":"mediator[action.t] = [object Object]"},
[07:52:47.036] {"a":"target = [object Object]"},
[07:52:47.037] {"t":"narrative","f":"shot","a":{"delta":{"timeline":{"p":{"paused":true,"repeat":0},"actors":{"i3d:csphere:position":[{"dur":4,"p":{"x":10,"y":10,"z":-20,"immediateRender":false}}]}}}}},
[07:52:47.041] {"a":"~~~~ change_state() url = /a2:/i3d-simple:simple_green/i2d-scene:disks0/base-skycube:test_cube/ui-msgbg:/shot-anim:scope4"},
[07:52:47.045] {"a":"~~~~ change_state() this.prev_url = /a2://///shot-graft:scope3"},
[07:52:47.047] {"a":"this.terms has term[0] = scene"},
[07:52:47.050] {"a":"params[scene] = a2:"},
[07:52:47.051] {"a":"this.terms has term[1] = i3d"},
[07:52:47.053] {"a":"params[i3d] = i3d-simple:simple_green"},
[07:52:47.053] {"a":"this.terms has term[2] = i2d"},
[07:52:47.054] {"a":"this.terms has term[3] = base"},
[07:52:47.055] {"a":"this.terms has term[4] = ui"},
[07:52:47.055] {"a":"params[ui] = ui-msgbg:"},
[07:52:47.055] {"a":"this.terms has term[5] = shot"},
[07:52:47.056] {"a":"params[shot] = shot-anim:scope4"},
[07:52:47.056] {"t":"mediator","f":"socket.emit.actions","a":{"t":"camera3d","f":"dollyflyTo","a":{"x":10,"y":10,"z":-20,"d":4}}},
[07:52:47.053] {"a":"params[i2d] = i2d-scene:disks0"},
[07:52:47.058] {"a":"$location===mediator.location is\n              true"},
[07:52:47.060] {"a":"mediator[action.t] = [object Object]"},
[07:52:47.060] {"a":"target = [object Object]"},
[07:52:47.060] {"t":"Mediator","f":"component","a":"narrative"},
[07:52:47.060] {"t":"app","f":"onEnter","a":{"name":"shot-anim:scope4"}},
[07:52:47.056] {"a":"ch_st(): $location.url(//////shot-anim:scope4)"},
[07:52:47.060] {"t":"timeline","f":"play"},
[07:52:47.055] {"a":"params[base] = base-skycube:test_cube"},
[07:52:51.013] {"a":"$location===mediator.location is\n              true"},
[07:52:51.017] {"a":"mediator[action.t] = [object Object]"},
[07:52:51.017] {"a":"target = [object Object]"},
[07:52:56.993] {"a":"$location===mediator.location is\n              true"},
[07:52:57.000] {"a":"mediator[action.t] = [object Object]"},
[07:52:57.000] {"a":"target = [object Object]"},
[07:52:57.001] {"a":"~~~~ change_state() url = /payments:/i3d-simple:phong_head_sphere_kfb/i2d-empty:/black:/ui-msgbg:/CU:"},
[07:52:57.003] {"a":"~~~~ change_state() this.prev_url = //////shot-anim:scope4"},
[07:52:57.004] {"a":"this.terms has term[0] = scene"},
[07:52:57.005] {"a":"params[scene] = payments:"},
[07:52:57.005] {"a":"this.terms has term[1] = i3d"},
[07:52:57.005] {"a":"params[i3d] = i3d-simple:phong_head_sphere_kfb"},
[07:52:57.006] {"a":"this.terms has term[2] = i2d"},
[07:52:57.006] {"a":"params[i2d] = i2d-empty:"},
[07:52:57.007] {"a":"this.terms has term[3] = base"},
[07:52:57.007] {"a":"params[base] = black:"},
[07:52:57.008] {"a":"this.terms has term[4] = ui"},
[07:52:57.008] {"a":"params[ui] = ui-msgbg:"},
[07:52:57.008] {"a":"this.terms has term[5] = shot"},
[07:52:57.009] {"a":"params[shot] = CU:"},
[07:52:57.009] {"a":"ch_st(): $location.url(/payments:/i3d-simple:phong_head_sphere_kfb/i2d-empty:/black://CU:)"},
[07:52:57.010] {"t":"mediator","f":"socket.emit.actions","a":{"t":"narrative","f":"change_scene","a":"payments"}},
[07:52:58.141] {"t":"Mediator","f":"component","a":"narrative"},
[07:52:58.141] {"t":"app","f":"onEnter","a":{"name":"payments:"}},
[07:52:58.141] {"t":"app","f":"onEnter","a":{"name":"i3d-simple:phong_head_sphere_kfb"}},
[07:52:58.141] {"t":"camera3d","f":"changeTemplateScene"},
[07:52:58.142] {"t":"app","f":"onEnter","a":{"name":"i2d-empty:"}},
[07:52:58.142] {"t":"app","f":"onEnter","a":{"name":"black:"}},
[07:52:58.142] {"t":"app","f":"onEnter","a":{"name":"CU:"}},
[07:52:58.142] {"t":"timeline","f":"play"},
[07:52:58.142] {"t":"camera3d","f":"addActorToScene","a":"sphere_phong"},
[07:52:58.142] {"t":"camera3d","f":"addActorToScene","a":"csphere"},
[07:52:58.142] {"t":"camera3d","f":"addActorToScene","a":"axes0"},
[07:52:58.142] {"t":"camera3d","f":"addActorToScene","a":"sphere_phong"},
[07:52:58.142] {"t":"camera3d","f":"addActorToScene","a":"key"},
[07:52:58.146] {"t":"camera3d","f":"addActorToScene","a":"fill"},
[07:52:58.146] {"t":"camera3d","f":"addActorToScene","a":"back"},
[07:52:58.146] {"t":"camera3d","f":"addActorToScene","a":"key"},
[07:52:58.146] {"t":"camera3d","f":"addActorToScene","a":"fill"},
[07:52:58.146] {"t":"camera3d","f":"addActorToScene","a":"back"},
[07:52:58.146] {"a":"$location===mediator.location is\n              true"},
[07:52:58.147] {"a":"mediator[action.t] = [object Object]"},
[07:52:58.147] {"a":"target = [object Object]"},
[07:52:58.373] {"t":"camera3d","f":"addActorToScene","a":"head_scan"},
[07:52:58.619] {"t":"camera3d","f":"addActorToScene","a":"head_scan"},
[07:53:11.993] {"a":"$location===mediator.location is\n              true"},
[07:53:11.995] {"a":"mediator[action.t] = [object Object]"},
[07:53:11.995] {"a":"target = [object Object]"},
[07:53:11.995] {"t":"mediator","f":"socket.emit.actions","a":{"t":"camera3d","f":"toggle_csphere","a":{"val":false}}},
[07:53:21.994] {"a":"$location===mediator.location is\n              true"},
[07:53:21.999] {"a":"mediator[action.t] = [object Object]"},
[07:53:21.999] {"a":"target = [object Object]"},
[07:53:22.000] {"t":"mediator","f":"socket.emit.actions","a":{"t":"camera3d","f":"toggle_csphere","a":{"val":true}}},
[07:53:31.997] {"a":"$location===mediator.location is\n              true"},
[07:53:32.004] {"a":"mediator[action.t] = [object Object]"},
[07:53:32.005] {"a":"target = [object Object]"},
[07:53:32.005] {"t":"mediator","f":"socket.emit.actions","a":{"t":"camera3d","f":"toggle_light","a":{"name":"key","val":false}}},
[07:53:47.000] {"a":"$location===mediator.location is\n              true"},
[07:53:47.002] {"a":"mediator[action.t] = [object Object]"},
[07:53:47.002] {"a":"target = [object Object]"},
[07:53:47.003] {"t":"mediator","f":"socket.emit.actions","a":{"t":"camera3d","f":"toggle_light","a":{"name":"fill","val":false}}},
[07:53:57.002] {"a":"$location===mediator.location is\n              true"},
[07:53:57.004] {"a":"mediator[action.t] = [object Object]"},
[07:53:57.004] {"a":"target = [object Object]"},
[07:53:57.004] {"t":"mediator","f":"socket.emit.actions","a":{"t":"camera3d","f":"toggle_light","a":{"name":"back","val":false}}},
[07:54:07.003] {"a":"$location===mediator.location is\n              true"},
[07:54:07.008] {"a":"mediator[action.t] = [object Object]"},
[07:54:07.008] {"a":"target = [object Object]"},
[07:54:07.009] {"t":"mediator","f":"socket.emit.actions","a":{"t":"camera3d","f":"toggle_light","a":{"name":"key","val":true}}},
[07:54:22.004] {"a":"$location===mediator.location is\n              true"},
[07:54:22.007] {"a":"mediator[action.t] = [object Object]"},
[07:54:22.007] {"a":"target = [object Object]"},
[07:54:22.007] {"t":"mediator","f":"socket.emit.actions","a":{"t":"camera3d","f":"toggle_light","a":{"name":"fill","val":true}}},
[07:54:32.007] {"a":"$location===mediator.location is\n              true"},
[07:54:32.008] {"a":"mediator[action.t] = [object Object]"},
[07:54:32.008] {"a":"target = [object Object]"},
[07:54:32.008] {"t":"mediator","f":"socket.emit.actions","a":{"t":"camera3d","f":"toggle_light","a":{"name":"back","val":true}}},
[07:54:42.009] {"a":"$location===mediator.location is\n              true"},
[07:54:42.028] {"a":"mediator[action.t] = [object Object]"},
[07:54:42.028] {"a":"target = [object Object]"},
[07:54:42.029] {"a":"~~~~ change_state() url = /a:/i3d-simple:simple_green/i2d-scene:disks0/base-skycube:test_cube/ui-msgbg:/LS"},
[07:54:42.029] {"a":"~~~~ change_state() this.prev_url = /payments:/i3d-simple:phong_head_sphere_kfb/i2d-empty:/black://CU:"},
[07:54:42.029] {"a":"this.terms has term[0] = scene"},
[07:54:42.029] {"a":"params[scene] = a:"},
[07:54:42.029] {"a":"this.terms has term[1] = i3d"},
[07:54:42.030] {"a":"params[i3d] = i3d-simple:simple_green"},
[07:54:42.030] {"a":"this.terms has term[2] = i2d"},
[07:54:42.030] {"a":"params[i2d] = i2d-scene:disks0"},
[07:54:42.030] {"a":"this.terms has term[3] = base"},
[07:54:42.030] {"a":"params[base] = base-skycube:test_cube"},
[07:54:42.031] {"a":"this.terms has term[4] = ui"},
[07:54:42.031] {"a":"params[ui] = ui-msgbg:"},
[07:54:42.031] {"a":"this.terms has term[5] = shot"},
[07:54:42.032] {"a":"params[shot] = LS"},
[07:54:42.032] {"a":"ch_st(): $location.url(/a:/i3d-simple:simple_green/i2d-scene:disks0/base-skycube:test_cube//LS)"},
[07:54:42.032] {"t":"mediator","f":"socket.emit.actions","a":{"t":"narrative","f":"change_scene","a":"a"}},
[07:54:42.320] {"t":"Mediator","f":"component","a":"narrative"},
[07:54:42.320] {"t":"app","f":"onEnter","a":{"name":"a:"}},
[07:54:42.321] {"t":"app","f":"onEnter","a":{"name":"i3d-simple:simple_green"}},
[07:54:42.321] {"t":"camera3d","f":"changeTemplateScene"},
[07:54:42.321] {"t":"app","f":"onEnter","a":{"name":"i2d-scene:disks0"}},
[07:54:42.323] {"t":"app","f":"onEnter","a":{"name":"base-skycube:test_cube"}},
[07:54:42.324] {"t":"app","f":"onEnter","a":{"name":"LS"}},
[07:54:42.324] {"t":"timeline","f":"play"},
[07:54:42.326] {"t":"camera3d","f":"addActorToScene","a":"csphere"},
[07:54:42.326] {"t":"camera3d","f":"addActorToScene","a":"axes0"},
[07:54:42.327] {"a":"$location===mediator.location is\n              true"},
[07:54:42.328] {"a":"mediator[action.t] = [object Object]"},
[07:54:42.329] {"a":"target = [object Object]"},
[07:54:42.347] {"t":"camera3d","f":"addActorToScene","a":"cube0"},
[07:54:42.346] {"t":"camera3d","f":"addActorToScene","a":"cube0"},
[07:54:42.348] {"t":"camera3d","f":"addActorToScene","a":"cube0"},
[07:54:57.010] {"a":"$location===mediator.location is\n              true"},
[07:54:57.019] {"a":"mediator[action.t] = [object Object]"},
[07:54:57.019] {"a":"target = [object Object]"},
[07:54:57.019] {"a":"~~~~ change_state() url = /a:/i3d-simple:simple_green/i2d-scene:disks0/base-skycube:test_cube/ui-msgbg:/shot-graft:scope7"},
[07:54:57.020] {"a":"~~~~ change_state() this.prev_url = /a:/i3d-simple:simple_green/i2d-scene:disks0/base-skycube:test_cube//LS"},
[07:54:57.020] {"a":"this.terms has term[0] = scene"},
[07:54:57.021] {"a":"params[scene] = a:"},
[07:54:57.021] {"a":"this.terms has term[1] = i3d"},
[07:54:57.021] {"a":"params[i3d] = i3d-simple:simple_green"},
[07:54:57.022] {"a":"this.terms has term[2] = i2d"},
[07:54:57.025] {"a":"params[i2d] = i2d-scene:disks0"},
[07:54:57.027] {"a":"this.terms has term[3] = base"},
[07:54:57.028] {"a":"params[base] = base-skycube:test_cube"},
[07:54:57.029] {"a":"this.terms has term[4] = ui"},
[07:54:57.030] {"a":"params[ui] = ui-msgbg:"},
[07:54:57.031] {"a":"this.terms has term[5] = shot"},
[07:54:57.032] {"a":"params[shot] = shot-graft:scope7"},
[07:54:57.032] {"a":"ch_st(): $location.url(//////shot-graft:scope7)"},
[07:54:57.032] {"t":"mediator","f":"socket.emit.actions","a":{"t":"narrative","f":"shot","a":"shot-graft:{\"delta\":{\"timeline\":{\"p\":{\"repeat\":0},\"actors\":{\"i3d:cube0:scale\":[{\"dur\":10,\"p\":{\"x\":0.5,\"y\":0.5,\"z\":0.5}}]}},\"branches\":{\"cube0\":{\"children\":{\"cube0_2\":{\"form\":{\"type\":\"'cube.i3d'\",\"x\":0,\"y\":0,\"z\":0,\"textureurl\":\"./images/sky.jpg\",\"w\":5,\"h\":10,\"d\":10,\"color\":\"blue\",\"transparent\":true,\"opacity\":1},\"transform\":{\"t\":[-20,-10,0],\"s\":[0.01,0.01,0.01]},\"children\":{}},\"cube0_3\":{\"form\":{\"type\":\"'cube.i3d'\",\"x\":0,\"y\":-20,\"z\":0,\"textureurl\":\"sky_jpg\",\"w\":5,\"h\":10,\"d\":10,\"color\":\"blue\",\"transparent\":true,\"opacity\":1},\"transform\":{\"t\":[20,0,0],\"s\":[0.01,0.01,0.01]},\"children\":{}}}}}}}"}},
[07:54:57.334] {"t":"Mediator","f":"component","a":"narrative"},
[07:54:57.334] {"t":"app","f":"onEnter","a":{"name":"shot-graft:scope7"}},
[07:54:57.335] {"t":"timeline","f":"play"},
[07:54:57.335] {"t":"camera3d","f":"addActorToScene","a":"cube0_3"},
[07:54:57.335] {"t":"camera3d","f":"addActorToScene","a":"cube0_3"},
[07:54:57.367] {"t":"camera3d","f":"addActorToScene","a":"cube0_2"},
[07:54:57.367] {"t":"camera3d","f":"addActorToScene","a":"cube0_2"},
[07:55:07.024] {"a":"$location===mediator.location is\n              true"},
[07:55:07.049] {"a":"mediator[action.t] = [object Object]"},
[07:55:07.050] {"a":"target = [object Object]"},
[07:55:07.050] {"a":"$location===mediator.location is\n              true"},
[07:55:07.051] {"a":"mediator[action.t] = [object Object]"},
[07:55:07.052] {"a":"target = [object Object]"},
[07:55:07.052] {"a":"~~~~ change_state() url = /a:/i3d-simple:simple_green/i2d-scene:disks0/base-skycube:test_cube/ui-msgbg:/shot-graft:scope8"},
[07:55:07.052] {"a":"~~~~ change_state() this.prev_url = //////shot-graft:scope7"},
[07:55:07.053] {"a":"this.terms has term[0] = scene"},
[07:55:07.053] {"a":"params[scene] = a:"},
[07:55:07.054] {"a":"this.terms has term[1] = i3d"},
[07:55:07.055] {"a":"params[i3d] = i3d-simple:simple_green"},
[07:55:07.056] {"a":"this.terms has term[2] = i2d"},
[07:55:07.057] {"a":"params[i2d] = i2d-scene:disks0"},
[07:55:07.058] {"a":"this.terms has term[3] = base"},
[07:55:07.064] {"a":"params[base] = base-skycube:test_cube"},
[07:55:07.065] {"a":"this.terms has term[4] = ui"},
[07:55:07.065] {"a":"params[ui] = ui-msgbg:"},
[07:55:07.065] {"a":"this.terms has term[5] = shot"},
[07:55:07.065] {"a":"params[shot] = shot-graft:scope8"},
[07:55:07.066] {"a":"ch_st(): $location.url(//////shot-graft:scope8)"},
[07:55:07.066] {"t":"mediator","f":"socket.emit.actions","a":{"t":"narrative","f":"shot","a":"shot-graft:{\"delta\":{\"timeline\":{\"p\":{\"repeat\":0},\"actors\":{\"i3d:cube0_2:scale\":[{\"dur\":10,\"p\":{\"x\":1,\"y\":1,\"z\":1}}],\"i3d:cube0_3:scale\":[{\"dur\":10,\"p\":{\"x\":1,\"y\":1,\"z\":1}}]}},\"branches\":{\"cube0_2\":{\"children\":{\"s0_2_0\":{\"form\":{\"type\":\"'sphere.i3d'\",\"r\":5,\"color\":\"blue\",\"transparent\":true,\"opacity\":0.8},\"transform\":{\"e\":[0,-0.785,0],\"t\":[-10,-10,0],\"s\":[0.01,0.01,0.01]},\"children\":{}},\"s0_2_1\":{\"form\":{\"type\":\"'sphere.i3d'\",\"r\":5,\"color\":\"blue\",\"transparent\":true,\"opacity\":0.8},\"transform\":{\"e\":[0,0.785,0],\"t\":[10,10,0],\"s\":[0.01,0.01,0.01]},\"children\":{}}}}}}}"}},
[07:55:07.265] {"t":"Mediator","f":"component","a":"narrative"},
[07:55:07.266] {"t":"app","f":"onEnter","a":{"name":"shot-graft:scope8"}},
[07:55:07.266] {"t":"timeline","f":"play"},
[07:55:07.266] {"t":"camera3d","f":"addActorToScene","a":"s0_2_0"},
[07:55:07.266] {"t":"camera3d","f":"addActorToScene","a":"s0_2_1"},
[07:55:07.266] {"t":"camera3d","f":"addActorToScene","a":"s0_2_0"},
[07:55:07.266] {"t":"camera3d","f":"addActorToScene","a":"s0_2_1"},
[07:55:17.024] {"a":"$location===mediator.location is\n              true"},
[07:55:17.028] {"a":"mediator[action.t] = [object Object]"},
[07:55:17.028] {"a":"target = [object Object]"},
[07:55:22.016] {"a":"$location===mediator.location is\n              true"},
[07:55:22.027] {"a":"mediator[action.t] = [object Object]"},
[07:55:22.028] {"a":"target = [object Object]"},
[07:55:22.028] {"a":"~~~~ change_state() url = /a:/i3d-simple:simple_green/i2d-scene:disks0/base-skycube:test_cube/ui-msgbg:/shot-graft:scope9"},
[07:55:22.028] {"a":"~~~~ change_state() this.prev_url = //////shot-graft:scope8"},
[07:55:22.029] {"a":"this.terms has term[0] = scene"},
[07:55:22.030] {"a":"params[scene] = a:"},
[07:55:22.031] {"a":"this.terms has term[1] = i3d"},
[07:55:22.031] {"a":"params[i3d] = i3d-simple:simple_green"},
[07:55:22.032] {"a":"this.terms has term[2] = i2d"},
[07:55:22.032] {"a":"params[i2d] = i2d-scene:disks0"},
[07:55:22.032] {"a":"this.terms has term[3] = base"},
[07:55:22.033] {"a":"params[base] = base-skycube:test_cube"},
[07:55:22.033] {"a":"this.terms has term[4] = ui"},
[07:55:22.033] {"a":"params[ui] = ui-msgbg:"},
[07:55:22.033] {"a":"this.terms has term[5] = shot"},
[07:55:22.034] {"a":"params[shot] = shot-graft:scope9"},
[07:55:22.034] {"a":"ch_st(): $location.url(//////shot-graft:scope9)"},
[07:55:22.034] {"t":"mediator","f":"socket.emit.actions","a":{"t":"narrative","f":"shot","a":"shot-graft:{\"delta\":{\"timeline\":{\"p\":{\"repeat\":0},\"actors\":{\"i3d:s0_2_0:scale\":[{\"dur\":10,\"p\":{\"x\":1,\"y\":1,\"z\":1}}],\"i3d:s0_2_1:scale\":[{\"dur\":10,\"p\":{\"x\":1,\"y\":1,\"z\":1}}]}},\"branches\":{}}}"}},
[07:55:22.067] {"t":"Mediator","f":"component","a":"narrative"},
[07:55:22.068] {"t":"app","f":"onEnter","a":{"name":"shot-graft:scope9"}},
[07:55:22.069] {"t":"timeline","f":"play"},
[07:55:32.013] {"a":"$location===mediator.location is\n              true"},
[07:55:32.057] {"a":"mediator[action.t] = [object Object]"},
[07:55:32.058] {"a":"target = [object Object]"},
[07:55:32.059] {"a":"$location===mediator.location is\n              true"},
[07:55:32.059] {"a":"mediator[action.t] = [object Object]"},
[07:55:32.060] {"a":"target = [object Object]"},
[07:55:32.062] {"t":"narrative","f":"shot","a":{"delta":{"timeline":{"p":{"paused":true,"repeat":0},"actors":{"i3d:camera:rotation":[{"dur":4,"p":{"y":0.7854,"immediateRender":false}}]}}}}},
[07:55:32.064] {"a":"~~~~ change_state() url = /a:/i3d-simple:simple_green/i2d-scene:disks0/base-skycube:test_cube/ui-msgbg:/shot-anim:scope10"},
[07:55:32.065] {"a":"~~~~ change_state() this.prev_url = //////shot-graft:scope9"},
[07:55:32.068] {"a":"this.terms has term[0] = scene"},
[07:55:32.068] {"a":"params[scene] = a:"},
[07:55:32.068] {"a":"this.terms has term[1] = i3d"},
[07:55:32.068] {"a":"params[i3d] = i3d-simple:simple_green"},
[07:55:32.068] {"a":"this.terms has term[2] = i2d"},
[07:55:32.069] {"a":"params[i2d] = i2d-scene:disks0"},
[07:55:32.069] {"a":"this.terms has term[3] = base"},
[07:55:32.069] {"a":"params[base] = base-skycube:test_cube"},
[07:55:32.069] {"a":"this.terms has term[4] = ui"},
[07:55:32.069] {"a":"params[ui] = ui-msgbg:"},
[07:55:32.069] {"a":"this.terms has term[5] = shot"},
[07:55:32.069] {"a":"params[shot] = shot-anim:scope10"},
[07:55:32.070] {"a":"ch_st(): $location.url(//////shot-anim:scope10)"},
[07:55:32.070] {"t":"mediator","f":"socket.emit.actions","a":{"t":"camera3d","f":"panflyTo","a":{"r":0.7854,"d":4}}},
[07:55:32.090] {"t":"Mediator","f":"component","a":"narrative"},
[07:55:32.091] {"t":"app","f":"onEnter","a":{"name":"shot-anim:scope10"}},
[07:55:32.091] {"t":"timeline","f":"play"},
[07:55:36.020] {"a":"$location===mediator.location is\n              true"},
[07:55:36.024] {"a":"mediator[action.t] = [object Object]"},
[07:55:36.025] {"a":"target = [object Object]"},
[07:55:47.062] {"a":"$location===mediator.location is\n              true"},
[07:55:47.074] {"a":"mediator[action.t] = [object Object]"},
[07:55:47.074] {"a":"target = [object Object]"},
[07:55:47.075] {"a":"~~~~ change_state() url = /footprint:/i3d-scene:scene1/i2d-empty:/escher:/ui-msgbg:/ECU:"},
[07:55:47.075] {"a":"~~~~ change_state() this.prev_url = //////shot-anim:scope10"},
[07:55:47.076] {"a":"this.terms has term[0] = scene"},
[07:55:47.076] {"a":"params[scene] = footprint:"},
[07:55:47.077] {"a":"this.terms has term[1] = i3d"},
[07:55:47.077] {"a":"params[i3d] = i3d-scene:scene1"},
[07:55:47.077] {"a":"this.terms has term[2] = i2d"},
[07:55:47.077] {"a":"params[i2d] = i2d-empty:"},
[07:55:47.078] {"a":"this.terms has term[3] = base"},
[07:55:47.079] {"a":"params[base] = escher:"},
[07:55:47.079] {"a":"this.terms has term[4] = ui"},
[07:55:47.079] {"a":"params[ui] = ui-msgbg:"},
[07:55:47.079] {"a":"this.terms has term[5] = shot"},
[07:55:47.079] {"a":"params[shot] = ECU:"},
[07:55:47.079] {"a":"ch_st(): $location.url(/footprint:/i3d-scene:scene1/i2d-empty:/escher://ECU:)"},
[07:55:47.080] {"t":"mediator","f":"socket.emit.actions","a":{"t":"narrative","f":"change_scene","a":"footprint"}},
[07:55:50.842] {"t":"Mediator","f":"component","a":"narrative"},
[07:55:50.843] {"t":"app","f":"onEnter","a":{"name":"footprint:"}},
[07:55:50.843] {"t":"app","f":"onEnter","a":{"name":"i3d-scene:scene1"}},
[07:55:50.843] {"t":"camera3d","f":"changeTemplateScene"},
[07:55:50.843] {"t":"app","f":"onEnter","a":{"name":"i2d-empty:"}},
[07:55:50.843] {"t":"app","f":"onEnter","a":{"name":"escher:"}},
[07:55:50.844] {"t":"app","f":"onEnter","a":{"name":"ECU:"}},
[07:55:50.844] {"t":"timeline","f":"play"},
[07:55:50.844] {"t":"camera3d","f":"addBillboardToScene","a":"bb_singular2"},
[07:55:50.844] {"t":"camera3d","f":"addBillboardToScene","a":"bb0"},
[07:55:50.844] {"t":"camera3d","f":"addBillboardToScene","a":"bb1"},
[07:55:50.844] {"t":"camera3d","f":"addBillboardToScene","a":"bb2"},
[07:55:50.844] {"t":"camera3d","f":"addBillboardToScene","a":"bb3"},
[07:55:50.845] {"t":"camera3d","f":"addBillboardToScene","a":"bb4"},
[07:55:50.845] {"t":"camera3d","f":"addBillboardToScene","a":"bb5"},
[07:55:50.845] {"t":"camera3d","f":"addBillboardToScene","a":"bb6"},
[07:55:50.845] {"t":"camera3d","f":"addBillboardToScene","a":"bb7"},
[07:55:50.845] {"t":"camera3d","f":"addBillboardToScene","a":"bb8"},
[07:55:50.845] {"t":"camera3d","f":"addBillboardToScene","a":"bb18"},
[07:55:50.845] {"t":"camera3d","f":"addBillboardToScene","a":"bb19"},
[07:55:50.846] {"t":"camera3d","f":"addBillboardToScene","a":"bb20"},
[07:55:50.846] {"t":"camera3d","f":"addBillboardToScene","a":"bb21"},
[07:55:50.846] {"t":"camera3d","f":"addBillboardToScene","a":"bb22"},
[07:55:50.846] {"t":"camera3d","f":"addBillboardToScene","a":"bb23"},
[07:55:50.846] {"t":"camera3d","f":"addBillboardToScene","a":"bb24"},
[07:55:50.846] {"t":"camera3d","f":"addBillboardToScene","a":"bb25"},
[07:55:50.846] {"t":"camera3d","f":"addBillboardToScene","a":"bb26"},
[07:55:50.847] {"t":"camera3d","f":"addBillboardToScene","a":"bb54"},
[07:55:50.847] {"t":"camera3d","f":"addBillboardToScene","a":"bb55"},
[07:55:50.847] {"t":"camera3d","f":"addBillboardToScene","a":"bb56"},
[07:55:50.847] {"t":"camera3d","f":"addBillboardToScene","a":"bb57"},
[07:55:50.847] {"t":"camera3d","f":"addBillboardToScene","a":"bb58"},
[07:55:50.847] {"t":"camera3d","f":"addBillboardToScene","a":"bb59"},
[07:55:50.847] {"t":"camera3d","f":"addBillboardToScene","a":"bb60"},
[07:55:50.848] {"t":"camera3d","f":"addBillboardToScene","a":"bb61"},
[07:55:50.848] {"t":"camera3d","f":"addBillboardToScene","a":"bb62"},
[07:55:50.848] {"t":"camera3d","f":"addBillboardToScene","a":"bb_singular2"},
[07:55:50.848] {"t":"camera3d","f":"addBillboardToScene","a":"bb0"},
[07:55:50.848] {"t":"camera3d","f":"addBillboardToScene","a":"bb1"},
[07:55:50.848] {"t":"camera3d","f":"addBillboardToScene","a":"bb2"},
[07:55:50.848] {"t":"camera3d","f":"addBillboardToScene","a":"bb3"},
[07:55:50.849] {"t":"camera3d","f":"addBillboardToScene","a":"bb4"},
[07:55:50.849] {"t":"camera3d","f":"addBillboardToScene","a":"bb5"},
[07:55:50.849] {"t":"camera3d","f":"addBillboardToScene","a":"bb6"},
[07:55:50.849] {"t":"camera3d","f":"addBillboardToScene","a":"bb7"},
[07:55:50.849] {"t":"camera3d","f":"addBillboardToScene","a":"bb8"},
[07:55:50.849] {"t":"camera3d","f":"addBillboardToScene","a":"bb18"},
[07:55:50.849] {"t":"camera3d","f":"addBillboardToScene","a":"bb19"},
[07:55:50.850] {"t":"camera3d","f":"addBillboardToScene","a":"bb20"},
[07:55:50.850] {"t":"camera3d","f":"addBillboardToScene","a":"bb21"},
[07:55:50.850] {"t":"camera3d","f":"addBillboardToScene","a":"bb22"},
[07:55:50.850] {"t":"camera3d","f":"addBillboardToScene","a":"bb23"},
[07:55:50.850] {"t":"camera3d","f":"addBillboardToScene","a":"bb24"},
[07:55:50.850] {"t":"camera3d","f":"addBillboardToScene","a":"bb25"},
[07:55:50.850] {"t":"camera3d","f":"addBillboardToScene","a":"bb26"},
[07:55:50.851] {"t":"camera3d","f":"addBillboardToScene","a":"bb54"},
[07:55:50.851] {"t":"camera3d","f":"addBillboardToScene","a":"bb55"},
[07:55:50.851] {"t":"camera3d","f":"addBillboardToScene","a":"bb56"},
[07:55:50.851] {"t":"camera3d","f":"addBillboardToScene","a":"bb57"},
[07:55:50.851] {"t":"camera3d","f":"addBillboardToScene","a":"bb58"},
[07:55:50.851] {"t":"camera3d","f":"addBillboardToScene","a":"bb59"},
[07:55:50.851] {"t":"camera3d","f":"addBillboardToScene","a":"bb60"},
[07:55:50.852] {"t":"camera3d","f":"addBillboardToScene","a":"bb61"},
[07:55:50.852] {"t":"camera3d","f":"addBillboardToScene","a":"bb62"},
[07:55:50.852] {"t":"camera3d","f":"addBillboardToScene","a":"bb_singular2"},
[07:55:50.852] {"t":"camera3d","f":"addBillboardToScene","a":"bb0"},
[07:55:50.852] {"t":"camera3d","f":"addBillboardToScene","a":"bb1"},
[07:55:50.852] {"t":"camera3d","f":"addBillboardToScene","a":"bb2"},
[07:55:50.854] {"t":"camera3d","f":"addBillboardToScene","a":"bb3"},
[07:55:50.854] {"t":"camera3d","f":"addBillboardToScene","a":"bb4"},
[07:55:50.854] {"t":"camera3d","f":"addBillboardToScene","a":"bb5"},
[07:55:50.854] {"t":"camera3d","f":"addBillboardToScene","a":"bb6"},
[07:55:50.854] {"t":"camera3d","f":"addBillboardToScene","a":"bb7"},
[07:55:50.854] {"t":"camera3d","f":"addBillboardToScene","a":"bb8"},
[07:55:50.855] {"t":"camera3d","f":"addBillboardToScene","a":"bb18"},
[07:55:50.855] {"t":"camera3d","f":"addBillboardToScene","a":"bb19"},
[07:55:50.855] {"t":"camera3d","f":"addBillboardToScene","a":"bb20"},
[07:55:50.855] {"t":"camera3d","f":"addBillboardToScene","a":"bb21"},
[07:55:50.855] {"t":"camera3d","f":"addBillboardToScene","a":"bb22"},
[07:55:50.855] {"t":"camera3d","f":"addBillboardToScene","a":"bb23"},
[07:55:50.855] {"t":"camera3d","f":"addBillboardToScene","a":"bb24"},
[07:55:50.856] {"t":"camera3d","f":"addBillboardToScene","a":"bb25"},
[07:55:50.856] {"t":"camera3d","f":"addBillboardToScene","a":"bb26"},
[07:55:50.857] {"t":"camera3d","f":"addBillboardToScene","a":"bb55"},
[07:55:50.857] {"t":"camera3d","f":"addBillboardToScene","a":"bb54"},
[07:55:50.857] {"t":"camera3d","f":"addBillboardToScene","a":"bb57"},
[07:55:50.857] {"t":"camera3d","f":"addBillboardToScene","a":"bb59"},
[07:55:50.857] {"t":"camera3d","f":"addBillboardToScene","a":"bb56"},
[07:55:50.857] {"t":"camera3d","f":"addBillboardToScene","a":"bb58"},
[07:55:50.858] {"t":"camera3d","f":"addBillboardToScene","a":"bb62"},
[07:55:50.858] {"t":"camera3d","f":"addBillboardToScene","a":"bb_singular2"},
[07:55:50.858] {"t":"camera3d","f":"addBillboardToScene","a":"bb61"},
[07:55:50.858] {"t":"camera3d","f":"addBillboardToScene","a":"bb0"},
[07:55:50.858] {"t":"camera3d","f":"addBillboardToScene","a":"bb1"},
[07:55:50.859] {"t":"camera3d","f":"addBillboardToScene","a":"bb2"},
[07:55:50.859] {"t":"camera3d","f":"addBillboardToScene","a":"bb3"},
[07:55:50.859] {"t":"camera3d","f":"addBillboardToScene","a":"bb4"},
[07:55:50.859] {"t":"camera3d","f":"addBillboardToScene","a":"bb5"},
[07:55:50.859] {"t":"camera3d","f":"addBillboardToScene","a":"bb6"},
[07:55:50.859] {"t":"camera3d","f":"addBillboardToScene","a":"bb7"},
[07:55:50.859] {"t":"camera3d","f":"addBillboardToScene","a":"bb8"},
[07:55:50.860] {"t":"camera3d","f":"addBillboardToScene","a":"bb18"},
[07:55:50.860] {"t":"camera3d","f":"addBillboardToScene","a":"bb19"},
[07:55:50.858] {"t":"camera3d","f":"addBillboardToScene","a":"bb60"},
[07:55:50.858] {"t":"camera3d","f":"addActorToScene","a":"csphere"},
[07:55:50.860] {"t":"camera3d","f":"addBillboardToScene","a":"bb20"},
[07:55:50.860] {"t":"camera3d","f":"addBillboardToScene","a":"bb21"},
[07:55:50.860] {"t":"camera3d","f":"addBillboardToScene","a":"bb22"},
[07:55:50.861] {"t":"camera3d","f":"addBillboardToScene","a":"bb23"},
[07:55:50.861] {"t":"camera3d","f":"addBillboardToScene","a":"bb24"},
[07:55:50.861] {"t":"camera3d","f":"addBillboardToScene","a":"bb25"},
[07:55:50.861] {"t":"camera3d","f":"addBillboardToScene","a":"bb26"},
[07:55:50.861] {"t":"camera3d","f":"addBillboardToScene","a":"bb54"},
[07:55:50.861] {"t":"camera3d","f":"addBillboardToScene","a":"bb55"},
[07:55:50.862] {"t":"camera3d","f":"addBillboardToScene","a":"bb56"},
[07:55:50.862] {"t":"camera3d","f":"addBillboardToScene","a":"bb57"},
[07:55:50.862] {"t":"camera3d","f":"addBillboardToScene","a":"bb58"},
[07:55:50.862] {"t":"camera3d","f":"addBillboardToScene","a":"bb59"},
[07:55:50.862] {"t":"camera3d","f":"addBillboardToScene","a":"bb60"},
[07:55:50.862] {"t":"camera3d","f":"addBillboardToScene","a":"bb61"},
[07:55:50.862] {"t":"camera3d","f":"addBillboardToScene","a":"bb62"},
[07:55:50.863] {"a":"$location===mediator.location is\n              true"},
[07:55:50.863] {"a":"mediator[action.t] = [object Object]"},
[07:55:50.863] {"a":"target = [object Object]"},
[07:55:50.932] {"t":"camera3d","f":"addBillboardToScene","a":"bb_singular"},
[07:55:50.973] {"t":"camera3d","f":"addBillboardToScene","a":"bb_singular"},
[07:55:50.974] {"t":"camera3d","f":"addBillboardToScene","a":"bb_singular"},
[07:55:50.974] {"t":"camera3d","f":"addBillboardToScene","a":"bb_singular"},
[07:55:57.061] {"a":"$location===mediator.location is\n              true"},
[07:55:57.080] {"a":"mediator[action.t] = [object Object]"},
[07:55:57.080] {"a":"target = [object Object]"},
[07:55:57.080] {"t":"narrative","f":"shot","a":{"delta":{"timeline":{"p":{"paused":true,"repeat":0},"actors":{"i3d:camera:rotation":[{"dur":4,"p":{"y":0.7854,"immediateRender":false}}]}}}}},
[07:55:57.081] {"a":"~~~~ change_state() url = /footprint:/i3d-scene:scene1/i2d-empty:/escher:/ui-msgbg:/shot-anim:scope12"},
[07:55:57.081] {"a":"~~~~ change_state() this.prev_url = /footprint:/i3d-scene:scene1/i2d-empty:/escher://ECU:"},
[07:55:57.081] {"a":"this.terms has term[0] = scene"},
[07:55:57.081] {"a":"params[scene] = footprint:"},
[07:55:57.081] {"a":"this.terms has term[1] = i3d"},
[07:55:57.081] {"a":"params[i3d] = i3d-scene:scene1"},
[07:55:57.081] {"a":"this.terms has term[2] = i2d"},
[07:55:57.081] {"a":"params[i2d] = i2d-empty:"},
[07:55:57.082] {"a":"this.terms has term[3] = base"},
[07:55:57.082] {"a":"params[base] = escher:"},
[07:55:57.082] {"a":"this.terms has term[4] = ui"},
[07:55:57.082] {"a":"params[ui] = ui-msgbg:"},
[07:55:57.082] {"a":"this.terms has term[5] = shot"},
[07:55:57.082] {"a":"params[shot] = shot-anim:scope12"},
[07:55:57.082] {"a":"ch_st(): $location.url(//////shot-anim:scope12)"},
[07:55:57.082] {"t":"mediator","f":"socket.emit.actions","a":{"t":"camera3d","f":"panflyTo","a":{"r":0.7854,"d":4}}},
[07:55:57.128] {"t":"Mediator","f":"component","a":"narrative"},
[07:55:57.129] {"t":"app","f":"onEnter","a":{"name":"shot-anim:scope12"}},
[07:55:57.130] {"t":"timeline","f":"play"},
[07:56:01.062] {"a":"$location===mediator.location is\n              true"},
[07:56:01.067] {"a":"mediator[action.t] = [object Object]"},
[07:56:01.067] {"a":"target = [object Object]"},
[07:56:12.068] {"a":"$location===mediator.location is\n              true"},
[07:56:12.081] {"a":"mediator[action.t] = [object Object]"},
[07:56:12.081] {"a":"target = [object Object]"},
[07:56:12.082] {"t":"narrative","f":"shot","a":{"delta":{"timeline":{"p":{"paused":true,"repeat":0},"actors":{"i3d:camera:rotation":[{"dur":4,"p":{"x":0.7854,"immediateRender":false}}]}}}}},
[07:56:12.082] {"a":"~~~~ change_state() url = /footprint:/i3d-scene:scene1/i2d-empty:/escher:/ui-msgbg:/shot-anim:scope13"},
[07:56:12.082] {"a":"~~~~ change_state() this.prev_url = //////shot-anim:scope12"},
[07:56:12.082] {"a":"this.terms has term[0] = scene"},
[07:56:12.082] {"a":"params[scene] = footprint:"},
[07:56:12.082] {"a":"this.terms has term[1] = i3d"},
[07:56:12.082] {"a":"params[i3d] = i3d-scene:scene1"},
[07:56:12.082] {"a":"this.terms has term[2] = i2d"},
[07:56:12.083] {"a":"params[i2d] = i2d-empty:"},
[07:56:12.083] {"a":"this.terms has term[3] = base"},
[07:56:12.083] {"a":"params[base] = escher:"},
[07:56:12.083] {"a":"this.terms has term[4] = ui"},
[07:56:12.083] {"a":"params[ui] = ui-msgbg:"},
[07:56:12.083] {"a":"ch_st(): $location.url(//////shot-anim:scope13)"},
[07:56:12.083] {"a":"params[shot] = shot-anim:scope13"},
[07:56:12.083] {"a":"this.terms has term[5] = shot"},
[07:56:12.083] {"t":"mediator","f":"socket.emit.actions","a":{"t":"camera3d","f":"tiltflyTo","a":{"r":0.7854,"d":4}}},
[07:56:12.163] {"t":"Mediator","f":"component","a":"narrative"},
[07:56:12.163] {"t":"app","f":"onEnter","a":{"name":"shot-anim:scope13"}},
[07:56:12.164] {"t":"timeline","f":"play"},
[07:56:16.070] {"a":"$location===mediator.location is\n              true"},
[07:56:16.076] {"a":"mediator[action.t] = [object Object]"},
[07:56:16.076] {"a":"target = [object Object]"},
[07:56:27.067] {"a":"$location===mediator.location is\n              true"},
[07:56:27.074] {"a":"mediator[action.t] = [object Object]"},
[07:56:27.074] {"a":"target = [object Object]"},
[07:56:27.074] {"t":"mediator","f":"socket.emit.actions","a":{"t":"camera3d","f":"billboardsFaceCamera"}},
[07:56:42.070] {"a":"$location===mediator.location is\n              true"},
[07:56:42.076] {"a":"mediator[action.t] = [object Object]"},
[07:56:42.077] {"a":"target = [object Object]"},
[07:56:42.077] {"t":"narrative","f":"shot","a":{"delta":{"timeline":{"p":{"paused":true,"repeat":0},"actors":{"i3d:camera:rotation":[{"dur":4,"p":{"x":0,"immediateRender":false}}]}}}}},
[07:56:42.077] {"a":"~~~~ change_state() url = /footprint:/i3d-scene:scene1/i2d-empty:/escher:/ui-msgbg:/shot-anim:scope14"},
[07:56:42.077] {"a":"~~~~ change_state() this.prev_url = //////shot-anim:scope13"},
[07:56:42.077] {"a":"this.terms has term[0] = scene"},
[07:56:42.077] {"a":"params[scene] = footprint:"},
[07:56:42.078] {"a":"this.terms has term[1] = i3d"},
[07:56:42.078] {"a":"params[i3d] = i3d-scene:scene1"},
[07:56:42.078] {"a":"this.terms has term[2] = i2d"},
[07:56:42.078] {"a":"params[i2d] = i2d-empty:"},
[07:56:42.078] {"a":"this.terms has term[3] = base"},
[07:56:42.078] {"a":"params[base] = escher:"},
[07:56:42.078] {"a":"this.terms has term[4] = ui"},
[07:56:42.079] {"a":"params[ui] = ui-msgbg:"},
[07:56:42.079] {"a":"this.terms has term[5] = shot"},
[07:56:42.079] {"a":"params[shot] = shot-anim:scope14"},
[07:56:42.079] {"a":"ch_st(): $location.url(//////shot-anim:scope14)"},
[07:56:42.079] {"t":"mediator","f":"socket.emit.actions","a":{"t":"camera3d","f":"tiltflyBy","a":{"r":-0.7854,"d":4}}},
[07:56:42.116] {"t":"Mediator","f":"component","a":"narrative"},
[07:56:42.116] {"t":"app","f":"onEnter","a":{"name":"shot-anim:scope14"}},
[07:56:42.117] {"t":"timeline","f":"play"},
[07:56:46.070] {"a":"$location===mediator.location is\n              true"},
[07:56:46.076] {"a":"mediator[action.t] = [object Object]"},
[07:56:46.076] {"a":"target = [object Object]"},
[07:56:52.093] {"a":"mediator[action.t] = [object Object]"},
[07:56:52.094] {"a":"target = [object Object]"},
[07:56:52.094] {"t":"narrative","f":"shot","a":{"delta":{"timeline":{"p":{"paused":true,"repeat":0},"actors":{"i3d:camera:rotation":[{"dur":4,"p":{"y":0,"immediateRender":false}}]}}}}},
[07:56:52.094] {"a":"~~~~ change_state() url = /footprint:/i3d-scene:scene1/i2d-empty:/escher:/ui-msgbg:/shot-anim:scope15"},
[07:56:52.094] {"a":"~~~~ change_state() this.prev_url = //////shot-anim:scope14"},
[07:56:52.094] {"a":"this.terms has term[0] = scene"},
[07:56:52.094] {"a":"params[scene] = footprint:"},
[07:56:52.094] {"a":"this.terms has term[1] = i3d"},
[07:56:52.095] {"a":"params[i3d] = i3d-scene:scene1"},
[07:56:52.095] {"a":"this.terms has term[2] = i2d"},
[07:56:52.095] {"a":"params[i2d] = i2d-empty:"},
[07:56:52.095] {"a":"this.terms has term[3] = base"},
[07:56:52.095] {"a":"params[base] = escher:"},
[07:56:52.095] {"a":"this.terms has term[4] = ui"},
[07:56:52.095] {"a":"params[ui] = ui-msgbg:"},
[07:56:52.095] {"a":"this.terms has term[5] = shot"},
[07:56:52.095] {"a":"params[shot] = shot-anim:scope15"},
[07:56:52.096] {"a":"ch_st(): $location.url(//////shot-anim:scope15)"},
[07:56:52.096] {"t":"mediator","f":"socket.emit.actions","a":{"t":"camera3d","f":"panflyBy","a":{"r":-0.7854,"d":4}}},
[07:56:52.069] {"a":"$location===mediator.location is\n              true"},
[07:56:52.147] {"t":"app","f":"onEnter","a":{"name":"shot-anim:scope15"}},
[07:56:52.147] {"t":"Mediator","f":"component","a":"narrative"},
[07:56:52.148] {"t":"timeline","f":"play"},
[07:56:56.069] {"a":"$location===mediator.location is\n              true"},
[07:56:56.076] {"a":"mediator[action.t] = [object Object]"},
[07:56:56.076] {"a":"target = [object Object]"},
[07:57:02.071] {"a":"$location===mediator.location is\n              true"},
[07:57:02.088] {"a":"mediator[action.t] = [object Object]"},
[07:57:02.088] {"a":"target = [object Object]"},
[07:57:02.088] {"a":"~~~~ change_state() url = /circle:/i3d-simple:simple_red/i2d-scene:disks0/base-skycube:test_cube/ui-msgbg:/shot-graft:a0"},
[07:57:02.088] {"a":"~~~~ change_state() this.prev_url = //////shot-anim:scope15"},
[07:57:02.088] {"a":"this.terms has term[0] = scene"},
[07:57:02.089] {"a":"params[scene] = circle:"},
[07:57:02.089] {"a":"this.terms has term[1] = i3d"},
[07:57:02.089] {"a":"params[i3d] = i3d-simple:simple_red"},
[07:57:02.089] {"a":"this.terms has term[2] = i2d"},
[07:57:02.089] {"a":"params[i2d] = i2d-scene:disks0"},
[07:57:02.089] {"a":"this.terms has term[3] = base"},
[07:57:02.089] {"a":"params[base] = base-skycube:test_cube"},
[07:57:02.089] {"a":"this.terms has term[4] = ui"},
[07:57:02.090] {"a":"params[ui] = ui-msgbg:"},
[07:57:02.090] {"a":"this.terms has term[5] = shot"},
[07:57:02.090] {"a":"params[shot] = shot-graft:a0"},
[07:57:02.090] {"a":"ch_st(): $location.url(/circle:/i3d-simple:simple_red/i2d-scene:disks0/base-skycube:test_cube//shot-graft:a0)"},
[07:57:02.090] {"t":"mediator","f":"socket.emit.actions","a":{"t":"narrative","f":"change_scene","a":"circle"}},
[07:57:02.919] {"t":"Mediator","f":"component","a":"narrative"},
[07:57:02.921] {"t":"app","f":"onEnter","a":{"name":"circle:"}},
[07:57:02.922] {"t":"app","f":"onEnter","a":{"name":"i3d-simple:simple_red"}},
[07:57:02.922] {"t":"camera3d","f":"changeTemplateScene"},
[07:57:02.922] {"t":"app","f":"onEnter","a":{"name":"i2d-scene:disks0"}},
[07:57:02.923] {"t":"app","f":"onEnter","a":{"name":"base-skycube:test_cube"}},
[07:57:02.923] {"t":"app","f":"onEnter","a":{"name":"shot-graft:a0"}},
[07:57:02.923] {"t":"timeline","f":"play"},
[07:57:02.923] {"t":"camera3d","f":"addActorToScene","a":"cube0"},
[07:57:02.924] {"t":"camera3d","f":"addActorToScene","a":"cube0"},
[07:57:02.924] {"t":"camera3d","f":"addActorToScene","a":"cube0"},
[07:57:02.924] {"t":"camera3d","f":"addActorToScene","a":"cube0"},
[07:57:02.924] {"t":"camera3d","f":"addActorToScene","a":"csphere"},
[07:57:02.924] {"t":"camera3d","f":"addActorToScene","a":"cube0"},
[07:57:02.924] {"t":"camera3d","f":"addActorToScene","a":"cube0_3"},
[07:57:02.925] {"t":"camera3d","f":"addActorToScene","a":"cube0_3"},
[07:57:02.925] {"t":"camera3d","f":"addActorToScene","a":"cube0_0"},
[07:57:02.926] {"t":"camera3d","f":"addActorToScene","a":"cube0_1"},
[07:57:02.927] {"t":"camera3d","f":"addActorToScene","a":"cube0_0"},
[07:57:02.927] {"t":"camera3d","f":"addActorToScene","a":"cube0_1"},
[07:57:02.927] {"t":"camera3d","f":"addActorToScene","a":"cube0_0"},
[07:57:02.927] {"t":"camera3d","f":"addActorToScene","a":"cube0_1"},
[07:57:02.928] {"t":"camera3d","f":"addActorToScene","a":"cube0_0"},
[07:57:02.928] {"t":"camera3d","f":"addActorToScene","a":"cube0_1"},
[07:57:02.928] {"t":"camera3d","f":"addActorToScene","a":"cube0_0"},
[07:57:02.928] {"t":"camera3d","f":"addActorToScene","a":"cube0_1"},
[07:57:02.928] {"a":"$location===mediator.location is\n              true"},
[07:57:02.928] {"a":"mediator[action.t] = [object Object]"},
[07:57:02.928] {"a":"target = [object Object]"},
[07:57:02.938] {"t":"camera3d","f":"addActorToScene","a":"cube0_2"},
[07:57:02.938] {"t":"camera3d","f":"addActorToScene","a":"cube0_2"},
[07:57:17.072] {"a":"$location===mediator.location is\n              true"},
[07:57:17.086] {"a":"mediator[action.t] = [object Object]"},
[07:57:17.086] {"a":"target = [object Object]"},
[07:57:17.087] {"a":"~~~~ change_state() url = /circle:/i3d-simple:simple_red/i2d-scene:mf2d0/base-skycube:test_cube/ui-msgbg/MS"},
[07:57:17.087] {"a":"~~~~ change_state() this.prev_url = /circle:/i3d-simple:simple_red/i2d-scene:disks0/base-skycube:test_cube//shot-graft:a0"},
[07:57:17.087] {"a":"this.terms has term[0] = scene"},
[07:57:17.087] {"a":"params[scene] = circle:"},
[07:57:17.087] {"a":"this.terms has term[1] = i3d"},
[07:57:17.088] {"a":"params[i3d] = i3d-simple:simple_red"},
[07:57:17.088] {"a":"this.terms has term[2] = i2d"},
[07:57:17.088] {"a":"params[i2d] = i2d-scene:mf2d0"},
[07:57:17.088] {"a":"this.terms has term[3] = base"},
[07:57:17.088] {"a":"params[base] = base-skycube:test_cube"},
[07:57:17.088] {"a":"this.terms has term[4] = ui"},
[07:57:17.088] {"a":"params[ui] = ui-msgbg"},
[07:57:17.088] {"a":"this.terms has term[5] = shot"},
[07:57:17.088] {"a":"params[shot] = MS"},
[07:57:17.089] {"a":"ch_st(): $location.url(///i2d-scene:mf2d0//ui-msgbg/MS)"},
[07:57:17.089] {"t":"mediator","f":"socket.emit.actions","a":{"t":"narrative","f":"change_state","a":"/circle:/i3d-simple:simple_red/i2d-scene:mf2d0/base-skycube:test_cube/ui-msgbg/MS"}},
[07:57:17.420] {"t":"Mediator","f":"component","a":"narrative"},
[07:57:17.422] {"t":"app","f":"onEnter","a":{"name":"i2d-scene:mf2d0"}},
[07:57:17.422] {"t":"app","f":"onEnter","a":{"name":"ui-msgbg"}},
[07:57:17.423] {"t":"app","f":"onEnter","a":{"name":"MS"}},
[07:57:17.423] {"t":"timeline","f":"play"},
[07:57:17.423] {"a":"$location===mediator.location is\n              true"},
[07:57:17.423] {"a":"mediator[action.t] = [object Object]"},
[07:57:17.423] {"a":"target = [object Object]"},
[07:57:27.074] {"a":"$location===mediator.location is\n              true"},
[07:57:27.079] {"a":"mediator[action.t] = [object Object]"},
[07:57:27.080] {"a":"target = [object Object]"},
[07:57:27.080] {"a":"~~~~ change_state() url = /stocks:/i3d-jsonmodels:phonghead_kfb/i2d-scene:defsuse0/grid:/ui-msgbg:/2S:"},
[07:57:27.080] {"a":"~~~~ change_state() this.prev_url = ///i2d-scene:mf2d0//ui-msgbg/MS"},
[07:57:27.080] {"a":"this.terms has term[0] = scene"},
[07:57:27.080] {"a":"params[scene] = stocks:"},
[07:57:27.080] {"a":"this.terms has term[1] = i3d"},
[07:57:27.082] {"a":"params[i3d] = i3d-jsonmodels:phonghead_kfb"},
[07:57:27.082] {"a":"this.terms has term[2] = i2d"},
[07:57:27.082] {"a":"params[i2d] = i2d-scene:defsuse0"},
[07:57:27.083] {"a":"this.terms has term[3] = base"},
[07:57:27.083] {"a":"params[base] = grid:"},
[07:57:27.083] {"a":"this.terms has term[4] = ui"},
[07:57:27.083] {"a":"params[ui] = ui-msgbg:"},
[07:57:27.083] {"a":"this.terms has term[5] = shot"},
[07:57:27.084] {"a":"params[shot] = 2S:"},
[07:57:27.084] {"a":"ch_st(): $location.url(/stocks:/i3d-jsonmodels:phonghead_kfb/i2d-scene:defsuse0/grid:/ui-msgbg:/2S:)"},
[07:57:27.084] {"t":"mediator","f":"socket.emit.actions","a":{"t":"narrative","f":"change_scene","a":"stocks"}},
[07:57:29.462] {"t":"Mediator","f":"component","a":"narrative"},
[07:57:29.462] {"t":"app","f":"onEnter","a":{"name":"stocks:"}},
[07:57:29.462] {"t":"app","f":"onEnter","a":{"name":"i3d-jsonmodels:phonghead_kfb"}},
[07:57:29.462] {"t":"camera3d","f":"changeTemplateScene"},
[07:57:29.463] {"t":"app","f":"onEnter","a":{"name":"i2d-scene:defsuse0"}},
[07:57:29.464] {"t":"app","f":"onEnter","a":{"name":"grid:"}},
[07:57:29.464] {"t":"app","f":"onEnter","a":{"name":"ui-msgbg:"}},
[07:57:29.464] {"t":"app","f":"onEnter","a":{"name":"2S:"}},
[07:57:29.475] {"t":"timeline","f":"play"},
[07:57:29.476] {"t":"camera3d","f":"addActorToScene","a":"axes0"},
[07:57:29.476] {"t":"camera3d","f":"addActorToScene","a":"axes0"},
[07:57:29.476] {"t":"camera3d","f":"addActorToScene","a":"axes0"},
[07:57:29.477] {"t":"camera3d","f":"addActorToScene","a":"axes0"},
[07:57:29.477] {"t":"camera3d","f":"addActorToScene","a":"axes0"},
[07:57:29.477] {"t":"camera3d","f":"addActorToScene","a":"csphere"},
[07:57:29.478] {"t":"camera3d","f":"addActorToScene","a":"axes0"},
[07:57:29.478] {"t":"camera3d","f":"addActorToScene","a":"key"},
[07:57:29.478] {"t":"camera3d","f":"addActorToScene","a":"fill"},
[07:57:29.478] {"t":"camera3d","f":"addActorToScene","a":"back"},
[07:57:29.478] {"t":"camera3d","f":"addActorToScene","a":"key"},
[07:57:29.478] {"t":"camera3d","f":"addActorToScene","a":"fill"},
[07:57:29.479] {"t":"camera3d","f":"addActorToScene","a":"back"},
[07:57:29.479] {"t":"camera3d","f":"addActorToScene","a":"key"},
[07:57:29.479] {"t":"camera3d","f":"addActorToScene","a":"fill"},
[07:57:29.479] {"t":"camera3d","f":"addActorToScene","a":"back"},
[07:57:29.479] {"t":"camera3d","f":"addActorToScene","a":"key"},
[07:57:29.480] {"t":"camera3d","f":"addActorToScene","a":"fill"},
[07:57:29.480] {"t":"camera3d","f":"addActorToScene","a":"back"},
[07:57:29.480] {"t":"camera3d","f":"addActorToScene","a":"key"},
[07:57:29.480] {"t":"camera3d","f":"addActorToScene","a":"fill"},
[07:57:29.480] {"t":"camera3d","f":"addActorToScene","a":"back"},
[07:57:29.481] {"t":"camera3d","f":"addActorToScene","a":"key"},
[07:57:29.481] {"t":"camera3d","f":"addActorToScene","a":"fill"},
[07:57:29.481] {"t":"camera3d","f":"addActorToScene","a":"back"},
[07:57:29.481] {"a":"$location===mediator.location is\n              true"},
[07:57:29.481] {"a":"mediator[action.t] = [object Object]"},
[07:57:29.481] {"a":"target = [object Object]"},
[07:57:29.837] {"t":"camera3d","f":"addActorToScene","a":"head_scan"},
[07:57:30.059] {"t":"camera3d","f":"addActorToScene","a":"head_scan"},
[07:57:30.059] {"t":"camera3d","f":"addActorToScene","a":"head_scan"},
[07:57:30.414] {"t":"camera3d","f":"addActorToScene","a":"head_scan"},
[07:57:30.414] {"t":"camera3d","f":"addActorToScene","a":"head_scan"},
[07:57:42.076] {"a":"$location===mediator.location is\n              true"},
[07:57:42.101] {"a":"mediator[action.t] = [object Object]"},
[07:57:42.102] {"a":"target = [object Object]"},
[07:57:42.102] {"a":"~~~~ change_state() url = ///i2d-scene:mf2d0///"},
[07:57:42.103] {"a":"~~~~ change_state() this.prev_url = /stocks:/i3d-jsonmodels:phonghead_kfb/i2d-scene:defsuse0/grid:/ui-msgbg:/2S:"},
[07:57:42.103] {"a":"this.terms has term[0] = scene"},
[07:57:42.104] {"a":"params[scene] = "},
[07:57:42.104] {"a":"this.terms has term[1] = i3d"},
[07:57:42.104] {"a":"params[i3d] = "},
[07:57:42.104] {"a":"this.terms has term[2] = i2d"},
[07:57:42.104] {"a":"params[i2d] = i2d-scene:mf2d0"},
[07:57:42.104] {"a":"this.terms has term[3] = base"},
[07:57:42.105] {"a":"params[base] = "},
[07:57:42.105] {"a":"this.terms has term[4] = ui"},
[07:57:42.105] {"a":"params[ui] = "},
[07:57:42.105] {"a":"this.terms has term[5] = shot"},
[07:57:42.105] {"a":"params[shot] = "},
[07:57:42.105] {"a":"ch_st(): $location.url(///i2d-scene:mf2d0///)"},
[07:57:42.105] {"t":"mediator","f":"socket.emit.actions","a":{"t":"narrative","f":"change_state","a":"///i2d-scene:mf2d0///"}},
[07:57:42.388] {"t":"Mediator","f":"component","a":"narrative"},
[07:57:42.393] {"t":"app","f":"onEnter","a":{"name":"i2d-scene:mf2d0"}},
[07:57:42.393] {"t":"timeline","f":"play"},
[07:57:42.393] {"a":"$location===mediator.location is\n              true"},
[07:57:42.393] {"a":"mediator[action.t] = [object Object]"},
[07:57:42.393] {"a":"target = [object Object]"},
