[21:28:35.345] {"t":"camera3d","f":"panflyTo","a":{"r":-0.7854,"d":3}},
[21:28:35.374] "/metaweb:/i3d-empty:/i2d-reflect:/empty:/ui-msgbg:/shot-anim:scope0",
[21:28:35.375] "//////shot-anim:scope0",
[21:28:35.375] {"delta":{"timeline":{"p":{"paused":true,"repeat":0},"actors":{"i3d:camera:rotation":[{"dur":3,"p":{"y":-0.7854,"immediateRender":false}}]}}}},
[21:28:50.338] {"t":"camera3d","f":"lookAt"},
[21:28:50.368] "/metaweb:/i3d-empty:/i2d-reflect:/empty:/ui-msgbg:/shot-fixed:scope1",
[21:28:50.368] {"delta-t":"camera3d","f":"lookAt","a":{}},
[21:28:50.368] "//////shot-fixed:scope1",
[21:29:00.339] {"t":"camera3d","f":"panflyTo","a":{"r":-0.7854,"d":3}},
[21:29:00.354] "/metaweb:/i3d-empty:/i2d-reflect:/empty:/ui-msgbg:/shot-anim:scope2",
[21:29:00.354] "//////shot-anim:scope2",
[21:29:00.355] {"delta":{"timeline":{"p":{"paused":true,"repeat":0},"actors":{"i3d:camera:rotation":[{"dur":3,"p":{"y":-0.7854,"immediateRender":false}}]}}}},
[21:29:10.340] {"t":"camera3d","f":"home","a":{"d":3}},
[21:29:10.372] "/metaweb:/i3d-empty:/i2d-reflect:/empty:/ui-msgbg:/shot-anim:scope3",
[21:29:10.373] "//////shot-anim:scope3",
[21:29:10.374] {"delta":{"timeline":{"p":{"paused":true,"repeat":0},"actors":{"i3d:camera:rotation":[{"dur":3,"p":{"x":0,"y":0,"z":0,"immediateRender":false}}],"i3d:csphere:position":[{"dur":3,"p":{"x":0,"y":0,"z":0,"immediateRender":false}}],"i3d:csphere:scale":[{"dur":3,"p":{"x":1,"y":1,"z":1,"immediateRender":false}}],"i3d:csphere:rotation":[{"dur":3,"p":{"x":0,"y":0,"z":0,"immediateRender":false}}],"i2d:plane":[{"dur":3,"p":{"x":0,"y":0,"immediateRender":false}}],"i2d:zoom_plane":[{"dur":3,"p":{"rotation":0,"scale":1,"svgOrigin":"0% 0%","immediateRender":false}}]}}}},
[21:29:25.342] {"t":"camera3d","f":"panflyTo","a":{"r":0,"d":3}},
[21:29:25.360] "/metaweb:/i3d-empty:/i2d-reflect:/empty:/ui-msgbg:/shot-anim:scope4",
[21:29:25.360] "//////shot-anim:scope4",
[21:29:25.361] {"delta":{"timeline":{"p":{"paused":true,"repeat":0},"actors":{"i3d:camera:rotation":[{"dur":3,"p":{"y":0,"immediateRender":false}}]}}}},
[21:29:40.343] {"t":"narrative","f":"change_scene","a":"a"},
[21:29:40.630] "/a:/i3d-simple:simple_green/i2d-scene:disks0/base-skycube:test_cube/ui-msgbg:/shot-fixed:",
[21:29:40.630] "/a:/i3d-simple:simple_green/i2d-scene:disks0/base-skycube:test_cube//shot-fixed:",
[21:29:40.631] {},
[21:29:50.342] {"t":"narrative","f":"change_scene","a":"a0"},
[21:29:50.483] "/a0:/i3d-simple:simple_green/i2d-scene:disks0/base-skycube:test_cube/ui-msgbg:/shot-graft:scope6",
[21:29:50.486] {"delta":{"timeline":{"p":{"repeat":0},"actors":{"i3d:cube0:scale":[{"dur":10,"p":{"x":0.5,"y":0.5,"z":0.5}}]}},"branches":{"cube0":{"children":{"cube0_2":{"form":{"type":"'cube.i3d'","x":0,"y":0,"z":0,"textureurl":"./images/sky.jpg","w":5,"h":10,"d":10,"color":"blue","transparent":true,"opacity":1},"transform":{"t":[-20,-10,0],"s":[0.01,0.01,0.01]},"children":{}},"cube0_3":{"form":{"type":"'cube.i3d'","x":0,"y":-20,"z":0,"textureurl":"sky_jpg","w":5,"h":10,"d":10,"color":"blue","transparent":true,"opacity":1},"transform":{"t":[20,0,0],"s":[0.01,0.01,0.01]},"children":{}}}}}}},
[21:29:50.483] "/a0://///shot-graft:scope6",
[21:30:05.343] {"t":"narrative","f":"change_scene","a":"a1"},
[21:30:05.427] "/a1:/i3d-simple:simple_green/i2d-scene:disks0/base-skycube:test_cube/ui-msgbg:/shot-graft:scope7",
[21:30:05.427] "/a1://///shot-graft:scope7",
[21:30:05.429] {"delta":{"timeline":{"p":{"repeat":0},"actors":{"i3d:cube0_2:scale":[{"dur":10,"p":{"x":1,"y":1,"z":1}}],"i3d:cube0_3:scale":[{"dur":10,"p":{"x":1,"y":1,"z":1}}]}},"branches":{"cube0_2":{"children":{"s0_2_0":{"form":{"type":"'sphere.i3d'","r":5,"color":"blue","transparent":true,"opacity":0.8},"transform":{"e":[0,-0.785,0],"t":[-10,-10,0],"s":[0.01,0.01,0.01]},"children":{}},"s0_2_1":{"form":{"type":"'sphere.i3d'","r":5,"color":"blue","transparent":true,"opacity":0.8},"transform":{"e":[0,0.785,0],"t":[10,10,0],"s":[0.01,0.01,0.01]},"children":{}}}}}}},
[21:30:15.339] {"t":"narrative","f":"change_scene","a":"a2"},
[21:30:15.353] "/a2:/i3d-simple:simple_green/i2d-scene:disks0/base-skycube:test_cube/ui-msgbg:/shot-graft:scope8",
[21:30:15.353] "/a2://///shot-graft:scope8",
[21:30:15.354] {"delta":{"timeline":{"p":{"repeat":0},"actors":{"i3d:s0_2_0:scale":[{"dur":10,"p":{"x":1,"y":1,"z":1}}],"i3d:s0_2_1:scale":[{"dur":10,"p":{"x":1,"y":1,"z":1}}]}},"branches":{}}},
[21:30:30.353] {"t":"camera3d","f":"dollyflyTo","a":{"x":10,"y":10,"z":-20,"d":4}},
[21:30:30.373] "/a2:/i3d-simple:simple_green/i2d-scene:disks0/base-skycube:test_cube/ui-msgbg:/shot-anim:scope9",
[21:30:30.373] "//////shot-anim:scope9",
[21:30:30.374] {"delta":{"timeline":{"p":{"paused":true,"repeat":0},"actors":{"i3d:csphere:position":[{"dur":4,"p":{"x":10,"y":10,"z":-20,"immediateRender":false}}]}}}},
[21:30:40.355] {"t":"narrative","f":"change_scene","a":"payments"},
[21:30:41.203] "/payments:/i3d-simple:phong_head_sphere_kfb/i2d-empty:/black:/ui-msgbg:/shot-fixed:",
[21:30:41.204] "/payments:/i3d-simple:phong_head_sphere_kfb/i2d-empty:/black://shot-fixed:",
[21:30:41.204] {},
[21:30:55.358] {"t":"camera3d","f":"toggle_csphere","a":{"val":false}},
[21:30:55.396] "//////shot-fixed:scope11",
[21:30:55.395] "/payments:/i3d-simple:phong_head_sphere_kfb/i2d-empty:/black:/ui-msgbg:/shot-fixed:scope11",
[21:30:55.396] {"delta-t":"camera3d","f":"toggle_csphere","a":false},
[21:31:05.359] {"t":"camera3d","f":"toggle_csphere","a":{"val":true}},
[21:31:05.373] "/payments:/i3d-simple:phong_head_sphere_kfb/i2d-empty:/black:/ui-msgbg:/shot-fixed:scope12",
[21:31:05.373] "//////shot-fixed:scope12",
[21:31:05.373] {"delta-t":"camera3d","f":"toggle_csphere","a":true},
[21:31:20.358] {"t":"camera3d","f":"toggle_light","a":{"name":"key","val":false}},
[21:31:20.383] "/payments:/i3d-simple:phong_head_sphere_kfb/i2d-empty:/black:/ui-msgbg:/shot-fixed:scope13",
[21:31:20.384] "//////shot-fixed:scope13",
[21:31:20.384] {"delta-t":"camera3d","f":"toggle_light","a":{"name":"key","val":false}},
[21:31:30.357] {"t":"camera3d","f":"toggle_light","a":{"name":"fill","val":false}},
[21:31:30.378] "/payments:/i3d-simple:phong_head_sphere_kfb/i2d-empty:/black:/ui-msgbg:/shot-fixed:scope14",
[21:31:30.378] "//////shot-fixed:scope14",
[21:31:30.378] {"delta-t":"camera3d","f":"toggle_light","a":{"name":"fill","val":false}},
[21:31:45.359] {"t":"camera3d","f":"toggle_light","a":{"name":"back","val":false}},
[21:31:45.390] "/payments:/i3d-simple:phong_head_sphere_kfb/i2d-empty:/black:/ui-msgbg:/shot-fixed:scope15",
[21:31:45.390] "//////shot-fixed:scope15",
[21:31:45.390] {"delta-t":"camera3d","f":"toggle_light","a":{"name":"back","val":false}},
[21:31:55.358] {"t":"camera3d","f":"toggle_light","a":{"name":"key","val":true}},
[21:31:55.399] "/payments:/i3d-simple:phong_head_sphere_kfb/i2d-empty:/black:/ui-msgbg:/shot-fixed:scope16",
[21:31:55.400] "//////shot-fixed:scope16",
[21:31:55.401] {"delta-t":"camera3d","f":"toggle_light","a":{"name":"key","val":true}},
[21:32:10.358] {"t":"camera3d","f":"toggle_light","a":{"name":"fill","val":true}},
[21:32:10.388] "/payments:/i3d-simple:phong_head_sphere_kfb/i2d-empty:/black:/ui-msgbg:/shot-fixed:scope17",
[21:32:10.388] "//////shot-fixed:scope17",
[21:32:10.388] {"delta-t":"camera3d","f":"toggle_light","a":{"name":"fill","val":true}},
[21:32:20.360] {"t":"camera3d","f":"toggle_light","a":{"name":"back","val":true}},
[21:32:20.390] "/payments:/i3d-simple:phong_head_sphere_kfb/i2d-empty:/black:/ui-msgbg:/shot-fixed:scope18",
[21:32:20.391] "//////shot-fixed:scope18",
[21:32:20.391] {"delta-t":"camera3d","f":"toggle_light","a":{"name":"back","val":true}},
[21:32:35.361] {"t":"narrative","f":"change_scene","a":"a"},
[21:32:35.571] "/a:/i3d-simple:simple_green/i2d-scene:disks0/base-skycube:test_cube/ui-msgbg:/shot-fixed:",
[21:32:35.572] "/a:/i3d-simple:simple_green/i2d-scene:disks0/base-skycube:test_cube//shot-fixed:",
[21:32:35.572] {},
[21:32:45.360] {"t":"narrative","f":"shot","a":"shot-graft:{\"delta\":{\"timeline\":{\"p\":{\"repeat\":0},\"actors\":{\"i3d:cube0:scale\":[{\"dur\":10,\"p\":{\"x\":0.5,\"y\":0.5,\"z\":0.5}}]}},\"branches\":{\"cube0\":{\"children\":{\"cube0_2\":{\"form\":{\"type\":\"'cube.i3d'\",\"x\":0,\"y\":0,\"z\":0,\"textureurl\":\"./images/sky.jpg\",\"w\":5,\"h\":10,\"d\":10,\"color\":\"blue\",\"transparent\":true,\"opacity\":1},\"transform\":{\"t\":[-20,-10,0],\"s\":[0.01,0.01,0.01]},\"children\":{}},\"cube0_3\":{\"form\":{\"type\":\"'cube.i3d'\",\"x\":0,\"y\":-20,\"z\":0,\"textureurl\":\"sky_jpg\",\"w\":5,\"h\":10,\"d\":10,\"color\":\"blue\",\"transparent\":true,\"opacity\":1},\"transform\":{\"t\":[20,0,0],\"s\":[0.01,0.01,0.01]},\"children\":{}}}}}}}"},
[21:32:45.522] "//////shot-graft:scope20",
[21:32:45.523] {"delta":{"timeline":{"p":{"repeat":0},"actors":{"i3d:cube0:scale":[{"dur":10,"p":{"x":0.5,"y":0.5,"z":0.5}}]}},"branches":{"cube0":{"children":{"cube0_2":{"form":{"type":"'cube.i3d'","x":0,"y":0,"z":0,"textureurl":"./images/sky.jpg","w":5,"h":10,"d":10,"color":"blue","transparent":true,"opacity":1},"transform":{"t":[-20,-10,0],"s":[0.01,0.01,0.01]},"children":{}},"cube0_3":{"form":{"type":"'cube.i3d'","x":0,"y":-20,"z":0,"textureurl":"sky_jpg","w":5,"h":10,"d":10,"color":"blue","transparent":true,"opacity":1},"transform":{"t":[20,0,0],"s":[0.01,0.01,0.01]},"children":{}}}}}}},
[21:32:45.522] "/a:/i3d-simple:simple_green/i2d-scene:disks0/base-skycube:test_cube/ui-msgbg:/shot-graft:scope20",
[21:33:00.360] {"t":"narrative","f":"shot","a":"shot-graft:{\"delta\":{\"timeline\":{\"p\":{\"repeat\":0},\"actors\":{\"i3d:cube0_2:scale\":[{\"dur\":10,\"p\":{\"x\":1,\"y\":1,\"z\":1}}],\"i3d:cube0_3:scale\":[{\"dur\":10,\"p\":{\"x\":1,\"y\":1,\"z\":1}}]}},\"branches\":{\"cube0_2\":{\"children\":{\"s0_2_0\":{\"form\":{\"type\":\"'sphere.i3d'\",\"r\":5,\"color\":\"blue\",\"transparent\":true,\"opacity\":0.8},\"transform\":{\"e\":[0,-0.785,0],\"t\":[-10,-10,0],\"s\":[0.01,0.01,0.01]},\"children\":{}},\"s0_2_1\":{\"form\":{\"type\":\"'sphere.i3d'\",\"r\":5,\"color\":\"blue\",\"transparent\":true,\"opacity\":0.8},\"transform\":{\"e\":[0,0.785,0],\"t\":[10,10,0],\"s\":[0.01,0.01,0.01]},\"children\":{}}}}}}}"},
[21:33:00.493] "/a:/i3d-simple:simple_green/i2d-scene:disks0/base-skycube:test_cube/ui-msgbg:/shot-graft:scope21",
[21:33:00.493] "//////shot-graft:scope21",
[21:33:00.495] {"delta":{"timeline":{"p":{"repeat":0},"actors":{"i3d:cube0_2:scale":[{"dur":10,"p":{"x":1,"y":1,"z":1}}],"i3d:cube0_3:scale":[{"dur":10,"p":{"x":1,"y":1,"z":1}}]}},"branches":{"cube0_2":{"children":{"s0_2_0":{"form":{"type":"'sphere.i3d'","r":5,"color":"blue","transparent":true,"opacity":0.8},"transform":{"e":[0,-0.785,0],"t":[-10,-10,0],"s":[0.01,0.01,0.01]},"children":{}},"s0_2_1":{"form":{"type":"'sphere.i3d'","r":5,"color":"blue","transparent":true,"opacity":0.8},"transform":{"e":[0,0.785,0],"t":[10,10,0],"s":[0.01,0.01,0.01]},"children":{}}}}}}},
[21:33:15.360] {"t":"narrative","f":"shot","a":"shot-graft:{\"delta\":{\"timeline\":{\"p\":{\"repeat\":0},\"actors\":{\"i3d:s0_2_0:scale\":[{\"dur\":10,\"p\":{\"x\":1,\"y\":1,\"z\":1}}],\"i3d:s0_2_1:scale\":[{\"dur\":10,\"p\":{\"x\":1,\"y\":1,\"z\":1}}]}},\"branches\":{}}}"},
[21:33:15.391] "/a:/i3d-simple:simple_green/i2d-scene:disks0/base-skycube:test_cube/ui-msgbg:/shot-graft:scope22",
[21:33:15.392] "//////shot-graft:scope22",
[21:33:15.392] {"delta":{"timeline":{"p":{"repeat":0},"actors":{"i3d:s0_2_0:scale":[{"dur":10,"p":{"x":1,"y":1,"z":1}}],"i3d:s0_2_1:scale":[{"dur":10,"p":{"x":1,"y":1,"z":1}}]}},"branches":{}}},
[21:33:30.364] {"t":"camera3d","f":"panflyTo","a":{"r":0.7854,"d":4}},
[21:33:30.383] "/a:/i3d-simple:simple_green/i2d-scene:disks0/base-skycube:test_cube/ui-msgbg:/shot-anim:scope23",
[21:33:30.384] "//////shot-anim:scope23",
[21:33:30.385] {"delta":{"timeline":{"p":{"paused":true,"repeat":0},"actors":{"i3d:camera:rotation":[{"dur":4,"p":{"y":0.7854,"immediateRender":false}}]}}}},
[21:33:40.366] {"t":"narrative","f":"change_scene","a":"footprint"},
[21:33:42.245] "/footprint:/i3d-scene:scene1/i2d-empty:/escher:/ui-msgbg:/shot-fixed:",
[21:33:42.249] "/footprint:/i3d-scene:scene1/i2d-empty:/escher://shot-fixed:",
[21:33:42.250] {},
[21:33:55.364] {"t":"camera3d","f":"panflyTo","a":{"r":0.7854,"d":4}},
[21:33:55.403] "//////shot-anim:scope25",
[21:33:55.404] {"delta":{"timeline":{"p":{"paused":true,"repeat":0},"actors":{"i3d:camera:rotation":[{"dur":4,"p":{"y":0.7854,"immediateRender":false}}]}}}},
[21:33:55.403] "/footprint:/i3d-scene:scene1/i2d-empty:/escher:/ui-msgbg:/shot-anim:scope25",
[21:34:05.365] {"t":"camera3d","f":"tiltflyTo","a":{"r":0.7854,"d":4}},
[21:34:05.418] "/footprint:/i3d-scene:scene1/i2d-empty:/escher:/ui-msgbg:/shot-anim:scope26",
[21:34:05.418] "//////shot-anim:scope26",
[21:34:05.418] {"delta":{"timeline":{"p":{"paused":true,"repeat":0},"actors":{"i3d:camera:rotation":[{"dur":4,"p":{"x":0.7854,"immediateRender":false}}]}}}},
[21:34:15.365] {"t":"camera3d","f":"billboardsFaceCamera"},
[21:34:15.415] "/footprint:/i3d-scene:scene1/i2d-empty:/escher:/ui-msgbg:/shot-fixed:scope27",
[21:34:15.415] "//////shot-fixed:scope27",
[21:34:15.415] {"delta-t":"camera3d","f":"billboardsFaceCamera"},
[21:34:30.365] {"t":"camera3d","f":"tiltflyBy","a":{"r":-0.7854,"d":4}},
[21:34:30.413] "/footprint:/i3d-scene:scene1/i2d-empty:/escher:/ui-msgbg:/shot-anim:scope28",
[21:34:30.413] "//////shot-anim:scope28",
[21:34:30.413] {"delta":{"timeline":{"p":{"paused":true,"repeat":0},"actors":{"i3d:camera:rotation":[{"dur":4,"p":{"x":0,"immediateRender":false}}]}}}},
[21:34:40.366] {"t":"camera3d","f":"panflyBy","a":{"r":-0.7854,"d":4}},
[21:34:40.414] "/footprint:/i3d-scene:scene1/i2d-empty:/escher:/ui-msgbg:/shot-anim:scope29",
[21:34:40.414] "//////shot-anim:scope29",
[21:34:40.414] {"delta":{"timeline":{"p":{"paused":true,"repeat":0},"actors":{"i3d:camera:rotation":[{"dur":4,"p":{"y":0,"immediateRender":false}}]}}}},
[21:34:55.367] {"t":"narrative","f":"change_scene","a":"circle"},
[21:34:55.822] "/circle:/i3d-simple:simple_red/i2d-scene:disks0/base-skycube:test_cube/ui-msgbg:/shot-graft:a0",
[21:34:55.825] "/circle:/i3d-simple:simple_red/i2d-scene:disks0/base-skycube:test_cube//shot-graft:a0",
[21:34:55.825] {"delta":{"timeline":[{"id":"cube0_1","dur":10,"p":{"scale":[1,1,1]},"delay":2}],"branches":{"cube0":{"children":{"cube0_2":{"form":{"type":"'cube.i3d'","x":0,"y":0,"z":0,"textureurl":"./images/sky.jpg","w":20,"h":20,"d":20,"color":"blue","transparent":true,"opacity":1},"transform":{"t":[-20,-10,0],"s":[0.25,1,0.25]},"children":{}},"cube0_3":{"form":{"type":"'cube.i3d'","x":0,"y":-20,"z":0,"textureurl":"sky_jpg","w":20,"h":40,"d":20,"color":"blue","transparent":true,"opacity":1},"transform":{"t":[20,0,0],"s":[0.5,1,0.5]},"children":{}}}}}}},
[21:35:05.365] {"t":"narrative","f":"change_state","a":"/circle:/i3d-simple:simple_red/i2d-scene:mf2d0/base-skycube:test_cube/ui-msgbg:/shot-fixed:"},
[21:35:05.579] "/circle:/i3d-simple:simple_red/i2d-scene:mf2d0/base-skycube:test_cube/ui-msgbg:/shot-fixed:",
[21:35:05.579] "///i2d-scene:mf2d0///shot-fixed:",
[21:35:05.579] {},
[21:35:15.366] {"t":"narrative","f":"change_scene","a":"stocks"},
[21:35:16.815] "/stocks:/i3d-jsonmodels:phonghead_kfb/i2d-scene:defsuse0/grid:/ui-msgbg:/shot-fixed:",
[21:35:16.815] "/stocks:/i3d-jsonmodels:phonghead_kfb/i2d-scene:defsuse0/grid://",
[21:35:16.816] {},
[21:35:30.367] {"t":"narrative","f":"change_state","a":"///i2d-scene:mf2d0///"},
[21:35:30.611] "/stocks:/i3d-jsonmodels:phonghead_kfb/i2d-scene:mf2d0/grid:/ui-msgbg:/shot-fixed:",
[21:35:30.611] "///i2d-scene:mf2d0///",
[21:35:30.612] {},
[21:35:40.370] {"t":"camera3d","f":"panflyBy","a":{"r":-0.7854,"d":4}},
[21:35:40.427] "//////shot-anim:scope34",
[21:35:40.428] {"delta":{"timeline":{"p":{"paused":true,"repeat":0},"actors":{"i3d:camera:rotation":[{"dur":4,"p":{"y":-0.7854,"immediateRender":false}}]}}}},
[21:35:40.427] "/stocks:/i3d-jsonmodels:phonghead_kfb/i2d-scene:mf2d0/grid:/ui-msgbg:/shot-anim:scope34",
[21:35:50.370] {"t":"camera2d","f":"zoomflyBy","a":{"s":0.9,"d":3}},
[21:35:50.421] "/stocks:/i3d-jsonmodels:phonghead_kfb/i2d-scene:mf2d0/grid:/ui-msgbg:/shot-anim:scope35",
[21:35:50.421] "//////shot-anim:scope35",
[21:35:50.422] {"delta":{"timeline":{"p":{"paused":true,"repeat":0,"tweens":[]},"actors":{"i2d:zoom_plane":[{"dur":3,"p":{"scale":0.9,"svgOrigin":"0% 0%","immediateRender":false}}]}}}},
[21:36:05.372] {"t":"camera2d","f":"zoomflyTo","a":{"s":2,"d":3}},
[21:36:05.418] "/stocks:/i3d-jsonmodels:phonghead_kfb/i2d-scene:mf2d0/grid:/ui-msgbg:/shot-anim:scope36",
[21:36:05.419] "//////shot-anim:scope36",
[21:36:05.419] {"delta":{"timeline":{"p":{"paused":true,"repeat":0,"tweens":[]},"actors":{"i2d:zoom_plane":[{"dur":3,"p":{"scale":2,"svgOrigin":"0% 0%","immediateRender":false}}]}}}},
[21:36:15.371] {"t":"camera2d","f":"zoomflyTo","a":{"s":0.5,"d":3}},
[21:36:15.422] "/stocks:/i3d-jsonmodels:phonghead_kfb/i2d-scene:mf2d0/grid:/ui-msgbg:/shot-anim:scope37",
[21:36:15.422] "//////shot-anim:scope37",
[21:36:15.422] {"delta":{"timeline":{"p":{"paused":true,"repeat":0,"tweens":[]},"actors":{"i2d:zoom_plane":[{"dur":3,"p":{"scale":0.5,"svgOrigin":"0% 0%","immediateRender":false}}]}}}},
[21:36:30.371] {"t":"camera2d","f":"dollyflyTo","a":{"x":20,"d":3}},
[21:36:30.410] "/stocks:/i3d-jsonmodels:phonghead_kfb/i2d-scene:mf2d0/grid:/ui-msgbg:/shot-anim:scope38",
[21:36:30.410] "//////shot-anim:scope38",
[21:36:30.410] {"delta":{"timeline":{"p":{"paused":true,"repeat":0,"tweens":[]},"actors":{"i2d:plane":[{"dur":3,"p":{"x":20,"y":0,"immediateRender":false}}]}}}},
[21:36:45.371] {"t":"camera2d","f":"center","a":{"d":3}},
[21:36:45.414] "/stocks:/i3d-jsonmodels:phonghead_kfb/i2d-scene:mf2d0/grid:/ui-msgbg:/shot-anim:scope39",
[21:36:45.414] "//////shot-anim:scope39",
[21:36:45.415] {"delta":{"timeline":{"p":{"paused":true,"repeat":0},"actors":{"i2d:plane":[{"dur":3,"p":{"x":0,"y":0,"immediateRender":false}}],"i2d:zoom_plane":[{"dur":3,"p":{"rotation":0,"svgOrigin":"0% 0%","immediateRender":false}}]}}}},
[21:37:00.372] {"t":"camera2d","f":"home","a":{"d":3}},
[21:37:00.413] "/stocks:/i3d-jsonmodels:phonghead_kfb/i2d-scene:mf2d0/grid:/ui-msgbg:/shot-anim:scope40",
[21:37:00.414] "//////shot-anim:scope40",
[21:37:00.414] {"delta":{"timeline":{"p":{"paused":true,"repeat":0},"actors":{"i2d:plane":[{"dur":3,"p":{"x":0,"y":0,"immediateRender":false}}],"i2d:zoom_plane":[{"dur":3,"p":{"rotation":0,"scale":1,"svgOrigin":"0% 0%","immediateRender":false}}]}}}},
[21:37:10.373] {"t":"camera2d","f":"rollflyTo","a":{"r":-90,"d":3}},
[21:37:10.430] "/stocks:/i3d-jsonmodels:phonghead_kfb/i2d-scene:mf2d0/grid:/ui-msgbg:/shot-anim:scope41",
[21:37:10.431] "//////shot-anim:scope41",
[21:37:10.431] {"delta":{"timeline":{"p":{"paused":true,"repeat":0,"tweens":[]},"actors":{"i2d:zoom_plane":[{"dur":3,"p":{"rotation":-90,"svgOrigin":"0% 0%","immediateRender":false}}]}}}},
[21:37:20.372] {"t":"camera2d","f":"rollflyBy","a":{"r":45,"d":3}},
[21:37:20.425] "/stocks:/i3d-jsonmodels:phonghead_kfb/i2d-scene:mf2d0/grid:/ui-msgbg:/shot-anim:scope42",
[21:37:20.425] "//////shot-anim:scope42",
[21:37:20.426] {"delta":{"timeline":{"p":{"paused":true,"repeat":0,"tweens":[]},"actors":{"i2d:zoom_plane":[{"dur":3,"p":{"rotation":-45,"svgOrigin":"0% 0%","immediateRender":false}}]}}}},
[21:37:30.373] {"t":"camera2d","f":"rollflyBy","a":{"r":45,"d":3}},
[21:37:30.416] "/stocks:/i3d-jsonmodels:phonghead_kfb/i2d-scene:mf2d0/grid:/ui-msgbg:/shot-anim:scope43",
[21:37:30.416] {"delta":{"timeline":{"p":{"paused":true,"repeat":0,"tweens":[]},"actors":{"i2d:zoom_plane":[{"dur":3,"p":{"rotation":0,"svgOrigin":"0% 0%","immediateRender":false}}]}}}},
[21:37:30.416] "//////shot-anim:scope43",
[21:37:45.374] {"t":"camera2d","f":"dollyflyTo","a":{"x":20,"d":3}},
[21:37:45.415] "/stocks:/i3d-jsonmodels:phonghead_kfb/i2d-scene:mf2d0/grid:/ui-msgbg:/shot-anim:scope44",
[21:37:45.415] "//////shot-anim:scope44",
[21:37:45.416] {"delta":{"timeline":{"p":{"paused":true,"repeat":0,"tweens":[]},"actors":{"i2d:plane":[{"dur":3,"p":{"x":20,"y":0,"immediateRender":false}}]}}}},
[21:38:00.400] {"t":"camera2d","f":"dollyflyTo","a":{"y":20,"d":3}},
[21:38:00.430] "/stocks:/i3d-jsonmodels:phonghead_kfb/i2d-scene:mf2d0/grid:/ui-msgbg:/shot-anim:scope45",
[21:38:00.430] "//////shot-anim:scope45",
[21:38:00.430] {"delta":{"timeline":{"p":{"paused":true,"repeat":0,"tweens":[]},"actors":{"i2d:plane":[{"dur":3,"p":{"x":20,"y":-20,"immediateRender":false}}]}}}},
[21:38:10.412] {"t":"camera2d","f":"dollyflyTo","a":{"x":0,"d":3}},
[21:38:10.452] "/stocks:/i3d-jsonmodels:phonghead_kfb/i2d-scene:mf2d0/grid:/ui-msgbg:/shot-anim:scope46",
[21:38:10.452] "//////shot-anim:scope46",
[21:38:10.453] {"delta":{"timeline":{"p":{"paused":true,"repeat":0,"tweens":[]},"actors":{"i2d:plane":[{"dur":3,"p":{"x":0,"y":-20,"immediateRender":false}}]}}}},
[21:38:20.412] {"t":"camera2d","f":"dollyflyTo","a":{"y":-40,"d":3}},
[21:38:20.455] "/stocks:/i3d-jsonmodels:phonghead_kfb/i2d-scene:mf2d0/grid:/ui-msgbg:/shot-anim:scope47",
[21:38:20.455] "//////shot-anim:scope47",
[21:38:20.456] {"delta":{"timeline":{"p":{"paused":true,"repeat":0,"tweens":[]},"actors":{"i2d:plane":[{"dur":3,"p":{"x":0,"y":40,"immediateRender":false}}]}}}},
[21:38:35.412] {"t":"camera2d","f":"dollyflyTo","a":{"x":20,"d":3}},
[21:38:35.454] "/stocks:/i3d-jsonmodels:phonghead_kfb/i2d-scene:mf2d0/grid:/ui-msgbg:/shot-anim:scope48",
[21:38:35.455] "//////shot-anim:scope48",
[21:38:35.455] {"delta":{"timeline":{"p":{"paused":true,"repeat":0,"tweens":[]},"actors":{"i2d:plane":[{"dur":3,"p":{"x":20,"y":40,"immediateRender":false}}]}}}},
[21:38:50.412] {"t":"camera2d","f":"dollyflyTo","a":{"x":0,"d":3}},
[21:38:50.450] {"delta":{"timeline":{"p":{"paused":true,"repeat":0,"tweens":[]},"actors":{"i2d:plane":[{"dur":3,"p":{"x":0,"y":40,"immediateRender":false}}]}}}},
[21:38:50.449] "/stocks:/i3d-jsonmodels:phonghead_kfb/i2d-scene:mf2d0/grid:/ui-msgbg:/shot-anim:scope49",
[21:38:50.449] "//////shot-anim:scope49",
[21:39:00.413] {"t":"camera3d","f":"tiltflyTo","a":{"r":-0.7854,"d":3}},
[21:39:00.462] {"delta":{"timeline":{"p":{"paused":true,"repeat":0},"actors":{"i3d:camera:rotation":[{"dur":3,"p":{"x":-0.7854,"immediateRender":false}}]}}}},
[21:39:00.461] "/stocks:/i3d-jsonmodels:phonghead_kfb/i2d-scene:mf2d0/grid:/ui-msgbg:/shot-anim:scope50",
[21:39:00.462] "//////shot-anim:scope50",
[21:39:15.417] {"t":"camera3d","f":"panflyTo","a":{"r":-0.7854,"d":3}},
[21:39:15.461] "/stocks:/i3d-jsonmodels:phonghead_kfb/i2d-scene:mf2d0/grid:/ui-msgbg:/shot-anim:scope51",
[21:39:15.461] "//////shot-anim:scope51",
[21:39:15.461] {"delta":{"timeline":{"p":{"paused":true,"repeat":0},"actors":{"i3d:camera:rotation":[{"dur":3,"p":{"y":-0.7854,"immediateRender":false}}]}}}},
[21:39:25.413] {"t":"camera3d","f":"lookAt"},
[21:39:25.452] "/stocks:/i3d-jsonmodels:phonghead_kfb/i2d-scene:mf2d0/grid:/ui-msgbg:/shot-fixed:scope52",
[21:39:25.452] "//////shot-fixed:scope52",
[21:39:25.452] {"delta-t":"camera3d","f":"lookAt","a":{}},
[21:39:40.414] {"t":"camera3d","f":"dollyflyTo","a":{"x":20,"y":0,"z":0,"d":3}},
[21:39:40.454] "/stocks:/i3d-jsonmodels:phonghead_kfb/i2d-scene:mf2d0/grid:/ui-msgbg:/shot-anim:scope53",
[21:39:40.454] "//////shot-anim:scope53",
[21:39:40.454] {"delta":{"timeline":{"p":{"paused":true,"repeat":0},"actors":{"i3d:csphere:position":[{"dur":3,"p":{"x":20,"y":0,"z":0,"immediateRender":false}}]}}}},
[21:39:50.418] {"t":"camera3d","f":"zoomflyTo","a":{"s":0.5,"d":3}},
[21:39:50.471] "//////shot-anim:scope54",
[21:39:50.471] {"delta":{"timeline":{"p":{"paused":true,"repeat":0},"actors":{"i3d:csphere:scale":[{"dur":3,"p":{"x":0.5,"y":0.5,"z":0.5,"immediateRender":false}}]}}}},
[21:39:50.471] "/stocks:/i3d-jsonmodels:phonghead_kfb/i2d-scene:mf2d0/grid:/ui-msgbg:/shot-anim:scope54",
[21:40:05.419] {"t":"camera3d","f":"zoomflyTo","a":{"s":2,"d":3}},
[21:40:05.451] "/stocks:/i3d-jsonmodels:phonghead_kfb/i2d-scene:mf2d0/grid:/ui-msgbg:/shot-anim:scope55",
[21:40:05.451] "//////shot-anim:scope55",
[21:40:05.451] {"delta":{"timeline":{"p":{"paused":true,"repeat":0},"actors":{"i3d:csphere:scale":[{"dur":3,"p":{"x":2,"y":2,"z":2,"immediateRender":false}}]}}}},
[21:40:15.418] {"t":"camera3d","f":"dollyflyTo","a":{"x":20,"y":20,"z":-20,"d":3}},
[21:40:15.453] "/stocks:/i3d-jsonmodels:phonghead_kfb/i2d-scene:mf2d0/grid:/ui-msgbg:/shot-anim:scope56",
[21:40:15.454] {"delta":{"timeline":{"p":{"paused":true,"repeat":0},"actors":{"i3d:csphere:position":[{"dur":3,"p":{"x":20,"y":20,"z":-20,"immediateRender":false}}]}}}},
[21:40:15.453] "//////shot-anim:scope56",
[21:40:25.419] {"t":"camera3d","f":"zoomflyTo","a":{"s":0.5,"d":3}},
[21:40:25.457] "/stocks:/i3d-jsonmodels:phonghead_kfb/i2d-scene:mf2d0/grid:/ui-msgbg:/shot-anim:scope57",
[21:40:25.458] {"delta":{"timeline":{"p":{"paused":true,"repeat":0},"actors":{"i3d:csphere:scale":[{"dur":3,"p":{"x":0.5,"y":0.5,"z":0.5,"immediateRender":false}}]}}}},
[21:40:25.457] "//////shot-anim:scope57",
[21:40:40.418] {"t":"camera3d","f":"center","a":{"d":3}},
[21:40:40.464] "/stocks:/i3d-jsonmodels:phonghead_kfb/i2d-scene:mf2d0/grid:/ui-msgbg:/shot-anim:scope58",
[21:40:40.464] "//////shot-anim:scope58",
[21:40:40.465] {"delta":{"timeline":{"p":{"paused":true,"repeat":0},"actors":{"i3d:camera:rotation":[{"dur":3,"p":{"x":0,"y":0,"z":0,"immediateRender":false}}],"i3d:csphere:position":[{"dur":3,"p":{"x":0,"y":0,"z":0,"immediateRender":false}}],"i3d:csphere:rotation":[{"dur":3,"p":{"x":0,"y":0,"z":0,"immediateRender":false}}],"i2d:plane":[{"dur":3,"p":{"x":0,"y":0,"immediateRender":false}}],"i2d:zoom_plane":[{"dur":3,"p":{"rotation":0,"svgOrigin":"0% 0%","immediateRender":false}}]}}}},
[21:40:50.418] {"t":"camera3d","f":"home","a":{"d":3}},
[21:40:50.466] "/stocks:/i3d-jsonmodels:phonghead_kfb/i2d-scene:mf2d0/grid:/ui-msgbg:/shot-anim:scope59",
[21:40:50.467] "//////shot-anim:scope59",
[21:40:50.467] {"delta":{"timeline":{"p":{"paused":true,"repeat":0},"actors":{"i3d:camera:rotation":[{"dur":3,"p":{"x":0,"y":0,"z":0,"immediateRender":false}}],"i3d:csphere:position":[{"dur":3,"p":{"x":0,"y":0,"z":0,"immediateRender":false}}],"i3d:csphere:scale":[{"dur":3,"p":{"x":1,"y":1,"z":1,"immediateRender":false}}],"i3d:csphere:rotation":[{"dur":3,"p":{"x":0,"y":0,"z":0,"immediateRender":false}}],"i2d:plane":[{"dur":3,"p":{"x":0,"y":0,"immediateRender":false}}],"i2d:zoom_plane":[{"dur":3,"p":{"rotation":0,"scale":1,"svgOrigin":"0% 0%","immediateRender":false}}]}}}},
[21:41:00.418] {"t":"camera3d","f":"panflyBy","a":{"r":0.7854,"d":3}},
[21:41:00.461] "/stocks:/i3d-jsonmodels:phonghead_kfb/i2d-scene:mf2d0/grid:/ui-msgbg:/shot-anim:scope60",
[21:41:00.461] "//////shot-anim:scope60",
[21:41:00.461] {"delta":{"timeline":{"p":{"paused":true,"repeat":0},"actors":{"i3d:camera:rotation":[{"dur":3,"p":{"y":0.7854,"immediateRender":false}}]}}}},
[21:41:10.418] {"t":"camera3d","f":"tiltflyBy","a":{"r":0.7854,"d":3}},
[21:41:10.461] "/stocks:/i3d-jsonmodels:phonghead_kfb/i2d-scene:mf2d0/grid:/ui-msgbg:/shot-anim:scope61",
[21:41:10.462] "//////shot-anim:scope61",
[21:41:10.462] {"delta":{"timeline":{"p":{"paused":true,"repeat":0},"actors":{"i3d:camera:rotation":[{"dur":3,"p":{"x":0.7854,"immediateRender":false}}]}}}},
[21:41:25.419] {"t":"camera3d","f":"lookAt"},
[21:41:25.456] "/stocks:/i3d-jsonmodels:phonghead_kfb/i2d-scene:mf2d0/grid:/ui-msgbg:/shot-fixed:scope62",
[21:41:25.456] {"delta-t":"camera3d","f":"lookAt","a":{}},
[21:41:25.456] "//////shot-fixed:scope62",
[21:41:40.420] {"t":"camera3d","f":"rollflyTo","a":{"r":-1.57,"d":4}},
[21:41:40.465] "/stocks:/i3d-jsonmodels:phonghead_kfb/i2d-scene:mf2d0/grid:/ui-msgbg:/shot-anim:scope63",
[21:41:40.465] "//////shot-anim:scope63",
[21:41:40.466] {"delta":{"timeline":{"p":{"paused":true,"repeat":0},"actors":{"i3d:camera:rotation":[{"dur":4,"p":{"z":-1.57,"immediateRender":false}}]}}}},
[21:41:55.424] {"t":"camera3d","f":"rollflyBy","a":{"r":0.3927,"d":4}},
[21:41:55.460] "/stocks:/i3d-jsonmodels:phonghead_kfb/i2d-scene:mf2d0/grid:/ui-msgbg:/shot-anim:scope64",
[21:41:55.461] "//////shot-anim:scope64",
[21:41:55.461] {"delta":{"timeline":{"p":{"paused":true,"repeat":0},"actors":{"i3d:camera:rotation":[{"dur":4,"p":{"z":-1.1773,"immediateRender":false}}]}}}},
[21:42:05.420] {"t":"camera3d","f":"rollflyBy","a":{"r":0.3927,"d":4}},
[21:42:05.455] "/stocks:/i3d-jsonmodels:phonghead_kfb/i2d-scene:mf2d0/grid:/ui-msgbg:/shot-anim:scope65",
[21:42:05.455] "//////shot-anim:scope65",
[21:42:05.455] {"delta":{"timeline":{"p":{"paused":true,"repeat":0},"actors":{"i3d:camera:rotation":[{"dur":4,"p":{"z":-0.7846,"immediateRender":false}}]}}}},
[21:42:20.422] {"t":"camera3d","f":"center","a":{"d":3}},
[21:42:20.471] "/stocks:/i3d-jsonmodels:phonghead_kfb/i2d-scene:mf2d0/grid:/ui-msgbg:/shot-anim:scope66",
[21:42:20.471] "//////shot-anim:scope66",
[21:42:20.471] {"delta":{"timeline":{"p":{"paused":true,"repeat":0},"actors":{"i3d:camera:rotation":[{"dur":3,"p":{"x":0,"y":0,"z":0,"immediateRender":false}}],"i3d:csphere:position":[{"dur":3,"p":{"x":0,"y":0,"z":0,"immediateRender":false}}],"i3d:csphere:rotation":[{"dur":3,"p":{"x":0,"y":0,"z":0,"immediateRender":false}}],"i2d:plane":[{"dur":3,"p":{"x":0,"y":0,"immediateRender":false}}],"i2d:zoom_plane":[{"dur":3,"p":{"rotation":0,"svgOrigin":"0% 0%","immediateRender":false}}]}}}},
[21:42:30.422] {"t":"camera3d","f":"yawflyTo","a":{"r":1.57,"d":3}},
[21:42:30.452] "/stocks:/i3d-jsonmodels:phonghead_kfb/i2d-scene:mf2d0/grid:/ui-msgbg:/shot-anim:scope67",
[21:42:30.452] "//////shot-anim:scope67",
[21:42:30.452] {"delta":{"timeline":{"p":{"paused":true,"repeat":0},"actors":{"i3d:csphere:rotation":[{"dur":3,"p":{"y":1.57,"immediateRender":false}}]}}}},
[21:42:45.422] {"t":"camera3d","f":"yawflyBy","a":{"r":-0.7854,"d":3}},
[21:42:45.463] "/stocks:/i3d-jsonmodels:phonghead_kfb/i2d-scene:mf2d0/grid:/ui-msgbg:/shot-anim:scope68",
[21:42:45.464] {"delta":{"timeline":{"p":{"paused":true,"repeat":0},"actors":{"i3d:csphere:rotation":[{"dur":3,"p":{"y":0.7846000000000001,"immediateRender":false}}]}}}},
[21:42:45.464] "//////shot-anim:scope68",
[21:43:00.425] {"t":"camera3d","f":"yawflyBy","a":{"r":-0.7854,"d":3}},
[21:43:00.469] "/stocks:/i3d-jsonmodels:phonghead_kfb/i2d-scene:mf2d0/grid:/ui-msgbg:/shot-anim:scope69",
[21:43:00.470] "//////shot-anim:scope69",
[21:43:00.470] {"delta":{"timeline":{"p":{"paused":true,"repeat":0},"actors":{"i3d:csphere:rotation":[{"dur":3,"p":{"y":-0.0007999999999999119,"immediateRender":false}}]}}}},
[21:43:10.426] {"t":"camera3d","f":"pitchflyTo","a":{"r":-1.57,"d":3}},
[21:43:10.468] "//////shot-anim:scope70",
[21:43:10.468] {"delta":{"timeline":{"p":{"paused":true,"repeat":0},"actors":{"i3d:csphere:rotation":[{"dur":3,"p":{"x":-1.57,"immediateRender":false}}]}}}},
[21:43:10.468] "/stocks:/i3d-jsonmodels:phonghead_kfb/i2d-scene:mf2d0/grid:/ui-msgbg:/shot-anim:scope70",
[21:43:25.428] {"t":"camera3d","f":"pitchflyBy","a":{"r":0.7854,"d":3}},
[21:43:25.475] "/stocks:/i3d-jsonmodels:phonghead_kfb/i2d-scene:mf2d0/grid:/ui-msgbg:/shot-anim:scope71",
[21:43:25.475] {"delta":{"timeline":{"p":{"paused":true,"repeat":0},"actors":{"i3d:csphere:rotation":[{"dur":3,"p":{"x":-0.7846000000000001,"immediateRender":false}}]}}}},
[21:43:25.475] "//////shot-anim:scope71",
[21:43:40.426] {"t":"camera3d","f":"pitchflyBy","a":{"r":0.7854,"d":3}},
[21:43:40.460] "/stocks:/i3d-jsonmodels:phonghead_kfb/i2d-scene:mf2d0/grid:/ui-msgbg:/shot-anim:scope72",
[21:43:40.461] "//////shot-anim:scope72",
[21:43:40.461] {"delta":{"timeline":{"p":{"paused":true,"repeat":0},"actors":{"i3d:csphere:rotation":[{"dur":3,"p":{"x":0.0007999999999999119,"immediateRender":false}}]}}}},
[21:43:55.427] {"t":"camera3d","f":"dollyflyTo","a":{"x":20,"y":-20,"z":-30,"d":3}},
[21:43:55.471] "/stocks:/i3d-jsonmodels:phonghead_kfb/i2d-scene:mf2d0/grid:/ui-msgbg:/shot-anim:scope73",
[21:43:55.472] {"delta":{"timeline":{"p":{"paused":true,"repeat":0},"actors":{"i3d:csphere:position":[{"dur":3,"p":{"x":20,"y":-20,"z":-30,"immediateRender":false}}]}}}},
[21:43:55.471] "//////shot-anim:scope73",
[21:44:05.426] {"t":"camera3d","f":"dollyflyTo","a":{"x":0,"y":0,"z":30,"d":6}},
[21:44:05.475] "/stocks:/i3d-jsonmodels:phonghead_kfb/i2d-scene:mf2d0/grid:/ui-msgbg:/shot-anim:scope74",
[21:44:05.475] "//////shot-anim:scope74",
[21:44:05.476] {"delta":{"timeline":{"p":{"paused":true,"repeat":0},"actors":{"i3d:csphere:position":[{"dur":6,"p":{"x":20,"y":-20,"z":30,"immediateRender":false}}]}}}},
[21:44:20.427] {"t":"camera3d","f":"tiltflyBy","a":{"r":0.7854,"d":3}},
[21:44:20.469] "/stocks:/i3d-jsonmodels:phonghead_kfb/i2d-scene:mf2d0/grid:/ui-msgbg:/shot-anim:scope75",
[21:44:20.469] "//////shot-anim:scope75",
[21:44:20.469] {"delta":{"timeline":{"p":{"paused":true,"repeat":0},"actors":{"i3d:camera:rotation":[{"dur":3,"p":{"x":0.7854,"immediateRender":false}}]}}}},
[21:44:30.428] {"t":"camera3d","f":"zoomflyTo","a":{"s":2,"d":3}},
[21:44:30.466] "/stocks:/i3d-jsonmodels:phonghead_kfb/i2d-scene:mf2d0/grid:/ui-msgbg:/shot-anim:scope76",
[21:44:30.469] "//////shot-anim:scope76",
[21:44:30.469] {"delta":{"timeline":{"p":{"paused":true,"repeat":0},"actors":{"i3d:csphere:scale":[{"dur":3,"p":{"x":2,"y":2,"z":2,"immediateRender":false}}]}}}},
[21:44:45.431] {"t":"camera3d","f":"home","a":{"d":3}},
[21:44:45.465] "/stocks:/i3d-jsonmodels:phonghead_kfb/i2d-scene:mf2d0/grid:/ui-msgbg:/shot-anim:scope77",
[21:44:45.465] "//////shot-anim:scope77",
[21:44:45.466] {"delta":{"timeline":{"p":{"paused":true,"repeat":0},"actors":{"i3d:camera:rotation":[{"dur":3,"p":{"x":0,"y":0,"z":0,"immediateRender":false}}],"i3d:csphere:position":[{"dur":3,"p":{"x":0,"y":0,"z":0,"immediateRender":false}}],"i3d:csphere:scale":[{"dur":3,"p":{"x":1,"y":1,"z":1,"immediateRender":false}}],"i3d:csphere:rotation":[{"dur":3,"p":{"x":0,"y":0,"z":0,"immediateRender":false}}],"i2d:plane":[{"dur":3,"p":{"x":0,"y":0,"immediateRender":false}}],"i2d:zoom_plane":[{"dur":3,"p":{"rotation":0,"scale":1,"svgOrigin":"0% 0%","immediateRender":false}}]}}}},
