[19:48:29.728] {"t":"narrative","f":"change_scene","a":"a"},
[19:48:30.022] "/a:/i3d-simple:simple_green/i2d-scene:disks0/base-skycube:test_cube/ui-msgbg:/shot-fixed:",
[19:48:30.022] "/a:/i3d-simple:simple_green/i2d-scene:disks0/base-skycube:test_cube//",
[19:48:30.022] {},
[19:48:39.727] {"t":"narrative","f":"change_scene","a":"a0"},
[19:48:39.885] "/a0:/i3d-simple:simple_green/i2d-scene:disks0/base-skycube:test_cube/ui-msgbg:/shot-graft:scope1",
[19:48:39.886] "/a0://///shot-graft:scope1",
[19:48:39.888] {"delta":{"timeline":{"p":{"repeat":0},"actors":{"i3d:cube0:scale":[{"dur":10,"p":{"x":0.5,"y":0.5,"z":0.5}}]}},"branches":{"cube0":{"children":{"cube0_2":{"form":{"type":"'cube.i3d'","x":0,"y":0,"z":0,"textureurl":"./images/sky.jpg","w":5,"h":10,"d":10,"color":"blue","transparent":true,"opacity":1},"transform":{"t":[-20,-10,0],"s":[0.01,0.01,0.01]},"children":{}},"cube0_3":{"form":{"type":"'cube.i3d'","x":0,"y":-20,"z":0,"textureurl":"sky_jpg","w":5,"h":10,"d":10,"color":"blue","transparent":true,"opacity":1},"transform":{"t":[20,0,0],"s":[0.01,0.01,0.01]},"children":{}}}}}}},
[19:48:54.727] {"t":"narrative","f":"change_scene","a":"a1"},
[19:48:54.812] "/a1:/i3d-simple:simple_green/i2d-scene:disks0/base-skycube:test_cube/ui-msgbg:/shot-graft:scope2",
[19:48:54.812] "/a1://///shot-graft:scope2",
[19:48:54.813] {"delta":{"timeline":{"p":{"repeat":0},"actors":{"i3d:cube0_2:scale":[{"dur":10,"p":{"x":1,"y":1,"z":1}}],"i3d:cube0_3:scale":[{"dur":10,"p":{"x":1,"y":1,"z":1}}]}},"branches":{"cube0_2":{"children":{"s0_2_0":{"form":{"type":"'sphere.i3d'","r":5,"color":"blue","transparent":true,"opacity":0.8},"transform":{"e":[0,-0.785,0],"t":[-10,-10,0],"s":[0.01,0.01,0.01]},"children":{}},"s0_2_1":{"form":{"type":"'sphere.i3d'","r":5,"color":"blue","transparent":true,"opacity":0.8},"transform":{"e":[0,0.785,0],"t":[10,10,0],"s":[0.01,0.01,0.01]},"children":{}}}}}}},
[19:49:09.729] {"t":"narrative","f":"change_scene","a":"a2"},
[19:49:09.745] "/a2:/i3d-simple:simple_green/i2d-scene:disks0/base-skycube:test_cube/ui-msgbg:/shot-graft:scope3",
[19:49:09.745] "/a2://///shot-graft:scope3",
[19:49:09.746] {"delta":{"timeline":{"p":{"repeat":0},"actors":{"i3d:s0_2_0:scale":[{"dur":10,"p":{"x":1,"y":1,"z":1}}],"i3d:s0_2_1:scale":[{"dur":10,"p":{"x":1,"y":1,"z":1}}]}},"branches":{}}},
[19:49:24.730] {"t":"camera3d","f":"dollyflyTo","a":{"x":10,"y":10,"z":-20,"d":4}},
[19:49:24.742] "/a2:/i3d-simple:simple_green/i2d-scene:disks0/base-skycube:test_cube/ui-msgbg:/shot-anim:scope4",
[19:49:24.742] "//////shot-anim:scope4",
[19:49:24.742] {"delta":{"timeline":{"p":{"paused":true,"repeat":0},"actors":{"i3d:csphere:position":[{"dur":4,"p":{"x":10,"y":10,"z":-20,"immediateRender":false}}]}}}},
[19:49:34.730] {"t":"narrative","f":"change_scene","a":"payments"},
[19:49:35.851] "/payments:/i3d-simple:phong_head_sphere_kfb/i2d-empty:/black:/ui-msgbg:/shot-fixed:",
[19:49:35.852] "/payments:/i3d-simple:phong_head_sphere_kfb/i2d-empty:/black://shot-fixed:",
[19:49:35.853] {},
[19:49:49.734] {"t":"camera3d","f":"toggle_csphere","a":{"val":false}},
[19:49:49.765] "//////shot-fixed:scope6",
[19:49:49.766] {"delta-t":"camera3d","f":"toggle_csphere","a":false},
[19:49:49.765] "/payments:/i3d-simple:phong_head_sphere_kfb/i2d-empty:/black:/ui-msgbg:/shot-fixed:scope6",
[19:50:04.735] {"t":"camera3d","f":"toggle_csphere","a":{"val":true}},
[19:50:04.777] "/payments:/i3d-simple:phong_head_sphere_kfb/i2d-empty:/black:/ui-msgbg:/shot-fixed:scope7",
[19:50:04.777] {"delta-t":"camera3d","f":"toggle_csphere","a":true},
[19:50:04.777] "//////shot-fixed:scope7",
[19:50:14.742] {"t":"camera3d","f":"toggle_light","a":{"name":"key","val":false}},
[19:50:14.785] "//////shot-fixed:scope8",
[19:50:14.785] "/payments:/i3d-simple:phong_head_sphere_kfb/i2d-empty:/black:/ui-msgbg:/shot-fixed:scope8",
[19:50:14.786] {"delta-t":"camera3d","f":"toggle_light","a":{"name":"key","val":false}},
[19:50:24.742] {"t":"camera3d","f":"toggle_light","a":{"name":"fill","val":false}},
[19:50:24.756] "/payments:/i3d-simple:phong_head_sphere_kfb/i2d-empty:/black:/ui-msgbg:/shot-fixed:scope9",
[19:50:24.757] "//////shot-fixed:scope9",
[19:50:24.757] {"delta-t":"camera3d","f":"toggle_light","a":{"name":"fill","val":false}},
[19:50:39.751] {"t":"camera3d","f":"toggle_light","a":{"name":"back","val":false}},
[19:50:39.789] "/payments:/i3d-simple:phong_head_sphere_kfb/i2d-empty:/black:/ui-msgbg:/shot-fixed:scope10",
[19:50:39.789] "//////shot-fixed:scope10",
[19:50:39.790] {"delta-t":"camera3d","f":"toggle_light","a":{"name":"back","val":false}},
[19:50:49.749] {"t":"camera3d","f":"toggle_light","a":{"name":"key","val":true}},
[19:50:49.769] "/payments:/i3d-simple:phong_head_sphere_kfb/i2d-empty:/black:/ui-msgbg:/shot-fixed:scope11",
[19:50:49.769] "//////shot-fixed:scope11",
[19:50:49.770] {"delta-t":"camera3d","f":"toggle_light","a":{"name":"key","val":true}},
[19:50:59.753] {"t":"camera3d","f":"toggle_light","a":{"name":"fill","val":true}},
[19:50:59.773] "/payments:/i3d-simple:phong_head_sphere_kfb/i2d-empty:/black:/ui-msgbg:/shot-fixed:scope12",
[19:50:59.773] "//////shot-fixed:scope12",
[19:50:59.773] {"delta-t":"camera3d","f":"toggle_light","a":{"name":"fill","val":true}},
[19:51:09.753] {"t":"camera3d","f":"toggle_light","a":{"name":"back","val":true}},
[19:51:09.772] "/payments:/i3d-simple:phong_head_sphere_kfb/i2d-empty:/black:/ui-msgbg:/shot-fixed:scope13",
[19:51:09.773] "//////shot-fixed:scope13",
[19:51:09.773] {"delta-t":"camera3d","f":"toggle_light","a":{"name":"back","val":true}},
[19:51:24.752] {"t":"narrative","f":"change_scene","a":"a"},
[19:51:25.003] "/a:/i3d-simple:simple_green/i2d-scene:disks0/base-skycube:test_cube/ui-msgbg:/shot-fixed:",
[19:51:25.004] "/a:/i3d-simple:simple_green/i2d-scene:disks0/base-skycube:test_cube//shot-fixed:",
[19:51:25.004] {},
[19:51:34.754] {"t":"narrative","f":"shot","a":"shot-graft:{\"delta\":{\"timeline\":{\"p\":{\"repeat\":0},\"actors\":{\"i3d:cube0:scale\":[{\"dur\":10,\"p\":{\"x\":0.5,\"y\":0.5,\"z\":0.5}}]}},\"branches\":{\"cube0\":{\"children\":{\"cube0_2\":{\"form\":{\"type\":\"'cube.i3d'\",\"x\":0,\"y\":0,\"z\":0,\"textureurl\":\"./images/sky.jpg\",\"w\":5,\"h\":10,\"d\":10,\"color\":\"blue\",\"transparent\":true,\"opacity\":1},\"transform\":{\"t\":[-20,-10,0],\"s\":[0.01,0.01,0.01]},\"children\":{}},\"cube0_3\":{\"form\":{\"type\":\"'cube.i3d'\",\"x\":0,\"y\":-20,\"z\":0,\"textureurl\":\"sky_jpg\",\"w\":5,\"h\":10,\"d\":10,\"color\":\"blue\",\"transparent\":true,\"opacity\":1},\"transform\":{\"t\":[20,0,0],\"s\":[0.01,0.01,0.01]},\"children\":{}}}}}}}"},
[19:51:34.926] "/a:/i3d-simple:simple_green/i2d-scene:disks0/base-skycube:test_cube/ui-msgbg:/shot-graft:scope15",
[19:51:34.926] "//////shot-graft:scope15",
[19:51:34.928] {"delta":{"timeline":{"p":{"repeat":0},"actors":{"i3d:cube0:scale":[{"dur":10,"p":{"x":0.5,"y":0.5,"z":0.5}}]}},"branches":{"cube0":{"children":{"cube0_2":{"form":{"type":"'cube.i3d'","x":0,"y":0,"z":0,"textureurl":"./images/sky.jpg","w":5,"h":10,"d":10,"color":"blue","transparent":true,"opacity":1},"transform":{"t":[-20,-10,0],"s":[0.01,0.01,0.01]},"children":{}},"cube0_3":{"form":{"type":"'cube.i3d'","x":0,"y":-20,"z":0,"textureurl":"sky_jpg","w":5,"h":10,"d":10,"color":"blue","transparent":true,"opacity":1},"transform":{"t":[20,0,0],"s":[0.01,0.01,0.01]},"children":{}}}}}}},
[19:51:49.755] {"t":"narrative","f":"shot","a":"shot-graft:{\"delta\":{\"timeline\":{\"p\":{\"repeat\":0},\"actors\":{\"i3d:cube0_2:scale\":[{\"dur\":10,\"p\":{\"x\":1,\"y\":1,\"z\":1}}],\"i3d:cube0_3:scale\":[{\"dur\":10,\"p\":{\"x\":1,\"y\":1,\"z\":1}}]}},\"branches\":{\"cube0_2\":{\"children\":{\"s0_2_0\":{\"form\":{\"type\":\"'sphere.i3d'\",\"r\":5,\"color\":\"blue\",\"transparent\":true,\"opacity\":0.8},\"transform\":{\"e\":[0,-0.785,0],\"t\":[-10,-10,0],\"s\":[0.01,0.01,0.01]},\"children\":{}},\"s0_2_1\":{\"form\":{\"type\":\"'sphere.i3d'\",\"r\":5,\"color\":\"blue\",\"transparent\":true,\"opacity\":0.8},\"transform\":{\"e\":[0,0.785,0],\"t\":[10,10,0],\"s\":[0.01,0.01,0.01]},\"children\":{}}}}}}}"},
[19:51:49.900] "/a:/i3d-simple:simple_green/i2d-scene:disks0/base-skycube:test_cube/ui-msgbg:/shot-graft:scope16",
[19:51:49.901] "//////shot-graft:scope16",
[19:51:49.902] {"delta":{"timeline":{"p":{"repeat":0},"actors":{"i3d:cube0_2:scale":[{"dur":10,"p":{"x":1,"y":1,"z":1}}],"i3d:cube0_3:scale":[{"dur":10,"p":{"x":1,"y":1,"z":1}}]}},"branches":{"cube0_2":{"children":{"s0_2_0":{"form":{"type":"'sphere.i3d'","r":5,"color":"blue","transparent":true,"opacity":0.8},"transform":{"e":[0,-0.785,0],"t":[-10,-10,0],"s":[0.01,0.01,0.01]},"children":{}},"s0_2_1":{"form":{"type":"'sphere.i3d'","r":5,"color":"blue","transparent":true,"opacity":0.8},"transform":{"e":[0,0.785,0],"t":[10,10,0],"s":[0.01,0.01,0.01]},"children":{}}}}}}},
[19:51:59.746] {"t":"narrative","f":"shot","a":"shot-graft:{\"delta\":{\"timeline\":{\"p\":{\"repeat\":0},\"actors\":{\"i3d:s0_2_0:scale\":[{\"dur\":10,\"p\":{\"x\":1,\"y\":1,\"z\":1}}],\"i3d:s0_2_1:scale\":[{\"dur\":10,\"p\":{\"x\":1,\"y\":1,\"z\":1}}]}},\"branches\":{}}}"},
[19:51:59.791] "/a:/i3d-simple:simple_green/i2d-scene:disks0/base-skycube:test_cube/ui-msgbg:/shot-graft:scope17",
[19:51:59.791] "//////shot-graft:scope17",
[19:51:59.792] {"delta":{"timeline":{"p":{"repeat":0},"actors":{"i3d:s0_2_0:scale":[{"dur":10,"p":{"x":1,"y":1,"z":1}}],"i3d:s0_2_1:scale":[{"dur":10,"p":{"x":1,"y":1,"z":1}}]}},"branches":{}}},
[19:52:14.793] {"t":"camera3d","f":"panflyTo","a":{"r":0.7854,"d":4}},
[19:52:14.808] "/a:/i3d-simple:simple_green/i2d-scene:disks0/base-skycube:test_cube/ui-msgbg:/shot-anim:scope18",
[19:52:14.808] "//////shot-anim:scope18",
[19:52:14.808] {"delta":{"timeline":{"p":{"paused":true,"repeat":0},"actors":{"i3d:camera:rotation":[{"dur":4,"p":{"y":0.7854,"immediateRender":false}}]}}}},
[19:52:24.793] {"t":"narrative","f":"change_scene","a":"footprint"},
[19:52:26.631] "/footprint:/i3d-scene:scene1/i2d-empty:/escher:/ui-msgbg:/shot-fixed:",
[19:52:26.631] "/footprint:/i3d-scene:scene1/i2d-empty:/escher://shot-fixed:",
[19:52:26.631] {},
[19:52:34.793] {"t":"camera3d","f":"panflyTo","a":{"r":0.7854,"d":4}},
[19:52:34.844] "/footprint:/i3d-scene:scene1/i2d-empty:/escher:/ui-msgbg:/shot-anim:scope20",
[19:52:34.845] "//////shot-anim:scope20",
[19:52:34.846] {"delta":{"timeline":{"p":{"paused":true,"repeat":0},"actors":{"i3d:camera:rotation":[{"dur":4,"p":{"y":0.7854,"immediateRender":false}}]}}}},
[19:52:49.799] {"t":"camera3d","f":"tiltflyTo","a":{"r":0.7854,"d":4}},
[19:52:49.851] "//////shot-anim:scope21",
[19:52:49.852] {"delta":{"timeline":{"p":{"paused":true,"repeat":0},"actors":{"i3d:camera:rotation":[{"dur":4,"p":{"x":0.7854,"immediateRender":false}}]}}}},
[19:52:49.851] "/footprint:/i3d-scene:scene1/i2d-empty:/escher:/ui-msgbg:/shot-anim:scope21",
[19:53:04.800] {"t":"camera3d","f":"billboardsFaceCamera"},
[19:53:19.801] {"t":"camera3d","f":"tiltflyBy","a":{"r":-0.7854,"d":4}},
[19:53:19.861] "/footprint:/i3d-scene:scene1/i2d-empty:/escher:/ui-msgbg:/shot-anim:scope22",
[19:53:19.862] "//////shot-anim:scope22",
[19:53:19.865] {"delta":{"timeline":{"p":{"paused":true,"repeat":0},"actors":{"i3d:camera:rotation":[{"dur":4,"p":{"x":0,"immediateRender":false}}]}}}},
[19:53:34.804] {"t":"camera3d","f":"panflyBy","a":{"r":-0.7854,"d":4}},
[19:53:34.846] "/footprint:/i3d-scene:scene1/i2d-empty:/escher:/ui-msgbg:/shot-anim:scope23",
[19:53:34.847] {"delta":{"timeline":{"p":{"paused":true,"repeat":0},"actors":{"i3d:camera:rotation":[{"dur":4,"p":{"y":0,"immediateRender":false}}]}}}},
[19:53:34.846] "//////shot-anim:scope23",
[19:53:49.802] {"t":"narrative","f":"change_scene","a":"circle"},
[19:53:50.405] "/circle:/i3d-simple:simple_red/i2d-scene:disks0/base-skycube:test_cube/ui-msgbg:/shot-graft:a0",
[19:53:50.405] "/circle:/i3d-simple:simple_red/i2d-scene:disks0/base-skycube:test_cube//shot-graft:a0",
[19:53:50.407] {"delta":{"timeline":[{"id":"cube0_1","dur":10,"p":{"scale":[1,1,1]},"delay":2}],"branches":{"cube0":{"children":{"cube0_2":{"form":{"type":"'cube.i3d'","x":0,"y":0,"z":0,"textureurl":"./images/sky.jpg","w":20,"h":20,"d":20,"color":"blue","transparent":true,"opacity":1},"transform":{"t":[-20,-10,0],"s":[0.25,1,0.25]},"children":{}},"cube0_3":{"form":{"type":"'cube.i3d'","x":0,"y":-20,"z":0,"textureurl":"sky_jpg","w":20,"h":40,"d":20,"color":"blue","transparent":true,"opacity":1},"transform":{"t":[20,0,0],"s":[0.5,1,0.5]},"children":{}}}}}}},
[19:53:59.802] {"t":"narrative","f":"change_state","a":"/circle:/i3d-simple:simple_red/i2d-scene:mf2d0/base-skycube:test_cube/ui-msgbg:/shot-fixed:"},
[19:54:00.017] {},
[19:54:00.015] "///i2d-scene:mf2d0///shot-fixed:",
[19:54:00.015] "/circle:/i3d-simple:simple_red/i2d-scene:mf2d0/base-skycube:test_cube/ui-msgbg:/shot-fixed:",
[19:54:14.820] {"t":"narrative","f":"change_scene","a":"stocks"},
[19:54:16.317] "/stocks:/i3d-jsonmodels:phonghead_kfb/i2d-scene:defsuse0/grid:/ui-msgbg:/shot-fixed:",
[19:54:16.317] "/stocks:/i3d-jsonmodels:phonghead_kfb/i2d-scene:defsuse0/grid://",
[19:54:16.318] {},
[19:54:29.804] {"t":"narrative","f":"change_state","a":"///i2d-scene:mf2d0///"},
[19:54:30.071] "/stocks:/i3d-jsonmodels:phonghead_kfb/i2d-scene:mf2d0/grid:/ui-msgbg:/shot-fixed:",
[19:54:30.072] "///i2d-scene:mf2d0///",
[19:54:30.073] {},
[19:54:44.806] {"t":"camera3d","f":"panflyBy","a":{"r":-0.7854,"d":4}},
[19:54:44.839] "/stocks:/i3d-jsonmodels:phonghead_kfb/i2d-scene:mf2d0/grid:/ui-msgbg:/shot-anim:scope28",
[19:54:44.840] "//////shot-anim:scope28",
[19:54:44.840] {"delta":{"timeline":{"p":{"paused":true,"repeat":0},"actors":{"i3d:camera:rotation":[{"dur":4,"p":{"y":-0.7854,"immediateRender":false}}]}}}},
[19:54:59.806] {"t":"camera2d","f":"zoomflyBy","a":{"s":0.9,"d":3}},
[19:54:59.853] "/stocks:/i3d-jsonmodels:phonghead_kfb/i2d-scene:mf2d0/grid:/ui-msgbg:/shot-anim:scope29",
[19:54:59.853] "//////shot-anim:scope29",
[19:54:59.853] {"delta":{"timeline":{"p":{"paused":true,"repeat":0,"tweens":[]},"actors":{"i2d:zoom_plane":[{"dur":3,"p":{"scale":0.9,"svgOrigin":"0% 0%","immediateRender":false}}]}}}},
[19:55:14.806] {"t":"camera2d","f":"zoomflyTo","a":{"s":2,"d":3}},
[19:55:14.847] "/stocks:/i3d-jsonmodels:phonghead_kfb/i2d-scene:mf2d0/grid:/ui-msgbg:/shot-anim:scope30",
[19:55:14.848] "//////shot-anim:scope30",
[19:55:14.849] {"delta":{"timeline":{"p":{"paused":true,"repeat":0,"tweens":[]},"actors":{"i2d:zoom_plane":[{"dur":3,"p":{"scale":2,"svgOrigin":"0% 0%","immediateRender":false}}]}}}},
[19:55:24.807] {"t":"camera2d","f":"zoomflyTo","a":{"s":0.5,"d":3}},
[19:55:24.861] "/stocks:/i3d-jsonmodels:phonghead_kfb/i2d-scene:mf2d0/grid:/ui-msgbg:/shot-anim:scope31",
[19:55:24.861] "//////shot-anim:scope31",
[19:55:24.862] {"delta":{"timeline":{"p":{"paused":true,"repeat":0,"tweens":[]},"actors":{"i2d:zoom_plane":[{"dur":3,"p":{"scale":0.5,"svgOrigin":"0% 0%","immediateRender":false}}]}}}},
[19:55:39.809] {"t":"camera2d","f":"dollyflyTo","a":{"x":20,"d":3}},
[19:55:39.857] "/stocks:/i3d-jsonmodels:phonghead_kfb/i2d-scene:mf2d0/grid:/ui-msgbg:/shot-anim:scope32",
[19:55:39.857] "//////shot-anim:scope32",
[19:55:39.858] {"delta":{"timeline":{"p":{"paused":true,"repeat":0,"tweens":[]},"actors":{"i2d:plane":[{"dur":3,"p":{"x":20,"y":0,"immediateRender":false}}]}}}},
[19:55:49.811] {"t":"camera2d","f":"center","a":{"d":3}},
[19:55:49.875] "/stocks:/i3d-jsonmodels:phonghead_kfb/i2d-scene:mf2d0/grid:/ui-msgbg:/shot-anim:scope33",
[19:55:49.875] "//////shot-anim:scope33",
[19:55:49.875] {"delta":{"timeline":{"p":{"paused":true,"repeat":0},"actors":{"i2d:plane":[{"dur":3,"p":{"x":0,"y":0,"immediateRender":false}}],"i2d:zoom_plane":[{"dur":3,"p":{"rotation":0,"svgOrigin":"0% 0%","immediateRender":false}}]}}}},
[19:55:59.812] {"t":"camera2d","f":"home","a":{"d":3}},
[19:55:59.867] "/stocks:/i3d-jsonmodels:phonghead_kfb/i2d-scene:mf2d0/grid:/ui-msgbg:/shot-anim:scope34",
[19:55:59.868] "//////shot-anim:scope34",
[19:55:59.868] {"delta":{"timeline":{"p":{"paused":true,"repeat":0},"actors":{"i2d:plane":[{"dur":3,"p":{"x":0,"y":0,"immediateRender":false}}],"i2d:zoom_plane":[{"dur":3,"p":{"rotation":0,"scale":1,"svgOrigin":"0% 0%","immediateRender":false}}]}}}},
[19:56:14.813] {"t":"camera2d","f":"rollflyTo","a":{"r":-90,"d":3}},
[19:56:14.858] "/stocks:/i3d-jsonmodels:phonghead_kfb/i2d-scene:mf2d0/grid:/ui-msgbg:/shot-anim:scope35",
[19:56:14.859] {"delta":{"timeline":{"p":{"paused":true,"repeat":0,"tweens":[]},"actors":{"i2d:zoom_plane":[{"dur":3,"p":{"rotation":-90,"svgOrigin":"0% 0%","immediateRender":false}}]}}}},
[19:56:14.859] "//////shot-anim:scope35",
[19:56:24.813] {"t":"camera2d","f":"rollflyBy","a":{"r":45,"d":3}},
[19:56:24.871] "/stocks:/i3d-jsonmodels:phonghead_kfb/i2d-scene:mf2d0/grid:/ui-msgbg:/shot-anim:scope36",
[19:56:24.871] "//////shot-anim:scope36",
[19:56:24.871] {"delta":{"timeline":{"p":{"paused":true,"repeat":0,"tweens":[]},"actors":{"i2d:zoom_plane":[{"dur":3,"p":{"rotation":-45,"svgOrigin":"0% 0%","immediateRender":false}}]}}}},
[19:56:34.813] {"t":"camera2d","f":"rollflyBy","a":{"r":45,"d":3}},
[19:56:34.863] "/stocks:/i3d-jsonmodels:phonghead_kfb/i2d-scene:mf2d0/grid:/ui-msgbg:/shot-anim:scope37",
[19:56:34.863] "//////shot-anim:scope37",
[19:56:34.863] {"delta":{"timeline":{"p":{"paused":true,"repeat":0,"tweens":[]},"actors":{"i2d:zoom_plane":[{"dur":3,"p":{"rotation":0,"svgOrigin":"0% 0%","immediateRender":false}}]}}}},
[19:56:49.814] {"t":"camera2d","f":"dollyflyTo","a":{"x":20,"d":3}},
[19:56:49.854] "/stocks:/i3d-jsonmodels:phonghead_kfb/i2d-scene:mf2d0/grid:/ui-msgbg:/shot-anim:scope38",
[19:56:49.854] "//////shot-anim:scope38",
[19:56:49.855] {"delta":{"timeline":{"p":{"paused":true,"repeat":0,"tweens":[]},"actors":{"i2d:plane":[{"dur":3,"p":{"x":20,"y":0,"immediateRender":false}}]}}}},
[19:56:59.814] {"t":"camera2d","f":"dollyflyTo","a":{"y":20,"d":3}},
[19:56:59.855] "/stocks:/i3d-jsonmodels:phonghead_kfb/i2d-scene:mf2d0/grid:/ui-msgbg:/shot-anim:scope39",
[19:56:59.856] "//////shot-anim:scope39",
[19:56:59.856] {"delta":{"timeline":{"p":{"paused":true,"repeat":0,"tweens":[]},"actors":{"i2d:plane":[{"dur":3,"p":{"x":20,"y":-20,"immediateRender":false}}]}}}},
[19:57:14.815] {"t":"camera2d","f":"dollyflyTo","a":{"x":0,"d":3}},
[19:57:14.869] "/stocks:/i3d-jsonmodels:phonghead_kfb/i2d-scene:mf2d0/grid:/ui-msgbg:/shot-anim:scope40",
[19:57:14.870] "//////shot-anim:scope40",
[19:57:14.870] {"delta":{"timeline":{"p":{"paused":true,"repeat":0,"tweens":[]},"actors":{"i2d:plane":[{"dur":3,"p":{"x":0,"y":-20,"immediateRender":false}}]}}}},
[19:57:24.819] {"t":"camera2d","f":"dollyflyTo","a":{"y":-40,"d":3}},
[19:57:24.871] "//////shot-anim:scope41",
[19:57:24.870] "/stocks:/i3d-jsonmodels:phonghead_kfb/i2d-scene:mf2d0/grid:/ui-msgbg:/shot-anim:scope41",
[19:57:24.871] {"delta":{"timeline":{"p":{"paused":true,"repeat":0,"tweens":[]},"actors":{"i2d:plane":[{"dur":3,"p":{"x":0,"y":40,"immediateRender":false}}]}}}},
[19:57:39.820] {"t":"camera2d","f":"dollyflyTo","a":{"x":20,"d":3}},
[19:57:39.866] "/stocks:/i3d-jsonmodels:phonghead_kfb/i2d-scene:mf2d0/grid:/ui-msgbg:/shot-anim:scope42",
[19:57:39.867] "//////shot-anim:scope42",
[19:57:39.867] {"delta":{"timeline":{"p":{"paused":true,"repeat":0,"tweens":[]},"actors":{"i2d:plane":[{"dur":3,"p":{"x":20,"y":40,"immediateRender":false}}]}}}},
[19:57:54.820] {"t":"camera2d","f":"dollyflyTo","a":{"x":0,"d":3}},
[19:57:54.841] "/stocks:/i3d-jsonmodels:phonghead_kfb/i2d-scene:mf2d0/grid:/ui-msgbg:/shot-anim:scope43",
[19:57:54.841] "//////shot-anim:scope43",
[19:57:54.841] {"delta":{"timeline":{"p":{"paused":true,"repeat":0,"tweens":[]},"actors":{"i2d:plane":[{"dur":3,"p":{"x":0,"y":40,"immediateRender":false}}]}}}},
[19:58:04.819] {"t":"camera3d","f":"tiltflyTo","a":{"r":-0.7854,"d":3}},
[19:58:04.840] "/stocks:/i3d-jsonmodels:phonghead_kfb/i2d-scene:mf2d0/grid:/ui-msgbg:/shot-anim:scope44",
[19:58:04.840] "//////shot-anim:scope44",
[19:58:04.840] {"delta":{"timeline":{"p":{"paused":true,"repeat":0},"actors":{"i3d:camera:rotation":[{"dur":3,"p":{"x":-0.7854,"immediateRender":false}}]}}}},
[19:58:14.820] {"t":"camera3d","f":"panflyTo","a":{"r":-0.7854,"d":3}},
[19:58:14.869] "/stocks:/i3d-jsonmodels:phonghead_kfb/i2d-scene:mf2d0/grid:/ui-msgbg:/shot-anim:scope45",
[19:58:14.870] "//////shot-anim:scope45",
[19:58:14.870] {"delta":{"timeline":{"p":{"paused":true,"repeat":0},"actors":{"i3d:camera:rotation":[{"dur":3,"p":{"y":-0.7854,"immediateRender":false}}]}}}},
[19:58:24.820] {"t":"camera3d","f":"lookAt"},
[19:58:24.825] {"t":"camera3d","f":"lookAt"},
