[20:52:26.888] {"t":"narrative","f":"change_scene","a":"a"},
[20:52:27.149] "/a:/i3d-simple:simple_green/i2d-scene:disks0/base-skycube:test_cube/ui-msgbg:/shot-fixed:",
[20:52:27.150] "/a:/i3d-simple:simple_green/i2d-scene:disks0/base-skycube:test_cube//",
[20:52:27.150] {},
[20:52:41.885] {"t":"narrative","f":"change_scene","a":"a0"},
[20:52:42.015] "/a0:/i3d-simple:simple_green/i2d-scene:disks0/base-skycube:test_cube/ui-msgbg:/shot-graft:scope1",
[20:52:42.016] "/a0://///shot-graft:scope1",
[20:52:42.019] {"delta":{"timeline":{"p":{"repeat":0},"actors":{"i3d:cube0:scale":[{"dur":10,"p":{"x":0.5,"y":0.5,"z":0.5}}]}},"branches":{"cube0":{"children":{"cube0_2":{"form":{"type":"'cube.i3d'","x":0,"y":0,"z":0,"textureurl":"./images/sky.jpg","w":5,"h":10,"d":10,"color":"blue","transparent":true,"opacity":1},"transform":{"t":[-20,-10,0],"s":[0.01,0.01,0.01]},"children":{}},"cube0_3":{"form":{"type":"'cube.i3d'","x":0,"y":-20,"z":0,"textureurl":"sky_jpg","w":5,"h":10,"d":10,"color":"blue","transparent":true,"opacity":1},"transform":{"t":[20,0,0],"s":[0.01,0.01,0.01]},"children":{}}}}}}},
[20:52:51.875] {"t":"narrative","f":"change_scene","a":"a1"},
[20:52:51.973] "/a1:/i3d-simple:simple_green/i2d-scene:disks0/base-skycube:test_cube/ui-msgbg:/shot-graft:scope2",
[20:52:51.973] "/a1://///shot-graft:scope2",
[20:52:51.974] {"delta":{"timeline":{"p":{"repeat":0},"actors":{"i3d:cube0_2:scale":[{"dur":10,"p":{"x":1,"y":1,"z":1}}],"i3d:cube0_3:scale":[{"dur":10,"p":{"x":1,"y":1,"z":1}}]}},"branches":{"cube0_2":{"children":{"s0_2_0":{"form":{"type":"'sphere.i3d'","r":5,"color":"blue","transparent":true,"opacity":0.8},"transform":{"e":[0,-0.785,0],"t":[-10,-10,0],"s":[0.01,0.01,0.01]},"children":{}},"s0_2_1":{"form":{"type":"'sphere.i3d'","r":5,"color":"blue","transparent":true,"opacity":0.8},"transform":{"e":[0,0.785,0],"t":[10,10,0],"s":[0.01,0.01,0.01]},"children":{}}}}}}},
[20:53:06.974] {"t":"narrative","f":"change_scene","a":"a2"},
[20:53:06.990] "/a2:/i3d-simple:simple_green/i2d-scene:disks0/base-skycube:test_cube/ui-msgbg:/shot-graft:scope3",
[20:53:06.990] "/a2://///shot-graft:scope3",
[20:53:06.990] {"delta":{"timeline":{"p":{"repeat":0},"actors":{"i3d:s0_2_0:scale":[{"dur":10,"p":{"x":1,"y":1,"z":1}}],"i3d:s0_2_1:scale":[{"dur":10,"p":{"x":1,"y":1,"z":1}}]}},"branches":{}}},
[20:53:16.968] {"t":"camera3d","f":"dollyflyTo","a":{"x":10,"y":10,"z":-20,"d":4}},
[20:53:17.010] "/a2:/i3d-simple:simple_green/i2d-scene:disks0/base-skycube:test_cube/ui-msgbg:/shot-anim:scope4",
[20:53:17.010] "//////shot-anim:scope4",
[20:53:17.011] {"delta":{"timeline":{"p":{"paused":true,"repeat":0},"actors":{"i3d:csphere:position":[{"dur":4,"p":{"x":10,"y":10,"z":-20,"immediateRender":false}}]}}}},
[20:53:27.000] {"t":"narrative","f":"change_scene","a":"payments"},
[20:53:28.012] "/payments:/i3d-simple:phong_head_sphere_kfb/i2d-empty:/black:/ui-msgbg:/shot-fixed:",
[20:53:28.013] "/payments:/i3d-simple:phong_head_sphere_kfb/i2d-empty:/black://shot-fixed:",
[20:53:28.013] {},
[20:53:42.000] {"t":"camera3d","f":"toggle_csphere","a":{"val":false}},
[20:53:42.026] "/payments:/i3d-simple:phong_head_sphere_kfb/i2d-empty:/black:/ui-msgbg:/shot-fixed:scope6",
[20:53:42.026] "//////shot-fixed:scope6",
[20:53:42.027] {"delta-t":"camera3d","f":"toggle_csphere","a":false},
[20:53:52.001] {"t":"camera3d","f":"toggle_csphere","a":{"val":true}},
[20:53:52.015] "/payments:/i3d-simple:phong_head_sphere_kfb/i2d-empty:/black:/ui-msgbg:/shot-fixed:scope7",
[20:53:52.016] "//////shot-fixed:scope7",
[20:53:52.016] {"delta-t":"camera3d","f":"toggle_csphere","a":true},
[20:54:07.002] {"t":"camera3d","f":"toggle_light","a":{"name":"key","val":false}},
[20:54:07.023] "/payments:/i3d-simple:phong_head_sphere_kfb/i2d-empty:/black:/ui-msgbg:/shot-fixed:scope8",
[20:54:07.024] "//////shot-fixed:scope8",
[20:54:07.024] {"delta-t":"camera3d","f":"toggle_light","a":{"name":"key","val":false}},
[20:54:17.002] {"t":"camera3d","f":"toggle_light","a":{"name":"fill","val":false}},
[20:54:17.028] "/payments:/i3d-simple:phong_head_sphere_kfb/i2d-empty:/black:/ui-msgbg:/shot-fixed:scope9",
[20:54:17.029] "//////shot-fixed:scope9",
[20:54:17.029] {"delta-t":"camera3d","f":"toggle_light","a":{"name":"fill","val":false}},
[20:54:32.002] {"t":"camera3d","f":"toggle_light","a":{"name":"back","val":false}},
[20:54:32.017] "/payments:/i3d-simple:phong_head_sphere_kfb/i2d-empty:/black:/ui-msgbg:/shot-fixed:scope10",
[20:54:32.017] "//////shot-fixed:scope10",
[20:54:32.017] {"delta-t":"camera3d","f":"toggle_light","a":{"name":"back","val":false}},
[20:54:47.003] {"t":"camera3d","f":"toggle_light","a":{"name":"key","val":true}},
[20:54:47.020] "/payments:/i3d-simple:phong_head_sphere_kfb/i2d-empty:/black:/ui-msgbg:/shot-fixed:scope11",
[20:54:47.020] "//////shot-fixed:scope11",
[20:54:47.021] {"delta-t":"camera3d","f":"toggle_light","a":{"name":"key","val":true}},
[20:54:57.005] {"t":"camera3d","f":"toggle_light","a":{"name":"fill","val":true}},
[20:54:57.025] "/payments:/i3d-simple:phong_head_sphere_kfb/i2d-empty:/black:/ui-msgbg:/shot-fixed:scope12",
[20:54:57.025] "//////shot-fixed:scope12",
[20:54:57.025] {"delta-t":"camera3d","f":"toggle_light","a":{"name":"fill","val":true}},
[20:55:12.004] {"t":"camera3d","f":"toggle_light","a":{"name":"back","val":true}},
[20:55:12.035] "/payments:/i3d-simple:phong_head_sphere_kfb/i2d-empty:/black:/ui-msgbg:/shot-fixed:scope13",
[20:55:12.036] "//////shot-fixed:scope13",
[20:55:12.036] {"delta-t":"camera3d","f":"toggle_light","a":{"name":"back","val":true}},
[20:55:27.007] {"t":"narrative","f":"change_scene","a":"a"},
[20:55:27.253] "/a:/i3d-simple:simple_green/i2d-scene:disks0/base-skycube:test_cube//shot-fixed:",
[20:55:27.253] {},
[20:55:27.252] "/a:/i3d-simple:simple_green/i2d-scene:disks0/base-skycube:test_cube/ui-msgbg:/shot-fixed:",
[20:55:42.011] {"t":"narrative","f":"shot","a":"shot-graft:{\"delta\":{\"timeline\":{\"p\":{\"repeat\":0},\"actors\":{\"i3d:cube0:scale\":[{\"dur\":10,\"p\":{\"x\":0.5,\"y\":0.5,\"z\":0.5}}]}},\"branches\":{\"cube0\":{\"children\":{\"cube0_2\":{\"form\":{\"type\":\"'cube.i3d'\",\"x\":0,\"y\":0,\"z\":0,\"textureurl\":\"./images/sky.jpg\",\"w\":5,\"h\":10,\"d\":10,\"color\":\"blue\",\"transparent\":true,\"opacity\":1},\"transform\":{\"t\":[-20,-10,0],\"s\":[0.01,0.01,0.01]},\"children\":{}},\"cube0_3\":{\"form\":{\"type\":\"'cube.i3d'\",\"x\":0,\"y\":-20,\"z\":0,\"textureurl\":\"sky_jpg\",\"w\":5,\"h\":10,\"d\":10,\"color\":\"blue\",\"transparent\":true,\"opacity\":1},\"transform\":{\"t\":[20,0,0],\"s\":[0.01,0.01,0.01]},\"children\":{}}}}}}}"},
[20:55:42.170] "/a:/i3d-simple:simple_green/i2d-scene:disks0/base-skycube:test_cube/ui-msgbg:/shot-graft:scope15",
[20:55:42.170] "//////shot-graft:scope15",
[20:55:42.171] {"delta":{"timeline":{"p":{"repeat":0},"actors":{"i3d:cube0:scale":[{"dur":10,"p":{"x":0.5,"y":0.5,"z":0.5}}]}},"branches":{"cube0":{"children":{"cube0_2":{"form":{"type":"'cube.i3d'","x":0,"y":0,"z":0,"textureurl":"./images/sky.jpg","w":5,"h":10,"d":10,"color":"blue","transparent":true,"opacity":1},"transform":{"t":[-20,-10,0],"s":[0.01,0.01,0.01]},"children":{}},"cube0_3":{"form":{"type":"'cube.i3d'","x":0,"y":-20,"z":0,"textureurl":"sky_jpg","w":5,"h":10,"d":10,"color":"blue","transparent":true,"opacity":1},"transform":{"t":[20,0,0],"s":[0.01,0.01,0.01]},"children":{}}}}}}},
[20:55:57.011] {"t":"narrative","f":"shot","a":"shot-graft:{\"delta\":{\"timeline\":{\"p\":{\"repeat\":0},\"actors\":{\"i3d:cube0_2:scale\":[{\"dur\":10,\"p\":{\"x\":1,\"y\":1,\"z\":1}}],\"i3d:cube0_3:scale\":[{\"dur\":10,\"p\":{\"x\":1,\"y\":1,\"z\":1}}]}},\"branches\":{\"cube0_2\":{\"children\":{\"s0_2_0\":{\"form\":{\"type\":\"'sphere.i3d'\",\"r\":5,\"color\":\"blue\",\"transparent\":true,\"opacity\":0.8},\"transform\":{\"e\":[0,-0.785,0],\"t\":[-10,-10,0],\"s\":[0.01,0.01,0.01]},\"children\":{}},\"s0_2_1\":{\"form\":{\"type\":\"'sphere.i3d'\",\"r\":5,\"color\":\"blue\",\"transparent\":true,\"opacity\":0.8},\"transform\":{\"e\":[0,0.785,0],\"t\":[10,10,0],\"s\":[0.01,0.01,0.01]},\"children\":{}}}}}}}"},
[20:55:57.139] "/a:/i3d-simple:simple_green/i2d-scene:disks0/base-skycube:test_cube/ui-msgbg:/shot-graft:scope16",
[20:55:57.139] "//////shot-graft:scope16",
[20:55:57.140] {"delta":{"timeline":{"p":{"repeat":0},"actors":{"i3d:cube0_2:scale":[{"dur":10,"p":{"x":1,"y":1,"z":1}}],"i3d:cube0_3:scale":[{"dur":10,"p":{"x":1,"y":1,"z":1}}]}},"branches":{"cube0_2":{"children":{"s0_2_0":{"form":{"type":"'sphere.i3d'","r":5,"color":"blue","transparent":true,"opacity":0.8},"transform":{"e":[0,-0.785,0],"t":[-10,-10,0],"s":[0.01,0.01,0.01]},"children":{}},"s0_2_1":{"form":{"type":"'sphere.i3d'","r":5,"color":"blue","transparent":true,"opacity":0.8},"transform":{"e":[0,0.785,0],"t":[10,10,0],"s":[0.01,0.01,0.01]},"children":{}}}}}}},
[20:56:07.031] {"t":"narrative","f":"shot","a":"shot-graft:{\"delta\":{\"timeline\":{\"p\":{\"repeat\":0},\"actors\":{\"i3d:s0_2_0:scale\":[{\"dur\":10,\"p\":{\"x\":1,\"y\":1,\"z\":1}}],\"i3d:s0_2_1:scale\":[{\"dur\":10,\"p\":{\"x\":1,\"y\":1,\"z\":1}}]}},\"branches\":{}}}"},
[20:56:07.066] "/a:/i3d-simple:simple_green/i2d-scene:disks0/base-skycube:test_cube/ui-msgbg:/shot-graft:scope17",
[20:56:07.066] "//////shot-graft:scope17",
[20:56:07.066] {"delta":{"timeline":{"p":{"repeat":0},"actors":{"i3d:s0_2_0:scale":[{"dur":10,"p":{"x":1,"y":1,"z":1}}],"i3d:s0_2_1:scale":[{"dur":10,"p":{"x":1,"y":1,"z":1}}]}},"branches":{}}},
[20:56:17.050] "/a:/i3d-simple:simple_green/i2d-scene:disks0/base-skycube:test_cube/ui-msgbg:/shot-anim:scope18",
[20:56:17.054] "//////shot-anim:scope18",
[20:56:17.055] {"delta":{"timeline":{"p":{"paused":true,"repeat":0},"actors":{"i3d:camera:rotation":[{"dur":4,"p":{"y":0.7854,"immediateRender":false}}]}}}},
[20:56:17.030] {"t":"camera3d","f":"panflyTo","a":{"r":0.7854,"d":4}},
[20:56:27.012] {"t":"narrative","f":"change_scene","a":"footprint"},
[20:56:28.998] "/footprint:/i3d-scene:scene1/i2d-empty:/escher:/ui-msgbg:/shot-fixed:",
[20:56:28.998] "/footprint:/i3d-scene:scene1/i2d-empty:/escher://shot-fixed:",
[20:56:29.000] {},
[20:56:42.013] {"t":"camera3d","f":"panflyTo","a":{"r":0.7854,"d":4}},
[20:56:42.050] "/footprint:/i3d-scene:scene1/i2d-empty:/escher:/ui-msgbg:/shot-anim:scope20",
[20:56:42.050] "//////shot-anim:scope20",
[20:56:42.051] {"delta":{"timeline":{"p":{"paused":true,"repeat":0},"actors":{"i3d:camera:rotation":[{"dur":4,"p":{"y":0.7854,"immediateRender":false}}]}}}},
[20:56:52.015] {"t":"camera3d","f":"tiltflyTo","a":{"r":0.7854,"d":4}},
[20:56:52.074] "/footprint:/i3d-scene:scene1/i2d-empty:/escher:/ui-msgbg:/shot-anim:scope21",
[20:56:52.074] "//////shot-anim:scope21",
[20:56:52.076] {"delta":{"timeline":{"p":{"paused":true,"repeat":0},"actors":{"i3d:camera:rotation":[{"dur":4,"p":{"x":0.7854,"immediateRender":false}}]}}}},
[20:57:07.025] {"t":"camera3d","f":"billboardsFaceCamera"},
[20:57:22.026] {"t":"camera3d","f":"tiltflyBy","a":{"r":-0.7854,"d":4}},
[20:57:22.066] "/footprint:/i3d-scene:scene1/i2d-empty:/escher:/ui-msgbg:/shot-anim:scope22",
[20:57:22.067] "//////shot-anim:scope22",
[20:57:22.068] {"delta":{"timeline":{"p":{"paused":true,"repeat":0},"actors":{"i3d:camera:rotation":[{"dur":4,"p":{"x":0,"immediateRender":false}}]}}}},
[20:57:32.031] {"t":"camera3d","f":"panflyBy","a":{"r":-0.7854,"d":4}},
[20:57:32.076] "/footprint:/i3d-scene:scene1/i2d-empty:/escher:/ui-msgbg:/shot-anim:scope23",
[20:57:32.077] "//////shot-anim:scope23",
[20:57:32.077] {"delta":{"timeline":{"p":{"paused":true,"repeat":0},"actors":{"i3d:camera:rotation":[{"dur":4,"p":{"y":0,"immediateRender":false}}]}}}},
[20:57:47.026] {"t":"narrative","f":"change_scene","a":"circle"},
[20:57:47.479] "/circle:/i3d-simple:simple_red/i2d-scene:disks0/base-skycube:test_cube/ui-msgbg:/shot-graft:a0",
[20:57:47.479] "/circle:/i3d-simple:simple_red/i2d-scene:disks0/base-skycube:test_cube//shot-graft:a0",
[20:57:47.480] {"delta":{"timeline":[{"id":"cube0_1","dur":10,"p":{"scale":[1,1,1]},"delay":2}],"branches":{"cube0":{"children":{"cube0_2":{"form":{"type":"'cube.i3d'","x":0,"y":0,"z":0,"textureurl":"./images/sky.jpg","w":20,"h":20,"d":20,"color":"blue","transparent":true,"opacity":1},"transform":{"t":[-20,-10,0],"s":[0.25,1,0.25]},"children":{}},"cube0_3":{"form":{"type":"'cube.i3d'","x":0,"y":-20,"z":0,"textureurl":"sky_jpg","w":20,"h":40,"d":20,"color":"blue","transparent":true,"opacity":1},"transform":{"t":[20,0,0],"s":[0.5,1,0.5]},"children":{}}}}}}},
[20:57:57.027] {"t":"narrative","f":"change_state","a":"/circle:/i3d-simple:simple_red/i2d-scene:mf2d0/base-skycube:test_cube/ui-msgbg:/shot-fixed:"},
[20:57:57.244] "/circle:/i3d-simple:simple_red/i2d-scene:mf2d0/base-skycube:test_cube/ui-msgbg:/shot-fixed:",
[20:57:57.245] "///i2d-scene:mf2d0///shot-fixed:",
[20:57:57.246] {},
[20:58:07.029] {"t":"narrative","f":"change_scene","a":"stocks"},
[20:58:08.708] "/stocks:/i3d-jsonmodels:phonghead_kfb/i2d-scene:defsuse0/grid:/ui-msgbg:/shot-fixed:",
[20:58:08.708] "/stocks:/i3d-jsonmodels:phonghead_kfb/i2d-scene:defsuse0/grid://",
[20:58:08.708] {},
[20:58:27.034] {"t":"narrative","f":"change_state","a":"///i2d-scene:mf2d0///"},
[20:58:27.301] "///i2d-scene:mf2d0///",
[20:58:27.303] {},
[20:58:27.301] "/stocks:/i3d-jsonmodels:phonghead_kfb/i2d-scene:mf2d0/grid:/ui-msgbg:/shot-fixed:",
[20:58:37.035] {"t":"camera3d","f":"panflyBy","a":{"r":-0.7854,"d":4}},
[20:58:37.075] "/stocks:/i3d-jsonmodels:phonghead_kfb/i2d-scene:mf2d0/grid:/ui-msgbg:/shot-anim:scope28",
[20:58:37.076] "//////shot-anim:scope28",
[20:58:37.076] {"delta":{"timeline":{"p":{"paused":true,"repeat":0},"actors":{"i3d:camera:rotation":[{"dur":4,"p":{"y":-0.7854,"immediateRender":false}}]}}}},
[20:58:52.033] {"t":"camera2d","f":"zoomflyBy","a":{"s":0.9,"d":3}},
[20:58:52.081] {"delta":{"timeline":{"p":{"paused":true,"repeat":0,"tweens":[]},"actors":{"i2d:zoom_plane":[{"dur":3,"p":{"scale":0.9,"svgOrigin":"0% 0%","immediateRender":false}}]}}}},
[20:58:52.081] "/stocks:/i3d-jsonmodels:phonghead_kfb/i2d-scene:mf2d0/grid:/ui-msgbg:/shot-anim:scope29",
[20:58:52.081] "//////shot-anim:scope29",
[20:59:07.033] {"t":"camera2d","f":"zoomflyTo","a":{"s":2,"d":3}},
[20:59:07.071] "/stocks:/i3d-jsonmodels:phonghead_kfb/i2d-scene:mf2d0/grid:/ui-msgbg:/shot-anim:scope30",
[20:59:07.071] "//////shot-anim:scope30",
[20:59:07.071] {"delta":{"timeline":{"p":{"paused":true,"repeat":0,"tweens":[]},"actors":{"i2d:zoom_plane":[{"dur":3,"p":{"scale":2,"svgOrigin":"0% 0%","immediateRender":false}}]}}}},
[20:59:17.033] {"t":"camera2d","f":"zoomflyTo","a":{"s":0.5,"d":3}},
[20:59:17.056] "/stocks:/i3d-jsonmodels:phonghead_kfb/i2d-scene:mf2d0/grid:/ui-msgbg:/shot-anim:scope31",
[20:59:17.056] "//////shot-anim:scope31",
[20:59:17.057] {"delta":{"timeline":{"p":{"paused":true,"repeat":0,"tweens":[]},"actors":{"i2d:zoom_plane":[{"dur":3,"p":{"scale":0.5,"svgOrigin":"0% 0%","immediateRender":false}}]}}}},
[20:59:27.034] {"t":"camera2d","f":"dollyflyTo","a":{"x":20,"d":3}},
[20:59:27.072] "/stocks:/i3d-jsonmodels:phonghead_kfb/i2d-scene:mf2d0/grid:/ui-msgbg:/shot-anim:scope32",
[20:59:27.072] "//////shot-anim:scope32",
[20:59:27.072] {"delta":{"timeline":{"p":{"paused":true,"repeat":0,"tweens":[]},"actors":{"i2d:plane":[{"dur":3,"p":{"x":20,"y":0,"immediateRender":false}}]}}}},
[20:59:37.036] {"t":"camera2d","f":"center","a":{"d":3}},
[20:59:37.086] "/stocks:/i3d-jsonmodels:phonghead_kfb/i2d-scene:mf2d0/grid:/ui-msgbg:/shot-anim:scope33",
[20:59:37.086] "//////shot-anim:scope33",
[20:59:37.086] {"delta":{"timeline":{"p":{"paused":true,"repeat":0},"actors":{"i2d:plane":[{"dur":3,"p":{"x":0,"y":0,"immediateRender":false}}],"i2d:zoom_plane":[{"dur":3,"p":{"rotation":0,"svgOrigin":"0% 0%","immediateRender":false}}]}}}},
[20:59:52.040] {"t":"camera2d","f":"home","a":{"d":3}},
[20:59:52.089] "/stocks:/i3d-jsonmodels:phonghead_kfb/i2d-scene:mf2d0/grid:/ui-msgbg:/shot-anim:scope34",
[20:59:52.089] "//////shot-anim:scope34",
[20:59:52.089] {"delta":{"timeline":{"p":{"paused":true,"repeat":0},"actors":{"i2d:plane":[{"dur":3,"p":{"x":0,"y":0,"immediateRender":false}}],"i2d:zoom_plane":[{"dur":3,"p":{"rotation":0,"scale":1,"svgOrigin":"0% 0%","immediateRender":false}}]}}}},
[21:00:02.041] {"t":"camera2d","f":"rollflyTo","a":{"r":-90,"d":3}},
[21:00:02.083] "/stocks:/i3d-jsonmodels:phonghead_kfb/i2d-scene:mf2d0/grid:/ui-msgbg:/shot-anim:scope35",
[21:00:02.083] "//////shot-anim:scope35",
[21:00:02.084] {"delta":{"timeline":{"p":{"paused":true,"repeat":0,"tweens":[]},"actors":{"i2d:zoom_plane":[{"dur":3,"p":{"rotation":-90,"svgOrigin":"0% 0%","immediateRender":false}}]}}}},
[21:00:17.040] {"t":"camera2d","f":"rollflyBy","a":{"r":45,"d":3}},
[21:00:17.076] "/stocks:/i3d-jsonmodels:phonghead_kfb/i2d-scene:mf2d0/grid:/ui-msgbg:/shot-anim:scope36",
[21:00:17.077] "//////shot-anim:scope36",
[21:00:17.077] {"delta":{"timeline":{"p":{"paused":true,"repeat":0,"tweens":[]},"actors":{"i2d:zoom_plane":[{"dur":3,"p":{"rotation":-45,"svgOrigin":"0% 0%","immediateRender":false}}]}}}},
[21:00:27.041] {"t":"camera2d","f":"rollflyBy","a":{"r":45,"d":3}},
[21:00:27.081] "/stocks:/i3d-jsonmodels:phonghead_kfb/i2d-scene:mf2d0/grid:/ui-msgbg:/shot-anim:scope37",
[21:00:27.081] "//////shot-anim:scope37",
[21:00:27.081] {"delta":{"timeline":{"p":{"paused":true,"repeat":0,"tweens":[]},"actors":{"i2d:zoom_plane":[{"dur":3,"p":{"rotation":0,"svgOrigin":"0% 0%","immediateRender":false}}]}}}},
[21:00:42.041] {"t":"camera2d","f":"dollyflyTo","a":{"x":20,"d":3}},
[21:00:42.090] "/stocks:/i3d-jsonmodels:phonghead_kfb/i2d-scene:mf2d0/grid:/ui-msgbg:/shot-anim:scope38",
[21:00:42.090] "//////shot-anim:scope38",
[21:00:42.091] {"delta":{"timeline":{"p":{"paused":true,"repeat":0,"tweens":[]},"actors":{"i2d:plane":[{"dur":3,"p":{"x":20,"y":0,"immediateRender":false}}]}}}},
[21:00:57.051] {"t":"camera2d","f":"dollyflyTo","a":{"y":20,"d":3}},
[21:00:57.071] "/stocks:/i3d-jsonmodels:phonghead_kfb/i2d-scene:mf2d0/grid:/ui-msgbg:/shot-anim:scope39",
[21:00:57.071] "//////shot-anim:scope39",
[21:00:57.071] {"delta":{"timeline":{"p":{"paused":true,"repeat":0,"tweens":[]},"actors":{"i2d:plane":[{"dur":3,"p":{"x":20,"y":-20,"immediateRender":false}}]}}}},
[21:01:07.053] {"t":"camera2d","f":"dollyflyTo","a":{"x":0,"d":3}},
[21:01:07.108] "/stocks:/i3d-jsonmodels:phonghead_kfb/i2d-scene:mf2d0/grid:/ui-msgbg:/shot-anim:scope40",
[21:01:07.108] "//////shot-anim:scope40",
[21:01:07.109] {"delta":{"timeline":{"p":{"paused":true,"repeat":0,"tweens":[]},"actors":{"i2d:plane":[{"dur":3,"p":{"x":0,"y":-20,"immediateRender":false}}]}}}},
[21:01:22.055] {"t":"camera2d","f":"dollyflyTo","a":{"y":-40,"d":3}},
[21:01:22.092] "/stocks:/i3d-jsonmodels:phonghead_kfb/i2d-scene:mf2d0/grid:/ui-msgbg:/shot-anim:scope41",
[21:01:22.092] {"delta":{"timeline":{"p":{"paused":true,"repeat":0,"tweens":[]},"actors":{"i2d:plane":[{"dur":3,"p":{"x":0,"y":40,"immediateRender":false}}]}}}},
[21:01:22.092] "//////shot-anim:scope41",
[21:01:32.057] {"t":"camera2d","f":"dollyflyTo","a":{"x":20,"d":3}},
[21:01:32.080] "/stocks:/i3d-jsonmodels:phonghead_kfb/i2d-scene:mf2d0/grid:/ui-msgbg:/shot-anim:scope42",
[21:01:32.080] "//////shot-anim:scope42",
[21:01:32.081] {"delta":{"timeline":{"p":{"paused":true,"repeat":0,"tweens":[]},"actors":{"i2d:plane":[{"dur":3,"p":{"x":20,"y":40,"immediateRender":false}}]}}}},
[21:01:42.058] {"t":"camera2d","f":"dollyflyTo","a":{"x":0,"d":3}},
[21:01:42.098] "/stocks:/i3d-jsonmodels:phonghead_kfb/i2d-scene:mf2d0/grid:/ui-msgbg:/shot-anim:scope43",
[21:01:42.098] "//////shot-anim:scope43",
[21:01:42.099] {"delta":{"timeline":{"p":{"paused":true,"repeat":0,"tweens":[]},"actors":{"i2d:plane":[{"dur":3,"p":{"x":0,"y":40,"immediateRender":false}}]}}}},
[21:01:57.057] {"t":"camera3d","f":"tiltflyTo","a":{"r":-0.7854,"d":3}},
[21:01:57.095] "/stocks:/i3d-jsonmodels:phonghead_kfb/i2d-scene:mf2d0/grid:/ui-msgbg:/shot-anim:scope44",
[21:01:57.095] "//////shot-anim:scope44",
[21:01:57.096] {"delta":{"timeline":{"p":{"paused":true,"repeat":0},"actors":{"i3d:camera:rotation":[{"dur":3,"p":{"x":-0.7854,"immediateRender":false}}]}}}},
[21:02:12.068] {"t":"camera3d","f":"panflyTo","a":{"r":-0.7854,"d":3}},
[21:02:12.111] "/stocks:/i3d-jsonmodels:phonghead_kfb/i2d-scene:mf2d0/grid:/ui-msgbg:/shot-anim:scope45",
[21:02:12.111] "//////shot-anim:scope45",
[21:02:12.111] {"delta":{"timeline":{"p":{"paused":true,"repeat":0},"actors":{"i3d:camera:rotation":[{"dur":3,"p":{"y":-0.7854,"immediateRender":false}}]}}}},
[21:02:27.065] {"t":"camera3d","f":"lookAt"},
[21:02:27.105] "/stocks:/i3d-jsonmodels:phonghead_kfb/i2d-scene:mf2d0/grid:/ui-msgbg:/shot-fixed:scope46",
[21:02:27.105] "//////shot-fixed:scope46",
[21:02:27.105] {"delta-t":"camera3d","f":"lookAt","a":{}},
[21:02:37.064] {"t":"camera3d","f":"dollyflyTo","a":{"x":20,"y":0,"z":0,"d":3}},
[21:02:37.104] "/stocks:/i3d-jsonmodels:phonghead_kfb/i2d-scene:mf2d0/grid:/ui-msgbg:/shot-anim:scope47",
[21:02:37.104] "//////shot-anim:scope47",
[21:02:37.104] {"delta":{"timeline":{"p":{"paused":true,"repeat":0},"actors":{"i3d:csphere:position":[{"dur":3,"p":{"x":20,"y":0,"z":0,"immediateRender":false}}]}}}},
[21:02:47.064] {"t":"camera3d","f":"zoomflyTo","a":{"s":0.5,"d":3}},
[21:02:47.097] "/stocks:/i3d-jsonmodels:phonghead_kfb/i2d-scene:mf2d0/grid:/ui-msgbg:/shot-anim:scope48",
[21:02:47.097] {"delta":{"timeline":{"p":{"paused":true,"repeat":0},"actors":{"i3d:csphere:scale":[{"dur":3,"p":{"x":0.5,"y":0.5,"z":0.5,"immediateRender":false}}]}}}},
[21:02:47.097] "//////shot-anim:scope48",
[21:03:02.068] {"t":"camera3d","f":"zoomflyTo","a":{"s":2,"d":3}},
[21:03:02.111] "/stocks:/i3d-jsonmodels:phonghead_kfb/i2d-scene:mf2d0/grid:/ui-msgbg:/shot-anim:scope49",
[21:03:02.111] "//////shot-anim:scope49",
[21:03:02.112] {"delta":{"timeline":{"p":{"paused":true,"repeat":0},"actors":{"i3d:csphere:scale":[{"dur":3,"p":{"x":2,"y":2,"z":2,"immediateRender":false}}]}}}},
[21:03:17.065] {"t":"camera3d","f":"dollyflyTo","a":{"x":20,"y":20,"z":-20,"d":3}},
[21:03:17.097] "/stocks:/i3d-jsonmodels:phonghead_kfb/i2d-scene:mf2d0/grid:/ui-msgbg:/shot-anim:scope50",
[21:03:17.098] {"delta":{"timeline":{"p":{"paused":true,"repeat":0},"actors":{"i3d:csphere:position":[{"dur":3,"p":{"x":20,"y":20,"z":-20,"immediateRender":false}}]}}}},
[21:03:17.097] "//////shot-anim:scope50",
[21:03:27.069] {"t":"camera3d","f":"zoomflyTo","a":{"s":0.5,"d":3}},
[21:03:27.099] "/stocks:/i3d-jsonmodels:phonghead_kfb/i2d-scene:mf2d0/grid:/ui-msgbg:/shot-anim:scope51",
[21:03:27.099] "//////shot-anim:scope51",
[21:03:27.100] {"delta":{"timeline":{"p":{"paused":true,"repeat":0},"actors":{"i3d:csphere:scale":[{"dur":3,"p":{"x":0.5,"y":0.5,"z":0.5,"immediateRender":false}}]}}}},
[21:03:37.069] {"t":"camera3d","f":"center","a":{"d":3}},
[21:03:37.113] "/stocks:/i3d-jsonmodels:phonghead_kfb/i2d-scene:mf2d0/grid:/ui-msgbg:/shot-fixed:scope53",
[21:03:37.113] "//////shot-fixed:scope53",
[21:03:37.113] {"delta-t":"camera3d","f":"center"},
[21:03:47.070] {"t":"camera3d","f":"home","a":{"d":3}},
[21:03:47.126] "/stocks:/i3d-jsonmodels:phonghead_kfb/i2d-scene:mf2d0/grid:/ui-msgbg:/shot-fixed:scope55",
[21:03:47.127] "//////shot-fixed:scope55",
[21:03:47.127] {"delta-t":"camera3d","f":"home"},
[21:04:02.071] {"t":"camera3d","f":"panflyBy","a":{"r":0.7854,"d":3}},
[21:04:02.110] "/stocks:/i3d-jsonmodels:phonghead_kfb/i2d-scene:mf2d0/grid:/ui-msgbg:/shot-anim:scope56",
[21:04:02.111] "//////shot-anim:scope56",
[21:04:02.111] {"delta":{"timeline":{"p":{"paused":true,"repeat":0},"actors":{"i3d:camera:rotation":[{"dur":3,"p":{"y":0.7854,"immediateRender":false}}]}}}},
[21:04:12.070] {"t":"camera3d","f":"tiltflyBy","a":{"r":0.7854,"d":3}},
[21:04:12.109] "/stocks:/i3d-jsonmodels:phonghead_kfb/i2d-scene:mf2d0/grid:/ui-msgbg:/shot-anim:scope57",
[21:04:12.109] "//////shot-anim:scope57",
[21:04:12.110] {"delta":{"timeline":{"p":{"paused":true,"repeat":0},"actors":{"i3d:camera:rotation":[{"dur":3,"p":{"x":0.7854,"immediateRender":false}}]}}}},
[21:04:27.073] {"t":"camera3d","f":"lookAt"},
[21:04:27.121] {"delta-t":"camera3d","f":"lookAt","a":{}},
[21:04:27.120] "/stocks:/i3d-jsonmodels:phonghead_kfb/i2d-scene:mf2d0/grid:/ui-msgbg:/shot-fixed:scope58",
[21:04:27.121] "//////shot-fixed:scope58",
[21:04:37.077] {"t":"camera3d","f":"rollflyTo","a":{"r":-1.57,"d":4}},
[21:04:37.130] "/stocks:/i3d-jsonmodels:phonghead_kfb/i2d-scene:mf2d0/grid:/ui-msgbg:/shot-anim:scope59",
[21:04:37.130] "//////shot-anim:scope59",
[21:04:37.130] {"delta":{"timeline":{"p":{"paused":true,"repeat":0},"actors":{"i3d:camera:rotation":[{"dur":4,"p":{"z":-1.57,"immediateRender":false}}]}}}},
[21:04:52.076] {"t":"camera3d","f":"rollflyBy","a":{"r":0.3927,"d":4}},
[21:04:52.113] "/stocks:/i3d-jsonmodels:phonghead_kfb/i2d-scene:mf2d0/grid:/ui-msgbg:/shot-anim:scope60",
[21:04:52.113] "//////shot-anim:scope60",
[21:04:52.113] {"delta":{"timeline":{"p":{"paused":true,"repeat":0},"actors":{"i3d:camera:rotation":[{"dur":4,"p":{"z":-1.1773,"immediateRender":false}}]}}}},
[21:05:07.077] {"t":"camera3d","f":"rollflyBy","a":{"r":0.3927,"d":4}},
[21:05:07.105] "/stocks:/i3d-jsonmodels:phonghead_kfb/i2d-scene:mf2d0/grid:/ui-msgbg:/shot-anim:scope61",
[21:05:07.107] "//////shot-anim:scope61",
[21:05:07.107] {"delta":{"timeline":{"p":{"paused":true,"repeat":0},"actors":{"i3d:camera:rotation":[{"dur":4,"p":{"z":-0.7846,"immediateRender":false}}]}}}},
[21:05:17.078] {"t":"camera3d","f":"center","a":{"d":3}},
[21:05:17.115] "/stocks:/i3d-jsonmodels:phonghead_kfb/i2d-scene:mf2d0/grid:/ui-msgbg:/shot-fixed:scope63",
[21:05:17.115] "//////shot-fixed:scope63",
[21:05:17.115] {"delta-t":"camera3d","f":"center"},
[21:05:27.077] {"t":"camera3d","f":"yawflyTo","a":{"r":1.57,"d":3}},
[21:05:27.114] "/stocks:/i3d-jsonmodels:phonghead_kfb/i2d-scene:mf2d0/grid:/ui-msgbg:/shot-anim:scope64",
[21:05:27.114] "//////shot-anim:scope64",
[21:05:27.115] {"delta":{"timeline":{"p":{"paused":true,"repeat":0},"actors":{"i3d:csphere:rotation":[{"dur":3,"p":{"y":1.57,"immediateRender":false}}]}}}},
[21:05:42.078] {"t":"camera3d","f":"yawflyBy","a":{"r":-0.7854,"d":3}},
[21:05:42.110] "//////shot-anim:scope65",
[21:05:42.110] {"delta":{"timeline":{"p":{"paused":true,"repeat":0},"actors":{"i3d:csphere:rotation":[{"dur":3,"p":{"y":0.7846000000000001,"immediateRender":false}}]}}}},
[21:05:42.110] "/stocks:/i3d-jsonmodels:phonghead_kfb/i2d-scene:mf2d0/grid:/ui-msgbg:/shot-anim:scope65",
[21:05:52.078] {"t":"camera3d","f":"yawflyBy","a":{"r":-0.7854,"d":3}},
[21:05:52.128] "/stocks:/i3d-jsonmodels:phonghead_kfb/i2d-scene:mf2d0/grid:/ui-msgbg:/shot-anim:scope66",
[21:05:52.129] "//////shot-anim:scope66",
[21:05:52.129] {"delta":{"timeline":{"p":{"paused":true,"repeat":0},"actors":{"i3d:csphere:rotation":[{"dur":3,"p":{"y":-0.0007999999999999119,"immediateRender":false}}]}}}},
[21:06:07.094] {"t":"camera3d","f":"pitchflyTo","a":{"r":-1.57,"d":3}},
[21:06:07.125] "/stocks:/i3d-jsonmodels:phonghead_kfb/i2d-scene:mf2d0/grid:/ui-msgbg:/shot-anim:scope67",
[21:06:07.125] "//////shot-anim:scope67",
[21:06:07.125] {"delta":{"timeline":{"p":{"paused":true,"repeat":0},"actors":{"i3d:csphere:rotation":[{"dur":3,"p":{"x":-1.57,"immediateRender":false}}]}}}},
[21:06:17.095] {"t":"camera3d","f":"pitchflyBy","a":{"r":0.7854,"d":3}},
[21:06:17.145] "/stocks:/i3d-jsonmodels:phonghead_kfb/i2d-scene:mf2d0/grid:/ui-msgbg:/shot-anim:scope68",
[21:06:17.146] {"delta":{"timeline":{"p":{"paused":true,"repeat":0},"actors":{"i3d:csphere:rotation":[{"dur":3,"p":{"x":-0.7846000000000001,"immediateRender":false}}]}}}},
[21:06:17.146] "//////shot-anim:scope68",
[21:06:32.094] {"t":"camera3d","f":"pitchflyBy","a":{"r":0.7854,"d":3}},
[21:06:32.139] "/stocks:/i3d-jsonmodels:phonghead_kfb/i2d-scene:mf2d0/grid:/ui-msgbg:/shot-anim:scope69",
[21:06:32.140] "//////shot-anim:scope69",
[21:06:32.140] {"delta":{"timeline":{"p":{"paused":true,"repeat":0},"actors":{"i3d:csphere:rotation":[{"dur":3,"p":{"x":0.0007999999999999119,"immediateRender":false}}]}}}},
[21:06:42.099] {"t":"camera3d","f":"dollyflyTo","a":{"x":20,"y":-20,"z":-30,"d":3}},
[21:06:42.153] "/stocks:/i3d-jsonmodels:phonghead_kfb/i2d-scene:mf2d0/grid:/ui-msgbg:/shot-anim:scope70",
[21:06:42.154] "//////shot-anim:scope70",
[21:06:42.154] {"delta":{"timeline":{"p":{"paused":true,"repeat":0},"actors":{"i3d:csphere:position":[{"dur":3,"p":{"x":20,"y":-20,"z":-30,"immediateRender":false}}]}}}},
[21:06:57.111] {"t":"camera3d","f":"dollyflyTo","a":{"x":0,"y":0,"z":30,"d":6}},
[21:06:57.144] "//////shot-anim:scope71",
[21:06:57.143] "/stocks:/i3d-jsonmodels:phonghead_kfb/i2d-scene:mf2d0/grid:/ui-msgbg:/shot-anim:scope71",
[21:06:57.145] {"delta":{"timeline":{"p":{"paused":true,"repeat":0},"actors":{"i3d:csphere:position":[{"dur":6,"p":{"x":20,"y":-20,"z":30,"immediateRender":false}}]}}}},
[21:07:07.111] {"t":"camera3d","f":"tiltflyBy","a":{"r":0.7854,"d":3}},
[21:07:07.145] "/stocks:/i3d-jsonmodels:phonghead_kfb/i2d-scene:mf2d0/grid:/ui-msgbg:/shot-anim:scope72",
[21:07:07.145] "//////shot-anim:scope72",
[21:07:07.146] {"delta":{"timeline":{"p":{"paused":true,"repeat":0},"actors":{"i3d:camera:rotation":[{"dur":3,"p":{"x":0.7854,"immediateRender":false}}]}}}},
[21:07:22.116] {"t":"camera3d","f":"zoomflyTo","a":{"s":2,"d":3}},
[21:07:22.147] "/stocks:/i3d-jsonmodels:phonghead_kfb/i2d-scene:mf2d0/grid:/ui-msgbg:/shot-anim:scope73",
[21:07:22.148] "//////shot-anim:scope73",
[21:07:22.148] {"delta":{"timeline":{"p":{"paused":true,"repeat":0},"actors":{"i3d:csphere:scale":[{"dur":3,"p":{"x":2,"y":2,"z":2,"immediateRender":false}}]}}}},
[21:07:37.115] {"t":"camera3d","f":"home","a":{"d":3}},
[21:07:37.164] "/stocks:/i3d-jsonmodels:phonghead_kfb/i2d-scene:mf2d0/grid:/ui-msgbg:/shot-fixed:scope75",
[21:07:37.165] "//////shot-fixed:scope75",
[21:07:37.165] {"delta-t":"camera3d","f":"home"},
