[21:24:48.326] {"t":"camera3d","f":"panflyTo","a":{"r":-0.7854,"d":3}},
[21:24:48.353] "/metaweb:/i3d-empty:/i2d-reflect:/empty:/ui-msgbg:/shot-anim:scope0",
[21:24:48.353] "//////shot-anim:scope0",
[21:24:48.354] {"delta":{"timeline":{"p":{"paused":true,"repeat":0},"actors":{"i3d:camera:rotation":[{"dur":3,"p":{"y":-0.7854,"immediateRender":false}}]}}}},
[21:25:03.322] {"t":"camera3d","f":"lookAt"},
[21:25:03.339] "/metaweb:/i3d-empty:/i2d-reflect:/empty:/ui-msgbg:/shot-fixed:scope1",
[21:25:03.339] "//////shot-fixed:scope1",
[21:25:03.339] {"delta-t":"camera3d","f":"lookAt","a":{}},
[21:25:13.323] {"t":"camera3d","f":"panflyTo","a":{"r":-0.7854,"d":3}},
[21:25:13.349] "/metaweb:/i3d-empty:/i2d-reflect:/empty:/ui-msgbg:/shot-anim:scope2",
[21:25:13.349] "//////shot-anim:scope2",
[21:25:13.349] {"delta":{"timeline":{"p":{"paused":true,"repeat":0},"actors":{"i3d:camera:rotation":[{"dur":3,"p":{"y":-0.7854,"immediateRender":false}}]}}}},
[21:25:28.327] {"t":"camera3d","f":"home","a":{"d":3}},
[21:25:28.345] "/metaweb:/i3d-empty:/i2d-reflect:/empty:/ui-msgbg:/shot-fixed:scope4",
[21:25:28.345] "//////shot-fixed:scope4",
[21:25:28.346] {"delta-t":"camera3d","f":"home"},
[21:25:43.327] {"t":"narrative","f":"change_scene","a":"a"},
[21:25:43.603] "/a:/i3d-simple:simple_green/i2d-scene:disks0/base-skycube:test_cube/ui-msgbg:/shot-fixed:",
[21:25:43.603] "/a:/i3d-simple:simple_green/i2d-scene:disks0/base-skycube:test_cube//shot-fixed:",
[21:25:43.604] {},
[21:25:53.327] {"t":"narrative","f":"change_scene","a":"a0"},
[21:25:53.459] "/a0:/i3d-simple:simple_green/i2d-scene:disks0/base-skycube:test_cube/ui-msgbg:/shot-graft:scope6",
[21:25:53.460] "/a0://///shot-graft:scope6",
[21:25:53.461] {"delta":{"timeline":{"p":{"repeat":0},"actors":{"i3d:cube0:scale":[{"dur":10,"p":{"x":0.5,"y":0.5,"z":0.5}}]}},"branches":{"cube0":{"children":{"cube0_2":{"form":{"type":"'cube.i3d'","x":0,"y":0,"z":0,"textureurl":"./images/sky.jpg","w":5,"h":10,"d":10,"color":"blue","transparent":true,"opacity":1},"transform":{"t":[-20,-10,0],"s":[0.01,0.01,0.01]},"children":{}},"cube0_3":{"form":{"type":"'cube.i3d'","x":0,"y":-20,"z":0,"textureurl":"sky_jpg","w":5,"h":10,"d":10,"color":"blue","transparent":true,"opacity":1},"transform":{"t":[20,0,0],"s":[0.01,0.01,0.01]},"children":{}}}}}}},
[21:26:03.329] {"t":"narrative","f":"change_scene","a":"a1"},
[21:26:03.412] "/a1:/i3d-simple:simple_green/i2d-scene:disks0/base-skycube:test_cube/ui-msgbg:/shot-graft:scope7",
[21:26:03.414] {"delta":{"timeline":{"p":{"repeat":0},"actors":{"i3d:cube0_2:scale":[{"dur":10,"p":{"x":1,"y":1,"z":1}}],"i3d:cube0_3:scale":[{"dur":10,"p":{"x":1,"y":1,"z":1}}]}},"branches":{"cube0_2":{"children":{"s0_2_0":{"form":{"type":"'sphere.i3d'","r":5,"color":"blue","transparent":true,"opacity":0.8},"transform":{"e":[0,-0.785,0],"t":[-10,-10,0],"s":[0.01,0.01,0.01]},"children":{}},"s0_2_1":{"form":{"type":"'sphere.i3d'","r":5,"color":"blue","transparent":true,"opacity":0.8},"transform":{"e":[0,0.785,0],"t":[10,10,0],"s":[0.01,0.01,0.01]},"children":{}}}}}}},
[21:26:03.412] "/a1://///shot-graft:scope7",
[21:26:13.330] {"t":"narrative","f":"change_scene","a":"a2"},
[21:26:13.349] "/a2:/i3d-simple:simple_green/i2d-scene:disks0/base-skycube:test_cube/ui-msgbg:/shot-graft:scope8",
[21:26:13.349] "/a2://///shot-graft:scope8",
[21:26:13.350] {"delta":{"timeline":{"p":{"repeat":0},"actors":{"i3d:s0_2_0:scale":[{"dur":10,"p":{"x":1,"y":1,"z":1}}],"i3d:s0_2_1:scale":[{"dur":10,"p":{"x":1,"y":1,"z":1}}]}},"branches":{}}},
[21:26:28.331] {"t":"camera3d","f":"dollyflyTo","a":{"x":10,"y":10,"z":-20,"d":4}},
[21:26:28.345] "/a2:/i3d-simple:simple_green/i2d-scene:disks0/base-skycube:test_cube/ui-msgbg:/shot-anim:scope9",
[21:26:28.345] "//////shot-anim:scope9",
[21:26:28.346] {"delta":{"timeline":{"p":{"paused":true,"repeat":0},"actors":{"i3d:csphere:position":[{"dur":4,"p":{"x":10,"y":10,"z":-20,"immediateRender":false}}]}}}},
[21:26:38.331] {"t":"narrative","f":"change_scene","a":"payments"},
[21:26:39.373] "/payments:/i3d-simple:phong_head_sphere_kfb/i2d-empty:/black:/ui-msgbg:/shot-fixed:",
[21:26:39.373] "/payments:/i3d-simple:phong_head_sphere_kfb/i2d-empty:/black://shot-fixed:",
[21:26:39.373] {},
[21:26:53.333] {"t":"camera3d","f":"toggle_csphere","a":{"val":false}},
[21:26:53.346] "/payments:/i3d-simple:phong_head_sphere_kfb/i2d-empty:/black:/ui-msgbg:/shot-fixed:scope11",
[21:26:53.347] "//////shot-fixed:scope11",
[21:26:53.347] {"delta-t":"camera3d","f":"toggle_csphere","a":false},
[21:27:08.332] {"t":"camera3d","f":"toggle_csphere","a":{"val":true}},
[21:27:08.379] "/payments:/i3d-simple:phong_head_sphere_kfb/i2d-empty:/black:/ui-msgbg:/shot-fixed:scope12",
[21:27:08.380] "//////shot-fixed:scope12",
[21:27:08.380] {"delta-t":"camera3d","f":"toggle_csphere","a":true},
[21:27:18.333] {"t":"camera3d","f":"toggle_light","a":{"name":"key","val":false}},
[21:27:18.355] "/payments:/i3d-simple:phong_head_sphere_kfb/i2d-empty:/black:/ui-msgbg:/shot-fixed:scope13",
[21:27:18.356] "//////shot-fixed:scope13",
[21:27:18.356] {"delta-t":"camera3d","f":"toggle_light","a":{"name":"key","val":false}},
[21:27:33.333] {"t":"camera3d","f":"toggle_light","a":{"name":"fill","val":false}},
[21:27:33.352] "/payments:/i3d-simple:phong_head_sphere_kfb/i2d-empty:/black:/ui-msgbg:/shot-fixed:scope14",
[21:27:33.353] "//////shot-fixed:scope14",
[21:27:33.353] {"delta-t":"camera3d","f":"toggle_light","a":{"name":"fill","val":false}},
[21:27:48.334] {"t":"camera3d","f":"toggle_light","a":{"name":"back","val":false}},
[21:27:48.373] "/payments:/i3d-simple:phong_head_sphere_kfb/i2d-empty:/black:/ui-msgbg:/shot-fixed:scope15",
[21:27:48.373] "//////shot-fixed:scope15",
[21:27:48.373] {"delta-t":"camera3d","f":"toggle_light","a":{"name":"back","val":false}},
[21:28:03.339] {"t":"camera3d","f":"toggle_light","a":{"name":"key","val":true}},
[21:28:03.363] "/payments:/i3d-simple:phong_head_sphere_kfb/i2d-empty:/black:/ui-msgbg:/shot-fixed:scope16",
[21:28:03.363] "//////shot-fixed:scope16",
[21:28:03.363] {"delta-t":"camera3d","f":"toggle_light","a":{"name":"key","val":true}},
[21:28:18.338] {"t":"camera3d","f":"toggle_light","a":{"name":"fill","val":true}},
[21:28:18.353] "/payments:/i3d-simple:phong_head_sphere_kfb/i2d-empty:/black:/ui-msgbg:/shot-fixed:scope17",
[21:28:18.353] "//////shot-fixed:scope17",
[21:28:18.354] {"delta-t":"camera3d","f":"toggle_light","a":{"name":"fill","val":true}},
[21:28:28.340] {"t":"camera3d","f":"toggle_light","a":{"name":"back","val":true}},
[21:28:28.359] "/payments:/i3d-simple:phong_head_sphere_kfb/i2d-empty:/black:/ui-msgbg:/shot-fixed:scope18",
[21:28:28.359] "//////shot-fixed:scope18",
[21:28:28.359] {"delta-t":"camera3d","f":"toggle_light","a":{"name":"back","val":true}},
[21:28:38.344] {"t":"narrative","f":"change_scene","a":"a"},
[21:28:38.534] {},
[21:28:38.534] "/a:/i3d-simple:simple_green/i2d-scene:disks0/base-skycube:test_cube/ui-msgbg:/shot-fixed:",
[21:28:38.534] "/a:/i3d-simple:simple_green/i2d-scene:disks0/base-skycube:test_cube//shot-fixed:",
[21:28:53.348] {"t":"narrative","f":"shot","a":"shot-graft:{\"delta\":{\"timeline\":{\"p\":{\"repeat\":0},\"actors\":{\"i3d:cube0:scale\":[{\"dur\":10,\"p\":{\"x\":0.5,\"y\":0.5,\"z\":0.5}}]}},\"branches\":{\"cube0\":{\"children\":{\"cube0_2\":{\"form\":{\"type\":\"'cube.i3d'\",\"x\":0,\"y\":0,\"z\":0,\"textureurl\":\"./images/sky.jpg\",\"w\":5,\"h\":10,\"d\":10,\"color\":\"blue\",\"transparent\":true,\"opacity\":1},\"transform\":{\"t\":[-20,-10,0],\"s\":[0.01,0.01,0.01]},\"children\":{}},\"cube0_3\":{\"form\":{\"type\":\"'cube.i3d'\",\"x\":0,\"y\":-20,\"z\":0,\"textureurl\":\"sky_jpg\",\"w\":5,\"h\":10,\"d\":10,\"color\":\"blue\",\"transparent\":true,\"opacity\":1},\"transform\":{\"t\":[20,0,0],\"s\":[0.01,0.01,0.01]},\"children\":{}}}}}}}"},
[21:28:53.517] "/a:/i3d-simple:simple_green/i2d-scene:disks0/base-skycube:test_cube/ui-msgbg:/shot-graft:scope20",
[21:28:53.518] {"delta":{"timeline":{"p":{"repeat":0},"actors":{"i3d:cube0:scale":[{"dur":10,"p":{"x":0.5,"y":0.5,"z":0.5}}]}},"branches":{"cube0":{"children":{"cube0_2":{"form":{"type":"'cube.i3d'","x":0,"y":0,"z":0,"textureurl":"./images/sky.jpg","w":5,"h":10,"d":10,"color":"blue","transparent":true,"opacity":1},"transform":{"t":[-20,-10,0],"s":[0.01,0.01,0.01]},"children":{}},"cube0_3":{"form":{"type":"'cube.i3d'","x":0,"y":-20,"z":0,"textureurl":"sky_jpg","w":5,"h":10,"d":10,"color":"blue","transparent":true,"opacity":1},"transform":{"t":[20,0,0],"s":[0.01,0.01,0.01]},"children":{}}}}}}},
[21:28:53.518] "//////shot-graft:scope20",
[21:29:03.344] {"t":"narrative","f":"shot","a":"shot-graft:{\"delta\":{\"timeline\":{\"p\":{\"repeat\":0},\"actors\":{\"i3d:cube0_2:scale\":[{\"dur\":10,\"p\":{\"x\":1,\"y\":1,\"z\":1}}],\"i3d:cube0_3:scale\":[{\"dur\":10,\"p\":{\"x\":1,\"y\":1,\"z\":1}}]}},\"branches\":{\"cube0_2\":{\"children\":{\"s0_2_0\":{\"form\":{\"type\":\"'sphere.i3d'\",\"r\":5,\"color\":\"blue\",\"transparent\":true,\"opacity\":0.8},\"transform\":{\"e\":[0,-0.785,0],\"t\":[-10,-10,0],\"s\":[0.01,0.01,0.01]},\"children\":{}},\"s0_2_1\":{\"form\":{\"type\":\"'sphere.i3d'\",\"r\":5,\"color\":\"blue\",\"transparent\":true,\"opacity\":0.8},\"transform\":{\"e\":[0,0.785,0],\"t\":[10,10,0],\"s\":[0.01,0.01,0.01]},\"children\":{}}}}}}}"},
[21:29:03.501] "/a:/i3d-simple:simple_green/i2d-scene:disks0/base-skycube:test_cube/ui-msgbg:/shot-graft:scope21",
[21:29:03.502] "//////shot-graft:scope21",
[21:29:03.502] {"delta":{"timeline":{"p":{"repeat":0},"actors":{"i3d:cube0_2:scale":[{"dur":10,"p":{"x":1,"y":1,"z":1}}],"i3d:cube0_3:scale":[{"dur":10,"p":{"x":1,"y":1,"z":1}}]}},"branches":{"cube0_2":{"children":{"s0_2_0":{"form":{"type":"'sphere.i3d'","r":5,"color":"blue","transparent":true,"opacity":0.8},"transform":{"e":[0,-0.785,0],"t":[-10,-10,0],"s":[0.01,0.01,0.01]},"children":{}},"s0_2_1":{"form":{"type":"'sphere.i3d'","r":5,"color":"blue","transparent":true,"opacity":0.8},"transform":{"e":[0,0.785,0],"t":[10,10,0],"s":[0.01,0.01,0.01]},"children":{}}}}}}},
[21:29:18.495] {"t":"narrative","f":"shot","a":"shot-graft:{\"delta\":{\"timeline\":{\"p\":{\"repeat\":0},\"actors\":{\"i3d:s0_2_0:scale\":[{\"dur\":10,\"p\":{\"x\":1,\"y\":1,\"z\":1}}],\"i3d:s0_2_1:scale\":[{\"dur\":10,\"p\":{\"x\":1,\"y\":1,\"z\":1}}]}},\"branches\":{}}}"},
[21:29:18.509] "/a:/i3d-simple:simple_green/i2d-scene:disks0/base-skycube:test_cube/ui-msgbg:/shot-graft:scope22",
[21:29:18.509] "//////shot-graft:scope22",
[21:29:18.509] {"delta":{"timeline":{"p":{"repeat":0},"actors":{"i3d:s0_2_0:scale":[{"dur":10,"p":{"x":1,"y":1,"z":1}}],"i3d:s0_2_1:scale":[{"dur":10,"p":{"x":1,"y":1,"z":1}}]}},"branches":{}}},
[21:29:33.496] {"t":"camera3d","f":"panflyTo","a":{"r":0.7854,"d":4}},
[21:29:33.516] "/a:/i3d-simple:simple_green/i2d-scene:disks0/base-skycube:test_cube/ui-msgbg:/shot-anim:scope23",
[21:29:33.516] "//////shot-anim:scope23",
[21:29:33.518] {"delta":{"timeline":{"p":{"paused":true,"repeat":0},"actors":{"i3d:camera:rotation":[{"dur":4,"p":{"y":0.7854,"immediateRender":false}}]}}}},
[21:29:48.496] {"t":"narrative","f":"change_scene","a":"footprint"},
[21:29:50.317] "/footprint:/i3d-scene:scene1/i2d-empty:/escher:/ui-msgbg:/shot-fixed:",
[21:29:50.319] "/footprint:/i3d-scene:scene1/i2d-empty:/escher://shot-fixed:",
[21:29:50.321] {},
[21:29:58.496] {"t":"camera3d","f":"panflyTo","a":{"r":0.7854,"d":4}},
[21:29:58.538] "/footprint:/i3d-scene:scene1/i2d-empty:/escher:/ui-msgbg:/shot-anim:scope25",
[21:29:58.539] "//////shot-anim:scope25",
[21:29:58.541] {"delta":{"timeline":{"p":{"paused":true,"repeat":0},"actors":{"i3d:camera:rotation":[{"dur":4,"p":{"y":0.7854,"immediateRender":false}}]}}}},
[21:30:13.498] {"t":"camera3d","f":"tiltflyTo","a":{"r":0.7854,"d":4}},
[21:30:13.564] "//////shot-anim:scope26",
[21:30:13.564] "/footprint:/i3d-scene:scene1/i2d-empty:/escher:/ui-msgbg:/shot-anim:scope26",
[21:30:13.564] {"delta":{"timeline":{"p":{"paused":true,"repeat":0},"actors":{"i3d:camera:rotation":[{"dur":4,"p":{"x":0.7854,"immediateRender":false}}]}}}},
[21:30:28.498] {"t":"camera3d","f":"billboardsFaceCamera"},
