[21:51:50.732] {"t":"camera3d","f":"panflyTo","a":{"r":-0.7854,"d":3}},
[21:51:50.767] "/metaweb:/i3d-empty:/i2d-reflect:/empty:/ui-msgbg:/shot-anim:scope0",
[21:51:50.768] "//////shot-anim:scope0",
[21:51:50.768] {"delta":{"timeline":{"p":{"paused":true,"repeat":0},"actors":{"i3d:camera:rotation":[{"dur":3,"p":{"y":-0.7854,"immediateRender":false}}]}}}},
[21:52:05.730] {"t":"camera3d","f":"lookAt"},
[21:52:05.769] "/metaweb:/i3d-empty:/i2d-reflect:/empty:/ui-msgbg:/shot-fixed:scope1",
[21:52:05.770] {"delta-t":"camera3d","f":"lookAt","a":{}},
[21:52:05.770] "//////shot-fixed:scope1",
[21:52:15.731] {"t":"camera3d","f":"panflyTo","a":{"r":-0.7854,"d":3}},
[21:52:15.748] "/metaweb:/i3d-empty:/i2d-reflect:/empty:/ui-msgbg:/shot-anim:scope2",
[21:52:15.748] "//////shot-anim:scope2",
[21:52:15.748] {"delta":{"timeline":{"p":{"paused":true,"repeat":0},"actors":{"i3d:camera:rotation":[{"dur":3,"p":{"y":-0.7854,"immediateRender":false}}]}}}},
[21:52:30.731] {"t":"camera3d","f":"home","a":{"d":3}},
[21:52:30.750] "/metaweb:/i3d-empty:/i2d-reflect:/empty:/ui-msgbg:/shot-fixed:scope4",
[21:52:30.750] "//////shot-fixed:scope4",
[21:52:30.750] {"delta-t":"camera3d","f":"home"},
[21:52:40.733] {"t":"camera3d","f":"panflyTo","a":{"r":0,"d":3}},
[21:52:40.747] "/metaweb:/i3d-empty:/i2d-reflect:/empty:/ui-msgbg:/shot-anim:scope5",
[21:52:40.747] "//////shot-anim:scope5",
[21:52:40.748] {"delta":{"timeline":{"p":{"paused":true,"repeat":0},"actors":{"i3d:camera:rotation":[{"dur":3,"p":{"y":0,"immediateRender":false}}]}}}},
[21:52:55.732] {"t":"narrative","f":"change_scene","a":"a"},
[21:52:56.012] "/a:/i3d-simple:simple_green/i2d-scene:disks0/base-skycube:test_cube/ui-msgbg:/shot-fixed:",
[21:52:56.013] "/a:/i3d-simple:simple_green/i2d-scene:disks0/base-skycube:test_cube//shot-fixed:",
[21:52:56.013] {},
[21:53:10.733] {"t":"narrative","f":"change_scene","a":"a0"},
[21:53:10.886] "/a0:/i3d-simple:simple_green/i2d-scene:disks0/base-skycube:test_cube/ui-msgbg:/shot-graft:scope7",
[21:53:10.888] "/a0://///shot-graft:scope7",
[21:53:10.890] {"delta":{"timeline":{"p":{"repeat":0},"actors":{"i3d:cube0:scale":[{"dur":10,"p":{"x":0.5,"y":0.5,"z":0.5}}]}},"branches":{"cube0":{"children":{"cube0_2":{"form":{"type":"'cube.i3d'","x":0,"y":0,"z":0,"textureurl":"./images/sky.jpg","w":5,"h":10,"d":10,"color":"blue","transparent":true,"opacity":1},"transform":{"t":[-20,-10,0],"s":[0.01,0.01,0.01]},"children":{}},"cube0_3":{"form":{"type":"'cube.i3d'","x":0,"y":-20,"z":0,"textureurl":"sky_jpg","w":5,"h":10,"d":10,"color":"blue","transparent":true,"opacity":1},"transform":{"t":[20,0,0],"s":[0.01,0.01,0.01]},"children":{}}}}}}},
[21:53:20.733] {"t":"narrative","f":"change_scene","a":"a1"},
[21:53:20.830] "/a1:/i3d-simple:simple_green/i2d-scene:disks0/base-skycube:test_cube/ui-msgbg:/shot-graft:scope8",
[21:53:20.830] "/a1://///shot-graft:scope8",
[21:53:20.833] {"delta":{"timeline":{"p":{"repeat":0},"actors":{"i3d:cube0_2:scale":[{"dur":10,"p":{"x":1,"y":1,"z":1}}],"i3d:cube0_3:scale":[{"dur":10,"p":{"x":1,"y":1,"z":1}}]}},"branches":{"cube0_2":{"children":{"s0_2_0":{"form":{"type":"'sphere.i3d'","r":5,"color":"blue","transparent":true,"opacity":0.8},"transform":{"e":[0,-0.785,0],"t":[-10,-10,0],"s":[0.01,0.01,0.01]},"children":{}},"s0_2_1":{"form":{"type":"'sphere.i3d'","r":5,"color":"blue","transparent":true,"opacity":0.8},"transform":{"e":[0,0.785,0],"t":[10,10,0],"s":[0.01,0.01,0.01]},"children":{}}}}}}},
[21:53:35.733] {"t":"narrative","f":"change_scene","a":"a2"},
[21:53:35.750] "/a2:/i3d-simple:simple_green/i2d-scene:disks0/base-skycube:test_cube/ui-msgbg:/shot-graft:scope9",
[21:53:35.750] "/a2://///shot-graft:scope9",
[21:53:35.751] {"delta":{"timeline":{"p":{"repeat":0},"actors":{"i3d:s0_2_0:scale":[{"dur":10,"p":{"x":1,"y":1,"z":1}}],"i3d:s0_2_1:scale":[{"dur":10,"p":{"x":1,"y":1,"z":1}}]}},"branches":{}}},
[21:53:45.728] {"t":"camera3d","f":"dollyflyTo","a":{"x":10,"y":10,"z":-20,"d":4}},
[21:53:45.750] "/a2:/i3d-simple:simple_green/i2d-scene:disks0/base-skycube:test_cube/ui-msgbg:/shot-anim:scope10",
[21:53:45.751] "//////shot-anim:scope10",
[21:53:45.751] {"delta":{"timeline":{"p":{"paused":true,"repeat":0},"actors":{"i3d:csphere:position":[{"dur":4,"p":{"x":10,"y":10,"z":-20,"immediateRender":false}}]}}}},
[21:53:55.747] {"t":"narrative","f":"change_scene","a":"payments"},
[21:53:56.590] "/payments:/i3d-simple:phong_head_sphere_kfb/i2d-empty:/black:/ui-msgbg:/shot-fixed:",
[21:53:56.590] "/payments:/i3d-simple:phong_head_sphere_kfb/i2d-empty:/black://shot-fixed:",
[21:53:56.590] {},
[21:54:10.750] {"t":"camera3d","f":"toggle_csphere","a":{"val":false}},
[21:54:10.775] "/payments:/i3d-simple:phong_head_sphere_kfb/i2d-empty:/black:/ui-msgbg:/shot-fixed:scope12",
[21:54:10.775] "//////shot-fixed:scope12",
[21:54:10.775] {"delta-t":"camera3d","f":"toggle_csphere","a":false},
[21:54:25.749] {"t":"camera3d","f":"toggle_csphere","a":{"val":true}},
[21:54:25.780] "/payments:/i3d-simple:phong_head_sphere_kfb/i2d-empty:/black:/ui-msgbg:/shot-fixed:scope13",
[21:54:25.781] "//////shot-fixed:scope13",
[21:54:25.781] {"delta-t":"camera3d","f":"toggle_csphere","a":true},
[21:54:35.750] {"t":"camera3d","f":"toggle_light","a":{"name":"key","val":false}},
[21:54:35.785] "/payments:/i3d-simple:phong_head_sphere_kfb/i2d-empty:/black:/ui-msgbg:/shot-fixed:scope14",
[21:54:35.786] "//////shot-fixed:scope14",
[21:54:35.786] {"delta-t":"camera3d","f":"toggle_light","a":{"name":"key","val":false}},
[21:54:50.753] {"t":"camera3d","f":"toggle_light","a":{"name":"fill","val":false}},
[21:54:50.781] "/payments:/i3d-simple:phong_head_sphere_kfb/i2d-empty:/black:/ui-msgbg:/shot-fixed:scope15",
[21:54:50.781] "//////shot-fixed:scope15",
[21:54:50.781] {"delta-t":"camera3d","f":"toggle_light","a":{"name":"fill","val":false}},
[21:55:05.754] {"t":"camera3d","f":"toggle_light","a":{"name":"back","val":false}},
[21:55:05.772] "//////shot-fixed:scope16",
[21:55:05.772] {"delta-t":"camera3d","f":"toggle_light","a":{"name":"back","val":false}},
[21:55:05.772] "/payments:/i3d-simple:phong_head_sphere_kfb/i2d-empty:/black:/ui-msgbg:/shot-fixed:scope16",
[21:55:20.760] {"t":"camera3d","f":"toggle_light","a":{"name":"key","val":true}},
[21:55:20.796] "/payments:/i3d-simple:phong_head_sphere_kfb/i2d-empty:/black:/ui-msgbg:/shot-fixed:scope17",
[21:55:20.796] "//////shot-fixed:scope17",
[21:55:20.797] {"delta-t":"camera3d","f":"toggle_light","a":{"name":"key","val":true}},
[21:55:30.761] {"t":"camera3d","f":"toggle_light","a":{"name":"fill","val":true}},
[21:55:30.792] "/payments:/i3d-simple:phong_head_sphere_kfb/i2d-empty:/black:/ui-msgbg:/shot-fixed:scope18",
[21:55:30.793] "//////shot-fixed:scope18",
[21:55:30.794] {"delta-t":"camera3d","f":"toggle_light","a":{"name":"fill","val":true}},
[21:55:45.762] {"t":"camera3d","f":"toggle_light","a":{"name":"back","val":true}},
[21:55:45.782] "/payments:/i3d-simple:phong_head_sphere_kfb/i2d-empty:/black:/ui-msgbg:/shot-fixed:scope19",
[21:55:45.782] "//////shot-fixed:scope19",
[21:55:45.782] {"delta-t":"camera3d","f":"toggle_light","a":{"name":"back","val":true}},
[21:56:00.761] {"t":"narrative","f":"change_scene","a":"a"},
[21:56:00.984] "/a:/i3d-simple:simple_green/i2d-scene:disks0/base-skycube:test_cube/ui-msgbg:/shot-fixed:",
[21:56:00.984] "/a:/i3d-simple:simple_green/i2d-scene:disks0/base-skycube:test_cube//shot-fixed:",
[21:56:00.984] {},
[21:56:15.765] {"t":"narrative","f":"shot","a":"shot-graft:{\"delta\":{\"timeline\":{\"p\":{\"repeat\":0},\"actors\":{\"i3d:cube0:scale\":[{\"dur\":10,\"p\":{\"x\":0.5,\"y\":0.5,\"z\":0.5}}]}},\"branches\":{\"cube0\":{\"children\":{\"cube0_2\":{\"form\":{\"type\":\"'cube.i3d'\",\"x\":0,\"y\":0,\"z\":0,\"textureurl\":\"./images/sky.jpg\",\"w\":5,\"h\":10,\"d\":10,\"color\":\"blue\",\"transparent\":true,\"opacity\":1},\"transform\":{\"t\":[-20,-10,0],\"s\":[0.01,0.01,0.01]},\"children\":{}},\"cube0_3\":{\"form\":{\"type\":\"'cube.i3d'\",\"x\":0,\"y\":-20,\"z\":0,\"textureurl\":\"sky_jpg\",\"w\":5,\"h\":10,\"d\":10,\"color\":\"blue\",\"transparent\":true,\"opacity\":1},\"transform\":{\"t\":[20,0,0],\"s\":[0.01,0.01,0.01]},\"children\":{}}}}}}}"},
[21:56:15.919] "/a:/i3d-simple:simple_green/i2d-scene:disks0/base-skycube:test_cube/ui-msgbg:/shot-graft:scope21",
[21:56:15.922] {"delta":{"timeline":{"p":{"repeat":0},"actors":{"i3d:cube0:scale":[{"dur":10,"p":{"x":0.5,"y":0.5,"z":0.5}}]}},"branches":{"cube0":{"children":{"cube0_2":{"form":{"type":"'cube.i3d'","x":0,"y":0,"z":0,"textureurl":"./images/sky.jpg","w":5,"h":10,"d":10,"color":"blue","transparent":true,"opacity":1},"transform":{"t":[-20,-10,0],"s":[0.01,0.01,0.01]},"children":{}},"cube0_3":{"form":{"type":"'cube.i3d'","x":0,"y":-20,"z":0,"textureurl":"sky_jpg","w":5,"h":10,"d":10,"color":"blue","transparent":true,"opacity":1},"transform":{"t":[20,0,0],"s":[0.01,0.01,0.01]},"children":{}}}}}}},
[21:56:15.922] "//////shot-graft:scope21",
[21:56:25.776] {"t":"narrative","f":"shot","a":"shot-graft:{\"delta\":{\"timeline\":{\"p\":{\"repeat\":0},\"actors\":{\"i3d:cube0_2:scale\":[{\"dur\":10,\"p\":{\"x\":1,\"y\":1,\"z\":1}}],\"i3d:cube0_3:scale\":[{\"dur\":10,\"p\":{\"x\":1,\"y\":1,\"z\":1}}]}},\"branches\":{\"cube0_2\":{\"children\":{\"s0_2_0\":{\"form\":{\"type\":\"'sphere.i3d'\",\"r\":5,\"color\":\"blue\",\"transparent\":true,\"opacity\":0.8},\"transform\":{\"e\":[0,-0.785,0],\"t\":[-10,-10,0],\"s\":[0.01,0.01,0.01]},\"children\":{}},\"s0_2_1\":{\"form\":{\"type\":\"'sphere.i3d'\",\"r\":5,\"color\":\"blue\",\"transparent\":true,\"opacity\":0.8},\"transform\":{\"e\":[0,0.785,0],\"t\":[10,10,0],\"s\":[0.01,0.01,0.01]},\"children\":{}}}}}}}"},
[21:56:25.925] "/a:/i3d-simple:simple_green/i2d-scene:disks0/base-skycube:test_cube/ui-msgbg:/shot-graft:scope22",
[21:56:25.926] "//////shot-graft:scope22",
[21:56:25.928] {"delta":{"timeline":{"p":{"repeat":0},"actors":{"i3d:cube0_2:scale":[{"dur":10,"p":{"x":1,"y":1,"z":1}}],"i3d:cube0_3:scale":[{"dur":10,"p":{"x":1,"y":1,"z":1}}]}},"branches":{"cube0_2":{"children":{"s0_2_0":{"form":{"type":"'sphere.i3d'","r":5,"color":"blue","transparent":true,"opacity":0.8},"transform":{"e":[0,-0.785,0],"t":[-10,-10,0],"s":[0.01,0.01,0.01]},"children":{}},"s0_2_1":{"form":{"type":"'sphere.i3d'","r":5,"color":"blue","transparent":true,"opacity":0.8},"transform":{"e":[0,0.785,0],"t":[10,10,0],"s":[0.01,0.01,0.01]},"children":{}}}}}}},
[21:56:35.790] {"t":"narrative","f":"shot","a":"shot-graft:{\"delta\":{\"timeline\":{\"p\":{\"repeat\":0},\"actors\":{\"i3d:s0_2_0:scale\":[{\"dur\":10,\"p\":{\"x\":1,\"y\":1,\"z\":1}}],\"i3d:s0_2_1:scale\":[{\"dur\":10,\"p\":{\"x\":1,\"y\":1,\"z\":1}}]}},\"branches\":{}}}"},
[21:56:35.828] "/a:/i3d-simple:simple_green/i2d-scene:disks0/base-skycube:test_cube/ui-msgbg:/shot-graft:scope23",
[21:56:35.829] "//////shot-graft:scope23",
[21:56:35.829] {"delta":{"timeline":{"p":{"repeat":0},"actors":{"i3d:s0_2_0:scale":[{"dur":10,"p":{"x":1,"y":1,"z":1}}],"i3d:s0_2_1:scale":[{"dur":10,"p":{"x":1,"y":1,"z":1}}]}},"branches":{}}},
[21:56:50.763] {"t":"camera3d","f":"panflyTo","a":{"r":0.7854,"d":4}},
[21:56:50.777] "/a:/i3d-simple:simple_green/i2d-scene:disks0/base-skycube:test_cube/ui-msgbg:/shot-anim:scope24",
[21:56:50.777] "//////shot-anim:scope24",
[21:56:50.777] {"delta":{"timeline":{"p":{"paused":true,"repeat":0},"actors":{"i3d:camera:rotation":[{"dur":4,"p":{"y":0.7854,"immediateRender":false}}]}}}},
[21:57:05.764] {"t":"narrative","f":"change_scene","a":"footprint"},
[21:57:07.715] "/footprint:/i3d-scene:scene1/i2d-empty:/escher:/ui-msgbg:/shot-fixed:",
[21:57:07.716] "/footprint:/i3d-scene:scene1/i2d-empty:/escher://shot-fixed:",
[21:57:07.716] {},
[21:57:15.765] {"t":"camera3d","f":"panflyTo","a":{"r":0.7854,"d":4}},
[21:57:15.813] "/footprint:/i3d-scene:scene1/i2d-empty:/escher:/ui-msgbg:/shot-anim:scope26",
[21:57:15.813] "//////shot-anim:scope26",
[21:57:15.814] {"delta":{"timeline":{"p":{"paused":true,"repeat":0},"actors":{"i3d:camera:rotation":[{"dur":4,"p":{"y":0.7854,"immediateRender":false}}]}}}},
[21:57:25.766] {"t":"camera3d","f":"tiltflyTo","a":{"r":0.7854,"d":4}},
[21:57:25.818] "/footprint:/i3d-scene:scene1/i2d-empty:/escher:/ui-msgbg:/shot-anim:scope27",
[21:57:25.819] "//////shot-anim:scope27",
[21:57:25.819] {"delta":{"timeline":{"p":{"paused":true,"repeat":0},"actors":{"i3d:camera:rotation":[{"dur":4,"p":{"x":0.7854,"immediateRender":false}}]}}}},
[21:57:35.768] {"t":"camera3d","f":"billboardsFaceCamera"},
[21:57:35.804] "/footprint:/i3d-scene:scene1/i2d-empty:/escher:/ui-msgbg:/shot-fixed:scope28",
[21:57:35.804] "//////shot-fixed:scope28",
[21:57:35.805] {"delta-t":"camera3d","f":"billboardsFaceCamera"},
[21:57:50.769] {"t":"camera3d","f":"tiltflyBy","a":{"r":-0.7854,"d":4}},
[21:57:50.803] "/footprint:/i3d-scene:scene1/i2d-empty:/escher:/ui-msgbg:/shot-anim:scope29",
[21:57:50.803] "//////shot-anim:scope29",
[21:57:50.803] {"delta":{"timeline":{"p":{"paused":true,"repeat":0},"actors":{"i3d:camera:rotation":[{"dur":4,"p":{"x":0,"immediateRender":false}}]}}}},
[21:58:00.769] {"t":"camera3d","f":"panflyBy","a":{"r":-0.7854,"d":4}},
[21:58:00.812] "/footprint:/i3d-scene:scene1/i2d-empty:/escher:/ui-msgbg:/shot-anim:scope30",
[21:58:00.812] "//////shot-anim:scope30",
[21:58:00.813] {"delta":{"timeline":{"p":{"paused":true,"repeat":0},"actors":{"i3d:camera:rotation":[{"dur":4,"p":{"y":0,"immediateRender":false}}]}}}},
[21:58:10.770] {"t":"narrative","f":"change_scene","a":"circle"},
[21:58:11.243] {"delta":{"timeline":[{"id":"cube0_1","dur":10,"p":{"scale":[1,1,1]},"delay":2}],"branches":{"cube0":{"children":{"cube0_2":{"form":{"type":"'cube.i3d'","x":0,"y":0,"z":0,"textureurl":"./images/sky.jpg","w":20,"h":20,"d":20,"color":"blue","transparent":true,"opacity":1},"transform":{"t":[-20,-10,0],"s":[0.25,1,0.25]},"children":{}},"cube0_3":{"form":{"type":"'cube.i3d'","x":0,"y":-20,"z":0,"textureurl":"sky_jpg","w":20,"h":40,"d":20,"color":"blue","transparent":true,"opacity":1},"transform":{"t":[20,0,0],"s":[0.5,1,0.5]},"children":{}}}}}}},
[21:58:11.243] "/circle:/i3d-simple:simple_red/i2d-scene:disks0/base-skycube:test_cube/ui-msgbg:/shot-graft:a0",
[21:58:11.243] "/circle:/i3d-simple:simple_red/i2d-scene:disks0/base-skycube:test_cube//shot-graft:a0",
[21:58:25.805] {"t":"narrative","f":"change_state","a":"/circle:/i3d-simple:simple_red/i2d-scene:mf2d0/base-skycube:test_cube/ui-msgbg:/shot-fixed:"},
[21:58:26.016] "///i2d-scene:mf2d0///shot-fixed:",
[21:58:26.016] "/circle:/i3d-simple:simple_red/i2d-scene:mf2d0/base-skycube:test_cube/ui-msgbg:/shot-fixed:",
[21:58:26.016] {},
[21:58:40.821] {"t":"narrative","f":"change_scene","a":"stocks"},
[21:58:42.577] "/stocks:/i3d-jsonmodels:phonghead_kfb/i2d-scene:defsuse0/grid:/ui-msgbg:/shot-fixed:",
[21:58:42.577] "/stocks:/i3d-jsonmodels:phonghead_kfb/i2d-scene:defsuse0/grid://",
[21:58:42.578] {},
[21:58:50.809] {"t":"narrative","f":"change_state","a":"///i2d-scene:mf2d0///"},
[21:58:51.051] "/stocks:/i3d-jsonmodels:phonghead_kfb/i2d-scene:mf2d0/grid:/ui-msgbg:/shot-fixed:",
[21:58:51.051] "///i2d-scene:mf2d0///",
[21:58:51.051] {},
[21:59:05.810] {"t":"camera3d","f":"panflyBy","a":{"r":-0.7854,"d":4}},
[21:59:05.847] "/stocks:/i3d-jsonmodels:phonghead_kfb/i2d-scene:mf2d0/grid:/ui-msgbg:/shot-anim:scope35",
[21:59:05.849] {"delta":{"timeline":{"p":{"paused":true,"repeat":0},"actors":{"i3d:camera:rotation":[{"dur":4,"p":{"y":-0.7854,"immediateRender":false}}]}}}},
[21:59:05.848] "//////shot-anim:scope35",
[21:59:15.811] {"t":"camera2d","f":"zoomflyBy","a":{"s":0.9,"d":3}},
[21:59:15.833] "/stocks:/i3d-jsonmodels:phonghead_kfb/i2d-scene:mf2d0/grid:/ui-msgbg:/shot-anim:scope36",
[21:59:15.833] "//////shot-anim:scope36",
[21:59:15.833] {"delta":{"timeline":{"p":{"paused":true,"repeat":0,"tweens":[]},"actors":{"i2d:zoom_plane":[{"dur":3,"p":{"scale":0.9,"svgOrigin":"0% 0%","immediateRender":false}}]}}}},
[21:59:30.810] {"t":"camera2d","f":"zoomflyTo","a":{"s":2,"d":3}},
[21:59:30.851] "/stocks:/i3d-jsonmodels:phonghead_kfb/i2d-scene:mf2d0/grid:/ui-msgbg:/shot-anim:scope37",
[21:59:30.852] "//////shot-anim:scope37",
[21:59:30.852] {"delta":{"timeline":{"p":{"paused":true,"repeat":0,"tweens":[]},"actors":{"i2d:zoom_plane":[{"dur":3,"p":{"scale":2,"svgOrigin":"0% 0%","immediateRender":false}}]}}}},
[21:59:45.812] {"t":"camera2d","f":"zoomflyTo","a":{"s":0.5,"d":3}},
[21:59:45.863] "/stocks:/i3d-jsonmodels:phonghead_kfb/i2d-scene:mf2d0/grid:/ui-msgbg:/shot-anim:scope38",
[21:59:45.863] "//////shot-anim:scope38",
[21:59:45.863] {"delta":{"timeline":{"p":{"paused":true,"repeat":0,"tweens":[]},"actors":{"i2d:zoom_plane":[{"dur":3,"p":{"scale":0.5,"svgOrigin":"0% 0%","immediateRender":false}}]}}}},
[21:59:55.814] {"t":"camera2d","f":"dollyflyTo","a":{"x":20,"d":3}},
[21:59:55.861] "/stocks:/i3d-jsonmodels:phonghead_kfb/i2d-scene:mf2d0/grid:/ui-msgbg:/shot-anim:scope39",
[21:59:55.862] "//////shot-anim:scope39",
[21:59:55.862] {"delta":{"timeline":{"p":{"paused":true,"repeat":0,"tweens":[]},"actors":{"i2d:plane":[{"dur":3,"p":{"x":20,"y":0,"immediateRender":false}}]}}}},
[22:00:05.813] {"t":"camera2d","f":"center","a":{"d":3}},
[22:00:05.870] {"delta":{"timeline":{"p":{"paused":true,"repeat":0},"actors":{"i2d:plane":[{"dur":3,"p":{"x":0,"y":0,"immediateRender":false}}],"i2d:zoom_plane":[{"dur":3,"p":{"rotation":0,"svgOrigin":"0% 0%","immediateRender":false}}]}}}},
[22:00:05.870] "//////shot-anim:scope40",
[22:00:05.870] "/stocks:/i3d-jsonmodels:phonghead_kfb/i2d-scene:mf2d0/grid:/ui-msgbg:/shot-anim:scope40",
[22:00:15.795] {"t":"camera2d","f":"home","a":{"d":3}},
[22:00:15.865] "/stocks:/i3d-jsonmodels:phonghead_kfb/i2d-scene:mf2d0/grid:/ui-msgbg:/shot-anim:scope41",
[22:00:15.865] {"delta":{"timeline":{"p":{"paused":true,"repeat":0},"actors":{"i2d:plane":[{"dur":3,"p":{"x":0,"y":0,"immediateRender":false}}],"i2d:zoom_plane":[{"dur":3,"p":{"rotation":0,"scale":1,"svgOrigin":"0% 0%","immediateRender":false}}]}}}},
[22:00:15.865] "//////shot-anim:scope41",
[22:00:30.796] {"t":"camera2d","f":"rollflyTo","a":{"r":-90,"d":3}},
[22:00:30.844] "/stocks:/i3d-jsonmodels:phonghead_kfb/i2d-scene:mf2d0/grid:/ui-msgbg:/shot-anim:scope42",
[22:00:30.845] "//////shot-anim:scope42",
[22:00:30.845] {"delta":{"timeline":{"p":{"paused":true,"repeat":0,"tweens":[]},"actors":{"i2d:zoom_plane":[{"dur":3,"p":{"rotation":-90,"svgOrigin":"0% 0%","immediateRender":false}}]}}}},
[22:00:45.797] {"t":"camera2d","f":"rollflyBy","a":{"r":45,"d":3}},
[22:00:45.842] "/stocks:/i3d-jsonmodels:phonghead_kfb/i2d-scene:mf2d0/grid:/ui-msgbg:/shot-anim:scope43",
[22:00:45.843] "//////shot-anim:scope43",
[22:00:45.844] {"delta":{"timeline":{"p":{"paused":true,"repeat":0,"tweens":[]},"actors":{"i2d:zoom_plane":[{"dur":3,"p":{"rotation":-45,"svgOrigin":"0% 0%","immediateRender":false}}]}}}},
[22:00:55.797] {"t":"camera2d","f":"rollflyBy","a":{"r":45,"d":3}},
[22:00:55.842] "/stocks:/i3d-jsonmodels:phonghead_kfb/i2d-scene:mf2d0/grid:/ui-msgbg:/shot-anim:scope44",
[22:00:55.843] "//////shot-anim:scope44",
[22:00:55.846] {"delta":{"timeline":{"p":{"paused":true,"repeat":0,"tweens":[]},"actors":{"i2d:zoom_plane":[{"dur":3,"p":{"rotation":0,"svgOrigin":"0% 0%","immediateRender":false}}]}}}},
[22:01:05.798] {"t":"camera2d","f":"dollyflyTo","a":{"x":20,"d":3}},
[22:01:05.851] "//////shot-anim:scope45",
[22:01:05.852] {"delta":{"timeline":{"p":{"paused":true,"repeat":0,"tweens":[]},"actors":{"i2d:plane":[{"dur":3,"p":{"x":20,"y":0,"immediateRender":false}}]}}}},
[22:01:05.851] "/stocks:/i3d-jsonmodels:phonghead_kfb/i2d-scene:mf2d0/grid:/ui-msgbg:/shot-anim:scope45",
[22:01:20.798] {"t":"camera2d","f":"dollyflyTo","a":{"y":20,"d":3}},
[22:01:20.836] "/stocks:/i3d-jsonmodels:phonghead_kfb/i2d-scene:mf2d0/grid:/ui-msgbg:/shot-anim:scope46",
[22:01:20.837] "//////shot-anim:scope46",
[22:01:20.838] {"delta":{"timeline":{"p":{"paused":true,"repeat":0,"tweens":[]},"actors":{"i2d:plane":[{"dur":3,"p":{"x":20,"y":-20,"immediateRender":false}}]}}}},
[22:01:30.800] {"t":"camera2d","f":"dollyflyTo","a":{"x":0,"d":3}},
[22:01:30.848] "/stocks:/i3d-jsonmodels:phonghead_kfb/i2d-scene:mf2d0/grid:/ui-msgbg:/shot-anim:scope47",
[22:01:30.849] "//////shot-anim:scope47",
[22:01:30.850] {"delta":{"timeline":{"p":{"paused":true,"repeat":0,"tweens":[]},"actors":{"i2d:plane":[{"dur":3,"p":{"x":0,"y":-20,"immediateRender":false}}]}}}},
[22:01:45.803] {"t":"camera2d","f":"dollyflyTo","a":{"y":-40,"d":3}},
[22:01:45.837] "/stocks:/i3d-jsonmodels:phonghead_kfb/i2d-scene:mf2d0/grid:/ui-msgbg:/shot-anim:scope48",
[22:01:45.838] "//////shot-anim:scope48",
[22:01:45.838] {"delta":{"timeline":{"p":{"paused":true,"repeat":0,"tweens":[]},"actors":{"i2d:plane":[{"dur":3,"p":{"x":0,"y":40,"immediateRender":false}}]}}}},
[22:01:55.804] {"t":"camera2d","f":"dollyflyTo","a":{"x":20,"d":3}},
[22:01:55.825] "/stocks:/i3d-jsonmodels:phonghead_kfb/i2d-scene:mf2d0/grid:/ui-msgbg:/shot-anim:scope49",
[22:01:55.825] "//////shot-anim:scope49",
[22:01:55.826] {"delta":{"timeline":{"p":{"paused":true,"repeat":0,"tweens":[]},"actors":{"i2d:plane":[{"dur":3,"p":{"x":20,"y":40,"immediateRender":false}}]}}}},
[22:02:10.804] {"t":"camera2d","f":"dollyflyTo","a":{"x":0,"d":3}},
[22:02:10.852] "/stocks:/i3d-jsonmodels:phonghead_kfb/i2d-scene:mf2d0/grid:/ui-msgbg:/shot-anim:scope50",
[22:02:10.852] {"delta":{"timeline":{"p":{"paused":true,"repeat":0,"tweens":[]},"actors":{"i2d:plane":[{"dur":3,"p":{"x":0,"y":40,"immediateRender":false}}]}}}},
[22:02:10.852] "//////shot-anim:scope50",
[22:02:20.805] {"t":"camera3d","f":"tiltflyTo","a":{"r":-0.7854,"d":3}},
[22:02:20.837] "/stocks:/i3d-jsonmodels:phonghead_kfb/i2d-scene:mf2d0/grid:/ui-msgbg:/shot-anim:scope51",
[22:02:20.837] "//////shot-anim:scope51",
[22:02:20.837] {"delta":{"timeline":{"p":{"paused":true,"repeat":0},"actors":{"i3d:camera:rotation":[{"dur":3,"p":{"x":-0.7854,"immediateRender":false}}]}}}},
[22:02:30.805] {"t":"camera3d","f":"panflyTo","a":{"r":-0.7854,"d":3}},
[22:02:30.836] "/stocks:/i3d-jsonmodels:phonghead_kfb/i2d-scene:mf2d0/grid:/ui-msgbg:/shot-anim:scope52",
[22:02:30.836] "//////shot-anim:scope52",
[22:02:30.837] {"delta":{"timeline":{"p":{"paused":true,"repeat":0},"actors":{"i3d:camera:rotation":[{"dur":3,"p":{"y":-0.7854,"immediateRender":false}}]}}}},
[22:02:40.806] {"t":"camera3d","f":"lookAt"},
[22:02:40.839] "/stocks:/i3d-jsonmodels:phonghead_kfb/i2d-scene:mf2d0/grid:/ui-msgbg:/shot-fixed:scope53",
[22:02:40.840] "//////shot-fixed:scope53",
[22:02:40.841] {"delta-t":"camera3d","f":"lookAt","a":{}},
[22:02:55.807] {"t":"camera3d","f":"dollyflyTo","a":{"x":20,"y":0,"z":0,"d":3}},
[22:02:55.838] "/stocks:/i3d-jsonmodels:phonghead_kfb/i2d-scene:mf2d0/grid:/ui-msgbg:/shot-anim:scope54",
[22:02:55.838] "//////shot-anim:scope54",
[22:02:55.838] {"delta":{"timeline":{"p":{"paused":true,"repeat":0},"actors":{"i3d:csphere:position":[{"dur":3,"p":{"x":20,"y":0,"z":0,"immediateRender":false}}]}}}},
[22:03:05.832] "/stocks:/i3d-jsonmodels:phonghead_kfb/i2d-scene:mf2d0/grid:/ui-msgbg:/shot-anim:scope55",
[22:03:05.832] "//////shot-anim:scope55",
[22:03:05.810] {"t":"camera3d","f":"zoomflyTo","a":{"s":0.5,"d":3}},
[22:03:05.832] {"delta":{"timeline":{"p":{"paused":true,"repeat":0},"actors":{"i3d:csphere:scale":[{"dur":3,"p":{"x":0.5,"y":0.5,"z":0.5,"immediateRender":false}}]}}}},
[22:03:20.822] {"t":"camera3d","f":"zoomflyTo","a":{"s":2,"d":3}},
[22:03:20.854] "/stocks:/i3d-jsonmodels:phonghead_kfb/i2d-scene:mf2d0/grid:/ui-msgbg:/shot-anim:scope56",
[22:03:20.854] "//////shot-anim:scope56",
[22:03:20.854] {"delta":{"timeline":{"p":{"paused":true,"repeat":0},"actors":{"i3d:csphere:scale":[{"dur":3,"p":{"x":2,"y":2,"z":2,"immediateRender":false}}]}}}},
[22:03:30.822] {"t":"camera3d","f":"dollyflyTo","a":{"x":20,"y":20,"z":-20,"d":3}},
[22:03:30.869] "/stocks:/i3d-jsonmodels:phonghead_kfb/i2d-scene:mf2d0/grid:/ui-msgbg:/shot-anim:scope57",
[22:03:30.871] "//////shot-anim:scope57",
[22:03:30.871] {"delta":{"timeline":{"p":{"paused":true,"repeat":0},"actors":{"i3d:csphere:position":[{"dur":3,"p":{"x":20,"y":20,"z":-20,"immediateRender":false}}]}}}},
[22:03:40.825] {"t":"camera3d","f":"zoomflyTo","a":{"s":0.5,"d":3}},
[22:03:40.864] "/stocks:/i3d-jsonmodels:phonghead_kfb/i2d-scene:mf2d0/grid:/ui-msgbg:/shot-anim:scope58",
[22:03:40.864] "//////shot-anim:scope58",
[22:03:40.865] {"delta":{"timeline":{"p":{"paused":true,"repeat":0},"actors":{"i3d:csphere:scale":[{"dur":3,"p":{"x":0.5,"y":0.5,"z":0.5,"immediateRender":false}}]}}}},
[22:03:55.827] {"t":"camera3d","f":"center","a":{"d":3}},
[22:03:55.875] "/stocks:/i3d-jsonmodels:phonghead_kfb/i2d-scene:mf2d0/grid:/ui-msgbg:/shot-fixed:scope60",
[22:03:55.875] {"delta-t":"camera3d","f":"center"},
[22:03:55.875] "//////shot-fixed:scope60",
[22:04:10.827] {"t":"camera3d","f":"home","a":{"d":3}},
[22:04:10.877] "/stocks:/i3d-jsonmodels:phonghead_kfb/i2d-scene:mf2d0/grid:/ui-msgbg:/shot-fixed:scope62",
[22:04:10.878] "//////shot-fixed:scope62",
[22:04:10.878] {"delta-t":"camera3d","f":"home"},
[22:04:20.828] {"t":"camera3d","f":"panflyBy","a":{"r":0.7854,"d":3}},
[22:04:20.860] "/stocks:/i3d-jsonmodels:phonghead_kfb/i2d-scene:mf2d0/grid:/ui-msgbg:/shot-anim:scope63",
[22:04:20.860] "//////shot-anim:scope63",
[22:04:20.862] {"delta":{"timeline":{"p":{"paused":true,"repeat":0},"actors":{"i3d:camera:rotation":[{"dur":3,"p":{"y":0.7854,"immediateRender":false}}]}}}},
[22:04:35.829] {"t":"camera3d","f":"tiltflyBy","a":{"r":0.7854,"d":3}},
[22:04:35.869] "/stocks:/i3d-jsonmodels:phonghead_kfb/i2d-scene:mf2d0/grid:/ui-msgbg:/shot-anim:scope64",
[22:04:35.869] "//////shot-anim:scope64",
[22:04:35.869] {"delta":{"timeline":{"p":{"paused":true,"repeat":0},"actors":{"i3d:camera:rotation":[{"dur":3,"p":{"x":0.7854,"immediateRender":false}}]}}}},
[22:04:50.829] {"t":"camera3d","f":"lookAt"},
[22:04:50.848] "/stocks:/i3d-jsonmodels:phonghead_kfb/i2d-scene:mf2d0/grid:/ui-msgbg:/shot-fixed:scope65",
[22:04:50.848] "//////shot-fixed:scope65",
[22:04:50.848] {"delta-t":"camera3d","f":"lookAt","a":{}},
[22:05:05.830] {"t":"camera3d","f":"rollflyTo","a":{"r":-1.57,"d":4}},
[22:05:05.875] "//////shot-anim:scope66",
[22:05:05.875] "/stocks:/i3d-jsonmodels:phonghead_kfb/i2d-scene:mf2d0/grid:/ui-msgbg:/shot-anim:scope66",
[22:05:05.876] {"delta":{"timeline":{"p":{"paused":true,"repeat":0},"actors":{"i3d:camera:rotation":[{"dur":4,"p":{"z":-1.57,"immediateRender":false}}]}}}},
[22:05:15.830] {"t":"camera3d","f":"rollflyBy","a":{"r":0.3927,"d":4}},
[22:05:15.865] "/stocks:/i3d-jsonmodels:phonghead_kfb/i2d-scene:mf2d0/grid:/ui-msgbg:/shot-anim:scope67",
[22:05:15.865] "//////shot-anim:scope67",
[22:05:15.866] {"delta":{"timeline":{"p":{"paused":true,"repeat":0},"actors":{"i3d:camera:rotation":[{"dur":4,"p":{"z":-1.1773,"immediateRender":false}}]}}}},
[22:05:25.832] {"t":"camera3d","f":"rollflyBy","a":{"r":0.3927,"d":4}},
[22:05:25.866] "/stocks:/i3d-jsonmodels:phonghead_kfb/i2d-scene:mf2d0/grid:/ui-msgbg:/shot-anim:scope68",
[22:05:25.866] "//////shot-anim:scope68",
[22:05:25.867] {"delta":{"timeline":{"p":{"paused":true,"repeat":0},"actors":{"i3d:camera:rotation":[{"dur":4,"p":{"z":-0.7846,"immediateRender":false}}]}}}},
[22:05:35.832] {"t":"camera3d","f":"center","a":{"d":3}},
[22:05:35.876] "/stocks:/i3d-jsonmodels:phonghead_kfb/i2d-scene:mf2d0/grid:/ui-msgbg:/shot-fixed:scope70",
[22:05:35.876] "//////shot-fixed:scope70",
[22:05:35.876] {"delta-t":"camera3d","f":"center"},
[22:05:50.832] {"t":"camera3d","f":"yawflyTo","a":{"r":1.57,"d":3}},
[22:05:50.867] "/stocks:/i3d-jsonmodels:phonghead_kfb/i2d-scene:mf2d0/grid:/ui-msgbg:/shot-anim:scope71",
[22:05:50.868] "//////shot-anim:scope71",
[22:05:50.868] {"delta":{"timeline":{"p":{"paused":true,"repeat":0},"actors":{"i3d:csphere:rotation":[{"dur":3,"p":{"y":1.57,"immediateRender":false}}]}}}},
[22:06:05.835] {"t":"camera3d","f":"yawflyBy","a":{"r":-0.7854,"d":3}},
[22:06:05.874] "/stocks:/i3d-jsonmodels:phonghead_kfb/i2d-scene:mf2d0/grid:/ui-msgbg:/shot-anim:scope72",
[22:06:05.874] "//////shot-anim:scope72",
[22:06:05.874] {"delta":{"timeline":{"p":{"paused":true,"repeat":0},"actors":{"i3d:csphere:rotation":[{"dur":3,"p":{"y":0.7846000000000001,"immediateRender":false}}]}}}},
[22:06:20.834] {"t":"camera3d","f":"yawflyBy","a":{"r":-0.7854,"d":3}},
[22:06:20.878] "/stocks:/i3d-jsonmodels:phonghead_kfb/i2d-scene:mf2d0/grid:/ui-msgbg:/shot-anim:scope73",
[22:06:20.880] {"delta":{"timeline":{"p":{"paused":true,"repeat":0},"actors":{"i3d:csphere:rotation":[{"dur":3,"p":{"y":-0.0007999999999999119,"immediateRender":false}}]}}}},
[22:06:20.879] "//////shot-anim:scope73",
[22:06:30.834] {"t":"camera3d","f":"pitchflyTo","a":{"r":-1.57,"d":3}},
[22:06:30.854] "/stocks:/i3d-jsonmodels:phonghead_kfb/i2d-scene:mf2d0/grid:/ui-msgbg:/shot-anim:scope74",
[22:06:30.855] "//////shot-anim:scope74",
[22:06:30.855] {"delta":{"timeline":{"p":{"paused":true,"repeat":0},"actors":{"i3d:csphere:rotation":[{"dur":3,"p":{"x":-1.57,"immediateRender":false}}]}}}},
[22:06:40.835] {"t":"camera3d","f":"pitchflyBy","a":{"r":0.7854,"d":3}},
[22:06:40.874] "/stocks:/i3d-jsonmodels:phonghead_kfb/i2d-scene:mf2d0/grid:/ui-msgbg:/shot-anim:scope75",
[22:06:40.874] "//////shot-anim:scope75",
[22:06:40.874] {"delta":{"timeline":{"p":{"paused":true,"repeat":0},"actors":{"i3d:csphere:rotation":[{"dur":3,"p":{"x":-0.7846000000000001,"immediateRender":false}}]}}}},
[22:06:55.836] {"t":"camera3d","f":"pitchflyBy","a":{"r":0.7854,"d":3}},
[22:06:55.853] "/stocks:/i3d-jsonmodels:phonghead_kfb/i2d-scene:mf2d0/grid:/ui-msgbg:/shot-anim:scope76",
[22:06:55.853] "//////shot-anim:scope76",
[22:06:55.853] {"delta":{"timeline":{"p":{"paused":true,"repeat":0},"actors":{"i3d:csphere:rotation":[{"dur":3,"p":{"x":0.0007999999999999119,"immediateRender":false}}]}}}},
[22:07:10.837] {"t":"camera3d","f":"dollyflyTo","a":{"x":20,"y":-20,"z":-30,"d":3}},
[22:07:10.888] "/stocks:/i3d-jsonmodels:phonghead_kfb/i2d-scene:mf2d0/grid:/ui-msgbg:/shot-anim:scope77",
[22:07:10.888] "//////shot-anim:scope77",
[22:07:10.889] {"delta":{"timeline":{"p":{"paused":true,"repeat":0},"actors":{"i3d:csphere:position":[{"dur":3,"p":{"x":20,"y":-20,"z":-30,"immediateRender":false}}]}}}},
[22:07:20.836] {"t":"camera3d","f":"dollyflyTo","a":{"x":0,"y":0,"z":30,"d":6}},
[22:07:20.867] "/stocks:/i3d-jsonmodels:phonghead_kfb/i2d-scene:mf2d0/grid:/ui-msgbg:/shot-anim:scope78",
[22:07:20.867] "//////shot-anim:scope78",
[22:07:20.867] {"delta":{"timeline":{"p":{"paused":true,"repeat":0},"actors":{"i3d:csphere:position":[{"dur":6,"p":{"x":20,"y":-20,"z":30,"immediateRender":false}}]}}}},
[22:07:30.837] {"t":"camera3d","f":"tiltflyBy","a":{"r":0.7854,"d":3}},
[22:07:30.864] "/stocks:/i3d-jsonmodels:phonghead_kfb/i2d-scene:mf2d0/grid:/ui-msgbg:/shot-anim:scope79",
[22:07:30.864] "//////shot-anim:scope79",
[22:07:30.866] {"delta":{"timeline":{"p":{"paused":true,"repeat":0},"actors":{"i3d:camera:rotation":[{"dur":3,"p":{"x":0.7854,"immediateRender":false}}]}}}},
[22:07:45.838] {"t":"camera3d","f":"zoomflyTo","a":{"s":2,"d":3}},
[22:07:45.869] "/stocks:/i3d-jsonmodels:phonghead_kfb/i2d-scene:mf2d0/grid:/ui-msgbg:/shot-anim:scope80",
[22:07:45.870] "//////shot-anim:scope80",
[22:07:45.871] {"delta":{"timeline":{"p":{"paused":true,"repeat":0},"actors":{"i3d:csphere:scale":[{"dur":3,"p":{"x":2,"y":2,"z":2,"immediateRender":false}}]}}}},
[22:07:55.841] {"t":"camera3d","f":"home","a":{"d":3}},
[22:07:55.881] "/stocks:/i3d-jsonmodels:phonghead_kfb/i2d-scene:mf2d0/grid:/ui-msgbg:/shot-fixed:scope82",
[22:07:55.882] "//////shot-fixed:scope82",
[22:07:55.882] {"delta-t":"camera3d","f":"home"},
