[22:13:44.287] {"t":"camera3d","f":"panflyTo","a":{"r":-0.7854,"d":3}},
[22:13:44.297] "/metaweb:/i3d-empty:/i2d-reflect:/empty:/ui-msgbg:/shot-anim:scope0",
[22:13:44.297] "//////shot-anim:scope0",
[22:13:44.297] {"delta":{"timeline":{"p":{"paused":true,"repeat":0},"actors":{"i3d:camera:rotation":[{"dur":3,"p":{"y":-0.7854,"immediateRender":false}}]}}}},
[22:13:54.285] {"t":"camera3d","f":"lookAt"},
[22:13:54.298] "/metaweb:/i3d-empty:/i2d-reflect:/empty:/ui-msgbg:/shot-fixed:scope1",
[22:13:54.299] "//////shot-fixed:scope1",
[22:13:54.299] {"delta-t":"camera3d","f":"lookAt","a":{}},
[22:14:09.287] {"t":"camera3d","f":"panflyTo","a":{"r":-0.7854,"d":3}},
[22:14:09.297] "/metaweb:/i3d-empty:/i2d-reflect:/empty:/ui-msgbg:/shot-anim:scope2",
[22:14:09.297] "//////shot-anim:scope2",
[22:14:09.297] {"delta":{"timeline":{"p":{"paused":true,"repeat":0},"actors":{"i3d:camera:rotation":[{"dur":3,"p":{"y":-0.7854,"immediateRender":false}}]}}}},
[22:14:19.286] {"t":"camera3d","f":"home","a":{"d":3}},
[22:14:19.316] "/metaweb:/i3d-empty:/i2d-reflect:/empty:/ui-msgbg:/shot-fixed:scope4",
[22:14:19.316] "//////shot-fixed:scope4",
[22:14:19.318] {"delta-t":"camera3d","f":"home"},
[22:14:29.299] {"t":"camera3d","f":"panflyTo","a":{"r":0,"d":3}},
[22:14:29.302] "/metaweb:/i3d-empty:/i2d-reflect:/empty:/ui-msgbg:/shot-anim:scope5",
[22:14:29.302] "//////shot-anim:scope5",
[22:14:29.303] {"delta":{"timeline":{"p":{"paused":true,"repeat":0},"actors":{"i3d:camera:rotation":[{"dur":3,"p":{"y":0,"immediateRender":false}}]}}}},
[22:14:39.288] {"t":"narrative","f":"change_scene","a":"a"},
[22:14:39.547] "/a:/i3d-simple:simple_green/i2d-scene:disks0/base-skycube:test_cube/ui-msgbg:/shot-fixed:",
[22:14:39.547] "/a:/i3d-simple:simple_green/i2d-scene:disks0/base-skycube:test_cube//shot-fixed:",
[22:14:39.550] {},
[22:14:54.288] {"t":"narrative","f":"change_scene","a":"a0"},
[22:14:54.413] "/a0:/i3d-simple:simple_green/i2d-scene:disks0/base-skycube:test_cube/ui-msgbg:/shot-graft:scope7",
[22:14:54.413] "/a0://///shot-graft:scope7",
[22:14:54.415] {"delta":{"timeline":{"p":{"repeat":0},"actors":{"i3d:cube0:scale":[{"dur":10,"p":{"x":0.5,"y":0.5,"z":0.5}}]}},"branches":{"cube0":{"children":{"cube0_2":{"form":{"type":"'cube.i3d'","x":0,"y":0,"z":0,"textureurl":"./images/sky.jpg","w":5,"h":10,"d":10,"color":"blue","transparent":true,"opacity":1},"transform":{"t":[-20,-10,0],"s":[0.01,0.01,0.01]},"children":{}},"cube0_3":{"form":{"type":"'cube.i3d'","x":0,"y":-20,"z":0,"textureurl":"sky_jpg","w":5,"h":10,"d":10,"color":"blue","transparent":true,"opacity":1},"transform":{"t":[20,0,0],"s":[0.01,0.01,0.01]},"children":{}}}}}}},
[22:15:04.275] {"t":"narrative","f":"change_scene","a":"a1"},
[22:15:04.376] "/a1:/i3d-simple:simple_green/i2d-scene:disks0/base-skycube:test_cube/ui-msgbg:/shot-graft:scope8",
[22:15:04.376] "/a1://///shot-graft:scope8",
[22:15:04.379] {"delta":{"timeline":{"p":{"repeat":0},"actors":{"i3d:cube0_2:scale":[{"dur":10,"p":{"x":1,"y":1,"z":1}}],"i3d:cube0_3:scale":[{"dur":10,"p":{"x":1,"y":1,"z":1}}]}},"branches":{"cube0_2":{"children":{"s0_2_0":{"form":{"type":"'sphere.i3d'","r":5,"color":"blue","transparent":true,"opacity":0.8},"transform":{"e":[0,-0.785,0],"t":[-10,-10,0],"s":[0.01,0.01,0.01]},"children":{}},"s0_2_1":{"form":{"type":"'sphere.i3d'","r":5,"color":"blue","transparent":true,"opacity":0.8},"transform":{"e":[0,0.785,0],"t":[10,10,0],"s":[0.01,0.01,0.01]},"children":{}}}}}}},
[22:15:14.275] {"t":"narrative","f":"change_scene","a":"a2"},
[22:15:14.296] "/a2:/i3d-simple:simple_green/i2d-scene:disks0/base-skycube:test_cube/ui-msgbg:/shot-graft:scope9",
[22:15:14.296] "/a2://///shot-graft:scope9",
[22:15:14.297] {"delta":{"timeline":{"p":{"repeat":0},"actors":{"i3d:s0_2_0:scale":[{"dur":10,"p":{"x":1,"y":1,"z":1}}],"i3d:s0_2_1:scale":[{"dur":10,"p":{"x":1,"y":1,"z":1}}]}},"branches":{}}},
[22:15:29.376] {"t":"camera3d","f":"dollyflyTo","a":{"x":10,"y":10,"z":-20,"d":4}},
[22:15:29.395] "/a2:/i3d-simple:simple_green/i2d-scene:disks0/base-skycube:test_cube/ui-msgbg:/shot-anim:scope10",
[22:15:29.395] "//////shot-anim:scope10",
[22:15:29.396] {"delta":{"timeline":{"p":{"paused":true,"repeat":0},"actors":{"i3d:csphere:position":[{"dur":4,"p":{"x":10,"y":10,"z":-20,"immediateRender":false}}]}}}},
[22:15:44.377] {"t":"narrative","f":"change_scene","a":"payments"},
[22:15:45.372] "/payments:/i3d-simple:phong_head_sphere_kfb/i2d-empty:/black:/ui-msgbg:/shot-fixed:",
[22:15:45.372] "/payments:/i3d-simple:phong_head_sphere_kfb/i2d-empty:/black://shot-fixed:",
[22:15:45.372] {},
[22:15:54.395] {"t":"camera3d","f":"toggle_csphere","a":{"val":false}},
[22:15:54.396] "/payments:/i3d-simple:phong_head_sphere_kfb/i2d-empty:/black:/ui-msgbg:/shot-fixed:scope12",
[22:15:54.397] "//////shot-fixed:scope12",
[22:15:54.397] {"delta-t":"camera3d","f":"toggle_csphere","a":false},
[22:16:09.397] {"t":"camera3d","f":"toggle_csphere","a":{"val":true}},
[22:16:09.398] "/payments:/i3d-simple:phong_head_sphere_kfb/i2d-empty:/black:/ui-msgbg:/shot-fixed:scope13",
[22:16:09.398] "//////shot-fixed:scope13",
[22:16:09.399] {"delta-t":"camera3d","f":"toggle_csphere","a":true},
[22:16:19.380] {"t":"camera3d","f":"toggle_light","a":{"name":"key","val":false}},
[22:16:19.398] "/payments:/i3d-simple:phong_head_sphere_kfb/i2d-empty:/black:/ui-msgbg:/shot-fixed:scope14",
[22:16:19.399] "//////shot-fixed:scope14",
[22:16:19.399] {"delta-t":"camera3d","f":"toggle_light","a":{"name":"key","val":false}},
[22:16:29.381] {"t":"camera3d","f":"toggle_light","a":{"name":"fill","val":false}},
[22:16:29.412] "//////shot-fixed:scope15",
[22:16:29.412] {"delta-t":"camera3d","f":"toggle_light","a":{"name":"fill","val":false}},
[22:16:29.412] "/payments:/i3d-simple:phong_head_sphere_kfb/i2d-empty:/black:/ui-msgbg:/shot-fixed:scope15",
[22:16:44.395] {"t":"camera3d","f":"toggle_light","a":{"name":"back","val":false}},
[22:16:44.408] "/payments:/i3d-simple:phong_head_sphere_kfb/i2d-empty:/black:/ui-msgbg:/shot-fixed:scope16",
[22:16:44.408] "//////shot-fixed:scope16",
[22:16:44.408] {"delta-t":"camera3d","f":"toggle_light","a":{"name":"back","val":false}},
[22:16:54.383] {"t":"camera3d","f":"toggle_light","a":{"name":"key","val":true}},
[22:16:54.398] "/payments:/i3d-simple:phong_head_sphere_kfb/i2d-empty:/black:/ui-msgbg:/shot-fixed:scope17",
[22:16:54.398] "//////shot-fixed:scope17",
[22:16:54.410] {"delta-t":"camera3d","f":"toggle_light","a":{"name":"key","val":true}},
[22:17:09.385] {"t":"camera3d","f":"toggle_light","a":{"name":"fill","val":true}},
[22:17:09.410] "/payments:/i3d-simple:phong_head_sphere_kfb/i2d-empty:/black:/ui-msgbg:/shot-fixed:scope18",
[22:17:09.410] "//////shot-fixed:scope18",
[22:17:09.410] {"delta-t":"camera3d","f":"toggle_light","a":{"name":"fill","val":true}},
[22:17:24.386] {"t":"camera3d","f":"toggle_light","a":{"name":"back","val":true}},
[22:17:24.408] "/payments:/i3d-simple:phong_head_sphere_kfb/i2d-empty:/black:/ui-msgbg:/shot-fixed:scope19",
[22:17:24.409] "//////shot-fixed:scope19",
[22:17:24.409] {"delta-t":"camera3d","f":"toggle_light","a":{"name":"back","val":true}},
[22:17:34.387] {"t":"narrative","f":"change_scene","a":"a"},
[22:17:34.602] "/a:/i3d-simple:simple_green/i2d-scene:disks0/base-skycube:test_cube/ui-msgbg:/shot-fixed:",
[22:17:34.602] "/a:/i3d-simple:simple_green/i2d-scene:disks0/base-skycube:test_cube//shot-fixed:",
[22:17:34.603] {},
[22:17:49.388] {"t":"narrative","f":"shot","a":"shot-graft:{\"delta\":{\"timeline\":{\"p\":{\"repeat\":0},\"actors\":{\"i3d:cube0:scale\":[{\"dur\":10,\"p\":{\"x\":0.5,\"y\":0.5,\"z\":0.5}}]}},\"branches\":{\"cube0\":{\"children\":{\"cube0_2\":{\"form\":{\"type\":\"'cube.i3d'\",\"x\":0,\"y\":0,\"z\":0,\"textureurl\":\"./images/sky.jpg\",\"w\":5,\"h\":10,\"d\":10,\"color\":\"blue\",\"transparent\":true,\"opacity\":1},\"transform\":{\"t\":[-20,-10,0],\"s\":[0.01,0.01,0.01]},\"children\":{}},\"cube0_3\":{\"form\":{\"type\":\"'cube.i3d'\",\"x\":0,\"y\":-20,\"z\":0,\"textureurl\":\"sky_jpg\",\"w\":5,\"h\":10,\"d\":10,\"color\":\"blue\",\"transparent\":true,\"opacity\":1},\"transform\":{\"t\":[20,0,0],\"s\":[0.01,0.01,0.01]},\"children\":{}}}}}}}"},
[22:17:49.543] "/a:/i3d-simple:simple_green/i2d-scene:disks0/base-skycube:test_cube/ui-msgbg:/shot-graft:scope21",
[22:17:49.544] "//////shot-graft:scope21",
[22:17:49.545] {"delta":{"timeline":{"p":{"repeat":0},"actors":{"i3d:cube0:scale":[{"dur":10,"p":{"x":0.5,"y":0.5,"z":0.5}}]}},"branches":{"cube0":{"children":{"cube0_2":{"form":{"type":"'cube.i3d'","x":0,"y":0,"z":0,"textureurl":"./images/sky.jpg","w":5,"h":10,"d":10,"color":"blue","transparent":true,"opacity":1},"transform":{"t":[-20,-10,0],"s":[0.01,0.01,0.01]},"children":{}},"cube0_3":{"form":{"type":"'cube.i3d'","x":0,"y":-20,"z":0,"textureurl":"sky_jpg","w":5,"h":10,"d":10,"color":"blue","transparent":true,"opacity":1},"transform":{"t":[20,0,0],"s":[0.01,0.01,0.01]},"children":{}}}}}}},
[22:18:04.396] {"t":"narrative","f":"shot","a":"shot-graft:{\"delta\":{\"timeline\":{\"p\":{\"repeat\":0},\"actors\":{\"i3d:cube0_2:scale\":[{\"dur\":10,\"p\":{\"x\":1,\"y\":1,\"z\":1}}],\"i3d:cube0_3:scale\":[{\"dur\":10,\"p\":{\"x\":1,\"y\":1,\"z\":1}}]}},\"branches\":{\"cube0_2\":{\"children\":{\"s0_2_0\":{\"form\":{\"type\":\"'sphere.i3d'\",\"r\":5,\"color\":\"blue\",\"transparent\":true,\"opacity\":0.8},\"transform\":{\"e\":[0,-0.785,0],\"t\":[-10,-10,0],\"s\":[0.01,0.01,0.01]},\"children\":{}},\"s0_2_1\":{\"form\":{\"type\":\"'sphere.i3d'\",\"r\":5,\"color\":\"blue\",\"transparent\":true,\"opacity\":0.8},\"transform\":{\"e\":[0,0.785,0],\"t\":[10,10,0],\"s\":[0.01,0.01,0.01]},\"children\":{}}}}}}}"},
[22:18:04.509] {"delta":{"timeline":{"p":{"repeat":0},"actors":{"i3d:cube0_2:scale":[{"dur":10,"p":{"x":1,"y":1,"z":1}}],"i3d:cube0_3:scale":[{"dur":10,"p":{"x":1,"y":1,"z":1}}]}},"branches":{"cube0_2":{"children":{"s0_2_0":{"form":{"type":"'sphere.i3d'","r":5,"color":"blue","transparent":true,"opacity":0.8},"transform":{"e":[0,-0.785,0],"t":[-10,-10,0],"s":[0.01,0.01,0.01]},"children":{}},"s0_2_1":{"form":{"type":"'sphere.i3d'","r":5,"color":"blue","transparent":true,"opacity":0.8},"transform":{"e":[0,0.785,0],"t":[10,10,0],"s":[0.01,0.01,0.01]},"children":{}}}}}}},
[22:18:04.507] "/a:/i3d-simple:simple_green/i2d-scene:disks0/base-skycube:test_cube/ui-msgbg:/shot-graft:scope22",
[22:18:04.507] "//////shot-graft:scope22",
[22:18:14.375] {"t":"narrative","f":"shot","a":"shot-graft:{\"delta\":{\"timeline\":{\"p\":{\"repeat\":0},\"actors\":{\"i3d:s0_2_0:scale\":[{\"dur\":10,\"p\":{\"x\":1,\"y\":1,\"z\":1}}],\"i3d:s0_2_1:scale\":[{\"dur\":10,\"p\":{\"x\":1,\"y\":1,\"z\":1}}]}},\"branches\":{}}}"},
[22:18:14.398] "/a:/i3d-simple:simple_green/i2d-scene:disks0/base-skycube:test_cube/ui-msgbg:/shot-graft:scope23",
[22:18:14.402] "//////shot-graft:scope23",
[22:18:14.403] {"delta":{"timeline":{"p":{"repeat":0},"actors":{"i3d:s0_2_0:scale":[{"dur":10,"p":{"x":1,"y":1,"z":1}}],"i3d:s0_2_1:scale":[{"dur":10,"p":{"x":1,"y":1,"z":1}}]}},"branches":{}}},
[22:18:29.399] {"t":"camera3d","f":"panflyTo","a":{"r":0.7854,"d":4}},
[22:18:29.422] "/a:/i3d-simple:simple_green/i2d-scene:disks0/base-skycube:test_cube/ui-msgbg:/shot-anim:scope24",
[22:18:29.423] "//////shot-anim:scope24",
[22:18:29.424] {"delta":{"timeline":{"p":{"paused":true,"repeat":0},"actors":{"i3d:camera:rotation":[{"dur":4,"p":{"y":0.7854,"immediateRender":false}}]}}}},
[22:18:44.397] {"t":"narrative","f":"change_scene","a":"footprint"},
[22:18:46.283] "/footprint:/i3d-scene:scene1/i2d-empty:/escher:/ui-msgbg:/shot-fixed:",
[22:18:46.284] "/footprint:/i3d-scene:scene1/i2d-empty:/escher://shot-fixed:",
[22:18:46.284] {},
[22:18:59.402] {"t":"camera3d","f":"panflyTo","a":{"r":0.7854,"d":4}},
[22:18:59.442] "/footprint:/i3d-scene:scene1/i2d-empty:/escher:/ui-msgbg:/shot-anim:scope26",
[22:18:59.442] "//////shot-anim:scope26",
[22:18:59.443] {"delta":{"timeline":{"p":{"paused":true,"repeat":0},"actors":{"i3d:camera:rotation":[{"dur":4,"p":{"y":0.7854,"immediateRender":false}}]}}}},
[22:19:09.403] {"t":"camera3d","f":"tiltflyTo","a":{"r":0.7854,"d":4}},
[22:19:09.444] "/footprint:/i3d-scene:scene1/i2d-empty:/escher:/ui-msgbg:/shot-anim:scope27",
[22:19:09.444] "//////shot-anim:scope27",
[22:19:09.444] {"delta":{"timeline":{"p":{"paused":true,"repeat":0},"actors":{"i3d:camera:rotation":[{"dur":4,"p":{"x":0.7854,"immediateRender":false}}]}}}},
[22:19:19.402] {"t":"camera3d","f":"billboardsFaceCamera"},
[22:19:19.441] "/footprint:/i3d-scene:scene1/i2d-empty:/escher:/ui-msgbg:/shot-fixed:scope28",
[22:19:19.441] "//////shot-fixed:scope28",
[22:19:19.441] {"delta-t":"camera3d","f":"billboardsFaceCamera"},
[22:19:34.403] {"t":"camera3d","f":"tiltflyBy","a":{"r":-0.7854,"d":4}},
[22:19:34.449] "/footprint:/i3d-scene:scene1/i2d-empty:/escher:/ui-msgbg:/shot-anim:scope29",
[22:19:34.450] {"delta":{"timeline":{"p":{"paused":true,"repeat":0},"actors":{"i3d:camera:rotation":[{"dur":4,"p":{"x":0,"immediateRender":false}}]}}}},
[22:19:34.450] "//////shot-anim:scope29",
[22:19:44.403] {"t":"camera3d","f":"panflyBy","a":{"r":-0.7854,"d":4}},
[22:19:44.437] "/footprint:/i3d-scene:scene1/i2d-empty:/escher:/ui-msgbg:/shot-anim:scope30",
[22:19:44.437] "//////shot-anim:scope30",
[22:19:44.437] {"delta":{"timeline":{"p":{"paused":true,"repeat":0},"actors":{"i3d:camera:rotation":[{"dur":4,"p":{"y":0,"immediateRender":false}}]}}}},
[22:19:59.430] {"t":"narrative","f":"change_scene","a":"circle"},
[22:19:59.858] "/circle:/i3d-simple:simple_red/i2d-scene:disks0/base-skycube:test_cube/ui-msgbg:/shot-graft:a0",
[22:19:59.858] "/circle:/i3d-simple:simple_red/i2d-scene:disks0/base-skycube:test_cube//shot-graft:a0",
[22:19:59.859] {"delta":{"timeline":[{"id":"cube0_1","dur":10,"p":{"scale":[1,1,1]},"delay":2}],"branches":{"cube0":{"children":{"cube0_2":{"form":{"type":"'cube.i3d'","x":0,"y":0,"z":0,"textureurl":"./images/sky.jpg","w":20,"h":20,"d":20,"color":"blue","transparent":true,"opacity":1},"transform":{"t":[-20,-10,0],"s":[0.25,1,0.25]},"children":{}},"cube0_3":{"form":{"type":"'cube.i3d'","x":0,"y":-20,"z":0,"textureurl":"sky_jpg","w":20,"h":40,"d":20,"color":"blue","transparent":true,"opacity":1},"transform":{"t":[20,0,0],"s":[0.5,1,0.5]},"children":{}}}}}}},
[22:20:09.419] {"t":"narrative","f":"change_state","a":"/circle:/i3d-simple:simple_red/i2d-scene:mf2d0/base-skycube:test_cube/ui-msgbg:/shot-fixed:"},
[22:20:09.631] "/circle:/i3d-simple:simple_red/i2d-scene:mf2d0/base-skycube:test_cube/ui-msgbg:/shot-fixed:",
[22:20:09.631] "///i2d-scene:mf2d0///shot-fixed:",
[22:20:09.631] {},
[22:20:24.408] {"t":"narrative","f":"change_scene","a":"stocks"},
[22:20:26.155] "/stocks:/i3d-jsonmodels:phonghead_kfb/i2d-scene:defsuse0/grid:/ui-msgbg:/shot-fixed:",
[22:20:26.155] "/stocks:/i3d-jsonmodels:phonghead_kfb/i2d-scene:defsuse0/grid://",
[22:20:26.156] {},
[22:20:34.410] {"t":"narrative","f":"change_state","a":"///i2d-scene:mf2d0///"},
[22:20:34.668] "/stocks:/i3d-jsonmodels:phonghead_kfb/i2d-scene:mf2d0/grid:/ui-msgbg:/shot-fixed:",
[22:20:34.668] "///i2d-scene:mf2d0///",
[22:20:34.668] {},
[22:20:44.409] {"t":"camera3d","f":"panflyBy","a":{"r":-0.7854,"d":4}},
[22:20:44.457] {"delta":{"timeline":{"p":{"paused":true,"repeat":0},"actors":{"i3d:camera:rotation":[{"dur":4,"p":{"y":-0.7854,"immediateRender":false}}]}}}},
[22:20:44.456] "//////shot-anim:scope35",
[22:20:44.456] "/stocks:/i3d-jsonmodels:phonghead_kfb/i2d-scene:mf2d0/grid:/ui-msgbg:/shot-anim:scope35",
[22:20:59.410] {"t":"camera2d","f":"zoomflyBy","a":{"s":0.9,"d":3}},
[22:20:59.455] "/stocks:/i3d-jsonmodels:phonghead_kfb/i2d-scene:mf2d0/grid:/ui-msgbg:/shot-anim:scope36",
[22:20:59.455] "//////shot-anim:scope36",
[22:20:59.456] {"delta":{"timeline":{"p":{"paused":true,"repeat":0,"tweens":[]},"actors":{"i2d:zoom_plane":[{"dur":3,"p":{"scale":0.9,"svgOrigin":"0% 0%","immediateRender":false}}]}}}},
[22:21:09.421] {"t":"camera2d","f":"zoomflyTo","a":{"s":2,"d":3}},
[22:21:09.443] "/stocks:/i3d-jsonmodels:phonghead_kfb/i2d-scene:mf2d0/grid:/ui-msgbg:/shot-anim:scope37",
[22:21:09.443] "//////shot-anim:scope37",
[22:21:09.444] {"delta":{"timeline":{"p":{"paused":true,"repeat":0,"tweens":[]},"actors":{"i2d:zoom_plane":[{"dur":3,"p":{"scale":2,"svgOrigin":"0% 0%","immediateRender":false}}]}}}},
[22:21:24.413] {"t":"camera2d","f":"zoomflyTo","a":{"s":0.5,"d":3}},
[22:21:24.448] "/stocks:/i3d-jsonmodels:phonghead_kfb/i2d-scene:mf2d0/grid:/ui-msgbg:/shot-anim:scope38",
[22:21:24.448] "//////shot-anim:scope38",
[22:21:24.449] {"delta":{"timeline":{"p":{"paused":true,"repeat":0,"tweens":[]},"actors":{"i2d:zoom_plane":[{"dur":3,"p":{"scale":0.5,"svgOrigin":"0% 0%","immediateRender":false}}]}}}},
[22:21:39.411] {"t":"camera2d","f":"dollyflyTo","a":{"x":20,"d":3}},
[22:21:39.480] "/stocks:/i3d-jsonmodels:phonghead_kfb/i2d-scene:mf2d0/grid:/ui-msgbg:/shot-anim:scope39",
[22:21:39.481] {"delta":{"timeline":{"p":{"paused":true,"repeat":0,"tweens":[]},"actors":{"i2d:plane":[{"dur":3,"p":{"x":20,"y":0,"immediateRender":false}}]}}}},
[22:21:39.480] "//////shot-anim:scope39",
[22:21:54.415] {"t":"camera2d","f":"center","a":{"d":3}},
[22:21:54.457] "/stocks:/i3d-jsonmodels:phonghead_kfb/i2d-scene:mf2d0/grid:/ui-msgbg:/shot-anim:scope40",
[22:21:54.458] "//////shot-anim:scope40",
[22:21:54.459] {"delta":{"timeline":{"p":{"paused":true,"repeat":0},"actors":{"i2d:plane":[{"dur":3,"p":{"x":0,"y":0,"immediateRender":false}}],"i2d:zoom_plane":[{"dur":3,"p":{"rotation":0,"svgOrigin":"0% 0%","immediateRender":false}}]}}}},
[22:22:04.416] {"t":"camera2d","f":"home","a":{"d":3}},
[22:22:04.459] "/stocks:/i3d-jsonmodels:phonghead_kfb/i2d-scene:mf2d0/grid:/ui-msgbg:/shot-anim:scope41",
[22:22:04.459] "//////shot-anim:scope41",
[22:22:04.459] {"delta":{"timeline":{"p":{"paused":true,"repeat":0},"actors":{"i2d:plane":[{"dur":3,"p":{"x":0,"y":0,"immediateRender":false}}],"i2d:zoom_plane":[{"dur":3,"p":{"rotation":0,"scale":1,"svgOrigin":"0% 0%","immediateRender":false}}]}}}},
[22:22:19.422] {"t":"camera2d","f":"rollflyTo","a":{"r":-90,"d":3}},
[22:22:19.475] "/stocks:/i3d-jsonmodels:phonghead_kfb/i2d-scene:mf2d0/grid:/ui-msgbg:/shot-anim:scope42",
[22:22:19.476] "//////shot-anim:scope42",
[22:22:19.477] {"delta":{"timeline":{"p":{"paused":true,"repeat":0,"tweens":[]},"actors":{"i2d:zoom_plane":[{"dur":3,"p":{"rotation":-90,"svgOrigin":"0% 0%","immediateRender":false}}]}}}},
[22:22:34.427] {"t":"camera2d","f":"rollflyBy","a":{"r":45,"d":3}},
[22:22:34.470] "/stocks:/i3d-jsonmodels:phonghead_kfb/i2d-scene:mf2d0/grid:/ui-msgbg:/shot-anim:scope43",
[22:22:34.470] "//////shot-anim:scope43",
[22:22:34.470] {"delta":{"timeline":{"p":{"paused":true,"repeat":0,"tweens":[]},"actors":{"i2d:zoom_plane":[{"dur":3,"p":{"rotation":-45,"svgOrigin":"0% 0%","immediateRender":false}}]}}}},
[22:22:44.427] {"t":"camera2d","f":"rollflyBy","a":{"r":45,"d":3}},
[22:22:44.485] "/stocks:/i3d-jsonmodels:phonghead_kfb/i2d-scene:mf2d0/grid:/ui-msgbg:/shot-anim:scope44",
[22:22:44.485] "//////shot-anim:scope44",
[22:22:44.485] {"delta":{"timeline":{"p":{"paused":true,"repeat":0,"tweens":[]},"actors":{"i2d:zoom_plane":[{"dur":3,"p":{"rotation":0,"svgOrigin":"0% 0%","immediateRender":false}}]}}}},
[22:22:54.428] {"t":"camera2d","f":"dollyflyTo","a":{"x":20,"d":3}},
[22:22:54.466] "/stocks:/i3d-jsonmodels:phonghead_kfb/i2d-scene:mf2d0/grid:/ui-msgbg:/shot-anim:scope45",
[22:22:54.466] "//////shot-anim:scope45",
[22:22:54.466] {"delta":{"timeline":{"p":{"paused":true,"repeat":0,"tweens":[]},"actors":{"i2d:plane":[{"dur":3,"p":{"x":20,"y":0,"immediateRender":false}}]}}}},
[22:23:09.449] {"t":"camera2d","f":"dollyflyTo","a":{"y":20,"d":3}},
[22:23:09.477] "/stocks:/i3d-jsonmodels:phonghead_kfb/i2d-scene:mf2d0/grid:/ui-msgbg:/shot-anim:scope46",
[22:23:09.479] "//////shot-anim:scope46",
[22:23:09.479] {"delta":{"timeline":{"p":{"paused":true,"repeat":0,"tweens":[]},"actors":{"i2d:plane":[{"dur":3,"p":{"x":20,"y":-20,"immediateRender":false}}]}}}},
[22:23:24.431] {"t":"camera2d","f":"dollyflyTo","a":{"x":0,"d":3}},
[22:23:24.474] "/stocks:/i3d-jsonmodels:phonghead_kfb/i2d-scene:mf2d0/grid:/ui-msgbg:/shot-anim:scope47",
[22:23:24.474] "//////shot-anim:scope47",
[22:23:24.474] {"delta":{"timeline":{"p":{"paused":true,"repeat":0,"tweens":[]},"actors":{"i2d:plane":[{"dur":3,"p":{"x":0,"y":-20,"immediateRender":false}}]}}}},
[22:23:34.450] {"t":"camera2d","f":"dollyflyTo","a":{"y":-40,"d":3}},
[22:23:34.455] "/stocks:/i3d-jsonmodels:phonghead_kfb/i2d-scene:mf2d0/grid:/ui-msgbg:/shot-anim:scope48",
[22:23:34.456] "//////shot-anim:scope48",
[22:23:34.456] {"delta":{"timeline":{"p":{"paused":true,"repeat":0,"tweens":[]},"actors":{"i2d:plane":[{"dur":3,"p":{"x":0,"y":40,"immediateRender":false}}]}}}},
[22:23:44.435] {"t":"camera2d","f":"dollyflyTo","a":{"x":20,"d":3}},
[22:23:44.483] "/stocks:/i3d-jsonmodels:phonghead_kfb/i2d-scene:mf2d0/grid:/ui-msgbg:/shot-anim:scope49",
[22:23:44.485] "//////shot-anim:scope49",
[22:23:44.485] {"delta":{"timeline":{"p":{"paused":true,"repeat":0,"tweens":[]},"actors":{"i2d:plane":[{"dur":3,"p":{"x":20,"y":40,"immediateRender":false}}]}}}},
[22:23:59.436] {"t":"camera2d","f":"dollyflyTo","a":{"x":0,"d":3}},
[22:23:59.473] "/stocks:/i3d-jsonmodels:phonghead_kfb/i2d-scene:mf2d0/grid:/ui-msgbg:/shot-anim:scope50",
[22:23:59.474] {"delta":{"timeline":{"p":{"paused":true,"repeat":0,"tweens":[]},"actors":{"i2d:plane":[{"dur":3,"p":{"x":0,"y":40,"immediateRender":false}}]}}}},
[22:23:59.473] "//////shot-anim:scope50",
[22:24:09.437] {"t":"camera3d","f":"tiltflyTo","a":{"r":-0.7854,"d":3}},
[22:24:09.473] "/stocks:/i3d-jsonmodels:phonghead_kfb/i2d-scene:mf2d0/grid:/ui-msgbg:/shot-anim:scope51",
[22:24:09.473] "//////shot-anim:scope51",
[22:24:09.473] {"delta":{"timeline":{"p":{"paused":true,"repeat":0},"actors":{"i3d:camera:rotation":[{"dur":3,"p":{"x":-0.7854,"immediateRender":false}}]}}}},
[22:24:19.442] {"t":"camera3d","f":"panflyTo","a":{"r":-0.7854,"d":3}},
[22:24:19.480] "/stocks:/i3d-jsonmodels:phonghead_kfb/i2d-scene:mf2d0/grid:/ui-msgbg:/shot-anim:scope52",
[22:24:19.481] {"delta":{"timeline":{"p":{"paused":true,"repeat":0},"actors":{"i3d:camera:rotation":[{"dur":3,"p":{"y":-0.7854,"immediateRender":false}}]}}}},
[22:24:19.480] "//////shot-anim:scope52",
[22:24:29.442] {"t":"camera3d","f":"lookAt"},
[22:24:29.475] "/stocks:/i3d-jsonmodels:phonghead_kfb/i2d-scene:mf2d0/grid:/ui-msgbg:/shot-fixed:scope53",
[22:24:29.475] "//////shot-fixed:scope53",
[22:24:29.475] {"delta-t":"camera3d","f":"lookAt","a":{}},
[22:24:44.444] {"t":"camera3d","f":"dollyflyTo","a":{"x":20,"y":0,"z":0,"d":3}},
[22:24:44.480] "/stocks:/i3d-jsonmodels:phonghead_kfb/i2d-scene:mf2d0/grid:/ui-msgbg:/shot-anim:scope54",
[22:24:44.481] {"delta":{"timeline":{"p":{"paused":true,"repeat":0},"actors":{"i3d:csphere:position":[{"dur":3,"p":{"x":20,"y":0,"z":0,"immediateRender":false}}]}}}},
[22:24:44.480] "//////shot-anim:scope54",
[22:24:59.442] {"t":"camera3d","f":"zoomflyTo","a":{"s":0.5,"d":3}},
[22:24:59.476] "/stocks:/i3d-jsonmodels:phonghead_kfb/i2d-scene:mf2d0/grid:/ui-msgbg:/shot-anim:scope55",
[22:24:59.477] {"delta":{"timeline":{"p":{"paused":true,"repeat":0},"actors":{"i3d:csphere:scale":[{"dur":3,"p":{"x":0.5,"y":0.5,"z":0.5,"immediateRender":false}}]}}}},
[22:24:59.477] "//////shot-anim:scope55",
[22:25:14.443] {"t":"camera3d","f":"zoomflyTo","a":{"s":2,"d":3}},
[22:25:14.481] "/stocks:/i3d-jsonmodels:phonghead_kfb/i2d-scene:mf2d0/grid:/ui-msgbg:/shot-anim:scope56",
[22:25:14.481] "//////shot-anim:scope56",
[22:25:14.481] {"delta":{"timeline":{"p":{"paused":true,"repeat":0},"actors":{"i3d:csphere:scale":[{"dur":3,"p":{"x":2,"y":2,"z":2,"immediateRender":false}}]}}}},
[22:25:24.443] {"t":"camera3d","f":"dollyflyTo","a":{"x":20,"y":20,"z":-20,"d":3}},
[22:25:24.492] "/stocks:/i3d-jsonmodels:phonghead_kfb/i2d-scene:mf2d0/grid:/ui-msgbg:/shot-anim:scope57",
[22:25:24.492] "//////shot-anim:scope57",
[22:25:24.492] {"delta":{"timeline":{"p":{"paused":true,"repeat":0},"actors":{"i3d:csphere:position":[{"dur":3,"p":{"x":20,"y":20,"z":-20,"immediateRender":false}}]}}}},
[22:25:34.444] {"t":"camera3d","f":"zoomflyTo","a":{"s":0.5,"d":3}},
[22:25:34.463] "/stocks:/i3d-jsonmodels:phonghead_kfb/i2d-scene:mf2d0/grid:/ui-msgbg:/shot-anim:scope58",
[22:25:34.463] "//////shot-anim:scope58",
[22:25:34.463] {"delta":{"timeline":{"p":{"paused":true,"repeat":0},"actors":{"i3d:csphere:scale":[{"dur":3,"p":{"x":0.5,"y":0.5,"z":0.5,"immediateRender":false}}]}}}},
[22:25:49.464] {"t":"camera3d","f":"center","a":{"d":3}},
[22:25:49.487] {"delta-t":"camera3d","f":"center"},
[22:25:49.487] "/stocks:/i3d-jsonmodels:phonghead_kfb/i2d-scene:mf2d0/grid:/ui-msgbg:/shot-fixed:scope60",
[22:25:49.487] "//////shot-fixed:scope60",
[22:26:04.450] {"t":"camera3d","f":"home","a":{"d":3}},
[22:26:04.496] "/stocks:/i3d-jsonmodels:phonghead_kfb/i2d-scene:mf2d0/grid:/ui-msgbg:/shot-fixed:scope62",
[22:26:04.496] "//////shot-fixed:scope62",
[22:26:04.497] {"delta-t":"camera3d","f":"home"},
[22:26:14.449] {"t":"camera3d","f":"panflyBy","a":{"r":0.7854,"d":3}},
[22:26:14.489] "/stocks:/i3d-jsonmodels:phonghead_kfb/i2d-scene:mf2d0/grid:/ui-msgbg:/shot-anim:scope63",
[22:26:14.489] "//////shot-anim:scope63",
[22:26:14.489] {"delta":{"timeline":{"p":{"paused":true,"repeat":0},"actors":{"i3d:camera:rotation":[{"dur":3,"p":{"y":0.7854,"immediateRender":false}}]}}}},
[22:26:24.450] {"t":"camera3d","f":"tiltflyBy","a":{"r":0.7854,"d":3}},
[22:26:24.477] "/stocks:/i3d-jsonmodels:phonghead_kfb/i2d-scene:mf2d0/grid:/ui-msgbg:/shot-anim:scope64",
[22:26:24.477] "//////shot-anim:scope64",
[22:26:24.477] {"delta":{"timeline":{"p":{"paused":true,"repeat":0},"actors":{"i3d:camera:rotation":[{"dur":3,"p":{"x":0.7854,"immediateRender":false}}]}}}},
[22:26:34.450] {"t":"camera3d","f":"lookAt"},
[22:26:34.486] "/stocks:/i3d-jsonmodels:phonghead_kfb/i2d-scene:mf2d0/grid:/ui-msgbg:/shot-fixed:scope65",
[22:26:34.486] "//////shot-fixed:scope65",
[22:26:34.487] {"delta-t":"camera3d","f":"lookAt","a":{}},
[22:26:49.472] {"t":"camera3d","f":"rollflyTo","a":{"r":-1.57,"d":4}},
[22:26:49.487] "/stocks:/i3d-jsonmodels:phonghead_kfb/i2d-scene:mf2d0/grid:/ui-msgbg:/shot-anim:scope66",
[22:26:49.488] "//////shot-anim:scope66",
[22:26:49.488] {"delta":{"timeline":{"p":{"paused":true,"repeat":0},"actors":{"i3d:camera:rotation":[{"dur":4,"p":{"z":-1.57,"immediateRender":false}}]}}}},
[22:26:59.455] {"t":"camera3d","f":"rollflyBy","a":{"r":0.3927,"d":4}},
[22:26:59.481] "/stocks:/i3d-jsonmodels:phonghead_kfb/i2d-scene:mf2d0/grid:/ui-msgbg:/shot-anim:scope67",
[22:26:59.482] "//////shot-anim:scope67",
[22:26:59.482] {"delta":{"timeline":{"p":{"paused":true,"repeat":0},"actors":{"i3d:camera:rotation":[{"dur":4,"p":{"z":-1.1773,"immediateRender":false}}]}}}},
[22:27:09.457] {"t":"camera3d","f":"rollflyBy","a":{"r":0.3927,"d":4}},
[22:27:09.500] "/stocks:/i3d-jsonmodels:phonghead_kfb/i2d-scene:mf2d0/grid:/ui-msgbg:/shot-anim:scope68",
[22:27:09.500] "//////shot-anim:scope68",
[22:27:09.500] {"delta":{"timeline":{"p":{"paused":true,"repeat":0},"actors":{"i3d:camera:rotation":[{"dur":4,"p":{"z":-0.7846,"immediateRender":false}}]}}}},
[22:27:24.458] {"t":"camera3d","f":"center","a":{"d":3}},
[22:27:24.497] "/stocks:/i3d-jsonmodels:phonghead_kfb/i2d-scene:mf2d0/grid:/ui-msgbg:/shot-fixed:scope70",
[22:27:24.497] "//////shot-fixed:scope70",
[22:27:24.497] {"delta-t":"camera3d","f":"center"},
[22:27:34.458] {"t":"camera3d","f":"yawflyTo","a":{"r":1.57,"d":3}},
[22:27:34.492] "/stocks:/i3d-jsonmodels:phonghead_kfb/i2d-scene:mf2d0/grid:/ui-msgbg:/shot-anim:scope71",
[22:27:34.492] "//////shot-anim:scope71",
[22:27:34.492] {"delta":{"timeline":{"p":{"paused":true,"repeat":0},"actors":{"i3d:csphere:rotation":[{"dur":3,"p":{"y":1.57,"immediateRender":false}}]}}}},
[22:27:49.460] {"t":"camera3d","f":"yawflyBy","a":{"r":-0.7854,"d":3}},
[22:27:49.511] "/stocks:/i3d-jsonmodels:phonghead_kfb/i2d-scene:mf2d0/grid:/ui-msgbg:/shot-anim:scope72",
[22:27:49.512] "//////shot-anim:scope72",
[22:27:49.512] {"delta":{"timeline":{"p":{"paused":true,"repeat":0},"actors":{"i3d:csphere:rotation":[{"dur":3,"p":{"y":0.7846000000000001,"immediateRender":false}}]}}}},
[22:28:04.461] {"t":"camera3d","f":"yawflyBy","a":{"r":-0.7854,"d":3}},
[22:28:04.499] "/stocks:/i3d-jsonmodels:phonghead_kfb/i2d-scene:mf2d0/grid:/ui-msgbg:/shot-anim:scope73",
[22:28:04.500] "//////shot-anim:scope73",
[22:28:04.500] {"delta":{"timeline":{"p":{"paused":true,"repeat":0},"actors":{"i3d:csphere:rotation":[{"dur":3,"p":{"y":-0.0007999999999999119,"immediateRender":false}}]}}}},
[22:28:14.462] {"t":"camera3d","f":"pitchflyTo","a":{"r":-1.57,"d":3}},
[22:28:14.500] "/stocks:/i3d-jsonmodels:phonghead_kfb/i2d-scene:mf2d0/grid:/ui-msgbg:/shot-anim:scope74",
[22:28:14.500] {"delta":{"timeline":{"p":{"paused":true,"repeat":0},"actors":{"i3d:csphere:rotation":[{"dur":3,"p":{"x":-1.57,"immediateRender":false}}]}}}},
[22:28:14.500] "//////shot-anim:scope74",
[22:28:24.479] {"t":"camera3d","f":"pitchflyBy","a":{"r":0.7854,"d":3}},
[22:28:24.503] "/stocks:/i3d-jsonmodels:phonghead_kfb/i2d-scene:mf2d0/grid:/ui-msgbg:/shot-anim:scope75",
[22:28:24.504] "//////shot-anim:scope75",
[22:28:24.504] {"delta":{"timeline":{"p":{"paused":true,"repeat":0},"actors":{"i3d:csphere:rotation":[{"dur":3,"p":{"x":-0.7846000000000001,"immediateRender":false}}]}}}},
[22:28:39.465] {"t":"camera3d","f":"pitchflyBy","a":{"r":0.7854,"d":3}},
[22:28:39.488] "/stocks:/i3d-jsonmodels:phonghead_kfb/i2d-scene:mf2d0/grid:/ui-msgbg:/shot-anim:scope76",
[22:28:39.489] "//////shot-anim:scope76",
[22:28:39.489] {"delta":{"timeline":{"p":{"paused":true,"repeat":0},"actors":{"i3d:csphere:rotation":[{"dur":3,"p":{"x":0.0007999999999999119,"immediateRender":false}}]}}}},
[22:28:49.465] {"t":"camera3d","f":"dollyflyTo","a":{"x":20,"y":-20,"z":-30,"d":3}},
[22:28:49.502] "//////shot-anim:scope77",
[22:28:49.502] "/stocks:/i3d-jsonmodels:phonghead_kfb/i2d-scene:mf2d0/grid:/ui-msgbg:/shot-anim:scope77",
[22:28:49.503] {"delta":{"timeline":{"p":{"paused":true,"repeat":0},"actors":{"i3d:csphere:position":[{"dur":3,"p":{"x":20,"y":-20,"z":-30,"immediateRender":false}}]}}}},
[22:29:04.480] {"t":"camera3d","f":"dollyflyTo","a":{"x":0,"y":0,"z":30,"d":6}},
[22:29:04.483] "/stocks:/i3d-jsonmodels:phonghead_kfb/i2d-scene:mf2d0/grid:/ui-msgbg:/shot-anim:scope78",
[22:29:04.483] "//////shot-anim:scope78",
[22:29:04.483] {"delta":{"timeline":{"p":{"paused":true,"repeat":0},"actors":{"i3d:csphere:position":[{"dur":6,"p":{"x":20,"y":-20,"z":30,"immediateRender":false}}]}}}},
[22:29:14.482] {"t":"camera3d","f":"tiltflyBy","a":{"r":0.7854,"d":3}},
[22:29:14.488] "/stocks:/i3d-jsonmodels:phonghead_kfb/i2d-scene:mf2d0/grid:/ui-msgbg:/shot-anim:scope79",
[22:29:14.488] "//////shot-anim:scope79",
[22:29:14.488] {"delta":{"timeline":{"p":{"paused":true,"repeat":0},"actors":{"i3d:camera:rotation":[{"dur":3,"p":{"x":0.7854,"immediateRender":false}}]}}}},
[22:29:29.467] {"t":"camera3d","f":"zoomflyTo","a":{"s":2,"d":3}},
[22:29:29.496] "/stocks:/i3d-jsonmodels:phonghead_kfb/i2d-scene:mf2d0/grid:/ui-msgbg:/shot-anim:scope80",
[22:29:29.496] "//////shot-anim:scope80",
[22:29:29.496] {"delta":{"timeline":{"p":{"paused":true,"repeat":0},"actors":{"i3d:csphere:scale":[{"dur":3,"p":{"x":2,"y":2,"z":2,"immediateRender":false}}]}}}},
[22:29:39.468] {"t":"camera3d","f":"home","a":{"d":3}},
[22:29:39.530] "/stocks:/i3d-jsonmodels:phonghead_kfb/i2d-scene:mf2d0/grid:/ui-msgbg:/shot-fixed:scope82",
[22:29:39.530] "//////shot-fixed:scope82",
[22:29:39.530] "*** e2e urls test: 78 tests  0 failures ***",
[22:29:39.530] "*** e2e shot test: 78 tests 0 failures ***",
[22:29:39.530] {"delta-t":"camera3d","f":"home"},
