[04:21:34.200] {"t":"narrative","f":"change_scene","a":"circle"},
[04:21:34.602] "/circle:/i3d-simple:simple_red/i2d-scene:disks0/base-skycube:test_cube/ui-msgbg:/shot-graft:a0",
[04:21:34.602] "/circle:/i3d-simple:simple_red/i2d-scene:disks0/base-skycube:test_cube//shot-graft:a0",
[04:21:34.604] {"delta":{"timeline":[{"id":"cube0_1","dur":10,"p":{"scale":[1,1,1]},"delay":2}],"branches":{"cube0":{"children":{"cube0_2":{"form":{"type":"'cube.i3d'","x":0,"y":0,"z":0,"textureurl":"./images/sky.jpg","w":20,"h":20,"d":20,"color":"blue","transparent":true,"opacity":1},"transform":{"t":[-20,-10,0],"s":[0.25,1,0.25]},"children":{}},"cube0_3":{"form":{"type":"'cube.i3d'","x":0,"y":-20,"z":0,"textureurl":"sky_jpg","w":20,"h":40,"d":20,"color":"blue","transparent":true,"opacity":1},"transform":{"t":[20,0,0],"s":[0.5,1,0.5]},"children":{}}}}}}},
[04:21:49.202] {"t":"narrative","f":"change_state","a":"/circle:/i3d-simple:simple_red/i2d-scene:mf2d0/base-skycube:test_cube/ui-msgbg:/shot-fixed:"},
[04:21:49.347] "/circle:/i3d-simple:simple_red/i2d-scene:mf2d0/base-skycube:test_cube/ui-msgbg:/shot-fixed:",
[04:21:49.348] "///i2d-scene:mf2d0///shot-fixed:",
[04:21:49.348] {},
[04:22:04.208] {"t":"narrative","f":"change_scene","a":"stocks"},
[04:22:05.096] "/stocks:/i3d-jsonmodels:phonghead_kfb/i2d-scene:defsuse0/grid:/ui-msgbg:/shot-fixed:",
[04:22:05.097] "/stocks:/i3d-jsonmodels:phonghead_kfb/i2d-scene:defsuse0/grid://",
[04:22:05.097] {},
[04:22:19.209] {"t":"narrative","f":"change_state","a":"///i2d-scene:mf2d0///"},
[04:22:19.383] "///i2d-scene:mf2d0///",
[04:22:19.383] "/stocks:/i3d-jsonmodels:phonghead_kfb/i2d-scene:mf2d0/grid:/ui-msgbg:/shot-fixed:",
[04:22:19.385] {},
[04:22:29.212] {"t":"narrative","f":"change_state","a":"////videocam://"},
[04:22:29.277] "/stocks:/i3d-jsonmodels:phonghead_kfb/i2d-scene:mf2d0/videocam:/ui-msgbg:/shot-fixed:",
[04:22:29.278] "////videocam://",
[04:22:29.278] {},
[04:22:39.213] {"t":"narrative","f":"change_state","a":"////base-skycube:test_cube//"},
[04:22:39.338] "/stocks:/i3d-jsonmodels:phonghead_kfb/i2d-scene:mf2d0/base-skycube:test_cube/ui-msgbg:/shot-fixed:",
[04:22:39.338] "////base-skycube:test_cube//",
[04:22:39.338] {},
