[01:52:25.803] {"t":"camerasphere","f":"create","a":"csphere"},
[01:52:25.801] {"t":"camera3d","f":"place","a":12},
[01:52:25.803] {"t":"camerasphere","f":"children","a":1},
[01:52:31.178] {"t":"camera3d","f":"bezier"},
[01:52:31.203] {"t":"Mediator","f":"record","a":{"t":"camera3d","f":"bezier","a":{"d":10}}},
[01:52:31.205] {"t":"narrative","f":"shot","a":{"delta":{"timeline":{"p":{"paused":true,"repeat":0,"tweens":[]},"actors":{"i3d:csphere:position":[{"dur":10,"p":{"bezier":{"autoRotate":true,"curviness":2,"values":[{"x":0,"y":0},{"x":-2.003113911487162,"y":-22.5729825720191},{"x":-7.854281938634813,"y":11.149357510730624},{"x":23.895634019281715,"y":4.671177081763744},{"x":15.073869635816664,"y":-10.095486617647111},{"x":0,"y":0}],"immediateRender":false}}}]}}}}},
[01:52:31.225] {"t":"Mediator","f":"component","a":"narrative"},
[01:52:31.226] {"t":"app","f":"onEnter","a":{"name":"empty:"}},
[01:52:31.226] {"t":"app","f":"onEnter","a":{"name":"shot-anim:scope0"}},
[01:52:31.227] {"t":"timeline","f":"play"},
[01:52:51.014] {"t":"camera3d","f":"bezier"},
[01:52:51.035] {"t":"Mediator","f":"record","a":{"t":"camera3d","f":"bezier","a":{"d":10}}},
[01:52:51.036] {"t":"narrative","f":"shot","a":{"delta":{"timeline":{"p":{"paused":true,"repeat":0,"tweens":[]},"actors":{"i3d:csphere:position":[{"dur":10,"p":{"bezier":{"autoRotate":true,"curviness":2,"values":[{"x":0,"y":0},{"x":-24.734435118734837,"y":-12.464524456299841},{"x":-10.784796928055584,"y":17.140983848366886},{"x":24.488260284997523,"y":14.574780883267522},{"x":19.25533781060949,"y":-10.096942079253495},{"x":0,"y":0}],"immediateRender":false}}}]}}}}},
[01:52:51.054] {"t":"Mediator","f":"component","a":"narrative"},
[01:52:51.054] {"t":"app","f":"onEnter","a":{"name":"shot-anim:scope1"}},
[01:52:51.055] {"t":"timeline","f":"play"},
[01:53:25.238] {"t":"camera3d","f":"bezier"},
[01:53:25.246] {"t":"narrative","f":"shot","a":{"delta":{"timeline":{"p":{"paused":true,"repeat":0,"tweens":[]},"actors":{"i3d:csphere:position":[{"dur":10,"p":{"bezier":{"autoRotate":true,"curviness":2,"values":[{"x":0,"y":0},{"x":-16.633468153886497,"y":-21.79232661612332},{"x":-9.6975705656223,"y":7.694569977466017},{"x":15.3965361462906,"y":9.629642602521926},{"x":14.42046116804704,"y":-15.491486499086022},{"x":0,"y":0}],"immediateRender":false}}}]}}}}},
[01:53:25.245] {"t":"Mediator","f":"record","a":{"t":"camera3d","f":"bezier","a":{"d":10}}},
[01:53:25.272] {"t":"Mediator","f":"component","a":"narrative"},
[01:53:25.273] {"t":"app","f":"onEnter","a":{"name":"shot-anim:scope2"}},
[01:53:25.273] {"t":"timeline","f":"play"},
[01:53:38.447] {"t":"camera2d","f":"bezier"},
[01:53:38.465] {"t":"Mediator","f":"record","a":{"t":"camera2d","f":"bezier","a":{"d":10}}},
[01:53:38.467] {"t":"narrative","f":"shot","a":{"delta":{"timeline":{"p":{"paused":true,"repeat":0,"tweens":[]},"actors":{"i2d:c":[{"dur":10,"p":{"bezier":{"autoRotate":true,"curviness":2,"values":[{"x":0,"y":0},{"x":-1.8814110523089767,"y":24.536569355987012},{"x":-6.992001570761204,"y":-10.388896290678531},{"x":16.376293951179832,"y":-2.815986340865493},{"x":11.654776989016682,"y":14.350049577187747},{"x":0,"y":0}],"immediateRender":false}}}]}}}}},
[01:53:38.474] {"t":"Mediator","f":"component","a":"narrative"},
[01:53:38.474] {"t":"app","f":"onEnter","a":{"name":"shot-anim:scope3"}},
[01:53:38.474] {"t":"timeline","f":"play"},
[01:53:39.703] {"t":"camera3d","f":"bezier"},
[01:53:39.714] {"t":"Mediator","f":"record","a":{"t":"camera3d","f":"bezier","a":{"d":10}}},
[01:53:39.715] {"t":"narrative","f":"shot","a":{"delta":{"timeline":{"p":{"paused":true,"repeat":0,"tweens":[]},"actors":{"i3d:csphere:position":[{"dur":10,"p":{"bezier":{"autoRotate":true,"curviness":2,"values":[{"x":0,"y":0},{"x":-29.769485250581056,"y":-13.895996210630983},{"x":-20.798530646134168,"y":0.6414887518621981},{"x":18.846523377578706,"y":15.907016687560827},{"x":5.3268958395347,"y":-11.858100285753608},{"x":0,"y":0}],"immediateRender":false}}}]}}}}},
[01:53:39.750] {"t":"Mediator","f":"component","a":"narrative"},
[01:53:39.750] {"t":"app","f":"onEnter","a":{"name":"shot-anim:scope4"}},
[01:53:39.751] {"t":"timeline","f":"play"},
