[02:18:01.563] {"t":"camera3d","f":"place","a":12},
[02:18:01.564] {"t":"camerasphere","f":"create","a":"csphere"},
[02:18:01.564] {"t":"camerasphere","f":"children","a":1},
[02:18:12.534] {"t":"Mediator","f":"record","a":{"t":"camera3d","f":"bezier","a":{"d":20,"n":6,"z":true}}},
[02:18:12.510] {"t":"camera3d","f":"bezier","a":{"d":20,"n":6,"z":true}},
[02:18:12.535] {"t":"narrative","f":"shot","a":{"delta":{"timeline":{"p":{"paused":true,"repeat":0,"tweens":[]},"actors":{"i3d:csphere:position":[{"dur":20,"p":{"bezier":{"autoRotate":true,"curviness":2,"values":[{"x":0,"y":0,"z":0},{"x":-16.4085804624483,"y":-19.76197267184034},{"x":-27.203055904246867,"y":28.42639810172841},{"x":12.02275435673073,"y":27.19343924894929},{"x":2.9744942695833743,"y":-20.334702199324965},{"x":0,"y":0,"z":0}],"immediateRender":false}}}]}}}}},
[02:18:12.582] {"t":"Mediator","f":"component","a":"narrative"},
[02:18:12.583] {"t":"app","f":"onEnter","a":{"name":"empty:"}},
[02:18:12.585] {"t":"app","f":"onEnter","a":{"name":"shot-anim:scope0"}},
[02:18:12.587] {"t":"timeline","f":"play"},
[02:18:25.413] {"t":"camera3d","f":"bezier","a":{"d":20,"n":6,"z":true}},
[02:18:25.423] {"t":"Mediator","f":"record","a":{"t":"camera3d","f":"bezier","a":{"d":20,"n":6,"z":true}}},
[02:18:25.438] {"t":"app","f":"onEnter","a":{"name":"shot-anim:scope1"}},
[02:18:25.438] {"t":"timeline","f":"play"},
[02:18:25.438] {"t":"Mediator","f":"component","a":"narrative"},
[02:18:25.424] {"t":"narrative","f":"shot","a":{"delta":{"timeline":{"p":{"paused":true,"repeat":0,"tweens":[]},"actors":{"i3d:csphere:position":[{"dur":20,"p":{"bezier":{"autoRotate":true,"curviness":2,"values":[{"x":0,"y":0,"z":0},{"x":3.271296175662428,"y":7.231862295884639,"z":-3.8553725159727037},{"x":-9.361600172705948,"y":5.635489190462977,"z":-11.058900507632643},{"x":-22.90217582602054,"y":-3.1047238991595805,"z":-1.131318979896605},{"x":1.3953351555392146,"y":-17.458297102712095,"z":-5.060340692289174},{"x":0,"y":0,"z":0}],"immediateRender":false}}}]}}}}},
[02:18:41.140] {"t":"camera3d","f":"place","a":12},
[02:18:41.230] {"t":"camerasphere","f":"create","a":"csphere"},
[02:18:41.230] {"t":"camerasphere","f":"children","a":1},
[02:18:46.137] {"t":"camera3d","f":"bezier","a":{"d":20,"n":6,"z":true}},
[02:18:46.152] {"t":"Mediator","f":"record","a":{"t":"camera3d","f":"bezier","a":{"d":20,"n":6,"z":true}}},
[02:18:46.153] {"t":"narrative","f":"shot","a":{"delta":{"timeline":{"p":{"paused":true,"repeat":0,"tweens":[]},"actors":{"i3d:csphere:position":[{"dur":20,"p":{"bezier":{"autoRotate":true,"curviness":2,"values":[{"x":0,"y":0,"z":0},{"x":12.977690971456468,"y":22.0808540051803,"z":-7.495231225620955},{"x":-18.383425266947597,"y":17.53787407418713,"z":-28.873063419014215},{"x":-12.345351534895599,"y":-14.646614883095026,"z":-25.217364439740777},{"x":21.71077181585133,"y":-1.7783003649674356,"z":-9.970503265503794},{"x":0,"y":0,"z":0}],"immediateRender":false}}}]}}}}},
[02:18:46.176] {"t":"Mediator","f":"component","a":"narrative"},
[02:18:46.177] {"t":"app","f":"onEnter","a":{"name":"empty:"}},
[02:18:46.177] {"t":"app","f":"onEnter","a":{"name":"shot-anim:scope0"}},
[02:18:46.177] {"t":"timeline","f":"play"},
[02:19:15.567] {"t":"camera2d","f":"bezier"},
[02:19:15.589] {"t":"Mediator","f":"record","a":{"t":"camera2d","f":"bezier","a":{"d":10}}},
[02:19:15.590] {"t":"narrative","f":"shot","a":{"delta":{"timeline":{"p":{"paused":true,"repeat":0,"tweens":[]},"actors":{"i2d:c":[{"dur":10,"p":{"bezier":{"autoRotate":true,"curviness":2,"values":[{"x":0,"y":0},{"x":8.939403695985675,"y":-19.393729311414063},{"x":-19.35089240083471,"y":-26.39974493533373},{"x":-11.711092502810061,"y":16.01646340917796},{"x":25.945170291233808,"y":5.089004177134484},{"x":0,"y":0}],"immediateRender":false}}}]}}}}},
[02:19:15.639] {"t":"Mediator","f":"component","a":"narrative"},
[02:19:15.640] {"t":"app","f":"onEnter","a":{"name":"shot-anim:scope1"}},
[02:19:15.641] {"t":"timeline","f":"play"},
[02:19:15.641] {"t":"camera3d","f":"bezier","a":{"d":20,"n":6,"z":true}},
[02:19:15.642] {"t":"Mediator","f":"record","a":{"t":"camera3d","f":"bezier","a":{"d":20,"n":6,"z":true}}},
[02:19:15.647] {"t":"narrative","f":"shot","a":{"delta":{"timeline":{"p":{"paused":true,"repeat":0,"tweens":[]},"actors":{"i3d:csphere:position":[{"dur":20,"p":{"bezier":{"autoRotate":true,"curviness":2,"values":[{"x":0,"y":0,"z":0},{"x":15.236542315687984,"y":4.59033714607358,"z":-1.0068899858742952},{"x":-21.825754204764962,"y":8.88810720294714,"z":-12.087841590400785},{"x":-25.553067256696522,"y":-9.8968216474168,"z":2.45615400839597},{"x":28.992563816718757,"y":-16.815248779021204,"z":-8.109912327490747},{"x":0,"y":0,"z":0}],"immediateRender":false}}}]}}}}},
[02:19:15.695] {"t":"Mediator","f":"component","a":"narrative"},
[02:19:15.695] {"t":"app","f":"onEnter","a":{"name":"shot-anim:scope2"}},
[02:19:15.696] {"t":"timeline","f":"play"},
[02:19:45.206] {"t":"camera3d","f":"bezier","a":{"d":20,"n":6,"z":false}},
[02:19:45.219] {"t":"Mediator","f":"record","a":{"t":"camera3d","f":"bezier","a":{"d":20,"n":6,"z":false}}},
[02:19:45.222] {"t":"narrative","f":"shot","a":{"delta":{"timeline":{"p":{"paused":true,"repeat":0,"tweens":[]},"actors":{"i3d:csphere:position":[{"dur":20,"p":{"bezier":{"autoRotate":true,"curviness":2,"values":[{"x":0,"y":0},{"x":-7.182664966676384,"y":-19.32998005533591},{"x":-3.3801853680051863,"y":19.006870673038065},{"x":3.631857829168439,"y":20.078362345229834},{"x":26.84166854247451,"y":-26.51849858695641},{"x":0,"y":0}],"immediateRender":false}}}]}}}}},
[02:19:45.248] {"t":"Mediator","f":"component","a":"narrative"},
[02:19:45.248] {"t":"app","f":"onEnter","a":{"name":"shot-anim:scope3"}},
[02:19:45.249] {"t":"timeline","f":"play"},
[02:20:07.955] {"t":"camera3d","f":"bezier","a":{"d":20,"n":6,"z":true}},
[02:20:07.968] {"t":"Mediator","f":"record","a":{"t":"camera3d","f":"bezier","a":{"d":20,"n":6,"z":true}}},
[02:20:07.970] {"t":"narrative","f":"shot","a":{"delta":{"timeline":{"p":{"paused":true,"repeat":0,"tweens":[]},"actors":{"i3d:csphere:position":[{"dur":20,"p":{"bezier":{"autoRotate":true,"curviness":2,"values":[{"x":0,"y":0,"z":0},{"x":11.859510659705848,"y":18.77427296480164,"z":-6.636583011131734},{"x":-13.196973300073296,"y":14.711448366288096,"z":-25.371867965441197},{"x":-15.685499547980726,"y":-29.505448427516967,"z":0.2404716331511736},{"x":22.30451483745128,"y":-0.6281107594259083,"z":-1.8526157061569393},{"x":0,"y":0,"z":0}],"immediateRender":false}}}]}}}}},
[02:20:08.009] {"t":"Mediator","f":"component","a":"narrative"},
[02:20:08.010] {"t":"app","f":"onEnter","a":{"name":"shot-anim:scope4"}},
[02:20:08.010] {"t":"timeline","f":"play"},
