[02:59:12.240] {"t":"camerasphere","f":"create","a":"csphere"},
[02:59:12.239] {"t":"camera3d","f":"place","a":12},
[02:59:12.240] {"t":"camerasphere","f":"children","a":1},
[02:59:17.719] {"t":"camera3d","f":"pan (look) right","a":39},
[02:59:17.753] {"t":"Mediator","f":"record","a":{"t":"camera3d","f":"panflyBy","a":{"r":-0.19635,"d":3}}},
[02:59:17.756] {"t":"narrative","f":"shot","a":{"delta":{"timeline":{"p":{"paused":true,"repeat":0},"actors":{"i3d:camera:rotation":[{"dur":3,"p":{"y":-0.19635,"immediateRender":false}}]}}}}},
[02:59:17.757] {"t":"Mediator","f":"component","a":"narrative"},
[02:59:17.758] {"t":"app","f":"onEnter","a":{"name":"empty:"}},
[02:59:17.758] {"t":"app","f":"onEnter","a":{"name":"shot-anim:scope0"}},
[02:59:17.759] {"t":"timeline","f":"play"},
[02:59:51.063] {"t":"narrative","f":"shot","a":{"delta":{"timeline":{"p":{"paused":true,"repeat":0,"tweens":[]},"actors":{"i2d:zoom_plane":[{"dur":3,"p":{"scale":2,"svgOrigin":"0% 0%","immediateRender":false}}]}}}}},
[02:59:51.082] {"t":"mediator","f":"socket.emit.actions","a":{"t":"camera2d","f":"zoomflyTo","a":{"s":2,"d":3}}},
[02:59:51.083] {"t":"Mediator","f":"component","a":"narrative"},
[02:59:51.083] {"t":"app","f":"onEnter","a":{"name":"shot-anim:scope1"}},
[02:59:51.084] {"t":"timeline","f":"play"},
[03:00:11.065] {"t":"narrative","f":"shot","a":{"delta":{"timeline":{"p":{"paused":true,"repeat":0,"tweens":[]},"actors":{"i2d:zoom_plane":[{"dur":3,"p":{"scale":0.5,"svgOrigin":"0% 0%","immediateRender":false}}]}}}}},
[03:00:11.075] {"t":"mediator","f":"socket.emit.actions","a":{"t":"camera2d","f":"zoomflyTo","a":{"s":0.5,"d":3}}},
[03:00:11.136] {"t":"Mediator","f":"component","a":"narrative"},
[03:00:11.137] {"t":"timeline","f":"play"},
[03:00:11.136] {"t":"app","f":"onEnter","a":{"name":"shot-anim:scope2"}},
[03:00:14.058] {"t":"narrative","f":"shot","a":{"delta":{"timeline":{"p":{"paused":true,"repeat":0,"tweens":[]},"actors":{"i2d:zoom_plane":[{"dur":3,"p":{"scale":2,"svgOrigin":"0% 0%","immediateRender":false}}]}}}}},
[03:00:14.078] {"t":"mediator","f":"socket.emit.actions","a":{"t":"camera2d","f":"zoomflyTo","a":{"s":2,"d":3}}},
[03:00:14.134] {"t":"Mediator","f":"component","a":"narrative"},
[03:00:14.134] {"t":"app","f":"onEnter","a":{"name":"shot-anim:scope3"}},
[03:00:14.134] {"t":"timeline","f":"play"},
[03:00:51.063] {"t":"narrative","f":"shot","a":{"delta":{"timeline":{"p":{"paused":true,"repeat":0,"tweens":[]},"actors":{"i2d:zoom_plane":[{"dur":3,"p":{"rotation":-90,"svgOrigin":"0% 0%","immediateRender":false}}]}}}}},
[03:00:51.074] {"t":"mediator","f":"socket.emit.actions","a":{"t":"camera2d","f":"rollflyTo","a":{"r":-90,"d":3}}},
[03:00:51.137] {"t":"app","f":"onEnter","a":{"name":"shot-anim:scope4"}},
[03:00:51.137] {"t":"timeline","f":"play"},
[03:00:51.137] {"t":"Mediator","f":"component","a":"narrative"},
[03:01:31.076] {"t":"narrative","f":"shot","a":{"delta":{"timeline":{"p":{"paused":true,"repeat":0,"tweens":[]},"actors":{"i2d:zoom_plane":[{"dur":3,"p":{"scale":2,"svgOrigin":"0% 0%","immediateRender":false}}]}}}}},
[03:01:31.096] {"t":"mediator","f":"socket.emit.actions","a":{"t":"camera2d","f":"zoomflyTo","a":{"s":2,"d":3}}},
[03:01:31.142] {"t":"Mediator","f":"component","a":"narrative"},
[03:01:31.144] {"t":"timeline","f":"play"},
[03:01:31.143] {"t":"app","f":"onEnter","a":{"name":"shot-anim:scope5"}},
[03:01:51.068] {"t":"narrative","f":"shot","a":{"delta":{"timeline":{"p":{"paused":true,"repeat":0,"tweens":[]},"actors":{"i2d:zoom_plane":[{"dur":3,"p":{"scale":0.5,"svgOrigin":"0% 0%","immediateRender":false}}]}}}}},
[03:01:51.089] {"t":"mediator","f":"socket.emit.actions","a":{"t":"camera2d","f":"zoomflyTo","a":{"s":0.5,"d":3}}},
[03:01:51.090] {"t":"Mediator","f":"component","a":"narrative"},
[03:01:51.090] {"t":"app","f":"onEnter","a":{"name":"shot-anim:scope6"}},
[03:01:51.090] {"t":"timeline","f":"play"},
[03:01:54.077] {"t":"narrative","f":"shot","a":{"delta":{"timeline":{"p":{"paused":true,"repeat":0,"tweens":[]},"actors":{"i2d:zoom_plane":[{"dur":3,"p":{"scale":2,"svgOrigin":"0% 0%","immediateRender":false}}]}}}}},
[03:01:54.119] {"t":"mediator","f":"socket.emit.actions","a":{"t":"camera2d","f":"zoomflyTo","a":{"s":2,"d":3}}},
[03:01:54.120] {"t":"Mediator","f":"component","a":"narrative"},
[03:01:54.121] {"t":"app","f":"onEnter","a":{"name":"shot-anim:scope7"}},
[03:01:54.122] {"t":"timeline","f":"play"},
[03:02:51.071] {"t":"narrative","f":"shot","a":{"delta":{"timeline":{"p":{"paused":true,"repeat":0,"tweens":[]},"actors":{"i2d:zoom_plane":[{"dur":3,"p":{"rotation":-90,"svgOrigin":"0% 0%","immediateRender":false}}]}}}}},
[03:02:51.088] {"t":"mediator","f":"socket.emit.actions","a":{"t":"camera2d","f":"rollflyTo","a":{"r":-90,"d":3}}},
[03:02:51.092] {"t":"Mediator","f":"component","a":"narrative"},
[03:02:51.094] {"t":"app","f":"onEnter","a":{"name":"shot-anim:scope8"}},
[03:02:51.095] {"t":"timeline","f":"play"},
[03:05:09.752] {"t":"camera3d","f":"place","a":12},
[03:05:09.861] {"t":"camerasphere","f":"create","a":"csphere"},
[03:05:09.861] {"t":"camerasphere","f":"children","a":1},
