[03:06:04.003] {"t":"camera3d","f":"place","a":12},
[03:06:04.004] {"t":"camerasphere","f":"create","a":"csphere"},
[03:06:04.004] {"t":"camerasphere","f":"children","a":1},
[03:06:42.693] {"t":"narrative","f":"shot","a":{"delta":{"timeline":{"p":{"paused":true,"repeat":0,"tweens":[]},"actors":{"i2d:zoom_plane":[{"dur":3,"p":{"scale":2,"svgOrigin":"0% 0%","immediateRender":false}}]}}}}},
[03:06:42.700] {"t":"mediator","f":"socket.emit.actions","a":{"t":"camera2d","f":"zoomflyTo","a":{"s":2,"d":3}}},
[03:06:42.757] {"t":"Mediator","f":"component","a":"narrative"},
[03:06:42.758] {"t":"app","f":"onEnter","a":{"name":"empty:"}},
[03:06:42.759] {"t":"app","f":"onEnter","a":{"name":"shot-anim:scope0"}},
[03:06:42.759] {"t":"timeline","f":"play"},
[03:07:02.711] {"t":"narrative","f":"shot","a":{"delta":{"timeline":{"p":{"paused":true,"repeat":0,"tweens":[]},"actors":{"i2d:zoom_plane":[{"dur":3,"p":{"scale":0.5,"svgOrigin":"0% 0%","immediateRender":false}}]}}}}},
[03:07:02.722] {"t":"mediator","f":"socket.emit.actions","a":{"t":"camera2d","f":"zoomflyTo","a":{"s":0.5,"d":3}}},
[03:07:02.736] {"t":"Mediator","f":"component","a":"narrative"},
[03:07:02.736] {"t":"app","f":"onEnter","a":{"name":"shot-anim:scope1"}},
[03:07:02.736] {"t":"timeline","f":"play"},
[03:07:05.704] {"t":"narrative","f":"shot","a":{"delta":{"timeline":{"p":{"paused":true,"repeat":0,"tweens":[]},"actors":{"i2d:zoom_plane":[{"dur":3,"p":{"scale":2,"svgOrigin":"0% 0%","immediateRender":false}}]}}}}},
[03:07:05.724] {"t":"mediator","f":"socket.emit.actions","a":{"t":"camera2d","f":"zoomflyTo","a":{"s":2,"d":3}}},
[03:07:05.772] {"t":"Mediator","f":"component","a":"narrative"},
[03:07:05.774] {"t":"app","f":"onEnter","a":{"name":"shot-anim:scope2"}},
[03:07:05.774] {"t":"timeline","f":"play"},
[03:07:22.712] {"t":"narrative","f":"shot","a":{"delta":{"timeline":{"p":{"paused":true,"repeat":0},"actors":{"i2d:plane":[{"dur":3,"p":{"x":0,"y":0,"immediateRender":false}}],"i2d:zoom_plane":[{"dur":3,"p":{"rotation":0,"svgOrigin":"0% 0%","immediateRender":false}}]}}}}},
[03:07:22.722] {"t":"mediator","f":"socket.emit.actions","a":{"t":"camera2d","f":"center","a":{"d":3}}},
[03:07:22.737] {"t":"Mediator","f":"component","a":"narrative"},
[03:07:22.737] {"t":"app","f":"onEnter","a":{"name":"shot-anim:scope3"}},
[03:07:22.737] {"t":"timeline","f":"play"},
[03:07:25.720] {"t":"narrative","f":"shot","a":{"delta":{"timeline":{"p":{"paused":true,"repeat":0},"actors":{"i2d:plane":[{"dur":3,"p":{"x":0,"y":0,"immediateRender":false}}],"i2d:zoom_plane":[{"dur":3,"p":{"rotation":0,"scale":1,"svgOrigin":"0% 0%","immediateRender":false}}]}}}}},
[03:07:25.755] {"t":"mediator","f":"socket.emit.actions","a":{"t":"camera2d","f":"home","a":{"d":3}}},
[03:07:25.776] {"t":"Mediator","f":"component","a":"narrative"},
[03:07:25.776] {"t":"app","f":"onEnter","a":{"name":"shot-anim:scope4"}},
[03:07:25.776] {"t":"timeline","f":"play"},
[03:07:42.714] {"t":"narrative","f":"shot","a":{"delta":{"timeline":{"p":{"paused":true,"repeat":0,"tweens":[]},"actors":{"i2d:zoom_plane":[{"dur":3,"p":{"rotation":-90,"svgOrigin":"0% 0%","immediateRender":false}}]}}}}},
[03:07:42.722] {"t":"mediator","f":"socket.emit.actions","a":{"t":"camera2d","f":"rollflyTo","a":{"r":-90,"d":3}}},
[03:07:42.741] {"t":"Mediator","f":"component","a":"narrative"},
[03:07:42.741] {"t":"app","f":"onEnter","a":{"name":"shot-anim:scope5"}},
[03:07:42.741] {"t":"timeline","f":"play"},
[03:07:45.718] {"t":"narrative","f":"shot","a":{"delta":{"timeline":{"p":{"paused":true,"repeat":0,"tweens":[]},"actors":{"i2d:zoom_plane":[{"dur":3,"p":{"rotation":-45,"svgOrigin":"0% 0%","immediateRender":false}}]}}}}},
[03:07:45.741] {"t":"mediator","f":"socket.emit.actions","a":{"t":"camera2d","f":"rollflyBy","a":{"r":45,"d":3}}},
[03:07:45.790] {"t":"Mediator","f":"component","a":"narrative"},
[03:07:45.792] {"t":"app","f":"onEnter","a":{"name":"shot-anim:scope6"}},
[03:07:45.792] {"t":"timeline","f":"play"},
[03:07:48.726] {"t":"narrative","f":"shot","a":{"delta":{"timeline":{"p":{"paused":true,"repeat":0,"tweens":[]},"actors":{"i2d:zoom_plane":[{"dur":3,"p":{"rotation":0,"svgOrigin":"0% 0%","immediateRender":false}}]}}}}},
[03:07:48.748] {"t":"mediator","f":"socket.emit.actions","a":{"t":"camera2d","f":"rollflyBy","a":{"r":45,"d":3}}},
[03:07:48.807] {"t":"Mediator","f":"component","a":"narrative"},
[03:07:48.807] {"t":"app","f":"onEnter","a":{"name":"shot-anim:scope7"}},
[03:07:48.808] {"t":"timeline","f":"play"},
[03:08:10.155] {"t":"Mediator","f":"record","a":{"t":"camera3d","f":"bezier","a":{"d":20,"n":6,"z":true}}},
[03:08:10.156] {"t":"narrative","f":"shot","a":{"delta":{"timeline":{"p":{"paused":true,"repeat":0,"tweens":[]},"actors":{"i3d:csphere:position":[{"dur":20,"p":{"bezier":{"autoRotate":true,"curviness":2,"values":[{"x":0,"y":0,"z":0},{"x":-10.564073505811393,"y":-26.66408486897126},{"x":-1.551196442451328,"y":10.122929122298956},{"x":19.60823893547058,"y":12.30464550666511},{"x":0.6564780115149915,"y":-18.8741112803109},{"x":0,"y":0,"z":0}],"immediateRender":false}}}]}}}}},
[03:08:10.164] {"t":"Mediator","f":"component","a":"narrative"},
[03:08:10.167] {"t":"app","f":"onEnter","a":{"name":"shot-anim:scope8"}},
[03:08:10.167] {"t":"timeline","f":"play"},
[03:08:10.137] {"t":"camera3d","f":"bezier","a":{"d":20,"n":6,"z":true}},
[03:08:27.281] {"t":"camera3d","f":"bezier","a":{"d":20,"n":6,"z":true}},
[03:08:27.293] {"t":"Mediator","f":"record","a":{"t":"camera3d","f":"bezier","a":{"d":20,"n":6,"z":true}}},
[03:08:27.294] {"t":"narrative","f":"shot","a":{"delta":{"timeline":{"p":{"paused":true,"repeat":0,"tweens":[]},"actors":{"i3d:csphere:position":[{"dur":20,"p":{"bezier":{"autoRotate":true,"curviness":2,"values":[{"x":0,"y":0,"z":0},{"x":-13.428768601734191,"y":-18.38540330529213},{"x":-18.171662685927004,"y":5.1605574041605},{"x":16.468210697639734,"y":10.327132679522038},{"x":14.763604367617518,"y":-25.792349672410637},{"x":0,"y":0,"z":0}],"immediateRender":false}}}]}}}}},
[03:08:27.318] {"t":"app","f":"onEnter","a":{"name":"shot-anim:scope9"}},
[03:08:27.318] {"t":"timeline","f":"play"},
[03:08:27.318] {"t":"Mediator","f":"component","a":"narrative"},
[03:08:27.343] {"t":"narrative","f":"shot","a":{"delta":{"timeline":{"p":{"paused":true,"repeat":0,"tweens":[]},"actors":{"i2d:zoom_plane":[{"dur":3,"p":{"scale":2,"svgOrigin":"0% 0%","immediateRender":false}}]}}}}},
[03:08:27.359] {"t":"mediator","f":"socket.emit.actions","a":{"t":"camera2d","f":"zoomflyTo","a":{"s":2,"d":3}}},
[03:08:27.376] {"t":"Mediator","f":"component","a":"narrative"},
[03:08:27.376] {"t":"app","f":"onEnter","a":{"name":"shot-anim:scope10"}},
[03:08:27.377] {"t":"timeline","f":"play"},
[03:08:30.358] {"t":"narrative","f":"shot","a":{"delta":{"timeline":{"p":{"paused":true,"repeat":0,"tweens":[]},"actors":{"i2d:zoom_plane":[{"dur":3,"p":{"scale":0.5,"svgOrigin":"0% 0%","immediateRender":false}}]}}}}},
[03:08:30.380] {"t":"mediator","f":"socket.emit.actions","a":{"t":"camera2d","f":"zoomflyTo","a":{"s":0.5,"d":3}}},
[03:08:30.437] {"t":"Mediator","f":"component","a":"narrative"},
[03:08:30.438] {"t":"app","f":"onEnter","a":{"name":"shot-anim:scope11"}},
[03:08:30.440] {"t":"timeline","f":"play"},
[03:08:33.366] {"t":"narrative","f":"shot","a":{"delta":{"timeline":{"p":{"paused":true,"repeat":0,"tweens":[]},"actors":{"i2d:zoom_plane":[{"dur":3,"p":{"scale":2,"svgOrigin":"0% 0%","immediateRender":false}}]}}}}},
[03:08:33.385] {"t":"mediator","f":"socket.emit.actions","a":{"t":"camera2d","f":"zoomflyTo","a":{"s":2,"d":3}}},
[03:08:33.430] {"t":"Mediator","f":"component","a":"narrative"},
[03:08:33.430] {"t":"app","f":"onEnter","a":{"name":"shot-anim:scope12"}},
[03:08:33.430] {"t":"timeline","f":"play"},
[03:08:40.310] {"t":"camera3d","f":"bezier","a":{"d":20,"n":6,"z":true}},
[03:08:40.322] {"t":"Mediator","f":"record","a":{"t":"camera3d","f":"bezier","a":{"d":20,"n":6,"z":true}}},
[03:08:40.324] {"t":"narrative","f":"shot","a":{"delta":{"timeline":{"p":{"paused":true,"repeat":0,"tweens":[]},"actors":{"i3d:csphere:position":[{"dur":20,"p":{"bezier":{"autoRotate":true,"curviness":2,"values":[{"x":0,"y":0,"z":0},{"x":-20.521198343485594,"y":-7.434036489576101},{"x":-23.891230879817158,"y":19.367600907571614},{"x":3.0158881028182805,"y":19.24845095956698},{"x":3.114646263420582,"y":-1.9668270600959659},{"x":0,"y":0,"z":0}],"immediateRender":false}}}]}}}}},
[03:08:40.336] {"t":"Mediator","f":"component","a":"narrative"},
[03:08:40.337] {"t":"app","f":"onEnter","a":{"name":"shot-anim:scope13"}},
[03:08:40.337] {"t":"timeline","f":"play"},
[03:08:40.377] {"t":"narrative","f":"shot","a":{"delta":{"timeline":{"p":{"paused":true,"repeat":0},"actors":{"i2d:plane":[{"dur":3,"p":{"x":0,"y":0,"immediateRender":false}}],"i2d:zoom_plane":[{"dur":3,"p":{"rotation":0,"svgOrigin":"0% 0%","immediateRender":false}}]}}}}},
[03:08:40.390] {"t":"mediator","f":"socket.emit.actions","a":{"t":"camera2d","f":"center","a":{"d":3}}},
[03:08:40.410] {"t":"Mediator","f":"component","a":"narrative"},
[03:08:40.410] {"t":"app","f":"onEnter","a":{"name":"shot-anim:scope14"}},
[03:08:40.410] {"t":"timeline","f":"play"},
[03:08:46.922] {"t":"camera2d","f":"bezier"},
[03:08:46.931] {"t":"Mediator","f":"record","a":{"t":"camera2d","f":"bezier","a":{"d":10}}},
[03:08:46.932] {"t":"narrative","f":"shot","a":{"delta":{"timeline":{"p":{"paused":true,"repeat":0,"tweens":[]},"actors":{"i2d:c":[{"dur":10,"p":{"bezier":{"autoRotate":true,"curviness":2,"values":[{"x":0,"y":0},{"x":13.841724190860987,"y":-28.093484344426543},{"x":-8.067925327923149,"y":-27.043230661656708},{"x":-24.745219310279936,"y":27.500935450661927},{"x":2.812240964267403,"y":8.687746371142566},{"x":0,"y":0}],"immediateRender":false}}}]}}}}},
[03:08:46.947] {"t":"Mediator","f":"component","a":"narrative"},
[03:08:46.948] {"t":"app","f":"onEnter","a":{"name":"shot-anim:scope15"}},
[03:08:46.948] {"t":"timeline","f":"play"},
[03:08:52.434] {"t":"camera3d","f":"bezier","a":{"d":20,"n":6,"z":true}},
[03:08:52.444] {"t":"Mediator","f":"record","a":{"t":"camera3d","f":"bezier","a":{"d":20,"n":6,"z":true}}},
[03:08:52.445] {"t":"narrative","f":"shot","a":{"delta":{"timeline":{"p":{"paused":true,"repeat":0,"tweens":[]},"actors":{"i3d:csphere:position":[{"dur":20,"p":{"bezier":{"autoRotate":true,"curviness":2,"values":[{"x":0,"y":0,"z":0},{"x":-8.156261646654457,"y":-23.693023303058},{"x":-15.810048740822822,"y":26.92281638737768},{"x":16.210044699255377,"y":11.352010793052614},{"x":14.231949783861637,"y":-13.785182575229555},{"x":0,"y":0,"z":0}],"immediateRender":false}}}]}}}}},
[03:08:52.458] {"t":"Mediator","f":"component","a":"narrative"},
[03:08:52.459] {"t":"app","f":"onEnter","a":{"name":"shot-anim:scope16"}},
[03:08:52.460] {"t":"timeline","f":"play"},
[03:08:52.525] {"t":"narrative","f":"shot","a":{"delta":{"timeline":{"p":{"paused":true,"repeat":0},"actors":{"i2d:plane":[{"dur":3,"p":{"x":0,"y":0,"immediateRender":false}}],"i2d:zoom_plane":[{"dur":3,"p":{"rotation":0,"scale":1,"svgOrigin":"0% 0%","immediateRender":false}}]}}}}},
[03:08:52.548] {"t":"mediator","f":"socket.emit.actions","a":{"t":"camera2d","f":"home","a":{"d":3}}},
[03:08:52.593] {"t":"Mediator","f":"component","a":"narrative"},
[03:08:52.594] {"t":"app","f":"onEnter","a":{"name":"shot-anim:scope17"}},
[03:08:52.594] {"t":"timeline","f":"play"},
[03:09:02.723] {"t":"narrative","f":"shot","a":{"delta":{"timeline":{"p":{"paused":true,"repeat":0,"tweens":[]},"actors":{"i2d:zoom_plane":[{"dur":3,"p":{"rotation":-90,"svgOrigin":"0% 0%","immediateRender":false}}]}}}}},
[03:09:02.733] {"t":"mediator","f":"socket.emit.actions","a":{"t":"camera2d","f":"rollflyTo","a":{"r":-90,"d":3}}},
[03:09:02.773] {"t":"Mediator","f":"component","a":"narrative"},
[03:09:02.775] {"t":"app","f":"onEnter","a":{"name":"shot-anim:scope18"}},
[03:09:02.778] {"t":"timeline","f":"play"},
[03:09:12.461] {"t":"narrative","f":"shot","a":{"delta":{"timeline":{"p":{"paused":true,"repeat":0,"tweens":[]},"actors":{"i2d:zoom_plane":[{"dur":3,"p":{"rotation":-45,"svgOrigin":"0% 0%","immediateRender":false}}]}}}}},
[03:09:12.472] {"t":"mediator","f":"socket.emit.actions","a":{"t":"camera2d","f":"rollflyBy","a":{"r":45,"d":3}}},
[03:09:12.550] {"t":"Mediator","f":"component","a":"narrative"},
[03:09:12.550] {"t":"app","f":"onEnter","a":{"name":"shot-anim:scope19"}},
[03:09:12.550] {"t":"timeline","f":"play"},
[03:09:15.451] {"t":"narrative","f":"shot","a":{"delta":{"timeline":{"p":{"paused":true,"repeat":0,"tweens":[]},"actors":{"i2d:zoom_plane":[{"dur":3,"p":{"rotation":0,"svgOrigin":"0% 0%","immediateRender":false}}]}}}}},
[03:09:15.484] {"t":"mediator","f":"socket.emit.actions","a":{"t":"camera2d","f":"rollflyBy","a":{"r":45,"d":3}}},
[03:09:15.531] {"t":"Mediator","f":"component","a":"narrative"},
[03:09:15.532] {"t":"app","f":"onEnter","a":{"name":"shot-anim:scope20"}},
[03:09:15.532] {"t":"timeline","f":"play"},
[03:09:42.725] {"t":"narrative","f":"shot","a":{"delta":{"timeline":{"p":{"paused":true,"repeat":0,"tweens":[]},"actors":{"i2d:zoom_plane":[{"dur":3,"p":{"scale":2,"svgOrigin":"0% 0%","immediateRender":false}}]}}}}},
[03:09:42.742] {"t":"mediator","f":"socket.emit.actions","a":{"t":"camera2d","f":"zoomflyTo","a":{"s":2,"d":3}}},
[03:09:42.789] {"t":"Mediator","f":"component","a":"narrative"},
[03:09:42.790] {"t":"app","f":"onEnter","a":{"name":"shot-anim:scope21"}},
[03:09:42.790] {"t":"timeline","f":"play"},
[03:10:02.727] {"t":"narrative","f":"shot","a":{"delta":{"timeline":{"p":{"paused":true,"repeat":0,"tweens":[]},"actors":{"i2d:zoom_plane":[{"dur":3,"p":{"scale":0.5,"svgOrigin":"0% 0%","immediateRender":false}}]}}}}},
[03:10:02.736] {"t":"mediator","f":"socket.emit.actions","a":{"t":"camera2d","f":"zoomflyTo","a":{"s":0.5,"d":3}}},
[03:10:02.753] {"t":"Mediator","f":"component","a":"narrative"},
[03:10:02.755] {"t":"app","f":"onEnter","a":{"name":"shot-anim:scope22"}},
[03:10:02.755] {"t":"timeline","f":"play"},
[03:10:05.720] {"t":"narrative","f":"shot","a":{"delta":{"timeline":{"p":{"paused":true,"repeat":0,"tweens":[]},"actors":{"i2d:zoom_plane":[{"dur":3,"p":{"scale":2,"svgOrigin":"0% 0%","immediateRender":false}}]}}}}},
[03:10:05.745] {"t":"mediator","f":"socket.emit.actions","a":{"t":"camera2d","f":"zoomflyTo","a":{"s":2,"d":3}}},
[03:10:05.784] {"t":"Mediator","f":"component","a":"narrative"},
[03:10:05.785] {"t":"app","f":"onEnter","a":{"name":"shot-anim:scope23"}},
[03:10:05.786] {"t":"timeline","f":"play"},
[03:10:08.727] {"t":"narrative","f":"shot","a":{"delta":{"timeline":{"p":{"paused":true,"repeat":0},"actors":{"i2d:plane":[{"dur":3,"p":{"x":0,"y":0,"immediateRender":false}}],"i2d:zoom_plane":[{"dur":3,"p":{"rotation":0,"svgOrigin":"0% 0%","immediateRender":false}}]}}}}},
[03:10:08.754] {"t":"mediator","f":"socket.emit.actions","a":{"t":"camera2d","f":"center","a":{"d":3}}},
[03:10:08.807] {"t":"Mediator","f":"component","a":"narrative"},
[03:10:08.807] {"t":"app","f":"onEnter","a":{"name":"shot-anim:scope24"}},
[03:10:08.807] {"t":"timeline","f":"play"},
[03:10:22.726] {"t":"narrative","f":"shot","a":{"delta":{"timeline":{"p":{"paused":true,"repeat":0},"actors":{"i2d:plane":[{"dur":3,"p":{"x":0,"y":0,"immediateRender":false}}],"i2d:zoom_plane":[{"dur":3,"p":{"rotation":0,"scale":1,"svgOrigin":"0% 0%","immediateRender":false}}]}}}}},
[03:10:22.747] {"t":"mediator","f":"socket.emit.actions","a":{"t":"camera2d","f":"home","a":{"d":3}}},
[03:10:22.796] {"t":"Mediator","f":"component","a":"narrative"},
[03:10:22.796] {"t":"app","f":"onEnter","a":{"name":"shot-anim:scope25"}},
[03:10:22.796] {"t":"timeline","f":"play"},
[03:10:42.726] {"t":"narrative","f":"shot","a":{"delta":{"timeline":{"p":{"paused":true,"repeat":0,"tweens":[]},"actors":{"i2d:zoom_plane":[{"dur":3,"p":{"rotation":-90,"svgOrigin":"0% 0%","immediateRender":false}}]}}}}},
[03:10:42.735] {"t":"mediator","f":"socket.emit.actions","a":{"t":"camera2d","f":"rollflyTo","a":{"r":-90,"d":3}}},
[03:10:42.747] {"t":"Mediator","f":"component","a":"narrative"},
[03:10:42.747] {"t":"app","f":"onEnter","a":{"name":"shot-anim:scope26"}},
[03:10:42.747] {"t":"timeline","f":"play"},
[03:10:45.732] {"t":"narrative","f":"shot","a":{"delta":{"timeline":{"p":{"paused":true,"repeat":0,"tweens":[]},"actors":{"i2d:zoom_plane":[{"dur":3,"p":{"rotation":-45,"svgOrigin":"0% 0%","immediateRender":false}}]}}}}},
[03:10:45.755] {"t":"mediator","f":"socket.emit.actions","a":{"t":"camera2d","f":"rollflyBy","a":{"r":45,"d":3}}},
[03:10:45.802] {"t":"Mediator","f":"component","a":"narrative"},
[03:10:45.803] {"t":"app","f":"onEnter","a":{"name":"shot-anim:scope27"}},
[03:10:45.803] {"t":"timeline","f":"play"},
[03:10:48.737] {"t":"narrative","f":"shot","a":{"delta":{"timeline":{"p":{"paused":true,"repeat":0,"tweens":[]},"actors":{"i2d:zoom_plane":[{"dur":3,"p":{"rotation":0,"svgOrigin":"0% 0%","immediateRender":false}}]}}}}},
[03:10:48.762] {"t":"mediator","f":"socket.emit.actions","a":{"t":"camera2d","f":"rollflyBy","a":{"r":45,"d":3}}},
[03:10:48.813] {"t":"Mediator","f":"component","a":"narrative"},
[03:10:48.813] {"t":"app","f":"onEnter","a":{"name":"shot-anim:scope28"}},
[03:10:48.814] {"t":"timeline","f":"play"},
[03:11:02.733] {"t":"narrative","f":"shot","a":{"delta":{"timeline":{"p":{"paused":true,"repeat":0,"tweens":[]},"actors":{"i2d:zoom_plane":[{"dur":3,"p":{"scale":2,"svgOrigin":"0% 0%","immediateRender":false}}]}}}}},
[03:11:02.741] {"t":"mediator","f":"socket.emit.actions","a":{"t":"camera2d","f":"zoomflyTo","a":{"s":2,"d":3}}},
[03:11:02.756] {"t":"Mediator","f":"component","a":"narrative"},
[03:11:02.756] {"t":"app","f":"onEnter","a":{"name":"shot-anim:scope29"}},
[03:11:02.757] {"t":"timeline","f":"play"},
[03:11:21.268] {"t":"camera2d","f":"zoom-out","a":88},
[03:11:21.280] {"t":"Mediator","f":"record","a":{"t":"camera2d","f":"zoomflyBy","a":{"s":0.9,"d":3}}},
[03:11:21.280] {"t":"narrative","f":"shot","a":{"delta":{"timeline":{"p":{"paused":true,"repeat":0,"tweens":[]},"actors":{"i2d:zoom_plane":[{"dur":3,"p":{"scale":1.8,"svgOrigin":"0% 0%","immediateRender":false}}]}}}}},
[03:11:21.292] {"t":"Mediator","f":"component","a":"narrative"},
[03:11:21.292] {"t":"app","f":"onEnter","a":{"name":"shot-anim:scope30"}},
[03:11:21.292] {"t":"timeline","f":"play"},
[03:11:24.265] {"t":"narrative","f":"shot","a":{"delta":{"timeline":{"p":{"paused":true,"repeat":0,"tweens":[]},"actors":{"i2d:zoom_plane":[{"dur":3,"p":{"scale":0.5,"svgOrigin":"0% 0%","immediateRender":false}}]}}}}},
[03:11:24.288] {"t":"mediator","f":"socket.emit.actions","a":{"t":"camera2d","f":"zoomflyTo","a":{"s":0.5,"d":3}}},
[03:11:24.343] {"t":"Mediator","f":"component","a":"narrative"},
[03:11:24.344] {"t":"app","f":"onEnter","a":{"name":"shot-anim:scope31"}},
[03:11:24.345] {"t":"timeline","f":"play"},
[03:11:27.268] {"t":"narrative","f":"shot","a":{"delta":{"timeline":{"p":{"paused":true,"repeat":0,"tweens":[]},"actors":{"i2d:zoom_plane":[{"dur":3,"p":{"scale":2,"svgOrigin":"0% 0%","immediateRender":false}}]}}}}},
[03:11:27.290] {"t":"mediator","f":"socket.emit.actions","a":{"t":"camera2d","f":"zoomflyTo","a":{"s":2,"d":3}}},
[03:11:27.334] {"t":"Mediator","f":"component","a":"narrative"},
[03:11:27.335] {"t":"app","f":"onEnter","a":{"name":"shot-anim:scope32"}},
[03:11:27.335] {"t":"timeline","f":"play"},
[03:11:34.470] {"t":"camera3d","f":"bezier","a":{"d":20,"n":6,"z":true}},
[03:11:34.481] {"t":"Mediator","f":"record","a":{"t":"camera3d","f":"bezier","a":{"d":20,"n":6,"z":true}}},
[03:11:34.482] {"t":"narrative","f":"shot","a":{"delta":{"timeline":{"p":{"paused":true,"repeat":0,"tweens":[]},"actors":{"i3d:csphere:position":[{"dur":20,"p":{"bezier":{"autoRotate":true,"curviness":2,"values":[{"x":0,"y":0,"z":0},{"x":14.825508438516408,"y":5.199482201132923,"z":-7.0439618127420545},{"x":-27.09346524439752,"y":1.838462830055505,"z":-18.607896852772683},{"x":-3.4254517941735685,"y":-21.289602660108358,"z":8.338830925058573},{"x":25.490270205773413,"y":-22.58174346294254,"z":-0.8254559221677482},{"x":0,"y":0,"z":0}],"immediateRender":false}}}]}}}}},
[03:11:34.501] {"t":"Mediator","f":"component","a":"narrative"},
[03:11:34.501] {"t":"app","f":"onEnter","a":{"name":"shot-anim:scope33"}},
[03:11:34.501] {"t":"timeline","f":"play"},
[03:11:54.462] {"t":"narrative","f":"shot","a":{"delta":{"timeline":{"p":{"paused":true,"repeat":0},"actors":{"i2d:plane":[{"dur":3,"p":{"x":0,"y":0,"immediateRender":false}}],"i2d:zoom_plane":[{"dur":3,"p":{"rotation":0,"svgOrigin":"0% 0%","immediateRender":false}}]}}}}},
[03:11:54.483] {"t":"mediator","f":"socket.emit.actions","a":{"t":"camera2d","f":"center","a":{"d":3}}},
[03:11:54.528] {"t":"Mediator","f":"component","a":"narrative"},
[03:11:54.528] {"t":"app","f":"onEnter","a":{"name":"shot-anim:scope34"}},
[03:11:54.528] {"t":"timeline","f":"play"},
[03:11:57.465] {"t":"narrative","f":"shot","a":{"delta":{"timeline":{"p":{"paused":true,"repeat":0},"actors":{"i2d:plane":[{"dur":3,"p":{"x":0,"y":0,"immediateRender":false}}],"i2d:zoom_plane":[{"dur":3,"p":{"rotation":0,"scale":1,"svgOrigin":"0% 0%","immediateRender":false}}]}}}}},
[03:11:57.487] {"t":"mediator","f":"socket.emit.actions","a":{"t":"camera2d","f":"home","a":{"d":3}}},
[03:11:57.547] {"t":"Mediator","f":"component","a":"narrative"},
[03:11:57.547] {"t":"app","f":"onEnter","a":{"name":"shot-anim:scope35"}},
[03:11:57.547] {"t":"timeline","f":"play"},
[03:12:00.472] {"t":"narrative","f":"shot","a":{"delta":{"timeline":{"p":{"paused":true,"repeat":0,"tweens":[]},"actors":{"i2d:zoom_plane":[{"dur":3,"p":{"rotation":-90,"svgOrigin":"0% 0%","immediateRender":false}}]}}}}},
[03:12:00.496] {"t":"mediator","f":"socket.emit.actions","a":{"t":"camera2d","f":"rollflyTo","a":{"r":-90,"d":3}}},
[03:12:00.551] {"t":"Mediator","f":"component","a":"narrative"},
[03:12:00.552] {"t":"app","f":"onEnter","a":{"name":"shot-anim:scope36"}},
[03:12:00.552] {"t":"timeline","f":"play"},
[03:12:05.312] {"t":"camera3d","f":"bezier","a":{"d":20,"n":6,"z":true}},
[03:12:05.330] {"t":"Mediator","f":"record","a":{"t":"camera3d","f":"bezier","a":{"d":20,"n":6,"z":true}}},
[03:12:05.332] {"t":"narrative","f":"shot","a":{"delta":{"timeline":{"p":{"paused":true,"repeat":0,"tweens":[]},"actors":{"i3d:csphere:position":[{"dur":20,"p":{"bezier":{"autoRotate":true,"curviness":2,"values":[{"x":0,"y":0,"z":0},{"x":-10.589940464124084,"y":-18.867066367529333},{"x":-0.05052982131019235,"y":13.073469826485962},{"x":1.1209460813552141,"y":18.11330624157563},{"x":2.218936022836715,"y":-19.596256292425096},{"x":0,"y":0,"z":0}],"immediateRender":false}}}]}}}}},
[03:12:05.361] {"t":"Mediator","f":"component","a":"narrative"},
[03:12:05.362] {"t":"app","f":"onEnter","a":{"name":"shot-anim:scope37"}},
[03:12:05.362] {"t":"timeline","f":"play"},
[03:12:10.994] {"t":"camera3d","f":"bezier","a":{"d":20,"n":6,"z":true}},
[03:12:11.012] {"t":"Mediator","f":"record","a":{"t":"camera3d","f":"bezier","a":{"d":20,"n":6,"z":true}}},
[03:12:11.012] {"t":"narrative","f":"shot","a":{"delta":{"timeline":{"p":{"paused":true,"repeat":0,"tweens":[]},"actors":{"i3d:csphere:position":[{"dur":20,"p":{"bezier":{"autoRotate":true,"curviness":2,"values":[{"x":0,"y":0,"z":0},{"x":-10.740681008901447,"y":-2.9021632648073137},{"x":-1.7585565685294569,"y":22.41141177713871},{"x":4.308627597056329,"y":17.91007564868778},{"x":28.55155752506107,"y":-12.665987808723003},{"x":0,"y":0,"z":0}],"immediateRender":false}}}]}}}}},
[03:12:11.020] {"t":"Mediator","f":"component","a":"narrative"},
[03:12:11.020] {"t":"app","f":"onEnter","a":{"name":"shot-anim:scope38"}},
[03:12:11.023] {"t":"timeline","f":"play"},
[03:12:11.058] {"t":"narrative","f":"shot","a":{"delta":{"timeline":{"p":{"paused":true,"repeat":0,"tweens":[]},"actors":{"i2d:zoom_plane":[{"dur":3,"p":{"rotation":-45,"svgOrigin":"0% 0%","immediateRender":false}}]}}}}},
[03:12:11.075] {"t":"mediator","f":"socket.emit.actions","a":{"t":"camera2d","f":"rollflyBy","a":{"r":45,"d":3}}},
[03:12:11.107] {"t":"Mediator","f":"component","a":"narrative"},
[03:12:11.108] {"t":"app","f":"onEnter","a":{"name":"shot-anim:scope39"}},
[03:12:11.108] {"t":"timeline","f":"play"},
[03:12:14.060] {"t":"narrative","f":"shot","a":{"delta":{"timeline":{"p":{"paused":true,"repeat":0,"tweens":[]},"actors":{"i2d:zoom_plane":[{"dur":3,"p":{"rotation":0,"svgOrigin":"0% 0%","immediateRender":false}}]}}}}},
[03:12:14.086] {"t":"mediator","f":"socket.emit.actions","a":{"t":"camera2d","f":"rollflyBy","a":{"r":45,"d":3}}},
[03:12:14.133] {"t":"Mediator","f":"component","a":"narrative"},
[03:12:14.133] {"t":"app","f":"onEnter","a":{"name":"shot-anim:scope40"}},
[03:12:14.133] {"t":"timeline","f":"play"},
[03:12:31.010] {"t":"narrative","f":"shot","a":{"delta":{"timeline":{"p":{"paused":true,"repeat":0,"tweens":[]},"actors":{"i2d:zoom_plane":[{"dur":3,"p":{"scale":2,"svgOrigin":"0% 0%","immediateRender":false}}]}}}}},
[03:12:31.023] {"t":"mediator","f":"socket.emit.actions","a":{"t":"camera2d","f":"zoomflyTo","a":{"s":2,"d":3}}},
[03:12:31.065] {"t":"app","f":"onEnter","a":{"name":"shot-anim:scope41"}},
[03:12:31.064] {"t":"Mediator","f":"component","a":"narrative"},
[03:12:31.065] {"t":"timeline","f":"play"},
[03:12:37.782] {"t":"camera3d","f":"bezier","a":{"d":20,"n":6,"z":true}},
[03:12:37.796] {"t":"Mediator","f":"record","a":{"t":"camera3d","f":"bezier","a":{"d":20,"n":6,"z":true}}},
[03:12:37.797] {"t":"narrative","f":"shot","a":{"delta":{"timeline":{"p":{"paused":true,"repeat":0,"tweens":[]},"actors":{"i3d:csphere:position":[{"dur":20,"p":{"bezier":{"autoRotate":true,"curviness":2,"values":[{"x":0,"y":0,"z":0},{"x":-20.311408080160618,"y":-0.5404146364890039},{"x":-24.693372307810932,"y":17.566665513440967},{"x":15.796965630725026,"y":25.88611616520211},{"x":20.32992873340845,"y":-12.377829132601619},{"x":0,"y":0,"z":0}],"immediateRender":false}}}]}}}}},
[03:12:37.824] {"t":"Mediator","f":"component","a":"narrative"},
[03:12:37.824] {"t":"app","f":"onEnter","a":{"name":"shot-anim:scope42"}},
[03:12:37.824] {"t":"timeline","f":"play"},
[03:12:54.355] {"t":"camera2d","f":"bezier"},
[03:12:54.374] {"t":"Mediator","f":"record","a":{"t":"camera2d","f":"bezier","a":{"d":10}}},
[03:12:54.375] {"t":"narrative","f":"shot","a":{"delta":{"timeline":{"p":{"paused":true,"repeat":0,"tweens":[]},"actors":{"i2d:c":[{"dur":10,"p":{"bezier":{"autoRotate":true,"curviness":2,"values":[{"x":0,"y":0},{"x":-17.134572572540492,"y":26.361014479771256},{"x":-29.55589263467118,"y":-3.124137211125344},{"x":19.87226675497368,"y":-2.6366902515292168},{"x":17.253029490821064,"y":26.095297147985548},{"x":0,"y":0}],"immediateRender":false}}}]}}}}},
[03:12:54.405] {"t":"Mediator","f":"component","a":"narrative"},
[03:12:54.406] {"t":"app","f":"onEnter","a":{"name":"shot-anim:scope43"}},
[03:12:54.406] {"t":"timeline","f":"play"},
[03:12:57.796] {"t":"narrative","f":"shot","a":{"delta":{"timeline":{"p":{"paused":true,"repeat":0,"tweens":[]},"actors":{"i2d:zoom_plane":[{"dur":3,"p":{"scale":0.5,"svgOrigin":"0% 0%","immediateRender":false}}]}}}}},
[03:12:57.817] {"t":"mediator","f":"socket.emit.actions","a":{"t":"camera2d","f":"zoomflyTo","a":{"s":0.5,"d":3}}},
[03:12:57.844] {"t":"Mediator","f":"component","a":"narrative"},
[03:12:57.844] {"t":"app","f":"onEnter","a":{"name":"shot-anim:scope44"}},
[03:12:57.844] {"t":"timeline","f":"play"},
[03:13:00.787] {"t":"narrative","f":"shot","a":{"delta":{"timeline":{"p":{"paused":true,"repeat":0,"tweens":[]},"actors":{"i2d:zoom_plane":[{"dur":3,"p":{"scale":2,"svgOrigin":"0% 0%","immediateRender":false}}]}}}}},
[03:13:00.805] {"t":"mediator","f":"socket.emit.actions","a":{"t":"camera2d","f":"zoomflyTo","a":{"s":2,"d":3}}},
[03:13:00.833] {"t":"Mediator","f":"component","a":"narrative"},
[03:13:00.833] {"t":"app","f":"onEnter","a":{"name":"shot-anim:scope45"}},
[03:13:00.833] {"t":"timeline","f":"play"},
[03:13:03.792] {"t":"narrative","f":"shot","a":{"delta":{"timeline":{"p":{"paused":true,"repeat":0},"actors":{"i2d:plane":[{"dur":3,"p":{"x":0,"y":0,"immediateRender":false}}],"i2d:zoom_plane":[{"dur":3,"p":{"rotation":0,"svgOrigin":"0% 0%","immediateRender":false}}]}}}}},
[03:13:03.814] {"t":"mediator","f":"socket.emit.actions","a":{"t":"camera2d","f":"center","a":{"d":3}}},
[03:13:03.845] {"t":"Mediator","f":"component","a":"narrative"},
[03:13:03.846] {"t":"app","f":"onEnter","a":{"name":"shot-anim:scope46"}},
[03:13:03.846] {"t":"timeline","f":"play"},
[03:13:22.747] {"t":"narrative","f":"shot","a":{"delta":{"timeline":{"p":{"paused":true,"repeat":0},"actors":{"i2d:plane":[{"dur":3,"p":{"x":0,"y":0,"immediateRender":false}}],"i2d:zoom_plane":[{"dur":3,"p":{"rotation":0,"scale":1,"svgOrigin":"0% 0%","immediateRender":false}}]}}}}},
[03:13:22.758] {"t":"mediator","f":"socket.emit.actions","a":{"t":"camera2d","f":"home","a":{"d":3}}},
[03:13:22.781] {"t":"Mediator","f":"component","a":"narrative"},
[03:13:22.782] {"t":"app","f":"onEnter","a":{"name":"shot-anim:scope47"}},
[03:13:22.782] {"t":"timeline","f":"play"},
[03:13:25.748] {"t":"narrative","f":"shot","a":{"delta":{"timeline":{"p":{"paused":true,"repeat":0,"tweens":[]},"actors":{"i2d:zoom_plane":[{"dur":3,"p":{"rotation":-90,"svgOrigin":"0% 0%","immediateRender":false}}]}}}}},
[03:13:25.770] {"t":"mediator","f":"socket.emit.actions","a":{"t":"camera2d","f":"rollflyTo","a":{"r":-90,"d":3}}},
[03:13:25.800] {"t":"Mediator","f":"component","a":"narrative"},
[03:13:25.800] {"t":"app","f":"onEnter","a":{"name":"shot-anim:scope48"}},
[03:13:25.801] {"t":"timeline","f":"play"},
[03:13:42.751] {"t":"narrative","f":"shot","a":{"delta":{"timeline":{"p":{"paused":true,"repeat":0,"tweens":[]},"actors":{"i2d:zoom_plane":[{"dur":3,"p":{"rotation":-45,"svgOrigin":"0% 0%","immediateRender":false}}]}}}}},
[03:13:42.764] {"t":"mediator","f":"socket.emit.actions","a":{"t":"camera2d","f":"rollflyBy","a":{"r":45,"d":3}}},
[03:13:42.803] {"t":"Mediator","f":"component","a":"narrative"},
[03:13:42.804] {"t":"timeline","f":"play"},
[03:13:42.804] {"t":"app","f":"onEnter","a":{"name":"shot-anim:scope49"}},
[03:13:45.749] {"t":"narrative","f":"shot","a":{"delta":{"timeline":{"p":{"paused":true,"repeat":0,"tweens":[]},"actors":{"i2d:zoom_plane":[{"dur":3,"p":{"rotation":0,"svgOrigin":"0% 0%","immediateRender":false}}]}}}}},
[03:13:45.770] {"t":"mediator","f":"socket.emit.actions","a":{"t":"camera2d","f":"rollflyBy","a":{"r":45,"d":3}}},
[03:13:45.785] {"t":"Mediator","f":"component","a":"narrative"},
[03:13:45.785] {"t":"app","f":"onEnter","a":{"name":"shot-anim:scope50"}},
[03:13:45.786] {"t":"timeline","f":"play"},
[03:14:02.752] {"t":"narrative","f":"shot","a":{"delta":{"timeline":{"p":{"paused":true,"repeat":0,"tweens":[]},"actors":{"i2d:zoom_plane":[{"dur":3,"p":{"scale":2,"svgOrigin":"0% 0%","immediateRender":false}}]}}}}},
[03:14:02.759] {"t":"mediator","f":"socket.emit.actions","a":{"t":"camera2d","f":"zoomflyTo","a":{"s":2,"d":3}}},
[03:14:02.773] {"t":"Mediator","f":"component","a":"narrative"},
[03:14:02.773] {"t":"app","f":"onEnter","a":{"name":"shot-anim:scope51"}},
[03:14:02.773] {"t":"timeline","f":"play"},
[03:14:13.997] {"t":"Mediator","f":"component","a":"narrative"},
[03:14:14.503] {"t":"app","f":"onEnter","a":{"name":"escher:"}},
[03:14:14.504] {"t":"app","f":"onEnter","a":{"name":"i3d-simple:simple_red"}},
[03:14:14.504] {"t":"camera3d","f":"changeTemplateScene"},
[03:14:14.504] {"t":"app","f":"onEnter","a":{"name":"i2d-scene:mf2d0"}},
[03:14:14.504] {"t":"app","f":"onEnter","a":{"name":"base-skycube:no_anim"}},
[03:14:14.505] {"t":"app","f":"onEnter","a":{"name":"shot-anim:s0"}},
[03:14:14.505] {"t":"timeline","f":"play"},
[03:14:14.505] {"t":"camera3d","f":"addActorToScene","a":"csphere"},
[03:14:14.506] {"t":"camera3d","f":"addActorToScene","a":"cube0"},
[03:14:14.506] {"t":"camera3d","f":"addActorToScene","a":"cube0_0"},
[03:14:14.506] {"t":"camera3d","f":"addActorToScene","a":"cube0_1"},
[03:14:22.754] {"t":"narrative","f":"shot","a":{"delta":{"timeline":{"p":{"paused":true,"repeat":0,"tweens":[]},"actors":{"i2d:zoom_plane":[{"dur":3,"p":{"scale":0.5,"svgOrigin":"0% 0%","immediateRender":false}}]}}}}},
[03:14:22.774] {"t":"mediator","f":"socket.emit.actions","a":{"t":"camera2d","f":"zoomflyTo","a":{"s":0.5,"d":3}}},
[03:14:22.824] {"t":"Mediator","f":"component","a":"narrative"},
[03:14:22.824] {"t":"app","f":"onEnter","a":{"name":"shot-anim:scope53"}},
[03:14:22.825] {"t":"timeline","f":"play"},
[03:14:25.779] {"t":"narrative","f":"shot","a":{"delta":{"timeline":{"p":{"paused":true,"repeat":0,"tweens":[]},"actors":{"i2d:zoom_plane":[{"dur":3,"p":{"scale":2,"svgOrigin":"0% 0%","immediateRender":false}}]}}}}},
[03:14:25.798] {"t":"mediator","f":"socket.emit.actions","a":{"t":"camera2d","f":"zoomflyTo","a":{"s":2,"d":3}}},
[03:14:25.841] {"t":"Mediator","f":"component","a":"narrative"},
[03:14:25.841] {"t":"app","f":"onEnter","a":{"name":"shot-anim:scope54"}},
[03:14:25.842] {"t":"timeline","f":"play"},
[03:14:27.954] {"t":"camera3d","f":"bezier","a":{"d":20,"n":6,"z":true}},
[03:14:27.966] {"t":"Mediator","f":"record","a":{"t":"camera3d","f":"bezier","a":{"d":20,"n":6,"z":true}}},
[03:14:27.967] {"t":"narrative","f":"shot","a":{"delta":{"timeline":{"p":{"paused":true,"repeat":0,"tweens":[]},"actors":{"i3d:csphere:position":[{"dur":20,"p":{"bezier":{"autoRotate":true,"curviness":2,"values":[{"x":0,"y":0,"z":0},{"x":13.53740809019655,"y":26.57918615732342,"z":-2.4065800989046693},{"x":-5.475676374044269,"y":27.17473897151649,"z":-28.392888449598104},{"x":-1.033917039167136,"y":-13.831964135169983,"z":-11.164285542909056},{"x":27.406292140949517,"y":-1.3395637948997319,"z":-5.028352364897728},{"x":0,"y":0,"z":0}],"immediateRender":false}}}]}}}}},
[03:14:28.001] {"t":"Mediator","f":"component","a":"narrative"},
[03:14:28.001] {"t":"app","f":"onEnter","a":{"name":"shot-anim:scope55"}},
[03:14:28.003] {"t":"timeline","f":"play"},
[03:14:42.763] {"t":"narrative","f":"shot","a":{"delta":{"timeline":{"p":{"paused":true,"repeat":0},"actors":{"i2d:plane":[{"dur":3,"p":{"x":0,"y":0,"immediateRender":false}}],"i2d:zoom_plane":[{"dur":3,"p":{"rotation":0,"svgOrigin":"0% 0%","immediateRender":false}}]}}}}},
[03:14:42.793] {"t":"mediator","f":"socket.emit.actions","a":{"t":"camera2d","f":"center","a":{"d":3}}},
[03:14:42.827] {"t":"Mediator","f":"component","a":"narrative"},
[03:14:42.827] {"t":"app","f":"onEnter","a":{"name":"shot-anim:scope56"}},
[03:14:42.828] {"t":"timeline","f":"play"},
[03:14:45.794] {"t":"narrative","f":"shot","a":{"delta":{"timeline":{"p":{"paused":true,"repeat":0},"actors":{"i2d:plane":[{"dur":3,"p":{"x":0,"y":0,"immediateRender":false}}],"i2d:zoom_plane":[{"dur":3,"p":{"rotation":0,"scale":1,"svgOrigin":"0% 0%","immediateRender":false}}]}}}}},
[03:14:45.814] {"t":"mediator","f":"socket.emit.actions","a":{"t":"camera2d","f":"home","a":{"d":3}}},
[03:14:45.871] {"t":"app","f":"onEnter","a":{"name":"shot-anim:scope57"}},
[03:14:45.872] {"t":"timeline","f":"play"},
[03:14:45.870] {"t":"Mediator","f":"component","a":"narrative"},
[03:14:47.852] {"t":"camera2d","f":"bezier"},
[03:14:47.865] {"t":"Mediator","f":"record","a":{"t":"camera2d","f":"bezier","a":{"d":10}}},
[03:14:47.868] {"t":"narrative","f":"shot","a":{"delta":{"timeline":{"p":{"paused":true,"repeat":0,"tweens":[]},"actors":{"i2d:c":[{"dur":10,"p":{"bezier":{"autoRotate":true,"curviness":2,"values":[{"x":0,"y":0},{"x":-22.56345903966576,"y":14.429183753672987},{"x":-4.119412838481367,"y":-18.774070485960692},{"x":2.814017655327916,"y":-9.300472622271627},{"x":16.70709164813161,"y":29.78185842046514},{"x":0,"y":0}],"immediateRender":false}}}]}}}}},
[03:14:47.899] {"t":"Mediator","f":"component","a":"narrative"},
[03:14:47.901] {"t":"app","f":"onEnter","a":{"name":"shot-anim:scope58"}},
[03:14:47.901] {"t":"timeline","f":"play"},
[03:14:52.842] {"t":"camera3d","f":"bezier","a":{"d":20,"n":6,"z":true}},
[03:14:52.847] {"t":"Mediator","f":"record","a":{"t":"camera3d","f":"bezier","a":{"d":20,"n":6,"z":true}}},
[03:14:52.849] {"t":"narrative","f":"shot","a":{"delta":{"timeline":{"p":{"paused":true,"repeat":0,"tweens":[]},"actors":{"i3d:csphere:position":[{"dur":20,"p":{"bezier":{"autoRotate":true,"curviness":2,"values":[{"x":0,"y":0,"z":0},{"x":25.11051843641326,"y":13.95425743656233,"z":-3.7692636088468134},{"x":-17.708872624207288,"y":29.674122368451208,"z":-5.815529995597899},{"x":-8.394770538434386,"y":-10.461821942590177,"z":20.34691125387326},{"x":17.31874007731676,"y":-16.749314619228244,"z":-4.4649145333096385},{"x":0,"y":0,"z":0}],"immediateRender":false}}}]}}}}},
[03:14:52.882] {"t":"app","f":"onEnter","a":{"name":"shot-anim:scope59"}},
[03:14:52.882] {"t":"timeline","f":"play"},
[03:14:52.882] {"t":"Mediator","f":"component","a":"narrative"},
[03:14:57.864] {"t":"narrative","f":"shot","a":{"delta":{"timeline":{"p":{"paused":true,"repeat":0,"tweens":[]},"actors":{"i2d:zoom_plane":[{"dur":3,"p":{"rotation":-90,"svgOrigin":"0% 0%","immediateRender":false}}]}}}}},
[03:14:57.886] {"t":"mediator","f":"socket.emit.actions","a":{"t":"camera2d","f":"rollflyTo","a":{"r":-90,"d":3}}},
[03:14:57.925] {"t":"Mediator","f":"component","a":"narrative"},
[03:14:57.926] {"t":"app","f":"onEnter","a":{"name":"shot-anim:scope60"}},
[03:14:57.926] {"t":"timeline","f":"play"},
[03:15:00.869] {"t":"narrative","f":"shot","a":{"delta":{"timeline":{"p":{"paused":true,"repeat":0,"tweens":[]},"actors":{"i2d:zoom_plane":[{"dur":3,"p":{"rotation":-45,"svgOrigin":"0% 0%","immediateRender":false}}]}}}}},
[03:15:00.889] {"t":"mediator","f":"socket.emit.actions","a":{"t":"camera2d","f":"rollflyBy","a":{"r":45,"d":3}}},
[03:15:00.933] {"t":"Mediator","f":"component","a":"narrative"},
[03:15:00.934] {"t":"timeline","f":"play"},
[03:15:00.934] {"t":"app","f":"onEnter","a":{"name":"shot-anim:scope61"}},
[03:15:12.838] {"t":"narrative","f":"shot","a":{"delta":{"timeline":{"p":{"paused":true,"repeat":0,"tweens":[]},"actors":{"i2d:zoom_plane":[{"dur":3,"p":{"rotation":0,"svgOrigin":"0% 0%","immediateRender":false}}]}}}}},
[03:15:12.858] {"t":"mediator","f":"socket.emit.actions","a":{"t":"camera2d","f":"rollflyBy","a":{"r":45,"d":3}}},
[03:15:12.901] {"t":"Mediator","f":"component","a":"narrative"},
[03:15:12.901] {"t":"app","f":"onEnter","a":{"name":"shot-anim:scope62"}},
[03:15:12.902] {"t":"timeline","f":"play"},
[03:15:22.763] {"t":"narrative","f":"shot","a":{"delta":{"timeline":{"p":{"paused":true,"repeat":0,"tweens":[]},"actors":{"i2d:zoom_plane":[{"dur":3,"p":{"scale":2,"svgOrigin":"0% 0%","immediateRender":false}}]}}}}},
[03:15:22.774] {"t":"mediator","f":"socket.emit.actions","a":{"t":"camera2d","f":"zoomflyTo","a":{"s":2,"d":3}}},
[03:15:22.814] {"t":"Mediator","f":"component","a":"narrative"},
[03:15:22.814] {"t":"app","f":"onEnter","a":{"name":"shot-anim:scope63"}},
[03:15:22.814] {"t":"timeline","f":"play"},
[03:15:32.244] {"t":"camera3d","f":"bezier","a":{"d":20,"n":6,"z":true}},
[03:15:32.256] {"t":"Mediator","f":"record","a":{"t":"camera3d","f":"bezier","a":{"d":20,"n":6,"z":true}}},
[03:15:32.256] {"t":"narrative","f":"shot","a":{"delta":{"timeline":{"p":{"paused":true,"repeat":0,"tweens":[]},"actors":{"i3d:csphere:position":[{"dur":20,"p":{"bezier":{"autoRotate":true,"curviness":2,"values":[{"x":0,"y":0,"z":0},{"x":-9.008927720133215,"y":-11.836190088652074},{"x":-14.431564472615719,"y":12.4355363775976},{"x":19.72739933989942,"y":7.098851138725877},{"x":12.126580746844411,"y":-26.6119616269134},{"x":0,"y":0,"z":0}],"immediateRender":false}}}]}}}}},
[03:15:32.271] {"t":"Mediator","f":"component","a":"narrative"},
[03:15:32.271] {"t":"app","f":"onEnter","a":{"name":"shot-anim:scope64"}},
[03:15:32.271] {"t":"timeline","f":"play"},
[03:15:45.035] {"t":"camera3d","f":"bezier","a":{"d":20,"n":6,"z":true}},
[03:15:45.044] {"t":"Mediator","f":"record","a":{"t":"camera3d","f":"bezier","a":{"d":20,"n":6,"z":true}}},
[03:15:45.045] {"t":"narrative","f":"shot","a":{"delta":{"timeline":{"p":{"paused":true,"repeat":0,"tweens":[]},"actors":{"i3d:csphere:position":[{"dur":20,"p":{"bezier":{"autoRotate":true,"curviness":2,"values":[{"x":0,"y":0,"z":0},{"x":24.310662348289043,"y":23.310014710295945,"z":-9.258896328974515},{"x":-12.0925720827654,"y":20.314395187888294,"z":-9.93919906206429},{"x":-27.964669049251825,"y":-22.367538025137037,"z":-7.6272680796682835},{"x":29.184557455591857,"y":-28.453689271118492,"z":-3.4188556275330484},{"x":0,"y":0,"z":0}],"immediateRender":false}}}]}}}}},
[03:15:45.071] {"t":"Mediator","f":"component","a":"narrative"},
[03:15:45.072] {"t":"app","f":"onEnter","a":{"name":"shot-anim:scope65"}},
[03:15:45.072] {"t":"timeline","f":"play"},
[03:15:45.105] {"t":"narrative","f":"shot","a":{"delta":{"timeline":{"p":{"paused":true,"repeat":0,"tweens":[]},"actors":{"i2d:zoom_plane":[{"dur":3,"p":{"scale":0.5,"svgOrigin":"0% 0%","immediateRender":false}}]}}}}},
[03:15:45.106] {"t":"mediator","f":"socket.emit.actions","a":{"t":"camera2d","f":"zoomflyTo","a":{"s":0.5,"d":3}}},
[03:15:45.138] {"t":"Mediator","f":"component","a":"narrative"},
[03:15:45.139] {"t":"app","f":"onEnter","a":{"name":"shot-anim:scope66"}},
[03:15:45.139] {"t":"timeline","f":"play"},
[03:15:47.301] {"t":"camera3d","f":"bezier","a":{"d":20,"n":6,"z":true}},
[03:15:47.308] {"t":"Mediator","f":"record","a":{"t":"camera3d","f":"bezier","a":{"d":20,"n":6,"z":true}}},
[03:15:47.309] {"t":"narrative","f":"shot","a":{"delta":{"timeline":{"p":{"paused":true,"repeat":0,"tweens":[]},"actors":{"i3d:csphere:position":[{"dur":20,"p":{"bezier":{"autoRotate":true,"curviness":2,"values":[{"x":0,"y":0,"z":0},{"x":20.301652990747243,"y":11.748027477879077,"z":-6.9238837831653655},{"x":-14.617239979561418,"y":25.070063893217593,"z":-34.88011861220002},{"x":-4.05230320058763,"y":-16.693528324831277,"z":-10.94922334421426},{"x":20.733678282704204,"y":-29.4171859533526,"z":-4.937643792945892},{"x":0,"y":0,"z":0}],"immediateRender":false}}}]}}}}},
[03:15:47.351] {"t":"app","f":"onEnter","a":{"name":"shot-anim:scope67"}},
[03:15:47.351] {"t":"timeline","f":"play"},
[03:15:47.350] {"t":"Mediator","f":"component","a":"narrative"},
[03:15:47.395] {"t":"narrative","f":"shot","a":{"delta":{"timeline":{"p":{"paused":true,"repeat":0,"tweens":[]},"actors":{"i2d:zoom_plane":[{"dur":3,"p":{"scale":2,"svgOrigin":"0% 0%","immediateRender":false}}]}}}}},
[03:15:47.395] {"t":"mediator","f":"socket.emit.actions","a":{"t":"camera2d","f":"zoomflyTo","a":{"s":2,"d":3}}},
[03:15:47.425] {"t":"Mediator","f":"component","a":"narrative"},
[03:15:47.425] {"t":"app","f":"onEnter","a":{"name":"shot-anim:scope68"}},
[03:15:47.425] {"t":"timeline","f":"play"},
[03:16:02.764] {"t":"narrative","f":"shot","a":{"delta":{"timeline":{"p":{"paused":true,"repeat":0},"actors":{"i2d:plane":[{"dur":3,"p":{"x":0,"y":0,"immediateRender":false}}],"i2d:zoom_plane":[{"dur":3,"p":{"rotation":0,"svgOrigin":"0% 0%","immediateRender":false}}]}}}}},
[03:16:02.792] {"t":"mediator","f":"socket.emit.actions","a":{"t":"camera2d","f":"center","a":{"d":3}}},
[03:16:02.836] {"t":"Mediator","f":"component","a":"narrative"},
[03:16:02.836] {"t":"app","f":"onEnter","a":{"name":"shot-anim:scope69"}},
[03:16:02.836] {"t":"timeline","f":"play"},
[03:16:08.197] {"t":"camera3d","f":"bezier","a":{"d":20,"n":6,"z":false}},
[03:16:08.212] {"t":"Mediator","f":"record","a":{"t":"camera3d","f":"bezier","a":{"d":20,"n":6,"z":false}}},
[03:16:08.213] {"t":"narrative","f":"shot","a":{"delta":{"timeline":{"p":{"paused":true,"repeat":0,"tweens":[]},"actors":{"i3d:csphere:position":[{"dur":20,"p":{"bezier":{"autoRotate":true,"curviness":2,"values":[{"x":0,"y":0},{"x":12.99623106373474,"y":22.02172422548756},{"x":-3.6899062944576144,"y":19.099584377836436},{"x":-20.919450419023633,"y":-20.99166512489319},{"x":27.288351394236088,"y":-12.165275160223246},{"x":0,"y":0}],"immediateRender":false}}}]}}}}},
[03:16:08.230] {"t":"Mediator","f":"component","a":"narrative"},
[03:16:08.230] {"t":"timeline","f":"play"},
[03:16:08.230] {"t":"app","f":"onEnter","a":{"name":"shot-anim:scope70"}},
[03:16:28.196] {"t":"narrative","f":"shot","a":{"delta":{"timeline":{"p":{"paused":true,"repeat":0},"actors":{"i2d:plane":[{"dur":3,"p":{"x":0,"y":0,"immediateRender":false}}],"i2d:zoom_plane":[{"dur":3,"p":{"rotation":0,"scale":1,"svgOrigin":"0% 0%","immediateRender":false}}]}}}}},
[03:16:28.213] {"t":"mediator","f":"socket.emit.actions","a":{"t":"camera2d","f":"home","a":{"d":3}}},
[03:16:28.246] {"t":"Mediator","f":"component","a":"narrative"},
[03:16:28.247] {"t":"app","f":"onEnter","a":{"name":"shot-anim:scope71"}},
[03:16:28.247] {"t":"timeline","f":"play"},
[03:16:31.201] {"t":"narrative","f":"shot","a":{"delta":{"timeline":{"p":{"paused":true,"repeat":0,"tweens":[]},"actors":{"i2d:zoom_plane":[{"dur":3,"p":{"rotation":-90,"svgOrigin":"0% 0%","immediateRender":false}}]}}}}},
[03:16:31.222] {"t":"mediator","f":"socket.emit.actions","a":{"t":"camera2d","f":"rollflyTo","a":{"r":-90,"d":3}}},
[03:16:31.257] {"t":"Mediator","f":"component","a":"narrative"},
[03:16:31.258] {"t":"timeline","f":"play"},
[03:16:31.257] {"t":"app","f":"onEnter","a":{"name":"shot-anim:scope72"}},
[03:16:34.215] {"t":"narrative","f":"shot","a":{"delta":{"timeline":{"p":{"paused":true,"repeat":0,"tweens":[]},"actors":{"i2d:zoom_plane":[{"dur":3,"p":{"rotation":-45,"svgOrigin":"0% 0%","immediateRender":false}}]}}}}},
[03:16:34.233] {"t":"mediator","f":"socket.emit.actions","a":{"t":"camera2d","f":"rollflyBy","a":{"r":45,"d":3}}},
[03:16:34.276] {"t":"Mediator","f":"component","a":"narrative"},
[03:16:34.277] {"t":"app","f":"onEnter","a":{"name":"shot-anim:scope73"}},
[03:16:34.277] {"t":"timeline","f":"play"},
[03:16:37.217] {"t":"narrative","f":"shot","a":{"delta":{"timeline":{"p":{"paused":true,"repeat":0,"tweens":[]},"actors":{"i2d:zoom_plane":[{"dur":3,"p":{"rotation":0,"svgOrigin":"0% 0%","immediateRender":false}}]}}}}},
[03:16:37.238] {"t":"mediator","f":"socket.emit.actions","a":{"t":"camera2d","f":"rollflyBy","a":{"r":45,"d":3}}},
[03:16:37.279] {"t":"Mediator","f":"component","a":"narrative"},
[03:16:37.280] {"t":"app","f":"onEnter","a":{"name":"shot-anim:scope74"}},
[03:16:37.280] {"t":"timeline","f":"play"},
[03:17:02.767] {"t":"narrative","f":"shot","a":{"delta":{"timeline":{"p":{"paused":true,"repeat":0,"tweens":[]},"actors":{"i2d:zoom_plane":[{"dur":3,"p":{"scale":2,"svgOrigin":"0% 0%","immediateRender":false}}]}}}}},
[03:17:02.791] {"t":"mediator","f":"socket.emit.actions","a":{"t":"camera2d","f":"zoomflyTo","a":{"s":2,"d":3}}},
[03:17:02.818] {"t":"Mediator","f":"component","a":"narrative"},
[03:17:02.819] {"t":"app","f":"onEnter","a":{"name":"shot-anim:scope75"}},
[03:17:02.819] {"t":"timeline","f":"play"},
[03:17:05.797] {"t":"narrative","f":"shot","a":{"delta":{"timeline":{"p":{"paused":true,"repeat":0,"tweens":[]},"actors":{"i2d:zoom_plane":[{"dur":3,"p":{"scale":0.5,"svgOrigin":"0% 0%","immediateRender":false}}]}}}}},
[03:17:05.826] {"t":"mediator","f":"socket.emit.actions","a":{"t":"camera2d","f":"zoomflyTo","a":{"s":0.5,"d":3}}},
[03:17:05.888] {"t":"timeline","f":"play"},
[03:17:05.888] {"t":"Mediator","f":"component","a":"narrative"},
[03:17:05.888] {"t":"app","f":"onEnter","a":{"name":"shot-anim:scope76"}},
[03:17:22.772] {"t":"narrative","f":"shot","a":{"delta":{"timeline":{"p":{"paused":true,"repeat":0,"tweens":[]},"actors":{"i2d:zoom_plane":[{"dur":3,"p":{"scale":2,"svgOrigin":"0% 0%","immediateRender":false}}]}}}}},
[03:17:22.793] {"t":"mediator","f":"socket.emit.actions","a":{"t":"camera2d","f":"zoomflyTo","a":{"s":2,"d":3}}},
[03:17:22.826] {"t":"Mediator","f":"component","a":"narrative"},
[03:17:22.826] {"t":"app","f":"onEnter","a":{"name":"shot-anim:scope77"}},
[03:17:22.826] {"t":"timeline","f":"play"},
[03:17:25.791] {"t":"narrative","f":"shot","a":{"delta":{"timeline":{"p":{"paused":true,"repeat":0},"actors":{"i2d:plane":[{"dur":3,"p":{"x":0,"y":0,"immediateRender":false}}],"i2d:zoom_plane":[{"dur":3,"p":{"rotation":0,"svgOrigin":"0% 0%","immediateRender":false}}]}}}}},
[03:17:25.816] {"t":"mediator","f":"socket.emit.actions","a":{"t":"camera2d","f":"center","a":{"d":3}}},
[03:17:25.861] {"t":"app","f":"onEnter","a":{"name":"shot-anim:scope78"}},
[03:17:25.861] {"t":"timeline","f":"play"},
[03:17:25.861] {"t":"Mediator","f":"component","a":"narrative"},
[03:17:31.015] {"t":"camera3d","f":"pan (look) right","a":39},
[03:17:31.025] {"t":"Mediator","f":"record","a":{"t":"camera3d","f":"panflyBy","a":{"r":-0.19635,"d":3}}},
[03:17:31.026] {"t":"narrative","f":"shot","a":{"delta":{"timeline":{"p":{"paused":true,"repeat":0},"actors":{"i3d:camera:rotation":[{"dur":3,"p":{"y":-0.19635,"immediateRender":false}}]}}}}},
[03:17:31.065] {"t":"Mediator","f":"component","a":"narrative"},
[03:17:31.065] {"t":"app","f":"onEnter","a":{"name":"shot-anim:scope79"}},
[03:17:31.065] {"t":"timeline","f":"play"},
[03:17:34.129] {"t":"camera3d","f":"tilt (look) up","a":38},
[03:17:34.136] {"t":"Mediator","f":"record","a":{"t":"camera3d","f":"tiltflyBy","a":{"r":0.19635,"d":3}}},
[03:17:34.137] {"t":"narrative","f":"shot","a":{"delta":{"timeline":{"p":{"paused":true,"repeat":0},"actors":{"i3d:camera:rotation":[{"dur":3,"p":{"x":0.19635,"immediateRender":false}}]}}}}},
[03:17:34.155] {"t":"Mediator","f":"component","a":"narrative"},
[03:17:34.158] {"t":"app","f":"onEnter","a":{"name":"shot-anim:scope80"}},
[03:17:34.158] {"t":"timeline","f":"play"},
[03:17:40.203] {"t":"camera3d","f":"pan (look) left","a":37},
[03:17:40.210] {"t":"Mediator","f":"record","a":{"t":"camera3d","f":"panflyBy","a":{"r":0.19635,"d":3}}},
[03:17:40.211] {"t":"narrative","f":"shot","a":{"delta":{"timeline":{"p":{"paused":true,"repeat":0},"actors":{"i3d:camera:rotation":[{"dur":3,"p":{"y":0,"immediateRender":false}}]}}}}},
[03:17:40.226] {"t":"Mediator","f":"component","a":"narrative"},
[03:17:40.227] {"t":"app","f":"onEnter","a":{"name":"shot-anim:scope81"}},
[03:17:40.227] {"t":"timeline","f":"play"},
[03:17:43.212] {"t":"narrative","f":"shot","a":{"delta":{"timeline":{"p":{"paused":true,"repeat":0},"actors":{"i2d:plane":[{"dur":3,"p":{"x":0,"y":0,"immediateRender":false}}],"i2d:zoom_plane":[{"dur":3,"p":{"rotation":0,"scale":1,"svgOrigin":"0% 0%","immediateRender":false}}]}}}}},
[03:17:43.226] {"t":"mediator","f":"socket.emit.actions","a":{"t":"camera2d","f":"home","a":{"d":3}}},
[03:17:43.272] {"t":"Mediator","f":"component","a":"narrative"},
[03:17:43.272] {"t":"app","f":"onEnter","a":{"name":"shot-anim:scope82"}},
[03:17:43.272] {"t":"timeline","f":"play"},
[03:17:43.561] {"t":"camera3d","f":"pan (look) right","a":39},
[03:17:43.573] {"t":"Mediator","f":"record","a":{"t":"camera3d","f":"panflyBy","a":{"r":-0.19635,"d":3}}},
[03:17:43.573] {"t":"narrative","f":"shot","a":{"delta":{"timeline":{"p":{"paused":true,"repeat":0},"actors":{"i3d:camera:rotation":[{"dur":3,"p":{"y":-0.19635,"immediateRender":false}}]}}}}},
[03:17:43.613] {"t":"Mediator","f":"component","a":"narrative"},
[03:17:43.613] {"t":"app","f":"onEnter","a":{"name":"shot-anim:scope83"}},
[03:17:43.614] {"t":"timeline","f":"play"},
[03:17:46.180] {"t":"camera3d","f":"pan (look) right","a":39},
[03:17:46.186] {"t":"Mediator","f":"record","a":{"t":"camera3d","f":"panflyBy","a":{"r":-0.19635,"d":3}}},
[03:17:46.187] {"t":"narrative","f":"shot","a":{"delta":{"timeline":{"p":{"paused":true,"repeat":0},"actors":{"i3d:camera:rotation":[{"dur":3,"p":{"y":-0.3927,"immediateRender":false}}]}}}}},
[03:17:46.235] {"t":"Mediator","f":"component","a":"narrative"},
[03:17:46.235] {"t":"app","f":"onEnter","a":{"name":"shot-anim:scope84"}},
[03:17:46.235] {"t":"timeline","f":"play"},
[03:17:46.235] {"t":"narrative","f":"shot","a":{"delta":{"timeline":{"p":{"paused":true,"repeat":0,"tweens":[]},"actors":{"i2d:zoom_plane":[{"dur":3,"p":{"rotation":-90,"svgOrigin":"0% 0%","immediateRender":false}}]}}}}},
[03:17:46.236] {"t":"mediator","f":"socket.emit.actions","a":{"t":"camera2d","f":"rollflyTo","a":{"r":-90,"d":3}}},
[03:17:46.279] {"t":"Mediator","f":"component","a":"narrative"},
[03:17:46.279] {"t":"app","f":"onEnter","a":{"name":"shot-anim:scope85"}},
[03:17:46.279] {"t":"timeline","f":"play"},
[03:18:02.776] {"t":"narrative","f":"shot","a":{"delta":{"timeline":{"p":{"paused":true,"repeat":0,"tweens":[]},"actors":{"i2d:zoom_plane":[{"dur":3,"p":{"rotation":-45,"svgOrigin":"0% 0%","immediateRender":false}}]}}}}},
[03:18:02.783] {"t":"mediator","f":"socket.emit.actions","a":{"t":"camera2d","f":"rollflyBy","a":{"r":45,"d":3}}},
[03:18:02.823] {"t":"Mediator","f":"component","a":"narrative"},
[03:18:02.823] {"t":"app","f":"onEnter","a":{"name":"shot-anim:scope86"}},
[03:18:02.823] {"t":"timeline","f":"play"},
[03:18:05.775] {"t":"narrative","f":"shot","a":{"delta":{"timeline":{"p":{"paused":true,"repeat":0,"tweens":[]},"actors":{"i2d:zoom_plane":[{"dur":3,"p":{"rotation":0,"svgOrigin":"0% 0%","immediateRender":false}}]}}}}},
[03:18:05.795] {"t":"mediator","f":"socket.emit.actions","a":{"t":"camera2d","f":"rollflyBy","a":{"r":45,"d":3}}},
[03:18:05.840] {"t":"Mediator","f":"component","a":"narrative"},
[03:18:05.841] {"t":"app","f":"onEnter","a":{"name":"shot-anim:scope87"}},
[03:18:05.841] {"t":"timeline","f":"play"},
[03:18:22.777] {"t":"narrative","f":"shot","a":{"delta":{"timeline":{"p":{"paused":true,"repeat":0,"tweens":[]},"actors":{"i2d:zoom_plane":[{"dur":3,"p":{"scale":2,"svgOrigin":"0% 0%","immediateRender":false}}]}}}}},
[03:18:22.792] {"t":"mediator","f":"socket.emit.actions","a":{"t":"camera2d","f":"zoomflyTo","a":{"s":2,"d":3}}},
[03:18:22.825] {"t":"Mediator","f":"component","a":"narrative"},
[03:18:22.826] {"t":"app","f":"onEnter","a":{"name":"shot-anim:scope88"}},
[03:18:22.826] {"t":"timeline","f":"play"},
[03:18:42.776] {"t":"narrative","f":"shot","a":{"delta":{"timeline":{"p":{"paused":true,"repeat":0,"tweens":[]},"actors":{"i2d:zoom_plane":[{"dur":3,"p":{"scale":0.5,"svgOrigin":"0% 0%","immediateRender":false}}]}}}}},
[03:18:42.787] {"t":"mediator","f":"socket.emit.actions","a":{"t":"camera2d","f":"zoomflyTo","a":{"s":0.5,"d":3}}},
[03:18:42.801] {"t":"Mediator","f":"component","a":"narrative"},
[03:18:42.801] {"t":"app","f":"onEnter","a":{"name":"shot-anim:scope89"}},
[03:18:42.801] {"t":"timeline","f":"play"},
[03:18:45.776] {"t":"narrative","f":"shot","a":{"delta":{"timeline":{"p":{"paused":true,"repeat":0,"tweens":[]},"actors":{"i2d:zoom_plane":[{"dur":3,"p":{"scale":2,"svgOrigin":"0% 0%","immediateRender":false}}]}}}}},
[03:18:45.793] {"t":"mediator","f":"socket.emit.actions","a":{"t":"camera2d","f":"zoomflyTo","a":{"s":2,"d":3}}},
[03:18:45.829] {"t":"Mediator","f":"component","a":"narrative"},
[03:18:45.829] {"t":"app","f":"onEnter","a":{"name":"shot-anim:scope90"}},
[03:18:45.830] {"t":"timeline","f":"play"},
[03:18:53.686] {"t":"camera3d","f":"pan (look) right","a":39},
[03:18:53.696] {"t":"Mediator","f":"record","a":{"t":"camera3d","f":"panflyBy","a":{"r":-0.19635,"d":3}}},
[03:18:53.697] {"t":"narrative","f":"shot","a":{"delta":{"timeline":{"p":{"paused":true,"repeat":0},"actors":{"i3d:camera:rotation":[{"dur":3,"p":{"y":-0.58905,"immediateRender":false}}]}}}}},
[03:18:53.722] {"t":"app","f":"onEnter","a":{"name":"shot-anim:scope91"}},
[03:18:53.722] {"t":"Mediator","f":"component","a":"narrative"},
[03:18:53.722] {"t":"timeline","f":"play"},
[03:18:56.692] {"t":"narrative","f":"shot","a":{"delta":{"timeline":{"p":{"paused":true,"repeat":0},"actors":{"i2d:plane":[{"dur":3,"p":{"x":0,"y":0,"immediateRender":false}}],"i2d:zoom_plane":[{"dur":3,"p":{"rotation":0,"svgOrigin":"0% 0%","immediateRender":false}}]}}}}},
[03:18:56.710] {"t":"mediator","f":"socket.emit.actions","a":{"t":"camera2d","f":"center","a":{"d":3}}},
[03:18:56.732] {"t":"Mediator","f":"component","a":"narrative"},
[03:18:56.732] {"t":"app","f":"onEnter","a":{"name":"shot-anim:scope92"}},
[03:18:56.732] {"t":"timeline","f":"play"},
[03:18:58.748] {"t":"camera3d","f":"yaw ccw","a":71},
[03:18:58.765] {"t":"Mediator","f":"record","a":{"t":"camera3d","f":"yawflyBy","a":{"r":-0.3927,"d":3}}},
[03:18:58.766] {"t":"narrative","f":"shot","a":{"delta":{"timeline":{"p":{"paused":true,"repeat":0},"actors":{"i3d:csphere:rotation":[{"dur":3,"p":{"y":-0.3927,"immediateRender":false}}]}}}}},
[03:18:58.795] {"t":"app","f":"onEnter","a":{"name":"shot-anim:scope93"}},
[03:18:58.795] {"t":"Mediator","f":"component","a":"narrative"},
[03:18:58.795] {"t":"timeline","f":"play"},
[03:19:05.592] {"t":"camera3d","f":"yaw cw","a":72},
[03:19:05.604] {"t":"Mediator","f":"record","a":{"t":"camera3d","f":"yawflyTo","a":{"r":1.57,"d":3}}},
[03:19:05.604] {"t":"narrative","f":"shot","a":{"delta":{"timeline":{"p":{"paused":true,"repeat":0},"actors":{"i3d:csphere:rotation":[{"dur":3,"p":{"y":1.57,"immediateRender":false}}]}}}}},
[03:19:05.628] {"t":"Mediator","f":"component","a":"narrative"},
[03:19:05.629] {"t":"app","f":"onEnter","a":{"name":"shot-anim:scope94"}},
[03:19:05.629] {"t":"timeline","f":"play"},
[03:19:08.595] {"t":"narrative","f":"shot","a":{"delta":{"timeline":{"p":{"paused":true,"repeat":0},"actors":{"i2d:plane":[{"dur":3,"p":{"x":0,"y":0,"immediateRender":false}}],"i2d:zoom_plane":[{"dur":3,"p":{"rotation":0,"scale":1,"svgOrigin":"0% 0%","immediateRender":false}}]}}}}},
[03:19:08.614] {"t":"mediator","f":"socket.emit.actions","a":{"t":"camera2d","f":"home","a":{"d":3}}},
[03:19:08.652] {"t":"Mediator","f":"component","a":"narrative"},
[03:19:08.653] {"t":"app","f":"onEnter","a":{"name":"shot-anim:scope95"}},
[03:19:08.653] {"t":"timeline","f":"play"},
[03:19:12.534] {"t":"camera3d","f":"yaw ccw","a":71},
[03:19:12.545] {"t":"Mediator","f":"record","a":{"t":"camera3d","f":"yawflyTo","a":{"r":-1.57,"d":3}}},
[03:19:12.546] {"t":"narrative","f":"shot","a":{"delta":{"timeline":{"p":{"paused":true,"repeat":0},"actors":{"i3d:csphere:rotation":[{"dur":3,"p":{"y":-1.57,"immediateRender":false}}]}}}}},
[03:19:12.558] {"t":"Mediator","f":"component","a":"narrative"},
[03:19:12.559] {"t":"app","f":"onEnter","a":{"name":"shot-anim:scope96"}},
[03:19:12.559] {"t":"timeline","f":"play"},
[03:19:15.541] {"t":"narrative","f":"shot","a":{"delta":{"timeline":{"p":{"paused":true,"repeat":0,"tweens":[]},"actors":{"i2d:zoom_plane":[{"dur":3,"p":{"rotation":-90,"svgOrigin":"0% 0%","immediateRender":false}}]}}}}},
[03:19:15.560] {"t":"mediator","f":"socket.emit.actions","a":{"t":"camera2d","f":"rollflyTo","a":{"r":-90,"d":3}}},
[03:19:15.597] {"t":"Mediator","f":"component","a":"narrative"},
[03:19:15.598] {"t":"app","f":"onEnter","a":{"name":"shot-anim:scope97"}},
[03:19:15.598] {"t":"timeline","f":"play"},
[03:19:37.894] {"t":"camera3d","f":"bezier","a":{"d":20,"n":6,"z":true}},
[03:19:37.903] {"t":"Mediator","f":"record","a":{"t":"camera3d","f":"bezier","a":{"d":20,"n":6,"z":true}}},
[03:19:37.923] {"t":"Mediator","f":"component","a":"narrative"},
[03:19:37.904] {"t":"narrative","f":"shot","a":{"delta":{"timeline":{"p":{"paused":true,"repeat":0,"tweens":[]},"actors":{"i3d:csphere:position":[{"dur":20,"p":{"bezier":{"autoRotate":true,"curviness":2,"values":[{"x":0,"y":0,"z":0},{"x":-28.057181113399565,"y":-7.753747240640223},{"x":-5.146582068409771,"y":27.744553133379668},{"x":8.271184600889683,"y":1.4917361503466964},{"x":12.110586063936353,"y":-6.197644304484129},{"x":0,"y":0,"z":0}],"immediateRender":false}}}]}}}}},
[03:19:37.923] {"t":"timeline","f":"play"},
[03:19:37.923] {"t":"app","f":"onEnter","a":{"name":"shot-anim:scope98"}},
[03:19:53.256] {"t":"camera3d","f":"bezier","a":{"d":20,"n":6,"z":false}},
[03:19:53.275] {"t":"narrative","f":"shot","a":{"delta":{"timeline":{"p":{"paused":true,"repeat":0,"tweens":[]},"actors":{"i3d:csphere:position":[{"dur":20,"p":{"bezier":{"autoRotate":true,"curviness":2,"values":[{"x":0,"y":0},{"x":6.075758950319141,"y":15.381368435919285},{"x":-6.819378698710352,"y":16.308315633796155},{"x":-10.319101922214031,"y":-24.410410698037595},{"x":19.606780190952122,"y":-21.47478735772893},{"x":0,"y":0}],"immediateRender":false}}}]}}}}},
[03:19:53.274] {"t":"Mediator","f":"record","a":{"t":"camera3d","f":"bezier","a":{"d":20,"n":6,"z":false}}},
[03:19:53.302] {"t":"Mediator","f":"component","a":"narrative"},
[03:19:53.303] {"t":"app","f":"onEnter","a":{"name":"shot-anim:scope99"}},
[03:19:53.303] {"t":"timeline","f":"play"},
[03:19:54.977] {"t":"camera3d","f":"bezier","a":{"d":20,"n":6,"z":true}},
[03:19:54.989] {"t":"Mediator","f":"record","a":{"t":"camera3d","f":"bezier","a":{"d":20,"n":6,"z":true}}},
[03:19:54.990] {"t":"narrative","f":"shot","a":{"delta":{"timeline":{"p":{"paused":true,"repeat":0,"tweens":[]},"actors":{"i3d:csphere:position":[{"dur":20,"p":{"bezier":{"autoRotate":true,"curviness":2,"values":[{"x":0,"y":0,"z":0},{"x":-9.424711859319359,"y":-6.092625288292766},{"x":-18.145113377831876,"y":3.077067935373634},{"x":6.624384394381195,"y":6.941080838441849},{"x":19.324706154875457,"y":-2.525682058185339},{"x":0,"y":0,"z":0}],"immediateRender":false}}}]}}}}},
[03:19:55.021] {"t":"Mediator","f":"component","a":"narrative"},
[03:19:55.021] {"t":"timeline","f":"play"},
[03:19:55.021] {"t":"app","f":"onEnter","a":{"name":"shot-anim:scope100"}},
[03:19:55.040] {"t":"narrative","f":"shot","a":{"delta":{"timeline":{"p":{"paused":true,"repeat":0,"tweens":[]},"actors":{"i2d:zoom_plane":[{"dur":3,"p":{"rotation":-45,"svgOrigin":"0% 0%","immediateRender":false}}]}}}}},
[03:19:55.078] {"t":"mediator","f":"socket.emit.actions","a":{"t":"camera2d","f":"rollflyBy","a":{"r":45,"d":3}}},
[03:19:55.079] {"t":"narrative","f":"shot","a":{"delta":{"timeline":{"p":{"paused":true,"repeat":0,"tweens":[]},"actors":{"i2d:zoom_plane":[{"dur":3,"p":{"rotation":0,"svgOrigin":"0% 0%","immediateRender":false}}]}}}}},
[03:19:55.079] {"t":"mediator","f":"socket.emit.actions","a":{"t":"camera2d","f":"rollflyBy","a":{"r":45,"d":3}}},
[03:19:55.114] {"t":"Mediator","f":"component","a":"narrative"},
[03:19:55.114] {"t":"app","f":"onEnter","a":{"name":"shot-anim:scope102"}},
[03:19:55.114] {"t":"timeline","f":"play"},
[03:19:56.850] {"t":"camera3d","f":"bezier","a":{"d":20,"n":6,"z":true}},
[03:19:56.861] {"t":"Mediator","f":"record","a":{"t":"camera3d","f":"bezier","a":{"d":20,"n":6,"z":true}}},
[03:19:56.861] {"t":"narrative","f":"shot","a":{"delta":{"timeline":{"p":{"paused":true,"repeat":0,"tweens":[]},"actors":{"i3d:csphere:position":[{"dur":20,"p":{"bezier":{"autoRotate":true,"curviness":2,"values":[{"x":0,"y":0,"z":0},{"x":25.87147634709254,"y":0.06009986624121666,"z":-5.118634710088372},{"x":-8.323528161272407,"y":13.025211731437594,"z":-30.62719145556912},{"x":-6.781387736555189,"y":-20.621526099275798,"z":-9.538683847058564},{"x":14.587933758739382,"y":-9.288626066409051,"z":-2.7628419804386795},{"x":0,"y":0,"z":0}],"immediateRender":false}}}]}}}}},
[03:19:56.897] {"t":"app","f":"onEnter","a":{"name":"shot-anim:scope103"}},
[03:19:56.897] {"t":"Mediator","f":"component","a":"narrative"},
[03:19:56.898] {"t":"timeline","f":"play"},
[03:19:56.918] {"t":"narrative","f":"shot","a":{"delta":{"timeline":{"p":{"paused":true,"repeat":0,"tweens":[]},"actors":{"i2d:zoom_plane":[{"dur":3,"p":{"scale":2,"svgOrigin":"0% 0%","immediateRender":false}}]}}}}},
[03:19:56.943] {"t":"mediator","f":"socket.emit.actions","a":{"t":"camera2d","f":"zoomflyTo","a":{"s":2,"d":3}}},
[03:19:56.982] {"t":"Mediator","f":"component","a":"narrative"},
[03:19:56.983] {"t":"app","f":"onEnter","a":{"name":"shot-anim:scope104"}},
[03:19:56.983] {"t":"timeline","f":"play"},
[03:20:02.785] {"t":"narrative","f":"shot","a":{"delta":{"timeline":{"p":{"paused":true,"repeat":0,"tweens":[]},"actors":{"i2d:zoom_plane":[{"dur":3,"p":{"scale":0.5,"svgOrigin":"0% 0%","immediateRender":false}}]}}}}},
[03:20:02.803] {"t":"mediator","f":"socket.emit.actions","a":{"t":"camera2d","f":"zoomflyTo","a":{"s":0.5,"d":3}}},
[03:20:02.843] {"t":"Mediator","f":"component","a":"narrative"},
[03:20:02.844] {"t":"app","f":"onEnter","a":{"name":"shot-anim:scope105"}},
[03:20:02.844] {"t":"timeline","f":"play"},
[03:20:03.057] {"t":"camera2d","f":"zoom-in","a":90},
[03:20:03.068] {"t":"Mediator","f":"record","a":{"t":"camera2d","f":"zoomcutBy","a":{"s":1.1111}}},
[03:20:03.068] {"t":"narrative","f":"shot","a":{"delta":{"timeline":{"p":{"paused":true,"repeat":0,"tweens":[]},"actors":{"i2d:zoom_plane":[{"dur":0,"p":{"scale":0.55555,"svgOrigin":"0% 0%","immediateRender":false}}]}}}}},
[03:20:03.106] {"t":"app","f":"onEnter","a":{"name":"shot-anim:scope106"}},
[03:20:03.106] {"t":"Mediator","f":"component","a":"narrative"},
[03:20:03.106] {"t":"timeline","f":"play"},
[03:20:16.860] {"t":"narrative","f":"shot","a":{"delta":{"timeline":{"p":{"paused":true,"repeat":0,"tweens":[]},"actors":{"i2d:zoom_plane":[{"dur":3,"p":{"scale":2,"svgOrigin":"0% 0%","immediateRender":false}}]}}}}},
[03:20:16.880] {"t":"mediator","f":"socket.emit.actions","a":{"t":"camera2d","f":"zoomflyTo","a":{"s":2,"d":3}}},
[03:20:16.917] {"t":"Mediator","f":"component","a":"narrative"},
[03:20:16.917] {"t":"app","f":"onEnter","a":{"name":"shot-anim:scope107"}},
[03:20:16.918] {"t":"timeline","f":"play"},
[03:20:19.503] {"t":"camera3d","f":"bezier","a":{"d":20,"n":6,"z":false}},
[03:20:19.511] {"t":"Mediator","f":"record","a":{"t":"camera3d","f":"bezier","a":{"d":20,"n":6,"z":false}}},
[03:20:19.511] {"t":"narrative","f":"shot","a":{"delta":{"timeline":{"p":{"paused":true,"repeat":0,"tweens":[]},"actors":{"i3d:csphere:position":[{"dur":20,"p":{"bezier":{"autoRotate":true,"curviness":2,"values":[{"x":0,"y":0},{"x":-26.803505807183683,"y":-29.612874551676214},{"x":-14.9308428238146,"y":13.618351039476693},{"x":16.854759596753865,"y":18.58987115789205},{"x":18.419084502384067,"y":-0.3489467524923384},{"x":0,"y":0}],"immediateRender":false}}}]}}}}},
[03:20:19.544] {"t":"app","f":"onEnter","a":{"name":"shot-anim:scope108"}},
[03:20:19.544] {"t":"timeline","f":"play"},
[03:20:19.543] {"t":"Mediator","f":"component","a":"narrative"},
[03:20:22.783] {"t":"narrative","f":"shot","a":{"delta":{"timeline":{"p":{"paused":true,"repeat":0},"actors":{"i2d:plane":[{"dur":3,"p":{"x":0,"y":0,"immediateRender":false}}],"i2d:zoom_plane":[{"dur":3,"p":{"rotation":0,"svgOrigin":"0% 0%","immediateRender":false}}]}}}}},
[03:20:22.805] {"t":"mediator","f":"socket.emit.actions","a":{"t":"camera2d","f":"center","a":{"d":3}}},
[03:20:22.852] {"t":"Mediator","f":"component","a":"narrative"},
[03:20:22.853] {"t":"app","f":"onEnter","a":{"name":"shot-anim:scope109"}},
[03:20:22.853] {"t":"timeline","f":"play"},
[03:20:39.497] {"t":"narrative","f":"shot","a":{"delta":{"timeline":{"p":{"paused":true,"repeat":0},"actors":{"i2d:plane":[{"dur":3,"p":{"x":0,"y":0,"immediateRender":false}}],"i2d:zoom_plane":[{"dur":3,"p":{"rotation":0,"scale":1,"svgOrigin":"0% 0%","immediateRender":false}}]}}}}},
[03:20:39.516] {"t":"mediator","f":"socket.emit.actions","a":{"t":"camera2d","f":"home","a":{"d":3}}},
[03:20:39.538] {"t":"Mediator","f":"component","a":"narrative"},
[03:20:39.539] {"t":"app","f":"onEnter","a":{"name":"shot-anim:scope110"}},
[03:20:39.539] {"t":"timeline","f":"play"},
[03:20:39.557] {"t":"camera3d","f":"bezier","a":{"d":20,"n":6,"z":true}},
[03:20:39.571] {"t":"Mediator","f":"record","a":{"t":"camera3d","f":"bezier","a":{"d":20,"n":6,"z":true}}},
[03:20:39.572] {"t":"narrative","f":"shot","a":{"delta":{"timeline":{"p":{"paused":true,"repeat":0,"tweens":[]},"actors":{"i3d:csphere:position":[{"dur":20,"p":{"bezier":{"autoRotate":true,"curviness":2,"values":[{"x":0,"y":0,"z":0},{"x":8.656182289123535,"y":11.69751591514796,"z":-3.307400238700211},{"x":-3.530475308652967,"y":24.048368653748184,"z":-11.192070816177875},{"x":-29.237157250754535,"y":-18.066132059320807,"z":9.460383206605911},{"x":29.846037800889462,"y":-13.547912884969264,"z":-9.291445182170719},{"x":0,"y":0,"z":0}],"immediateRender":false}}}]}}}}},
[03:20:39.621] {"t":"app","f":"onEnter","a":{"name":"shot-anim:scope111"}},
[03:20:39.621] {"t":"Mediator","f":"component","a":"narrative"},
[03:20:39.621] {"t":"timeline","f":"play"},
[03:20:42.508] {"t":"narrative","f":"shot","a":{"delta":{"timeline":{"p":{"paused":true,"repeat":0,"tweens":[]},"actors":{"i2d:zoom_plane":[{"dur":3,"p":{"rotation":-90,"svgOrigin":"0% 0%","immediateRender":false}}]}}}}},
[03:20:42.528] {"t":"mediator","f":"socket.emit.actions","a":{"t":"camera2d","f":"rollflyTo","a":{"r":-90,"d":3}}},
[03:20:42.581] {"t":"Mediator","f":"component","a":"narrative"},
[03:20:42.582] {"t":"app","f":"onEnter","a":{"name":"shot-anim:scope112"}},
[03:20:42.582] {"t":"timeline","f":"play"},
