[16:46:46.211] {"t":"camera3d","f":"place","a":12},
[16:46:46.212] {"t":"camerasphere","f":"create","a":"csphere"},
[16:46:46.213] {"t":"camerasphere","f":"children","a":1},
[16:47:43.782] {"t":"narrative","f":"shot","a":{"delta":{"timeline":{"p":{"paused":true,"repeat":0,"tweens":[]},"actors":{"i2d:zoom_plane":[{"dur":3,"p":{"scale":2,"svgOrigin":"0% 0%","immediateRender":false}}]}}}}},
[16:47:43.820] {"t":"mediator","f":"socket.emit.actions","a":{"t":"camera2d","f":"zoomflyTo","a":{"s":2,"d":3}}},
[16:47:43.848] {"t":"Mediator","f":"component","a":"narrative"},
[16:47:43.848] {"t":"app","f":"onEnter","a":{"name":"empty:"}},
[16:47:43.848] {"t":"app","f":"onEnter","a":{"name":"shot-anim:scope0"}},
[16:47:43.849] {"t":"timeline","f":"play"},
[16:48:03.784] {"t":"narrative","f":"shot","a":{"delta":{"timeline":{"p":{"paused":true,"repeat":0,"tweens":[]},"actors":{"i2d:zoom_plane":[{"dur":3,"p":{"scale":0.5,"svgOrigin":"0% 0%","immediateRender":false}}]}}}}},
[16:48:03.801] {"t":"mediator","f":"socket.emit.actions","a":{"t":"camera2d","f":"zoomflyTo","a":{"s":0.5,"d":3}}},
[16:48:03.843] {"t":"Mediator","f":"component","a":"narrative"},
[16:48:03.844] {"t":"app","f":"onEnter","a":{"name":"shot-anim:scope1"}},
[16:48:03.844] {"t":"timeline","f":"play"},
[16:48:06.776] {"t":"narrative","f":"shot","a":{"delta":{"timeline":{"p":{"paused":true,"repeat":0,"tweens":[]},"actors":{"i2d:zoom_plane":[{"dur":3,"p":{"scale":2,"svgOrigin":"0% 0%","immediateRender":false}}]}}}}},
[16:48:06.796] {"t":"mediator","f":"socket.emit.actions","a":{"t":"camera2d","f":"zoomflyTo","a":{"s":2,"d":3}}},
[16:48:06.845] {"t":"Mediator","f":"component","a":"narrative"},
[16:48:06.846] {"t":"app","f":"onEnter","a":{"name":"shot-anim:scope2"}},
[16:48:06.847] {"t":"timeline","f":"play"},
[16:48:09.777] {"t":"narrative","f":"shot","a":{"delta":{"timeline":{"p":{"paused":true,"repeat":0},"actors":{"i2d:plane":[{"dur":3,"p":{"x":0,"y":0,"immediateRender":false}}],"i2d:zoom_plane":[{"dur":3,"p":{"rotation":0,"svgOrigin":"0% 0%","immediateRender":false}}]}}}}},
[16:48:09.811] {"t":"mediator","f":"socket.emit.actions","a":{"t":"camera2d","f":"center","a":{"d":3}}},
[16:48:09.862] {"t":"app","f":"onEnter","a":{"name":"shot-anim:scope3"}},
[16:48:09.863] {"t":"timeline","f":"play"},
[16:48:09.861] {"t":"Mediator","f":"component","a":"narrative"},
[16:48:23.782] {"t":"narrative","f":"shot","a":{"delta":{"timeline":{"p":{"paused":true,"repeat":0},"actors":{"i2d:plane":[{"dur":3,"p":{"x":0,"y":0,"immediateRender":false}}],"i2d:zoom_plane":[{"dur":3,"p":{"rotation":0,"scale":1,"svgOrigin":"0% 0%","immediateRender":false}}]}}}}},
[16:48:23.796] {"t":"mediator","f":"socket.emit.actions","a":{"t":"camera2d","f":"home","a":{"d":3}}},
[16:48:23.842] {"t":"Mediator","f":"component","a":"narrative"},
[16:48:23.843] {"t":"timeline","f":"play"},
[16:48:23.842] {"t":"app","f":"onEnter","a":{"name":"shot-anim:scope4"}},
[16:48:43.816] {"t":"narrative","f":"shot","a":{"delta":{"timeline":{"p":{"paused":true,"repeat":0,"tweens":[]},"actors":{"i2d:zoom_plane":[{"dur":3,"p":{"rotation":-90,"svgOrigin":"0% 0%","immediateRender":false}}]}}}}},
[16:48:43.833] {"t":"mediator","f":"socket.emit.actions","a":{"t":"camera2d","f":"rollflyTo","a":{"r":-90,"d":3}}},
[16:48:43.851] {"t":"Mediator","f":"component","a":"narrative"},
[16:48:43.852] {"t":"app","f":"onEnter","a":{"name":"shot-anim:scope5"}},
[16:48:43.852] {"t":"timeline","f":"play"},
[16:48:46.824] {"t":"narrative","f":"shot","a":{"delta":{"timeline":{"p":{"paused":true,"repeat":0,"tweens":[]},"actors":{"i2d:zoom_plane":[{"dur":3,"p":{"rotation":-90,"svgOrigin":"0% 0%","immediateRender":false}}]}}}}},
[16:48:46.848] {"t":"mediator","f":"socket.emit.actions","a":{"t":"camera2d","f":"rollflyTo","a":{"r":-90,"d":3}}},
[16:48:46.903] {"t":"app","f":"onEnter","a":{"name":"shot-anim:scope6"}},
[16:48:46.902] {"t":"Mediator","f":"component","a":"narrative"},
[16:48:46.905] {"t":"timeline","f":"play"},
[16:49:03.788] {"t":"narrative","f":"shot","a":{"delta":{"timeline":{"p":{"paused":true,"repeat":0,"tweens":[]},"actors":{"i2d:zoom_plane":[{"dur":3,"p":{"rotation":-45,"svgOrigin":"0% 0%","immediateRender":false}}]}}}}},
[16:49:03.803] {"t":"mediator","f":"socket.emit.actions","a":{"t":"camera2d","f":"rollflyBy","a":{"r":45,"d":3}}},
[16:49:03.832] {"t":"Mediator","f":"component","a":"narrative"},
[16:49:03.833] {"t":"app","f":"onEnter","a":{"name":"shot-anim:scope7"}},
[16:49:03.833] {"t":"timeline","f":"play"},
[16:49:06.795] {"t":"narrative","f":"shot","a":{"delta":{"timeline":{"p":{"paused":true,"repeat":0,"tweens":[]},"actors":{"i2d:plane":[{"dur":3,"p":{"x":20,"y":0,"immediateRender":false}}]}}}}},
[16:49:06.826] {"t":"mediator","f":"socket.emit.actions","a":{"t":"camera2d","f":"dollyflyTo","a":{"x":20,"d":3}}},
[16:49:06.876] {"t":"Mediator","f":"component","a":"narrative"},
[16:49:06.878] {"t":"app","f":"onEnter","a":{"name":"shot-anim:scope8"}},
[16:49:06.878] {"t":"timeline","f":"play"},
[16:49:23.787] {"t":"narrative","f":"shot","a":{"delta":{"timeline":{"p":{"paused":true,"repeat":0,"tweens":[]},"actors":{"i2d:plane":[{"dur":3,"p":{"x":20,"y":-20,"immediateRender":false}}]}}}}},
[16:49:23.800] {"t":"mediator","f":"socket.emit.actions","a":{"t":"camera2d","f":"dollyflyTo","a":{"y":20,"d":3}}},
[16:49:23.839] {"t":"Mediator","f":"component","a":"narrative"},
[16:49:23.839] {"t":"app","f":"onEnter","a":{"name":"shot-anim:scope9"}},
[16:49:23.839] {"t":"timeline","f":"play"},
[16:49:26.788] {"t":"narrative","f":"shot","a":{"delta":{"timeline":{"p":{"paused":true,"repeat":0,"tweens":[]},"actors":{"i2d:plane":[{"dur":3,"p":{"x":20,"y":-20,"immediateRender":false}}]}}}}},
[16:49:26.804] {"t":"mediator","f":"socket.emit.actions","a":{"t":"camera2d","f":"dollyflyTo","a":{"x":0,"d":3}}},
[16:49:26.839] {"t":"timeline","f":"play"},
[16:49:26.839] {"t":"app","f":"onEnter","a":{"name":"shot-anim:scope10"}},
[16:49:26.839] {"t":"Mediator","f":"component","a":"narrative"},
[16:49:43.789] {"t":"narrative","f":"shot","a":{"delta":{"timeline":{"p":{"paused":true,"repeat":0,"tweens":[]},"actors":{"i2d:plane":[{"dur":3,"p":{"x":20,"y":-20,"immediateRender":false}}]}}}}},
[16:49:43.806] {"t":"mediator","f":"socket.emit.actions","a":{"t":"camera2d","f":"dollyflyTo","a":{"z":-40,"d":3}}},
[16:49:43.818] {"t":"Mediator","f":"component","a":"narrative"},
[16:49:43.818] {"t":"app","f":"onEnter","a":{"name":"shot-anim:scope11"}},
[16:49:43.818] {"t":"timeline","f":"play"},
[16:49:46.790] {"t":"narrative","f":"shot","a":{"delta":{"timeline":{"p":{"paused":true,"repeat":0,"tweens":[]},"actors":{"i2d:plane":[{"dur":3,"p":{"x":20,"y":-20,"immediateRender":false}}]}}}}},
[16:49:46.842] {"t":"Mediator","f":"component","a":"narrative"},
[16:49:46.842] {"t":"app","f":"onEnter","a":{"name":"shot-anim:scope12"}},
[16:49:46.842] {"t":"timeline","f":"play"},
[16:49:46.826] {"t":"mediator","f":"socket.emit.actions","a":{"t":"camera2d","f":"dollyflyTo","a":{"x":20,"d":3}}},
[16:49:49.805] {"t":"narrative","f":"shot","a":{"delta":{"timeline":{"p":{"paused":true,"repeat":0,"tweens":[]},"actors":{"i2d:plane":[{"dur":3,"p":{"x":20,"y":-20,"immediateRender":false}}]}}}}},
[16:49:49.833] {"t":"mediator","f":"socket.emit.actions","a":{"t":"camera2d","f":"dollyflyTo","a":{"z":0,"d":3}}},
[16:49:49.857] {"t":"Mediator","f":"component","a":"narrative"},
[16:49:49.857] {"t":"app","f":"onEnter","a":{"name":"shot-anim:scope13"}},
[16:49:49.858] {"t":"timeline","f":"play"},
[16:49:52.801] {"t":"narrative","f":"shot","a":{"delta":{"timeline":{"p":{"paused":true,"repeat":0,"tweens":[]},"actors":{"i2d:c":[{"dur":10,"p":{"bezier":{"autoRotate":true,"curviness":2,"values":[{"x":0,"y":0},{"x":11.179366812575608,"y":-23.684825878590345},{"x":-18.079154337756336,"y":-19.415998023469},{"x":-28.032161314040422,"y":13.634966297540814},{"x":25.837932403665036,"y":14.866638409439474},{"x":0,"y":0}],"immediateRender":false}}}]}}}}},
[16:49:52.832] {"t":"mediator","f":"socket.emit.actions","a":{"t":"camera2d","f":"bezier"}},
[16:49:52.851] {"t":"Mediator","f":"component","a":"narrative"},
[16:49:52.852] {"t":"app","f":"onEnter","a":{"name":"shot-anim:scope14"}},
[16:49:52.852] {"t":"timeline","f":"play"},
[16:50:02.805] {"t":"narrative","f":"shot","a":{"delta":{"timeline":{"p":{"paused":true,"repeat":0},"actors":{"i3d:csphere:scale":[{"dur":8,"p":{"x":0.5,"y":0.5,"z":0.5,"immediateRender":false}}]}}}}},
[16:50:02.867] {"t":"mediator","f":"socket.emit.actions","a":{"t":"camera3d","f":"zoomflyTo","a":{"s":0.5,"d":8}}},
[16:50:02.898] {"t":"Mediator","f":"component","a":"narrative"},
[16:50:02.898] {"t":"app","f":"onEnter","a":{"name":"shot-anim:scope15"}},
[16:50:02.899] {"t":"timeline","f":"play"},
[16:50:10.814] {"t":"narrative","f":"shot","a":{"delta":{"timeline":{"p":{"paused":true,"repeat":0,"tweens":[]},"actors":{"i3d:csphere:position":[{"dur":20,"p":{"bezier":{"autoRotate":true,"curviness":2,"values":[{"x":0,"y":0,"z":0},{"x":17.9911566269584,"y":25.685521247796714,"z":-7.238178174011409},{"x":-27.656664478126913,"y":19.253885073121637,"z":-27.409585756249726},{"x":-18.93560750875622,"y":-10.455875296611339,"z":-21.883185394108295},{"x":2.923302745912224,"y":-29.593641150277108,"z":-3.849342006724328},{"x":0,"y":0,"z":0}],"immediateRender":false}}}]}}}}},
[16:50:10.847] {"t":"mediator","f":"socket.emit.actions","a":{"t":"camera3d","f":"bezier"}},
[16:50:10.859] {"t":"Mediator","f":"component","a":"narrative"},
[16:50:10.860] {"t":"app","f":"onEnter","a":{"name":"shot-anim:scope16"}},
[16:50:10.860] {"t":"timeline","f":"play"},
[16:50:30.828] {"t":"narrative","f":"shot","a":{"delta":{"timeline":{"p":{"paused":true,"repeat":0,"tweens":[]},"actors":{"i2d:zoom_plane":[{"dur":3,"p":{"scale":2,"svgOrigin":"0% 0%","immediateRender":false}}]}}}}},
[16:50:30.849] {"t":"mediator","f":"socket.emit.actions","a":{"t":"camera2d","f":"zoomflyTo","a":{"s":2,"d":3}}},
[16:50:30.921] {"t":"Mediator","f":"component","a":"narrative"},
[16:50:30.922] {"t":"app","f":"onEnter","a":{"name":"shot-anim:scope17"}},
[16:50:30.922] {"t":"timeline","f":"play"},
[16:50:33.856] {"t":"narrative","f":"shot","a":{"delta":{"timeline":{"p":{"paused":true,"repeat":0,"tweens":[]},"actors":{"i2d:zoom_plane":[{"dur":3,"p":{"scale":0.5,"svgOrigin":"0% 0%","immediateRender":false}}]}}}}},
[16:50:33.888] {"t":"mediator","f":"socket.emit.actions","a":{"t":"camera2d","f":"zoomflyTo","a":{"s":0.5,"d":3}}},
[16:50:33.945] {"t":"Mediator","f":"component","a":"narrative"},
[16:50:33.947] {"t":"app","f":"onEnter","a":{"name":"shot-anim:scope18"}},
[16:50:33.950] {"t":"timeline","f":"play"},
