[21:58:11.733] {"t":"camera3d","f":"place","a":12},
[21:58:11.734] {"t":"camerasphere","f":"create","a":"csphere"},
[21:58:11.734] {"t":"camerasphere","f":"children","a":1},
[21:58:30.351] {"t":"narrative","f":"shot","a":{"delta":{"timeline":{"p":{"paused":true,"repeat":0,"tweens":[]},"actors":{"i2d:c":[{"dur":10,"p":{"bezier":{"autoRotate":true,"curviness":2,"values":[{"x":0,"y":0},{"x":-6.149577051401138,"y":18.99012847105041},{"x":-29.01486281538382,"y":-25.48401553882286},{"x":29.15846473071724,"y":-8.862883967813104},{"x":23.628866036888212,"y":0.5176109285093844},{"x":0,"y":0}],"immediateRender":false}}}]}}}}},
[21:58:30.372] {"t":"mediator","f":"socket.emit.actions","a":{"t":"camera2d","f":"bezier"}},
[21:58:30.376] {"t":"Mediator","f":"component","a":"narrative"},
[21:58:30.376] {"t":"app","f":"onEnter","a":{"name":"empty:"}},
[21:58:30.376] {"t":"app","f":"onEnter","a":{"name":"shot-anim:scope0"}},
[21:58:30.377] {"t":"timeline","f":"play"},
[21:58:40.354] {"t":"narrative","f":"shot","a":{"delta":{"timeline":{"p":{"paused":true,"repeat":0,"tweens":[]},"actors":{"i3d:csphere:position":[{"dur":20,"p":{"bezier":{"autoRotate":true,"curviness":2,"values":[{"x":0,"y":0,"z":0},{"x":-3.675431536976248,"y":-27.989550337661058},{"x":-21.7312288004905,"y":16.855383433867246},{"x":7.328889279160649,"y":22.836034102365375},{"x":15.069819367490709,"y":-0.8111828891560435},{"x":0,"y":0,"z":0}],"immediateRender":false}}}]}}}}},
[21:58:40.369] {"t":"mediator","f":"socket.emit.actions","a":{"t":"camera3d","f":"bezier"}},
[21:58:40.398] {"t":"Mediator","f":"component","a":"narrative"},
[21:58:40.399] {"t":"timeline","f":"play"},
[21:58:40.399] {"t":"app","f":"onEnter","a":{"name":"shot-anim:scope1"}},
[21:59:00.348] {"t":"narrative","f":"shot","a":{"delta":{"timeline":{"p":{"paused":true,"repeat":0},"actors":{"i3d:camera:rotation":[{"dur":3,"p":{"y":0.7854,"immediateRender":false}}]}}}}},
[21:59:00.366] {"t":"mediator","f":"socket.emit.actions","a":{"t":"camera3d","f":"panflyBy","a":{"r":0.7854,"d":3}}},
[21:59:00.381] {"t":"Mediator","f":"component","a":"narrative"},
[21:59:00.382] {"t":"app","f":"onEnter","a":{"name":"shot-anim:scope2"}},
[21:59:00.382] {"t":"timeline","f":"play"},
[21:59:03.355] {"t":"mediator","f":"socket.emit.actions","a":{"t":"camera3d","f":"lookAt"}},
[21:59:27.714] {"t":"camera3d","f":"place","a":12},
[21:59:27.821] {"t":"camerasphere","f":"create","a":"csphere"},
[21:59:27.821] {"t":"camerasphere","f":"children","a":1},
[22:00:06.993] {"t":"narrative","f":"shot","a":{"delta":{"timeline":{"p":{"paused":true,"repeat":0,"tweens":[]},"actors":{"i2d:c":[{"dur":10,"p":{"bezier":{"autoRotate":true,"curviness":2,"values":[{"x":0,"y":0},{"x":-29.987374206539243,"y":12.463461463339627},{"x":-17.46942796278745,"y":-2.694562312681228},{"x":14.783556286711246,"y":-26.845618318766356},{"x":9.343022564426064,"y":10.892476164735854},{"x":0,"y":0}],"immediateRender":false}}}]}}}}},
[22:00:07.005] {"t":"mediator","f":"socket.emit.actions","a":{"t":"camera2d","f":"bezier"}},
[22:00:07.047] {"t":"Mediator","f":"component","a":"narrative"},
[22:00:07.048] {"t":"app","f":"onEnter","a":{"name":"empty:"}},
[22:00:07.049] {"t":"app","f":"onEnter","a":{"name":"shot-anim:scope0"}},
[22:00:07.049] {"t":"timeline","f":"play"},
[22:00:17.024] {"t":"narrative","f":"shot","a":{"delta":{"timeline":{"p":{"paused":true,"repeat":0,"tweens":[]},"actors":{"i3d:csphere:position":[{"dur":20,"p":{"bezier":{"autoRotate":true,"curviness":2,"values":[{"x":0,"y":0,"z":0},{"x":-24.205110173206776,"y":-2.565186135470867},{"x":-20.90223348001018,"y":2.8105813334695995},{"x":3.8584073376841843,"y":21.094406945630908},{"x":19.62725821416825,"y":-1.9692309200763702},{"x":0,"y":0,"z":0}],"immediateRender":false}}}]}}}}},
[22:00:17.051] {"t":"mediator","f":"socket.emit.actions","a":{"t":"camera3d","f":"bezier"}},
[22:00:17.087] {"t":"Mediator","f":"component","a":"narrative"},
[22:00:17.087] {"t":"app","f":"onEnter","a":{"name":"shot-anim:scope1"}},
[22:00:17.087] {"t":"timeline","f":"play"},
