[18:57:53.823] {"t":"narrative","f":"shot","a":{"delta":{"timeline":{"p":{"paused":true,"repeat":0},"actors":{"i3d:camera:rotation":[{"dur":3,"p":{"x":-0.7854,"immediateRender":false}}]}}}}},
[18:57:53.850] {"t":"mediator","f":"socket.emit.actions","a":{"t":"camera3d","f":"tiltflyTo","a":{"r":-0.7854,"d":3}}},
[18:57:53.890] {"t":"Mediator","f":"component","a":"narrative"},
[18:57:53.891] {"t":"app","f":"onEnter","a":{"name":"empty:"}},
[18:57:53.892] {"t":"app","f":"onEnter","a":{"name":"shot-anim:scope0"}},
[18:57:53.892] {"t":"timeline","f":"play"},
[18:58:08.824] {"t":"narrative","f":"shot","a":{"delta":{"timeline":{"p":{"paused":true,"repeat":0},"actors":{"i3d:camera:rotation":[{"dur":3,"p":{"y":-0.7854,"immediateRender":false}}]}}}}},
[18:58:08.852] {"t":"mediator","f":"socket.emit.actions","a":{"t":"camera3d","f":"panflyTo","a":{"r":-0.7854,"d":3}}},
[18:58:08.867] {"t":"Mediator","f":"component","a":"narrative"},
[18:58:08.867] {"t":"app","f":"onEnter","a":{"name":"shot-anim:scope1"}},
[18:58:08.867] {"t":"timeline","f":"play"},
[18:58:23.832] {"t":"mediator","f":"socket.emit.actions","a":{"t":"camera3d","f":"lookAt"}},
[18:58:33.827] {"t":"narrative","f":"shot","a":{"delta":{"timeline":{"p":{"paused":true,"repeat":0},"actors":{"i3d:csphere:position":[{"dur":3,"p":{"x":20,"y":0,"z":0,"immediateRender":false}}]}}}}},
[18:58:33.850] {"t":"mediator","f":"socket.emit.actions","a":{"t":"camera3d","f":"dollyflyTo","a":{"x":20,"y":0,"z":0,"d":3}}},
[18:58:33.893] {"t":"Mediator","f":"component","a":"narrative"},
[18:58:33.893] {"t":"app","f":"onEnter","a":{"name":"shot-anim:scope2"}},
[18:58:33.897] {"t":"timeline","f":"play"},
[18:58:43.832] {"t":"narrative","f":"shot","a":{"delta":{"timeline":{"p":{"paused":true,"repeat":0},"actors":{"i3d:csphere:scale":[{"dur":3,"p":{"x":0.5,"y":0.5,"z":0.5,"immediateRender":false}}]}}}}},
[18:58:43.865] {"t":"mediator","f":"socket.emit.actions","a":{"t":"camera3d","f":"zoomflyTo","a":{"s":0.5,"d":3}}},
[18:58:43.891] {"t":"Mediator","f":"component","a":"narrative"},
[18:58:43.893] {"t":"app","f":"onEnter","a":{"name":"shot-anim:scope3"}},
[18:58:43.894] {"t":"timeline","f":"play"},
[18:58:58.829] {"t":"narrative","f":"shot","a":{"delta":{"timeline":{"p":{"paused":true,"repeat":0},"actors":{"i3d:csphere:scale":[{"dur":3,"p":{"x":2,"y":2,"z":2,"immediateRender":false}}]}}}}},
[18:58:58.856] {"t":"mediator","f":"socket.emit.actions","a":{"t":"camera3d","f":"zoomflyTo","a":{"s":2,"d":3}}},
[18:58:58.862] {"t":"Mediator","f":"component","a":"narrative"},
[18:58:58.862] {"t":"app","f":"onEnter","a":{"name":"shot-anim:scope4"}},
[18:58:58.863] {"t":"timeline","f":"play"},
[18:59:13.835] {"t":"narrative","f":"shot","a":{"delta":{"timeline":{"p":{"paused":true,"repeat":0},"actors":{"i3d:csphere:position":[{"dur":3,"p":{"x":20,"y":20,"z":-20,"immediateRender":false}}]}}}}},
[18:59:13.859] {"t":"mediator","f":"socket.emit.actions","a":{"t":"camera3d","f":"dollyflyTo","a":{"x":20,"y":20,"z":-20,"d":3}}},
[18:59:13.886] {"t":"app","f":"onEnter","a":{"name":"shot-anim:scope5"}},
[18:59:13.886] {"t":"timeline","f":"play"},
[18:59:13.886] {"t":"Mediator","f":"component","a":"narrative"},
[18:59:23.836] {"t":"narrative","f":"shot","a":{"delta":{"timeline":{"p":{"paused":true,"repeat":0},"actors":{"i3d:csphere:scale":[{"dur":3,"p":{"x":0.5,"y":0.5,"z":0.5,"immediateRender":false}}]}}}}},
[18:59:23.863] {"t":"mediator","f":"socket.emit.actions","a":{"t":"camera3d","f":"zoomflyTo","a":{"s":0.5,"d":3}}},
[18:59:23.920] {"t":"Mediator","f":"component","a":"narrative"},
[18:59:23.920] {"t":"app","f":"onEnter","a":{"name":"shot-anim:scope6"}},
[18:59:23.921] {"t":"timeline","f":"play"},
[18:59:38.845] {"t":"narrative","f":"shot","a":{"delta":{"timeline":{"p":{"paused":true,"repeat":0},"actors":{"i3d:camera:rotation":[{"dur":3,"p":{"x":0,"y":0,"z":0,"immediateRender":false}}],"i3d:csphere:position":[{"dur":3,"p":{"x":0,"y":0,"z":0,"immediateRender":false}}],"i3d:csphere:rotation":[{"dur":3,"p":{"x":0,"y":0,"z":0,"immediateRender":false}}],"i2d:plane":[{"dur":3,"p":{"x":0,"y":0,"immediateRender":false}}],"i2d:zoom_plane":[{"dur":3,"p":{"rotation":0,"svgOrigin":"0% 0%","immediateRender":false}}]}}}}},
[18:59:38.878] {"t":"mediator","f":"socket.emit.actions","a":{"t":"camera3d","f":"center","a":{"d":3}}},
[18:59:38.906] {"t":"Mediator","f":"component","a":"narrative"},
[18:59:38.906] {"t":"app","f":"onEnter","a":{"name":"shot-anim:scope7"}},
[18:59:38.907] {"t":"timeline","f":"play"},
[18:59:48.844] {"t":"narrative","f":"shot","a":{"delta":{"timeline":{"p":{"paused":true,"repeat":0},"actors":{"i3d:camera:rotation":[{"dur":3,"p":{"x":0,"y":0,"z":0,"immediateRender":false}}],"i3d:csphere:position":[{"dur":3,"p":{"x":0,"y":0,"z":0,"immediateRender":false}}],"i3d:csphere:scale":[{"dur":3,"p":{"x":1,"y":1,"z":1,"immediateRender":false}}],"i3d:csphere:rotation":[{"dur":3,"p":{"x":0,"y":0,"z":0,"immediateRender":false}}],"i2d:plane":[{"dur":3,"p":{"x":0,"y":0,"immediateRender":false}}],"i2d:zoom_plane":[{"dur":3,"p":{"rotation":0,"scale":1,"svgOrigin":"0% 0%","immediateRender":false}}]}}}}},
[18:59:48.866] {"t":"mediator","f":"socket.emit.actions","a":{"t":"camera3d","f":"home","a":{"d":3}}},
[18:59:48.942] {"t":"app","f":"onEnter","a":{"name":"shot-anim:scope8"}},
[18:59:48.944] {"t":"timeline","f":"play"},
[18:59:48.941] {"t":"Mediator","f":"component","a":"narrative"},
[19:00:03.843] {"t":"narrative","f":"shot","a":{"delta":{"timeline":{"p":{"paused":true,"repeat":0,"tweens":[]},"actors":{"i3d:csphere:position":[{"dur":20,"p":{"bezier":{"autoRotate":true,"curviness":2,"values":[{"x":0,"y":0,"z":0},{"x":-25.57280580047518,"y":-5.750349916052073,"z":-6.26293663168326},{"x":-28.985224748030305,"y":3.6186816170811653,"z":-7.875625845044851},{"x":1.7261451319791377,"y":6.611493055243045,"z":-3.9530698396265507},{"x":15.472060544416308,"y":-21.155834037344903,"z":-2.084008080419153},{"x":0,"y":0,"z":0}],"immediateRender":false}}}]}}}}},
[19:00:03.860] {"t":"mediator","f":"socket.emit.actions","a":{"t":"camera3d","f":"bezier"}},
[19:00:03.876] {"t":"Mediator","f":"component","a":"narrative"},
[19:00:03.876] {"t":"app","f":"onEnter","a":{"name":"shot-anim:scope9"}},
[19:00:03.877] {"t":"timeline","f":"play"},
