[20:39:41.525] {"t":"camera3d","f":"place","a":12},
[20:39:41.622] {"t":"camerasphere","f":"create","a":"csphere"},
[20:39:41.622] {"t":"camerasphere","f":"children","a":1},
[20:40:01.502] {"t":"queue","f":"push","a":{"t":"camera2d","f":"zoomflyTo","a":{"s":2,"d":5}}},
[20:40:05.550] {"t":"narrative","f":"shot","a":{"delta":{"timeline":{"p":{"paused":true,"repeat":0,"tweens":[]},"actors":{"i2d:zoom_plane":[{"dur":5,"p":{"scale":2,"svgOrigin":"0% 0%","immediateRender":false}}]}}}}},
[20:40:05.578] {"t":"mediator","f":"socket.emit.actions","a":{"t":"camera2d","f":"zoomflyTo","a":{"s":2,"d":5}}},
[20:40:05.631] {"t":"Mediator","f":"component","a":"narrative"},
[20:40:05.631] {"t":"app","f":"onEnter","a":{"name":"empty:"}},
[20:40:05.632] {"t":"app","f":"onEnter","a":{"name":"shot-anim:scope0"}},
[20:40:05.632] {"t":"timeline","f":"play"},
[20:40:11.517] {"t":"queue","f":"push","a":{"t":"camera2d","f":"zoomflyTo","a":{"s":0.5,"d":5}}},
[20:40:15.564] {"t":"narrative","f":"shot","a":{"delta":{"timeline":{"p":{"paused":true,"repeat":0,"tweens":[]},"actors":{"i2d:zoom_plane":[{"dur":5,"p":{"scale":0.5,"svgOrigin":"0% 0%","immediateRender":false}}]}}}}},
[20:40:15.579] {"t":"mediator","f":"socket.emit.actions","a":{"t":"camera2d","f":"zoomflyTo","a":{"s":0.5,"d":5}}},
[20:40:15.598] {"t":"Mediator","f":"component","a":"narrative"},
[20:40:15.598] {"t":"app","f":"onEnter","a":{"name":"shot-anim:scope1"}},
[20:40:15.598] {"t":"timeline","f":"play"},
[20:40:21.512] {"t":"queue","f":"push","a":{"t":"camera2d","f":"zoomflyTo","a":{"s":2,"d":5}}},
[20:40:25.574] {"t":"narrative","f":"shot","a":{"delta":{"timeline":{"p":{"paused":true,"repeat":0,"tweens":[]},"actors":{"i2d:zoom_plane":[{"dur":5,"p":{"scale":2,"svgOrigin":"0% 0%","immediateRender":false}}]}}}}},
[20:40:25.588] {"t":"mediator","f":"socket.emit.actions","a":{"t":"camera2d","f":"zoomflyTo","a":{"s":2,"d":5}}},
[20:40:25.641] {"t":"Mediator","f":"component","a":"narrative"},
[20:40:25.642] {"t":"app","f":"onEnter","a":{"name":"shot-anim:scope2"}},
[20:40:25.642] {"t":"timeline","f":"play"},
[20:40:31.526] {"t":"queue","f":"push","a":{"t":"camera2d","f":"zoomflyTo","a":{"s":0.5,"d":5}}},
