[21:29:38.633] {"t":"camera3d","f":"place","a":12},
[21:29:38.745] {"t":"camerasphere","f":"create","a":"csphere"},
[21:29:38.745] {"t":"camerasphere","f":"children","a":1},
[21:30:02.586] {"t":"mediator","f":"socket.emit.actions","a":{"t":"narrative","f":"change_scene","a":"payments"}},
[21:30:03.245] {"t":"app","f":"onEnter","a":{"name":"i3d-simple:phong_head_sphere_kfb"}},
[21:30:03.246] {"t":"camera3d","f":"changeTemplateScene"},
[21:30:03.246] {"t":"app","f":"onEnter","a":{"name":"i2d-empty:"}},
[21:30:03.247] {"t":"app","f":"onEnter","a":{"name":"black:"}},
[21:30:03.247] {"t":"app","f":"onEnter","a":{"name":"CU:"}},
[21:30:03.247] {"t":"timeline","f":"play"},
[21:30:03.247] {"t":"camera3d","f":"addActorToScene","a":"csphere"},
[21:30:03.248] {"t":"camera3d","f":"addActorToScene","a":"axes0"},
[21:30:03.248] {"t":"camera3d","f":"addActorToScene","a":"sphere_phong"},
[21:30:03.248] {"t":"camera3d","f":"addActorToScene","a":"key"},
[21:30:03.249] {"t":"camera3d","f":"addActorToScene","a":"fill"},
[21:30:03.249] {"t":"camera3d","f":"addActorToScene","a":"back"},
[21:30:03.245] {"t":"app","f":"onEnter","a":{"name":"payments:"}},
[21:30:03.244] {"t":"Mediator","f":"component","a":"narrative"},
[21:30:03.407] {"t":"camera3d","f":"addActorToScene","a":"head_scan"},
[21:30:17.564] {"t":"mediator","f":"socket.emit.actions","a":{"t":"camera3d","f":"toggle_csphere","a":{"val":false}}},
[21:30:27.564] {"t":"mediator","f":"socket.emit.actions","a":{"t":"camera3d","f":"toggle_csphere","a":{"val":true}}},
[21:30:37.564] {"t":"mediator","f":"socket.emit.actions","a":{"t":"camera3d","f":"toggle_light","a":{"name":"key","val":false}}},
[21:30:52.565] {"t":"mediator","f":"socket.emit.actions","a":{"t":"camera3d","f":"toggle_light","a":{"name":"fill","val":false}}},
[21:31:07.568] {"t":"mediator","f":"socket.emit.actions","a":{"t":"camera3d","f":"toggle_light","a":{"name":"back","val":false}}},
[21:31:17.570] {"t":"mediator","f":"socket.emit.actions","a":{"t":"camera3d","f":"toggle_light","a":{"name":"key","val":true}}},
[21:31:27.576] {"t":"mediator","f":"socket.emit.actions","a":{"t":"camera3d","f":"toggle_light","a":{"name":"fill","val":true}}},
[21:31:37.577] {"t":"mediator","f":"socket.emit.actions","a":{"t":"camera3d","f":"toggle_light","a":{"name":"back","val":true}}},
[21:32:02.583] {"t":"narrative","f":"shot","a":{"delta":{"timeline":{"p":{"paused":true,"repeat":0},"actors":{"i3d:camera:rotation":[{"dur":4,"p":{"y":0.7854,"immediateRender":false}}]}}}}},
[21:32:02.608] {"t":"mediator","f":"socket.emit.actions","a":{"t":"camera3d","f":"panflyTo","a":{"r":0.7854,"d":4}}},
[21:32:02.639] {"t":"Mediator","f":"component","a":"narrative"},
[21:32:02.639] {"t":"app","f":"onEnter","a":{"name":"shot-anim:scope1"}},
[21:32:02.639] {"t":"timeline","f":"play"},
[21:32:12.584] {"t":"mediator","f":"socket.emit.actions","a":{"t":"camera3d","f":"billboardsFaceCamera"}},
[21:33:31.202] {"t":"Mediator","f":"component","a":"narrative"},
[21:33:32.972] {"t":"app","f":"onEnter","a":{"name":"footprint:"}},
[21:33:32.972] {"t":"app","f":"onEnter","a":{"name":"i3d-scene:scene1"}},
[21:33:32.972] {"t":"camera3d","f":"changeTemplateScene"},
[21:33:32.972] {"t":"app","f":"onEnter","a":{"name":"escher:"}},
[21:33:32.973] {"t":"app","f":"onEnter","a":{"name":"ECU:"}},
[21:33:32.973] {"t":"timeline","f":"play"},
[21:33:32.973] {"t":"camera3d","f":"addBillboardToScene","a":"bb_singular2"},
[21:33:32.974] {"t":"camera3d","f":"addBillboardToScene","a":"bb0"},
[21:33:32.974] {"t":"camera3d","f":"addBillboardToScene","a":"bb1"},
[21:33:32.974] {"t":"camera3d","f":"addBillboardToScene","a":"bb2"},
[21:33:32.975] {"t":"camera3d","f":"addBillboardToScene","a":"bb3"},
[21:33:32.975] {"t":"camera3d","f":"addBillboardToScene","a":"bb4"},
[21:33:32.975] {"t":"camera3d","f":"addBillboardToScene","a":"bb5"},
[21:33:32.976] {"t":"camera3d","f":"addBillboardToScene","a":"bb6"},
[21:33:32.976] {"t":"camera3d","f":"addBillboardToScene","a":"bb7"},
[21:33:32.976] {"t":"camera3d","f":"addBillboardToScene","a":"bb8"},
[21:33:32.977] {"t":"camera3d","f":"addBillboardToScene","a":"bb18"},
[21:33:32.978] {"t":"camera3d","f":"addBillboardToScene","a":"bb19"},
[21:33:32.978] {"t":"camera3d","f":"addBillboardToScene","a":"bb21"},
[21:33:32.979] {"t":"camera3d","f":"addBillboardToScene","a":"bb22"},
[21:33:32.979] {"t":"camera3d","f":"addBillboardToScene","a":"bb23"},
[21:33:32.979] {"t":"camera3d","f":"addBillboardToScene","a":"bb24"},
[21:33:32.978] {"t":"camera3d","f":"addBillboardToScene","a":"bb20"},
[21:33:32.980] {"t":"camera3d","f":"addBillboardToScene","a":"bb25"},
[21:33:32.980] {"t":"camera3d","f":"addBillboardToScene","a":"bb26"},
[21:33:32.980] {"t":"camera3d","f":"addBillboardToScene","a":"bb54"},
[21:33:32.981] {"t":"camera3d","f":"addBillboardToScene","a":"bb55"},
[21:33:32.981] {"t":"camera3d","f":"addBillboardToScene","a":"bb56"},
[21:33:32.981] {"t":"camera3d","f":"addBillboardToScene","a":"bb57"},
[21:33:32.981] {"t":"camera3d","f":"addBillboardToScene","a":"bb58"},
[21:33:32.982] {"t":"camera3d","f":"addBillboardToScene","a":"bb60"},
[21:33:32.982] {"t":"camera3d","f":"addBillboardToScene","a":"bb61"},
[21:33:32.982] {"t":"camera3d","f":"addBillboardToScene","a":"bb59"},
[21:33:32.983] {"t":"camera3d","f":"addBillboardToScene","a":"bb62"},
[21:33:32.983] {"t":"camera3d","f":"addActorToScene","a":"csphere"},
[21:33:32.983] {"t":"camera3d","f":"addBillboardToScene","a":"bb_singular2"},
[21:33:32.983] {"t":"camera3d","f":"addBillboardToScene","a":"bb0"},
[21:33:32.983] {"t":"camera3d","f":"addBillboardToScene","a":"bb1"},
[21:33:32.983] {"t":"camera3d","f":"addBillboardToScene","a":"bb2"},
[21:33:32.984] {"t":"camera3d","f":"addBillboardToScene","a":"bb3"},
[21:33:32.984] {"t":"camera3d","f":"addBillboardToScene","a":"bb4"},
[21:33:32.985] {"t":"camera3d","f":"addBillboardToScene","a":"bb5"},
[21:33:32.985] {"t":"camera3d","f":"addBillboardToScene","a":"bb6"},
[21:33:32.985] {"t":"camera3d","f":"addBillboardToScene","a":"bb7"},
[21:33:32.986] {"t":"camera3d","f":"addBillboardToScene","a":"bb8"},
[21:33:32.986] {"t":"camera3d","f":"addBillboardToScene","a":"bb18"},
[21:33:32.987] {"t":"camera3d","f":"addBillboardToScene","a":"bb19"},
[21:33:32.988] {"t":"camera3d","f":"addBillboardToScene","a":"bb20"},
[21:33:32.988] {"t":"camera3d","f":"addBillboardToScene","a":"bb21"},
[21:33:32.988] {"t":"camera3d","f":"addBillboardToScene","a":"bb22"},
[21:33:32.991] {"t":"camera3d","f":"addBillboardToScene","a":"bb23"},
[21:33:32.992] {"t":"camera3d","f":"addBillboardToScene","a":"bb24"},
[21:33:32.992] {"t":"camera3d","f":"addBillboardToScene","a":"bb25"},
[21:33:32.992] {"t":"camera3d","f":"addBillboardToScene","a":"bb26"},
[21:33:32.992] {"t":"camera3d","f":"addBillboardToScene","a":"bb54"},
[21:33:32.992] {"t":"camera3d","f":"addBillboardToScene","a":"bb55"},
[21:33:32.993] {"t":"camera3d","f":"addBillboardToScene","a":"bb56"},
[21:33:32.994] {"t":"camera3d","f":"addBillboardToScene","a":"bb57"},
[21:33:32.994] {"t":"camera3d","f":"addBillboardToScene","a":"bb58"},
[21:33:32.994] {"t":"camera3d","f":"addBillboardToScene","a":"bb59"},
[21:33:32.996] {"t":"camera3d","f":"addBillboardToScene","a":"bb60"},
[21:33:32.997] {"t":"camera3d","f":"addBillboardToScene","a":"bb61"},
[21:33:32.997] {"t":"camera3d","f":"addBillboardToScene","a":"bb62"},
[21:33:33.048] {"t":"camera3d","f":"addBillboardToScene","a":"bb_singular"},
[21:33:33.074] {"t":"camera3d","f":"addBillboardToScene","a":"bb_singular"},
[21:35:12.930] {"t":"camera3d","f":"place","a":12},
[21:35:13.032] {"t":"camerasphere","f":"create","a":"csphere"},
[21:35:13.033] {"t":"camerasphere","f":"children","a":1},
[21:35:42.175] {"t":"mediator","f":"socket.emit.actions","a":{"t":"narrative","f":"change_scene","a":"payments"}},
[21:35:42.812] {"t":"Mediator","f":"component","a":"narrative"},
[21:35:42.812] {"t":"app","f":"onEnter","a":{"name":"payments:"}},
[21:35:42.814] {"t":"app","f":"onEnter","a":{"name":"i3d-simple:phong_head_sphere_kfb"}},
[21:35:42.816] {"t":"camera3d","f":"changeTemplateScene"},
[21:35:42.819] {"t":"app","f":"onEnter","a":{"name":"i2d-empty:"}},
[21:35:42.820] {"t":"app","f":"onEnter","a":{"name":"black:"}},
[21:35:42.821] {"t":"app","f":"onEnter","a":{"name":"CU:"}},
[21:35:42.821] {"t":"timeline","f":"play"},
[21:35:42.822] {"t":"camera3d","f":"addActorToScene","a":"csphere"},
[21:35:42.823] {"t":"camera3d","f":"addActorToScene","a":"axes0"},
[21:35:42.823] {"t":"camera3d","f":"addActorToScene","a":"sphere_phong"},
[21:35:42.823] {"t":"camera3d","f":"addActorToScene","a":"key"},
[21:35:42.823] {"t":"camera3d","f":"addActorToScene","a":"fill"},
[21:35:42.825] {"t":"camera3d","f":"addActorToScene","a":"back"},
[21:35:43.046] {"t":"camera3d","f":"addActorToScene","a":"head_scan"},
[21:35:52.159] {"t":"mediator","f":"socket.emit.actions","a":{"t":"camera3d","f":"toggle_csphere","a":{"val":false}}},
[21:36:07.166] {"t":"mediator","f":"socket.emit.actions","a":{"t":"camera3d","f":"toggle_csphere","a":{"val":true}}},
[21:36:17.165] {"t":"mediator","f":"socket.emit.actions","a":{"t":"camera3d","f":"toggle_light","a":{"name":"key","val":false}}},
[21:36:32.171] {"t":"mediator","f":"socket.emit.actions","a":{"t":"camera3d","f":"toggle_light","a":{"name":"fill","val":false}}},
[21:36:47.172] {"t":"mediator","f":"socket.emit.actions","a":{"t":"camera3d","f":"toggle_light","a":{"name":"back","val":false}}},
[21:36:57.178] {"t":"mediator","f":"socket.emit.actions","a":{"t":"camera3d","f":"toggle_light","a":{"name":"key","val":true}}},
[21:37:12.175] {"t":"mediator","f":"socket.emit.actions","a":{"t":"camera3d","f":"toggle_light","a":{"name":"fill","val":true}}},
[21:37:22.178] {"t":"mediator","f":"socket.emit.actions","a":{"t":"camera3d","f":"toggle_light","a":{"name":"back","val":true}}},
[21:37:32.193] {"t":"mediator","f":"socket.emit.actions","a":{"t":"narrative","f":"change_scene","a":"footprint"}},
[21:37:33.804] {"t":"Mediator","f":"component","a":"narrative"},
[21:37:33.804] {"t":"app","f":"onEnter","a":{"name":"footprint:"}},
[21:37:33.804] {"t":"app","f":"onEnter","a":{"name":"i3d-scene:scene1"}},
[21:37:33.805] {"t":"app","f":"onEnter","a":{"name":"escher:"}},
[21:37:33.805] {"t":"app","f":"onEnter","a":{"name":"ECU:"}},
[21:37:33.805] {"t":"timeline","f":"play"},
[21:37:33.806] {"t":"camera3d","f":"addBillboardToScene","a":"bb_singular2"},
[21:37:33.806] {"t":"camera3d","f":"addBillboardToScene","a":"bb0"},
[21:37:33.806] {"t":"camera3d","f":"addBillboardToScene","a":"bb1"},
[21:37:33.804] {"t":"camera3d","f":"changeTemplateScene"},
[21:37:33.806] {"t":"camera3d","f":"addBillboardToScene","a":"bb2"},
[21:37:33.806] {"t":"camera3d","f":"addBillboardToScene","a":"bb3"},
[21:37:33.806] {"t":"camera3d","f":"addBillboardToScene","a":"bb4"},
[21:37:33.807] {"t":"camera3d","f":"addBillboardToScene","a":"bb5"},
[21:37:33.809] {"t":"camera3d","f":"addBillboardToScene","a":"bb6"},
[21:37:33.810] {"t":"camera3d","f":"addBillboardToScene","a":"bb7"},
[21:37:33.810] {"t":"camera3d","f":"addBillboardToScene","a":"bb8"},
[21:37:33.810] {"t":"camera3d","f":"addBillboardToScene","a":"bb18"},
[21:37:33.810] {"t":"camera3d","f":"addBillboardToScene","a":"bb19"},
[21:37:33.810] {"t":"camera3d","f":"addBillboardToScene","a":"bb20"},
[21:37:33.811] {"t":"camera3d","f":"addBillboardToScene","a":"bb21"},
[21:37:33.811] {"t":"camera3d","f":"addBillboardToScene","a":"bb22"},
[21:37:33.812] {"t":"camera3d","f":"addBillboardToScene","a":"bb23"},
[21:37:33.812] {"t":"camera3d","f":"addBillboardToScene","a":"bb24"},
[21:37:33.812] {"t":"camera3d","f":"addBillboardToScene","a":"bb25"},
[21:37:33.812] {"t":"camera3d","f":"addBillboardToScene","a":"bb26"},
[21:37:33.812] {"t":"camera3d","f":"addBillboardToScene","a":"bb54"},
[21:37:33.813] {"t":"camera3d","f":"addBillboardToScene","a":"bb55"},
[21:37:33.813] {"t":"camera3d","f":"addBillboardToScene","a":"bb56"},
[21:37:33.813] {"t":"camera3d","f":"addBillboardToScene","a":"bb57"},
[21:37:33.813] {"t":"camera3d","f":"addBillboardToScene","a":"bb58"},
[21:37:33.813] {"t":"camera3d","f":"addBillboardToScene","a":"bb59"},
[21:37:33.813] {"t":"camera3d","f":"addBillboardToScene","a":"bb60"},
[21:37:33.814] {"t":"camera3d","f":"addBillboardToScene","a":"bb61"},
[21:37:33.814] {"t":"camera3d","f":"addBillboardToScene","a":"bb62"},
[21:37:33.816] {"t":"camera3d","f":"addBillboardToScene","a":"bb0"},
[21:37:33.816] {"t":"camera3d","f":"addActorToScene","a":"csphere"},
[21:37:33.816] {"t":"camera3d","f":"addBillboardToScene","a":"bb_singular2"},
[21:37:33.817] {"t":"camera3d","f":"addBillboardToScene","a":"bb3"},
[21:37:33.817] {"t":"camera3d","f":"addBillboardToScene","a":"bb2"},
[21:37:33.817] {"t":"camera3d","f":"addBillboardToScene","a":"bb1"},
[21:37:33.817] {"t":"camera3d","f":"addBillboardToScene","a":"bb4"},
[21:37:33.817] {"t":"camera3d","f":"addBillboardToScene","a":"bb6"},
[21:37:33.817] {"t":"camera3d","f":"addBillboardToScene","a":"bb5"},
[21:37:33.818] {"t":"camera3d","f":"addBillboardToScene","a":"bb7"},
[21:37:33.818] {"t":"camera3d","f":"addBillboardToScene","a":"bb8"},
[21:37:33.819] {"t":"camera3d","f":"addBillboardToScene","a":"bb19"},
[21:37:33.818] {"t":"camera3d","f":"addBillboardToScene","a":"bb18"},
[21:37:33.819] {"t":"camera3d","f":"addBillboardToScene","a":"bb21"},
[21:37:33.819] {"t":"camera3d","f":"addBillboardToScene","a":"bb20"},
[21:37:33.820] {"t":"camera3d","f":"addBillboardToScene","a":"bb24"},
[21:37:33.819] {"t":"camera3d","f":"addBillboardToScene","a":"bb22"},
[21:37:33.819] {"t":"camera3d","f":"addBillboardToScene","a":"bb23"},
[21:37:33.820] {"t":"camera3d","f":"addBillboardToScene","a":"bb25"},
[21:37:33.820] {"t":"camera3d","f":"addBillboardToScene","a":"bb26"},
[21:37:33.820] {"t":"camera3d","f":"addBillboardToScene","a":"bb54"},
[21:37:33.820] {"t":"camera3d","f":"addBillboardToScene","a":"bb55"},
[21:37:33.821] {"t":"camera3d","f":"addBillboardToScene","a":"bb57"},
[21:37:33.821] {"t":"camera3d","f":"addBillboardToScene","a":"bb58"},
[21:37:33.822] {"t":"camera3d","f":"addBillboardToScene","a":"bb60"},
[21:37:33.822] {"t":"camera3d","f":"addBillboardToScene","a":"bb59"},
[21:37:33.822] {"t":"camera3d","f":"addBillboardToScene","a":"bb61"},
[21:37:33.822] {"t":"camera3d","f":"addBillboardToScene","a":"bb62"},
[21:37:33.820] {"t":"camera3d","f":"addBillboardToScene","a":"bb56"},
[21:37:33.871] {"t":"camera3d","f":"addBillboardToScene","a":"bb_singular"},
[21:37:33.891] {"t":"camera3d","f":"addBillboardToScene","a":"bb_singular"},
[21:37:47.181] {"t":"narrative","f":"shot","a":{"delta":{"timeline":{"p":{"paused":true,"repeat":0},"actors":{"i3d:camera:rotation":[{"dur":4,"p":{"y":0.7854,"immediateRender":false}}]}}}}},
[21:37:47.198] {"t":"mediator","f":"socket.emit.actions","a":{"t":"camera3d","f":"panflyTo","a":{"r":0.7854,"d":4}}},
[21:37:47.229] {"t":"Mediator","f":"component","a":"narrative"},
[21:37:47.230] {"t":"app","f":"onEnter","a":{"name":"shot-anim:scope2"}},
[21:37:47.230] {"t":"timeline","f":"play"},
[21:37:57.186] {"t":"narrative","f":"shot","a":{"delta":{"timeline":{"p":{"paused":true,"repeat":0},"actors":{"i3d:camera:rotation":[{"dur":4,"p":{"x":0.7854,"immediateRender":false}}]}}}}},
[21:37:57.197] {"t":"mediator","f":"socket.emit.actions","a":{"t":"camera3d","f":"tiltflyTo","a":{"r":0.7854,"d":4}}},
[21:37:57.228] {"t":"app","f":"onEnter","a":{"name":"shot-anim:scope3"}},
[21:37:57.228] {"t":"timeline","f":"play"},
[21:37:57.228] {"t":"Mediator","f":"component","a":"narrative"},
[21:38:12.188] {"t":"mediator","f":"socket.emit.actions","a":{"t":"camera3d","f":"billboardsFaceCamera"}},
[21:38:22.187] {"t":"narrative","f":"shot","a":{"delta":{"timeline":{"p":{"paused":true,"repeat":0},"actors":{"i3d:camera:rotation":[{"dur":4,"p":{"y":-0.7854,"immediateRender":false}}]}}}}},
[21:38:22.201] {"t":"mediator","f":"socket.emit.actions","a":{"t":"camera3d","f":"panflyTo","a":{"r":-0.7854,"d":4}}},
[21:38:22.230] {"t":"Mediator","f":"component","a":"narrative"},
[21:38:22.231] {"t":"app","f":"onEnter","a":{"name":"shot-anim:scope4"}},
[21:38:22.231] {"t":"timeline","f":"play"},
[21:38:37.194] {"t":"narrative","f":"shot","a":{"delta":{"timeline":{"p":{"paused":true,"repeat":0},"actors":{"i3d:camera:rotation":[{"dur":4,"p":{"x":-0.7854,"immediateRender":false}}]}}}}},
[21:38:37.209] {"t":"mediator","f":"socket.emit.actions","a":{"t":"camera3d","f":"tiltflyTo","a":{"r":-0.7854,"d":4}}},
[21:38:37.243] {"t":"Mediator","f":"component","a":"narrative"},
[21:38:37.244] {"t":"timeline","f":"play"},
[21:38:37.244] {"t":"app","f":"onEnter","a":{"name":"shot-anim:scope5"}},
[21:38:47.210] {"t":"mediator","f":"socket.emit.actions","a":{"t":"narrative","f":"change_scene","a":"escher"}},
[21:38:47.782] {"t":"Mediator","f":"component","a":"narrative"},
[21:38:47.782] {"t":"app","f":"onEnter","a":{"name":"escher:"}},
[21:38:47.782] {"t":"app","f":"onEnter","a":{"name":"i3d-simple:simple_red"}},
[21:38:47.784] {"t":"timeline","f":"play"},
[21:38:47.783] {"t":"app","f":"onEnter","a":{"name":"base-skycube:no_anim"}},
[21:38:47.784] {"t":"camera3d","f":"addActorToScene","a":"cube0"},
[21:38:47.785] {"t":"camera3d","f":"addActorToScene","a":"cube0"},
[21:38:47.785] {"t":"camera3d","f":"addActorToScene","a":"csphere"},
[21:38:47.785] {"t":"camera3d","f":"addActorToScene","a":"cube0"},
[21:38:47.785] {"t":"camera3d","f":"addActorToScene","a":"cube0_0"},
[21:38:47.786] {"t":"camera3d","f":"addActorToScene","a":"cube0_1"},
[21:38:47.786] {"t":"camera3d","f":"addActorToScene","a":"cube0_0"},
[21:38:47.786] {"t":"camera3d","f":"addActorToScene","a":"cube0_1"},
[21:38:47.786] {"t":"camera3d","f":"addActorToScene","a":"cube0_0"},
[21:38:47.787] {"t":"camera3d","f":"addActorToScene","a":"cube0_1"},
[21:38:47.783] {"t":"app","f":"onEnter","a":{"name":"shot-anim:s0"}},
[21:38:47.783] {"t":"camera3d","f":"changeTemplateScene"},
[21:38:47.783] {"t":"app","f":"onEnter","a":{"name":"i2d-scene:mf2d0"}},
[21:42:21.934] {"t":"camera3d","f":"pan (look) right","a":39},
[21:42:21.942] {"t":"Mediator","f":"record","a":{"t":"camera3d","f":"panflyBy","a":{"r":-0.19635,"d":3}}},
[21:42:21.943] {"t":"narrative","f":"shot","a":{"delta":{"timeline":{"p":{"paused":true,"repeat":0},"actors":{"i3d:camera:rotation":[{"dur":3,"p":{"y":-0.98175,"immediateRender":false}}]}}}}},
[21:42:21.999] {"t":"timeline","f":"play"},
[21:42:21.998] {"t":"app","f":"onEnter","a":{"name":"shot-anim:scope7"}},
[21:42:21.997] {"t":"Mediator","f":"component","a":"narrative"},
[21:42:25.104] {"t":"camera3d","f":"tilt (look) up","a":38},
[21:42:25.110] {"t":"Mediator","f":"record","a":{"t":"camera3d","f":"tiltflyBy","a":{"r":0.19635,"d":3}}},
[21:42:25.111] {"t":"narrative","f":"shot","a":{"delta":{"timeline":{"p":{"paused":true,"repeat":0},"actors":{"i3d:camera:rotation":[{"dur":3,"p":{"x":-0.58905,"immediateRender":false}}]}}}}},
[21:42:25.146] {"t":"Mediator","f":"component","a":"narrative"},
[21:42:25.147] {"t":"app","f":"onEnter","a":{"name":"shot-anim:scope8"}},
[21:42:25.147] {"t":"timeline","f":"play"},
[21:42:30.245] {"t":"camera3d","f":"yaw ccw","a":71},
[21:42:30.252] {"t":"Mediator","f":"record","a":{"t":"camera3d","f":"yawflyBy","a":{"r":-0.3927,"d":3}}},
[21:42:30.253] {"t":"narrative","f":"shot","a":{"delta":{"timeline":{"p":{"paused":true,"repeat":0},"actors":{"i3d:csphere:rotation":[{"dur":3,"p":{"y":-0.3927,"immediateRender":false}}]}}}}},
[21:42:30.300] {"t":"Mediator","f":"component","a":"narrative"},
[21:42:30.300] {"t":"app","f":"onEnter","a":{"name":"shot-anim:scope9"}},
[21:42:30.300] {"t":"timeline","f":"play"},
[21:42:36.225] {"t":"camera3d","f":"pitch cw","a":75},
[21:42:36.231] {"t":"Mediator","f":"record","a":{"t":"camera3d","f":"pitchflyBy","a":{"r":0.3927,"d":3}}},
[21:42:36.232] {"t":"narrative","f":"shot","a":{"delta":{"timeline":{"p":{"paused":true,"repeat":0},"actors":{"i3d:csphere:rotation":[{"dur":3,"p":{"x":0.3927,"immediateRender":false}}]}}}}},
[21:42:36.277] {"t":"Mediator","f":"component","a":"narrative"},
[21:42:36.278] {"t":"app","f":"onEnter","a":{"name":"shot-anim:scope10"}},
[21:42:36.278] {"t":"timeline","f":"play"},
[21:43:20.264] {"t":"camera3d","f":"dollyX+","a":49},
[21:43:20.276] {"t":"Mediator","f":"record","a":{"t":"camera3d","f":"dollyflyBy","a":{"x":10,"d":3}}},
[21:43:20.276] {"t":"narrative","f":"shot","a":{"delta":{"timeline":{"p":{"paused":true,"repeat":0},"actors":{"i3d:csphere:position":[{"dur":3,"p":{"x":10,"y":0,"z":0,"immediateRender":false}}]}}}}},
[21:43:20.328] {"t":"timeline","f":"play"},
[21:43:20.328] {"t":"app","f":"onEnter","a":{"name":"shot-anim:scope11"}},
[21:43:20.327] {"t":"Mediator","f":"component","a":"narrative"},
[21:43:48.780] {"t":"camera2d","f":"zoom-in","a":90},
[21:43:48.793] {"t":"Mediator","f":"record","a":{"t":"camera2d","f":"zoomflyBy","a":{"s":1.1111,"d":3}}},
[21:43:48.794] {"t":"narrative","f":"shot","a":{"delta":{"timeline":{"p":{"paused":true,"repeat":0,"tweens":[]},"actors":{"i2d:zoom_plane":[{"dur":3,"p":{"scale":1.1111,"svgOrigin":"0% 0%","immediateRender":false}}]}}}}},
[21:43:48.843] {"t":"Mediator","f":"component","a":"narrative"},
[21:43:48.844] {"t":"timeline","f":"play"},
[21:43:48.843] {"t":"app","f":"onEnter","a":{"name":"shot-anim:scope12"}},
[21:43:52.605] {"t":"camera3d","f":"zoom in","a":65},
[21:43:52.611] {"t":"Mediator","f":"record","a":{"t":"camera3d","f":"zoomflyBy","a":{"s":0.9,"d":3}}},
[21:43:52.612] {"t":"narrative","f":"shot","a":{"delta":{"timeline":{"p":{"paused":true,"repeat":0},"actors":{"i3d:csphere:scale":[{"dur":3,"p":{"x":0.9,"y":0.9,"z":0.9,"immediateRender":false}}]}}}}},
[21:43:52.657] {"t":"Mediator","f":"component","a":"narrative"},
[21:43:52.657] {"t":"app","f":"onEnter","a":{"name":"shot-anim:scope13"}},
[21:43:52.657] {"t":"timeline","f":"play"},
[21:43:57.074] {"t":"camera2d","f":"zoom-out","a":88},
[21:43:57.085] {"t":"Mediator","f":"record","a":{"t":"camera2d","f":"zoomflyBy","a":{"s":0.9,"d":3}}},
[21:43:57.086] {"t":"narrative","f":"shot","a":{"delta":{"timeline":{"p":{"paused":true,"repeat":0,"tweens":[]},"actors":{"i2d:zoom_plane":[{"dur":3,"p":{"scale":0.99999,"svgOrigin":"0% 0%","immediateRender":false}}]}}}}},
[21:43:57.135] {"t":"timeline","f":"play"},
[21:43:57.135] {"t":"app","f":"onEnter","a":{"name":"shot-anim:scope14"}},
[21:43:57.134] {"t":"Mediator","f":"component","a":"narrative"},
