[23:27:27.231] {"t":"camera3d","f":"place","a":12},
[23:27:27.329] {"t":"camerasphere","f":"create","a":"csphere"},
[23:27:27.330] {"t":"camerasphere","f":"children","a":1},
[23:27:39.304] {"a":"~~~~ change_state() url = /escher:/i3d-simple:simple_red/i2d-scene:mf2d0/base-skycube:no_anim/ui-msgbg:/shot-anim:s0"},
[23:27:39.805] {"a":"~~~~ change_state() this.prev_url = ^"},
[23:27:39.805] {"t":"Mediator","f":"component","a":"narrative"},
[23:27:39.805] {"t":"app","f":"onEnter","a":{"name":"escher:"}},
[23:27:39.806] {"t":"app","f":"onEnter","a":{"name":"i3d-simple:simple_red"}},
[23:27:39.807] {"t":"camera3d","f":"changeTemplateScene"},
[23:27:39.808] {"t":"app","f":"onEnter","a":{"name":"i2d-scene:mf2d0"}},
[23:27:39.809] {"t":"app","f":"onEnter","a":{"name":"base-skycube:no_anim"}},
[23:27:39.809] {"t":"app","f":"onEnter","a":{"name":"shot-anim:s0"}},
[23:27:39.809] {"t":"timeline","f":"play"},
[23:27:39.810] {"t":"camera3d","f":"addActorToScene","a":"csphere"},
[23:27:39.810] {"t":"camera3d","f":"addActorToScene","a":"cube0"},
[23:27:39.811] {"t":"camera3d","f":"addActorToScene","a":"cube0_0"},
[23:27:39.812] {"t":"camera3d","f":"addActorToScene","a":"cube0_1"},
[23:28:15.286] {"a":"~~~~ change_state() url = /circle:/i3d-simple:simple_red/i2d-scene:disks0/base-skycube:test_cube/ui-msgbg:/shot-graft:a0"},
[23:28:15.495] {"a":"~~~~ change_state() this.prev_url = /escher:/i3d-simple:simple_red/i2d-scene:mf2d0/base-skycube:no_anim//shot-anim:s0"},
[23:28:15.496] {"t":"Mediator","f":"component","a":"narrative"},
[23:28:15.496] {"t":"app","f":"onEnter","a":{"name":"circle:"}},
[23:28:15.496] {"t":"app","f":"onEnter","a":{"name":"i2d-scene:disks0"}},
[23:28:15.497] {"t":"app","f":"onEnter","a":{"name":"base-skycube:test_cube"}},
[23:28:15.498] {"t":"app","f":"onEnter","a":{"name":"shot-graft:a0"}},
[23:28:15.498] {"t":"timeline","f":"play"},
[23:28:15.498] {"t":"camera3d","f":"addActorToScene","a":"cube0_3"},
[23:28:15.579] {"t":"camera3d","f":"addActorToScene","a":"cube0_2"},
