[23:37:59.193] {"t":"camera3d","f":"place","a":12},
[23:37:59.284] {"t":"camerasphere","f":"children","a":1},
[23:37:59.283] {"t":"camerasphere","f":"create","a":"csphere"},
[23:38:18.029] {"a":"~~~~ change_state() url = /circle:/i3d-simple:simple_red/i2d-scene:disks0/base-skycube:test_cube/ui-msgbg:/shot-graft:a0"},
[23:38:18.551] {"a":"~~~~ change_state() this.prev_url = ^"},
[23:38:18.551] {"t":"mediator","f":"socket.emit.actions","a":{"t":"narrative","f":"change_scene","a":"circle"}},
[23:38:18.553] {"t":"Mediator","f":"component","a":"narrative"},
[23:38:18.553] {"t":"app","f":"onEnter","a":{"name":"circle:"}},
[23:38:18.554] {"t":"app","f":"onEnter","a":{"name":"i3d-simple:simple_red"}},
[23:38:18.555] {"t":"camera3d","f":"changeTemplateScene"},
[23:38:18.555] {"t":"app","f":"onEnter","a":{"name":"i2d-scene:disks0"}},
[23:38:18.555] {"t":"app","f":"onEnter","a":{"name":"base-skycube:test_cube"}},
[23:38:18.556] {"t":"timeline","f":"play"},
[23:38:18.557] {"t":"camera3d","f":"addActorToScene","a":"csphere"},
[23:38:18.556] {"t":"app","f":"onEnter","a":{"name":"shot-graft:a0"}},
[23:38:18.557] {"t":"camera3d","f":"addActorToScene","a":"cube0"},
[23:38:18.558] {"t":"camera3d","f":"addActorToScene","a":"cube0_0"},
[23:38:18.558] {"t":"camera3d","f":"addActorToScene","a":"cube0_1"},
[23:38:33.031] {"t":"mediator","f":"socket.emit.actions","a":{"t":"location","f":"url","a":"/escher://i2d-scene:mf2d0///"}},
[23:38:48.037] {"t":"narrative","f":"shot","a":{"delta":{"timeline":{"p":{"paused":true,"repeat":0,"tweens":[]},"actors":{"i2d:plane":[{"dur":4,"p":{"x":10,"y":10,"immediateRender":false}}]}}}}},
[23:38:48.050] {"a":"~~~~ change_state() url = /circle:/i3d-simple:simple_red/i2d-scene:disks0/base-skycube:test_cube/ui-msgbg:/shot-anim:scope1"},
[23:38:48.050] {"a":"~~~~ change_state() this.prev_url = /circle:/i3d-simple:simple_red/i2d-scene:disks0/base-skycube:test_cube//shot-graft:a0"},
[23:38:48.050] {"t":"mediator","f":"socket.emit.actions","a":{"t":"camera2d","f":"dollyflyTo","a":{"x":10,"y":-10,"d":4}}},
[23:38:48.126] {"t":"Mediator","f":"component","a":"narrative"},
[23:38:48.127] {"t":"app","f":"onEnter","a":{"name":"shot-anim:scope1"}},
[23:38:48.127] {"t":"timeline","f":"play"},
[23:39:01.514] {"t":"camera3d","f":"dollyY+","a":54},
[23:39:01.530] {"t":"Mediator","f":"record","a":{"t":"camera3d","f":"dollyflyBy","a":{"y":10,"d":3}}},
[23:39:01.531] {"t":"narrative","f":"shot","a":{"delta":{"timeline":{"p":{"paused":true,"repeat":0},"actors":{"i3d:csphere:position":[{"dur":3,"p":{"x":0,"y":10,"z":0,"immediateRender":false}}]}}}}},
[23:39:01.532] {"a":"~~~~ change_state() url = /circle:/i3d-simple:simple_red/i2d-scene:disks0/base-skycube:test_cube/ui-msgbg:/shot-anim:scope2"},
[23:39:01.532] {"a":"~~~~ change_state() this.prev_url = //////shot-anim:scope1"},
[23:39:01.568] {"t":"Mediator","f":"component","a":"narrative"},
[23:39:01.569] {"t":"app","f":"onEnter","a":{"name":"shot-anim:scope2"}},
[23:39:01.569] {"t":"timeline","f":"play"},
[23:39:09.671] {"t":"camera3d","f":"dollyY-","a":55},
[23:39:09.697] {"t":"Mediator","f":"record","a":{"t":"camera3d","f":"dollyflyTo","a":{"y":-20,"d":3}}},
[23:39:09.698] {"t":"narrative","f":"shot","a":{"delta":{"timeline":{"p":{"paused":true,"repeat":0},"actors":{"i3d:csphere:position":[{"dur":3,"p":{"x":0,"y":-20,"z":0,"immediateRender":false}}]}}}}},
[23:39:09.699] {"a":"~~~~ change_state() url = /circle:/i3d-simple:simple_red/i2d-scene:disks0/base-skycube:test_cube/ui-msgbg:/shot-anim:scope3"},
[23:39:09.700] {"a":"~~~~ change_state() this.prev_url = //////shot-anim:scope2"},
[23:39:09.725] {"t":"Mediator","f":"component","a":"narrative"},
[23:39:09.726] {"t":"app","f":"onEnter","a":{"name":"shot-anim:scope3"}},
[23:39:09.726] {"t":"timeline","f":"play"},
