[23:52:40.830] {"t":"camera3d","f":"place","a":12},
[23:52:40.933] {"t":"camerasphere","f":"create","a":"csphere"},
[23:52:40.933] {"t":"camerasphere","f":"children","a":1},
[23:52:54.224] {"a":"~~~~ change_state() url = /escher:/i3d-simple:simple_red/i2d-scene:mf2d0/base-skycube:no_anim/ui-msgbg:/shot-anim:s0"},
[23:52:54.620] {"a":"~~~~ change_state() this.prev_url = ^"},
[23:52:54.621] {"t":"Mediator","f":"component","a":"narrative"},
[23:52:54.621] {"t":"app","f":"onEnter","a":{"name":"escher:"}},
[23:52:54.621] {"t":"app","f":"onEnter","a":{"name":"i3d-simple:simple_red"}},
[23:52:54.622] {"t":"camera3d","f":"changeTemplateScene"},
[23:52:54.622] {"t":"app","f":"onEnter","a":{"name":"i2d-scene:mf2d0"}},
[23:52:54.623] {"t":"app","f":"onEnter","a":{"name":"base-skycube:no_anim"}},
[23:52:54.623] {"t":"app","f":"onEnter","a":{"name":"shot-anim:s0"}},
[23:52:54.623] {"t":"timeline","f":"play"},
[23:52:54.623] {"t":"camera3d","f":"addActorToScene","a":"csphere"},
[23:52:54.623] {"t":"camera3d","f":"addActorToScene","a":"cube0"},
[23:52:54.623] {"t":"camera3d","f":"addActorToScene","a":"cube0_0"},
[23:52:54.624] {"t":"camera3d","f":"addActorToScene","a":"cube0_1"},
[23:53:04.197] {"a":"~~~~ change_state() url = /ellipse:/i3d-simple:simple_red/i2d-scene:disks0/base-skycube:test_cube/ui-msgbg:/shot-graft:scope1"},
[23:53:04.416] {"a":"~~~~ change_state() this.prev_url = /escher:/i3d-simple:simple_red/i2d-scene:mf2d0/base-skycube:no_anim//shot-anim:s0"},
[23:53:04.416] {"t":"Mediator","f":"component","a":"narrative"},
[23:53:04.416] {"t":"app","f":"onEnter","a":{"name":"ellipse:"}},
[23:53:04.417] {"t":"app","f":"onEnter","a":{"name":"i2d-scene:disks0"}},
[23:53:04.418] {"t":"app","f":"onEnter","a":{"name":"base-skycube:test_cube"}},
[23:53:04.419] {"t":"timeline","f":"play"},
[23:53:04.419] {"t":"camera3d","f":"addActorToScene","a":"cube0_3"},
[23:53:04.419] {"t":"app","f":"onEnter","a":{"name":"shot-graft:scope1"}},
[23:53:04.502] {"t":"camera3d","f":"addActorToScene","a":"cube0_2"},
[23:53:22.343] {"a":"~~~~ change_state() url = /stocks:/i3d-jsonmodels:phonghead_kfb/i2d-scene:defsuse0/grid:/ui-msgbg:/2S:"},
[23:53:23.382] {"a":"~~~~ change_state() this.prev_url = /ellipse://i2d-scene:disks0/base-skycube:test_cube//shot-graft:scope1"},
[23:53:23.385] {"t":"Mediator","f":"component","a":"narrative"},
[23:53:23.387] {"t":"app","f":"onEnter","a":{"name":"stocks:"}},
[23:53:23.389] {"t":"app","f":"onEnter","a":{"name":"i3d-jsonmodels:phonghead_kfb"}},
[23:53:23.389] {"t":"camera3d","f":"changeTemplateScene"},
[23:53:23.390] {"t":"app","f":"onEnter","a":{"name":"i2d-scene:defsuse0"}},
[23:53:23.390] {"t":"app","f":"onEnter","a":{"name":"grid:"}},
[23:53:23.390] {"t":"app","f":"onEnter","a":{"name":"2S:"}},
[23:53:23.391] {"t":"timeline","f":"play"},
[23:53:23.391] {"t":"camera3d","f":"addActorToScene","a":"axes0"},
[23:53:23.392] {"t":"camera3d","f":"addActorToScene","a":"csphere"},
[23:53:23.392] {"t":"camera3d","f":"addActorToScene","a":"axes0"},
[23:53:23.392] {"t":"camera3d","f":"addActorToScene","a":"key"},
[23:53:23.393] {"t":"camera3d","f":"addActorToScene","a":"fill"},
[23:53:23.393] {"t":"camera3d","f":"addActorToScene","a":"back"},
[23:53:23.393] {"t":"camera3d","f":"addActorToScene","a":"key"},
[23:53:23.393] {"t":"camera3d","f":"addActorToScene","a":"fill"},
[23:53:23.393] {"t":"camera3d","f":"addActorToScene","a":"back"},
[23:53:23.887] {"t":"camera3d","f":"addActorToScene","a":"head_scan"},
[23:53:24.293] {"t":"camera3d","f":"addActorToScene","a":"head_scan"},
[23:53:33.692] {"a":"~~~~ change_state() url = /payments:/i3d-simple:phong_head_sphere_kfb/i2d-empty:/black:/ui-msgbg:/CU:"},
[23:53:34.133] {"a":"~~~~ change_state() this.prev_url = /stocks:/i3d-jsonmodels:phonghead_kfb/i2d-scene:defsuse0/grid://2S:"},
[23:53:34.134] {"t":"Mediator","f":"component","a":"narrative"},
[23:53:34.134] {"t":"app","f":"onEnter","a":{"name":"payments:"}},
[23:53:34.135] {"t":"app","f":"onEnter","a":{"name":"i3d-simple:phong_head_sphere_kfb"}},
[23:53:34.135] {"t":"camera3d","f":"changeTemplateScene"},
[23:53:34.135] {"t":"app","f":"onEnter","a":{"name":"i2d-empty:"}},
[23:53:34.136] {"t":"app","f":"onEnter","a":{"name":"black:"}},
[23:53:34.136] {"t":"app","f":"onEnter","a":{"name":"CU:"}},
[23:53:34.137] {"t":"timeline","f":"play"},
[23:53:34.137] {"t":"camera3d","f":"addActorToScene","a":"sphere_phong"},
[23:53:34.137] {"t":"camera3d","f":"addActorToScene","a":"csphere"},
[23:53:34.138] {"t":"camera3d","f":"addActorToScene","a":"axes0"},
[23:53:34.138] {"t":"camera3d","f":"addActorToScene","a":"sphere_phong"},
[23:53:34.138] {"t":"camera3d","f":"addActorToScene","a":"key"},
[23:53:34.138] {"t":"camera3d","f":"addActorToScene","a":"fill"},
[23:53:34.139] {"t":"camera3d","f":"addActorToScene","a":"back"},
[23:53:34.587] {"t":"camera3d","f":"addActorToScene","a":"head_scan"},
[23:53:44.626] {"a":"~~~~ change_state() url = /a:/i3d-simple:simple_green/i2d-scene:disks0/base-skycube:test_cube/ui-msgbg:/LS"},
[23:53:44.913] {"a":"~~~~ change_state() this.prev_url = /payments:/i3d-simple:phong_head_sphere_kfb/i2d-empty:/black://CU:"},
[23:53:44.913] {"t":"Mediator","f":"component","a":"narrative"},
[23:53:44.914] {"t":"app","f":"onEnter","a":{"name":"i3d-simple:simple_green"}},
[23:53:44.914] {"t":"camera3d","f":"changeTemplateScene"},
[23:53:44.914] {"t":"app","f":"onEnter","a":{"name":"a:"}},
[23:53:44.914] {"t":"app","f":"onEnter","a":{"name":"i2d-scene:disks0"}},
[23:53:44.915] {"t":"app","f":"onEnter","a":{"name":"base-skycube:test_cube"}},
[23:53:44.915] {"t":"app","f":"onEnter","a":{"name":"LS"}},
[23:53:44.915] {"t":"timeline","f":"play"},
[23:53:44.915] {"t":"camera3d","f":"addActorToScene","a":"csphere"},
[23:53:44.916] {"t":"camera3d","f":"addActorToScene","a":"axes0"},
[23:53:45.002] {"t":"camera3d","f":"addActorToScene","a":"cube0"},
[23:53:45.003] {"t":"camera3d","f":"addActorToScene","a":"cube0"},
[23:53:45.004] {"t":"camera3d","f":"addActorToScene","a":"cube0"},
[23:53:54.797] {"a":"~~~~ change_state() url = /a0:/i3d-simple:simple_green/i2d-scene:disks0/base-skycube:test_cube/ui-msgbg:/shot-graft:scope5"},
[23:53:55.101] {"a":"~~~~ change_state() this.prev_url = /a:/i3d-simple:simple_green/i2d-scene:disks0/base-skycube:test_cube//LS"},
[23:53:55.102] {"t":"app","f":"onEnter","a":{"name":"a0:"}},
[23:53:55.102] {"t":"app","f":"onEnter","a":{"name":"shot-graft:scope5"}},
[23:53:55.103] {"t":"camera3d","f":"addActorToScene","a":"cube0_3"},
[23:53:55.103] {"t":"camera3d","f":"addActorToScene","a":"cube0_3"},
[23:53:55.102] {"t":"Mediator","f":"component","a":"narrative"},
[23:53:55.102] {"t":"timeline","f":"play"},
[23:53:55.131] {"t":"camera3d","f":"addActorToScene","a":"cube0_2"},
[23:53:55.131] {"t":"camera3d","f":"addActorToScene","a":"cube0_2"},
[23:54:06.386] {"a":"~~~~ change_state() url = /a1:/i3d-simple:simple_green/i2d-scene:disks0/base-skycube:test_cube/ui-msgbg:/shot-graft:scope6"},
[23:54:06.629] {"a":"~~~~ change_state() this.prev_url = /a0://///shot-graft:scope5"},
[23:54:06.630] {"t":"Mediator","f":"component","a":"narrative"},
[23:54:06.630] {"t":"app","f":"onEnter","a":{"name":"a1:"}},
[23:54:06.630] {"t":"app","f":"onEnter","a":{"name":"shot-graft:scope6"}},
[23:54:06.630] {"t":"timeline","f":"play"},
[23:54:06.633] {"t":"camera3d","f":"addActorToScene","a":"s0_2_0"},
[23:54:06.633] {"t":"camera3d","f":"addActorToScene","a":"s0_2_1"},
[23:54:06.635] {"t":"camera3d","f":"addActorToScene","a":"s0_2_0"},
[23:54:06.636] {"t":"camera3d","f":"addActorToScene","a":"s0_2_1"},
[23:54:25.351] {"a":"~~~~ change_state() url = /a2:/i3d-simple:simple_green/i2d-scene:disks0/base-skycube:test_cube/ui-msgbg:/shot-graft:scope7"},
[23:54:25.422] {"a":"~~~~ change_state() this.prev_url = /a1://///shot-graft:scope6"},
[23:54:25.423] {"t":"Mediator","f":"component","a":"narrative"},
[23:54:25.423] {"t":"app","f":"onEnter","a":{"name":"a2:"}},
[23:54:25.424] {"t":"app","f":"onEnter","a":{"name":"shot-graft:scope7"}},
[23:54:25.424] {"t":"timeline","f":"play"},
[23:54:38.316] {"t":"camera3d","f":"pan (look) right","a":39},
[23:54:38.327] {"t":"Mediator","f":"record","a":{"t":"camera3d","f":"panflyBy","a":{"r":-0.19635,"d":3}}},
[23:54:38.332] {"t":"narrative","f":"shot","a":{"delta":{"timeline":{"p":{"paused":true,"repeat":0},"actors":{"i3d:camera:rotation":[{"dur":3,"p":{"y":-0.19635,"immediateRender":false}}]}}}}},
[23:54:38.332] {"a":"~~~~ change_state() url = /a2:/i3d-simple:simple_green/i2d-scene:disks0/base-skycube:test_cube/ui-msgbg:/shot-anim:scope8"},
[23:54:38.332] {"a":"~~~~ change_state() this.prev_url = /a2://///shot-graft:scope7"},
[23:54:38.389] {"t":"Mediator","f":"component","a":"narrative"},
[23:54:38.390] {"t":"app","f":"onEnter","a":{"name":"shot-anim:scope8"}},
[23:54:38.390] {"t":"timeline","f":"play"},
