[02:02:15.858] {"t":"Mediator","f":"record","a":{"t":"camera3d","f":"dollyBy","a":{"x":10,"d":3}}},
[02:02:15.919] {"t":"Mediator","f":"component","a":"narrative"},
[02:02:15.919] {"t":"app","f":"onEnter","a":{"name":"empty:"}},
[02:02:15.920] {"t":"app","f":"onEnter","a":{"name":"shot-anim:scope0"}},
[02:02:18.543] {"t":"camera2d","f":"dollyX-","a":87},
[02:02:18.564] {"t":"Mediator","f":"record","a":{"t":"camera2d","f":"dollyflyBy","a":{"x":-10,"d":3}}},
[02:02:18.565] {"t":"narrative","f":"shot","a":{"delta":{"timeline":{"p":{"paused":true,"repeat":0,"tweens":[]},"actors":{"i2d:plane":[{"dur":3,"p":{"x":-10,"y":0,"immediateRender":false}}]}}}}},
[02:02:18.600] {"t":"Mediator","f":"component","a":"narrative"},
[02:02:18.603] {"t":"app","f":"onEnter","a":{"name":"shot-anim:scope1"}},
[02:02:28.370] {"t":"queue","f":"push","a":{"t":"camera2d","f":"zoomflyTo","a":{"s":2,"d":5}}},
[02:02:38.373] {"t":"queue","f":"push","a":{"t":"camera2d","f":"zoomflyTo","a":{"s":0.5,"d":5}}},
[02:02:45.403] {"t":"narrative","f":"shot","a":{"delta":{"timeline":{"p":{"paused":true,"repeat":0,"tweens":[]},"actors":{"i2d:zoom_plane":[{"dur":5,"p":{"scale":2,"svgOrigin":"0% 0%","immediateRender":false}}]}}}}},
[02:02:45.481] {"t":"Mediator","f":"component","a":"narrative"},
[02:02:45.482] {"t":"app","f":"onEnter","a":{"name":"shot-anim:scope2"}},
[02:02:48.385] {"t":"queue","f":"push","a":{"t":"camera2d","f":"zoomflyTo","a":{"s":2,"d":5}}},
[02:02:50.434] {"t":"narrative","f":"shot","a":{"delta":{"timeline":{"p":{"paused":true,"repeat":0,"tweens":[]},"actors":{"i2d:zoom_plane":[{"dur":5,"p":{"scale":0.5,"svgOrigin":"0% 0%","immediateRender":false}}]}}}}},
[02:02:50.522] {"t":"Mediator","f":"component","a":"narrative"},
[02:02:50.523] {"t":"app","f":"onEnter","a":{"name":"shot-anim:scope3"}},
[02:02:55.444] {"t":"narrative","f":"shot","a":{"delta":{"timeline":{"p":{"paused":true,"repeat":0,"tweens":[]},"actors":{"i2d:zoom_plane":[{"dur":5,"p":{"scale":2,"svgOrigin":"0% 0%","immediateRender":false}}]}}}}},
[02:02:55.538] {"t":"Mediator","f":"component","a":"narrative"},
[02:02:55.538] {"t":"app","f":"onEnter","a":{"name":"shot-anim:scope4"}},
[02:02:58.396] {"t":"queue","f":"push","a":{"t":"camera2d","f":"zoomflyTo","a":{"s":0.5,"d":5}}},
[02:03:00.449] {"t":"narrative","f":"shot","a":{"delta":{"timeline":{"p":{"paused":true,"repeat":0,"tweens":[]},"actors":{"i2d:zoom_plane":[{"dur":5,"p":{"scale":0.5,"svgOrigin":"0% 0%","immediateRender":false}}]}}}}},
[02:03:00.548] {"t":"Mediator","f":"component","a":"narrative"},
[02:03:00.548] {"t":"app","f":"onEnter","a":{"name":"shot-anim:scope5"}},
[02:03:00.600] {"t":"Mediator","f":"component","a":"narrative"},
[02:03:01.141] {"t":"app","f":"onEnter","a":{"name":"escher:"}},
[02:03:01.142] {"t":"app","f":"onEnter","a":{"name":"i3d-simple:simple_red"}},
[02:03:01.143] {"t":"app","f":"onEnter","a":{"name":"i2d-scene:mf2d0"}},
[02:03:01.143] {"t":"app","f":"onEnter","a":{"name":"base-skycube:no_anim"}},
[02:03:01.144] {"t":"app","f":"onEnter","a":{"name":"shot-anim:s0"}},
[02:03:08.382] {"t":"queue","f":"push","a":{"t":"camera2d","f":"zoomflyTo","a":{"s":2,"d":5}}},
[02:03:18.398] {"t":"queue","f":"push","a":{"t":"camera2d","f":"zoomflyTo","a":{"s":0.5,"d":5}}},
[02:03:25.402] {"t":"narrative","f":"shot","a":{"delta":{"timeline":{"p":{"paused":true,"repeat":0,"tweens":[]},"actors":{"i2d:zoom_plane":[{"dur":5,"p":{"scale":2,"svgOrigin":"0% 0%","immediateRender":false}}]}}}}},
[02:03:25.476] {"t":"Mediator","f":"component","a":"narrative"},
[02:03:25.477] {"t":"app","f":"onEnter","a":{"name":"shot-anim:scope7"}},
[02:03:27.399] {"t":"camera2d","f":"roll ccw","a":67},
[02:03:27.402] "roll ccw",
[02:03:28.397] {"t":"queue","f":"push","a":{"t":"camera2d","f":"zoomflyTo","a":{"s":2,"d":5}}},
[02:03:30.433] {"t":"narrative","f":"shot","a":{"delta":{"timeline":{"p":{"paused":true,"repeat":0,"tweens":[]},"actors":{"i2d:zoom_plane":[{"dur":5,"p":{"scale":0.5,"svgOrigin":"0% 0%","immediateRender":false}}]}}}}},
[02:03:30.499] {"t":"app","f":"onEnter","a":{"name":"shot-anim:scope8"}},
[02:03:30.499] {"t":"Mediator","f":"component","a":"narrative"},
[02:03:35.446] {"t":"narrative","f":"shot","a":{"delta":{"timeline":{"p":{"paused":true,"repeat":0,"tweens":[]},"actors":{"i2d:zoom_plane":[{"dur":5,"p":{"scale":2,"svgOrigin":"0% 0%","immediateRender":false}}]}}}}},
[02:03:35.538] {"t":"Mediator","f":"component","a":"narrative"},
[02:03:35.539] {"t":"app","f":"onEnter","a":{"name":"shot-anim:scope9"}},
[02:03:38.419] {"t":"queue","f":"push","a":{"t":"camera2d","f":"zoomflyTo","a":{"s":0.5,"d":5}}},
[02:03:40.454] {"t":"narrative","f":"shot","a":{"delta":{"timeline":{"p":{"paused":true,"repeat":0,"tweens":[]},"actors":{"i2d:zoom_plane":[{"dur":5,"p":{"scale":0.5,"svgOrigin":"0% 0%","immediateRender":false}}]}}}}},
[02:03:40.562] {"t":"app","f":"onEnter","a":{"name":"shot-anim:scope10"}},
[02:03:40.561] {"t":"Mediator","f":"component","a":"narrative"},
[02:03:48.418] {"t":"queue","f":"push","a":{"t":"camera2d","f":"zoomflyTo","a":{"s":2,"d":5}}},
[02:03:58.435] {"t":"queue","f":"push","a":{"t":"camera2d","f":"zoomflyTo","a":{"s":0.5,"d":5}}},
[02:04:05.415] {"t":"narrative","f":"shot","a":{"delta":{"timeline":{"p":{"paused":true,"repeat":0,"tweens":[]},"actors":{"i2d:zoom_plane":[{"dur":5,"p":{"scale":2,"svgOrigin":"0% 0%","immediateRender":false}}]}}}}},
[02:04:05.497] {"t":"Mediator","f":"component","a":"narrative"},
[02:04:05.497] {"t":"app","f":"onEnter","a":{"name":"shot-anim:scope11"}},
[02:04:08.431] {"t":"queue","f":"push","a":{"t":"camera2d","f":"zoomflyTo","a":{"s":2,"d":5}}},
[02:04:10.452] {"t":"narrative","f":"shot","a":{"delta":{"timeline":{"p":{"paused":true,"repeat":0,"tweens":[]},"actors":{"i2d:zoom_plane":[{"dur":5,"p":{"scale":0.5,"svgOrigin":"0% 0%","immediateRender":false}}]}}}}},
[02:04:10.547] {"t":"Mediator","f":"component","a":"narrative"},
[02:04:10.548] {"t":"app","f":"onEnter","a":{"name":"shot-anim:scope12"}},
[02:04:15.461] {"t":"narrative","f":"shot","a":{"delta":{"timeline":{"p":{"paused":true,"repeat":0,"tweens":[]},"actors":{"i2d:zoom_plane":[{"dur":5,"p":{"scale":2,"svgOrigin":"0% 0%","immediateRender":false}}]}}}}},
[02:04:15.544] {"t":"app","f":"onEnter","a":{"name":"shot-anim:scope13"}},
[02:04:15.543] {"t":"Mediator","f":"component","a":"narrative"},
[02:04:18.433] {"t":"queue","f":"push","a":{"t":"camera2d","f":"zoomflyTo","a":{"s":0.5,"d":5}}},
[02:04:20.465] {"t":"narrative","f":"shot","a":{"delta":{"timeline":{"p":{"paused":true,"repeat":0,"tweens":[]},"actors":{"i2d:zoom_plane":[{"dur":5,"p":{"scale":0.5,"svgOrigin":"0% 0%","immediateRender":false}}]}}}}},
[02:04:20.549] {"t":"Mediator","f":"component","a":"narrative"},
[02:04:20.550] {"t":"app","f":"onEnter","a":{"name":"shot-anim:scope14"}},
[02:04:28.431] {"t":"queue","f":"push","a":{"t":"camera2d","f":"zoomflyTo","a":{"s":2,"d":5}}},
[02:04:38.443] {"t":"queue","f":"push","a":{"t":"camera2d","f":"zoomflyTo","a":{"s":0.5,"d":5}}},
[02:04:45.418] {"t":"narrative","f":"shot","a":{"delta":{"timeline":{"p":{"paused":true,"repeat":0,"tweens":[]},"actors":{"i2d:zoom_plane":[{"dur":5,"p":{"scale":2,"svgOrigin":"0% 0%","immediateRender":false}}]}}}}},
[02:04:45.455] {"t":"app","f":"onEnter","a":{"name":"shot-anim:scope15"}},
[02:04:45.454] {"t":"Mediator","f":"component","a":"narrative"},
[02:04:48.444] {"t":"queue","f":"push","a":{"t":"camera2d","f":"zoomflyTo","a":{"s":2,"d":5}}},
[02:04:50.416] {"t":"narrative","f":"shot","a":{"delta":{"timeline":{"p":{"paused":true,"repeat":0,"tweens":[]},"actors":{"i2d:zoom_plane":[{"dur":5,"p":{"scale":0.5,"svgOrigin":"0% 0%","immediateRender":false}}]}}}}},
[02:04:50.496] {"t":"Mediator","f":"component","a":"narrative"},
[02:04:50.497] {"t":"app","f":"onEnter","a":{"name":"shot-anim:scope16"}},
[02:04:55.427] {"t":"narrative","f":"shot","a":{"delta":{"timeline":{"p":{"paused":true,"repeat":0,"tweens":[]},"actors":{"i2d:zoom_plane":[{"dur":5,"p":{"scale":2,"svgOrigin":"0% 0%","immediateRender":false}}]}}}}},
[02:04:55.501] {"t":"Mediator","f":"component","a":"narrative"},
[02:04:55.502] {"t":"app","f":"onEnter","a":{"name":"shot-anim:scope17"}},
[02:04:58.463] {"t":"queue","f":"push","a":{"t":"camera2d","f":"zoomflyTo","a":{"s":0.5,"d":5}}},
[02:05:00.432] {"t":"narrative","f":"shot","a":{"delta":{"timeline":{"p":{"paused":true,"repeat":0,"tweens":[]},"actors":{"i2d:zoom_plane":[{"dur":5,"p":{"scale":0.5,"svgOrigin":"0% 0%","immediateRender":false}}]}}}}},
[02:05:00.513] {"t":"Mediator","f":"component","a":"narrative"},
[02:05:00.514] {"t":"app","f":"onEnter","a":{"name":"shot-anim:scope18"}},
