[02:25:20.241] {"t":"Mediator","f":"record","a":{"t":"camera3d","f":"dollyBy","a":{"x":10,"d":3}}},
[02:25:20.299] {"t":"Mediator","f":"component","a":"narrative"},
[02:25:20.299] {"t":"app","f":"onEnter","a":{"name":"empty:"}},
[02:25:20.300] {"t":"app","f":"onEnter","a":{"name":"shot-anim:scope0"}},
[02:25:22.950] {"t":"camera2d","f":"dollyX-","a":87},
[02:25:22.961] {"t":"Mediator","f":"record","a":{"t":"camera2d","f":"dollyflyBy","a":{"x":-10,"d":3}}},
[02:25:22.962] {"t":"narrative","f":"shot","a":{"delta":{"timeline":{"p":{"paused":true,"repeat":0,"tweens":[]},"actors":{"i2d:plane":[{"dur":3,"p":{"x":-10,"y":0,"immediateRender":false}}]}}}}},
[02:25:22.987] {"t":"Mediator","f":"component","a":"narrative"},
[02:25:22.988] {"t":"app","f":"onEnter","a":{"name":"shot-anim:scope1"}},
[02:25:26.815] {"t":"Mediator","f":"record","a":{"t":"camera3d","f":"dollyBy","a":{"x":-10,"d":3}}},
[02:25:26.848] {"t":"Mediator","f":"component","a":"narrative"},
[02:25:26.848] {"t":"app","f":"onEnter","a":{"name":"shot-anim:scope2"}},
[02:25:35.626] {"t":"queue","f":"push","a":{"t":"camera2d","f":"zoomflyTo","a":{"s":2,"d":5}}},
[02:25:45.637] {"t":"queue","f":"push","a":{"t":"camera2d","f":"zoomflyTo","a":{"s":0.5,"d":5}}},
[02:25:54.565] {"t":"narrative","f":"shot","a":{"delta":{"timeline":{"p":{"paused":true,"repeat":0,"tweens":[]},"actors":{"i2d:zoom_plane":[{"dur":5,"p":{"scale":2,"svgOrigin":"0% 0%","immediateRender":false}}]}}}}},
[02:25:54.608] {"t":"Mediator","f":"component","a":"narrative"},
[02:25:54.609] {"t":"app","f":"onEnter","a":{"name":"shot-anim:scope3"}},
[02:25:55.648] {"t":"queue","f":"push","a":{"t":"camera2d","f":"zoomflyTo","a":{"s":2,"d":5}}},
[02:25:59.597] {"t":"narrative","f":"shot","a":{"delta":{"timeline":{"p":{"paused":true,"repeat":0,"tweens":[]},"actors":{"i2d:zoom_plane":[{"dur":5,"p":{"scale":0.5,"svgOrigin":"0% 0%","immediateRender":false}}]}}}}},
[02:25:59.678] {"t":"Mediator","f":"component","a":"narrative"},
[02:25:59.678] {"t":"app","f":"onEnter","a":{"name":"shot-anim:scope4"}},
[02:26:04.651] {"t":"narrative","f":"shot","a":{"delta":{"timeline":{"p":{"paused":true,"repeat":0,"tweens":[]},"actors":{"i2d:zoom_plane":[{"dur":5,"p":{"scale":2,"svgOrigin":"0% 0%","immediateRender":false}}]}}}}},
[02:26:04.720] {"t":"Mediator","f":"component","a":"narrative"},
[02:26:04.721] {"t":"app","f":"onEnter","a":{"name":"shot-anim:scope5"}},
[02:26:05.647] {"t":"queue","f":"push","a":{"t":"camera2d","f":"zoomflyTo","a":{"s":0.5,"d":5}}},
[02:26:09.697] {"t":"narrative","f":"shot","a":{"delta":{"timeline":{"p":{"paused":true,"repeat":0,"tweens":[]},"actors":{"i2d:zoom_plane":[{"dur":5,"p":{"scale":0.5,"svgOrigin":"0% 0%","immediateRender":false}}]}}}}},
[02:26:09.767] {"t":"Mediator","f":"component","a":"narrative"},
[02:26:09.768] {"t":"app","f":"onEnter","a":{"name":"shot-anim:scope6"}},
[02:26:09.988] {"t":"camera2d","f":"zoom-in","a":90},
[02:26:10.025] {"t":"Mediator","f":"record","a":{"t":"camera2d","f":"zoomflyBy","a":{"s":1.1111,"d":3}}},
[02:26:10.026] {"t":"narrative","f":"shot","a":{"delta":{"timeline":{"p":{"paused":true,"repeat":0,"tweens":[]},"actors":{"i2d:zoom_plane":[{"dur":3,"p":{"scale":0.55555,"svgOrigin":"0% 0%","immediateRender":false}}]}}}}},
[02:26:10.074] {"t":"app","f":"onEnter","a":{"name":"shot-anim:scope7"}},
[02:26:10.073] {"t":"Mediator","f":"component","a":"narrative"},
[02:26:15.463] {"t":"Mediator","f":"record","a":{"t":"camera3d","f":"dollyBy","a":{"z":-10,"d":3}}},
[02:26:15.510] {"t":"Mediator","f":"component","a":"narrative"},
[02:26:15.510] {"t":"app","f":"onEnter","a":{"name":"shot-anim:scope8"}},
[02:26:15.653] {"t":"queue","f":"push","a":{"t":"camera2d","f":"zoomflyTo","a":{"s":2,"d":5}}},
[02:26:18.506] {"t":"narrative","f":"shot","a":{"delta":{"timeline":{"p":{"paused":true,"repeat":0,"tweens":[]},"actors":{"i2d:zoom_plane":[{"dur":5,"p":{"scale":2,"svgOrigin":"0% 0%","immediateRender":false}}]}}}}},
[02:26:18.541] {"t":"Mediator","f":"component","a":"narrative"},
[02:26:18.541] {"t":"app","f":"onEnter","a":{"name":"shot-anim:scope9"}},
[02:26:24.690] {"t":"Mediator","f":"record","a":{"t":"camera3d","f":"dollyTo","a":{"x":-20,"d":3}}},
[02:26:24.776] {"t":"Mediator","f":"component","a":"narrative"},
[02:26:24.776] {"t":"app","f":"onEnter","a":{"name":"shot-anim:scope10"}},
[02:26:25.669] {"t":"queue","f":"push","a":{"t":"camera2d","f":"zoomflyTo","a":{"s":0.5,"d":5}}},
[02:26:27.744] {"t":"narrative","f":"shot","a":{"delta":{"timeline":{"p":{"paused":true,"repeat":0,"tweens":[]},"actors":{"i2d:zoom_plane":[{"dur":5,"p":{"scale":0.5,"svgOrigin":"0% 0%","immediateRender":false}}]}}}}},
[02:26:27.799] {"t":"Mediator","f":"component","a":"narrative"},
[02:26:27.800] {"t":"app","f":"onEnter","a":{"name":"shot-anim:scope11"}},
[02:26:31.142] {"t":"camera2d","f":"dollyX-","a":87},
[02:26:31.156] {"t":"Mediator","f":"record","a":{"t":"camera2d","f":"dollyflyBy","a":{"x":-10,"d":3}}},
[02:26:31.157] {"t":"narrative","f":"shot","a":{"delta":{"timeline":{"p":{"paused":true,"repeat":0,"tweens":[]},"actors":{"i2d:plane":[{"dur":3,"p":{"x":-20,"y":0,"immediateRender":false}}]}}}}},
[02:26:31.216] {"t":"Mediator","f":"component","a":"narrative"},
[02:26:31.217] {"t":"app","f":"onEnter","a":{"name":"shot-anim:scope12"}},
[02:26:35.667] {"t":"queue","f":"push","a":{"t":"camera2d","f":"zoomflyTo","a":{"s":2,"d":5}}},
[02:26:43.634] {"t":"Mediator","f":"component","a":"narrative"},
[02:26:44.205] {"t":"app","f":"onEnter","a":{"name":"escher:"}},
[02:26:44.207] {"t":"app","f":"onEnter","a":{"name":"i3d-simple:simple_red"}},
[02:26:44.208] {"t":"app","f":"onEnter","a":{"name":"base-skycube:no_anim"}},
[02:26:44.207] {"t":"app","f":"onEnter","a":{"name":"i2d-scene:mf2d0"}},
[02:26:44.209] {"t":"app","f":"onEnter","a":{"name":"shot-anim:s0"}},
[02:26:45.682] {"t":"queue","f":"push","a":{"t":"camera2d","f":"zoomflyTo","a":{"s":0.5,"d":5}}},
[02:26:47.864] {"t":"Mediator","f":"record","a":{"t":"camera3d","f":"panflyBy","a":{"r":-0.19635,"d":3}}},
[02:26:47.893] {"t":"Mediator","f":"component","a":"narrative"},
[02:26:47.894] {"t":"app","f":"onEnter","a":{"name":"shot-anim:scope14"}},
[02:26:50.874] {"t":"narrative","f":"shot","a":{"delta":{"timeline":{"p":{"paused":true,"repeat":0,"tweens":[]},"actors":{"i2d:zoom_plane":[{"dur":5,"p":{"scale":2,"svgOrigin":"0% 0%","immediateRender":false}}]}}}}},
[02:26:50.949] {"t":"Mediator","f":"component","a":"narrative"},
[02:26:50.950] {"t":"app","f":"onEnter","a":{"name":"shot-anim:scope15"}},
[02:26:50.970] {"t":"Mediator","f":"record","a":{"t":"camera3d","f":"panflyBy","a":{"r":-0.19635,"d":3}}},
[02:26:51.013] {"t":"Mediator","f":"component","a":"narrative"},
[02:26:51.014] {"t":"app","f":"onEnter","a":{"name":"shot-anim:scope16"}},
[02:26:53.983] {"t":"narrative","f":"shot","a":{"delta":{"timeline":{"p":{"paused":true,"repeat":0,"tweens":[]},"actors":{"i2d:zoom_plane":[{"dur":5,"p":{"scale":0.5,"svgOrigin":"0% 0%","immediateRender":false}}]}}}}},
[02:26:54.037] {"t":"Mediator","f":"component","a":"narrative"},
[02:26:54.037] {"t":"app","f":"onEnter","a":{"name":"shot-anim:scope17"}},
[02:26:55.681] {"t":"queue","f":"push","a":{"t":"camera2d","f":"zoomflyTo","a":{"s":2,"d":5}}},
[02:26:59.028] {"t":"narrative","f":"shot","a":{"delta":{"timeline":{"p":{"paused":true,"repeat":0,"tweens":[]},"actors":{"i2d:zoom_plane":[{"dur":5,"p":{"scale":2,"svgOrigin":"0% 0%","immediateRender":false}}]}}}}},
[02:26:59.106] {"t":"Mediator","f":"component","a":"narrative"},
[02:26:59.107] {"t":"app","f":"onEnter","a":{"name":"shot-anim:scope18"}},
[02:26:59.440] {"t":"camera2d","f":"dollyX-","a":87},
[02:26:59.460] {"t":"narrative","f":"shot","a":{"delta":{"timeline":{"p":{"paused":true,"repeat":0,"tweens":[]},"actors":{"i2d:plane":[{"dur":3,"p":{"x":-30,"y":0,"immediateRender":false}}]}}}}},
[02:26:59.459] {"t":"Mediator","f":"record","a":{"t":"camera2d","f":"dollyflyBy","a":{"x":-10,"d":3}}},
[02:26:59.497] {"t":"Mediator","f":"component","a":"narrative"},
[02:26:59.498] {"t":"app","f":"onEnter","a":{"name":"shot-anim:scope19"}},
[02:27:05.699] {"t":"queue","f":"push","a":{"t":"camera2d","f":"zoomflyTo","a":{"s":0.5,"d":5}}},
[02:27:06.548] {"t":"camera2d","f":"roll cw","a":67},
[02:27:06.565] {"t":"Mediator","f":"record","a":{"t":"camera2d","f":"rollflyBy","a":{"r":22.5,"d":3}}},
[02:27:06.567] {"t":"narrative","f":"shot","a":{"delta":{"timeline":{"p":{"paused":true,"repeat":0,"tweens":[]},"actors":{"i2d:zoom_plane":[{"dur":3,"p":{"rotation":22.5,"svgOrigin":"0% 0%","immediateRender":false}}]}}}}},
[02:27:06.600] {"t":"Mediator","f":"component","a":"narrative"},
[02:27:06.600] {"t":"app","f":"onEnter","a":{"name":"shot-anim:scope20"}},
[02:27:09.582] {"t":"narrative","f":"shot","a":{"delta":{"timeline":{"p":{"paused":true,"repeat":0,"tweens":[]},"actors":{"i2d:zoom_plane":[{"dur":5,"p":{"scale":0.5,"svgOrigin":"0% 0%","immediateRender":false}}]}}}}},
[02:27:09.665] {"t":"Mediator","f":"component","a":"narrative"},
[02:27:09.665] {"t":"app","f":"onEnter","a":{"name":"shot-anim:scope21"}},
[02:27:15.698] {"t":"queue","f":"push","a":{"t":"camera2d","f":"zoomflyTo","a":{"s":2,"d":5}}},
