[02:33:34.257] {"t":"Mediator","f":"record","a":{"t":"camera3d","f":"dollyBy","a":{"x":10}}},
[02:33:34.319] {"t":"app","f":"onEnter","a":{"name":"empty:"}},
[02:33:34.319] {"t":"app","f":"onEnter","a":{"name":"shot-anim:scope0"}},
[02:33:34.319] {"t":"Mediator","f":"component","a":"narrative"},
[02:33:36.859] {"t":"camera2d","f":"dollyX+","a":81},
[02:33:36.903] {"t":"Mediator","f":"record","a":{"t":"camera2d","f":"dollycutBy","a":{"x":10}}},
[02:33:36.905] {"t":"narrative","f":"shot","a":{"delta":{"timeline":{"p":{"paused":true,"repeat":0,"tweens":[]},"actors":{"i2d:plane":[{"dur":0,"p":{"x":10,"y":0,"immediateRender":false}}]}}}}},
[02:33:36.941] {"t":"app","f":"onEnter","a":{"name":"shot-anim:scope1"}},
[02:33:36.940] {"t":"Mediator","f":"component","a":"narrative"},
[02:33:40.443] {"t":"Mediator","f":"record","a":{"t":"camera3d","f":"dollyBy","a":{"x":-10}}},
[02:33:40.495] {"t":"Mediator","f":"component","a":"narrative"},
[02:33:40.496] {"t":"app","f":"onEnter","a":{"name":"shot-anim:scope2"}},
[02:33:41.545] {"t":"camera2d","f":"dollyX-","a":87},
[02:33:41.571] {"t":"Mediator","f":"record","a":{"t":"camera2d","f":"dollycutBy","a":{"x":-10}}},
[02:33:41.572] {"t":"narrative","f":"shot","a":{"delta":{"timeline":{"p":{"paused":true,"repeat":0,"tweens":[]},"actors":{"i2d:plane":[{"dur":0,"p":{"x":0,"y":0,"immediateRender":false}}]}}}}},
[02:33:41.631] {"t":"app","f":"onEnter","a":{"name":"shot-anim:scope3"}},
[02:33:41.627] {"t":"Mediator","f":"component","a":"narrative"},
[02:33:48.494] {"t":"Mediator","f":"record","a":{"t":"camera3d","f":"zoomcutBy","a":{"s":1.1111}}},
[02:33:48.529] {"t":"Mediator","f":"component","a":"narrative"},
[02:33:48.529] {"t":"app","f":"onEnter","a":{"name":"shot-anim:scope4"}},
[02:33:50.214] {"t":"Mediator","f":"record","a":{"t":"camera3d","f":"zoomcutBy","a":{"s":0.9}}},
[02:33:50.274] {"t":"Mediator","f":"component","a":"narrative"},
[02:33:50.275] {"t":"app","f":"onEnter","a":{"name":"shot-anim:scope5"}},
[02:33:50.796] {"t":"queue","f":"push","a":{"t":"camera2d","f":"zoomflyTo","a":{"s":2,"d":5}}},
[02:33:52.708] {"t":"camera2d","f":"dollyX+","a":81},
[02:33:52.739] {"t":"Mediator","f":"record","a":{"t":"camera2d","f":"dollycutBy","a":{"x":10}}},
[02:33:52.739] {"t":"narrative","f":"shot","a":{"delta":{"timeline":{"p":{"paused":true,"repeat":0,"tweens":[]},"actors":{"i2d:plane":[{"dur":0,"p":{"x":10,"y":0,"immediateRender":false}}]}}}}},
[02:33:52.788] {"t":"Mediator","f":"component","a":"narrative"},
[02:33:52.788] {"t":"app","f":"onEnter","a":{"name":"shot-anim:scope6"}},
[02:33:52.788] {"t":"narrative","f":"shot","a":{"delta":{"timeline":{"p":{"paused":true,"repeat":0,"tweens":[]},"actors":{"i2d:zoom_plane":[{"dur":5,"p":{"scale":2,"svgOrigin":"0% 0%","immediateRender":false}}]}}}}},
[02:33:52.806] {"t":"Mediator","f":"component","a":"narrative"},
[02:33:52.806] {"t":"app","f":"onEnter","a":{"name":"shot-anim:scope7"}},
[02:34:00.800] {"t":"queue","f":"push","a":{"t":"camera2d","f":"zoomflyTo","a":{"s":0.5,"d":5}}},
[02:34:09.435] {"t":"Mediator","f":"record","a":{"t":"camera3d","f":"dollyBy","a":{"x":10}}},
[02:34:09.498] {"t":"Mediator","f":"component","a":"narrative"},
[02:34:09.498] {"t":"app","f":"onEnter","a":{"name":"empty:"}},
[02:34:09.498] {"t":"app","f":"onEnter","a":{"name":"shot-anim:scope0"}},
[02:34:12.113] {"t":"Mediator","f":"record","a":{"t":"camera3d","f":"dollyBy","a":{"x":10}}},
[02:34:12.162] {"t":"Mediator","f":"component","a":"narrative"},
[02:34:12.162] {"t":"app","f":"onEnter","a":{"name":"shot-anim:scope1"}},
[02:34:18.898] {"t":"camera2d","f":"dollyX+","a":81},
[02:34:18.933] {"t":"Mediator","f":"record","a":{"t":"camera2d","f":"dollycutBy","a":{"x":10}}},
[02:34:18.934] {"t":"narrative","f":"shot","a":{"delta":{"timeline":{"p":{"paused":true,"repeat":0,"tweens":[]},"actors":{"i2d:plane":[{"dur":0,"p":{"x":10,"y":0,"immediateRender":false}}]}}}}},
[02:34:18.973] {"t":"Mediator","f":"component","a":"narrative"},
[02:34:18.974] {"t":"app","f":"onEnter","a":{"name":"shot-anim:scope2"}},
[02:34:21.530] {"t":"camera2d","f":"dollyX+","a":81},
[02:34:21.556] {"t":"Mediator","f":"record","a":{"t":"camera2d","f":"dollycutBy","a":{"x":10}}},
[02:34:21.556] {"t":"narrative","f":"shot","a":{"delta":{"timeline":{"p":{"paused":true,"repeat":0,"tweens":[]},"actors":{"i2d:plane":[{"dur":0,"p":{"x":20,"y":0,"immediateRender":false}}]}}}}},
[02:34:21.604] {"t":"Mediator","f":"component","a":"narrative"},
[02:34:21.605] {"t":"app","f":"onEnter","a":{"name":"shot-anim:scope3"}},
[02:34:25.754] {"t":"queue","f":"push","a":{"t":"camera2d","f":"zoomflyTo","a":{"s":2,"d":5}}},
[02:34:35.762] {"t":"queue","f":"push","a":{"t":"camera2d","f":"zoomflyTo","a":{"s":0.5,"d":5}}},
[02:34:40.751] {"t":"Mediator","f":"record","a":{"t":"camera3d","f":"dollyBy","a":{"x":10}}},
[02:34:40.883] {"t":"Mediator","f":"component","a":"narrative"},
[02:34:40.884] {"t":"app","f":"onEnter","a":{"name":"shot-anim:scope4"}},
[02:34:40.884] {"t":"narrative","f":"shot","a":{"delta":{"timeline":{"p":{"paused":true,"repeat":0,"tweens":[]},"actors":{"i2d:zoom_plane":[{"dur":5,"p":{"scale":2,"svgOrigin":"0% 0%","immediateRender":false}}]}}}}},
[02:34:40.886] {"t":"Mediator","f":"component","a":"narrative"},
[02:34:40.886] {"t":"app","f":"onEnter","a":{"name":"shot-anim:scope5"}},
[02:34:45.784] {"t":"queue","f":"push","a":{"t":"camera2d","f":"zoomflyTo","a":{"s":2,"d":5}}},
[02:34:45.839] {"t":"narrative","f":"shot","a":{"delta":{"timeline":{"p":{"paused":true,"repeat":0,"tweens":[]},"actors":{"i2d:zoom_plane":[{"dur":5,"p":{"scale":0.5,"svgOrigin":"0% 0%","immediateRender":false}}]}}}}},
[02:34:45.931] {"t":"Mediator","f":"component","a":"narrative"},
[02:34:45.933] {"t":"app","f":"onEnter","a":{"name":"shot-anim:scope6"}},
[02:34:50.847] {"t":"narrative","f":"shot","a":{"delta":{"timeline":{"p":{"paused":true,"repeat":0,"tweens":[]},"actors":{"i2d:zoom_plane":[{"dur":5,"p":{"scale":2,"svgOrigin":"0% 0%","immediateRender":false}}]}}}}},
[02:34:50.933] {"t":"Mediator","f":"component","a":"narrative"},
[02:34:50.933] {"t":"app","f":"onEnter","a":{"name":"shot-anim:scope7"}},
[02:34:55.783] {"t":"queue","f":"push","a":{"t":"camera2d","f":"zoomflyTo","a":{"s":0.5,"d":5}}},
[02:34:55.854] {"t":"narrative","f":"shot","a":{"delta":{"timeline":{"p":{"paused":true,"repeat":0,"tweens":[]},"actors":{"i2d:zoom_plane":[{"dur":5,"p":{"scale":0.5,"svgOrigin":"0% 0%","immediateRender":false}}]}}}}},
[02:34:55.943] {"t":"Mediator","f":"component","a":"narrative"},
[02:34:55.943] {"t":"app","f":"onEnter","a":{"name":"shot-anim:scope8"}},
