[04:38:53.904] {"t":"Mediator","f":"record","a":{"t":"camera3d","f":"dollyBy","a":{"x":10,"d":3}}},
[04:38:53.989] {"t":"app","f":"onEnter","a":{"name":"empty:"}},
[04:38:53.989] {"t":"app","f":"onEnter","a":{"name":"shot-anim:scope0"}},
[04:38:53.989] {"t":"Mediator","f":"component","a":"narrative"},
[04:38:55.985] {"t":"camera2d","f":"dollyX+","a":81},
[04:38:56.008] {"t":"Mediator","f":"record","a":{"t":"camera2d","f":"dollyflyBy","a":{"x":10,"d":3}}},
[04:38:56.009] {"t":"narrative","f":"shot","a":{"delta":{"timeline":{"p":{"paused":true,"repeat":0,"tweens":[]},"actors":{"i2d:plane":[{"dur":3,"p":{"x":10,"y":0,"immediateRender":false}}]}}}}},
[04:38:56.042] {"t":"Mediator","f":"component","a":"narrative"},
[04:38:56.043] {"t":"app","f":"onEnter","a":{"name":"shot-anim:scope1"}},
[04:38:58.723] {"t":"camera2d","f":"zoom-in","a":90},
[04:38:58.741] {"t":"Mediator","f":"record","a":{"t":"camera2d","f":"zoomcutBy","a":{"s":1.1111}}},
[04:38:58.743] {"t":"narrative","f":"shot","a":{"delta":{"timeline":{"p":{"paused":true,"repeat":0,"tweens":[]},"actors":{"i2d:zoom_plane":[{"dur":0,"p":{"scale":1.1111,"svgOrigin":"0% 0%","immediateRender":false}}]}}}}},
[04:38:58.808] {"t":"Mediator","f":"component","a":"narrative"},
[04:38:58.808] {"t":"app","f":"onEnter","a":{"name":"shot-anim:scope2"}},
[04:39:00.755] {"t":"Mediator","f":"record","a":{"t":"camera3d","f":"zoomcutBy","a":{"s":1.1111}}},
[04:39:00.796] {"t":"Mediator","f":"component","a":"narrative"},
[04:39:00.796] {"t":"app","f":"onEnter","a":{"name":"shot-anim:scope3"}},
[04:39:04.003] {"t":"camera2d","f":"home/center","a":82},
[04:39:04.023] {"t":"Mediator","f":"record","a":{"t":"camera2d","f":"center"}},
[04:39:04.023] {"t":"narrative","f":"shot","a":{"delta":{"timeline":{"p":{"paused":true,"repeat":0},"actors":{"i2d:plane":[{"dur":3,"p":{"x":0,"y":0,"immediateRender":false}}],"i2d:zoom_plane":[{"dur":3,"p":{"rotation":0,"svgOrigin":"0% 0%","immediateRender":false}}]}}}}},
[04:39:04.033] {"t":"Mediator","f":"component","a":"narrative"},
[04:39:04.033] {"t":"app","f":"onEnter","a":{"name":"shot-anim:scope4"}},
[04:39:07.196] {"t":"camera2d","f":"zoom-in","a":90},
[04:39:07.219] {"t":"Mediator","f":"record","a":{"t":"camera2d","f":"zoomcutBy","a":{"s":1.1111}}},
[04:39:07.220] {"t":"narrative","f":"shot","a":{"delta":{"timeline":{"p":{"paused":true,"repeat":0,"tweens":[]},"actors":{"i2d:zoom_plane":[{"dur":0,"p":{"scale":1.23454321,"svgOrigin":"0% 0%","immediateRender":false}}]}}}}},
[04:39:07.222] {"t":"Mediator","f":"component","a":"narrative"},
[04:39:07.222] {"t":"app","f":"onEnter","a":{"name":"shot-anim:scope5"}},
[04:39:08.598] {"t":"queue","f":"push","a":{"t":"camera2d","f":"zoomflyTo","a":{"s":2,"d":5}}},
[04:39:18.613] {"t":"queue","f":"push","a":{"t":"camera2d","f":"zoomflyTo","a":{"s":0.5,"d":5}}},
[04:39:23.893] {"t":"Mediator","f":"component","a":"narrative"},
[04:39:24.405] {"t":"app","f":"onEnter","a":{"name":"escher:"}},
[04:39:24.406] {"t":"app","f":"onEnter","a":{"name":"i3d-simple:simple_red"}},
[04:39:24.406] {"t":"app","f":"onEnter","a":{"name":"i2d-scene:mf2d0"}},
[04:39:24.407] {"t":"app","f":"onEnter","a":{"name":"base-skycube:no_anim"}},
[04:39:24.407] {"t":"app","f":"onEnter","a":{"name":"shot-anim:s0"}},
[04:39:24.407] {"t":"camera3d","f":"addActorToScene","a":"csphere"},
[04:39:24.407] {"t":"camera3d","f":"addActorToScene","a":"cube0"},
[04:39:24.409] {"t":"camera3d","f":"addActorToScene","a":"cube0_0"},
[04:39:24.410] {"t":"camera3d","f":"addActorToScene","a":"cube0_1"},
[04:39:27.399] {"t":"narrative","f":"shot","a":{"delta":{"timeline":{"p":{"paused":true,"repeat":0,"tweens":[]},"actors":{"i2d:zoom_plane":[{"dur":5,"p":{"scale":2,"svgOrigin":"0% 0%","immediateRender":false}}]}}}}},
[04:39:27.480] {"t":"Mediator","f":"component","a":"narrative"},
[04:39:27.480] {"t":"app","f":"onEnter","a":{"name":"shot-anim:scope7"}},
[04:39:28.613] {"t":"queue","f":"push","a":{"t":"camera2d","f":"zoomflyTo","a":{"s":2,"d":5}}},
[04:39:32.433] {"t":"narrative","f":"shot","a":{"delta":{"timeline":{"p":{"paused":true,"repeat":0,"tweens":[]},"actors":{"i2d:zoom_plane":[{"dur":5,"p":{"scale":0.5,"svgOrigin":"0% 0%","immediateRender":false}}]}}}}},
[04:39:32.501] {"t":"Mediator","f":"component","a":"narrative"},
[04:39:32.501] {"t":"app","f":"onEnter","a":{"name":"shot-anim:scope8"}},
[04:39:37.441] {"t":"narrative","f":"shot","a":{"delta":{"timeline":{"p":{"paused":true,"repeat":0,"tweens":[]},"actors":{"i2d:zoom_plane":[{"dur":5,"p":{"scale":2,"svgOrigin":"0% 0%","immediateRender":false}}]}}}}},
[04:39:37.518] {"t":"Mediator","f":"component","a":"narrative"},
[04:39:37.521] {"t":"app","f":"onEnter","a":{"name":"shot-anim:scope9"}},
[04:39:38.632] {"t":"queue","f":"push","a":{"t":"camera2d","f":"zoomflyTo","a":{"s":0.5,"d":5}}},
[04:39:42.455] {"t":"narrative","f":"shot","a":{"delta":{"timeline":{"p":{"paused":true,"repeat":0,"tweens":[]},"actors":{"i2d:zoom_plane":[{"dur":5,"p":{"scale":0.5,"svgOrigin":"0% 0%","immediateRender":false}}]}}}}},
[04:39:42.533] {"t":"Mediator","f":"component","a":"narrative"},
[04:39:42.534] {"t":"app","f":"onEnter","a":{"name":"shot-anim:scope10"}},
[04:39:45.188] {"t":"camera2d","f":"roll ccw","a":67},
[04:39:45.207] "roll ccw",
[04:39:45.209] {"t":"Mediator","f":"record","a":{"t":"camera2d","f":"rollflyBy","a":{"r":-22.5,"d":3}}},
[04:39:45.210] {"t":"narrative","f":"shot","a":{"delta":{"timeline":{"p":{"paused":true,"repeat":0,"tweens":[]},"actors":{"i2d:zoom_plane":[{"dur":3,"p":{"rotation":-22.5,"svgOrigin":"0% 0%","immediateRender":false}}]}}}}},
[04:39:45.255] {"t":"Mediator","f":"component","a":"narrative"},
[04:39:45.255] {"t":"app","f":"onEnter","a":{"name":"shot-anim:scope11"}},
[04:39:48.629] {"t":"queue","f":"push","a":{"t":"camera2d","f":"zoomflyTo","a":{"s":2,"d":5}}},
[04:39:49.814] {"t":"camera2d","f":"roll ccw","a":67},
[04:39:49.824] "roll ccw",
[04:39:49.824] {"t":"Mediator","f":"record","a":{"t":"camera2d","f":"rollflyBy","a":{"r":-22.5,"d":3}}},
[04:39:49.855] {"t":"Mediator","f":"component","a":"narrative"},
[04:39:49.856] {"t":"app","f":"onEnter","a":{"name":"shot-anim:scope12"}},
[04:39:49.825] {"t":"narrative","f":"shot","a":{"delta":{"timeline":{"p":{"paused":true,"repeat":0,"tweens":[]},"actors":{"i2d:zoom_plane":[{"dur":3,"p":{"rotation":-45,"svgOrigin":"0% 0%","immediateRender":false}}]}}}}},
[04:39:52.821] {"t":"narrative","f":"shot","a":{"delta":{"timeline":{"p":{"paused":true,"repeat":0,"tweens":[]},"actors":{"i2d:zoom_plane":[{"dur":5,"p":{"scale":2,"svgOrigin":"0% 0%","immediateRender":false}}]}}}}},
[04:39:52.889] {"t":"Mediator","f":"component","a":"narrative"},
[04:39:52.889] {"t":"app","f":"onEnter","a":{"name":"shot-anim:scope13"}},
[04:39:58.649] {"t":"queue","f":"push","a":{"t":"camera2d","f":"zoomflyTo","a":{"s":0.5,"d":5}}},
[04:40:07.400] {"t":"narrative","f":"shot","a":{"delta":{"timeline":{"p":{"paused":true,"repeat":0,"tweens":[]},"actors":{"i2d:zoom_plane":[{"dur":5,"p":{"scale":0.5,"svgOrigin":"0% 0%","immediateRender":false}}]}}}}},
[04:40:07.488] {"t":"Mediator","f":"component","a":"narrative"},
[04:40:07.489] {"t":"app","f":"onEnter","a":{"name":"shot-anim:scope14"}},
[04:40:08.645] {"t":"queue","f":"push","a":{"t":"camera2d","f":"zoomflyTo","a":{"s":2,"d":5}}},
[04:40:12.436] {"t":"narrative","f":"shot","a":{"delta":{"timeline":{"p":{"paused":true,"repeat":0,"tweens":[]},"actors":{"i2d:zoom_plane":[{"dur":5,"p":{"scale":2,"svgOrigin":"0% 0%","immediateRender":false}}]}}}}},
[04:40:12.529] {"t":"Mediator","f":"component","a":"narrative"},
[04:40:12.529] {"t":"app","f":"onEnter","a":{"name":"shot-anim:scope15"}},
[04:40:18.664] {"t":"queue","f":"push","a":{"t":"camera2d","f":"zoomflyTo","a":{"s":0.5,"d":5}}},
[04:40:18.933] {"t":"Mediator","f":"record","a":{"t":"camera3d","f":"zoomflyBy","a":{"s":0.9,"d":3}}},
[04:40:19.012] {"t":"Mediator","f":"component","a":"narrative"},
[04:40:19.012] {"t":"app","f":"onEnter","a":{"name":"shot-anim:scope16"}},
[04:40:21.937] {"t":"narrative","f":"shot","a":{"delta":{"timeline":{"p":{"paused":true,"repeat":0,"tweens":[]},"actors":{"i2d:zoom_plane":[{"dur":5,"p":{"scale":0.5,"svgOrigin":"0% 0%","immediateRender":false}}]}}}}},
[04:40:22.017] {"t":"Mediator","f":"component","a":"narrative"},
[04:40:22.018] {"t":"app","f":"onEnter","a":{"name":"shot-anim:scope17"}},
[04:40:24.224] {"t":"Mediator","f":"record","a":{"t":"camera3d","f":"zoomflyBy","a":{"s":0.9,"d":3}}},
[04:40:24.297] {"t":"Mediator","f":"component","a":"narrative"},
[04:40:24.298] {"t":"app","f":"onEnter","a":{"name":"shot-anim:scope18"}},
[04:40:28.112] {"t":"Mediator","f":"record","a":{"t":"camera3d","f":"tiltflyBy","a":{"r":0.19635,"d":3}}},
[04:40:28.174] {"t":"Mediator","f":"component","a":"narrative"},
[04:40:28.175] {"t":"app","f":"onEnter","a":{"name":"shot-anim:scope19"}},
[04:40:28.648] {"t":"queue","f":"push","a":{"t":"camera2d","f":"zoomflyTo","a":{"s":2,"d":5}}},
[04:40:30.719] {"t":"Mediator","f":"record","a":{"t":"camera3d","f":"tiltflyBy","a":{"r":0.19635,"d":3}}},
[04:40:30.786] {"t":"Mediator","f":"component","a":"narrative"},
[04:40:30.789] {"t":"app","f":"onEnter","a":{"name":"shot-anim:scope20"}},
[04:40:30.843] {"t":"narrative","f":"shot","a":{"delta":{"timeline":{"p":{"paused":true,"repeat":0,"tweens":[]},"actors":{"i2d:zoom_plane":[{"dur":5,"p":{"scale":2,"svgOrigin":"0% 0%","immediateRender":false}}]}}}}},
[04:40:30.883] {"t":"Mediator","f":"component","a":"narrative"},
[04:40:30.884] {"t":"app","f":"onEnter","a":{"name":"shot-anim:scope21"}},
[04:40:38.668] {"t":"queue","f":"push","a":{"t":"camera2d","f":"zoomflyTo","a":{"s":0.5,"d":5}}},
[04:40:47.405] {"t":"narrative","f":"shot","a":{"delta":{"timeline":{"p":{"paused":true,"repeat":0,"tweens":[]},"actors":{"i2d:zoom_plane":[{"dur":5,"p":{"scale":0.5,"svgOrigin":"0% 0%","immediateRender":false}}]}}}}},
[04:40:47.485] {"t":"app","f":"onEnter","a":{"name":"shot-anim:scope22"}},
[04:40:47.482] {"t":"Mediator","f":"component","a":"narrative"},
[04:40:48.666] {"t":"queue","f":"push","a":{"t":"camera2d","f":"zoomflyTo","a":{"s":2,"d":5}}},
[04:40:49.218] {"t":"Mediator","f":"record","a":{"t":"camera3d","f":"panflyBy","a":{"r":-0.19635,"d":3}}},
[04:40:49.277] {"t":"Mediator","f":"component","a":"narrative"},
[04:40:49.279] {"t":"app","f":"onEnter","a":{"name":"shot-anim:scope23"}},
[04:40:50.723] {"t":"Mediator","f":"record","a":{"t":"camera3d","f":"panflyBy","a":{"r":-0.19635,"d":3}}},
[04:40:50.791] {"t":"Mediator","f":"component","a":"narrative"},
[04:40:50.793] {"t":"app","f":"onEnter","a":{"name":"shot-anim:scope24"}},
[04:40:50.829] {"t":"narrative","f":"shot","a":{"delta":{"timeline":{"p":{"paused":true,"repeat":0,"tweens":[]},"actors":{"i2d:zoom_plane":[{"dur":5,"p":{"scale":2,"svgOrigin":"0% 0%","immediateRender":false}}]}}}}},
[04:40:50.870] {"t":"Mediator","f":"component","a":"narrative"},
[04:40:50.873] {"t":"app","f":"onEnter","a":{"name":"shot-anim:scope25"}},
[04:40:54.963] {"t":"Mediator","f":"record","a":{"t":"camera3d","f":"panflyBy","a":{"r":-0.19635,"d":3}}},
[04:40:55.031] {"t":"Mediator","f":"component","a":"narrative"},
[04:40:55.031] {"t":"app","f":"onEnter","a":{"name":"shot-anim:scope26"}},
[04:40:58.438] {"t":"Mediator","f":"record","a":{"t":"camera3d","f":"tiltflyBy","a":{"r":0.19635,"d":3}}},
[04:40:58.490] {"t":"Mediator","f":"component","a":"narrative"},
[04:40:58.490] {"t":"app","f":"onEnter","a":{"name":"shot-anim:scope27"}},
[04:40:58.678] {"t":"queue","f":"push","a":{"t":"camera2d","f":"zoomflyTo","a":{"s":0.5,"d":5}}},
[04:41:00.455] {"t":"Mediator","f":"record","a":{"t":"camera3d","f":"tiltflyBy","a":{"r":0.19635,"d":3}}},
[04:41:00.506] {"t":"Mediator","f":"component","a":"narrative"},
[04:41:00.506] {"t":"app","f":"onEnter","a":{"name":"shot-anim:scope28"}},
[04:41:00.551] {"t":"narrative","f":"shot","a":{"delta":{"timeline":{"p":{"paused":true,"repeat":0,"tweens":[]},"actors":{"i2d:zoom_plane":[{"dur":5,"p":{"scale":0.5,"svgOrigin":"0% 0%","immediateRender":false}}]}}}}},
[04:41:00.594] {"t":"Mediator","f":"component","a":"narrative"},
[04:41:00.594] {"t":"app","f":"onEnter","a":{"name":"shot-anim:scope29"}},
[04:41:08.678] {"t":"queue","f":"push","a":{"t":"camera2d","f":"zoomflyTo","a":{"s":2,"d":5}}},
