[05:00:12.275] {"t":"Mediator","f":"component","a":"narrative"},
[05:00:12.796] {"t":"app","f":"onEnter","a":{"name":"escher:"}},
[05:00:12.797] {"t":"app","f":"onEnter","a":{"name":"i3d-simple:simple_red"}},
[05:00:12.797] {"t":"app","f":"onEnter","a":{"name":"i2d-scene:mf2d0"}},
[05:00:12.797] {"t":"app","f":"onEnter","a":{"name":"base-skycube:no_anim"}},
[05:00:12.798] {"t":"app","f":"onEnter","a":{"name":"shot-anim:s0"}},
[05:00:12.798] {"t":"timeline","f":"play"},
[05:00:12.798] {"t":"camera3d","f":"addActorToScene","a":"csphere"},
[05:00:12.799] {"t":"camera3d","f":"addActorToScene","a":"cube0"},
[05:00:12.800] {"t":"camera3d","f":"addActorToScene","a":"cube0_0"},
[05:00:12.800] {"t":"camera3d","f":"addActorToScene","a":"cube0_1"},
[05:00:27.581] {"t":"queue","f":"push","a":{"t":"camera2d","f":"zoomflyTo","a":{"s":2,"d":5}}},
[05:00:30.121] {"t":"Mediator","f":"component","a":"narrative"},
[05:00:30.438] {"t":"app","f":"onEnter","a":{"name":"a:"}},
[05:00:30.438] {"t":"app","f":"onEnter","a":{"name":"i3d-simple:simple_green"}},
[05:00:30.439] {"t":"app","f":"onEnter","a":{"name":"i2d-scene:disks0"}},
[05:00:30.440] {"t":"app","f":"onEnter","a":{"name":"base-skycube:test_cube"}},
[05:00:30.441] {"t":"app","f":"onEnter","a":{"name":"LS"}},
[05:00:30.442] {"t":"timeline","f":"play"},
[05:00:30.443] {"t":"camera3d","f":"addActorToScene","a":"axes0"},
[05:00:30.443] {"t":"camera3d","f":"addActorToScene","a":"csphere"},
[05:00:30.444] {"t":"camera3d","f":"addActorToScene","a":"axes0"},
[05:00:30.445] {"t":"narrative","f":"shot","a":{"delta":{"timeline":{"p":{"paused":true,"repeat":0,"tweens":[]},"actors":{"i2d:zoom_plane":[{"dur":5,"p":{"scale":2,"svgOrigin":"0% 0%","immediateRender":false}}]}}}}},
[05:00:30.446] {"t":"Mediator","f":"component","a":"narrative"},
[05:00:30.446] {"t":"app","f":"onEnter","a":{"name":"shot-anim:scope2"}},
[05:00:30.446] {"t":"timeline","f":"play"},
[05:00:30.469] {"t":"camera3d","f":"addActorToScene","a":"cube0"},
[05:00:37.586] {"t":"queue","f":"push","a":{"t":"camera2d","f":"zoomflyTo","a":{"s":0.5,"d":5}}},
[05:00:38.384] {"t":"Mediator","f":"component","a":"narrative"},
[05:00:38.514] {"t":"app","f":"onEnter","a":{"name":"a0:"}},
[05:00:38.515] {"t":"app","f":"onEnter","a":{"name":"shot-graft:scope3"}},
[05:00:38.515] {"t":"timeline","f":"play"},
[05:00:38.516] {"t":"camera3d","f":"addActorToScene","a":"cube0_3"},
[05:00:38.535] {"t":"camera3d","f":"addActorToScene","a":"cube0_2"},
[05:00:46.367] {"t":"narrative","f":"shot","a":{"delta":{"timeline":{"p":{"paused":true,"repeat":0,"tweens":[]},"actors":{"i2d:zoom_plane":[{"dur":5,"p":{"scale":0.5,"svgOrigin":"0% 0%","immediateRender":false}}]}}}}},
[05:00:46.454] {"t":"Mediator","f":"component","a":"narrative"},
[05:00:46.454] {"t":"app","f":"onEnter","a":{"name":"shot-anim:scope4"}},
[05:00:46.455] {"t":"timeline","f":"play"},
[05:00:47.586] {"t":"queue","f":"push","a":{"t":"camera2d","f":"zoomflyTo","a":{"s":2,"d":5}}},
[05:00:48.384] {"t":"narrative","f":"shot","a":{"delta":{"timeline":{"p":{"paused":true,"repeat":0,"tweens":[]},"actors":{"i2d:zoom_plane":[{"dur":5,"p":{"scale":2,"svgOrigin":"0% 0%","immediateRender":false}}]}}}}},
[05:00:48.427] {"t":"Mediator","f":"component","a":"narrative"},
[05:00:48.428] {"t":"app","f":"onEnter","a":{"name":"shot-anim:scope5"}},
[05:00:48.429] {"t":"timeline","f":"play"},
[05:00:49.226] {"t":"Mediator","f":"component","a":"narrative"},
[05:00:49.363] {"t":"app","f":"onEnter","a":{"name":"a1:"}},
[05:00:49.364] {"t":"app","f":"onEnter","a":{"name":"shot-graft:scope6"}},
[05:00:49.364] {"t":"timeline","f":"play"},
[05:00:49.365] {"t":"camera3d","f":"addActorToScene","a":"s0_2_0"},
[05:00:49.365] {"t":"camera3d","f":"addActorToScene","a":"s0_2_1"},
[05:00:57.602] {"t":"queue","f":"push","a":{"t":"camera2d","f":"zoomflyTo","a":{"s":0.5,"d":5}}},
[05:00:59.153] {"t":"narrative","f":"shot","a":{"delta":{"timeline":{"p":{"paused":true,"repeat":0,"tweens":[]},"actors":{"i2d:zoom_plane":[{"dur":5,"p":{"scale":0.5,"svgOrigin":"0% 0%","immediateRender":false}}]}}}}},
[05:00:59.221] {"t":"Mediator","f":"component","a":"narrative"},
[05:00:59.222] {"t":"app","f":"onEnter","a":{"name":"shot-anim:scope7"}},
[05:00:59.224] {"t":"timeline","f":"play"},
[05:00:59.982] {"t":"Mediator","f":"component","a":"narrative"},
[05:01:00.023] {"t":"app","f":"onEnter","a":{"name":"a2:"}},
[05:01:00.023] {"t":"app","f":"onEnter","a":{"name":"shot-graft:scope8"}},
[05:01:00.023] {"t":"timeline","f":"play"},
[05:01:07.603] {"t":"queue","f":"push","a":{"t":"camera2d","f":"zoomflyTo","a":{"s":2,"d":5}}},
[05:01:09.986] {"t":"narrative","f":"shot","a":{"delta":{"timeline":{"p":{"paused":true,"repeat":0,"tweens":[]},"actors":{"i2d:zoom_plane":[{"dur":5,"p":{"scale":2,"svgOrigin":"0% 0%","immediateRender":false}}]}}}}},
[05:01:10.087] {"t":"Mediator","f":"component","a":"narrative"},
[05:01:10.087] {"t":"app","f":"onEnter","a":{"name":"shot-anim:scope9"}},
[05:01:10.088] {"t":"timeline","f":"play"},
[05:01:12.142] {"t":"Mediator","f":"component","a":"narrative"},
[05:01:13.529] {"t":"app","f":"onEnter","a":{"name":"payments:"}},
[05:01:13.529] {"t":"app","f":"onEnter","a":{"name":"i3d-simple:phong_head_sphere_kfb"}},
[05:01:13.529] {"t":"app","f":"onEnter","a":{"name":"i2d-empty:"}},
[05:01:13.529] {"t":"app","f":"onEnter","a":{"name":"black:"}},
[05:01:13.529] {"t":"app","f":"onEnter","a":{"name":"CU:"}},
[05:01:13.529] {"t":"timeline","f":"play"},
[05:01:13.530] {"t":"camera3d","f":"addActorToScene","a":"sphere_phong"},
[05:01:13.530] {"t":"camera3d","f":"addActorToScene","a":"sphere_phong"},
[05:01:13.530] {"t":"camera3d","f":"addActorToScene","a":"csphere"},
[05:01:13.533] {"t":"camera3d","f":"addActorToScene","a":"axes0"},
[05:01:13.534] {"t":"camera3d","f":"addActorToScene","a":"sphere_phong"},
[05:01:13.534] {"t":"camera3d","f":"addActorToScene","a":"key"},
[05:01:13.534] {"t":"camera3d","f":"addActorToScene","a":"fill"},
[05:01:13.534] {"t":"camera3d","f":"addActorToScene","a":"back"},
[05:01:13.535] {"t":"camera3d","f":"addActorToScene","a":"key"},
[05:01:13.535] {"t":"camera3d","f":"addActorToScene","a":"fill"},
[05:01:13.536] {"t":"camera3d","f":"addActorToScene","a":"back"},
[05:01:13.536] {"t":"camera3d","f":"addActorToScene","a":"key"},
[05:01:13.537] {"t":"camera3d","f":"addActorToScene","a":"fill"},
[05:01:13.537] {"t":"camera3d","f":"addActorToScene","a":"back"},
[05:01:13.833] {"t":"camera3d","f":"addActorToScene","a":"head_scan"},
[05:01:14.375] {"t":"camera3d","f":"addActorToScene","a":"head_scan"},
[05:01:14.376] {"t":"camera3d","f":"addActorToScene","a":"head_scan"},
[05:01:17.618] {"t":"queue","f":"push","a":{"t":"camera2d","f":"zoomflyTo","a":{"s":0.5,"d":5}}},
[05:01:26.372] {"t":"narrative","f":"shot","a":{"delta":{"timeline":{"p":{"paused":true,"repeat":0,"tweens":[]},"actors":{"i2d:zoom_plane":[{"dur":5,"p":{"scale":0.5,"svgOrigin":"0% 0%","immediateRender":false}}]}}}}},
[05:01:26.397] {"t":"Mediator","f":"component","a":"narrative"},
[05:01:26.398] {"t":"app","f":"onEnter","a":{"name":"shot-anim:scope11"}},
[05:01:26.398] {"t":"timeline","f":"play"},
[05:01:27.618] {"t":"queue","f":"push","a":{"t":"camera2d","f":"zoomflyTo","a":{"s":2,"d":5}}},
[05:01:31.370] {"t":"narrative","f":"shot","a":{"delta":{"timeline":{"p":{"paused":true,"repeat":0,"tweens":[]},"actors":{"i2d:zoom_plane":[{"dur":5,"p":{"scale":2,"svgOrigin":"0% 0%","immediateRender":false}}]}}}}},
[05:01:31.442] {"t":"Mediator","f":"component","a":"narrative"},
[05:01:31.442] {"t":"app","f":"onEnter","a":{"name":"shot-anim:scope12"}},
[05:01:31.443] {"t":"timeline","f":"play"},
[05:01:37.633] {"t":"queue","f":"push","a":{"t":"camera2d","f":"zoomflyTo","a":{"s":0.5,"d":5}}},
[05:01:46.374] {"t":"narrative","f":"shot","a":{"delta":{"timeline":{"p":{"paused":true,"repeat":0,"tweens":[]},"actors":{"i2d:zoom_plane":[{"dur":5,"p":{"scale":0.5,"svgOrigin":"0% 0%","immediateRender":false}}]}}}}},
[05:01:46.392] {"t":"Mediator","f":"component","a":"narrative"},
[05:01:46.392] {"t":"app","f":"onEnter","a":{"name":"shot-anim:scope13"}},
[05:01:46.393] {"t":"timeline","f":"play"},
[05:01:47.633] {"t":"queue","f":"push","a":{"t":"camera2d","f":"zoomflyTo","a":{"s":2,"d":5}}},
[05:01:51.375] {"t":"narrative","f":"shot","a":{"delta":{"timeline":{"p":{"paused":true,"repeat":0,"tweens":[]},"actors":{"i2d:zoom_plane":[{"dur":5,"p":{"scale":2,"svgOrigin":"0% 0%","immediateRender":false}}]}}}}},
[05:01:51.431] {"t":"Mediator","f":"component","a":"narrative"},
[05:01:51.431] {"t":"app","f":"onEnter","a":{"name":"shot-anim:scope14"}},
[05:01:51.431] {"t":"timeline","f":"play"},
[05:01:57.647] {"t":"queue","f":"push","a":{"t":"camera2d","f":"zoomflyTo","a":{"s":0.5,"d":5}}},
[05:02:06.372] {"t":"narrative","f":"shot","a":{"delta":{"timeline":{"p":{"paused":true,"repeat":0,"tweens":[]},"actors":{"i2d:zoom_plane":[{"dur":5,"p":{"scale":0.5,"svgOrigin":"0% 0%","immediateRender":false}}]}}}}},
[05:02:06.429] {"t":"Mediator","f":"component","a":"narrative"},
[05:02:06.429] {"t":"app","f":"onEnter","a":{"name":"shot-anim:scope15"}},
[05:02:06.431] {"t":"timeline","f":"play"},
[05:02:07.651] {"t":"queue","f":"push","a":{"t":"camera2d","f":"zoomflyTo","a":{"s":2,"d":5}}},
[05:02:11.383] {"t":"narrative","f":"shot","a":{"delta":{"timeline":{"p":{"paused":true,"repeat":0,"tweens":[]},"actors":{"i2d:zoom_plane":[{"dur":5,"p":{"scale":2,"svgOrigin":"0% 0%","immediateRender":false}}]}}}}},
[05:02:11.429] {"t":"Mediator","f":"component","a":"narrative"},
[05:02:11.430] {"t":"app","f":"onEnter","a":{"name":"shot-anim:scope16"}},
[05:02:11.431] {"t":"timeline","f":"play"},
[05:02:17.662] {"t":"queue","f":"push","a":{"t":"camera2d","f":"zoomflyTo","a":{"s":0.5,"d":5}}},
[05:02:26.386] {"t":"narrative","f":"shot","a":{"delta":{"timeline":{"p":{"paused":true,"repeat":0,"tweens":[]},"actors":{"i2d:zoom_plane":[{"dur":5,"p":{"scale":0.5,"svgOrigin":"0% 0%","immediateRender":false}}]}}}}},
[05:02:26.424] {"t":"Mediator","f":"component","a":"narrative"},
[05:02:26.425] {"t":"app","f":"onEnter","a":{"name":"shot-anim:scope17"}},
[05:02:26.425] {"t":"timeline","f":"play"},
[05:02:27.664] {"t":"queue","f":"push","a":{"t":"camera2d","f":"zoomflyTo","a":{"s":2,"d":5}}},
[05:02:31.370] {"t":"narrative","f":"shot","a":{"delta":{"timeline":{"p":{"paused":true,"repeat":0,"tweens":[]},"actors":{"i2d:zoom_plane":[{"dur":5,"p":{"scale":2,"svgOrigin":"0% 0%","immediateRender":false}}]}}}}},
[05:02:31.418] {"t":"Mediator","f":"component","a":"narrative"},
[05:02:31.418] {"t":"app","f":"onEnter","a":{"name":"shot-anim:scope18"}},
[05:02:31.418] {"t":"timeline","f":"play"},
[05:02:37.662] {"t":"queue","f":"push","a":{"t":"camera2d","f":"zoomflyTo","a":{"s":0.5,"d":5}}},
[05:02:46.392] {"t":"narrative","f":"shot","a":{"delta":{"timeline":{"p":{"paused":true,"repeat":0,"tweens":[]},"actors":{"i2d:zoom_plane":[{"dur":5,"p":{"scale":0.5,"svgOrigin":"0% 0%","immediateRender":false}}]}}}}},
[05:02:46.399] {"t":"Mediator","f":"component","a":"narrative"},
[05:02:46.399] {"t":"app","f":"onEnter","a":{"name":"shot-anim:scope19"}},
[05:02:46.400] {"t":"timeline","f":"play"},
[05:02:47.682] {"t":"queue","f":"push","a":{"t":"camera2d","f":"zoomflyTo","a":{"s":2,"d":5}}},
[05:02:51.368] {"t":"narrative","f":"shot","a":{"delta":{"timeline":{"p":{"paused":true,"repeat":0,"tweens":[]},"actors":{"i2d:zoom_plane":[{"dur":5,"p":{"scale":2,"svgOrigin":"0% 0%","immediateRender":false}}]}}}}},
[05:02:51.423] {"t":"timeline","f":"play"},
[05:02:51.423] {"t":"app","f":"onEnter","a":{"name":"shot-anim:scope20"}},
[05:02:51.423] {"t":"Mediator","f":"component","a":"narrative"},
[05:02:57.688] {"t":"queue","f":"push","a":{"t":"camera2d","f":"zoomflyTo","a":{"s":0.5,"d":5}}},
[05:03:06.382] {"t":"narrative","f":"shot","a":{"delta":{"timeline":{"p":{"paused":true,"repeat":0,"tweens":[]},"actors":{"i2d:zoom_plane":[{"dur":5,"p":{"scale":0.5,"svgOrigin":"0% 0%","immediateRender":false}}]}}}}},
[05:03:06.420] {"t":"Mediator","f":"component","a":"narrative"},
[05:03:06.420] {"t":"app","f":"onEnter","a":{"name":"shot-anim:scope21"}},
[05:03:06.420] {"t":"timeline","f":"play"},
[05:03:07.705] {"t":"queue","f":"push","a":{"t":"camera2d","f":"zoomflyTo","a":{"s":2,"d":5}}},
[05:03:11.390] {"t":"narrative","f":"shot","a":{"delta":{"timeline":{"p":{"paused":true,"repeat":0,"tweens":[]},"actors":{"i2d:zoom_plane":[{"dur":5,"p":{"scale":2,"svgOrigin":"0% 0%","immediateRender":false}}]}}}}},
[05:03:11.444] {"t":"Mediator","f":"component","a":"narrative"},
[05:03:11.444] {"t":"timeline","f":"play"},
[05:03:11.444] {"t":"app","f":"onEnter","a":{"name":"shot-anim:scope22"}},
[05:03:17.697] {"t":"queue","f":"push","a":{"t":"camera2d","f":"zoomflyTo","a":{"s":0.5,"d":5}}},
[05:03:22.328] {"t":"Mediator","f":"component","a":"narrative"},
[05:03:22.365] {"t":"app","f":"onEnter","a":{"name":"shot-anim:scope23"}},
[05:03:22.365] {"t":"timeline","f":"play"},
[05:03:25.294] {"t":"narrative","f":"shot","a":{"delta":{"timeline":{"p":{"paused":true,"repeat":0,"tweens":[]},"actors":{"i2d:zoom_plane":[{"dur":5,"p":{"scale":0.5,"svgOrigin":"0% 0%","immediateRender":false}}]}}}}},
[05:03:25.329] {"t":"app","f":"onEnter","a":{"name":"shot-anim:scope24"}},
[05:03:25.329] {"t":"timeline","f":"play"},
[05:03:25.329] {"t":"Mediator","f":"component","a":"narrative"},
[05:03:27.707] {"t":"queue","f":"push","a":{"t":"camera2d","f":"zoomflyTo","a":{"s":2,"d":5}}},
[05:03:30.303] {"t":"narrative","f":"shot","a":{"delta":{"timeline":{"p":{"paused":true,"repeat":0,"tweens":[]},"actors":{"i2d:zoom_plane":[{"dur":5,"p":{"scale":2,"svgOrigin":"0% 0%","immediateRender":false}}]}}}}},
[05:03:30.344] {"t":"Mediator","f":"component","a":"narrative"},
[05:03:30.345] {"t":"app","f":"onEnter","a":{"name":"shot-anim:scope25"}},
[05:03:30.345] {"t":"timeline","f":"play"},
[05:03:37.717] {"t":"queue","f":"push","a":{"t":"camera2d","f":"zoomflyTo","a":{"s":0.5,"d":5}}},
[05:03:46.383] {"t":"narrative","f":"shot","a":{"delta":{"timeline":{"p":{"paused":true,"repeat":0,"tweens":[]},"actors":{"i2d:zoom_plane":[{"dur":5,"p":{"scale":0.5,"svgOrigin":"0% 0%","immediateRender":false}}]}}}}},
[05:03:46.437] {"t":"Mediator","f":"component","a":"narrative"},
[05:03:46.437] {"t":"app","f":"onEnter","a":{"name":"shot-anim:scope26"}},
[05:03:46.437] {"t":"timeline","f":"play"},
[05:03:47.735] {"t":"queue","f":"push","a":{"t":"camera2d","f":"zoomflyTo","a":{"s":2,"d":5}}},
[05:03:51.385] {"t":"narrative","f":"shot","a":{"delta":{"timeline":{"p":{"paused":true,"repeat":0,"tweens":[]},"actors":{"i2d:zoom_plane":[{"dur":5,"p":{"scale":2,"svgOrigin":"0% 0%","immediateRender":false}}]}}}}},
[05:03:51.440] {"t":"Mediator","f":"component","a":"narrative"},
[05:03:51.440] {"t":"timeline","f":"play"},
[05:03:51.440] {"t":"app","f":"onEnter","a":{"name":"shot-anim:scope27"}},
[05:03:57.730] {"t":"queue","f":"push","a":{"t":"camera2d","f":"zoomflyTo","a":{"s":0.5,"d":5}}},
[05:04:00.312] {"t":"Mediator","f":"component","a":"narrative"},
[05:04:03.267] {"t":"app","f":"onEnter","a":{"name":"footprint:"}},
[05:04:03.267] {"t":"app","f":"onEnter","a":{"name":"i3d-scene:scene1"}},
[05:04:03.269] {"t":"app","f":"onEnter","a":{"name":"escher:"}},
[05:04:03.269] {"t":"app","f":"onEnter","a":{"name":"ECU:"}},
[05:04:03.269] {"t":"timeline","f":"play"},
[05:04:03.269] {"t":"camera3d","f":"addActorToScene","a":"bb_singular2"},
[05:04:03.270] {"t":"camera3d","f":"addActorToScene","a":"bb0"},
[05:04:03.270] {"t":"camera3d","f":"addActorToScene","a":"bb1"},
[05:04:03.270] {"t":"camera3d","f":"addActorToScene","a":"bb2"},
[05:04:03.270] {"t":"camera3d","f":"addActorToScene","a":"bb3"},
[05:04:03.270] {"t":"camera3d","f":"addActorToScene","a":"bb4"},
[05:04:03.270] {"t":"camera3d","f":"addActorToScene","a":"bb5"},
[05:04:03.270] {"t":"camera3d","f":"addActorToScene","a":"bb6"},
[05:04:03.271] {"t":"camera3d","f":"addActorToScene","a":"bb7"},
[05:04:03.273] {"t":"camera3d","f":"addActorToScene","a":"bb8"},
[05:04:03.273] {"t":"camera3d","f":"addActorToScene","a":"bb18"},
[05:04:03.273] {"t":"camera3d","f":"addActorToScene","a":"bb19"},
[05:04:03.273] {"t":"camera3d","f":"addActorToScene","a":"bb20"},
[05:04:03.273] {"t":"camera3d","f":"addActorToScene","a":"bb21"},
[05:04:03.274] {"t":"camera3d","f":"addActorToScene","a":"bb22"},
[05:04:03.275] {"t":"camera3d","f":"addActorToScene","a":"bb23"},
[05:04:03.280] {"t":"camera3d","f":"addActorToScene","a":"bb24"},
[05:04:03.280] {"t":"camera3d","f":"addActorToScene","a":"bb25"},
[05:04:03.281] {"t":"camera3d","f":"addActorToScene","a":"bb26"},
[05:04:03.281] {"t":"camera3d","f":"addActorToScene","a":"bb54"},
[05:04:03.282] {"t":"camera3d","f":"addActorToScene","a":"bb55"},
[05:04:03.282] {"t":"camera3d","f":"addActorToScene","a":"bb56"},
[05:04:03.283] {"t":"camera3d","f":"addActorToScene","a":"bb57"},
[05:04:03.283] {"t":"camera3d","f":"addActorToScene","a":"bb58"},
[05:04:03.283] {"t":"camera3d","f":"addActorToScene","a":"bb59"},
[05:04:03.284] {"t":"camera3d","f":"addActorToScene","a":"bb60"},
[05:04:03.284] {"t":"camera3d","f":"addActorToScene","a":"bb61"},
[05:04:03.284] {"t":"camera3d","f":"addActorToScene","a":"bb62"},
[05:04:03.284] {"t":"camera3d","f":"addActorToScene","a":"bb_singular2"},
[05:04:03.284] {"t":"camera3d","f":"addActorToScene","a":"bb0"},
[05:04:03.284] {"t":"camera3d","f":"addActorToScene","a":"bb1"},
[05:04:03.285] {"t":"camera3d","f":"addActorToScene","a":"bb2"},
[05:04:03.285] {"t":"camera3d","f":"addActorToScene","a":"bb3"},
[05:04:03.285] {"t":"camera3d","f":"addActorToScene","a":"bb4"},
[05:04:03.285] {"t":"camera3d","f":"addActorToScene","a":"bb5"},
[05:04:03.285] {"t":"camera3d","f":"addActorToScene","a":"bb6"},
[05:04:03.285] {"t":"camera3d","f":"addActorToScene","a":"bb7"},
[05:04:03.286] {"t":"camera3d","f":"addActorToScene","a":"bb8"},
[05:04:03.287] {"t":"camera3d","f":"addActorToScene","a":"bb18"},
[05:04:03.287] {"t":"camera3d","f":"addActorToScene","a":"bb19"},
[05:04:03.287] {"t":"camera3d","f":"addActorToScene","a":"bb20"},
[05:04:03.287] {"t":"camera3d","f":"addActorToScene","a":"bb21"},
[05:04:03.287] {"t":"camera3d","f":"addActorToScene","a":"bb22"},
[05:04:03.287] {"t":"camera3d","f":"addActorToScene","a":"bb23"},
[05:04:03.288] {"t":"camera3d","f":"addActorToScene","a":"bb24"},
[05:04:03.288] {"t":"camera3d","f":"addActorToScene","a":"bb25"},
[05:04:03.288] {"t":"camera3d","f":"addActorToScene","a":"bb26"},
[05:04:03.288] {"t":"camera3d","f":"addActorToScene","a":"bb54"},
[05:04:03.288] {"t":"camera3d","f":"addActorToScene","a":"bb55"},
[05:04:03.289] {"t":"camera3d","f":"addActorToScene","a":"bb56"},
[05:04:03.289] {"t":"camera3d","f":"addActorToScene","a":"bb57"},
[05:04:03.289] {"t":"camera3d","f":"addActorToScene","a":"bb58"},
[05:04:03.289] {"t":"camera3d","f":"addActorToScene","a":"bb59"},
[05:04:03.290] {"t":"camera3d","f":"addActorToScene","a":"bb60"},
[05:04:03.290] {"t":"camera3d","f":"addActorToScene","a":"bb61"},
[05:04:03.290] {"t":"camera3d","f":"addActorToScene","a":"bb62"},
[05:04:03.291] {"t":"camera3d","f":"addActorToScene","a":"bb_singular2"},
[05:04:03.292] {"t":"camera3d","f":"addActorToScene","a":"bb0"},
[05:04:03.292] {"t":"camera3d","f":"addActorToScene","a":"bb1"},
[05:04:03.292] {"t":"camera3d","f":"addActorToScene","a":"bb2"},
[05:04:03.292] {"t":"camera3d","f":"addActorToScene","a":"bb3"},
[05:04:03.292] {"t":"camera3d","f":"addActorToScene","a":"bb4"},
[05:04:03.292] {"t":"camera3d","f":"addActorToScene","a":"bb5"},
[05:04:03.293] {"t":"camera3d","f":"addActorToScene","a":"bb6"},
[05:04:03.293] {"t":"camera3d","f":"addActorToScene","a":"bb7"},
[05:04:03.293] {"t":"camera3d","f":"addActorToScene","a":"bb8"},
[05:04:03.293] {"t":"camera3d","f":"addActorToScene","a":"bb18"},
[05:04:03.293] {"t":"camera3d","f":"addActorToScene","a":"bb19"},
[05:04:03.293] {"t":"camera3d","f":"addActorToScene","a":"bb20"},
[05:04:03.294] {"t":"camera3d","f":"addActorToScene","a":"bb21"},
[05:04:03.294] {"t":"camera3d","f":"addActorToScene","a":"bb22"},
[05:04:03.294] {"t":"camera3d","f":"addActorToScene","a":"bb23"},
[05:04:03.295] {"t":"camera3d","f":"addActorToScene","a":"bb24"},
[05:04:03.295] {"t":"camera3d","f":"addActorToScene","a":"bb25"},
[05:04:03.295] {"t":"camera3d","f":"addActorToScene","a":"bb26"},
[05:04:03.295] {"t":"camera3d","f":"addActorToScene","a":"bb54"},
[05:04:03.295] {"t":"camera3d","f":"addActorToScene","a":"bb55"},
[05:04:03.296] {"t":"camera3d","f":"addActorToScene","a":"bb56"},
[05:04:03.296] {"t":"camera3d","f":"addActorToScene","a":"bb57"},
[05:04:03.296] {"t":"camera3d","f":"addActorToScene","a":"bb58"},
[05:04:03.296] {"t":"camera3d","f":"addActorToScene","a":"bb59"},
[05:04:03.296] {"t":"camera3d","f":"addActorToScene","a":"bb60"},
[05:04:03.297] {"t":"camera3d","f":"addActorToScene","a":"bb61"},
[05:04:03.297] {"t":"camera3d","f":"addActorToScene","a":"bb62"},
[05:04:03.297] {"t":"camera3d","f":"addActorToScene","a":"csphere"},
[05:04:03.297] {"t":"camera3d","f":"addActorToScene","a":"bb_singular2"},
[05:04:03.298] {"t":"camera3d","f":"addActorToScene","a":"bb0"},
[05:04:03.298] {"t":"camera3d","f":"addActorToScene","a":"bb1"},
[05:04:03.298] {"t":"camera3d","f":"addActorToScene","a":"bb2"},
[05:04:03.298] {"t":"camera3d","f":"addActorToScene","a":"bb3"},
[05:04:03.298] {"t":"camera3d","f":"addActorToScene","a":"bb4"},
[05:04:03.299] {"t":"camera3d","f":"addActorToScene","a":"bb5"},
[05:04:03.299] {"t":"camera3d","f":"addActorToScene","a":"bb6"},
[05:04:03.299] {"t":"camera3d","f":"addActorToScene","a":"bb7"},
[05:04:03.299] {"t":"camera3d","f":"addActorToScene","a":"bb8"},
[05:04:03.299] {"t":"camera3d","f":"addActorToScene","a":"bb18"},
[05:04:03.300] {"t":"camera3d","f":"addActorToScene","a":"bb19"},
[05:04:03.300] {"t":"camera3d","f":"addActorToScene","a":"bb20"},
[05:04:03.300] {"t":"camera3d","f":"addActorToScene","a":"bb21"},
[05:04:03.300] {"t":"camera3d","f":"addActorToScene","a":"bb22"},
[05:04:03.301] {"t":"camera3d","f":"addActorToScene","a":"bb23"},
[05:04:03.301] {"t":"camera3d","f":"addActorToScene","a":"bb24"},
[05:04:03.301] {"t":"camera3d","f":"addActorToScene","a":"bb25"},
[05:04:03.301] {"t":"camera3d","f":"addActorToScene","a":"bb26"},
[05:04:03.301] {"t":"camera3d","f":"addActorToScene","a":"bb54"},
[05:04:03.301] {"t":"camera3d","f":"addActorToScene","a":"bb55"},
[05:04:03.301] {"t":"camera3d","f":"addActorToScene","a":"bb56"},
[05:04:03.302] {"t":"camera3d","f":"addActorToScene","a":"bb57"},
[05:04:03.302] {"t":"camera3d","f":"addActorToScene","a":"bb58"},
[05:04:03.303] {"t":"camera3d","f":"addActorToScene","a":"bb59"},
[05:04:03.303] {"t":"camera3d","f":"addActorToScene","a":"bb60"},
[05:04:03.303] {"t":"camera3d","f":"addActorToScene","a":"bb61"},
[05:04:03.303] {"t":"camera3d","f":"addActorToScene","a":"bb62"},
[05:04:03.417] {"t":"timeline","f":"play"},
[05:04:03.417] {"t":"app","f":"onEnter","a":{"name":"shot-anim:scope29"}},
[05:04:03.417] {"t":"Mediator","f":"component","a":"narrative"},
[05:04:03.415] {"t":"narrative","f":"shot","a":{"delta":{"timeline":{"p":{"paused":true,"repeat":0,"tweens":[]},"actors":{"i2d:zoom_plane":[{"dur":5,"p":{"scale":0.5,"svgOrigin":"0% 0%","immediateRender":false}}]}}}}},
[05:04:03.518] {"t":"camera3d","f":"addActorToScene","a":"bb_singular"},
[05:04:03.518] {"t":"camera3d","f":"addActorToScene","a":"bb_singular"},
[05:04:03.519] {"t":"camera3d","f":"addActorToScene","a":"bb_singular"},
[05:04:03.519] {"t":"camera3d","f":"addActorToScene","a":"bb_singular"},
[05:04:07.736] {"t":"queue","f":"push","a":{"t":"camera2d","f":"zoomflyTo","a":{"s":2,"d":5}}},
[05:04:08.352] {"t":"narrative","f":"shot","a":{"delta":{"timeline":{"p":{"paused":true,"repeat":0,"tweens":[]},"actors":{"i2d:zoom_plane":[{"dur":5,"p":{"scale":2,"svgOrigin":"0% 0%","immediateRender":false}}]}}}}},
[05:04:08.437] {"t":"Mediator","f":"component","a":"narrative"},
[05:04:08.439] {"t":"app","f":"onEnter","a":{"name":"shot-anim:scope30"}},
[05:04:08.439] {"t":"timeline","f":"play"},
[05:04:08.497] {"t":"camera2d","f":"dollyX-","a":87},
[05:04:08.505] {"t":"Mediator","f":"record","a":{"t":"camera2d","f":"dollyflyBy","a":{"x":-10,"d":3}}},
[05:04:08.506] {"t":"narrative","f":"shot","a":{"delta":{"timeline":{"p":{"paused":true,"repeat":0,"tweens":[]},"actors":{"i2d:plane":[{"dur":3,"p":{"x":-10,"y":0,"immediateRender":false}}]}}}}},
[05:04:08.560] {"t":"Mediator","f":"component","a":"narrative"},
[05:04:08.560] {"t":"app","f":"onEnter","a":{"name":"shot-anim:scope31"}},
[05:04:08.561] {"t":"timeline","f":"play"},
[05:04:14.639] {"t":"Mediator","f":"record","a":{"t":"camera3d","f":"dollyBy","a":{"x":-10,"d":3}}},
[05:04:14.678] {"t":"Mediator","f":"component","a":"narrative"},
[05:04:14.678] {"t":"app","f":"onEnter","a":{"name":"shot-anim:scope32"}},
[05:04:14.680] {"t":"timeline","f":"play"},
[05:04:17.737] {"t":"queue","f":"push","a":{"t":"camera2d","f":"zoomflyTo","a":{"s":0.5,"d":5}}},
[05:04:20.535] {"t":"Mediator","f":"record","a":{"t":"camera3d","f":"rollflyBy","a":{"r":-0.3927,"d":3}}},
[05:04:20.609] {"t":"Mediator","f":"component","a":"narrative"},
[05:04:20.609] {"t":"app","f":"onEnter","a":{"name":"shot-anim:scope33"}},
[05:04:20.609] {"t":"timeline","f":"play"},
[05:04:23.519] {"t":"narrative","f":"shot","a":{"delta":{"timeline":{"p":{"paused":true,"repeat":0,"tweens":[]},"actors":{"i2d:zoom_plane":[{"dur":5,"p":{"scale":0.5,"svgOrigin":"0% 0%","immediateRender":false}}]}}}}},
[05:04:23.615] {"t":"Mediator","f":"component","a":"narrative"},
[05:04:23.616] {"t":"app","f":"onEnter","a":{"name":"shot-anim:scope34"}},
[05:04:23.616] {"t":"timeline","f":"play"},
[05:04:24.578] {"t":"Mediator","f":"record","a":{"t":"camera3d","f":"rollflyBy","a":{"r":-0.3927,"d":3}}},
[05:04:24.636] {"t":"Mediator","f":"component","a":"narrative"},
[05:04:24.636] {"t":"app","f":"onEnter","a":{"name":"shot-anim:scope35"}},
[05:04:24.636] {"t":"timeline","f":"play"},
[05:04:27.736] {"t":"queue","f":"push","a":{"t":"camera2d","f":"zoomflyTo","a":{"s":2,"d":5}}},
[05:04:28.530] {"t":"narrative","f":"shot","a":{"delta":{"timeline":{"p":{"paused":true,"repeat":0,"tweens":[]},"actors":{"i2d:zoom_plane":[{"dur":5,"p":{"scale":2,"svgOrigin":"0% 0%","immediateRender":false}}]}}}}},
[05:04:28.611] {"t":"Mediator","f":"component","a":"narrative"},
[05:04:28.611] {"t":"app","f":"onEnter","a":{"name":"shot-anim:scope36"}},
[05:04:28.611] {"t":"timeline","f":"play"},
[05:04:31.128] {"t":"camera2d","f":"home/center","a":82},
[05:04:31.139] {"t":"Mediator","f":"record","a":{"t":"camera2d","f":"center"}},
[05:04:31.139] {"t":"narrative","f":"shot","a":{"delta":{"timeline":{"p":{"paused":true,"repeat":0},"actors":{"i2d:plane":[{"dur":3,"p":{"x":0,"y":0,"immediateRender":false}}],"i2d:zoom_plane":[{"dur":3,"p":{"rotation":0,"svgOrigin":"0% 0%","immediateRender":false}}]}}}}},
[05:04:31.163] {"t":"Mediator","f":"component","a":"narrative"},
[05:04:31.163] {"t":"app","f":"onEnter","a":{"name":"shot-anim:scope37"}},
[05:04:31.165] {"t":"timeline","f":"play"},
[05:04:35.573] {"t":"Mediator","f":"record","a":{"t":"camera3d","f":"rollflyBy","a":{"r":0.3927,"d":3}}},
[05:04:35.646] {"t":"Mediator","f":"component","a":"narrative"},
[05:04:35.647] {"t":"app","f":"onEnter","a":{"name":"shot-anim:scope38"}},
[05:04:35.647] {"t":"timeline","f":"play"},
[05:04:37.745] {"t":"queue","f":"push","a":{"t":"camera2d","f":"zoomflyTo","a":{"s":0.5,"d":5}}},
[05:04:38.586] {"t":"narrative","f":"shot","a":{"delta":{"timeline":{"p":{"paused":true,"repeat":0,"tweens":[]},"actors":{"i2d:zoom_plane":[{"dur":5,"p":{"scale":0.5,"svgOrigin":"0% 0%","immediateRender":false}}]}}}}},
[05:04:38.657] {"t":"Mediator","f":"component","a":"narrative"},
[05:04:38.657] {"t":"app","f":"onEnter","a":{"name":"shot-anim:scope39"}},
[05:04:38.658] {"t":"timeline","f":"play"},
[05:04:40.173] {"t":"Mediator","f":"record","a":{"t":"camera3d","f":"tiltflyBy","a":{"r":0.19635,"d":3}}},
[05:04:40.228] {"t":"app","f":"onEnter","a":{"name":"shot-anim:scope40"}},
[05:04:40.226] {"t":"Mediator","f":"component","a":"narrative"},
[05:04:40.229] {"t":"timeline","f":"play"},
[05:04:42.709] {"t":"Mediator","f":"record","a":{"t":"camera3d","f":"tiltflyBy","a":{"r":0.19635,"d":3}}},
[05:04:42.757] {"t":"Mediator","f":"component","a":"narrative"},
[05:04:42.759] {"t":"app","f":"onEnter","a":{"name":"shot-anim:scope41"}},
[05:04:42.760] {"t":"timeline","f":"play"},
[05:04:44.920] {"t":"Mediator","f":"record","a":{"t":"camera3d","f":"tiltflyBy","a":{"r":0.19635,"d":3}}},
[05:04:45.006] {"t":"Mediator","f":"component","a":"narrative"},
[05:04:45.006] {"t":"app","f":"onEnter","a":{"name":"shot-anim:scope42"}},
[05:04:45.006] {"t":"timeline","f":"play"},
[05:04:46.587] {"t":"Mediator","f":"record","a":{"t":"camera3d","f":"panflyBy","a":{"r":0.19635,"d":3}}},
[05:04:46.656] {"t":"Mediator","f":"component","a":"narrative"},
[05:04:46.657] {"t":"app","f":"onEnter","a":{"name":"shot-anim:scope43"}},
[05:04:46.657] {"t":"timeline","f":"play"},
[05:04:47.737] {"t":"queue","f":"push","a":{"t":"camera2d","f":"zoomflyTo","a":{"s":2,"d":5}}},
[05:04:47.881] {"t":"Mediator","f":"record","a":{"t":"camera3d","f":"panflyBy","a":{"r":-0.19635,"d":3}}},
[05:04:47.949] {"t":"Mediator","f":"component","a":"narrative"},
[05:04:47.949] {"t":"app","f":"onEnter","a":{"name":"shot-anim:scope44"}},
[05:04:47.950] {"t":"narrative","f":"shot","a":{"delta":{"timeline":{"p":{"paused":true,"repeat":0,"tweens":[]},"actors":{"i2d:zoom_plane":[{"dur":5,"p":{"scale":2,"svgOrigin":"0% 0%","immediateRender":false}}]}}}}},
[05:04:47.950] {"t":"timeline","f":"play"},
[05:04:48.023] {"t":"Mediator","f":"component","a":"narrative"},
[05:04:48.025] {"t":"app","f":"onEnter","a":{"name":"shot-anim:scope45"}},
[05:04:48.025] {"t":"timeline","f":"play"},
[05:04:51.069] {"t":"Mediator","f":"record","a":{"t":"camera3d","f":"panflyBy","a":{"r":-0.19635,"d":3}}},
[05:04:51.144] {"t":"Mediator","f":"component","a":"narrative"},
[05:04:51.145] {"t":"app","f":"onEnter","a":{"name":"shot-anim:scope46"}},
[05:04:51.145] {"t":"timeline","f":"play"},
[05:04:51.527] {"t":"Mediator","f":"record","a":{"t":"camera3d","f":"panflyBy","a":{"r":-0.19635,"d":3}}},
[05:04:51.584] {"t":"Mediator","f":"component","a":"narrative"},
[05:04:51.585] {"t":"app","f":"onEnter","a":{"name":"shot-anim:scope47"}},
[05:04:51.585] {"t":"timeline","f":"play"},
[05:04:54.911] {"t":"Mediator","f":"record","a":{"t":"camera3d","f":"panflyBy","a":{"r":-0.19635,"d":3}}},
[05:04:54.979] {"t":"Mediator","f":"component","a":"narrative"},
[05:04:54.980] {"t":"app","f":"onEnter","a":{"name":"shot-anim:scope48"}},
[05:04:54.980] {"t":"timeline","f":"play"},
[05:04:57.750] {"t":"queue","f":"push","a":{"t":"camera2d","f":"zoomflyTo","a":{"s":0.5,"d":5}}},
[05:04:57.911] {"t":"narrative","f":"shot","a":{"delta":{"timeline":{"p":{"paused":true,"repeat":0,"tweens":[]},"actors":{"i2d:zoom_plane":[{"dur":5,"p":{"scale":0.5,"svgOrigin":"0% 0%","immediateRender":false}}]}}}}},
[05:04:58.020] {"t":"Mediator","f":"component","a":"narrative"},
[05:04:58.021] {"t":"app","f":"onEnter","a":{"name":"shot-anim:scope49"}},
[05:04:58.022] {"t":"timeline","f":"play"},
[05:05:07.752] {"t":"queue","f":"push","a":{"t":"camera2d","f":"zoomflyTo","a":{"s":2,"d":5}}},
[05:05:08.306] {"t":"Mediator","f":"record","a":{"t":"camera3d","f":"panflyBy","a":{"r":-0.19635,"d":3}}},
[05:05:08.383] {"t":"Mediator","f":"component","a":"narrative"},
[05:05:08.383] {"t":"app","f":"onEnter","a":{"name":"shot-anim:scope50"}},
[05:05:08.383] {"t":"timeline","f":"play"},
[05:05:11.302] {"t":"narrative","f":"shot","a":{"delta":{"timeline":{"p":{"paused":true,"repeat":0,"tweens":[]},"actors":{"i2d:zoom_plane":[{"dur":5,"p":{"scale":2,"svgOrigin":"0% 0%","immediateRender":false}}]}}}}},
[05:05:11.417] {"t":"Mediator","f":"component","a":"narrative"},
[05:05:11.418] {"t":"app","f":"onEnter","a":{"name":"shot-anim:scope51"}},
[05:05:11.418] {"t":"timeline","f":"play"},
[05:05:17.765] {"t":"queue","f":"push","a":{"t":"camera2d","f":"zoomflyTo","a":{"s":0.5,"d":5}}},
[05:05:26.399] {"t":"narrative","f":"shot","a":{"delta":{"timeline":{"p":{"paused":true,"repeat":0,"tweens":[]},"actors":{"i2d:zoom_plane":[{"dur":5,"p":{"scale":0.5,"svgOrigin":"0% 0%","immediateRender":false}}]}}}}},
[05:05:26.476] {"t":"Mediator","f":"component","a":"narrative"},
[05:05:26.476] {"t":"app","f":"onEnter","a":{"name":"shot-anim:scope52"}},
[05:05:26.477] {"t":"timeline","f":"play"},
[05:05:27.765] {"t":"queue","f":"push","a":{"t":"camera2d","f":"zoomflyTo","a":{"s":2,"d":5}}},
[05:05:31.401] {"t":"narrative","f":"shot","a":{"delta":{"timeline":{"p":{"paused":true,"repeat":0,"tweens":[]},"actors":{"i2d:zoom_plane":[{"dur":5,"p":{"scale":2,"svgOrigin":"0% 0%","immediateRender":false}}]}}}}},
[05:05:31.479] {"t":"Mediator","f":"component","a":"narrative"},
[05:05:31.481] {"t":"app","f":"onEnter","a":{"name":"shot-anim:scope53"}},
[05:05:31.482] {"t":"timeline","f":"play"},
