[05:22:29.301] {"t":"Mediator","f":"component","a":"narrative"},
[05:22:29.786] {"t":"app","f":"onEnter","a":{"name":"payments:"}},
[05:22:29.787] {"t":"app","f":"onEnter","a":{"name":"i3d-simple:phong_head_sphere_kfb"}},
[05:22:29.787] {"t":"app","f":"onEnter","a":{"name":"i2d-empty:"}},
[05:22:29.788] {"t":"app","f":"onEnter","a":{"name":"black:"}},
[05:22:29.788] {"t":"app","f":"onEnter","a":{"name":"CU:"}},
[05:22:29.788] {"t":"timeline","f":"play"},
[05:22:29.788] {"t":"camera3d","f":"addActorToScene","a":"csphere"},
[05:22:29.789] {"t":"camera3d","f":"addActorToScene","a":"axes0"},
[05:22:29.790] {"t":"camera3d","f":"addActorToScene","a":"sphere_phong"},
[05:22:29.791] {"t":"camera3d","f":"addActorToScene","a":"key"},
[05:22:29.792] {"t":"camera3d","f":"addActorToScene","a":"fill"},
[05:22:29.792] {"t":"camera3d","f":"addActorToScene","a":"back"},
[05:22:30.216] {"t":"camera3d","f":"addActorToScene","a":"head_scan"},
[05:22:38.437] {"t":"queue","f":"push","a":{"t":"camera2d","f":"zoomflyTo","a":{"s":2,"d":5}}},
[05:22:48.440] {"t":"queue","f":"push","a":{"t":"camera2d","f":"zoomflyTo","a":{"s":0.5,"d":5}}},
[05:22:56.910] {"t":"narrative","f":"shot","a":{"delta":{"timeline":{"p":{"paused":true,"repeat":0,"tweens":[]},"actors":{"i2d:zoom_plane":[{"dur":5,"p":{"scale":2,"svgOrigin":"0% 0%","immediateRender":false}}]}}}}},
[05:22:56.932] {"t":"Mediator","f":"component","a":"narrative"},
[05:22:56.932] {"t":"app","f":"onEnter","a":{"name":"shot-anim:scope1"}},
[05:22:56.935] {"t":"timeline","f":"play"},
[05:22:58.452] {"t":"queue","f":"push","a":{"t":"camera2d","f":"zoomflyTo","a":{"s":2,"d":5}}},
[05:23:01.914] {"t":"narrative","f":"shot","a":{"delta":{"timeline":{"p":{"paused":true,"repeat":0,"tweens":[]},"actors":{"i2d:zoom_plane":[{"dur":5,"p":{"scale":0.5,"svgOrigin":"0% 0%","immediateRender":false}}]}}}}},
[05:23:01.971] {"t":"Mediator","f":"component","a":"narrative"},
[05:23:01.971] {"t":"app","f":"onEnter","a":{"name":"shot-anim:scope2"}},
[05:23:01.971] {"t":"timeline","f":"play"},
[05:23:06.921] {"t":"narrative","f":"shot","a":{"delta":{"timeline":{"p":{"paused":true,"repeat":0,"tweens":[]},"actors":{"i2d:zoom_plane":[{"dur":5,"p":{"scale":2,"svgOrigin":"0% 0%","immediateRender":false}}]}}}}},
[05:23:06.964] {"t":"Mediator","f":"component","a":"narrative"},
[05:23:06.964] {"t":"app","f":"onEnter","a":{"name":"shot-anim:scope3"}},
[05:23:06.964] {"t":"timeline","f":"play"},
[05:23:08.461] {"t":"queue","f":"push","a":{"t":"camera2d","f":"zoomflyTo","a":{"s":0.5,"d":5}}},
[05:23:11.931] {"t":"narrative","f":"shot","a":{"delta":{"timeline":{"p":{"paused":true,"repeat":0,"tweens":[]},"actors":{"i2d:zoom_plane":[{"dur":5,"p":{"scale":0.5,"svgOrigin":"0% 0%","immediateRender":false}}]}}}}},
[05:23:11.989] {"t":"Mediator","f":"component","a":"narrative"},
[05:23:11.989] {"t":"app","f":"onEnter","a":{"name":"shot-anim:scope4"}},
[05:23:11.990] {"t":"timeline","f":"play"},
