[05:29:05.684] {"t":"Mediator","f":"component","a":"narrative"},
[05:29:06.171] {"t":"app","f":"onEnter","a":{"name":"payments:"}},
[05:29:06.172] {"t":"app","f":"onEnter","a":{"name":"i3d-simple:phong_head_sphere_kfb"}},
[05:29:06.172] {"t":"app","f":"onEnter","a":{"name":"i2d-empty:"}},
[05:29:06.172] {"t":"app","f":"onEnter","a":{"name":"black:"}},
[05:29:06.172] {"t":"app","f":"onEnter","a":{"name":"CU:"}},
[05:29:06.172] {"t":"timeline","f":"play"},
[05:29:06.173] {"t":"camera3d","f":"addActorToScene","a":"csphere"},
[05:29:06.174] {"t":"camera3d","f":"addActorToScene","a":"axes0"},
[05:29:06.175] {"t":"camera3d","f":"addActorToScene","a":"sphere_phong"},
[05:29:06.176] {"t":"camera3d","f":"addActorToScene","a":"key"},
[05:29:06.177] {"t":"camera3d","f":"addActorToScene","a":"fill"},
[05:29:06.178] {"t":"camera3d","f":"addActorToScene","a":"back"},
[05:29:06.605] {"t":"camera3d","f":"addActorToScene","a":"head_scan"},
[05:29:19.092] {"t":"queue","f":"push","a":{"t":"camera2d","f":"zoomflyTo","a":{"s":2,"d":5}}},
[05:29:28.178] {"t":"narrative","f":"shot","a":{"delta":{"timeline":{"p":{"paused":true,"repeat":0,"tweens":[]},"actors":{"i2d:zoom_plane":[{"dur":5,"p":{"scale":2,"svgOrigin":"0% 0%","immediateRender":false}}]}}}}},
[05:29:28.253] {"t":"app","f":"onEnter","a":{"name":"shot-anim:scope1"}},
[05:29:28.253] {"t":"timeline","f":"play"},
[05:29:28.252] {"t":"Mediator","f":"component","a":"narrative"},
[05:29:29.104] {"t":"queue","f":"push","a":{"t":"camera2d","f":"zoomflyTo","a":{"s":0.5,"d":5}}},
[05:29:33.197] {"t":"narrative","f":"shot","a":{"delta":{"timeline":{"p":{"paused":true,"repeat":0,"tweens":[]},"actors":{"i2d:zoom_plane":[{"dur":5,"p":{"scale":0.5,"svgOrigin":"0% 0%","immediateRender":false}}]}}}}},
[05:29:33.256] {"t":"app","f":"onEnter","a":{"name":"shot-anim:scope2"}},
[05:29:33.256] {"t":"timeline","f":"play"},
[05:29:33.255] {"t":"Mediator","f":"component","a":"narrative"},
[05:29:39.096] {"t":"queue","f":"push","a":{"t":"camera2d","f":"zoomflyTo","a":{"s":2,"d":5}}},
[05:29:42.915] {"t":"Mediator","f":"record","a":{"t":"camera3d","f":"tiltflyBy","a":{"r":0.19635,"d":3}}},
[05:29:42.952] {"t":"Mediator","f":"component","a":"narrative"},
[05:29:42.952] {"t":"timeline","f":"play"},
[05:29:42.952] {"t":"app","f":"onEnter","a":{"name":"shot-anim:scope3"}},
[05:29:45.912] {"t":"narrative","f":"shot","a":{"delta":{"timeline":{"p":{"paused":true,"repeat":0,"tweens":[]},"actors":{"i2d:zoom_plane":[{"dur":5,"p":{"scale":2,"svgOrigin":"0% 0%","immediateRender":false}}]}}}}},
[05:29:45.941] {"t":"Mediator","f":"component","a":"narrative"},
[05:29:45.942] {"t":"app","f":"onEnter","a":{"name":"shot-anim:scope4"}},
[05:29:45.942] {"t":"timeline","f":"play"},
[05:29:46.585] {"t":"camera2d","f":"zoom-in","a":90},
[05:29:46.601] {"t":"narrative","f":"shot","a":{"delta":{"timeline":{"p":{"paused":true,"repeat":0,"tweens":[]},"actors":{"i2d:zoom_plane":[{"dur":3,"p":{"scale":2.2222,"svgOrigin":"0% 0%","immediateRender":false}}]}}}}},
[05:29:46.600] {"t":"Mediator","f":"record","a":{"t":"camera2d","f":"zoomflyBy","a":{"s":1.1111,"d":3}}},
[05:29:46.635] {"t":"app","f":"onEnter","a":{"name":"shot-anim:scope5"}},
[05:29:46.635] {"t":"timeline","f":"play"},
[05:29:46.635] {"t":"Mediator","f":"component","a":"narrative"},
[05:29:49.103] {"t":"queue","f":"push","a":{"t":"camera2d","f":"zoomflyTo","a":{"s":0.5,"d":5}}},
[05:29:49.588] {"t":"narrative","f":"shot","a":{"delta":{"timeline":{"p":{"paused":true,"repeat":0,"tweens":[]},"actors":{"i2d:zoom_plane":[{"dur":5,"p":{"scale":0.5,"svgOrigin":"0% 0%","immediateRender":false}}]}}}}},
[05:29:49.645] {"t":"Mediator","f":"component","a":"narrative"},
[05:29:49.646] {"t":"app","f":"onEnter","a":{"name":"shot-anim:scope6"}},
[05:29:49.646] {"t":"timeline","f":"play"},
[05:29:50.047] {"t":"Mediator","f":"record","a":{"t":"camera3d","f":"zoomflyBy","a":{"s":0.9,"d":3}}},
[05:29:50.087] {"t":"Mediator","f":"component","a":"narrative"},
[05:29:50.087] {"t":"app","f":"onEnter","a":{"name":"shot-anim:scope7"}},
[05:29:50.087] {"t":"timeline","f":"play"},
[05:29:53.779] {"t":"Mediator","f":"record","a":{"t":"camera3d","f":"panflyBy","a":{"r":-0.19635,"d":3}}},
[05:29:53.825] {"t":"Mediator","f":"component","a":"narrative"},
[05:29:53.825] {"t":"app","f":"onEnter","a":{"name":"shot-anim:scope8"}},
[05:29:53.826] {"t":"timeline","f":"play"},
[05:29:56.990] {"t":"Mediator","f":"record","a":{"t":"camera3d","f":"dollyBy","a":{"x":10,"d":3}}},
[05:29:57.043] {"t":"Mediator","f":"component","a":"narrative"},
[05:29:57.043] {"t":"timeline","f":"play"},
[05:29:57.043] {"t":"app","f":"onEnter","a":{"name":"shot-anim:scope9"}},
[05:29:59.103] {"t":"queue","f":"push","a":{"t":"camera2d","f":"zoomflyTo","a":{"s":2,"d":5}}},
[05:29:59.989] {"t":"narrative","f":"shot","a":{"delta":{"timeline":{"p":{"paused":true,"repeat":0,"tweens":[]},"actors":{"i2d:zoom_plane":[{"dur":5,"p":{"scale":2,"svgOrigin":"0% 0%","immediateRender":false}}]}}}}},
[05:30:00.022] {"t":"Mediator","f":"component","a":"narrative"},
[05:30:00.022] {"t":"app","f":"onEnter","a":{"name":"shot-anim:scope10"}},
[05:30:00.023] {"t":"timeline","f":"play"},
[05:30:09.119] {"t":"queue","f":"push","a":{"t":"camera2d","f":"zoomflyTo","a":{"s":0.5,"d":5}}},
