[05:40:13.663] {"t":"Mediator","f":"component","a":"narrative"},
[05:40:14.473] {"t":"app","f":"onEnter","a":{"name":"stocks:"}},
[05:40:14.473] {"t":"app","f":"onEnter","a":{"name":"i3d-jsonmodels:phongballchair_kfb"}},
[05:40:14.473] {"t":"app","f":"onEnter","a":{"name":"i2d-scene:defsuse0"}},
[05:40:14.473] {"t":"app","f":"onEnter","a":{"name":"grid:"}},
[05:40:14.474] {"t":"app","f":"onEnter","a":{"name":"2S:"}},
[05:40:14.474] {"t":"timeline","f":"play"},
[05:40:14.474] {"t":"camera3d","f":"addActorToScene","a":"csphere"},
[05:40:14.475] {"t":"camera3d","f":"addActorToScene","a":"axes0"},
[05:40:14.475] {"t":"camera3d","f":"addActorToScene","a":"key"},
[05:40:14.476] {"t":"camera3d","f":"addActorToScene","a":"fill"},
[05:40:14.478] {"t":"camera3d","f":"addActorToScene","a":"back"},
[05:40:15.123] {"t":"camera3d","f":"addActorToScene","a":"ball_chair"},
[05:40:17.581] {"t":"Mediator","f":"component","a":"narrative"},
[05:40:18.129] {"t":"app","f":"onEnter","a":{"name":"payments:"}},
[05:40:18.129] {"t":"app","f":"onEnter","a":{"name":"i3d-simple:phong_head_sphere_kfb"}},
[05:40:18.130] {"t":"app","f":"onEnter","a":{"name":"i2d-empty:"}},
[05:40:18.131] {"t":"app","f":"onEnter","a":{"name":"black:"}},
[05:40:18.132] {"t":"app","f":"onEnter","a":{"name":"CU:"}},
[05:40:18.133] {"t":"timeline","f":"play"},
[05:40:18.133] {"t":"camera3d","f":"addActorToScene","a":"csphere"},
[05:40:18.134] {"t":"camera3d","f":"addActorToScene","a":"axes0"},
[05:40:18.135] {"t":"camera3d","f":"addActorToScene","a":"sphere_phong"},
[05:40:18.135] {"t":"camera3d","f":"addActorToScene","a":"key"},
[05:40:18.135] {"t":"camera3d","f":"addActorToScene","a":"fill"},
[05:40:18.136] {"t":"camera3d","f":"addActorToScene","a":"back"},
[05:40:18.553] {"t":"camera3d","f":"addActorToScene","a":"head_scan"},
[05:40:18.882] {"t":"camera3d","f":"addActorToScene","a":"head_scan"},
[05:40:28.804] {"t":"queue","f":"push","a":{"t":"camera2d","f":"zoomflyTo","a":{"s":2,"d":5}}},
[05:40:38.817] {"t":"queue","f":"push","a":{"t":"camera2d","f":"zoomflyTo","a":{"s":0.5,"d":5}}},
