[17:31:41.933] {"t":"camera3d","f":"place","a":12},
[17:31:42.026] {"t":"camerasphere","f":"create","a":"csphere"},
[17:31:42.027] {"t":"camerasphere","f":"children","a":1},
[17:32:14.649] {"t":"narrative","f":"shot","a":{"delta":{"timeline":{"p":{"paused":true,"repeat":0,"tweens":[]},"actors":{"i2d:zoom_plane":[{"dur":5,"p":{"scale":2,"svgOrigin":"0% 0%","immediateRender":false}}]}}}}},
[17:32:14.744] {"t":"Mediator","f":"component","a":"narrative"},
[17:32:14.746] {"t":"app","f":"onEnter","a":{"name":"empty:"}},
[17:32:14.748] {"t":"timeline","f":"play"},
[17:32:14.747] {"t":"app","f":"onEnter","a":{"name":"shot-anim:scope0"}},
[17:32:19.705] {"t":"narrative","f":"shot","a":{"delta":{"timeline":{"p":{"paused":true,"repeat":0,"tweens":[]},"actors":{"i2d:zoom_plane":[{"dur":5,"p":{"scale":0.5,"svgOrigin":"0% 0%","immediateRender":false}}]}}}}},
[17:32:19.830] {"t":"Mediator","f":"component","a":"narrative"},
[17:32:19.831] {"t":"app","f":"onEnter","a":{"name":"shot-anim:scope1"}},
[17:32:19.831] {"t":"timeline","f":"play"},
[17:32:34.650] {"t":"narrative","f":"shot","a":{"delta":{"timeline":{"p":{"paused":true,"repeat":0,"tweens":[]},"actors":{"i2d:zoom_plane":[{"dur":5,"p":{"scale":2,"svgOrigin":"0% 0%","immediateRender":false}}]}}}}},
[17:32:34.730] {"t":"Mediator","f":"component","a":"narrative"},
[17:32:34.732] {"t":"app","f":"onEnter","a":{"name":"shot-anim:scope2"}},
[17:32:34.733] {"t":"timeline","f":"play"},
[17:32:39.702] {"t":"narrative","f":"shot","a":{"delta":{"timeline":{"p":{"paused":true,"repeat":0,"tweens":[]},"actors":{"i2d:zoom_plane":[{"dur":5,"p":{"scale":0.5,"svgOrigin":"0% 0%","immediateRender":false}}]}}}}},
[17:32:39.809] {"t":"Mediator","f":"component","a":"narrative"},
[17:32:39.810] {"t":"app","f":"onEnter","a":{"name":"shot-anim:scope3"}},
[17:32:39.810] {"t":"timeline","f":"play"},
[17:33:14.652] {"t":"narrative","f":"shot","a":{"delta":{"timeline":{"p":{"paused":true,"repeat":0,"tweens":[]},"actors":{"i2d:zoom_plane":[{"dur":5,"p":{"scale":2,"svgOrigin":"0% 0%","immediateRender":false}}]}}}}},
[17:33:14.708] {"t":"Mediator","f":"component","a":"narrative"},
[17:33:14.709] {"t":"app","f":"onEnter","a":{"name":"shot-anim:scope4"}},
[17:33:14.711] {"t":"timeline","f":"play"},
[17:33:19.703] {"t":"narrative","f":"shot","a":{"delta":{"timeline":{"p":{"paused":true,"repeat":0,"tweens":[]},"actors":{"i2d:zoom_plane":[{"dur":5,"p":{"scale":0.5,"svgOrigin":"0% 0%","immediateRender":false}}]}}}}},
[17:33:19.813] {"t":"Mediator","f":"component","a":"narrative"},
[17:33:19.816] {"t":"app","f":"onEnter","a":{"name":"shot-anim:scope5"}},
[17:33:19.817] {"t":"timeline","f":"play"},
[17:33:34.654] {"t":"narrative","f":"shot","a":{"delta":{"timeline":{"p":{"paused":true,"repeat":0,"tweens":[]},"actors":{"i2d:zoom_plane":[{"dur":5,"p":{"scale":2,"svgOrigin":"0% 0%","immediateRender":false}}]}}}}},
[17:33:34.767] {"t":"Mediator","f":"component","a":"narrative"},
[17:33:34.770] {"t":"app","f":"onEnter","a":{"name":"shot-anim:scope6"}},
[17:33:34.772] {"t":"timeline","f":"play"},
[17:33:39.710] {"t":"narrative","f":"shot","a":{"delta":{"timeline":{"p":{"paused":true,"repeat":0,"tweens":[]},"actors":{"i2d:zoom_plane":[{"dur":5,"p":{"scale":0.5,"svgOrigin":"0% 0%","immediateRender":false}}]}}}}},
[17:33:39.820] {"t":"Mediator","f":"component","a":"narrative"},
[17:33:39.823] {"t":"app","f":"onEnter","a":{"name":"shot-anim:scope7"}},
[17:33:39.824] {"t":"timeline","f":"play"},
