[20:00:33.310] {"t":"camera3d","f":"place","a":12},
[20:00:33.311] {"t":"camerasphere","f":"create","a":"csphere"},
[20:00:33.311] {"t":"camerasphere","f":"children","a":1},
[20:00:37.839] {"t":"camera2d","f":"bezier"},
[20:00:37.872] {"t":"narrative","f":"shot","a":{"delta":{"timeline":{"p":{"paused":true,"repeat":0,"tweens":[]},"actors":{"i2d:plane":[{"dur":10,"p":{"bezier":{"autoRotate":true,"curviness":2,"values":[{"x":4.011291479691863,"y":-10.059005999937654},{"x":-37.54885196685791,"y":-8.138111922889948},{"x":-15.177806001156569,"y":14.588909428566694},{"x":37.04914601519704,"y":36.585129983723164},{"x":0,"y":0}],"immediateRender":false}}}]}}}}},
[20:00:37.887] {"t":"app","f":"onEnter","a":{"name":"empty:"}},
[20:00:37.887] {"t":"app","f":"onEnter","a":{"name":"shot-anim:scope0"}},
[20:00:37.888] {"t":"timeline","f":"play"},
[20:00:37.887] {"t":"Mediator","f":"component","a":"narrative"},
[20:00:47.855] {"t":"narrative","f":"shot","a":{"delta":{"timeline":{"p":{"paused":true,"repeat":0,"tweens":[]},"actors":{"i2d:zoom_plane":[{"dur":3,"p":{"scale":2,"svgOrigin":"0% 0%","immediateRender":false}}]}}}}},
[20:00:47.918] {"t":"Mediator","f":"component","a":"narrative"},
[20:00:47.918] {"t":"app","f":"onEnter","a":{"name":"shot-anim:scope1"}},
[20:00:47.918] {"t":"timeline","f":"play"},
[20:01:09.974] {"t":"narrative","f":"shot","a":{"delta":{"timeline":{"p":{"paused":true,"repeat":0,"tweens":[]},"actors":{"i2d:zoom_plane":[{"dur":3,"p":{"scale":0.5,"svgOrigin":"0% 0%","immediateRender":false}}]}}}}},
[20:01:10.008] {"t":"Mediator","f":"component","a":"narrative"},
[20:01:10.008] {"t":"app","f":"onEnter","a":{"name":"shot-anim:scope2"}},
[20:01:10.009] {"t":"timeline","f":"play"},
[20:01:13.017] {"t":"narrative","f":"shot","a":{"delta":{"timeline":{"p":{"paused":true,"repeat":0,"tweens":[]},"actors":{"i2d:zoom_plane":[{"dur":3,"p":{"scale":2,"svgOrigin":"0% 0%","immediateRender":false}}]}}}}},
[20:01:13.080] {"t":"app","f":"onEnter","a":{"name":"shot-anim:scope3"}},
[20:01:13.081] {"t":"timeline","f":"play"},
[20:01:13.080] {"t":"Mediator","f":"component","a":"narrative"},
[20:01:29.977] {"t":"narrative","f":"shot","a":{"delta":{"timeline":{"p":{"paused":true,"repeat":0,"tweens":[]},"actors":{"i2d:zoom_plane":[{"dur":3,"p":{"scale":0.5,"svgOrigin":"0% 0%","immediateRender":false}}]}}}}},
[20:01:30.024] {"t":"Mediator","f":"component","a":"narrative"},
[20:01:30.025] {"t":"app","f":"onEnter","a":{"name":"shot-anim:scope4"}},
[20:01:30.025] {"t":"timeline","f":"play"},
[20:01:49.975] {"t":"narrative","f":"shot","a":{"delta":{"timeline":{"p":{"paused":true,"repeat":0,"tweens":[]},"actors":{"i2d:zoom_plane":[{"dur":3,"p":{"scale":2,"svgOrigin":"0% 0%","immediateRender":false}}]}}}}},
[20:01:50.010] {"t":"Mediator","f":"component","a":"narrative"},
[20:01:50.011] {"t":"app","f":"onEnter","a":{"name":"shot-anim:scope5"}},
[20:01:50.012] {"t":"timeline","f":"play"},
[20:01:52.977] {"t":"narrative","f":"shot","a":{"delta":{"timeline":{"p":{"paused":true,"repeat":0,"tweens":[]},"actors":{"i2d:zoom_plane":[{"dur":3,"p":{"scale":0.5,"svgOrigin":"0% 0%","immediateRender":false}}]}}}}},
[20:01:53.045] {"t":"Mediator","f":"component","a":"narrative"},
[20:01:53.045] {"t":"app","f":"onEnter","a":{"name":"shot-anim:scope6"}},
[20:01:53.045] {"t":"timeline","f":"play"},
