[20:09:16.174] {"t":"camera3d","f":"place","a":12},
[20:09:16.175] {"t":"camerasphere","f":"create","a":"csphere"},
[20:09:16.175] {"t":"camerasphere","f":"children","a":1},
[20:09:26.968] {"t":"camera2d","f":"bezier"},
[20:09:26.978] {"t":"narrative","f":"shot","a":{"delta":{"timeline":{"p":{"paused":true,"repeat":0,"tweens":[]},"actors":{"i2d:plane":[{"dur":30,"p":{"bezier":{"autoRotate":true,"curviness":2,"values":[{"x":-4.656033704522997,"y":6.5719352243468165},{"x":-0.9767087479121983,"y":-9.229953098110855},{"x":5.1657991274259984,"y":-0.2986445208080113},{"x":5.440719169564545,"y":5.431280012708157},{"x":0,"y":0}],"immediateRender":false}}}]}}}}},
[20:09:27.001] {"t":"Mediator","f":"component","a":"narrative"},
[20:09:27.001] {"t":"app","f":"onEnter","a":{"name":"shot-anim:scope0"}},
[20:09:27.001] {"t":"timeline","f":"play"},
[20:09:27.001] {"t":"app","f":"onEnter","a":{"name":"empty:"}},
[20:09:56.982] {"t":"narrative","f":"shot","a":{"delta":{"timeline":{"p":{"paused":true,"repeat":0,"tweens":[]},"actors":{"i2d:zoom_plane":[{"dur":3,"p":{"scale":2,"svgOrigin":"0% 0%","immediateRender":false}}]}}}}},
[20:09:57.043] {"t":"Mediator","f":"component","a":"narrative"},
[20:09:57.043] {"t":"app","f":"onEnter","a":{"name":"shot-anim:scope1"}},
[20:09:57.043] {"t":"timeline","f":"play"},
[20:09:59.977] {"t":"narrative","f":"shot","a":{"delta":{"timeline":{"p":{"paused":true,"repeat":0,"tweens":[]},"actors":{"i2d:zoom_plane":[{"dur":3,"p":{"scale":0.5,"svgOrigin":"0% 0%","immediateRender":false}}]}}}}},
[20:10:00.032] {"t":"Mediator","f":"component","a":"narrative"},
[20:10:00.033] {"t":"app","f":"onEnter","a":{"name":"shot-anim:scope2"}},
[20:10:00.034] {"t":"timeline","f":"play"},
[20:10:02.987] {"t":"narrative","f":"shot","a":{"delta":{"timeline":{"p":{"paused":true,"repeat":0,"tweens":[]},"actors":{"i2d:zoom_plane":[{"dur":3,"p":{"scale":2,"svgOrigin":"0% 0%","immediateRender":false}}]}}}}},
[20:10:03.029] {"t":"Mediator","f":"component","a":"narrative"},
[20:10:03.029] {"t":"app","f":"onEnter","a":{"name":"shot-anim:scope3"}},
[20:10:03.029] {"t":"timeline","f":"play"},
[20:10:15.081] {"t":"narrative","f":"shot","a":{"delta":{"timeline":{"p":{"paused":true,"repeat":0,"tweens":[]},"actors":{"i2d:zoom_plane":[{"dur":3,"p":{"scale":0.5,"svgOrigin":"0% 0%","immediateRender":false}}]}}}}},
[20:10:15.136] {"t":"Mediator","f":"component","a":"narrative"},
[20:10:15.137] {"t":"app","f":"onEnter","a":{"name":"shot-anim:scope4"}},
[20:10:15.137] {"t":"timeline","f":"play"},
