[20:04:01.938] {"t":"camera3d","f":"place","a":12},
[20:04:01.940] {"t":"camerasphere","f":"create","a":"csphere"},
[20:04:01.940] {"t":"camerasphere","f":"children","a":1},
[20:04:10.408] {"t":"camera2d","f":"bezier"},
[20:04:10.455] {"t":"narrative","f":"shot","a":{"delta":{"timeline":{"p":{"paused":true,"repeat":0,"tweens":[]},"actors":{"i2d:plane":[{"dur":10,"p":{"bezier":{"autoRotate":true,"curviness":2,"values":[{"x":34.689896600320935,"y":-15.433088736608624},{"x":-21.832554154098034,"y":-0.17091628164052963},{"x":-7.30534509755671,"y":34.56769214943051},{"x":9.720693668350577,"y":29.385503763332963},{"x":0,"y":0}],"immediateRender":false}}}]}}}}},
[20:04:10.479] {"t":"Mediator","f":"component","a":"narrative"},
[20:04:10.480] {"t":"app","f":"onEnter","a":{"name":"empty:"}},
[20:04:10.480] {"t":"app","f":"onEnter","a":{"name":"shot-anim:scope0"}},
[20:04:10.480] {"t":"timeline","f":"play"},
[20:04:20.431] {"t":"narrative","f":"shot","a":{"delta":{"timeline":{"p":{"paused":true,"repeat":0,"tweens":[]},"actors":{"i2d:zoom_plane":[{"dur":3,"p":{"scale":2,"svgOrigin":"0% 0%","immediateRender":false}}]}}}}},
[20:04:20.474] {"t":"Mediator","f":"component","a":"narrative"},
[20:04:20.474] {"t":"app","f":"onEnter","a":{"name":"shot-anim:scope1"}},
[20:04:20.474] {"t":"timeline","f":"play"},
[20:04:23.427] {"t":"narrative","f":"shot","a":{"delta":{"timeline":{"p":{"paused":true,"repeat":0,"tweens":[]},"actors":{"i2d:zoom_plane":[{"dur":3,"p":{"scale":0.5,"svgOrigin":"0% 0%","immediateRender":false}}]}}}}},
[20:04:23.491] {"t":"Mediator","f":"component","a":"narrative"},
[20:04:23.492] {"t":"app","f":"onEnter","a":{"name":"shot-anim:scope2"}},
[20:04:23.493] {"t":"timeline","f":"play"},
[20:04:38.802] {"t":"narrative","f":"shot","a":{"delta":{"timeline":{"p":{"paused":true,"repeat":0,"tweens":[]},"actors":{"i2d:zoom_plane":[{"dur":3,"p":{"scale":2,"svgOrigin":"0% 0%","immediateRender":false}}]}}}}},
[20:04:38.860] {"t":"app","f":"onEnter","a":{"name":"shot-anim:scope3"}},
[20:04:38.860] {"t":"timeline","f":"play"},
[20:04:38.859] {"t":"Mediator","f":"component","a":"narrative"},
[20:04:41.786] {"t":"narrative","f":"shot","a":{"delta":{"timeline":{"p":{"paused":true,"repeat":0,"tweens":[]},"actors":{"i2d:zoom_plane":[{"dur":3,"p":{"scale":0.5,"svgOrigin":"0% 0%","immediateRender":false}}]}}}}},
[20:04:41.849] {"t":"Mediator","f":"component","a":"narrative"},
[20:04:41.849] {"t":"app","f":"onEnter","a":{"name":"shot-anim:scope4"}},
[20:04:41.850] {"t":"timeline","f":"play"},
[20:04:58.800] {"t":"narrative","f":"shot","a":{"delta":{"timeline":{"p":{"paused":true,"repeat":0,"tweens":[]},"actors":{"i2d:zoom_plane":[{"dur":3,"p":{"scale":2,"svgOrigin":"0% 0%","immediateRender":false}}]}}}}},
[20:04:58.844] {"t":"Mediator","f":"component","a":"narrative"},
[20:04:58.844] {"t":"timeline","f":"play"},
[20:04:58.844] {"t":"app","f":"onEnter","a":{"name":"shot-anim:scope5"}},
[20:05:01.842] {"t":"narrative","f":"shot","a":{"delta":{"timeline":{"p":{"paused":true,"repeat":0,"tweens":[]},"actors":{"i2d:zoom_plane":[{"dur":3,"p":{"scale":0.5,"svgOrigin":"0% 0%","immediateRender":false}}]}}}}},
[20:05:01.875] {"t":"Mediator","f":"component","a":"narrative"},
[20:05:01.876] {"t":"app","f":"onEnter","a":{"name":"shot-anim:scope6"}},
[20:05:01.876] {"t":"timeline","f":"play"},
[20:05:18.803] {"t":"narrative","f":"shot","a":{"delta":{"timeline":{"p":{"paused":true,"repeat":0,"tweens":[]},"actors":{"i2d:zoom_plane":[{"dur":3,"p":{"scale":2,"svgOrigin":"0% 0%","immediateRender":false}}]}}}}},
[20:05:18.853] {"t":"Mediator","f":"component","a":"narrative"},
[20:05:18.853] {"t":"app","f":"onEnter","a":{"name":"shot-anim:scope7"}},
[20:05:18.853] {"t":"timeline","f":"play"},
[20:05:38.796] {"t":"narrative","f":"shot","a":{"delta":{"timeline":{"p":{"paused":true,"repeat":0,"tweens":[]},"actors":{"i2d:zoom_plane":[{"dur":3,"p":{"scale":0.5,"svgOrigin":"0% 0%","immediateRender":false}}]}}}}},
[20:05:38.821] {"t":"Mediator","f":"component","a":"narrative"},
[20:05:38.821] {"t":"app","f":"onEnter","a":{"name":"shot-anim:scope8"}},
[20:05:38.821] {"t":"timeline","f":"play"},
[20:05:41.805] {"t":"narrative","f":"shot","a":{"delta":{"timeline":{"p":{"paused":true,"repeat":0,"tweens":[]},"actors":{"i2d:zoom_plane":[{"dur":3,"p":{"scale":2,"svgOrigin":"0% 0%","immediateRender":false}}]}}}}},
[20:05:41.837] {"t":"Mediator","f":"component","a":"narrative"},
[20:05:41.838] {"t":"timeline","f":"play"},
[20:05:41.837] {"t":"app","f":"onEnter","a":{"name":"shot-anim:scope9"}},
[20:05:44.810] {"t":"narrative","f":"shot","a":{"delta":{"timeline":{"p":{"paused":true,"repeat":0,"tweens":[]},"actors":{"i2d:zoom_plane":[{"dur":3,"p":{"scale":0.5,"svgOrigin":"0% 0%","immediateRender":false}}]}}}}},
[20:05:44.843] {"t":"Mediator","f":"component","a":"narrative"},
[20:05:44.845] {"t":"timeline","f":"play"},
[20:05:44.844] {"t":"app","f":"onEnter","a":{"name":"shot-anim:scope10"}},
[20:05:59.158] {"t":"narrative","f":"shot","a":{"delta":{"timeline":{"p":{"paused":true,"repeat":0},"actors":{"i3d:camera:rotation":[{"dur":3,"p":{"x":0,"y":0,"z":0,"immediateRender":false}}],"i3d:csphere:position":[{"dur":3,"p":{"x":0,"y":0,"z":0,"immediateRender":false}}],"i3d:csphere:scale":[{"dur":3,"p":{"x":1,"y":1,"z":1,"immediateRender":false}}],"i3d:csphere:rotation":[{"dur":3,"p":{"x":0,"y":0,"z":0,"immediateRender":false}}],"i2d:plane":[{"dur":3,"p":{"x":0,"y":0,"immediateRender":false}}],"i2d:zoom_plane":[{"dur":3,"p":{"rotation":0,"scale":1,"svgOrigin":"0% 0%","immediateRender":false}}]}}}}},
[20:05:59.237] {"t":"Mediator","f":"component","a":"narrative"},
[20:05:59.238] {"t":"app","f":"onEnter","a":{"name":"shot-anim:scope11"}},
[20:05:59.238] {"t":"timeline","f":"play"},
[20:06:02.166] {"t":"narrative","f":"shot","a":{"delta":{"timeline":{"p":{"paused":true,"repeat":0,"tweens":[]},"actors":{"i2d:zoom_plane":[{"dur":3,"p":{"scale":2,"svgOrigin":"0% 0%","immediateRender":false}}]}}}}},
[20:06:02.206] {"t":"Mediator","f":"component","a":"narrative"},
[20:06:02.206] {"t":"app","f":"onEnter","a":{"name":"shot-anim:scope12"}},
[20:06:02.207] {"t":"timeline","f":"play"},
[20:06:05.162] {"t":"narrative","f":"shot","a":{"delta":{"timeline":{"p":{"paused":true,"repeat":0,"tweens":[]},"actors":{"i2d:zoom_plane":[{"dur":3,"p":{"scale":0.5,"svgOrigin":"0% 0%","immediateRender":false}}]}}}}},
[20:06:05.198] {"t":"Mediator","f":"component","a":"narrative"},
[20:06:05.198] {"t":"app","f":"onEnter","a":{"name":"shot-anim:scope13"}},
[20:06:05.198] {"t":"timeline","f":"play"},
