[20:15:07.777] {"t":"camera3d","f":"place","a":12},
[20:15:07.778] {"t":"camerasphere","f":"create","a":"csphere"},
[20:15:07.778] {"t":"camerasphere","f":"children","a":1},
[20:15:23.054] {"t":"camera2d","f":"bezier"},
[20:15:23.085] {"t":"narrative","f":"shot","a":{"delta":{"timeline":{"p":{"paused":true,"repeat":0,"tweens":[]},"actors":{"i2d:plane":[{"dur":30,"p":{"bezier":{"autoRotate":true,"curviness":2,"values":[{"x":-1.1706852517090738,"y":7.243818095885217},{"x":-6.124961567111313,"y":-3.5419810353778303},{"x":1.6033283388242126,"y":-7.409196195658296},{"x":5.7498352392576635,"y":1.236888631246984},{"x":0,"y":0}],"immediateRender":false}}}]}}}}},
[20:15:23.105] {"t":"Mediator","f":"component","a":"narrative"},
[20:15:23.105] {"t":"app","f":"onEnter","a":{"name":"empty:"}},
[20:15:23.105] {"t":"app","f":"onEnter","a":{"name":"shot-anim:scope0"}},
[20:15:23.105] {"t":"timeline","f":"play"},
[20:15:53.066] {"t":"narrative","f":"shot","a":{"delta":{"timeline":{"p":{"paused":true,"repeat":0,"tweens":[]},"actors":{"i2d:zoom_plane":[{"dur":3,"p":{"scale":2,"svgOrigin":"0% 0%","immediateRender":false}}]}}}}},
[20:15:53.101] {"t":"Mediator","f":"component","a":"narrative"},
[20:15:53.103] {"t":"app","f":"onEnter","a":{"name":"shot-anim:scope1"}},
[20:15:53.104] {"t":"timeline","f":"play"},
[20:15:56.066] {"t":"narrative","f":"shot","a":{"delta":{"timeline":{"p":{"paused":true,"repeat":0,"tweens":[]},"actors":{"i2d:zoom_plane":[{"dur":3,"p":{"scale":0.5,"svgOrigin":"0% 0%","immediateRender":false}}]}}}}},
[20:15:56.101] {"t":"Mediator","f":"component","a":"narrative"},
[20:15:56.102] {"t":"app","f":"onEnter","a":{"name":"shot-anim:scope2"}},
[20:15:56.102] {"t":"timeline","f":"play"},
[20:15:59.084] {"t":"narrative","f":"shot","a":{"delta":{"timeline":{"p":{"paused":true,"repeat":0,"tweens":[]},"actors":{"i2d:zoom_plane":[{"dur":3,"p":{"scale":2,"svgOrigin":"0% 0%","immediateRender":false}}]}}}}},
[20:15:59.123] {"t":"timeline","f":"play"},
[20:15:59.121] {"t":"app","f":"onEnter","a":{"name":"shot-anim:scope3"}},
[20:15:59.121] {"t":"Mediator","f":"component","a":"narrative"},
[20:16:02.078] {"t":"narrative","f":"shot","a":{"delta":{"timeline":{"p":{"paused":true,"repeat":0,"tweens":[]},"actors":{"i2d:zoom_plane":[{"dur":3,"p":{"scale":0.5,"svgOrigin":"0% 0%","immediateRender":false}}]}}}}},
[20:16:02.120] {"t":"Mediator","f":"component","a":"narrative"},
[20:16:02.122] {"t":"app","f":"onEnter","a":{"name":"shot-anim:scope4"}},
[20:16:02.122] {"t":"timeline","f":"play"},
