[20:23:29.638] {"t":"camera3d","f":"place","a":12},
[20:23:29.639] {"t":"camerasphere","f":"create","a":"csphere"},
[20:23:29.640] {"t":"camerasphere","f":"children","a":1},
[20:23:39.769] {"t":"camera2d","f":"bezier"},
[20:23:39.799] {"t":"narrative","f":"shot","a":{"delta":{"timeline":{"p":{"paused":true,"repeat":0,"tweens":[]},"actors":{"i2d:plane:translate":[{"dur":30,"p":{"bezier":{"autoRotate":true,"curviness":2,"values":[{"x":2.036157133989036,"y":-3.2482708245515823},{"x":-4.496032083407044,"y":-3.8132179179228842},{"x":-2.7170856343582273,"y":8.198089662473649},{"x":2.3029512562789023,"y":2.757233399897814},{"x":0,"y":0}],"immediateRender":false}}}]}}}}},
[20:23:39.821] {"t":"Mediator","f":"component","a":"narrative"},
[20:23:39.821] {"t":"app","f":"onEnter","a":{"name":"empty:"}},
[20:23:39.822] {"t":"app","f":"onEnter","a":{"name":"shot-anim:scope0"}},
[20:23:39.823] {"t":"timeline","f":"play"},
[20:23:48.353] {"t":"narrative","f":"shot","a":{"delta":{"timeline":{"p":{"paused":true,"repeat":0,"tweens":[]},"actors":{"i2d:zoom_plane":[{"dur":3,"p":{"scale":2,"svgOrigin":"0% 0%","immediateRender":false}}]}}}}},
[20:23:48.384] {"t":"Mediator","f":"component","a":"narrative"},
[20:23:48.384] {"t":"app","f":"onEnter","a":{"name":"shot-anim:scope1"}},
[20:23:48.384] {"t":"timeline","f":"play"},
[20:23:51.385] {"t":"narrative","f":"shot","a":{"delta":{"timeline":{"p":{"paused":true,"repeat":0,"tweens":[]},"actors":{"i2d:zoom_plane":[{"dur":3,"p":{"scale":0.5,"svgOrigin":"0% 0%","immediateRender":false}}]}}}}},
[20:23:51.465] {"t":"Mediator","f":"component","a":"narrative"},
[20:23:51.465] {"t":"app","f":"onEnter","a":{"name":"shot-anim:scope2"}},
[20:23:51.465] {"t":"timeline","f":"play"},
[20:24:08.351] {"t":"narrative","f":"shot","a":{"delta":{"timeline":{"p":{"paused":true,"repeat":0,"tweens":[]},"actors":{"i2d:zoom_plane":[{"dur":3,"p":{"scale":2,"svgOrigin":"0% 0%","immediateRender":false}}]}}}}},
[20:24:08.378] {"t":"Mediator","f":"component","a":"narrative"},
[20:24:08.378] {"t":"app","f":"onEnter","a":{"name":"shot-anim:scope3"}},
[20:24:08.379] {"t":"timeline","f":"play"},
[20:24:11.348] {"t":"narrative","f":"shot","a":{"delta":{"timeline":{"p":{"paused":true,"repeat":0,"tweens":[]},"actors":{"i2d:zoom_plane":[{"dur":3,"p":{"scale":0.5,"svgOrigin":"0% 0%","immediateRender":false}}]}}}}},
[20:24:11.428] {"t":"Mediator","f":"component","a":"narrative"},
[20:24:11.428] {"t":"app","f":"onEnter","a":{"name":"shot-anim:scope4"}},
[20:24:11.428] {"t":"timeline","f":"play"},
