[21:02:02.234] {"t":"camera3d","f":"place","a":12},
[21:02:02.234] {"t":"camerasphere","f":"create","a":"csphere"},
[21:02:02.235] {"t":"camerasphere","f":"children","a":1},
[21:02:05.432] {"t":"camera2d","f":"bezier"},
[21:02:05.459] {"t":"narrative","f":"shot","a":{"delta":{"timeline":{"p":{"paused":true,"repeat":0,"tweens":[]},"actors":{"i2d:c":[{"dur":30,"p":{"bezier":{"autoRotate":true,"curviness":2,"values":[{"x":0,"y":0},{"x":-20.683555877767503,"y":19.6929393382743},{"x":-12.103521460667253,"y":-7.402764740400016},{"x":0.3389731468632817,"y":-19.61105817463249},{"x":7.387154786847532,"y":21.78595604840666}],"immediateRender":false}}}]}}}}},
[21:02:05.517] {"t":"Mediator","f":"component","a":"narrative"},
[21:02:05.518] {"t":"app","f":"onEnter","a":{"name":"empty:"}},
[21:02:05.518] {"t":"app","f":"onEnter","a":{"name":"shot-anim:scope0"}},
[21:02:05.518] {"t":"timeline","f":"play"},
[21:02:41.866] {"t":"camera2d","f":"bezier"},
[21:02:41.887] {"t":"narrative","f":"shot","a":{"delta":{"timeline":{"p":{"paused":true,"repeat":0,"tweens":[]},"actors":{"i2d:c":[{"dur":30,"p":{"bezier":{"autoRotate":true,"curviness":2,"values":[{"x":0,"y":0},{"x":-19.940169516485184,"y":26.48470734246075},{"x":-8.766872738488019,"y":-29.663079441525042},{"x":9.597785125952214,"y":-10.601431110408157},{"x":14.960888370405883,"y":13.117398689500988}],"immediateRender":false}}}]}}}}},
[21:02:41.891] {"t":"Mediator","f":"component","a":"narrative"},
[21:02:41.892] {"t":"app","f":"onEnter","a":{"name":"shot-anim:scope1"}},
[21:02:41.892] {"t":"timeline","f":"play"},
[21:03:47.608] {"t":"Mediator","f":"component","a":"narrative"},
[21:03:48.105] {"t":"app","f":"onEnter","a":{"name":"escher:"}},
[21:03:48.105] {"t":"app","f":"onEnter","a":{"name":"i3d-simple:simple_red"}},
[21:03:48.105] {"t":"camera3d","f":"changeTemplateScene"},
[21:03:48.106] {"t":"app","f":"onEnter","a":{"name":"i2d-scene:mf2d0"}},
[21:03:48.107] {"t":"app","f":"onEnter","a":{"name":"base-skycube:no_anim"}},
[21:03:48.107] {"t":"app","f":"onEnter","a":{"name":"shot-anim:s0"}},
[21:03:48.107] {"t":"timeline","f":"play"},
[21:03:48.107] {"t":"camera3d","f":"addActorToScene","a":"csphere"},
[21:03:48.108] {"t":"camera3d","f":"addActorToScene","a":"cube0"},
[21:03:48.108] {"t":"camera3d","f":"addActorToScene","a":"cube0_0"},
[21:03:48.109] {"t":"camera3d","f":"addActorToScene","a":"cube0_1"},
[21:03:57.559] {"t":"camera2d","f":"bezier"},
[21:03:57.564] {"t":"narrative","f":"shot","a":{"delta":{"timeline":{"p":{"paused":true,"repeat":0,"tweens":[]},"actors":{"i2d:c":[{"dur":30,"p":{"bezier":{"autoRotate":true,"curviness":2,"values":[{"x":0,"y":0},{"x":20.06844073534012,"y":-10.088722484651953},{"x":-13.944898867048323,"y":-28.506354885175824},{"x":-12.734281551092863,"y":13.121388964354992},{"x":1.225880126003176,"y":18.17355203675106}],"immediateRender":false}}}]}}}}},
[21:03:57.613] {"t":"app","f":"onEnter","a":{"name":"shot-anim:scope3"}},
[21:03:57.613] {"t":"timeline","f":"play"},
[21:03:57.612] {"t":"Mediator","f":"component","a":"narrative"},
