[21:27:01.498] {"t":"camera3d","f":"place","a":12},
[21:27:01.617] {"t":"camerasphere","f":"create","a":"csphere"},
[21:27:01.618] {"t":"camerasphere","f":"children","a":1},
[21:27:06.842] {"t":"camera3d","f":"pan (look) right","a":39},
[21:27:06.867] {"t":"Mediator","f":"record","a":{"t":"camera3d","f":"panflyBy","a":{"r":-0.19635,"d":3}}},
[21:27:06.869] {"t":"narrative","f":"shot","a":{"delta":{"timeline":{"p":{"paused":true,"repeat":0},"actors":{"i3d:camera:rotation":[{"dur":3,"p":{"y":-0.19635,"immediateRender":false}}]}}}}},
[21:27:06.916] {"t":"Mediator","f":"component","a":"narrative"},
[21:27:06.916] {"t":"app","f":"onEnter","a":{"name":"empty:"}},
[21:27:06.916] {"t":"app","f":"onEnter","a":{"name":"shot-anim:scope0"}},
[21:27:06.917] {"t":"timeline","f":"play"},
[21:28:12.230] {"t":"camera2d","f":"zoom-in","a":90},
[21:28:12.242] {"t":"Mediator","f":"record","a":{"t":"camera2d","f":"zoomcutBy","a":{"s":1.1111}}},
[21:28:12.243] {"t":"narrative","f":"shot","a":{"delta":{"timeline":{"p":{"paused":true,"repeat":0,"tweens":[]},"actors":{"i2d:zoom_plane":[{"dur":0,"p":{"scale":1.1111,"svgOrigin":"0% 0%","immediateRender":false}}]}}}}},
[21:28:12.310] {"t":"Mediator","f":"component","a":"narrative"},
[21:28:12.310] {"t":"app","f":"onEnter","a":{"name":"shot-anim:scope1"}},
[21:28:12.311] {"t":"timeline","f":"play"},
[21:28:26.226] {"t":"camera2d","f":"zoom-in","a":90},
[21:28:26.249] {"t":"Mediator","f":"record","a":{"t":"camera2d","f":"zoomcutBy","a":{"s":1.1111}}},
[21:28:26.250] {"t":"narrative","f":"shot","a":{"delta":{"timeline":{"p":{"paused":true,"repeat":0,"tweens":[]},"actors":{"i2d:zoom_plane":[{"dur":0,"p":{"scale":1.23454321,"svgOrigin":"0% 0%","immediateRender":false}}]}}}}},
[21:28:26.267] {"t":"Mediator","f":"component","a":"narrative"},
[21:28:26.268] {"t":"app","f":"onEnter","a":{"name":"shot-anim:scope2"}},
[21:28:26.268] {"t":"timeline","f":"play"},
[21:29:06.962] {"t":"camera2d","f":"bezier"},
[21:29:06.984] {"t":"narrative","f":"shot","a":{"delta":{"timeline":{"p":{"paused":true,"repeat":0,"tweens":[]},"actors":{"i2d:c":[{"dur":30,"p":{"bezier":{"autoRotate":true,"curviness":2,"values":[{"x":0,"y":0},{"x":16.33772599278018,"y":-3.7602481967769563},{"x":-28.571629060897976,"y":-11.926525987219065},{"x":-25.749100665561855,"y":3.221669001504779},{"x":6.815749746747315,"y":6.935240768361837}],"immediateRender":false}}}]}}}}},
[21:29:06.995] {"t":"Mediator","f":"component","a":"narrative"},
[21:29:06.995] {"t":"app","f":"onEnter","a":{"name":"shot-anim:scope3"}},
[21:29:06.996] {"t":"timeline","f":"play"},
