[21:41:37.237] {"t":"camera3d","f":"place","a":12},
[21:41:37.238] {"t":"camerasphere","f":"children","a":1},
[21:41:37.238] {"t":"camerasphere","f":"create","a":"csphere"},
[21:41:43.484] {"t":"Mediator","f":"record","a":{"t":"camera2d","f":"dollyflyBy","a":{"x":-10,"d":3}}},
[21:41:43.487] {"t":"narrative","f":"shot","a":{"delta":{"timeline":{"p":{"paused":true,"repeat":0,"tweens":[]},"actors":{"i2d:plane":[{"dur":3,"p":{"x":-10,"y":0,"immediateRender":false}}]}}}}},
[21:41:43.455] {"t":"camera2d","f":"dollyX-","a":87},
[21:41:43.543] {"t":"Mediator","f":"component","a":"narrative"},
[21:41:43.543] {"t":"app","f":"onEnter","a":{"name":"empty:"}},
[21:41:43.543] {"t":"app","f":"onEnter","a":{"name":"shot-anim:scope0"}},
[21:41:43.544] {"t":"timeline","f":"play"},
[21:41:48.570] {"t":"camera3d","f":"dollyX+","a":49},
[21:41:48.585] {"t":"Mediator","f":"record","a":{"t":"camera3d","f":"dollyBy","a":{"x":10,"d":3}}},
[21:41:48.587] {"t":"narrative","f":"shot","a":{"delta":{"timeline":{"p":{"paused":true,"repeat":0},"actors":{"i3d:csphere:position":[{"dur":3,"p":{"x":10,"y":0,"z":0,"immediateRender":false}}]}}}}},
[21:41:48.605] {"t":"Mediator","f":"component","a":"narrative"},
[21:41:48.605] {"t":"app","f":"onEnter","a":{"name":"shot-anim:scope1"}},
[21:41:48.606] {"t":"timeline","f":"play"},
[21:41:54.322] {"t":"camera2d","f":"bezier"},
[21:41:54.343] {"t":"Mediator","f":"record","a":{"t":"camera2d","f":"bezier","a":{"d":10}}},
[21:41:54.345] {"t":"narrative","f":"shot","a":{"delta":{"timeline":{"p":{"paused":true,"repeat":0,"tweens":[]},"actors":{"i2d:c":[{"dur":10,"p":{"bezier":{"autoRotate":true,"curviness":2,"values":[{"x":0,"y":0},{"x":12.110630439128727,"y":-19.02124004205689},{"x":-21.89131676685065,"y":-23.105896145571023},{"x":-20.375357356388122,"y":18.70708242058754},{"x":2.278336698655039,"y":12.711678023915738}],"immediateRender":false}}}]}}}}},
[21:41:54.401] {"t":"Mediator","f":"component","a":"narrative"},
[21:41:54.402] {"t":"app","f":"onEnter","a":{"name":"shot-anim:scope2"}},
[21:41:54.402] {"t":"timeline","f":"play"},
[21:42:31.732] {"t":"narrative","f":"shot","a":{"delta":{"timeline":{"p":{"paused":true,"repeat":0,"tweens":[]},"actors":{"i2d:zoom_plane":[{"dur":3,"p":{"scale":2,"svgOrigin":"0% 0%","immediateRender":false}}]}}}}},
[21:42:31.746] {"t":"mediator","f":"socket.emit.actions","a":{"t":"camera2d","f":"zoomflyTo","a":{"s":2,"d":3}}},
[21:42:31.789] {"t":"Mediator","f":"component","a":"narrative"},
[21:42:31.790] {"t":"app","f":"onEnter","a":{"name":"shot-anim:scope3"}},
[21:42:31.790] {"t":"timeline","f":"play"},
[21:42:34.734] {"t":"narrative","f":"shot","a":{"delta":{"timeline":{"p":{"paused":true,"repeat":0,"tweens":[]},"actors":{"i2d:zoom_plane":[{"dur":3,"p":{"scale":0.5,"svgOrigin":"0% 0%","immediateRender":false}}]}}}}},
[21:42:34.756] {"t":"mediator","f":"socket.emit.actions","a":{"t":"camera2d","f":"zoomflyTo","a":{"s":0.5,"d":3}}},
[21:42:34.803] {"t":"app","f":"onEnter","a":{"name":"shot-anim:scope4"}},
[21:42:34.804] {"t":"timeline","f":"play"},
[21:42:34.803] {"t":"Mediator","f":"component","a":"narrative"},
[21:42:51.730] {"t":"narrative","f":"shot","a":{"delta":{"timeline":{"p":{"paused":true,"repeat":0,"tweens":[]},"actors":{"i2d:zoom_plane":[{"dur":3,"p":{"scale":2,"svgOrigin":"0% 0%","immediateRender":false}}]}}}}},
[21:42:51.742] {"t":"mediator","f":"socket.emit.actions","a":{"t":"camera2d","f":"zoomflyTo","a":{"s":2,"d":3}}},
[21:42:51.792] {"t":"Mediator","f":"component","a":"narrative"},
[21:42:51.792] {"t":"app","f":"onEnter","a":{"name":"shot-anim:scope5"}},
[21:42:51.792] {"t":"timeline","f":"play"},
[21:42:54.740] {"t":"narrative","f":"shot","a":{"delta":{"timeline":{"p":{"paused":true,"repeat":0,"tweens":[]},"actors":{"i2d:zoom_plane":[{"dur":3,"p":{"scale":0.5,"svgOrigin":"0% 0%","immediateRender":false}}]}}}}},
[21:42:54.765] {"t":"mediator","f":"socket.emit.actions","a":{"t":"camera2d","f":"zoomflyTo","a":{"s":0.5,"d":3}}},
[21:42:54.817] {"t":"Mediator","f":"component","a":"narrative"},
[21:42:54.818] {"t":"app","f":"onEnter","a":{"name":"shot-anim:scope6"}},
[21:42:54.819] {"t":"timeline","f":"play"},
[21:43:11.732] {"t":"narrative","f":"shot","a":{"delta":{"timeline":{"p":{"paused":true,"repeat":0,"tweens":[]},"actors":{"i2d:zoom_plane":[{"dur":3,"p":{"scale":2,"svgOrigin":"0% 0%","immediateRender":false}}]}}}}},
[21:43:11.756] {"t":"mediator","f":"socket.emit.actions","a":{"t":"camera2d","f":"zoomflyTo","a":{"s":2,"d":3}}},
[21:43:11.768] {"t":"Mediator","f":"component","a":"narrative"},
[21:43:11.769] {"t":"app","f":"onEnter","a":{"name":"shot-anim:scope7"}},
[21:43:11.769] {"t":"timeline","f":"play"},
[21:43:27.718] {"t":"camera2d","f":"dollyX-","a":87},
[21:43:27.741] {"t":"Mediator","f":"record","a":{"t":"camera2d","f":"dollyflyBy","a":{"x":-10,"d":3}}},
[21:43:27.743] {"t":"narrative","f":"shot","a":{"delta":{"timeline":{"p":{"paused":true,"repeat":0,"tweens":[]},"actors":{"i2d:plane":[{"dur":3,"p":{"x":-20,"y":0,"immediateRender":false}}]}}}}},
[21:43:27.786] {"t":"app","f":"onEnter","a":{"name":"shot-anim:scope8"}},
[21:43:27.787] {"t":"timeline","f":"play"},
[21:43:27.786] {"t":"Mediator","f":"component","a":"narrative"},
[21:43:30.725] {"t":"narrative","f":"shot","a":{"delta":{"timeline":{"p":{"paused":true,"repeat":0,"tweens":[]},"actors":{"i2d:zoom_plane":[{"dur":3,"p":{"scale":0.5,"svgOrigin":"0% 0%","immediateRender":false}}]}}}}},
[21:43:30.746] {"t":"mediator","f":"socket.emit.actions","a":{"t":"camera2d","f":"zoomflyTo","a":{"s":0.5,"d":3}}},
[21:43:30.794] {"t":"Mediator","f":"component","a":"narrative"},
[21:43:30.795] {"t":"app","f":"onEnter","a":{"name":"shot-anim:scope9"}},
[21:43:30.796] {"t":"timeline","f":"play"},
[21:43:33.730] {"t":"narrative","f":"shot","a":{"delta":{"timeline":{"p":{"paused":true,"repeat":0,"tweens":[]},"actors":{"i2d:zoom_plane":[{"dur":3,"p":{"scale":2,"svgOrigin":"0% 0%","immediateRender":false}}]}}}}},
[21:43:33.751] {"t":"mediator","f":"socket.emit.actions","a":{"t":"camera2d","f":"zoomflyTo","a":{"s":2,"d":3}}},
[21:43:33.795] {"t":"Mediator","f":"component","a":"narrative"},
[21:43:33.798] {"t":"timeline","f":"play"},
[21:43:33.797] {"t":"app","f":"onEnter","a":{"name":"shot-anim:scope10"}},
[21:43:39.667] {"t":"camera3d","f":"dollyX+","a":50},
[21:43:39.692] {"t":"Mediator","f":"record","a":{"t":"camera3d","f":"dollyBy","a":{"x":-10,"d":3}}},
[21:43:39.693] {"t":"narrative","f":"shot","a":{"delta":{"timeline":{"p":{"paused":true,"repeat":0},"actors":{"i3d:csphere:position":[{"dur":3,"p":{"x":0,"y":0,"z":0,"immediateRender":false}}]}}}}},
[21:43:39.730] {"t":"Mediator","f":"component","a":"narrative"},
[21:43:39.730] {"t":"app","f":"onEnter","a":{"name":"shot-anim:scope11"}},
[21:43:39.731] {"t":"timeline","f":"play"},
[21:43:42.695] {"t":"narrative","f":"shot","a":{"delta":{"timeline":{"p":{"paused":true,"repeat":0,"tweens":[]},"actors":{"i2d:zoom_plane":[{"dur":3,"p":{"scale":0.5,"svgOrigin":"0% 0%","immediateRender":false}}]}}}}},
[21:43:42.712] {"t":"mediator","f":"socket.emit.actions","a":{"t":"camera2d","f":"zoomflyTo","a":{"s":0.5,"d":3}}},
[21:43:42.759] {"t":"Mediator","f":"component","a":"narrative"},
[21:43:42.759] {"t":"app","f":"onEnter","a":{"name":"shot-anim:scope12"}},
[21:43:42.759] {"t":"timeline","f":"play"},
[21:43:43.612] {"t":"camera3d","f":"zoom in","a":65},
[21:43:43.646] {"t":"Mediator","f":"record","a":{"t":"camera3d","f":"zoomflyBy","a":{"s":0.9,"d":3}}},
[21:43:43.647] {"t":"narrative","f":"shot","a":{"delta":{"timeline":{"p":{"paused":true,"repeat":0},"actors":{"i3d:csphere:scale":[{"dur":3,"p":{"x":0.9,"y":0.9,"z":0.9,"immediateRender":false}}]}}}}},
[21:43:43.695] {"t":"Mediator","f":"component","a":"narrative"},
[21:43:43.695] {"t":"app","f":"onEnter","a":{"name":"shot-anim:scope13"}},
[21:43:43.696] {"t":"timeline","f":"play"},
[21:43:49.080] {"t":"camera3d","f":"zoom in","a":65},
[21:43:49.102] {"t":"Mediator","f":"record","a":{"t":"camera3d","f":"zoomflyTo","a":{"s":0.5,"d":3}}},
[21:43:49.104] {"t":"narrative","f":"shot","a":{"delta":{"timeline":{"p":{"paused":true,"repeat":0},"actors":{"i3d:csphere:scale":[{"dur":3,"p":{"x":0.5,"y":0.5,"z":0.5,"immediateRender":false}}]}}}}},
[21:43:49.126] {"t":"app","f":"onEnter","a":{"name":"shot-anim:scope14"}},
[21:43:49.126] {"t":"Mediator","f":"component","a":"narrative"},
[21:43:49.126] {"t":"timeline","f":"play"},
