[17:11:06.862] "/metaweb:/i3d-empty/i2d-reflect:/empty:/ui-msgbg:/LS:",
[17:11:16.054] {"a":"starting Mockserver..."},
[17:11:31.049] "/a:/i3d-simple:simple_green/i2d-scene:disks0/base-skycube:test_cube/ui-msgbg:/LS",
[17:11:40.892] "/a0:/i3d-simple:simple_green/i2d-scene:disks0/base-skycube:test_cube/ui-msgbg:/shot-graft:scope1",
[17:11:55.843] "/a1:/i3d-simple:simple_green/i2d-scene:disks0/base-skycube:test_cube/ui-msgbg:/shot-graft:scope2",
[17:12:10.780] "/a2:/i3d-simple:simple_green/i2d-scene:disks0/base-skycube:test_cube/ui-msgbg:/shot-graft:scope3",
[17:12:25.780] "/a2:/i3d-simple:simple_green/i2d-scene:disks0/base-skycube:test_cube/ui-msgbg:/shot-anim:scope4",
[17:12:36.663] "/payments:/i3d-simple:phong_head_sphere_kfb/i2d-empty:/black:/ui-msgbg:/CU:",
[17:14:26.010] "/a:/i3d-simple:simple_green/i2d-scene:disks0/base-skycube:test_cube/ui-msgbg:/LS",
[17:14:40.943] "/a:/i3d-simple:simple_green/i2d-scene:disks0/base-skycube:test_cube/ui-msgbg:/shot-graft:scope7",
[17:14:55.892] "/a:/i3d-simple:simple_green/i2d-scene:disks0/base-skycube:test_cube/ui-msgbg:/shot-graft:scope8",
[17:15:05.813] "/a:/i3d-simple:simple_green/i2d-scene:disks0/base-skycube:test_cube/ui-msgbg:/shot-graft:scope9",
[17:15:20.812] "/a:/i3d-simple:simple_green/i2d-scene:disks0/base-skycube:test_cube/ui-msgbg:/shot-anim:scope10",
[17:15:32.595] "/footprint:/i3d-scene:scene1/i2d-empty:/escher:/ui-msgbg:/ECU:",
[17:15:45.846] "/footprint:/i3d-scene:scene1/i2d-empty:/escher:/ui-msgbg:/shot-anim:scope12",
[17:15:55.842] "/footprint:/i3d-scene:scene1/i2d-empty:/escher:/ui-msgbg:/shot-anim:scope13",
[17:16:20.826] "/footprint:/i3d-scene:scene1/i2d-empty:/escher:/ui-msgbg:/shot-anim:scope14",
[17:16:35.845] "/footprint:/i3d-scene:scene1/i2d-empty:/escher:/ui-msgbg:/shot-anim:scope15",
[17:16:46.231] "/circle:/i3d-simple:simple_red/i2d-scene:disks0/base-skycube:test_cube/ui-msgbg:/shot-graft:a0",
[17:17:01.050] "/circle:/i3d-simple:simple_red/i2d-scene:mf2d0/base-skycube:test_cube/ui-msgbg/MS",
[17:17:12.454] "/stocks:/i3d-jsonmodels:phonghead_kfb/i2d-scene:defsuse0/grid:/ui-msgbg:/2S:",
[17:17:26.048] "///i2d-scene:mf2d0///",
[17:17:40.852] "///i2d-scene:mf2d0///shot-anim:scope20",
[17:17:50.830] "///i2d-scene:mf2d0///shot-anim:scope21",
[17:18:05.860] "///i2d-scene:mf2d0///shot-anim:scope22",
[17:18:15.856] "///i2d-scene:mf2d0///shot-anim:scope23",
[17:18:30.849] "///i2d-scene:mf2d0///shot-anim:scope24",
[17:18:40.846] "///i2d-scene:mf2d0///shot-anim:scope25",
[17:18:55.855] "///i2d-scene:mf2d0///shot-anim:scope26",
[17:19:05.856] "///i2d-scene:mf2d0///shot-anim:scope27",
[17:19:20.828] "///i2d-scene:mf2d0///shot-anim:scope28",
[17:19:30.836] "///i2d-scene:mf2d0///shot-anim:scope29",
[17:19:45.848] "///i2d-scene:mf2d0///shot-anim:scope30",
[17:19:55.862] "///i2d-scene:mf2d0///shot-anim:scope31",
[17:20:10.853] "///i2d-scene:mf2d0///shot-anim:scope32",
[17:20:20.858] "///i2d-scene:mf2d0///shot-anim:scope33",
[17:20:35.862] "///i2d-scene:mf2d0///shot-anim:scope34",
[17:20:45.861] "///i2d-scene:mf2d0///shot-anim:scope35",
[17:20:55.869] "///i2d-scene:mf2d0///shot-anim:scope36",
[17:21:05.865] "///i2d-scene:mf2d0///shot-anim:scope37",
[17:21:35.901] "///i2d-scene:mf2d0///shot-anim:scope38",
[17:21:45.896] "///i2d-scene:mf2d0///shot-anim:scope39",
[17:22:00.883] "///i2d-scene:mf2d0///shot-anim:scope40",
[17:22:15.913] "///i2d-scene:mf2d0///shot-anim:scope41",
[17:22:30.890] "///i2d-scene:mf2d0///shot-anim:scope42",
[17:22:40.903] "///i2d-scene:mf2d0///shot-anim:scope43",
[17:22:50.910] "///i2d-scene:mf2d0///shot-anim:scope44",
[17:23:05.892] "///i2d-scene:mf2d0///shot-anim:scope45",
[17:23:25.891] "///i2d-scene:mf2d0///shot-anim:scope46",
[17:23:28.895] "///i2d-scene:mf2d0///shot-anim:scope47",
[17:23:55.896] "///i2d-scene:mf2d0///shot-anim:scope48",
[17:24:10.882] "///i2d-scene:mf2d0///shot-anim:scope49",
[17:24:25.899] "///i2d-scene:mf2d0///shot-anim:scope50",
[17:24:35.948] "///i2d-scene:mf2d0///shot-anim:scope51",
[17:24:45.911] "///i2d-scene:mf2d0///shot-anim:scope52",
[17:25:00.920] "///i2d-scene:mf2d0///shot-anim:scope53",
[17:25:15.909] "///i2d-scene:mf2d0///shot-anim:scope54",
[17:25:25.880] "///i2d-scene:mf2d0///shot-anim:scope55",
[17:25:40.897] "///i2d-scene:mf2d0///shot-anim:scope56",
[17:25:55.898] "///i2d-scene:mf2d0///shot-anim:scope57",
[17:26:10.908] "///i2d-scene:mf2d0///shot-anim:scope58",
[17:26:25.891] "///i2d-scene:mf2d0///shot-anim:scope59",
[17:26:35.924] "///i2d-scene:mf2d0///shot-anim:scope60",
[17:26:45.923] "///i2d-scene:mf2d0///shot-anim:scope61",
[17:27:00.902] "///i2d-scene:mf2d0///shot-anim:scope62",
[17:29:42.255] "///i2d-scene:mf2d0///shot-anim:scope63",
