[18:05:16.373] {"a":"locChSucc: abs_url = /metaweb:/i3d-empty/i2d-reflect:/empty:/ui-msgbg:/LS:"},
[18:05:16.374] {"a":"locChSucc: delta_url = /"},
[18:05:16.374] {"t":"state","f":"abs_url","a":"/metaweb:/i3d-empty/i2d-reflect:/empty:/ui-msgbg:/LS:"},
[18:05:16.374] {"t":"location","f":"url","a":"/"},
[18:05:24.843] {"a":"starting Mockserver..."},
[18:05:40.528] {"a":"locChSucc: abs_url = /a:/i3d-simple:simple_green/i2d-scene:disks0/base-skycube:test_cube/ui-msgbg:/LS"},
[18:05:40.532] {"t":"state","f":"abs_url","a":"/a:/i3d-simple:simple_green/i2d-scene:disks0/base-skycube:test_cube/ui-msgbg:/LS"},
[18:05:40.530] {"a":"locChSucc: delta_url = /a:/i3d-simple:simple_green/i2d-scene:disks0/base-skycube:test_cube//LS"},
[18:05:40.532] {"t":"location","f":"url","a":"/a:/i3d-simple:simple_green/i2d-scene:disks0/base-skycube:test_cube//LS"},
[18:05:55.382] {"a":"locChSucc: abs_url = /a0:/i3d-simple:simple_green/i2d-scene:disks0/base-skycube:test_cube/ui-msgbg:/shot-graft:scope1"},
[18:05:55.383] {"t":"state","f":"abs_url","a":"/a0:/i3d-simple:simple_green/i2d-scene:disks0/base-skycube:test_cube/ui-msgbg:/shot-graft:scope1"},
[18:05:55.383] {"t":"location","f":"url","a":"/a0://///shot-graft:scope1"},
[18:05:55.383] {"a":"locChSucc: delta_url = /a0://///shot-graft:scope1"},
[18:06:05.317] {"a":"locChSucc: abs_url = /a1:/i3d-simple:simple_green/i2d-scene:disks0/base-skycube:test_cube/ui-msgbg:/shot-graft:scope2"},
[18:06:05.318] {"a":"locChSucc: delta_url = /a1://///shot-graft:scope2"},
[18:06:05.319] {"t":"state","f":"abs_url","a":"/a1:/i3d-simple:simple_green/i2d-scene:disks0/base-skycube:test_cube/ui-msgbg:/shot-graft:scope2"},
[18:06:05.320] {"t":"location","f":"url","a":"/a1://///shot-graft:scope2"},
[18:06:15.279] {"a":"locChSucc: abs_url = /a2:/i3d-simple:simple_green/i2d-scene:disks0/base-skycube:test_cube/ui-msgbg:/shot-graft:scope3"},
[18:06:15.280] {"a":"locChSucc: delta_url = /a2://///shot-graft:scope3"},
[18:06:15.280] {"t":"state","f":"abs_url","a":"/a2:/i3d-simple:simple_green/i2d-scene:disks0/base-skycube:test_cube/ui-msgbg:/shot-graft:scope3"},
[18:06:15.281] {"t":"location","f":"url","a":"/a2://///shot-graft:scope3"},
[18:06:30.342] {"a":"locChSucc: abs_url = /a2:/i3d-simple:simple_green/i2d-scene:disks0/base-skycube:test_cube/ui-msgbg:/shot-anim:scope4"},
[18:06:30.342] {"a":"locChSucc: delta_url = //////shot-anim:scope4"},
[18:06:30.342] {"t":"state","f":"abs_url","a":"/a2:/i3d-simple:simple_green/i2d-scene:disks0/base-skycube:test_cube/ui-msgbg:/shot-anim:scope4"},
[18:06:30.343] {"t":"location","f":"url","a":"//////shot-anim:scope4"},
[18:06:45.996] {"a":"locChSucc: abs_url = /payments:/i3d-simple:phong_head_sphere_kfb/i2d-empty:/black:/ui-msgbg:/CU:"},
[18:06:45.997] {"t":"location","f":"url","a":"/payments:/i3d-simple:phong_head_sphere_kfb/i2d-empty:/black://CU:"},
[18:06:45.996] {"a":"locChSucc: delta_url = /payments:/i3d-simple:phong_head_sphere_kfb/i2d-empty:/black://CU:"},
[18:06:45.996] {"t":"state","f":"abs_url","a":"/payments:/i3d-simple:phong_head_sphere_kfb/i2d-empty:/black:/ui-msgbg:/CU:"},
[18:08:30.485] {"a":"locChSucc: abs_url = /a:/i3d-simple:simple_green/i2d-scene:disks0/base-skycube:test_cube/ui-msgbg:/LS"},
[18:08:30.485] {"a":"locChSucc: delta_url = /a:/i3d-simple:simple_green/i2d-scene:disks0/base-skycube:test_cube//LS"},
[18:08:30.486] {"t":"state","f":"abs_url","a":"/a:/i3d-simple:simple_green/i2d-scene:disks0/base-skycube:test_cube/ui-msgbg:/LS"},
[18:08:30.486] {"t":"location","f":"url","a":"/a:/i3d-simple:simple_green/i2d-scene:disks0/base-skycube:test_cube//LS"},
[18:08:40.480] {"a":"locChSucc: delta_url = //////shot-graft:scope7"},
[18:08:40.481] {"t":"location","f":"url","a":"//////shot-graft:scope7"},
[18:08:40.480] {"t":"state","f":"abs_url","a":"/a:/i3d-simple:simple_green/i2d-scene:disks0/base-skycube:test_cube/ui-msgbg:/shot-graft:scope7"},
[18:08:40.479] {"a":"locChSucc: abs_url = /a:/i3d-simple:simple_green/i2d-scene:disks0/base-skycube:test_cube/ui-msgbg:/shot-graft:scope7"},
[18:08:55.440] {"a":"locChSucc: abs_url = /a:/i3d-simple:simple_green/i2d-scene:disks0/base-skycube:test_cube/ui-msgbg:/shot-graft:scope8"},
[18:08:55.441] {"t":"location","f":"url","a":"//////shot-graft:scope8"},
[18:08:55.441] {"a":"locChSucc: delta_url = //////shot-graft:scope8"},
[18:08:55.441] {"t":"state","f":"abs_url","a":"/a:/i3d-simple:simple_green/i2d-scene:disks0/base-skycube:test_cube/ui-msgbg:/shot-graft:scope8"},
[18:09:10.353] {"a":"locChSucc: abs_url = /a:/i3d-simple:simple_green/i2d-scene:disks0/base-skycube:test_cube/ui-msgbg:/shot-graft:scope9"},
[18:09:10.354] {"t":"state","f":"abs_url","a":"/a:/i3d-simple:simple_green/i2d-scene:disks0/base-skycube:test_cube/ui-msgbg:/shot-graft:scope9"},
[18:09:10.354] {"t":"location","f":"url","a":"//////shot-graft:scope9"},
[18:09:10.354] {"a":"locChSucc: delta_url = //////shot-graft:scope9"},
[18:09:20.357] {"a":"locChSucc: abs_url = /a:/i3d-simple:simple_green/i2d-scene:disks0/base-skycube:test_cube/ui-msgbg:/shot-anim:scope10"},
[18:09:20.358] {"t":"state","f":"abs_url","a":"/a:/i3d-simple:simple_green/i2d-scene:disks0/base-skycube:test_cube/ui-msgbg:/shot-anim:scope10"},
[18:09:20.358] {"t":"location","f":"url","a":"//////shot-anim:scope10"},
[18:09:20.357] {"a":"locChSucc: delta_url = //////shot-anim:scope10"},
[18:09:37.027] {"a":"locChSucc: abs_url = /footprint:/i3d-scene:scene1/i2d-empty:/escher:/ui-msgbg:/ECU:"},
[18:09:37.027] {"a":"locChSucc: delta_url = /footprint:/i3d-scene:scene1/i2d-empty:/escher://ECU:"},
[18:09:37.028] {"t":"state","f":"abs_url","a":"/footprint:/i3d-scene:scene1/i2d-empty:/escher:/ui-msgbg:/ECU:"},
[18:09:37.028] {"t":"location","f":"url","a":"/footprint:/i3d-scene:scene1/i2d-empty:/escher://ECU:"},
[18:09:50.388] {"a":"locChSucc: abs_url = /footprint:/i3d-scene:scene1/i2d-empty:/escher:/ui-msgbg:/shot-anim:scope12"},
[18:09:50.390] {"a":"locChSucc: delta_url = //////shot-anim:scope12"},
[18:09:50.390] {"t":"state","f":"abs_url","a":"/footprint:/i3d-scene:scene1/i2d-empty:/escher:/ui-msgbg:/shot-anim:scope12"},
[18:09:50.391] {"t":"location","f":"url","a":"//////shot-anim:scope12"},
[18:10:00.385] {"a":"locChSucc: abs_url = /footprint:/i3d-scene:scene1/i2d-empty:/escher:/ui-msgbg:/shot-anim:scope13"},
[18:10:00.385] {"a":"locChSucc: delta_url = //////shot-anim:scope13"},
[18:10:00.385] {"t":"state","f":"abs_url","a":"/footprint:/i3d-scene:scene1/i2d-empty:/escher:/ui-msgbg:/shot-anim:scope13"},
[18:10:00.386] {"t":"location","f":"url","a":"//////shot-anim:scope13"},
[18:10:20.396] {"a":"locChSucc: abs_url = /footprint:/i3d-scene:scene1/i2d-empty:/escher:/ui-msgbg:/shot-anim:scope14"},
[18:10:20.397] {"t":"state","f":"abs_url","a":"/footprint:/i3d-scene:scene1/i2d-empty:/escher:/ui-msgbg:/shot-anim:scope14"},
[18:10:20.396] {"a":"locChSucc: delta_url = //////shot-anim:scope14"},
[18:10:20.397] {"t":"location","f":"url","a":"//////shot-anim:scope14"},
[18:10:35.400] {"a":"locChSucc: abs_url = /footprint:/i3d-scene:scene1/i2d-empty:/escher:/ui-msgbg:/shot-anim:scope15"},
[18:10:35.400] {"a":"locChSucc: delta_url = //////shot-anim:scope15"},
[18:10:35.400] {"t":"state","f":"abs_url","a":"/footprint:/i3d-scene:scene1/i2d-empty:/escher:/ui-msgbg:/shot-anim:scope15"},
[18:10:35.400] {"t":"location","f":"url","a":"//////shot-anim:scope15"},
[18:10:50.794] {"a":"locChSucc: abs_url = /circle:/i3d-simple:simple_red/i2d-scene:disks0/base-skycube:test_cube/ui-msgbg:/shot-graft:a0"},
[18:10:50.795] {"a":"locChSucc: delta_url = /circle:/i3d-simple:simple_red/i2d-scene:disks0/base-skycube:test_cube//shot-graft:a0"},
[18:10:50.795] {"t":"state","f":"abs_url","a":"/circle:/i3d-simple:simple_red/i2d-scene:disks0/base-skycube:test_cube/ui-msgbg:/shot-graft:a0"},
[18:10:50.796] {"t":"location","f":"url","a":"/circle:/i3d-simple:simple_red/i2d-scene:disks0/base-skycube:test_cube//shot-graft:a0"},
[18:11:00.579] {"a":"locChSucc: abs_url = /circle:/i3d-simple:simple_red/i2d-scene:mf2d0/base-skycube:test_cube/ui-msgbg/MS"},
[18:11:00.592] {"t":"state","f":"abs_url","a":"/circle:/i3d-simple:simple_red/i2d-scene:mf2d0/base-skycube:test_cube/ui-msgbg/MS"},
[18:11:00.579] {"a":"locChSucc: delta_url = ///i2d-scene:mf2d0//ui-msgbg/MS"},
[18:11:00.593] {"t":"location","f":"url","a":"///i2d-scene:mf2d0//ui-msgbg/MS"},
[18:11:16.742] {"a":"locChSucc: abs_url = /stocks:/i3d-jsonmodels:phonghead_kfb/i2d-scene:defsuse0/grid:/ui-msgbg:/2S:"},
[18:11:16.742] {"a":"locChSucc: delta_url = /stocks:/i3d-jsonmodels:phonghead_kfb/i2d-scene:defsuse0/grid:/ui-msgbg:/2S:"},
[18:11:16.746] {"t":"state","f":"abs_url","a":"/stocks:/i3d-jsonmodels:phonghead_kfb/i2d-scene:defsuse0/grid:/ui-msgbg:/2S:"},
[18:11:16.746] {"t":"location","f":"url","a":"/stocks:/i3d-jsonmodels:phonghead_kfb/i2d-scene:defsuse0/grid:/ui-msgbg:/2S:"},
[18:11:30.598] {"a":"locChSucc: abs_url = ///i2d-scene:mf2d0///"},
[18:11:30.599] {"a":"locChSucc: delta_url = ///i2d-scene:mf2d0///"},
[18:11:30.601] {"t":"state","f":"abs_url","a":"///i2d-scene:mf2d0///"},
[18:11:30.603] {"t":"location","f":"url","a":"///i2d-scene:mf2d0///"},
[18:11:40.397] {"a":"locChSucc: abs_url = ///i2d-scene:mf2d0///shot-anim:scope20"},
[18:11:40.398] {"a":"locChSucc: delta_url = //////shot-anim:scope20"},
[18:11:40.398] {"t":"state","f":"abs_url","a":"///i2d-scene:mf2d0///shot-anim:scope20"},
[18:11:40.399] {"t":"location","f":"url","a":"//////shot-anim:scope20"},
[18:11:50.401] {"a":"locChSucc: abs_url = ///i2d-scene:mf2d0///shot-anim:scope21"},
[18:11:50.401] {"a":"locChSucc: delta_url = //////shot-anim:scope21"},
[18:11:50.401] {"t":"state","f":"abs_url","a":"///i2d-scene:mf2d0///shot-anim:scope21"},
[18:11:50.402] {"t":"location","f":"url","a":"//////shot-anim:scope21"},
[18:12:05.404] {"a":"locChSucc: abs_url = ///i2d-scene:mf2d0///shot-anim:scope22"},
[18:12:05.405] {"a":"locChSucc: delta_url = //////shot-anim:scope22"},
[18:12:05.405] {"t":"location","f":"url","a":"//////shot-anim:scope22"},
[18:12:05.405] {"t":"state","f":"abs_url","a":"///i2d-scene:mf2d0///shot-anim:scope22"},
[18:12:20.410] {"a":"locChSucc: abs_url = ///i2d-scene:mf2d0///shot-anim:scope23"},
[18:12:20.412] {"a":"locChSucc: delta_url = //////shot-anim:scope23"},
[18:12:20.412] {"t":"state","f":"abs_url","a":"///i2d-scene:mf2d0///shot-anim:scope23"},
[18:12:20.413] {"t":"location","f":"url","a":"//////shot-anim:scope23"},
[18:12:30.413] {"a":"locChSucc: abs_url = ///i2d-scene:mf2d0///shot-anim:scope24"},
[18:12:30.414] {"a":"locChSucc: delta_url = //////shot-anim:scope24"},
[18:12:30.414] {"t":"state","f":"abs_url","a":"///i2d-scene:mf2d0///shot-anim:scope24"},
[18:12:30.415] {"t":"location","f":"url","a":"//////shot-anim:scope24"},
[18:12:45.410] {"a":"locChSucc: abs_url = ///i2d-scene:mf2d0///shot-anim:scope25"},
[18:12:45.411] {"a":"locChSucc: delta_url = //////shot-anim:scope25"},
[18:12:45.411] {"t":"state","f":"abs_url","a":"///i2d-scene:mf2d0///shot-anim:scope25"},
[18:12:45.412] {"t":"location","f":"url","a":"//////shot-anim:scope25"},
[18:12:55.396] {"a":"locChSucc: abs_url = ///i2d-scene:mf2d0///shot-anim:scope26"},
[18:12:55.396] {"a":"locChSucc: delta_url = //////shot-anim:scope26"},
[18:12:55.397] {"t":"state","f":"abs_url","a":"///i2d-scene:mf2d0///shot-anim:scope26"},
[18:12:55.397] {"t":"location","f":"url","a":"//////shot-anim:scope26"},
[18:13:10.402] {"a":"locChSucc: abs_url = ///i2d-scene:mf2d0///shot-anim:scope27"},
[18:13:10.403] {"t":"state","f":"abs_url","a":"///i2d-scene:mf2d0///shot-anim:scope27"},
[18:13:10.403] {"a":"locChSucc: delta_url = //////shot-anim:scope27"},
[18:13:10.403] {"t":"location","f":"url","a":"//////shot-anim:scope27"},
[18:13:25.413] {"a":"locChSucc: abs_url = ///i2d-scene:mf2d0///shot-anim:scope28"},
[18:13:25.413] {"a":"locChSucc: delta_url = //////shot-anim:scope28"},
[18:13:25.414] {"t":"state","f":"abs_url","a":"///i2d-scene:mf2d0///shot-anim:scope28"},
[18:13:25.415] {"t":"location","f":"url","a":"//////shot-anim:scope28"},
[18:13:35.425] {"a":"locChSucc: abs_url = ///i2d-scene:mf2d0///shot-anim:scope29"},
[18:13:35.425] {"a":"locChSucc: delta_url = //////shot-anim:scope29"},
[18:13:35.426] {"t":"state","f":"abs_url","a":"///i2d-scene:mf2d0///shot-anim:scope29"},
[18:13:35.427] {"t":"location","f":"url","a":"//////shot-anim:scope29"},
[18:13:50.420] {"a":"locChSucc: delta_url = //////shot-anim:scope30"},
[18:13:50.420] {"t":"location","f":"url","a":"//////shot-anim:scope30"},
[18:13:50.420] {"a":"locChSucc: abs_url = ///i2d-scene:mf2d0///shot-anim:scope30"},
[18:13:50.420] {"t":"state","f":"abs_url","a":"///i2d-scene:mf2d0///shot-anim:scope30"},
[18:14:00.423] {"a":"locChSucc: abs_url = ///i2d-scene:mf2d0///shot-anim:scope31"},
[18:14:00.424] {"a":"locChSucc: delta_url = //////shot-anim:scope31"},
[18:14:00.426] {"t":"state","f":"abs_url","a":"///i2d-scene:mf2d0///shot-anim:scope31"},
[18:14:00.426] {"t":"location","f":"url","a":"//////shot-anim:scope31"},
[18:14:10.421] {"a":"locChSucc: abs_url = ///i2d-scene:mf2d0///shot-anim:scope32"},
[18:14:10.422] {"a":"locChSucc: delta_url = //////shot-anim:scope32"},
[18:14:10.422] {"t":"state","f":"abs_url","a":"///i2d-scene:mf2d0///shot-anim:scope32"},
[18:14:10.422] {"t":"location","f":"url","a":"//////shot-anim:scope32"},
[18:14:25.415] {"a":"locChSucc: abs_url = ///i2d-scene:mf2d0///shot-anim:scope33"},
[18:14:25.415] {"a":"locChSucc: delta_url = //////shot-anim:scope33"},
[18:14:25.416] {"t":"state","f":"abs_url","a":"///i2d-scene:mf2d0///shot-anim:scope33"},
[18:14:25.416] {"t":"location","f":"url","a":"//////shot-anim:scope33"},
[18:14:40.429] {"a":"locChSucc: abs_url = ///i2d-scene:mf2d0///shot-anim:scope34"},
[18:14:40.429] {"a":"locChSucc: delta_url = //////shot-anim:scope34"},
[18:14:40.430] {"t":"state","f":"abs_url","a":"///i2d-scene:mf2d0///shot-anim:scope34"},
[18:14:40.430] {"t":"location","f":"url","a":"//////shot-anim:scope34"},
[18:14:50.429] {"a":"locChSucc: delta_url = //////shot-anim:scope35"},
[18:14:50.428] {"a":"locChSucc: abs_url = ///i2d-scene:mf2d0///shot-anim:scope35"},
[18:14:50.429] {"t":"state","f":"abs_url","a":"///i2d-scene:mf2d0///shot-anim:scope35"},
[18:14:50.429] {"t":"location","f":"url","a":"//////shot-anim:scope35"},
[18:15:00.428] {"a":"locChSucc: abs_url = ///i2d-scene:mf2d0///shot-anim:scope36"},
[18:15:00.429] {"t":"state","f":"abs_url","a":"///i2d-scene:mf2d0///shot-anim:scope36"},
[18:15:00.429] {"t":"location","f":"url","a":"//////shot-anim:scope36"},
[18:15:00.428] {"a":"locChSucc: delta_url = //////shot-anim:scope36"},
[18:15:10.424] {"a":"locChSucc: abs_url = ///i2d-scene:mf2d0///shot-anim:scope37"},
[18:15:10.424] {"a":"locChSucc: delta_url = //////shot-anim:scope37"},
[18:15:10.424] {"t":"state","f":"abs_url","a":"///i2d-scene:mf2d0///shot-anim:scope37"},
[18:15:10.424] {"t":"location","f":"url","a":"//////shot-anim:scope37"},
[18:15:35.420] {"a":"locChSucc: abs_url = ///i2d-scene:mf2d0///shot-anim:scope38"},
[18:15:35.420] {"a":"locChSucc: delta_url = //////shot-anim:scope38"},
[18:15:35.420] {"t":"state","f":"abs_url","a":"///i2d-scene:mf2d0///shot-anim:scope38"},
[18:15:35.420] {"t":"location","f":"url","a":"//////shot-anim:scope38"},
[18:15:50.418] {"a":"locChSucc: abs_url = ///i2d-scene:mf2d0///shot-anim:scope39"},
[18:15:50.418] {"a":"locChSucc: delta_url = //////shot-anim:scope39"},
[18:15:50.418] {"t":"state","f":"abs_url","a":"///i2d-scene:mf2d0///shot-anim:scope39"},
[18:15:50.419] {"t":"location","f":"url","a":"//////shot-anim:scope39"},
[18:16:00.420] {"a":"locChSucc: delta_url = //////shot-anim:scope40"},
[18:16:00.420] {"t":"state","f":"abs_url","a":"///i2d-scene:mf2d0///shot-anim:scope40"},
[18:16:00.421] {"t":"location","f":"url","a":"//////shot-anim:scope40"},
[18:16:00.419] {"a":"locChSucc: abs_url = ///i2d-scene:mf2d0///shot-anim:scope40"},
[18:16:15.417] {"a":"locChSucc: delta_url = //////shot-anim:scope41"},
[18:16:15.417] {"t":"state","f":"abs_url","a":"///i2d-scene:mf2d0///shot-anim:scope41"},
[18:16:15.417] {"a":"locChSucc: abs_url = ///i2d-scene:mf2d0///shot-anim:scope41"},
[18:16:15.417] {"t":"location","f":"url","a":"//////shot-anim:scope41"},
[18:16:25.431] {"a":"locChSucc: abs_url = ///i2d-scene:mf2d0///shot-anim:scope42"},
[18:16:25.432] {"t":"location","f":"url","a":"//////shot-anim:scope42"},
[18:16:25.432] {"t":"state","f":"abs_url","a":"///i2d-scene:mf2d0///shot-anim:scope42"},
[18:16:25.432] {"a":"locChSucc: delta_url = //////shot-anim:scope42"},
[18:16:40.438] {"a":"locChSucc: abs_url = ///i2d-scene:mf2d0///shot-anim:scope43"},
[18:16:40.438] {"a":"locChSucc: delta_url = //////shot-anim:scope43"},
[18:16:40.439] {"t":"state","f":"abs_url","a":"///i2d-scene:mf2d0///shot-anim:scope43"},
[18:16:40.439] {"t":"location","f":"url","a":"//////shot-anim:scope43"},
[18:16:55.435] {"a":"locChSucc: abs_url = ///i2d-scene:mf2d0///shot-anim:scope44"},
[18:16:55.435] {"a":"locChSucc: delta_url = //////shot-anim:scope44"},
[18:16:55.435] {"t":"state","f":"abs_url","a":"///i2d-scene:mf2d0///shot-anim:scope44"},
[18:16:55.435] {"t":"location","f":"url","a":"//////shot-anim:scope44"},
[18:17:05.432] {"a":"locChSucc: abs_url = ///i2d-scene:mf2d0///shot-anim:scope45"},
[18:17:05.433] {"t":"state","f":"abs_url","a":"///i2d-scene:mf2d0///shot-anim:scope45"},
[18:17:05.433] {"t":"location","f":"url","a":"//////shot-anim:scope45"},
[18:17:05.432] {"a":"locChSucc: delta_url = //////shot-anim:scope45"},
[18:17:25.432] {"a":"locChSucc: abs_url = ///i2d-scene:mf2d0///shot-anim:scope46"},
[18:17:25.433] {"a":"locChSucc: delta_url = //////shot-anim:scope46"},
[18:17:25.433] {"t":"state","f":"abs_url","a":"///i2d-scene:mf2d0///shot-anim:scope46"},
[18:17:25.433] {"t":"location","f":"url","a":"//////shot-anim:scope46"},
[18:17:28.447] {"a":"locChSucc: abs_url = ///i2d-scene:mf2d0///shot-anim:scope47"},
[18:17:28.447] {"a":"locChSucc: delta_url = //////shot-anim:scope47"},
[18:17:28.447] {"t":"state","f":"abs_url","a":"///i2d-scene:mf2d0///shot-anim:scope47"},
[18:17:28.447] {"t":"location","f":"url","a":"//////shot-anim:scope47"},
[18:17:55.429] {"a":"locChSucc: abs_url = ///i2d-scene:mf2d0///shot-anim:scope48"},
[18:17:55.430] {"a":"locChSucc: delta_url = //////shot-anim:scope48"},
[18:17:55.430] {"t":"state","f":"abs_url","a":"///i2d-scene:mf2d0///shot-anim:scope48"},
[18:17:55.430] {"t":"location","f":"url","a":"//////shot-anim:scope48"},
[18:18:10.432] {"a":"locChSucc: abs_url = ///i2d-scene:mf2d0///shot-anim:scope49"},
[18:18:10.433] {"a":"locChSucc: delta_url = //////shot-anim:scope49"},
[18:18:10.433] {"t":"state","f":"abs_url","a":"///i2d-scene:mf2d0///shot-anim:scope49"},
[18:18:10.433] {"t":"location","f":"url","a":"//////shot-anim:scope49"},
[18:18:20.434] {"a":"locChSucc: abs_url = ///i2d-scene:mf2d0///shot-anim:scope50"},
[18:18:20.435] {"a":"locChSucc: delta_url = //////shot-anim:scope50"},
[18:18:20.435] {"t":"state","f":"abs_url","a":"///i2d-scene:mf2d0///shot-anim:scope50"},
[18:18:20.435] {"t":"location","f":"url","a":"//////shot-anim:scope50"},
[18:18:30.437] {"a":"locChSucc: abs_url = ///i2d-scene:mf2d0///shot-anim:scope51"},
[18:18:30.437] {"a":"locChSucc: delta_url = //////shot-anim:scope51"},
[18:18:30.438] {"t":"state","f":"abs_url","a":"///i2d-scene:mf2d0///shot-anim:scope51"},
[18:18:30.438] {"t":"location","f":"url","a":"//////shot-anim:scope51"},
[18:18:45.430] {"a":"locChSucc: abs_url = ///i2d-scene:mf2d0///shot-anim:scope52"},
[18:18:45.431] {"a":"locChSucc: delta_url = //////shot-anim:scope52"},
[18:18:45.431] {"t":"state","f":"abs_url","a":"///i2d-scene:mf2d0///shot-anim:scope52"},
[18:18:45.431] {"t":"location","f":"url","a":"//////shot-anim:scope52"},
[18:18:55.432] {"a":"locChSucc: abs_url = ///i2d-scene:mf2d0///shot-anim:scope53"},
[18:18:55.433] {"a":"locChSucc: delta_url = //////shot-anim:scope53"},
[18:18:55.433] {"t":"state","f":"abs_url","a":"///i2d-scene:mf2d0///shot-anim:scope53"},
[18:18:55.433] {"t":"location","f":"url","a":"//////shot-anim:scope53"},
[18:19:05.440] {"a":"locChSucc: abs_url = ///i2d-scene:mf2d0///shot-anim:scope54"},
[18:19:05.440] {"a":"locChSucc: delta_url = //////shot-anim:scope54"},
[18:19:05.440] {"t":"state","f":"abs_url","a":"///i2d-scene:mf2d0///shot-anim:scope54"},
[18:19:05.440] {"t":"location","f":"url","a":"//////shot-anim:scope54"},
[18:19:20.438] {"a":"locChSucc: abs_url = ///i2d-scene:mf2d0///shot-anim:scope55"},
[18:19:20.438] {"a":"locChSucc: delta_url = //////shot-anim:scope55"},
[18:19:20.438] {"t":"state","f":"abs_url","a":"///i2d-scene:mf2d0///shot-anim:scope55"},
[18:19:20.438] {"t":"location","f":"url","a":"//////shot-anim:scope55"},
[18:19:30.432] {"a":"locChSucc: abs_url = ///i2d-scene:mf2d0///shot-anim:scope56"},
[18:19:30.432] {"a":"locChSucc: delta_url = //////shot-anim:scope56"},
[18:19:30.432] {"t":"state","f":"abs_url","a":"///i2d-scene:mf2d0///shot-anim:scope56"},
[18:19:30.432] {"t":"location","f":"url","a":"//////shot-anim:scope56"},
[18:19:40.436] {"a":"locChSucc: abs_url = ///i2d-scene:mf2d0///shot-anim:scope57"},
[18:19:40.436] {"a":"locChSucc: delta_url = //////shot-anim:scope57"},
[18:19:40.436] {"t":"state","f":"abs_url","a":"///i2d-scene:mf2d0///shot-anim:scope57"},
[18:19:40.437] {"t":"location","f":"url","a":"//////shot-anim:scope57"},
[18:19:55.441] {"a":"locChSucc: abs_url = ///i2d-scene:mf2d0///shot-anim:scope58"},
[18:19:55.441] {"a":"locChSucc: delta_url = //////shot-anim:scope58"},
[18:19:55.442] {"t":"state","f":"abs_url","a":"///i2d-scene:mf2d0///shot-anim:scope58"},
[18:19:55.442] {"t":"location","f":"url","a":"//////shot-anim:scope58"},
[18:20:05.438] {"a":"locChSucc: abs_url = ///i2d-scene:mf2d0///shot-anim:scope59"},
[18:20:05.438] {"a":"locChSucc: delta_url = //////shot-anim:scope59"},
[18:20:05.439] {"t":"state","f":"abs_url","a":"///i2d-scene:mf2d0///shot-anim:scope59"},
[18:20:05.439] {"t":"location","f":"url","a":"//////shot-anim:scope59"},
[18:20:20.443] {"t":"state","f":"abs_url","a":"///i2d-scene:mf2d0///shot-anim:scope60"},
[18:20:20.442] {"a":"locChSucc: abs_url = ///i2d-scene:mf2d0///shot-anim:scope60"},
[18:20:20.443] {"a":"locChSucc: delta_url = //////shot-anim:scope60"},
[18:20:20.443] {"t":"location","f":"url","a":"//////shot-anim:scope60"},
[18:20:35.445] {"a":"locChSucc: abs_url = ///i2d-scene:mf2d0///shot-anim:scope61"},
[18:20:35.445] {"a":"locChSucc: delta_url = //////shot-anim:scope61"},
[18:20:35.446] {"t":"state","f":"abs_url","a":"///i2d-scene:mf2d0///shot-anim:scope61"},
[18:20:35.446] {"t":"location","f":"url","a":"//////shot-anim:scope61"},
[18:20:45.451] {"a":"locChSucc: abs_url = ///i2d-scene:mf2d0///shot-anim:scope62"},
[18:20:45.452] {"a":"locChSucc: delta_url = //////shot-anim:scope62"},
[18:20:45.453] {"t":"state","f":"abs_url","a":"///i2d-scene:mf2d0///shot-anim:scope62"},
[18:20:45.453] {"t":"location","f":"url","a":"//////shot-anim:scope62"},
[18:22:47.593] {"a":"locChSucc: abs_url = ///i2d-scene:mf2d0///shot-anim:scope63"},
[18:22:47.613] {"a":"locChSucc: delta_url = //////shot-anim:scope63"},
[18:22:47.613] {"t":"state","f":"abs_url","a":"///i2d-scene:mf2d0///shot-anim:scope63"},
[18:22:47.613] {"t":"location","f":"url","a":"//////shot-anim:scope63"},
