[19:19:07.251] {"a":"locChSucc: abs_url = /metaweb:/i3d-empty/i2d-reflect:/empty:/ui-msgbg:/LS:"},
[19:19:07.368] {"a":"locChSucc: delta_url = /"},
[19:19:07.368] {"t":"state","f":"abs_url","a":"/metaweb:/i3d-empty/i2d-reflect:/empty:/ui-msgbg:/LS:"},
[19:19:07.368] {"t":"location","f":"url","a":"/"},
[19:19:26.661] {"a":"starting Mockserver..."},
[19:19:41.404] {"a":"locChSucc: abs_url = /circle:/i3d-simple:simple_red/i2d-scene:disks0/base-skycube:test_cube/ui-msgbg:/shot-graft:a0"},
[19:19:41.405] {"a":"locChSucc: delta_url = /circle:/i3d-simple:simple_red/i2d-scene:disks0/base-skycube:test_cube//shot-graft:a0"},
[19:19:41.405] {"t":"state","f":"abs_url","a":"/circle:/i3d-simple:simple_red/i2d-scene:disks0/base-skycube:test_cube/ui-msgbg:/shot-graft:a0"},
[19:19:41.405] {"t":"location","f":"url","a":"/circle:/i3d-simple:simple_red/i2d-scene:disks0/base-skycube:test_cube//shot-graft:a0"},
[19:19:51.394] {"a":"locChSucc: abs_url = /circle:/i3d-simple:simple_red/i2d-scene:mf2d0/base-skycube:test_cube/ui-msgbg/MS"},
[19:19:51.395] {"a":"locChSucc: delta_url = ///i2d-scene:mf2d0//ui-msgbg/MS"},
[19:19:51.395] {"t":"state","f":"abs_url","a":"/circle:/i3d-simple:simple_red/i2d-scene:mf2d0/base-skycube:test_cube/ui-msgbg/MS"},
[19:19:51.395] {"t":"location","f":"url","a":"///i2d-scene:mf2d0//ui-msgbg/MS"},
[19:20:07.261] {"a":"locChSucc: abs_url = /stocks:/i3d-jsonmodels:phonghead_kfb/i2d-scene:defsuse0/grid:/ui-msgbg:/2S:"},
[19:20:07.262] {"a":"locChSucc: delta_url = /stocks:/i3d-jsonmodels:phonghead_kfb/i2d-scene:defsuse0/grid:/ui-msgbg:/2S:"},
[19:20:07.262] {"t":"state","f":"abs_url","a":"/stocks:/i3d-jsonmodels:phonghead_kfb/i2d-scene:defsuse0/grid:/ui-msgbg:/2S:"},
[19:20:07.263] {"t":"location","f":"url","a":"/stocks:/i3d-jsonmodels:phonghead_kfb/i2d-scene:defsuse0/grid:/ui-msgbg:/2S:"},
[19:20:21.378] {"a":"locChSucc: abs_url = ///i2d-scene:mf2d0///"},
[19:20:21.379] {"a":"locChSucc: delta_url = ///i2d-scene:mf2d0///"},
[19:20:21.379] {"t":"state","f":"abs_url","a":"///i2d-scene:mf2d0///"},
[19:20:21.380] {"t":"location","f":"url","a":"///i2d-scene:mf2d0///"},
