[20:11:10.277] {"t":"stateObj","f":"abs_url","a":"/metaweb:/i3d-empty/i2d-reflect:/empty:/ui-msgbg:/LS:"},
[20:11:10.376] {"t":"location","f":"url","a":"/"},
[20:11:21.120] {"a":"starting Mockserver..."},
[20:11:39.153] "params[scene] = values[0] = stocks:",
[20:11:39.626] "params[i3d] = values[1] = i3d-jsonmodels:phonghead_kfb",
[20:11:39.626] "params[i2d] = values[2] = i2d-scene:defsuse0",
[20:11:39.627] "params[base] = values[3] = grid:",
[20:11:39.627] "params[ui] = values[4] = ui-msgbg:",
[20:11:39.628] "params[shot] = values[5] = 2S:",
[20:11:39.628] "prev-url abs_params[scene] = metaweb:",
[20:11:39.629] "prev-url abs_params[i3d] = i3d-empty",
[20:11:39.630] "prev-url abs_params[i2d] = i2d-reflect:",
[20:11:39.630] "prev-url abs_params[base] = gladiolus:",
[20:11:39.630] "prev-url abs_params[ui] = ui-msgbg:",
[20:11:39.631] "prev-url abs_params[shot] = LS:",
[20:11:39.631] "abs_values[0] set to params[scene] = stocks:",
[20:11:39.631] "abs_values[1] set to params[i3d] = i3d-jsonmodels:phonghead_kfb",
[20:11:39.631] "abs_values[2] set to params[i2d] = i2d-scene:defsuse0",
[20:11:39.631] "abs_values[3] set to params[base] = grid:",
[20:11:39.632] "abs_values[4] set to params[ui] = ui-msgbg:",
[20:11:39.632] "abs_values[5] set to params[shot] = 2S:",
[20:11:39.634] {"t":"stateObj","f":"abs_url","a":"/stocks:/i3d-jsonmodels:phonghead_kfb/i2d-scene:defsuse0/grid:/ui-msgbg:/2S:"},
[20:11:39.634] {"t":"location","f":"url","a":"/stocks:/i3d-jsonmodels:phonghead_kfb/i2d-scene:defsuse0/grid://2S:"},
[20:11:49.152] "params[scene] = values[0] = ",
[20:11:49.175] "params[i3d] = values[1] = ",
[20:11:49.176] "params[i2d] = values[2] = i2d-scene:mf2d0",
[20:11:49.176] "params[base] = values[3] = ",
[20:11:49.178] "params[ui] = values[4] = ",
[20:11:49.178] "params[shot] = values[5] = ",
[20:11:49.178] "prev-url abs_params[scene] = stocks:",
[20:11:49.179] "prev-url abs_params[i3d] = i3d-jsonmodels:phonghead_kfb",
[20:11:49.179] "prev-url abs_params[i2d] = i2d-scene:defsuse0",
[20:11:49.179] "prev-url abs_params[base] = grid:",
[20:11:49.179] "prev-url abs_params[ui] = ui-msgbg:",
[20:11:49.180] "prev-url abs_params[shot] = 2S:",
[20:11:49.180] "abs_values[0] set to abs_params[scene] = stocks:",
[20:11:49.181] "abs_values[1] set to abs_params[i3d] = i3d-jsonmodels:phonghead_kfb",
[20:11:49.182] "abs_values[2] set to params[i2d] = i2d-scene:mf2d0",
[20:11:49.183] "abs_values[3] set to abs_params[base] = grid:",
[20:11:49.183] "abs_values[4] set to abs_params[ui] = ui-msgbg:",
[20:11:49.183] "abs_values[5] set to abs_params[shot] = 2S:",
[20:11:49.337] {"t":"location","f":"url","a":"///i2d-scene:mf2d0///"},
[20:11:49.336] {"t":"stateObj","f":"abs_url","a":"/stocks:/i3d-jsonmodels:phonghead_kfb/i2d-scene:mf2d0/grid:/ui-msgbg:/2S:"},
