[20:38:43.503] {"t":"location","f":"url","a":"/"},
[20:38:43.502] {"t":"stateObj","f":"abs_url","a":"/metaweb:/i3d-empty/i2d-reflect:/empty:/ui-msgbg:/LS:"},
[20:38:50.403] {"a":"starting Mockserver..."},
[20:39:07.690] {"t":"stateObj","f":"abs_url","a":"/a:/i3d-simple:simple_green/i2d-scene:disks0/base-skycube:test_cube/ui-msgbg:/LS"},
[20:39:07.691] {"t":"location","f":"url","a":"/a:/i3d-simple:simple_green/i2d-scene:disks0/base-skycube:test_cube//LS"},
[20:39:17.531] {"t":"stateObj","f":"abs_url","a":"/a0:/i3d-simple:simple_green/i2d-scene:disks0/base-skycube:test_cube/ui-msgbg:/shot-graft:scope1"},
[20:39:17.531] {"t":"location","f":"url","a":"/a0://///shot-graft:scope1"},
[20:39:27.482] {"t":"stateObj","f":"abs_url","a":"/a1:/i3d-simple:simple_green/i2d-scene:disks0/base-skycube:test_cube/ui-msgbg:/shot-graft:scope2"},
[20:39:27.483] {"t":"location","f":"url","a":"/a1://///shot-graft:scope2"},
[20:39:42.417] {"t":"stateObj","f":"abs_url","a":"/a2:/i3d-simple:simple_green/i2d-scene:disks0/base-skycube:test_cube/ui-msgbg:/shot-graft:scope3"},
[20:39:42.417] {"t":"location","f":"url","a":"/a2://///shot-graft:scope3"},
[20:39:57.419] {"t":"stateObj","f":"abs_url","a":"/a2:/i3d-simple:simple_green/i2d-scene:disks0/base-skycube:test_cube/ui-msgbg:/shot-anim:scope4"},
[20:39:57.419] {"t":"location","f":"url","a":"//////shot-anim:scope4"},
[20:40:13.086] {"t":"stateObj","f":"abs_url","a":"/payments:/i3d-simple:phong_head_sphere_kfb/i2d-empty:/black:/ui-msgbg:/CU:"},
[20:40:13.086] {"t":"location","f":"url","a":"/payments:/i3d-simple:phong_head_sphere_kfb/i2d-empty:/black://CU:"},
[20:42:07.635] {"t":"stateObj","f":"abs_url","a":"/a:/i3d-simple:simple_green/i2d-scene:disks0/base-skycube:test_cube/ui-msgbg:/LS"},
[20:42:07.636] {"t":"location","f":"url","a":"/a:/i3d-simple:simple_green/i2d-scene:disks0/base-skycube:test_cube//LS"},
[20:42:17.575] {"t":"stateObj","f":"abs_url","a":"/a:/i3d-simple:simple_green/i2d-scene:disks0/base-skycube:test_cube/ui-msgbg:/shot-graft:scope7"},
[20:42:17.577] {"t":"location","f":"url","a":"//////shot-graft:scope7"},
[20:42:27.524] {"t":"stateObj","f":"abs_url","a":"/a:/i3d-simple:simple_green/i2d-scene:disks0/base-skycube:test_cube/ui-msgbg:/shot-graft:scope8"},
[20:42:27.524] {"t":"location","f":"url","a":"//////shot-graft:scope8"},
[20:42:37.432] {"t":"stateObj","f":"abs_url","a":"/a:/i3d-simple:simple_green/i2d-scene:disks0/base-skycube:test_cube/ui-msgbg:/shot-graft:scope9"},
[20:42:37.432] {"t":"location","f":"url","a":"//////shot-graft:scope9"},
[20:42:52.552] {"t":"stateObj","f":"abs_url","a":"/a:/i3d-simple:simple_green/i2d-scene:disks0/base-skycube:test_cube/ui-msgbg:/shot-anim:scope10"},
[20:42:52.553] {"t":"location","f":"url","a":"//////shot-anim:scope10"},
[20:43:09.386] {"t":"stateObj","f":"abs_url","a":"/footprint:/i3d-scene:scene1/i2d-empty:/escher:/ui-msgbg:/ECU:"},
[20:43:09.386] {"t":"location","f":"url","a":"/footprint:/i3d-scene:scene1/i2d-empty:/escher://ECU:"},
[20:43:17.581] {"t":"stateObj","f":"abs_url","a":"/footprint:/i3d-scene:scene1/i2d-empty:/escher:/ui-msgbg:/shot-anim:scope12"},
[20:43:17.582] {"t":"location","f":"url","a":"//////shot-anim:scope12"},
[20:43:32.575] {"t":"location","f":"url","a":"//////shot-anim:scope13"},
[20:43:32.575] {"t":"stateObj","f":"abs_url","a":"/footprint:/i3d-scene:scene1/i2d-empty:/escher:/ui-msgbg:/shot-anim:scope13"},
[20:43:57.597] {"t":"stateObj","f":"abs_url","a":"/footprint:/i3d-scene:scene1/i2d-empty:/escher:/ui-msgbg:/shot-anim:scope14"},
[20:43:57.598] {"t":"location","f":"url","a":"//////shot-anim:scope14"},
[20:44:12.582] {"t":"stateObj","f":"abs_url","a":"/footprint:/i3d-scene:scene1/i2d-empty:/escher:/ui-msgbg:/shot-anim:scope15"},
[20:44:12.583] {"t":"location","f":"url","a":"//////shot-anim:scope15"},
[20:44:23.009] {"t":"stateObj","f":"abs_url","a":"/circle:/i3d-simple:simple_red/i2d-scene:disks0/base-skycube:test_cube/ui-msgbg:/shot-graft:a0"},
[20:44:23.010] {"t":"location","f":"url","a":"/circle:/i3d-simple:simple_red/i2d-scene:disks0/base-skycube:test_cube//shot-graft:a0"},
[20:44:32.811] {"t":"stateObj","f":"abs_url","a":"/circle:/i3d-simple:simple_red/i2d-scene:mf2d0/base-skycube:test_cube/ui-msgbg/MS"},
[20:44:32.812] {"t":"location","f":"url","a":"///i2d-scene:mf2d0//ui-msgbg/MS"},
[20:44:49.053] {"t":"stateObj","f":"abs_url","a":"/stocks:/i3d-jsonmodels:phonghead_kfb/i2d-scene:defsuse0/grid:/ui-msgbg:/2S:"},
[20:44:49.053] {"t":"location","f":"url","a":"/stocks:/i3d-jsonmodels:phonghead_kfb/i2d-scene:defsuse0/grid:/ui-msgbg:/2S:"},
[20:45:02.790] {"t":"stateObj","f":"abs_url","a":"/stocks:/i3d-jsonmodels:phonghead_kfb/i2d-scene:mf2d0/grid:/ui-msgbg:/2S:"},
[20:45:02.790] {"t":"location","f":"url","a":"///i2d-scene:mf2d0///"},
[20:45:12.606] {"t":"stateObj","f":"abs_url","a":"/stocks:/i3d-jsonmodels:phonghead_kfb/i2d-scene:mf2d0/grid:/ui-msgbg:/shot-anim:scope20"},
[20:45:12.607] {"t":"location","f":"url","a":"//////shot-anim:scope20"},
[20:45:27.594] {"t":"stateObj","f":"abs_url","a":"/stocks:/i3d-jsonmodels:phonghead_kfb/i2d-scene:mf2d0/grid:/ui-msgbg:/shot-anim:scope21"},
[20:45:27.594] {"t":"location","f":"url","a":"//////shot-anim:scope21"},
[20:45:37.601] {"t":"stateObj","f":"abs_url","a":"/stocks:/i3d-jsonmodels:phonghead_kfb/i2d-scene:mf2d0/grid:/ui-msgbg:/shot-anim:scope22"},
[20:45:37.602] {"t":"location","f":"url","a":"//////shot-anim:scope22"},
[20:45:52.591] {"t":"stateObj","f":"abs_url","a":"/stocks:/i3d-jsonmodels:phonghead_kfb/i2d-scene:mf2d0/grid:/ui-msgbg:/shot-anim:scope23"},
[20:45:52.592] {"t":"location","f":"url","a":"//////shot-anim:scope23"},
[20:46:07.590] {"t":"stateObj","f":"abs_url","a":"/stocks:/i3d-jsonmodels:phonghead_kfb/i2d-scene:mf2d0/grid:/ui-msgbg:/shot-anim:scope24"},
[20:46:07.590] {"t":"location","f":"url","a":"//////shot-anim:scope24"},
[20:46:22.591] {"t":"stateObj","f":"abs_url","a":"/stocks:/i3d-jsonmodels:phonghead_kfb/i2d-scene:mf2d0/grid:/ui-msgbg:/shot-anim:scope25"},
[20:46:22.591] {"t":"location","f":"url","a":"//////shot-anim:scope25"},
[20:46:32.583] {"t":"stateObj","f":"abs_url","a":"/stocks:/i3d-jsonmodels:phonghead_kfb/i2d-scene:mf2d0/grid:/ui-msgbg:/shot-anim:scope26"},
[20:46:32.584] {"t":"location","f":"url","a":"//////shot-anim:scope26"},
[20:46:42.606] {"t":"stateObj","f":"abs_url","a":"/stocks:/i3d-jsonmodels:phonghead_kfb/i2d-scene:mf2d0/grid:/ui-msgbg:/shot-anim:scope27"},
[20:46:42.606] {"t":"location","f":"url","a":"//////shot-anim:scope27"},
[20:46:52.611] {"t":"location","f":"url","a":"//////shot-anim:scope28"},
[20:46:52.611] {"t":"stateObj","f":"abs_url","a":"/stocks:/i3d-jsonmodels:phonghead_kfb/i2d-scene:mf2d0/grid:/ui-msgbg:/shot-anim:scope28"},
[20:47:07.603] {"t":"stateObj","f":"abs_url","a":"/stocks:/i3d-jsonmodels:phonghead_kfb/i2d-scene:mf2d0/grid:/ui-msgbg:/shot-anim:scope29"},
[20:47:07.604] {"t":"location","f":"url","a":"//////shot-anim:scope29"},
[20:47:22.596] {"t":"stateObj","f":"abs_url","a":"/stocks:/i3d-jsonmodels:phonghead_kfb/i2d-scene:mf2d0/grid:/ui-msgbg:/shot-anim:scope30"},
[20:47:22.596] {"t":"location","f":"url","a":"//////shot-anim:scope30"},
[20:47:32.604] {"t":"stateObj","f":"abs_url","a":"/stocks:/i3d-jsonmodels:phonghead_kfb/i2d-scene:mf2d0/grid:/ui-msgbg:/shot-anim:scope31"},
[20:47:32.608] {"t":"location","f":"url","a":"//////shot-anim:scope31"},
[20:47:47.606] {"t":"stateObj","f":"abs_url","a":"/stocks:/i3d-jsonmodels:phonghead_kfb/i2d-scene:mf2d0/grid:/ui-msgbg:/shot-anim:scope32"},
[20:47:47.606] {"t":"location","f":"url","a":"//////shot-anim:scope32"},
[20:47:57.602] {"t":"stateObj","f":"abs_url","a":"/stocks:/i3d-jsonmodels:phonghead_kfb/i2d-scene:mf2d0/grid:/ui-msgbg:/shot-anim:scope33"},
[20:47:57.603] {"t":"location","f":"url","a":"//////shot-anim:scope33"},
[20:48:12.592] {"t":"stateObj","f":"abs_url","a":"/stocks:/i3d-jsonmodels:phonghead_kfb/i2d-scene:mf2d0/grid:/ui-msgbg:/shot-anim:scope34"},
[20:48:12.593] {"t":"location","f":"url","a":"//////shot-anim:scope34"},
[20:48:27.617] {"t":"stateObj","f":"abs_url","a":"/stocks:/i3d-jsonmodels:phonghead_kfb/i2d-scene:mf2d0/grid:/ui-msgbg:/shot-anim:scope35"},
[20:48:27.618] {"t":"location","f":"url","a":"//////shot-anim:scope35"},
[20:48:42.603] {"t":"stateObj","f":"abs_url","a":"/stocks:/i3d-jsonmodels:phonghead_kfb/i2d-scene:mf2d0/grid:/ui-msgbg:/shot-anim:scope36"},
[20:48:42.603] {"t":"location","f":"url","a":"//////shot-anim:scope36"},
[20:48:52.614] {"t":"stateObj","f":"abs_url","a":"/stocks:/i3d-jsonmodels:phonghead_kfb/i2d-scene:mf2d0/grid:/ui-msgbg:/shot-anim:scope37"},
[20:48:52.614] {"t":"location","f":"url","a":"//////shot-anim:scope37"},
[20:49:17.613] {"t":"location","f":"url","a":"//////shot-anim:scope38"},
[20:49:17.609] {"t":"stateObj","f":"abs_url","a":"/stocks:/i3d-jsonmodels:phonghead_kfb/i2d-scene:mf2d0/grid:/ui-msgbg:/shot-anim:scope38"},
[20:49:32.614] {"t":"stateObj","f":"abs_url","a":"/stocks:/i3d-jsonmodels:phonghead_kfb/i2d-scene:mf2d0/grid:/ui-msgbg:/shot-anim:scope39"},
[20:49:32.615] {"t":"location","f":"url","a":"//////shot-anim:scope39"},
[20:49:47.608] {"t":"stateObj","f":"abs_url","a":"/stocks:/i3d-jsonmodels:phonghead_kfb/i2d-scene:mf2d0/grid:/ui-msgbg:/shot-anim:scope40"},
[20:49:47.609] {"t":"location","f":"url","a":"//////shot-anim:scope40"},
[20:49:57.616] {"t":"stateObj","f":"abs_url","a":"/stocks:/i3d-jsonmodels:phonghead_kfb/i2d-scene:mf2d0/grid:/ui-msgbg:/shot-anim:scope41"},
[20:49:57.616] {"t":"location","f":"url","a":"//////shot-anim:scope41"},
[20:50:12.616] {"t":"stateObj","f":"abs_url","a":"/stocks:/i3d-jsonmodels:phonghead_kfb/i2d-scene:mf2d0/grid:/ui-msgbg:/shot-anim:scope42"},
[20:50:12.618] {"t":"location","f":"url","a":"//////shot-anim:scope42"},
[20:50:22.629] {"t":"location","f":"url","a":"//////shot-anim:scope43"},
[20:50:22.629] {"t":"stateObj","f":"abs_url","a":"/stocks:/i3d-jsonmodels:phonghead_kfb/i2d-scene:mf2d0/grid:/ui-msgbg:/shot-anim:scope43"},
[20:50:37.616] {"t":"stateObj","f":"abs_url","a":"/stocks:/i3d-jsonmodels:phonghead_kfb/i2d-scene:mf2d0/grid:/ui-msgbg:/shot-anim:scope44"},
[20:50:37.617] {"t":"location","f":"url","a":"//////shot-anim:scope44"},
[20:50:47.633] {"t":"stateObj","f":"abs_url","a":"/stocks:/i3d-jsonmodels:phonghead_kfb/i2d-scene:mf2d0/grid:/ui-msgbg:/shot-anim:scope45"},
[20:50:47.634] {"t":"location","f":"url","a":"//////shot-anim:scope45"},
[20:51:07.637] {"t":"stateObj","f":"abs_url","a":"/stocks:/i3d-jsonmodels:phonghead_kfb/i2d-scene:mf2d0/grid:/ui-msgbg:/shot-anim:scope46"},
[20:51:07.637] {"t":"location","f":"url","a":"//////shot-anim:scope46"},
[20:51:17.617] {"t":"stateObj","f":"abs_url","a":"/stocks:/i3d-jsonmodels:phonghead_kfb/i2d-scene:mf2d0/grid:/ui-msgbg:/shot-anim:scope47"},
[20:51:17.617] {"t":"location","f":"url","a":"//////shot-anim:scope47"},
[20:51:37.621] {"t":"stateObj","f":"abs_url","a":"/stocks:/i3d-jsonmodels:phonghead_kfb/i2d-scene:mf2d0/grid:/ui-msgbg:/shot-anim:scope48"},
[20:51:37.621] {"t":"location","f":"url","a":"//////shot-anim:scope48"},
[20:51:52.624] {"t":"stateObj","f":"abs_url","a":"/stocks:/i3d-jsonmodels:phonghead_kfb/i2d-scene:mf2d0/grid:/ui-msgbg:/shot-anim:scope49"},
[20:51:52.624] {"t":"location","f":"url","a":"//////shot-anim:scope49"},
[20:52:02.630] {"t":"stateObj","f":"abs_url","a":"/stocks:/i3d-jsonmodels:phonghead_kfb/i2d-scene:mf2d0/grid:/ui-msgbg:/shot-anim:scope50"},
[20:52:02.630] {"t":"location","f":"url","a":"//////shot-anim:scope50"},
[20:52:12.620] {"t":"stateObj","f":"abs_url","a":"/stocks:/i3d-jsonmodels:phonghead_kfb/i2d-scene:mf2d0/grid:/ui-msgbg:/shot-anim:scope51"},
[20:52:12.621] {"t":"location","f":"url","a":"//////shot-anim:scope51"},
[20:52:27.622] {"t":"stateObj","f":"abs_url","a":"/stocks:/i3d-jsonmodels:phonghead_kfb/i2d-scene:mf2d0/grid:/ui-msgbg:/shot-anim:scope52"},
[20:52:27.622] {"t":"location","f":"url","a":"//////shot-anim:scope52"},
[20:52:37.632] {"t":"stateObj","f":"abs_url","a":"/stocks:/i3d-jsonmodels:phonghead_kfb/i2d-scene:mf2d0/grid:/ui-msgbg:/shot-anim:scope53"},
[20:52:37.632] {"t":"location","f":"url","a":"//////shot-anim:scope53"},
[20:52:52.622] {"t":"stateObj","f":"abs_url","a":"/stocks:/i3d-jsonmodels:phonghead_kfb/i2d-scene:mf2d0/grid:/ui-msgbg:/shot-anim:scope54"},
[20:52:52.622] {"t":"location","f":"url","a":"//////shot-anim:scope54"},
[20:53:07.622] {"t":"stateObj","f":"abs_url","a":"/stocks:/i3d-jsonmodels:phonghead_kfb/i2d-scene:mf2d0/grid:/ui-msgbg:/shot-anim:scope55"},
[20:53:07.624] {"t":"location","f":"url","a":"//////shot-anim:scope55"},
[20:53:17.639] {"t":"stateObj","f":"abs_url","a":"/stocks:/i3d-jsonmodels:phonghead_kfb/i2d-scene:mf2d0/grid:/ui-msgbg:/shot-anim:scope56"},
[20:53:17.640] {"t":"location","f":"url","a":"//////shot-anim:scope56"},
[20:53:32.622] {"t":"stateObj","f":"abs_url","a":"/stocks:/i3d-jsonmodels:phonghead_kfb/i2d-scene:mf2d0/grid:/ui-msgbg:/shot-anim:scope57"},
[20:53:32.623] {"t":"location","f":"url","a":"//////shot-anim:scope57"},
[20:53:47.633] {"t":"stateObj","f":"abs_url","a":"/stocks:/i3d-jsonmodels:phonghead_kfb/i2d-scene:mf2d0/grid:/ui-msgbg:/shot-anim:scope58"},
[20:53:47.633] {"t":"location","f":"url","a":"//////shot-anim:scope58"},
[20:53:57.642] {"t":"stateObj","f":"abs_url","a":"/stocks:/i3d-jsonmodels:phonghead_kfb/i2d-scene:mf2d0/grid:/ui-msgbg:/shot-anim:scope59"},
[20:53:57.642] {"t":"location","f":"url","a":"//////shot-anim:scope59"},
[20:54:12.629] {"t":"stateObj","f":"abs_url","a":"/stocks:/i3d-jsonmodels:phonghead_kfb/i2d-scene:mf2d0/grid:/ui-msgbg:/shot-anim:scope60"},
[20:54:12.629] {"t":"location","f":"url","a":"//////shot-anim:scope60"},
[20:54:27.636] {"t":"stateObj","f":"abs_url","a":"/stocks:/i3d-jsonmodels:phonghead_kfb/i2d-scene:mf2d0/grid:/ui-msgbg:/shot-anim:scope61"},
[20:54:27.636] {"t":"location","f":"url","a":"//////shot-anim:scope61"},
[20:54:42.648] {"t":"stateObj","f":"abs_url","a":"/stocks:/i3d-jsonmodels:phonghead_kfb/i2d-scene:mf2d0/grid:/ui-msgbg:/shot-anim:scope62"},
[20:54:42.648] {"t":"location","f":"url","a":"//////shot-anim:scope62"},
[20:58:32.308] {"t":"stateObj","f":"abs_url","a":"/stocks:/i3d-jsonmodels:phonghead_kfb/i2d-scene:mf2d0/grid:/ui-msgbg:/shot-anim:scope63"},
[20:58:32.323] {"t":"location","f":"url","a":"//////shot-anim:scope63"},
