[23:22:35.176] {"t":"stateObj","f":"abs_url","a":"/metaweb:/i3d-empty/i2d-reflect:/empty:/ui-msgbg:/LS:"},
[23:22:35.265] {"t":"location","f":"url","a":"/"},
[23:22:42.093] {"a":"starting Mockserver..."},
[23:22:59.392] {"t":"stateObj","f":"abs_url","a":"/a:/i3d-simple:simple_green/i2d-scene:disks0/base-skycube:test_cube/ui-msgbg:/LS"},
[23:22:59.393] {"t":"location","f":"url","a":"/a:/i3d-simple:simple_green/i2d-scene:disks0/base-skycube:test_cube//LS"},
[23:23:09.252] {"t":"stateObj","f":"abs_url","a":"/a0:/i3d-simple:simple_green/i2d-scene:disks0/base-skycube:test_cube/ui-msgbg:/shot-graft:scope1"},
[23:23:09.253] {"t":"location","f":"url","a":"/a0://///shot-graft:scope1"},
[23:23:24.197] {"t":"stateObj","f":"abs_url","a":"/a1:/i3d-simple:simple_green/i2d-scene:disks0/base-skycube:test_cube/ui-msgbg:/shot-graft:scope2"},
[23:23:24.197] {"t":"location","f":"url","a":"/a1://///shot-graft:scope2"},
[23:23:39.143] {"t":"stateObj","f":"abs_url","a":"/a2:/i3d-simple:simple_green/i2d-scene:disks0/base-skycube:test_cube/ui-msgbg:/shot-graft:scope3"},
[23:23:39.143] {"t":"location","f":"url","a":"/a2://///shot-graft:scope3"},
[23:23:54.133] {"t":"location","f":"url","a":"//////shot-anim:scope4"},
[23:23:54.133] {"t":"stateObj","f":"abs_url","a":"/a2:/i3d-simple:simple_green/i2d-scene:disks0/base-skycube:test_cube/ui-msgbg:/shot-anim:scope4"},
[23:24:05.151] {"t":"stateObj","f":"abs_url","a":"/payments:/i3d-simple:phong_head_sphere_kfb/i2d-empty:/black:/ui-msgbg:/CU:"},
[23:24:05.152] {"t":"location","f":"url","a":"/payments:/i3d-simple:phong_head_sphere_kfb/i2d-empty:/black://CU:"},
[23:26:04.358] {"t":"stateObj","f":"abs_url","a":"/a:/i3d-simple:simple_green/i2d-scene:disks0/base-skycube:test_cube/ui-msgbg:/LS"},
[23:26:04.360] {"t":"location","f":"url","a":"/a:/i3d-simple:simple_green/i2d-scene:disks0/base-skycube:test_cube//LS"},
[23:26:14.293] {"t":"stateObj","f":"abs_url","a":"/a:/i3d-simple:simple_green/i2d-scene:disks0/base-skycube:test_cube/ui-msgbg:/shot-graft:scope7"},
[23:26:14.293] {"t":"location","f":"url","a":"//////shot-graft:scope7"},
[23:26:29.249] {"t":"stateObj","f":"abs_url","a":"/a:/i3d-simple:simple_green/i2d-scene:disks0/base-skycube:test_cube/ui-msgbg:/shot-graft:scope8"},
[23:26:29.250] {"t":"location","f":"url","a":"//////shot-graft:scope8"},
[23:26:44.161] {"t":"stateObj","f":"abs_url","a":"/a:/i3d-simple:simple_green/i2d-scene:disks0/base-skycube:test_cube/ui-msgbg:/shot-graft:scope9"},
[23:26:44.162] {"t":"location","f":"url","a":"//////shot-graft:scope9"},
[23:26:54.147] {"t":"stateObj","f":"abs_url","a":"/a:/i3d-simple:simple_green/i2d-scene:disks0/base-skycube:test_cube/ui-msgbg:/shot-anim:scope10"},
[23:26:54.148] {"t":"location","f":"url","a":"//////shot-anim:scope10"},
[23:27:06.032] {"t":"stateObj","f":"abs_url","a":"/footprint:/i3d-scene:scene1/i2d-empty:/escher:/ui-msgbg:/ECU:"},
[23:27:06.035] {"t":"location","f":"url","a":"/footprint:/i3d-scene:scene1/i2d-empty:/escher://ECU:"},
[23:27:19.186] {"t":"stateObj","f":"abs_url","a":"/footprint:/i3d-scene:scene1/i2d-empty:/escher:/ui-msgbg:/shot-anim:scope12"},
[23:27:19.187] {"t":"location","f":"url","a":"//////shot-anim:scope12"},
[23:27:29.193] {"t":"stateObj","f":"abs_url","a":"/footprint:/i3d-scene:scene1/i2d-empty:/escher:/ui-msgbg:/shot-anim:scope13"},
[23:27:29.193] {"t":"location","f":"url","a":"//////shot-anim:scope13"},
[23:27:49.187] {"t":"stateObj","f":"abs_url","a":"/footprint:/i3d-scene:scene1/i2d-empty:/escher:/ui-msgbg:/shot-anim:scope14"},
[23:27:49.188] {"t":"location","f":"url","a":"//////shot-anim:scope14"},
[23:28:04.193] {"t":"stateObj","f":"abs_url","a":"/footprint:/i3d-scene:scene1/i2d-empty:/escher:/ui-msgbg:/shot-anim:scope15"},
[23:28:04.194] {"t":"location","f":"url","a":"//////shot-anim:scope15"},
[23:28:14.612] {"t":"stateObj","f":"abs_url","a":"/circle:/i3d-simple:simple_red/i2d-scene:disks0/base-skycube:test_cube/ui-msgbg:/shot-graft:a0"},
[23:28:14.613] {"t":"location","f":"url","a":"/circle:/i3d-simple:simple_red/i2d-scene:disks0/base-skycube:test_cube//shot-graft:a0"},
[23:28:29.382] {"t":"stateObj","f":"abs_url","a":"/circle:/i3d-simple:simple_red/i2d-scene:mf2d0/base-skycube:test_cube/ui-msgbg/MS"},
[23:28:29.382] {"t":"location","f":"url","a":"///i2d-scene:mf2d0//ui-msgbg/MS"},
[23:28:40.777] {"t":"stateObj","f":"abs_url","a":"/stocks:/i3d-jsonmodels:phonghead_kfb/i2d-scene:defsuse0/grid:/ui-msgbg:/2S:"},
[23:28:40.778] {"t":"location","f":"url","a":"/stocks:/i3d-jsonmodels:phonghead_kfb/i2d-scene:defsuse0/grid:/ui-msgbg:/2S:"},
[23:28:49.377] {"t":"stateObj","f":"abs_url","a":"/stocks:/i3d-jsonmodels:phonghead_kfb/i2d-scene:mf2d0/grid:/ui-msgbg:/2S:"},
[23:28:49.379] {"t":"location","f":"url","a":"///i2d-scene:mf2d0///"},
[23:29:04.190] {"t":"stateObj","f":"abs_url","a":"/stocks:/i3d-jsonmodels:phonghead_kfb/i2d-scene:mf2d0/grid:/ui-msgbg:/shot-anim:scope20"},
[23:29:04.192] {"t":"location","f":"url","a":"//////shot-anim:scope20"},
[23:29:19.202] {"t":"stateObj","f":"abs_url","a":"/stocks:/i3d-jsonmodels:phonghead_kfb/i2d-scene:mf2d0/grid:/ui-msgbg:/shot-anim:scope21"},
[23:29:19.203] {"t":"location","f":"url","a":"//////shot-anim:scope21"},
[23:29:29.198] {"t":"stateObj","f":"abs_url","a":"/stocks:/i3d-jsonmodels:phonghead_kfb/i2d-scene:mf2d0/grid:/ui-msgbg:/shot-anim:scope22"},
[23:29:29.198] {"t":"location","f":"url","a":"//////shot-anim:scope22"},
[23:29:39.194] {"t":"location","f":"url","a":"//////shot-anim:scope23"},
[23:29:39.194] {"t":"stateObj","f":"abs_url","a":"/stocks:/i3d-jsonmodels:phonghead_kfb/i2d-scene:mf2d0/grid:/ui-msgbg:/shot-anim:scope23"},
[23:29:54.203] {"t":"stateObj","f":"abs_url","a":"/stocks:/i3d-jsonmodels:phonghead_kfb/i2d-scene:mf2d0/grid:/ui-msgbg:/shot-anim:scope24"},
[23:29:54.204] {"t":"location","f":"url","a":"//////shot-anim:scope24"},
[23:30:04.219] {"t":"stateObj","f":"abs_url","a":"/stocks:/i3d-jsonmodels:phonghead_kfb/i2d-scene:mf2d0/grid:/ui-msgbg:/shot-anim:scope25"},
[23:30:04.220] {"t":"location","f":"url","a":"//////shot-anim:scope25"},
[23:30:19.186] {"t":"stateObj","f":"abs_url","a":"/stocks:/i3d-jsonmodels:phonghead_kfb/i2d-scene:mf2d0/grid:/ui-msgbg:/shot-anim:scope26"},
[23:30:19.186] {"t":"location","f":"url","a":"//////shot-anim:scope26"},
[23:30:29.197] {"t":"stateObj","f":"abs_url","a":"/stocks:/i3d-jsonmodels:phonghead_kfb/i2d-scene:mf2d0/grid:/ui-msgbg:/shot-anim:scope27"},
[23:30:29.198] {"t":"location","f":"url","a":"//////shot-anim:scope27"},
[23:30:39.196] {"t":"stateObj","f":"abs_url","a":"/stocks:/i3d-jsonmodels:phonghead_kfb/i2d-scene:mf2d0/grid:/ui-msgbg:/shot-anim:scope28"},
[23:30:39.196] {"t":"location","f":"url","a":"//////shot-anim:scope28"},
[23:30:54.199] {"t":"stateObj","f":"abs_url","a":"/stocks:/i3d-jsonmodels:phonghead_kfb/i2d-scene:mf2d0/grid:/ui-msgbg:/shot-anim:scope29"},
[23:30:54.199] {"t":"location","f":"url","a":"//////shot-anim:scope29"},
[23:31:09.208] {"t":"stateObj","f":"abs_url","a":"/stocks:/i3d-jsonmodels:phonghead_kfb/i2d-scene:mf2d0/grid:/ui-msgbg:/shot-anim:scope30"},
[23:31:09.208] {"t":"location","f":"url","a":"//////shot-anim:scope30"},
[23:31:19.213] {"t":"location","f":"url","a":"//////shot-anim:scope31"},
[23:31:19.212] {"t":"stateObj","f":"abs_url","a":"/stocks:/i3d-jsonmodels:phonghead_kfb/i2d-scene:mf2d0/grid:/ui-msgbg:/shot-anim:scope31"},
[23:31:34.210] {"t":"stateObj","f":"abs_url","a":"/stocks:/i3d-jsonmodels:phonghead_kfb/i2d-scene:mf2d0/grid:/ui-msgbg:/shot-anim:scope32"},
[23:31:34.212] {"t":"location","f":"url","a":"//////shot-anim:scope32"},
[23:31:49.205] {"t":"stateObj","f":"abs_url","a":"/stocks:/i3d-jsonmodels:phonghead_kfb/i2d-scene:mf2d0/grid:/ui-msgbg:/shot-anim:scope33"},
[23:31:49.205] {"t":"location","f":"url","a":"//////shot-anim:scope33"},
[23:31:59.224] {"t":"stateObj","f":"abs_url","a":"/stocks:/i3d-jsonmodels:phonghead_kfb/i2d-scene:mf2d0/grid:/ui-msgbg:/shot-anim:scope34"},
[23:31:59.224] {"t":"location","f":"url","a":"//////shot-anim:scope34"},
[23:32:09.210] {"t":"stateObj","f":"abs_url","a":"/stocks:/i3d-jsonmodels:phonghead_kfb/i2d-scene:mf2d0/grid:/ui-msgbg:/shot-anim:scope35"},
[23:32:09.211] {"t":"location","f":"url","a":"//////shot-anim:scope35"},
[23:32:24.204] {"t":"stateObj","f":"abs_url","a":"/stocks:/i3d-jsonmodels:phonghead_kfb/i2d-scene:mf2d0/grid:/ui-msgbg:/shot-anim:scope36"},
[23:32:24.205] {"t":"location","f":"url","a":"//////shot-anim:scope36"},
[23:32:39.200] {"t":"location","f":"url","a":"//////shot-anim:scope37"},
[23:32:39.199] {"t":"stateObj","f":"abs_url","a":"/stocks:/i3d-jsonmodels:phonghead_kfb/i2d-scene:mf2d0/grid:/ui-msgbg:/shot-anim:scope37"},
[23:33:09.209] {"t":"stateObj","f":"abs_url","a":"/stocks:/i3d-jsonmodels:phonghead_kfb/i2d-scene:mf2d0/grid:/ui-msgbg:/shot-anim:scope38"},
[23:33:09.210] {"t":"location","f":"url","a":"//////shot-anim:scope38"},
[23:33:19.218] {"t":"stateObj","f":"abs_url","a":"/stocks:/i3d-jsonmodels:phonghead_kfb/i2d-scene:mf2d0/grid:/ui-msgbg:/shot-anim:scope39"},
[23:33:19.219] {"t":"location","f":"url","a":"//////shot-anim:scope39"},
[23:33:34.215] {"t":"location","f":"url","a":"//////shot-anim:scope40"},
[23:33:34.214] {"t":"stateObj","f":"abs_url","a":"/stocks:/i3d-jsonmodels:phonghead_kfb/i2d-scene:mf2d0/grid:/ui-msgbg:/shot-anim:scope40"},
[23:33:44.216] {"t":"location","f":"url","a":"//////shot-anim:scope41"},
[23:33:44.215] {"t":"stateObj","f":"abs_url","a":"/stocks:/i3d-jsonmodels:phonghead_kfb/i2d-scene:mf2d0/grid:/ui-msgbg:/shot-anim:scope41"},
[23:33:59.218] {"t":"stateObj","f":"abs_url","a":"/stocks:/i3d-jsonmodels:phonghead_kfb/i2d-scene:mf2d0/grid:/ui-msgbg:/shot-anim:scope42"},
[23:33:59.219] {"t":"location","f":"url","a":"//////shot-anim:scope42"},
[23:34:09.233] {"t":"stateObj","f":"abs_url","a":"/stocks:/i3d-jsonmodels:phonghead_kfb/i2d-scene:mf2d0/grid:/ui-msgbg:/shot-anim:scope43"},
[23:34:09.234] {"t":"location","f":"url","a":"//////shot-anim:scope43"},
[23:34:24.218] {"t":"stateObj","f":"abs_url","a":"/stocks:/i3d-jsonmodels:phonghead_kfb/i2d-scene:mf2d0/grid:/ui-msgbg:/shot-anim:scope44"},
[23:34:24.218] {"t":"location","f":"url","a":"//////shot-anim:scope44"},
[23:34:34.211] {"t":"stateObj","f":"abs_url","a":"/stocks:/i3d-jsonmodels:phonghead_kfb/i2d-scene:mf2d0/grid:/ui-msgbg:/shot-anim:scope45"},
[23:34:34.211] {"t":"location","f":"url","a":"//////shot-anim:scope45"},
[23:34:54.193] {"t":"location","f":"url","a":"//////shot-anim:scope46"},
[23:34:54.193] {"t":"stateObj","f":"abs_url","a":"/stocks:/i3d-jsonmodels:phonghead_kfb/i2d-scene:mf2d0/grid:/ui-msgbg:/shot-anim:scope46"},
[23:35:04.222] {"t":"stateObj","f":"abs_url","a":"/stocks:/i3d-jsonmodels:phonghead_kfb/i2d-scene:mf2d0/grid:/ui-msgbg:/shot-anim:scope47"},
[23:35:04.222] {"t":"location","f":"url","a":"//////shot-anim:scope47"},
[23:35:29.236] {"t":"stateObj","f":"abs_url","a":"/stocks:/i3d-jsonmodels:phonghead_kfb/i2d-scene:mf2d0/grid:/ui-msgbg:/shot-anim:scope48"},
[23:35:29.236] {"t":"location","f":"url","a":"//////shot-anim:scope48"},
[23:35:39.234] {"t":"stateObj","f":"abs_url","a":"/stocks:/i3d-jsonmodels:phonghead_kfb/i2d-scene:mf2d0/grid:/ui-msgbg:/shot-anim:scope49"},
[23:35:39.234] {"t":"location","f":"url","a":"//////shot-anim:scope49"},
[23:35:54.234] {"t":"stateObj","f":"abs_url","a":"/stocks:/i3d-jsonmodels:phonghead_kfb/i2d-scene:mf2d0/grid:/ui-msgbg:/shot-anim:scope50"},
[23:35:54.234] {"t":"location","f":"url","a":"//////shot-anim:scope50"},
[23:36:04.234] {"t":"stateObj","f":"abs_url","a":"/stocks:/i3d-jsonmodels:phonghead_kfb/i2d-scene:mf2d0/grid:/ui-msgbg:/shot-anim:scope51"},
[23:36:04.234] {"t":"location","f":"url","a":"//////shot-anim:scope51"},
[23:36:19.230] {"t":"stateObj","f":"abs_url","a":"/stocks:/i3d-jsonmodels:phonghead_kfb/i2d-scene:mf2d0/grid:/ui-msgbg:/shot-anim:scope52"},
[23:36:19.232] {"t":"location","f":"url","a":"//////shot-anim:scope52"},
[23:36:29.243] {"t":"location","f":"url","a":"//////shot-anim:scope53"},
[23:36:29.243] {"t":"stateObj","f":"abs_url","a":"/stocks:/i3d-jsonmodels:phonghead_kfb/i2d-scene:mf2d0/grid:/ui-msgbg:/shot-anim:scope53"},
[23:36:39.236] {"t":"stateObj","f":"abs_url","a":"/stocks:/i3d-jsonmodels:phonghead_kfb/i2d-scene:mf2d0/grid:/ui-msgbg:/shot-anim:scope54"},
[23:36:39.239] {"t":"location","f":"url","a":"//////shot-anim:scope54"},
[23:36:49.231] {"t":"stateObj","f":"abs_url","a":"/stocks:/i3d-jsonmodels:phonghead_kfb/i2d-scene:mf2d0/grid:/ui-msgbg:/shot-anim:scope55"},
[23:36:49.231] {"t":"location","f":"url","a":"//////shot-anim:scope55"},
[23:36:59.230] {"t":"stateObj","f":"abs_url","a":"/stocks:/i3d-jsonmodels:phonghead_kfb/i2d-scene:mf2d0/grid:/ui-msgbg:/shot-anim:scope56"},
[23:36:59.230] {"t":"location","f":"url","a":"//////shot-anim:scope56"},
[23:37:14.231] {"t":"stateObj","f":"abs_url","a":"/stocks:/i3d-jsonmodels:phonghead_kfb/i2d-scene:mf2d0/grid:/ui-msgbg:/shot-anim:scope57"},
[23:37:14.231] {"t":"location","f":"url","a":"//////shot-anim:scope57"},
[23:37:29.241] {"t":"stateObj","f":"abs_url","a":"/stocks:/i3d-jsonmodels:phonghead_kfb/i2d-scene:mf2d0/grid:/ui-msgbg:/shot-anim:scope58"},
[23:37:29.245] {"t":"location","f":"url","a":"//////shot-anim:scope58"},
[23:37:39.236] {"t":"location","f":"url","a":"//////shot-anim:scope59"},
[23:37:39.236] {"t":"stateObj","f":"abs_url","a":"/stocks:/i3d-jsonmodels:phonghead_kfb/i2d-scene:mf2d0/grid:/ui-msgbg:/shot-anim:scope59"},
[23:37:49.240] {"t":"stateObj","f":"abs_url","a":"/stocks:/i3d-jsonmodels:phonghead_kfb/i2d-scene:mf2d0/grid:/ui-msgbg:/shot-anim:scope60"},
[23:37:49.240] {"t":"location","f":"url","a":"//////shot-anim:scope60"},
[23:38:04.243] {"t":"stateObj","f":"abs_url","a":"/stocks:/i3d-jsonmodels:phonghead_kfb/i2d-scene:mf2d0/grid:/ui-msgbg:/shot-anim:scope61"},
[23:38:04.243] {"t":"location","f":"url","a":"//////shot-anim:scope61"},
[23:38:14.253] {"t":"stateObj","f":"abs_url","a":"/stocks:/i3d-jsonmodels:phonghead_kfb/i2d-scene:mf2d0/grid:/ui-msgbg:/shot-anim:scope62"},
[23:38:14.255] {"t":"location","f":"url","a":"//////shot-anim:scope62"},
[23:44:21.821] {"t":"stateObj","f":"abs_url","a":"/stocks:/i3d-jsonmodels:phonghead_kfb/i2d-scene:mf2d0/grid:/ui-msgbg:/shot-anim:scope63"},
[23:44:21.834] {"t":"location","f":"url","a":"//////shot-anim:scope63"},
