[00:21:03.245] {"t":"camera3d","f":"place","a":12},
[00:21:03.328] {"t":"camerasphere","f":"create","a":"csphere"},
[00:21:03.328] {"t":"camerasphere","f":"children","a":1},
[00:21:27.001] {"a":"$location===mediator.location is\n              true"},
[00:21:27.015] {"a":"mediator[action.t] = [object Object]"},
[00:21:27.015] {"a":"target = [object Object]"},
[00:21:27.015] {"a":"~~~~ change_state() url = /a:/i3d-simple:simple_green/i2d-scene:disks0/base-skycube:test_cube/ui-msgbg:/LS"},
[00:21:27.016] {"a":"~~~~ change_state() this.prev_url = ^"},
[00:21:27.016] {"a":"this.terms has term[0] = scene"},
[00:21:27.017] {"a":"params[scene] = a:"},
[00:21:27.017] {"a":"this.terms has term[1] = i3d"},
[00:21:27.017] {"a":"params[i3d] = i3d-simple:simple_green"},
[00:21:27.017] {"a":"this.terms has term[2] = i2d"},
[00:21:27.017] {"a":"params[i2d] = i2d-scene:disks0"},
[00:21:27.017] {"a":"this.terms has term[3] = base"},
[00:21:27.017] {"a":"params[base] = base-skycube:test_cube"},
[00:21:27.018] {"a":"this.terms has term[4] = ui"},
[00:21:27.018] {"a":"params[ui] = ui-msgbg:"},
[00:21:27.018] {"a":"this.terms has term[5] = shot"},
[00:21:27.018] {"a":"params[shot] = LS"},
[00:21:27.019] {"a":"ch_st(): $location.url(/a:/i3d-simple:simple_green/i2d-scene:disks0/base-skycube:test_cube//LS)"},
[00:21:27.019] {"t":"mediator","f":"socket.emit.actions","a":{"t":"narrative","f":"change_scene","a":"a"}},
[00:21:27.468] {"t":"Mediator","f":"component","a":"narrative"},
[00:21:27.468] {"t":"app","f":"onEnter","a":{"name":"a:"}},
[00:21:27.468] {"t":"app","f":"onEnter","a":{"name":"i3d-simple:simple_green"}},
[00:21:27.469] {"t":"camera3d","f":"changeTemplateScene"},
[00:21:27.469] {"t":"app","f":"onEnter","a":{"name":"i2d-scene:disks0"}},
[00:21:27.470] {"t":"app","f":"onEnter","a":{"name":"base-skycube:test_cube"}},
[00:21:27.470] {"t":"app","f":"onEnter","a":{"name":"LS"}},
[00:21:27.471] {"t":"timeline","f":"play"},
[00:21:27.471] {"t":"camera3d","f":"addActorToScene","a":"csphere"},
[00:21:27.471] {"t":"camera3d","f":"addActorToScene","a":"axes0"},
[00:21:27.471] {"a":"$location===mediator.location is\n              true"},
[00:21:27.471] {"a":"mediator[action.t] = [object Object]"},
[00:21:27.472] {"a":"target = [object Object]"},
[00:21:27.475] {"t":"camera3d","f":"addActorToScene","a":"cube0"},
[00:21:42.004] {"a":"$location===mediator.location is\n              true"},
[00:21:42.020] {"a":"mediator[action.t] = [object Object]"},
[00:21:42.020] {"a":"target = [object Object]"},
[00:21:42.021] {"a":"~~~~ change_state() url = /a0:/i3d-simple:simple_green/i2d-scene:disks0/base-skycube:test_cube/ui-msgbg:/shot-graft:scope1"},
[00:21:42.022] {"a":"~~~~ change_state() this.prev_url = /a:/i3d-simple:simple_green/i2d-scene:disks0/base-skycube:test_cube//LS"},
[00:21:42.022] {"a":"this.terms has term[0] = scene"},
[00:21:42.022] {"a":"params[scene] = a0:"},
[00:21:42.022] {"a":"this.terms has term[1] = i3d"},
[00:21:42.024] {"a":"params[i3d] = i3d-simple:simple_green"},
[00:21:42.025] {"a":"this.terms has term[2] = i2d"},
[00:21:42.025] {"a":"params[i2d] = i2d-scene:disks0"},
[00:21:42.025] {"a":"this.terms has term[3] = base"},
[00:21:42.028] {"a":"params[base] = base-skycube:test_cube"},
[00:21:42.028] {"a":"this.terms has term[4] = ui"},
[00:21:42.035] {"a":"params[ui] = ui-msgbg:"},
[00:21:42.036] {"a":"this.terms has term[5] = shot"},
[00:21:42.036] {"a":"params[shot] = shot-graft:scope1"},
[00:21:42.036] {"a":"ch_st(): $location.url(/a0://///shot-graft:scope1)"},
[00:21:42.037] {"t":"mediator","f":"socket.emit.actions","a":{"t":"narrative","f":"change_scene","a":"a0"}},
[00:21:42.221] {"t":"Mediator","f":"component","a":"narrative"},
[00:21:42.222] {"t":"app","f":"onEnter","a":{"name":"a0:"}},
[00:21:42.223] {"t":"app","f":"onEnter","a":{"name":"shot-graft:scope1"}},
[00:21:42.225] {"t":"timeline","f":"play"},
[00:21:42.225] {"t":"camera3d","f":"addActorToScene","a":"cube0_3"},
[00:21:42.235] {"t":"camera3d","f":"addActorToScene","a":"cube0_2"},
[00:21:51.989] {"a":"$location===mediator.location is\n              true"},
[00:21:51.996] {"a":"mediator[action.t] = [object Object]"},
[00:21:51.997] {"a":"target = [object Object]"},
[00:21:57.006] {"a":"$location===mediator.location is\n              true"},
[00:21:57.019] {"a":"mediator[action.t] = [object Object]"},
[00:21:57.019] {"a":"target = [object Object]"},
[00:21:57.020] {"a":"~~~~ change_state() url = /a1:/i3d-simple:simple_green/i2d-scene:disks0/base-skycube:test_cube/ui-msgbg:/shot-graft:scope2"},
[00:21:57.020] {"a":"~~~~ change_state() this.prev_url = /a0://///shot-graft:scope1"},
[00:21:57.020] {"a":"this.terms has term[0] = scene"},
[00:21:57.021] {"a":"params[scene] = a1:"},
[00:21:57.021] {"a":"this.terms has term[1] = i3d"},
[00:21:57.022] {"a":"params[i3d] = i3d-simple:simple_green"},
[00:21:57.022] {"a":"this.terms has term[2] = i2d"},
[00:21:57.022] {"a":"params[i2d] = i2d-scene:disks0"},
[00:21:57.023] {"a":"this.terms has term[3] = base"},
[00:21:57.023] {"a":"params[base] = base-skycube:test_cube"},
[00:21:57.023] {"a":"this.terms has term[4] = ui"},
[00:21:57.024] {"a":"params[ui] = ui-msgbg:"},
[00:21:57.024] {"a":"this.terms has term[5] = shot"},
[00:21:57.024] {"a":"params[shot] = shot-graft:scope2"},
[00:21:57.025] {"a":"ch_st(): $location.url(/a1://///shot-graft:scope2)"},
[00:21:57.026] {"t":"mediator","f":"socket.emit.actions","a":{"t":"narrative","f":"change_scene","a":"a1"}},
[00:21:57.200] {"t":"Mediator","f":"component","a":"narrative"},
[00:21:57.201] {"t":"app","f":"onEnter","a":{"name":"a1:"}},
[00:21:57.201] {"t":"app","f":"onEnter","a":{"name":"shot-graft:scope2"}},
[00:21:57.202] {"t":"timeline","f":"play"},
[00:21:57.202] {"t":"camera3d","f":"addActorToScene","a":"s0_2_0"},
[00:21:57.202] {"t":"camera3d","f":"addActorToScene","a":"s0_2_1"},
[00:22:07.008] {"a":"$location===mediator.location is\n              true"},
[00:22:07.024] {"a":"mediator[action.t] = [object Object]"},
[00:22:07.024] {"a":"target = [object Object]"},
[00:22:07.024] {"a":"~~~~ change_state() url = /a2:/i3d-simple:simple_green/i2d-scene:disks0/base-skycube:test_cube/ui-msgbg:/shot-graft:scope3"},
[00:22:07.025] {"a":"~~~~ change_state() this.prev_url = /a1://///shot-graft:scope2"},
[00:22:07.025] {"a":"this.terms has term[0] = scene"},
[00:22:07.027] {"a":"params[scene] = a2:"},
[00:22:07.028] {"a":"this.terms has term[1] = i3d"},
[00:22:07.028] {"a":"params[i3d] = i3d-simple:simple_green"},
[00:22:07.029] {"a":"this.terms has term[2] = i2d"},
[00:22:07.029] {"a":"params[i2d] = i2d-scene:disks0"},
[00:22:07.030] {"a":"this.terms has term[3] = base"},
[00:22:07.030] {"a":"params[base] = base-skycube:test_cube"},
[00:22:07.031] {"a":"this.terms has term[4] = ui"},
[00:22:07.033] {"a":"params[ui] = ui-msgbg:"},
[00:22:07.033] {"a":"this.terms has term[5] = shot"},
[00:22:07.033] {"a":"params[shot] = shot-graft:scope3"},
[00:22:07.034] {"a":"ch_st(): $location.url(/a2://///shot-graft:scope3)"},
[00:22:07.035] {"t":"mediator","f":"socket.emit.actions","a":{"t":"narrative","f":"change_scene","a":"a2"}},
[00:22:07.099] {"t":"app","f":"onEnter","a":{"name":"a2:"}},
[00:22:07.099] {"t":"app","f":"onEnter","a":{"name":"shot-graft:scope3"}},
[00:22:07.099] {"t":"timeline","f":"play"},
[00:22:07.100] {"a":"$location===mediator.location is\n              true"},
[00:22:07.100] {"a":"mediator[action.t] = [object Object]"},
[00:22:07.100] {"a":"target = [object Object]"},
[00:22:07.099] {"t":"Mediator","f":"component","a":"narrative"},
[00:22:16.996] {"a":"$location===mediator.location is\n              true"},
[00:22:17.017] {"a":"mediator[action.t] = [object Object]"},
[00:22:17.018] {"a":"target = [object Object]"},
[00:22:17.018] {"a":"$location===mediator.location is\n              true"},
[00:22:17.019] {"a":"mediator[action.t] = [object Object]"},
[00:22:17.032] {"a":"target = [object Object]"},
[00:22:17.033] {"t":"narrative","f":"shot","a":{"delta":{"timeline":{"p":{"paused":true,"repeat":0},"actors":{"i3d:csphere:position":[{"dur":4,"p":{"x":10,"y":10,"z":-20,"immediateRender":false}}]}}}}},
[00:22:17.037] {"a":"~~~~ change_state() url = /a2:/i3d-simple:simple_green/i2d-scene:disks0/base-skycube:test_cube/ui-msgbg:/shot-anim:scope4"},
[00:22:17.038] {"a":"~~~~ change_state() this.prev_url = /a2://///shot-graft:scope3"},
[00:22:17.042] {"a":"this.terms has term[0] = scene"},
[00:22:17.045] {"a":"params[scene] = a2:"},
[00:22:17.045] {"a":"this.terms has term[1] = i3d"},
[00:22:17.046] {"a":"params[i3d] = i3d-simple:simple_green"},
[00:22:17.047] {"a":"this.terms has term[2] = i2d"},
[00:22:17.047] {"a":"params[i2d] = i2d-scene:disks0"},
[00:22:17.047] {"a":"this.terms has term[3] = base"},
[00:22:17.048] {"a":"params[base] = base-skycube:test_cube"},
[00:22:17.048] {"a":"this.terms has term[4] = ui"},
[00:22:17.048] {"a":"params[ui] = ui-msgbg:"},
[00:22:17.048] {"a":"this.terms has term[5] = shot"},
[00:22:17.049] {"a":"params[shot] = shot-anim:scope4"},
[00:22:17.049] {"a":"ch_st(): $location.url(//////shot-anim:scope4)"},
[00:22:17.050] {"t":"mediator","f":"socket.emit.actions","a":{"t":"camera3d","f":"dollyflyTo","a":{"x":10,"y":10,"z":-20,"d":4}}},
[00:22:17.051] {"t":"Mediator","f":"component","a":"narrative"},
[00:22:17.051] {"t":"app","f":"onEnter","a":{"name":"shot-anim:scope4"}},
[00:22:17.051] {"t":"timeline","f":"play"},
[00:22:21.002] {"a":"$location===mediator.location is\n              true"},
[00:22:21.015] {"a":"mediator[action.t] = [object Object]"},
[00:22:21.015] {"a":"target = [object Object]"},
[00:22:27.018] {"a":"$location===mediator.location is\n              true"},
[00:22:27.042] {"a":"mediator[action.t] = [object Object]"},
[00:22:27.042] {"a":"target = [object Object]"},
[00:22:27.042] {"a":"~~~~ change_state() url = /payments:/i3d-simple:phong_head_sphere_kfb/i2d-empty:/black:/ui-msgbg:/CU:"},
[00:22:27.042] {"a":"~~~~ change_state() this.prev_url = //////shot-anim:scope4"},
[00:22:27.043] {"a":"this.terms has term[0] = scene"},
[00:22:27.043] {"a":"params[scene] = payments:"},
[00:22:27.043] {"a":"this.terms has term[1] = i3d"},
[00:22:27.043] {"a":"params[i3d] = i3d-simple:phong_head_sphere_kfb"},
[00:22:27.043] {"a":"this.terms has term[2] = i2d"},
[00:22:27.043] {"a":"params[i2d] = i2d-empty:"},
[00:22:27.043] {"a":"this.terms has term[3] = base"},
[00:22:27.043] {"a":"params[base] = black:"},
[00:22:27.043] {"a":"this.terms has term[4] = ui"},
[00:22:27.043] {"a":"params[ui] = ui-msgbg:"},
[00:22:27.043] {"a":"this.terms has term[5] = shot"},
[00:22:27.044] {"a":"params[shot] = CU:"},
[00:22:27.044] {"a":"ch_st(): $location.url(/payments:/i3d-simple:phong_head_sphere_kfb/i2d-empty:/black://CU:)"},
[00:22:27.044] {"t":"mediator","f":"socket.emit.actions","a":{"t":"narrative","f":"change_scene","a":"payments"}},
[00:22:28.447] {"t":"Mediator","f":"component","a":"narrative"},
[00:22:28.447] {"t":"app","f":"onEnter","a":{"name":"payments:"}},
[00:22:28.448] {"t":"app","f":"onEnter","a":{"name":"i3d-simple:phong_head_sphere_kfb"}},
[00:22:28.448] {"t":"camera3d","f":"changeTemplateScene"},
[00:22:28.448] {"t":"app","f":"onEnter","a":{"name":"i2d-empty:"}},
[00:22:28.448] {"t":"app","f":"onEnter","a":{"name":"black:"}},
[00:22:28.448] {"t":"app","f":"onEnter","a":{"name":"CU:"}},
[00:22:28.449] {"t":"timeline","f":"play"},
[00:22:28.449] {"t":"camera3d","f":"addActorToScene","a":"sphere_phong"},
[00:22:28.449] {"t":"camera3d","f":"addActorToScene","a":"csphere"},
[00:22:28.449] {"t":"camera3d","f":"addActorToScene","a":"axes0"},
[00:22:28.449] {"t":"camera3d","f":"addActorToScene","a":"sphere_phong"},
[00:22:28.449] {"t":"camera3d","f":"addActorToScene","a":"key"},
[00:22:28.449] {"t":"camera3d","f":"addActorToScene","a":"fill"},
[00:22:28.450] {"t":"camera3d","f":"addActorToScene","a":"back"},
[00:22:28.450] {"t":"camera3d","f":"addActorToScene","a":"key"},
[00:22:28.450] {"t":"camera3d","f":"addActorToScene","a":"fill"},
[00:22:28.450] {"t":"camera3d","f":"addActorToScene","a":"back"},
[00:22:28.450] {"a":"$location===mediator.location is\n              true"},
[00:22:28.452] {"a":"mediator[action.t] = [object Object]"},
[00:22:28.452] {"a":"target = [object Object]"},
[00:22:28.649] {"t":"camera3d","f":"addActorToScene","a":"head_scan"},
[00:22:28.963] {"t":"camera3d","f":"addActorToScene","a":"head_scan"},
[00:22:42.022] {"a":"$location===mediator.location is\n              true"},
[00:22:42.028] {"a":"mediator[action.t] = [object Object]"},
[00:22:42.029] {"a":"target = [object Object]"},
[00:22:42.029] {"t":"mediator","f":"socket.emit.actions","a":{"t":"camera3d","f":"toggle_csphere","a":{"val":false}}},
[00:22:57.024] {"a":"$location===mediator.location is\n              true"},
[00:22:57.036] {"a":"mediator[action.t] = [object Object]"},
[00:22:57.036] {"a":"target = [object Object]"},
[00:22:57.036] {"t":"mediator","f":"socket.emit.actions","a":{"t":"camera3d","f":"toggle_csphere","a":{"val":true}}},
[00:23:07.028] {"a":"$location===mediator.location is\n              true"},
[00:23:07.029] {"a":"mediator[action.t] = [object Object]"},
[00:23:07.029] {"a":"target = [object Object]"},
[00:23:07.029] {"t":"mediator","f":"socket.emit.actions","a":{"t":"camera3d","f":"toggle_light","a":{"name":"key","val":false}}},
[00:23:17.028] {"a":"$location===mediator.location is\n              true"},
[00:23:17.031] {"a":"mediator[action.t] = [object Object]"},
[00:23:17.031] {"a":"target = [object Object]"},
[00:23:17.031] {"t":"mediator","f":"socket.emit.actions","a":{"t":"camera3d","f":"toggle_light","a":{"name":"fill","val":false}}},
[00:23:32.031] {"a":"$location===mediator.location is\n              true"},
[00:23:32.032] {"a":"mediator[action.t] = [object Object]"},
[00:23:32.033] {"a":"target = [object Object]"},
[00:23:32.034] {"t":"mediator","f":"socket.emit.actions","a":{"t":"camera3d","f":"toggle_light","a":{"name":"back","val":false}}},
[00:23:42.033] {"a":"$location===mediator.location is\n              true"},
[00:23:42.040] {"a":"mediator[action.t] = [object Object]"},
[00:23:42.040] {"a":"target = [object Object]"},
[00:23:42.041] {"t":"mediator","f":"socket.emit.actions","a":{"t":"camera3d","f":"toggle_light","a":{"name":"key","val":true}}},
[00:23:57.034] {"a":"$location===mediator.location is\n              true"},
[00:23:57.036] {"a":"mediator[action.t] = [object Object]"},
[00:23:57.036] {"a":"target = [object Object]"},
[00:23:57.036] {"t":"mediator","f":"socket.emit.actions","a":{"t":"camera3d","f":"toggle_light","a":{"name":"fill","val":true}}},
[00:24:07.036] {"a":"$location===mediator.location is\n              true"},
[00:24:07.040] {"a":"mediator[action.t] = [object Object]"},
[00:24:07.040] {"a":"target = [object Object]"},
[00:24:07.040] {"t":"mediator","f":"socket.emit.actions","a":{"t":"camera3d","f":"toggle_light","a":{"name":"back","val":true}}},
[00:24:22.041] {"a":"$location===mediator.location is\n              true"},
[00:24:22.057] {"a":"mediator[action.t] = [object Object]"},
[00:24:22.057] {"a":"target = [object Object]"},
[00:24:22.057] {"a":"~~~~ change_state() url = /a:/i3d-simple:simple_green/i2d-scene:disks0/base-skycube:test_cube/ui-msgbg:/LS"},
[00:24:22.058] {"a":"~~~~ change_state() this.prev_url = /payments:/i3d-simple:phong_head_sphere_kfb/i2d-empty:/black://CU:"},
[00:24:22.058] {"a":"this.terms has term[0] = scene"},
[00:24:22.058] {"a":"params[scene] = a:"},
[00:24:22.058] {"a":"this.terms has term[1] = i3d"},
[00:24:22.059] {"a":"params[i3d] = i3d-simple:simple_green"},
[00:24:22.059] {"a":"this.terms has term[2] = i2d"},
[00:24:22.059] {"a":"params[i2d] = i2d-scene:disks0"},
[00:24:22.060] {"a":"this.terms has term[3] = base"},
[00:24:22.060] {"a":"params[base] = base-skycube:test_cube"},
[00:24:22.061] {"a":"this.terms has term[4] = ui"},
[00:24:22.062] {"a":"params[ui] = ui-msgbg:"},
[00:24:22.062] {"a":"this.terms has term[5] = shot"},
[00:24:22.062] {"a":"params[shot] = LS"},
[00:24:22.064] {"a":"ch_st(): $location.url(/a:/i3d-simple:simple_green/i2d-scene:disks0/base-skycube:test_cube//LS)"},
[00:24:22.064] {"t":"mediator","f":"socket.emit.actions","a":{"t":"narrative","f":"change_scene","a":"a"}},
[00:24:22.395] {"t":"Mediator","f":"component","a":"narrative"},
[00:24:22.398] {"t":"app","f":"onEnter","a":{"name":"a:"}},
[00:24:22.399] {"t":"app","f":"onEnter","a":{"name":"i3d-simple:simple_green"}},
[00:24:22.399] {"t":"camera3d","f":"changeTemplateScene"},
[00:24:22.399] {"t":"app","f":"onEnter","a":{"name":"i2d-scene:disks0"}},
[00:24:22.400] {"t":"app","f":"onEnter","a":{"name":"base-skycube:test_cube"}},
[00:24:22.400] {"t":"app","f":"onEnter","a":{"name":"LS"}},
[00:24:22.401] {"t":"camera3d","f":"addActorToScene","a":"csphere"},
[00:24:22.405] {"a":"$location===mediator.location is\n              true"},
[00:24:22.404] {"t":"camera3d","f":"addActorToScene","a":"axes0"},
[00:24:22.405] {"a":"mediator[action.t] = [object Object]"},
[00:24:22.401] {"t":"timeline","f":"play"},
[00:24:22.405] {"a":"target = [object Object]"},
[00:24:22.416] {"t":"camera3d","f":"addActorToScene","a":"cube0"},
[00:24:22.416] {"t":"camera3d","f":"addActorToScene","a":"cube0"},
[00:24:22.416] {"t":"camera3d","f":"addActorToScene","a":"cube0"},
[00:24:37.041] {"a":"$location===mediator.location is\n              true"},
[00:24:37.051] {"a":"mediator[action.t] = [object Object]"},
[00:24:37.051] {"a":"target = [object Object]"},
[00:24:37.051] {"a":"~~~~ change_state() url = /a:/i3d-simple:simple_green/i2d-scene:disks0/base-skycube:test_cube/ui-msgbg:/shot-graft:scope7"},
[00:24:37.052] {"a":"~~~~ change_state() this.prev_url = /a:/i3d-simple:simple_green/i2d-scene:disks0/base-skycube:test_cube//LS"},
[00:24:37.052] {"a":"this.terms has term[0] = scene"},
[00:24:37.052] {"a":"params[scene] = a:"},
[00:24:37.052] {"a":"this.terms has term[1] = i3d"},
[00:24:37.052] {"a":"params[i3d] = i3d-simple:simple_green"},
[00:24:37.052] {"a":"this.terms has term[2] = i2d"},
[00:24:37.052] {"a":"params[i2d] = i2d-scene:disks0"},
[00:24:37.052] {"a":"this.terms has term[3] = base"},
[00:24:37.052] {"a":"params[base] = base-skycube:test_cube"},
[00:24:37.053] {"a":"this.terms has term[4] = ui"},
[00:24:37.053] {"a":"params[ui] = ui-msgbg:"},
[00:24:37.053] {"a":"this.terms has term[5] = shot"},
[00:24:37.053] {"a":"params[shot] = shot-graft:scope7"},
[00:24:37.053] {"a":"ch_st(): $location.url(//////shot-graft:scope7)"},
[00:24:37.053] {"t":"mediator","f":"socket.emit.actions","a":{"t":"narrative","f":"shot","a":"shot-graft:{\"delta\":{\"timeline\":{\"p\":{\"repeat\":0},\"actors\":{\"i3d:cube0:scale\":[{\"dur\":10,\"p\":{\"x\":0.5,\"y\":0.5,\"z\":0.5}}]}},\"branches\":{\"cube0\":{\"children\":{\"cube0_2\":{\"form\":{\"type\":\"'cube.i3d'\",\"x\":0,\"y\":0,\"z\":0,\"textureurl\":\"./images/sky.jpg\",\"w\":5,\"h\":10,\"d\":10,\"color\":\"blue\",\"transparent\":true,\"opacity\":1},\"transform\":{\"t\":[-20,-10,0],\"s\":[0.01,0.01,0.01]},\"children\":{}},\"cube0_3\":{\"form\":{\"type\":\"'cube.i3d'\",\"x\":0,\"y\":-20,\"z\":0,\"textureurl\":\"sky_jpg\",\"w\":5,\"h\":10,\"d\":10,\"color\":\"blue\",\"transparent\":true,\"opacity\":1},\"transform\":{\"t\":[20,0,0],\"s\":[0.01,0.01,0.01]},\"children\":{}}}}}}}"}},
[00:24:37.348] {"t":"Mediator","f":"component","a":"narrative"},
[00:24:37.349] {"t":"app","f":"onEnter","a":{"name":"shot-graft:scope7"}},
[00:24:37.349] {"t":"timeline","f":"play"},
[00:24:37.349] {"t":"camera3d","f":"addActorToScene","a":"cube0_3"},
[00:24:37.349] {"t":"camera3d","f":"addActorToScene","a":"cube0_3"},
[00:24:37.361] {"t":"camera3d","f":"addActorToScene","a":"cube0_2"},
[00:24:37.362] {"t":"camera3d","f":"addActorToScene","a":"cube0_2"},
[00:24:47.046] {"a":"$location===mediator.location is\n              true"},
[00:24:47.072] {"a":"mediator[action.t] = [object Object]"},
[00:24:47.073] {"a":"target = [object Object]"},
[00:24:47.073] {"a":"$location===mediator.location is\n              true"},
[00:24:47.074] {"a":"target = [object Object]"},
[00:24:47.075] {"a":"~~~~ change_state() url = /a:/i3d-simple:simple_green/i2d-scene:disks0/base-skycube:test_cube/ui-msgbg:/shot-graft:scope8"},
[00:24:47.075] {"a":"~~~~ change_state() this.prev_url = //////shot-graft:scope7"},
[00:24:47.075] {"a":"this.terms has term[0] = scene"},
[00:24:47.075] {"a":"params[scene] = a:"},
[00:24:47.075] {"a":"this.terms has term[1] = i3d"},
[00:24:47.076] {"a":"params[i3d] = i3d-simple:simple_green"},
[00:24:47.076] {"a":"this.terms has term[2] = i2d"},
[00:24:47.076] {"a":"params[i2d] = i2d-scene:disks0"},
[00:24:47.076] {"a":"this.terms has term[3] = base"},
[00:24:47.076] {"a":"params[base] = base-skycube:test_cube"},
[00:24:47.077] {"a":"params[ui] = ui-msgbg:"},
[00:24:47.078] {"a":"this.terms has term[5] = shot"},
[00:24:47.078] {"a":"ch_st(): $location.url(//////shot-graft:scope8)"},
[00:24:47.078] {"t":"mediator","f":"socket.emit.actions","a":{"t":"narrative","f":"shot","a":"shot-graft:{\"delta\":{\"timeline\":{\"p\":{\"repeat\":0},\"actors\":{\"i3d:cube0_2:scale\":[{\"dur\":10,\"p\":{\"x\":1,\"y\":1,\"z\":1}}],\"i3d:cube0_3:scale\":[{\"dur\":10,\"p\":{\"x\":1,\"y\":1,\"z\":1}}]}},\"branches\":{\"cube0_2\":{\"children\":{\"s0_2_0\":{\"form\":{\"type\":\"'sphere.i3d'\",\"r\":5,\"color\":\"blue\",\"transparent\":true,\"opacity\":0.8},\"transform\":{\"e\":[0,-0.785,0],\"t\":[-10,-10,0],\"s\":[0.01,0.01,0.01]},\"children\":{}},\"s0_2_1\":{\"form\":{\"type\":\"'sphere.i3d'\",\"r\":5,\"color\":\"blue\",\"transparent\":true,\"opacity\":0.8},\"transform\":{\"e\":[0,0.785,0],\"t\":[10,10,0],\"s\":[0.01,0.01,0.01]},\"children\":{}}}}}}}"}},
[00:24:47.073] {"a":"mediator[action.t] = [object Object]"},
[00:24:47.078] {"a":"params[shot] = shot-graft:scope8"},
[00:24:47.077] {"a":"this.terms has term[4] = ui"},
[00:24:47.306] {"t":"Mediator","f":"component","a":"narrative"},
[00:24:47.308] {"t":"app","f":"onEnter","a":{"name":"shot-graft:scope8"}},
[00:24:47.309] {"t":"camera3d","f":"addActorToScene","a":"s0_2_0"},
[00:24:47.309] {"t":"camera3d","f":"addActorToScene","a":"s0_2_0"},
[00:24:47.309] {"t":"camera3d","f":"addActorToScene","a":"s0_2_1"},
[00:24:47.309] {"t":"timeline","f":"play"},
[00:24:47.309] {"t":"camera3d","f":"addActorToScene","a":"s0_2_1"},
[00:24:57.081] {"a":"$location===mediator.location is\n              true"},
[00:24:57.118] {"a":"mediator[action.t] = [object Object]"},
[00:24:57.119] {"a":"target = [object Object]"},
[00:24:57.119] {"a":"$location===mediator.location is\n              true"},
[00:24:57.119] {"a":"mediator[action.t] = [object Object]"},
[00:24:57.119] {"a":"target = [object Object]"},
[00:24:57.120] {"a":"~~~~ change_state() this.prev_url = //////shot-graft:scope8"},
[00:24:57.120] {"a":"this.terms has term[0] = scene"},
[00:24:57.121] {"a":"params[scene] = a:"},
[00:24:57.121] {"a":"this.terms has term[1] = i3d"},
[00:24:57.121] {"a":"params[i3d] = i3d-simple:simple_green"},
[00:24:57.122] {"a":"this.terms has term[2] = i2d"},
[00:24:57.122] {"a":"params[i2d] = i2d-scene:disks0"},
[00:24:57.119] {"a":"~~~~ change_state() url = /a:/i3d-simple:simple_green/i2d-scene:disks0/base-skycube:test_cube/ui-msgbg:/shot-graft:scope9"},
[00:24:57.122] {"a":"this.terms has term[3] = base"},
[00:24:57.122] {"a":"params[base] = base-skycube:test_cube"},
[00:24:57.122] {"a":"this.terms has term[4] = ui"},
[00:24:57.123] {"a":"this.terms has term[5] = shot"},
[00:24:57.123] {"a":"params[shot] = shot-graft:scope9"},
[00:24:57.124] {"a":"ch_st(): $location.url(//////shot-graft:scope9)"},
[00:24:57.124] {"t":"mediator","f":"socket.emit.actions","a":{"t":"narrative","f":"shot","a":"shot-graft:{\"delta\":{\"timeline\":{\"p\":{\"repeat\":0},\"actors\":{\"i3d:s0_2_0:scale\":[{\"dur\":10,\"p\":{\"x\":1,\"y\":1,\"z\":1}}],\"i3d:s0_2_1:scale\":[{\"dur\":10,\"p\":{\"x\":1,\"y\":1,\"z\":1}}]}},\"branches\":{}}}"}},
[00:24:57.122] {"a":"params[ui] = ui-msgbg:"},
[00:24:57.170] {"t":"Mediator","f":"component","a":"narrative"},
[00:24:57.170] {"t":"app","f":"onEnter","a":{"name":"shot-graft:scope9"}},
[00:24:57.170] {"t":"timeline","f":"play"},
[00:25:07.077] {"a":"$location===mediator.location is\n              true"},
[00:25:07.081] {"a":"mediator[action.t] = [object Object]"},
[00:25:07.082] {"a":"target = [object Object]"},
[00:25:12.045] {"a":"$location===mediator.location is\n              true"},
[00:25:12.075] {"a":"mediator[action.t] = [object Object]"},
[00:25:12.075] {"a":"target = [object Object]"},
[00:25:12.075] {"t":"narrative","f":"shot","a":{"delta":{"timeline":{"p":{"paused":true,"repeat":0},"actors":{"i3d:camera:rotation":[{"dur":4,"p":{"y":0.7854,"immediateRender":false}}]}}}}},
[00:25:12.077] {"a":"~~~~ change_state() this.prev_url = //////shot-graft:scope9"},
[00:25:12.078] {"a":"this.terms has term[0] = scene"},
[00:25:12.078] {"a":"params[scene] = a:"},
[00:25:12.078] {"a":"this.terms has term[1] = i3d"},
[00:25:12.078] {"a":"params[i3d] = i3d-simple:simple_green"},
[00:25:12.079] {"a":"params[i2d] = i2d-scene:disks0"},
[00:25:12.079] {"a":"this.terms has term[3] = base"},
[00:25:12.079] {"a":"params[base] = base-skycube:test_cube"},
[00:25:12.079] {"a":"this.terms has term[4] = ui"},
[00:25:12.079] {"a":"params[ui] = ui-msgbg:"},
[00:25:12.079] {"a":"this.terms has term[5] = shot"},
[00:25:12.079] {"a":"params[shot] = shot-anim:scope10"},
[00:25:12.079] {"a":"ch_st(): $location.url(//////shot-anim:scope10)"},
[00:25:12.079] {"t":"mediator","f":"socket.emit.actions","a":{"t":"camera3d","f":"panflyTo","a":{"r":0.7854,"d":4}}},
[00:25:12.077] {"a":"~~~~ change_state() url = /a:/i3d-simple:simple_green/i2d-scene:disks0/base-skycube:test_cube/ui-msgbg:/shot-anim:scope10"},
[00:25:12.078] {"a":"this.terms has term[2] = i2d"},
[00:25:12.127] {"t":"Mediator","f":"component","a":"narrative"},
[00:25:12.129] {"t":"app","f":"onEnter","a":{"name":"shot-anim:scope10"}},
[00:25:12.129] {"t":"timeline","f":"play"},
[00:25:16.092] {"a":"$location===mediator.location is\n              true"},
[00:25:16.100] {"a":"mediator[action.t] = [object Object]"},
[00:25:16.101] {"a":"target = [object Object]"},
[00:25:27.047] {"a":"$location===mediator.location is\n              true"},
[00:25:27.082] {"a":"mediator[action.t] = [object Object]"},
[00:25:27.084] {"a":"target = [object Object]"},
[00:25:27.084] {"a":"~~~~ change_state() url = /footprint:/i3d-scene:scene1/i2d-empty:/escher:/ui-msgbg:/ECU:"},
[00:25:27.085] {"a":"~~~~ change_state() this.prev_url = //////shot-anim:scope10"},
[00:25:27.086] {"a":"this.terms has term[0] = scene"},
[00:25:27.086] {"a":"params[scene] = footprint:"},
[00:25:27.087] {"a":"this.terms has term[1] = i3d"},
[00:25:27.087] {"a":"params[i3d] = i3d-scene:scene1"},
[00:25:27.087] {"a":"this.terms has term[2] = i2d"},
[00:25:27.088] {"a":"params[i2d] = i2d-empty:"},
[00:25:27.089] {"a":"this.terms has term[3] = base"},
[00:25:27.090] {"a":"params[base] = escher:"},
[00:25:27.092] {"a":"this.terms has term[4] = ui"},
[00:25:27.092] {"a":"params[ui] = ui-msgbg:"},
[00:25:27.092] {"a":"this.terms has term[5] = shot"},
[00:25:27.093] {"a":"params[shot] = ECU:"},
[00:25:27.093] {"a":"ch_st(): $location.url(/footprint:/i3d-scene:scene1/i2d-empty:/escher://ECU:)"},
[00:25:27.093] {"t":"mediator","f":"socket.emit.actions","a":{"t":"narrative","f":"change_scene","a":"footprint"}},
[00:25:31.020] {"t":"Mediator","f":"component","a":"narrative"},
[00:25:31.020] {"t":"app","f":"onEnter","a":{"name":"footprint:"}},
[00:25:31.020] {"t":"app","f":"onEnter","a":{"name":"i3d-scene:scene1"}},
[00:25:31.020] {"t":"camera3d","f":"changeTemplateScene"},
[00:25:31.021] {"t":"app","f":"onEnter","a":{"name":"i2d-empty:"}},
[00:25:31.021] {"t":"app","f":"onEnter","a":{"name":"escher:"}},
[00:25:31.021] {"t":"app","f":"onEnter","a":{"name":"ECU:"}},
[00:25:31.021] {"t":"timeline","f":"play"},
[00:25:31.022] {"t":"camera3d","f":"addBillboardToScene","a":"bb_singular2"},
[00:25:31.022] {"t":"camera3d","f":"addBillboardToScene","a":"bb0"},
[00:25:31.022] {"t":"camera3d","f":"addBillboardToScene","a":"bb1"},
[00:25:31.022] {"t":"camera3d","f":"addBillboardToScene","a":"bb2"},
[00:25:31.022] {"t":"camera3d","f":"addBillboardToScene","a":"bb3"},
[00:25:31.022] {"t":"camera3d","f":"addBillboardToScene","a":"bb4"},
[00:25:31.022] {"t":"camera3d","f":"addBillboardToScene","a":"bb5"},
[00:25:31.023] {"t":"camera3d","f":"addBillboardToScene","a":"bb6"},
[00:25:31.023] {"t":"camera3d","f":"addBillboardToScene","a":"bb7"},
[00:25:31.023] {"t":"camera3d","f":"addBillboardToScene","a":"bb8"},
[00:25:31.023] {"t":"camera3d","f":"addBillboardToScene","a":"bb18"},
[00:25:31.023] {"t":"camera3d","f":"addBillboardToScene","a":"bb19"},
[00:25:31.023] {"t":"camera3d","f":"addBillboardToScene","a":"bb20"},
[00:25:31.024] {"t":"camera3d","f":"addBillboardToScene","a":"bb21"},
[00:25:31.024] {"t":"camera3d","f":"addBillboardToScene","a":"bb22"},
[00:25:31.024] {"t":"camera3d","f":"addBillboardToScene","a":"bb24"},
[00:25:31.024] {"t":"camera3d","f":"addBillboardToScene","a":"bb25"},
[00:25:31.024] {"t":"camera3d","f":"addBillboardToScene","a":"bb26"},
[00:25:31.024] {"t":"camera3d","f":"addBillboardToScene","a":"bb54"},
[00:25:31.025] {"t":"camera3d","f":"addBillboardToScene","a":"bb55"},
[00:25:31.025] {"t":"camera3d","f":"addBillboardToScene","a":"bb56"},
[00:25:31.025] {"t":"camera3d","f":"addBillboardToScene","a":"bb57"},
[00:25:31.025] {"t":"camera3d","f":"addBillboardToScene","a":"bb58"},
[00:25:31.025] {"t":"camera3d","f":"addBillboardToScene","a":"bb59"},
[00:25:31.024] {"t":"camera3d","f":"addBillboardToScene","a":"bb23"},
[00:25:31.026] {"t":"camera3d","f":"addBillboardToScene","a":"bb60"},
[00:25:31.026] {"t":"camera3d","f":"addBillboardToScene","a":"bb61"},
[00:25:31.026] {"t":"camera3d","f":"addBillboardToScene","a":"bb62"},
[00:25:31.026] {"t":"camera3d","f":"addBillboardToScene","a":"bb_singular2"},
[00:25:31.026] {"t":"camera3d","f":"addBillboardToScene","a":"bb0"},
[00:25:31.026] {"t":"camera3d","f":"addBillboardToScene","a":"bb1"},
[00:25:31.026] {"t":"camera3d","f":"addBillboardToScene","a":"bb2"},
[00:25:31.027] {"t":"camera3d","f":"addBillboardToScene","a":"bb3"},
[00:25:31.027] {"t":"camera3d","f":"addBillboardToScene","a":"bb4"},
[00:25:31.027] {"t":"camera3d","f":"addBillboardToScene","a":"bb5"},
[00:25:31.027] {"t":"camera3d","f":"addBillboardToScene","a":"bb6"},
[00:25:31.027] {"t":"camera3d","f":"addBillboardToScene","a":"bb7"},
[00:25:31.027] {"t":"camera3d","f":"addBillboardToScene","a":"bb8"},
[00:25:31.028] {"t":"camera3d","f":"addBillboardToScene","a":"bb18"},
[00:25:31.028] {"t":"camera3d","f":"addBillboardToScene","a":"bb19"},
[00:25:31.028] {"t":"camera3d","f":"addBillboardToScene","a":"bb20"},
[00:25:31.028] {"t":"camera3d","f":"addBillboardToScene","a":"bb21"},
[00:25:31.028] {"t":"camera3d","f":"addBillboardToScene","a":"bb22"},
[00:25:31.028] {"t":"camera3d","f":"addBillboardToScene","a":"bb23"},
[00:25:31.029] {"t":"camera3d","f":"addBillboardToScene","a":"bb24"},
[00:25:31.029] {"t":"camera3d","f":"addBillboardToScene","a":"bb25"},
[00:25:31.029] {"t":"camera3d","f":"addBillboardToScene","a":"bb26"},
[00:25:31.029] {"t":"camera3d","f":"addBillboardToScene","a":"bb54"},
[00:25:31.029] {"t":"camera3d","f":"addBillboardToScene","a":"bb55"},
[00:25:31.029] {"t":"camera3d","f":"addBillboardToScene","a":"bb56"},
[00:25:31.029] {"t":"camera3d","f":"addBillboardToScene","a":"bb57"},
[00:25:31.030] {"t":"camera3d","f":"addBillboardToScene","a":"bb58"},
[00:25:31.030] {"t":"camera3d","f":"addBillboardToScene","a":"bb59"},
[00:25:31.030] {"t":"camera3d","f":"addBillboardToScene","a":"bb60"},
[00:25:31.030] {"t":"camera3d","f":"addBillboardToScene","a":"bb61"},
[00:25:31.030] {"t":"camera3d","f":"addBillboardToScene","a":"bb62"},
[00:25:31.030] {"t":"camera3d","f":"addBillboardToScene","a":"bb_singular2"},
[00:25:31.030] {"t":"camera3d","f":"addBillboardToScene","a":"bb0"},
[00:25:31.031] {"t":"camera3d","f":"addBillboardToScene","a":"bb1"},
[00:25:31.031] {"t":"camera3d","f":"addBillboardToScene","a":"bb2"},
[00:25:31.033] {"t":"camera3d","f":"addBillboardToScene","a":"bb3"},
[00:25:31.034] {"t":"camera3d","f":"addBillboardToScene","a":"bb4"},
[00:25:31.034] {"t":"camera3d","f":"addBillboardToScene","a":"bb5"},
[00:25:31.034] {"t":"camera3d","f":"addBillboardToScene","a":"bb6"},
[00:25:31.034] {"t":"camera3d","f":"addBillboardToScene","a":"bb7"},
[00:25:31.035] {"t":"camera3d","f":"addBillboardToScene","a":"bb8"},
[00:25:31.035] {"t":"camera3d","f":"addBillboardToScene","a":"bb18"},
[00:25:31.035] {"t":"camera3d","f":"addBillboardToScene","a":"bb19"},
[00:25:31.035] {"t":"camera3d","f":"addBillboardToScene","a":"bb20"},
[00:25:31.035] {"t":"camera3d","f":"addBillboardToScene","a":"bb21"},
[00:25:31.036] {"t":"camera3d","f":"addBillboardToScene","a":"bb22"},
[00:25:31.036] {"t":"camera3d","f":"addBillboardToScene","a":"bb23"},
[00:25:31.036] {"t":"camera3d","f":"addBillboardToScene","a":"bb24"},
[00:25:31.036] {"t":"camera3d","f":"addBillboardToScene","a":"bb25"},
[00:25:31.037] {"t":"camera3d","f":"addBillboardToScene","a":"bb54"},
[00:25:31.036] {"t":"camera3d","f":"addBillboardToScene","a":"bb26"},
[00:25:31.037] {"t":"camera3d","f":"addBillboardToScene","a":"bb55"},
[00:25:31.037] {"t":"camera3d","f":"addBillboardToScene","a":"bb56"},
[00:25:31.037] {"t":"camera3d","f":"addBillboardToScene","a":"bb57"},
[00:25:31.037] {"t":"camera3d","f":"addBillboardToScene","a":"bb58"},
[00:25:31.037] {"t":"camera3d","f":"addBillboardToScene","a":"bb59"},
[00:25:31.038] {"t":"camera3d","f":"addBillboardToScene","a":"bb60"},
[00:25:31.038] {"t":"camera3d","f":"addBillboardToScene","a":"bb61"},
[00:25:31.038] {"t":"camera3d","f":"addBillboardToScene","a":"bb62"},
[00:25:31.038] {"t":"camera3d","f":"addActorToScene","a":"csphere"},
[00:25:31.038] {"t":"camera3d","f":"addBillboardToScene","a":"bb_singular2"},
[00:25:31.039] {"t":"camera3d","f":"addBillboardToScene","a":"bb0"},
[00:25:31.039] {"t":"camera3d","f":"addBillboardToScene","a":"bb1"},
[00:25:31.039] {"t":"camera3d","f":"addBillboardToScene","a":"bb2"},
[00:25:31.039] {"t":"camera3d","f":"addBillboardToScene","a":"bb3"},
[00:25:31.039] {"t":"camera3d","f":"addBillboardToScene","a":"bb4"},
[00:25:31.039] {"t":"camera3d","f":"addBillboardToScene","a":"bb5"},
[00:25:31.040] {"t":"camera3d","f":"addBillboardToScene","a":"bb6"},
[00:25:31.040] {"t":"camera3d","f":"addBillboardToScene","a":"bb18"},
[00:25:31.040] {"t":"camera3d","f":"addBillboardToScene","a":"bb8"},
[00:25:31.040] {"t":"camera3d","f":"addBillboardToScene","a":"bb19"},
[00:25:31.041] {"t":"camera3d","f":"addBillboardToScene","a":"bb21"},
[00:25:31.040] {"t":"camera3d","f":"addBillboardToScene","a":"bb20"},
[00:25:31.041] {"t":"camera3d","f":"addBillboardToScene","a":"bb22"},
[00:25:31.041] {"t":"camera3d","f":"addBillboardToScene","a":"bb24"},
[00:25:31.041] {"t":"camera3d","f":"addBillboardToScene","a":"bb25"},
[00:25:31.041] {"t":"camera3d","f":"addBillboardToScene","a":"bb26"},
[00:25:31.042] {"t":"camera3d","f":"addBillboardToScene","a":"bb54"},
[00:25:31.042] {"t":"camera3d","f":"addBillboardToScene","a":"bb55"},
[00:25:31.042] {"t":"camera3d","f":"addBillboardToScene","a":"bb57"},
[00:25:31.042] {"t":"camera3d","f":"addBillboardToScene","a":"bb58"},
[00:25:31.042] {"t":"camera3d","f":"addBillboardToScene","a":"bb56"},
[00:25:31.043] {"t":"camera3d","f":"addBillboardToScene","a":"bb59"},
[00:25:31.043] {"t":"camera3d","f":"addBillboardToScene","a":"bb60"},
[00:25:31.043] {"t":"camera3d","f":"addBillboardToScene","a":"bb61"},
[00:25:31.043] {"t":"camera3d","f":"addBillboardToScene","a":"bb62"},
[00:25:31.043] {"a":"$location===mediator.location is\n              true"},
[00:25:31.043] {"a":"mediator[action.t] = [object Object]"},
[00:25:31.043] {"a":"target = [object Object]"},
[00:25:31.041] {"t":"camera3d","f":"addBillboardToScene","a":"bb23"},
[00:25:31.040] {"t":"camera3d","f":"addBillboardToScene","a":"bb7"},
[00:25:31.120] {"t":"camera3d","f":"addBillboardToScene","a":"bb_singular"},
[00:25:31.161] {"t":"camera3d","f":"addBillboardToScene","a":"bb_singular"},
[00:25:31.161] {"t":"camera3d","f":"addBillboardToScene","a":"bb_singular"},
[00:25:31.161] {"t":"camera3d","f":"addBillboardToScene","a":"bb_singular"},
[00:25:42.052] {"a":"$location===mediator.location is\n              true"},
[00:25:42.063] {"a":"mediator[action.t] = [object Object]"},
[00:25:42.063] {"a":"target = [object Object]"},
[00:25:42.063] {"t":"narrative","f":"shot","a":{"delta":{"timeline":{"p":{"paused":true,"repeat":0},"actors":{"i3d:camera:rotation":[{"dur":4,"p":{"y":0.7854,"immediateRender":false}}]}}}}},
[00:25:42.063] {"a":"~~~~ change_state() url = /footprint:/i3d-scene:scene1/i2d-empty:/escher:/ui-msgbg:/shot-anim:scope12"},
[00:25:42.063] {"a":"~~~~ change_state() this.prev_url = /footprint:/i3d-scene:scene1/i2d-empty:/escher://ECU:"},
[00:25:42.064] {"a":"this.terms has term[0] = scene"},
[00:25:42.064] {"a":"params[scene] = footprint:"},
[00:25:42.064] {"a":"this.terms has term[1] = i3d"},
[00:25:42.064] {"a":"params[i3d] = i3d-scene:scene1"},
[00:25:42.064] {"a":"this.terms has term[2] = i2d"},
[00:25:42.064] {"a":"params[i2d] = i2d-empty:"},
[00:25:42.064] {"a":"this.terms has term[3] = base"},
[00:25:42.064] {"a":"params[base] = escher:"},
[00:25:42.064] {"a":"this.terms has term[4] = ui"},
[00:25:42.065] {"a":"params[ui] = ui-msgbg:"},
[00:25:42.065] {"a":"this.terms has term[5] = shot"},
[00:25:42.065] {"a":"params[shot] = shot-anim:scope12"},
[00:25:42.065] {"a":"ch_st(): $location.url(//////shot-anim:scope12)"},
[00:25:42.065] {"t":"mediator","f":"socket.emit.actions","a":{"t":"camera3d","f":"panflyTo","a":{"r":0.7854,"d":4}}},
[00:25:42.146] {"t":"app","f":"onEnter","a":{"name":"shot-anim:scope12"}},
[00:25:42.146] {"t":"timeline","f":"play"},
[00:25:42.144] {"t":"Mediator","f":"component","a":"narrative"},
[00:25:46.063] {"a":"$location===mediator.location is\n              true"},
[00:25:46.066] {"a":"mediator[action.t] = [object Object]"},
[00:25:46.067] {"a":"target = [object Object]"},
[00:25:52.054] {"a":"$location===mediator.location is\n              true"},
[00:25:52.065] {"a":"mediator[action.t] = [object Object]"},
[00:25:52.065] {"a":"target = [object Object]"},
[00:25:52.065] {"t":"narrative","f":"shot","a":{"delta":{"timeline":{"p":{"paused":true,"repeat":0},"actors":{"i3d:camera:rotation":[{"dur":4,"p":{"x":0.7854,"immediateRender":false}}]}}}}},
[00:25:52.065] {"a":"~~~~ change_state() url = /footprint:/i3d-scene:scene1/i2d-empty:/escher:/ui-msgbg:/shot-anim:scope13"},
[00:25:52.065] {"a":"~~~~ change_state() this.prev_url = //////shot-anim:scope12"},
[00:25:52.065] {"a":"this.terms has term[0] = scene"},
[00:25:52.066] {"a":"params[scene] = footprint:"},
[00:25:52.066] {"a":"this.terms has term[1] = i3d"},
[00:25:52.066] {"a":"params[i3d] = i3d-scene:scene1"},
[00:25:52.066] {"a":"this.terms has term[2] = i2d"},
[00:25:52.066] {"a":"params[i2d] = i2d-empty:"},
[00:25:52.066] {"a":"this.terms has term[3] = base"},
[00:25:52.066] {"a":"params[base] = escher:"},
[00:25:52.066] {"a":"this.terms has term[4] = ui"},
[00:25:52.066] {"a":"params[ui] = ui-msgbg:"},
[00:25:52.067] {"a":"this.terms has term[5] = shot"},
[00:25:52.067] {"a":"params[shot] = shot-anim:scope13"},
[00:25:52.067] {"a":"ch_st(): $location.url(//////shot-anim:scope13)"},
[00:25:52.067] {"t":"mediator","f":"socket.emit.actions","a":{"t":"camera3d","f":"tiltflyTo","a":{"r":0.7854,"d":4}}},
[00:25:52.119] {"t":"Mediator","f":"component","a":"narrative"},
[00:25:52.119] {"t":"app","f":"onEnter","a":{"name":"shot-anim:scope13"}},
[00:25:52.119] {"t":"timeline","f":"play"},
[00:25:56.058] {"a":"$location===mediator.location is\n              true"},
[00:25:56.068] {"a":"mediator[action.t] = [object Object]"},
[00:25:56.068] {"a":"target = [object Object]"},
[00:26:02.054] {"a":"$location===mediator.location is\n              true"},
[00:26:02.056] {"a":"mediator[action.t] = [object Object]"},
[00:26:02.056] {"a":"target = [object Object]"},
[00:26:02.056] {"t":"mediator","f":"socket.emit.actions","a":{"t":"camera3d","f":"billboardsFaceCamera"}},
[00:26:17.057] {"a":"$location===mediator.location is\n              true"},
[00:26:17.073] {"a":"mediator[action.t] = [object Object]"},
[00:26:17.074] {"a":"target = [object Object]"},
[00:26:17.074] {"t":"narrative","f":"shot","a":{"delta":{"timeline":{"p":{"paused":true,"repeat":0},"actors":{"i3d:camera:rotation":[{"dur":4,"p":{"x":0,"immediateRender":false}}]}}}}},
[00:26:17.074] {"a":"~~~~ change_state() url = /footprint:/i3d-scene:scene1/i2d-empty:/escher:/ui-msgbg:/shot-anim:scope14"},
[00:26:17.075] {"a":"~~~~ change_state() this.prev_url = //////shot-anim:scope13"},
[00:26:17.075] {"a":"this.terms has term[0] = scene"},
[00:26:17.075] {"a":"params[scene] = footprint:"},
[00:26:17.076] {"a":"this.terms has term[1] = i3d"},
[00:26:17.076] {"a":"params[i3d] = i3d-scene:scene1"},
[00:26:17.076] {"a":"this.terms has term[2] = i2d"},
[00:26:17.077] {"a":"params[i2d] = i2d-empty:"},
[00:26:17.077] {"a":"this.terms has term[3] = base"},
[00:26:17.077] {"a":"params[base] = escher:"},
[00:26:17.078] {"a":"this.terms has term[4] = ui"},
[00:26:17.078] {"a":"params[ui] = ui-msgbg:"},
[00:26:17.078] {"a":"this.terms has term[5] = shot"},
[00:26:17.078] {"a":"params[shot] = shot-anim:scope14"},
[00:26:17.079] {"a":"ch_st(): $location.url(//////shot-anim:scope14)"},
[00:26:17.079] {"t":"mediator","f":"socket.emit.actions","a":{"t":"camera3d","f":"tiltflyBy","a":{"r":-0.7854,"d":4}}},
[00:26:17.150] {"t":"Mediator","f":"component","a":"narrative"},
[00:26:17.150] {"t":"app","f":"onEnter","a":{"name":"shot-anim:scope14"}},
[00:26:17.151] {"t":"timeline","f":"play"},
[00:26:21.047] {"a":"$location===mediator.location is\n              true"},
[00:26:21.055] {"a":"mediator[action.t] = [object Object]"},
[00:26:21.056] {"a":"target = [object Object]"},
[00:26:32.058] {"a":"$location===mediator.location is\n              true"},
[00:26:32.074] {"a":"mediator[action.t] = [object Object]"},
[00:26:32.074] {"a":"target = [object Object]"},
[00:26:32.074] {"t":"narrative","f":"shot","a":{"delta":{"timeline":{"p":{"paused":true,"repeat":0},"actors":{"i3d:camera:rotation":[{"dur":4,"p":{"y":0,"immediateRender":false}}]}}}}},
[00:26:32.074] {"a":"~~~~ change_state() url = /footprint:/i3d-scene:scene1/i2d-empty:/escher:/ui-msgbg:/shot-anim:scope15"},
[00:26:32.074] {"a":"~~~~ change_state() this.prev_url = //////shot-anim:scope14"},
[00:26:32.074] {"a":"this.terms has term[0] = scene"},
[00:26:32.075] {"a":"params[scene] = footprint:"},
[00:26:32.075] {"a":"this.terms has term[1] = i3d"},
[00:26:32.075] {"a":"params[i3d] = i3d-scene:scene1"},
[00:26:32.075] {"a":"this.terms has term[2] = i2d"},
[00:26:32.075] {"a":"params[i2d] = i2d-empty:"},
[00:26:32.075] {"a":"this.terms has term[3] = base"},
[00:26:32.075] {"a":"params[base] = escher:"},
[00:26:32.075] {"a":"this.terms has term[4] = ui"},
[00:26:32.075] {"a":"params[ui] = ui-msgbg:"},
[00:26:32.076] {"a":"this.terms has term[5] = shot"},
[00:26:32.076] {"a":"params[shot] = shot-anim:scope15"},
[00:26:32.076] {"a":"ch_st(): $location.url(//////shot-anim:scope15)"},
[00:26:32.076] {"t":"mediator","f":"socket.emit.actions","a":{"t":"camera3d","f":"panflyBy","a":{"r":-0.7854,"d":4}}},
[00:26:32.125] {"t":"Mediator","f":"component","a":"narrative"},
[00:26:32.125] {"t":"app","f":"onEnter","a":{"name":"shot-anim:scope15"}},
[00:26:32.126] {"t":"timeline","f":"play"},
[00:26:36.074] {"a":"$location===mediator.location is\n              true"},
[00:26:36.091] {"a":"mediator[action.t] = [object Object]"},
[00:26:36.092] {"a":"target = [object Object]"},
[00:26:47.060] {"a":"$location===mediator.location is\n              true"},
[00:26:47.080] {"a":"mediator[action.t] = [object Object]"},
[00:26:47.081] {"a":"target = [object Object]"},
[00:26:47.081] {"a":"~~~~ change_state() url = /circle:/i3d-simple:simple_red/i2d-scene:disks0/base-skycube:test_cube/ui-msgbg:/shot-graft:a0"},
[00:26:47.081] {"a":"~~~~ change_state() this.prev_url = //////shot-anim:scope15"},
[00:26:47.081] {"a":"this.terms has term[0] = scene"},
[00:26:47.081] {"a":"params[scene] = circle:"},
[00:26:47.081] {"a":"this.terms has term[1] = i3d"},
[00:26:47.081] {"a":"params[i3d] = i3d-simple:simple_red"},
[00:26:47.081] {"a":"this.terms has term[2] = i2d"},
[00:26:47.082] {"a":"params[i2d] = i2d-scene:disks0"},
[00:26:47.082] {"a":"this.terms has term[3] = base"},
[00:26:47.082] {"a":"params[base] = base-skycube:test_cube"},
[00:26:47.082] {"a":"this.terms has term[4] = ui"},
[00:26:47.082] {"a":"params[ui] = ui-msgbg:"},
[00:26:47.082] {"a":"this.terms has term[5] = shot"},
[00:26:47.083] {"a":"params[shot] = shot-graft:a0"},
[00:26:47.083] {"a":"ch_st(): $location.url(/circle:/i3d-simple:simple_red/i2d-scene:disks0/base-skycube:test_cube//shot-graft:a0)"},
[00:26:47.083] {"t":"mediator","f":"socket.emit.actions","a":{"t":"narrative","f":"change_scene","a":"circle"}},
[00:26:47.890] {"t":"Mediator","f":"component","a":"narrative"},
[00:26:47.894] {"t":"app","f":"onEnter","a":{"name":"circle:"}},
[00:26:47.895] {"t":"app","f":"onEnter","a":{"name":"i3d-simple:simple_red"}},
[00:26:47.895] {"t":"camera3d","f":"changeTemplateScene"},
[00:26:47.895] {"t":"app","f":"onEnter","a":{"name":"i2d-scene:disks0"}},
[00:26:47.896] {"t":"app","f":"onEnter","a":{"name":"base-skycube:test_cube"}},
[00:26:47.896] {"t":"app","f":"onEnter","a":{"name":"shot-graft:a0"}},
[00:26:47.896] {"t":"timeline","f":"play"},
[00:26:47.896] {"t":"camera3d","f":"addActorToScene","a":"cube0"},
[00:26:47.897] {"t":"camera3d","f":"addActorToScene","a":"cube0"},
[00:26:47.897] {"t":"camera3d","f":"addActorToScene","a":"cube0"},
[00:26:47.897] {"t":"camera3d","f":"addActorToScene","a":"cube0"},
[00:26:47.898] {"t":"camera3d","f":"addActorToScene","a":"csphere"},
[00:26:47.898] {"t":"camera3d","f":"addActorToScene","a":"cube0"},
[00:26:47.898] {"t":"camera3d","f":"addActorToScene","a":"cube0_3"},
[00:26:47.899] {"t":"camera3d","f":"addActorToScene","a":"cube0_3"},
[00:26:47.899] {"t":"camera3d","f":"addActorToScene","a":"cube0_0"},
[00:26:47.899] {"t":"camera3d","f":"addActorToScene","a":"cube0_1"},
[00:26:47.899] {"t":"camera3d","f":"addActorToScene","a":"cube0_0"},
[00:26:47.899] {"t":"camera3d","f":"addActorToScene","a":"cube0_0"},
[00:26:47.899] {"t":"camera3d","f":"addActorToScene","a":"cube0_1"},
[00:26:47.900] {"t":"camera3d","f":"addActorToScene","a":"cube0_0"},
[00:26:47.900] {"t":"camera3d","f":"addActorToScene","a":"cube0_1"},
[00:26:47.900] {"t":"camera3d","f":"addActorToScene","a":"cube0_0"},
[00:26:47.899] {"t":"camera3d","f":"addActorToScene","a":"cube0_1"},
[00:26:47.900] {"a":"$location===mediator.location is\n              true"},
[00:26:47.900] {"a":"mediator[action.t] = [object Object]"},
[00:26:47.900] {"t":"camera3d","f":"addActorToScene","a":"cube0_1"},
[00:26:47.901] {"a":"target = [object Object]"},
[00:26:47.909] {"t":"camera3d","f":"addActorToScene","a":"cube0_2"},
[00:26:47.908] {"t":"camera3d","f":"addActorToScene","a":"cube0_2"},
[00:27:02.062] {"a":"$location===mediator.location is\n              true"},
[00:27:02.074] {"a":"mediator[action.t] = [object Object]"},
[00:27:02.075] {"a":"target = [object Object]"},
[00:27:02.075] {"a":"~~~~ change_state() url = /circle:/i3d-simple:simple_red/i2d-scene:mf2d0/base-skycube:test_cube/ui-msgbg/MS"},
[00:27:02.075] {"a":"~~~~ change_state() this.prev_url = /circle:/i3d-simple:simple_red/i2d-scene:disks0/base-skycube:test_cube//shot-graft:a0"},
[00:27:02.076] {"a":"this.terms has term[0] = scene"},
[00:27:02.076] {"a":"params[scene] = circle:"},
[00:27:02.078] {"a":"this.terms has term[1] = i3d"},
[00:27:02.079] {"a":"params[i3d] = i3d-simple:simple_red"},
[00:27:02.080] {"a":"this.terms has term[2] = i2d"},
[00:27:02.080] {"a":"params[i2d] = i2d-scene:mf2d0"},
[00:27:02.080] {"a":"this.terms has term[3] = base"},
[00:27:02.081] {"a":"params[base] = base-skycube:test_cube"},
[00:27:02.081] {"a":"this.terms has term[4] = ui"},
[00:27:02.081] {"a":"params[ui] = ui-msgbg"},
[00:27:02.082] {"a":"this.terms has term[5] = shot"},
[00:27:02.082] {"a":"params[shot] = MS"},
[00:27:02.082] {"a":"ch_st(): $location.url(///i2d-scene:mf2d0//ui-msgbg/MS)"},
[00:27:02.082] {"t":"mediator","f":"socket.emit.actions","a":{"t":"narrative","f":"change_state","a":"/circle:/i3d-simple:simple_red/i2d-scene:mf2d0/base-skycube:test_cube/ui-msgbg/MS"}},
[00:27:02.461] {"t":"Mediator","f":"component","a":"narrative"},
[00:27:02.462] {"t":"app","f":"onEnter","a":{"name":"i2d-scene:mf2d0"}},
[00:27:02.462] {"t":"app","f":"onEnter","a":{"name":"ui-msgbg"}},
[00:27:02.462] {"t":"app","f":"onEnter","a":{"name":"MS"}},
[00:27:02.462] {"t":"timeline","f":"play"},
[00:27:02.463] {"a":"$location===mediator.location is\n              true"},
[00:27:02.463] {"a":"mediator[action.t] = [object Object]"},
[00:27:02.463] {"a":"target = [object Object]"},
[00:27:12.063] {"a":"$location===mediator.location is\n              true"},
[00:27:12.087] {"a":"mediator[action.t] = [object Object]"},
[00:27:12.087] {"a":"target = [object Object]"},
[00:27:12.088] {"a":"~~~~ change_state() url = /stocks:/i3d-jsonmodels:phonghead_kfb/i2d-scene:defsuse0/grid:/ui-msgbg:/2S:"},
[00:27:12.088] {"a":"~~~~ change_state() this.prev_url = ///i2d-scene:mf2d0//ui-msgbg/MS"},
[00:27:12.088] {"a":"this.terms has term[0] = scene"},
[00:27:12.088] {"a":"params[scene] = stocks:"},
[00:27:12.088] {"a":"this.terms has term[1] = i3d"},
[00:27:12.088] {"a":"params[i3d] = i3d-jsonmodels:phonghead_kfb"},
[00:27:12.088] {"a":"this.terms has term[2] = i2d"},
[00:27:12.089] {"a":"params[i2d] = i2d-scene:defsuse0"},
[00:27:12.089] {"a":"this.terms has term[3] = base"},
[00:27:12.090] {"a":"ch_st(): $location.url(/stocks:/i3d-jsonmodels:phonghead_kfb/i2d-scene:defsuse0/grid:/ui-msgbg:/2S:)"},
[00:27:12.089] {"a":"this.terms has term[4] = ui"},
[00:27:12.090] {"t":"mediator","f":"socket.emit.actions","a":{"t":"narrative","f":"change_scene","a":"stocks"}},
[00:27:12.090] {"a":"params[shot] = 2S:"},
[00:27:12.089] {"a":"params[base] = grid:"},
[00:27:12.089] {"a":"this.terms has term[5] = shot"},
[00:27:12.089] {"a":"params[ui] = ui-msgbg:"},
[00:27:14.680] {"t":"app","f":"onEnter","a":{"name":"stocks:"}},
[00:27:14.681] {"t":"app","f":"onEnter","a":{"name":"i3d-jsonmodels:phonghead_kfb"}},
[00:27:14.681] {"t":"camera3d","f":"changeTemplateScene"},
[00:27:14.682] {"t":"app","f":"onEnter","a":{"name":"i2d-scene:defsuse0"}},
[00:27:14.682] {"t":"app","f":"onEnter","a":{"name":"grid:"}},
[00:27:14.682] {"t":"app","f":"onEnter","a":{"name":"ui-msgbg:"}},
[00:27:14.682] {"t":"app","f":"onEnter","a":{"name":"2S:"}},
[00:27:14.682] {"t":"timeline","f":"play"},
[00:27:14.682] {"t":"camera3d","f":"addActorToScene","a":"axes0"},
[00:27:14.683] {"t":"camera3d","f":"addActorToScene","a":"axes0"},
[00:27:14.683] {"t":"camera3d","f":"addActorToScene","a":"axes0"},
[00:27:14.683] {"t":"camera3d","f":"addActorToScene","a":"axes0"},
[00:27:14.683] {"t":"camera3d","f":"addActorToScene","a":"axes0"},
[00:27:14.683] {"t":"camera3d","f":"addActorToScene","a":"csphere"},
[00:27:14.683] {"t":"camera3d","f":"addActorToScene","a":"axes0"},
[00:27:14.684] {"t":"camera3d","f":"addActorToScene","a":"key"},
[00:27:14.684] {"t":"camera3d","f":"addActorToScene","a":"fill"},
[00:27:14.684] {"t":"camera3d","f":"addActorToScene","a":"back"},
[00:27:14.684] {"t":"camera3d","f":"addActorToScene","a":"key"},
[00:27:14.684] {"t":"camera3d","f":"addActorToScene","a":"fill"},
[00:27:14.684] {"t":"camera3d","f":"addActorToScene","a":"back"},
[00:27:14.684] {"t":"camera3d","f":"addActorToScene","a":"key"},
[00:27:14.685] {"t":"camera3d","f":"addActorToScene","a":"fill"},
[00:27:14.685] {"t":"camera3d","f":"addActorToScene","a":"back"},
[00:27:14.685] {"t":"camera3d","f":"addActorToScene","a":"key"},
[00:27:14.685] {"t":"camera3d","f":"addActorToScene","a":"fill"},
[00:27:14.685] {"t":"camera3d","f":"addActorToScene","a":"back"},
[00:27:14.685] {"t":"camera3d","f":"addActorToScene","a":"key"},
[00:27:14.685] {"t":"camera3d","f":"addActorToScene","a":"fill"},
[00:27:14.686] {"t":"camera3d","f":"addActorToScene","a":"back"},
[00:27:14.686] {"t":"camera3d","f":"addActorToScene","a":"key"},
[00:27:14.686] {"t":"camera3d","f":"addActorToScene","a":"fill"},
[00:27:14.686] {"t":"camera3d","f":"addActorToScene","a":"back"},
[00:27:14.686] {"a":"$location===mediator.location is\n              true"},
[00:27:14.686] {"a":"mediator[action.t] = [object Object]"},
[00:27:14.687] {"a":"target = [object Object]"},
[00:27:14.680] {"t":"Mediator","f":"component","a":"narrative"},
[00:27:15.548] {"t":"camera3d","f":"addActorToScene","a":"head_scan"},
[00:27:15.548] {"t":"camera3d","f":"addActorToScene","a":"head_scan"},
[00:27:15.548] {"t":"camera3d","f":"addActorToScene","a":"head_scan"},
[00:27:15.548] {"t":"camera3d","f":"addActorToScene","a":"head_scan"},
[00:27:15.549] {"t":"camera3d","f":"addActorToScene","a":"head_scan"},
[00:27:27.065] {"a":"$location===mediator.location is\n              true"},
[00:27:27.074] {"a":"mediator[action.t] = [object Object]"},
[00:27:27.075] {"a":"target = [object Object]"},
[00:27:27.075] {"a":"~~~~ change_state() url = ///i2d-scene:mf2d0///"},
[00:27:27.075] {"a":"~~~~ change_state() this.prev_url = /stocks:/i3d-jsonmodels:phonghead_kfb/i2d-scene:defsuse0/grid:/ui-msgbg:/2S:"},
[00:27:27.075] {"a":"this.terms has term[0] = scene"},
[00:27:27.075] {"a":"params[scene] = "},
[00:27:27.075] {"a":"this.terms has term[1] = i3d"},
[00:27:27.075] {"a":"params[i3d] = "},
[00:27:27.075] {"a":"this.terms has term[2] = i2d"},
[00:27:27.075] {"a":"params[i2d] = i2d-scene:mf2d0"},
[00:27:27.076] {"a":"this.terms has term[3] = base"},
[00:27:27.076] {"a":"params[base] = "},
[00:27:27.076] {"a":"this.terms has term[4] = ui"},
[00:27:27.076] {"a":"params[ui] = "},
[00:27:27.078] {"a":"this.terms has term[5] = shot"},
[00:27:27.078] {"a":"params[shot] = "},
[00:27:27.078] {"a":"ch_st(): $location.url(///i2d-scene:mf2d0///)"},
[00:27:27.078] {"t":"mediator","f":"socket.emit.actions","a":{"t":"narrative","f":"change_state","a":"///i2d-scene:mf2d0///"}},
[00:27:27.324] {"t":"Mediator","f":"component","a":"narrative"},
[00:27:27.324] {"t":"app","f":"onEnter","a":{"name":"i2d-scene:mf2d0"}},
[00:27:27.328] {"t":"timeline","f":"play"},
[00:27:27.330] {"a":"$location===mediator.location is\n              true"},
[00:27:27.330] {"a":"mediator[action.t] = [object Object]"},
[00:27:27.331] {"a":"target = [object Object]"},
[00:29:21.034] {"t":"camera3d","f":"tilt (look) up","a":38},
[00:29:21.046] {"t":"Mediator","f":"record","a":{"t":"camera3d","f":"tiltflyBy","a":{"r":0.19635,"d":3}}},
[00:29:21.047] {"t":"narrative","f":"shot","a":{"delta":{"timeline":{"p":{"paused":true,"repeat":0},"actors":{"i3d:camera:rotation":[{"dur":3,"p":{"x":0.19635,"immediateRender":false}}]}}}}},
[00:29:21.047] {"a":"~~~~ change_state() url = ///shot-anim:scope20"},
[00:29:21.048] {"a":"~~~~ change_state() this.prev_url = ///i2d-scene:mf2d0///"},
[00:29:21.048] {"a":"this.terms has term[0] = scene"},
[00:29:21.048] {"a":"params[scene] = "},
[00:29:21.049] {"a":"this.terms has term[1] = i3d"},
[00:29:21.049] {"a":"params[i3d] = "},
[00:29:21.049] {"a":"this.terms has term[2] = i2d"},
[00:29:21.050] {"a":"params[i2d] = shot-anim:scope20"},
[00:29:21.050] {"a":"this.terms has term[3] = base"},
[00:29:21.050] {"a":"params[base] = undefined"},
[00:29:26.350] {"t":"camera3d","f":"tilt (look) up","a":38},
[00:29:26.353] {"t":"Mediator","f":"record","a":{"t":"camera3d","f":"tiltflyBy","a":{"r":0.19635,"d":3}}},
[00:29:26.354] {"t":"narrative","f":"shot","a":{"delta":{"timeline":{"p":{"paused":true,"repeat":0},"actors":{"i3d:camera:rotation":[{"dur":3,"p":{"x":0.3927,"immediateRender":false}}]}}}}},
[00:29:32.057] {"t":"camera3d","f":"pan (look) right","a":39},
[00:29:32.059] {"t":"Mediator","f":"record","a":{"t":"camera3d","f":"panflyBy","a":{"r":-0.19635,"d":3}}},
[00:29:32.059] {"t":"narrative","f":"shot","a":{"delta":{"timeline":{"p":{"paused":true,"repeat":0},"actors":{"i3d:camera:rotation":[{"dur":3,"p":{"y":-0.19635,"immediateRender":false}}]}}}}},
[00:29:44.455] {"t":"camera2d","f":"zoom-in","a":90},
[00:29:44.455] {"t":"Mediator","f":"record","a":{"t":"camera2d","f":"zoomcutBy","a":{"s":1.1111}}},
[00:29:44.455] {"t":"narrative","f":"shot","a":{"delta":{"timeline":{"p":{"paused":true,"repeat":0,"tweens":[]},"actors":{"i2d:zoom_plane":[{"dur":0,"p":{"scale":1.1111,"svgOrigin":"0% 0%","immediateRender":false}}]}}}}},
[00:29:48.584] {"t":"camera2d","f":"zoom-in","a":90},
[00:29:48.586] {"t":"Mediator","f":"record","a":{"t":"camera2d","f":"zoomcutBy","a":{"s":1.1111}}},
[00:29:48.586] {"t":"narrative","f":"shot","a":{"delta":{"timeline":{"p":{"paused":true,"repeat":0,"tweens":[]},"actors":{"i2d:zoom_plane":[{"dur":0,"p":{"scale":1.23454321,"svgOrigin":"0% 0%","immediateRender":false}}]}}}}},
