[00:39:17.466] {"t":"camera3d","f":"place","a":12},
[00:39:17.622] {"t":"camerasphere","f":"create","a":"csphere"},
[00:39:17.623] {"t":"camerasphere","f":"children","a":1},
[00:41:41.107] {"a":"$location===mediator.location is\n              true"},
[00:41:41.138] {"a":"mediator[action.t] = [object Object]"},
[00:41:41.138] {"a":"target = [object Object]"},
[00:41:41.138] {"a":"~~~~ change_state() url = /a:/i3d-simple:simple_green/i2d-scene:disks0/base-skycube:test_cube/ui-msgbg:/LS"},
[00:41:41.138] {"a":"~~~~ change_state() this.prev_url = ^"},
[00:41:41.139] {"a":"this.terms has term[0] = scene"},
[00:41:41.139] {"a":"params[scene] = a:"},
[00:41:41.139] {"a":"this.terms has term[1] = i3d"},
[00:41:41.140] {"a":"params[i3d] = i3d-simple:simple_green"},
[00:41:41.140] {"a":"this.terms has term[2] = i2d"},
[00:41:41.140] {"a":"params[i2d] = i2d-scene:disks0"},
[00:41:41.140] {"a":"this.terms has term[3] = base"},
[00:41:41.140] {"a":"params[base] = base-skycube:test_cube"},
[00:41:41.140] {"a":"this.terms has term[4] = ui"},
[00:41:41.141] {"a":"params[ui] = ui-msgbg:"},
[00:41:41.141] {"a":"this.terms has term[5] = shot"},
[00:41:41.142] {"a":"params[shot] = LS"},
[00:41:41.142] {"a":"ch_st(): $location.url(/a:/i3d-simple:simple_green/i2d-scene:disks0/base-skycube:test_cube//LS)"},
[00:41:41.142] {"t":"mediator","f":"socket.emit.actions","a":{"t":"narrative","f":"change_scene","a":"a"}},
[00:41:41.513] {"t":"app","f":"onEnter","a":{"name":"a:"}},
[00:41:41.513] {"t":"app","f":"onEnter","a":{"name":"i3d-simple:simple_green"}},
[00:41:41.514] {"t":"camera3d","f":"changeTemplateScene"},
[00:41:41.514] {"t":"app","f":"onEnter","a":{"name":"i2d-scene:disks0"}},
[00:41:41.515] {"t":"app","f":"onEnter","a":{"name":"base-skycube:test_cube"}},
[00:41:41.515] {"t":"app","f":"onEnter","a":{"name":"LS"}},
[00:41:41.515] {"t":"timeline","f":"play"},
[00:41:41.516] {"t":"camera3d","f":"addActorToScene","a":"csphere"},
[00:41:41.516] {"t":"camera3d","f":"addActorToScene","a":"axes0"},
[00:41:41.516] {"a":"$location===mediator.location is\n              true"},
[00:41:41.518] {"a":"mediator[action.t] = [object Object]"},
[00:41:41.518] {"a":"target = [object Object]"},
[00:41:41.523] {"t":"camera3d","f":"addActorToScene","a":"cube0"},
[00:41:41.513] {"t":"Mediator","f":"component","a":"narrative"},
[00:41:51.105] {"a":"$location===mediator.location is\n              true"},
[00:41:51.117] {"a":"mediator[action.t] = [object Object]"},
[00:41:51.117] {"a":"target = [object Object]"},
[00:41:51.118] {"a":"~~~~ change_state() url = /a0:/i3d-simple:simple_green/i2d-scene:disks0/base-skycube:test_cube/ui-msgbg:/shot-graft:scope1"},
[00:41:51.120] {"a":"~~~~ change_state() this.prev_url = /a:/i3d-simple:simple_green/i2d-scene:disks0/base-skycube:test_cube//LS"},
[00:41:51.120] {"a":"this.terms has term[0] = scene"},
[00:41:51.120] {"a":"params[scene] = a0:"},
[00:41:51.120] {"a":"this.terms has term[1] = i3d"},
[00:41:51.121] {"a":"params[i3d] = i3d-simple:simple_green"},
[00:41:51.121] {"a":"this.terms has term[2] = i2d"},
[00:41:51.121] {"a":"params[i2d] = i2d-scene:disks0"},
[00:41:51.121] {"a":"this.terms has term[3] = base"},
[00:41:51.122] {"a":"params[base] = base-skycube:test_cube"},
[00:41:51.122] {"a":"this.terms has term[4] = ui"},
[00:41:51.122] {"a":"params[ui] = ui-msgbg:"},
[00:41:51.122] {"a":"this.terms has term[5] = shot"},
[00:41:51.122] {"a":"params[shot] = shot-graft:scope1"},
[00:41:51.122] {"a":"ch_st(): $location.url(/a0://///shot-graft:scope1)"},
[00:41:51.123] {"t":"mediator","f":"socket.emit.actions","a":{"t":"narrative","f":"change_scene","a":"a0"}},
[00:41:51.341] {"t":"app","f":"onEnter","a":{"name":"a0:"}},
[00:41:51.342] {"t":"app","f":"onEnter","a":{"name":"shot-graft:scope1"}},
[00:41:51.343] {"t":"timeline","f":"play"},
[00:41:51.343] {"t":"camera3d","f":"addActorToScene","a":"cube0_3"},
[00:41:51.341] {"t":"Mediator","f":"component","a":"narrative"},
[00:41:51.348] {"t":"camera3d","f":"addActorToScene","a":"cube0_2"},
[00:42:01.090] {"a":"$location===mediator.location is\n              true"},
[00:42:01.098] {"a":"mediator[action.t] = [object Object]"},
[00:42:01.098] {"a":"target = [object Object]"},
[00:42:06.108] {"a":"$location===mediator.location is\n              true"},
[00:42:06.121] {"a":"mediator[action.t] = [object Object]"},
[00:42:06.122] {"a":"target = [object Object]"},
[00:42:06.122] {"a":"~~~~ change_state() url = /a1:/i3d-simple:simple_green/i2d-scene:disks0/base-skycube:test_cube/ui-msgbg:/shot-graft:scope2"},
[00:42:06.122] {"a":"~~~~ change_state() this.prev_url = /a0://///shot-graft:scope1"},
[00:42:06.122] {"a":"this.terms has term[0] = scene"},
[00:42:06.122] {"a":"params[scene] = a1:"},
[00:42:06.122] {"a":"this.terms has term[1] = i3d"},
[00:42:06.123] {"a":"params[i3d] = i3d-simple:simple_green"},
[00:42:06.123] {"a":"this.terms has term[2] = i2d"},
[00:42:06.123] {"a":"params[i2d] = i2d-scene:disks0"},
[00:42:06.123] {"a":"this.terms has term[3] = base"},
[00:42:06.123] {"a":"params[base] = base-skycube:test_cube"},
[00:42:06.123] {"a":"this.terms has term[4] = ui"},
[00:42:06.124] {"a":"params[ui] = ui-msgbg:"},
[00:42:06.124] {"a":"this.terms has term[5] = shot"},
[00:42:06.124] {"a":"params[shot] = shot-graft:scope2"},
[00:42:06.124] {"a":"ch_st(): $location.url(/a1://///shot-graft:scope2)"},
[00:42:06.124] {"t":"mediator","f":"socket.emit.actions","a":{"t":"narrative","f":"change_scene","a":"a1"}},
[00:42:06.309] {"t":"Mediator","f":"component","a":"narrative"},
[00:42:06.309] {"t":"app","f":"onEnter","a":{"name":"a1:"}},
[00:42:06.309] {"t":"app","f":"onEnter","a":{"name":"shot-graft:scope2"}},
[00:42:06.309] {"t":"timeline","f":"play"},
[00:42:06.310] {"t":"camera3d","f":"addActorToScene","a":"s0_2_0"},
[00:42:06.310] {"t":"camera3d","f":"addActorToScene","a":"s0_2_1"},
[00:42:16.116] {"a":"$location===mediator.location is\n              true"},
[00:42:16.125] {"a":"target = [object Object]"},
[00:42:16.124] {"a":"mediator[action.t] = [object Object]"},
[00:42:21.110] {"a":"$location===mediator.location is\n              true"},
[00:42:21.121] {"a":"mediator[action.t] = [object Object]"},
[00:42:21.123] {"a":"target = [object Object]"},
[00:42:21.123] {"a":"~~~~ change_state() url = /a2:/i3d-simple:simple_green/i2d-scene:disks0/base-skycube:test_cube/ui-msgbg:/shot-graft:scope3"},
[00:42:21.123] {"a":"~~~~ change_state() this.prev_url = /a1://///shot-graft:scope2"},
[00:42:21.124] {"a":"this.terms has term[0] = scene"},
[00:42:21.126] {"a":"this.terms has term[1] = i3d"},
[00:42:21.126] {"a":"params[i3d] = i3d-simple:simple_green"},
[00:42:21.126] {"a":"this.terms has term[2] = i2d"},
[00:42:21.126] {"a":"params[i2d] = i2d-scene:disks0"},
[00:42:21.126] {"a":"this.terms has term[3] = base"},
[00:42:21.126] {"a":"params[base] = base-skycube:test_cube"},
[00:42:21.126] {"a":"this.terms has term[4] = ui"},
[00:42:21.127] {"a":"params[ui] = ui-msgbg:"},
[00:42:21.127] {"a":"this.terms has term[5] = shot"},
[00:42:21.127] {"a":"params[shot] = shot-graft:scope3"},
[00:42:21.127] {"a":"ch_st(): $location.url(/a2://///shot-graft:scope3)"},
[00:42:21.128] {"t":"mediator","f":"socket.emit.actions","a":{"t":"narrative","f":"change_scene","a":"a2"}},
[00:42:21.125] {"a":"params[scene] = a2:"},
[00:42:21.177] {"t":"Mediator","f":"component","a":"narrative"},
[00:42:21.178] {"t":"app","f":"onEnter","a":{"name":"a2:"}},
[00:42:21.179] {"t":"app","f":"onEnter","a":{"name":"shot-graft:scope3"}},
[00:42:21.179] {"t":"timeline","f":"play"},
[00:42:31.109] {"a":"$location===mediator.location is\n              true"},
[00:42:31.140] {"a":"mediator[action.t] = [object Object]"},
[00:42:31.142] {"a":"target = [object Object]"},
[00:42:31.143] {"a":"$location===mediator.location is\n              true"},
[00:42:31.147] {"a":"mediator[action.t] = [object Object]"},
[00:42:31.149] {"a":"target = [object Object]"},
[00:42:31.149] {"t":"narrative","f":"shot","a":{"delta":{"timeline":{"p":{"paused":true,"repeat":0},"actors":{"i3d:csphere:position":[{"dur":4,"p":{"x":10,"y":10,"z":-20,"immediateRender":false}}]}}}}},
[00:42:31.149] {"a":"~~~~ change_state() url = /a2:/i3d-simple:simple_green/i2d-scene:disks0/base-skycube:test_cube/ui-msgbg:/shot-anim:scope4"},
[00:42:31.149] {"a":"~~~~ change_state() this.prev_url = /a2://///shot-graft:scope3"},
[00:42:31.149] {"a":"this.terms has term[0] = scene"},
[00:42:31.149] {"a":"params[scene] = a2:"},
[00:42:31.150] {"a":"this.terms has term[1] = i3d"},
[00:42:31.150] {"a":"params[i3d] = i3d-simple:simple_green"},
[00:42:31.150] {"a":"this.terms has term[2] = i2d"},
[00:42:31.151] {"a":"params[i2d] = i2d-scene:disks0"},
[00:42:31.151] {"a":"this.terms has term[3] = base"},
[00:42:31.151] {"a":"params[base] = base-skycube:test_cube"},
[00:42:31.151] {"a":"this.terms has term[4] = ui"},
[00:42:31.151] {"a":"params[ui] = ui-msgbg:"},
[00:42:31.151] {"a":"this.terms has term[5] = shot"},
[00:42:31.151] {"a":"params[shot] = shot-anim:scope4"},
[00:42:31.152] {"a":"ch_st(): $location.url(//////shot-anim:scope4)"},
[00:42:31.153] {"t":"mediator","f":"socket.emit.actions","a":{"t":"camera3d","f":"dollyflyTo","a":{"x":10,"y":10,"z":-20,"d":4}}},
[00:42:31.182] {"t":"Mediator","f":"component","a":"narrative"},
[00:42:31.182] {"t":"app","f":"onEnter","a":{"name":"shot-anim:scope4"}},
[00:42:31.182] {"t":"timeline","f":"play"},
[00:42:35.113] {"a":"$location===mediator.location is\n              true"},
[00:42:35.121] {"a":"mediator[action.t] = [object Object]"},
[00:42:35.121] {"a":"target = [object Object]"},
[00:42:41.141] {"a":"$location===mediator.location is\n              true"},
[00:42:41.150] {"a":"mediator[action.t] = [object Object]"},
[00:42:41.150] {"a":"target = [object Object]"},
[00:42:41.150] {"a":"~~~~ change_state() url = /payments:/i3d-simple:phong_head_sphere_kfb/i2d-empty:/black:/ui-msgbg:/CU:"},
[00:42:41.150] {"a":"~~~~ change_state() this.prev_url = //////shot-anim:scope4"},
[00:42:41.150] {"a":"this.terms has term[0] = scene"},
[00:42:41.150] {"a":"params[scene] = payments:"},
[00:42:41.150] {"a":"this.terms has term[1] = i3d"},
[00:42:41.150] {"a":"params[i3d] = i3d-simple:phong_head_sphere_kfb"},
[00:42:41.151] {"a":"this.terms has term[2] = i2d"},
[00:42:41.151] {"a":"params[i2d] = i2d-empty:"},
[00:42:41.151] {"a":"this.terms has term[3] = base"},
[00:42:41.151] {"a":"params[base] = black:"},
[00:42:41.151] {"a":"this.terms has term[4] = ui"},
[00:42:41.151] {"a":"params[ui] = ui-msgbg:"},
[00:42:41.151] {"a":"this.terms has term[5] = shot"},
[00:42:41.151] {"a":"params[shot] = CU:"},
[00:42:41.151] {"a":"ch_st(): $location.url(/payments:/i3d-simple:phong_head_sphere_kfb/i2d-empty:/black://CU:)"},
[00:42:41.152] {"t":"mediator","f":"socket.emit.actions","a":{"t":"narrative","f":"change_scene","a":"payments"}},
[00:42:42.395] {"t":"Mediator","f":"component","a":"narrative"},
[00:42:42.395] {"t":"app","f":"onEnter","a":{"name":"payments:"}},
[00:42:42.396] {"t":"app","f":"onEnter","a":{"name":"i3d-simple:phong_head_sphere_kfb"}},
[00:42:42.396] {"t":"camera3d","f":"changeTemplateScene"},
[00:42:42.396] {"t":"app","f":"onEnter","a":{"name":"i2d-empty:"}},
[00:42:42.396] {"t":"app","f":"onEnter","a":{"name":"black:"}},
[00:42:42.396] {"t":"app","f":"onEnter","a":{"name":"CU:"}},
[00:42:42.396] {"t":"timeline","f":"play"},
[00:42:42.397] {"t":"camera3d","f":"addActorToScene","a":"sphere_phong"},
[00:42:42.397] {"t":"camera3d","f":"addActorToScene","a":"csphere"},
[00:42:42.397] {"t":"camera3d","f":"addActorToScene","a":"axes0"},
[00:42:42.397] {"t":"camera3d","f":"addActorToScene","a":"sphere_phong"},
[00:42:42.397] {"t":"camera3d","f":"addActorToScene","a":"key"},
[00:42:42.397] {"t":"camera3d","f":"addActorToScene","a":"fill"},
[00:42:42.398] {"t":"camera3d","f":"addActorToScene","a":"back"},
[00:42:42.399] {"t":"camera3d","f":"addActorToScene","a":"key"},
[00:42:42.399] {"t":"camera3d","f":"addActorToScene","a":"fill"},
[00:42:42.399] {"t":"camera3d","f":"addActorToScene","a":"back"},
[00:42:42.399] {"a":"$location===mediator.location is\n              true"},
[00:42:42.399] {"a":"mediator[action.t] = [object Object]"},
[00:42:42.400] {"a":"target = [object Object]"},
[00:42:42.581] {"t":"camera3d","f":"addActorToScene","a":"head_scan"},
[00:42:42.789] {"t":"camera3d","f":"addActorToScene","a":"head_scan"},
[00:42:56.143] {"a":"$location===mediator.location is\n              true"},
[00:42:56.151] {"a":"mediator[action.t] = [object Object]"},
[00:42:56.151] {"a":"target = [object Object]"},
[00:42:56.151] {"t":"mediator","f":"socket.emit.actions","a":{"t":"camera3d","f":"toggle_csphere","a":{"val":false}}},
[00:43:11.146] {"a":"$location===mediator.location is\n              true"},
[00:43:11.148] {"a":"mediator[action.t] = [object Object]"},
[00:43:11.149] {"a":"target = [object Object]"},
[00:43:11.149] {"t":"mediator","f":"socket.emit.actions","a":{"t":"camera3d","f":"toggle_csphere","a":{"val":true}}},
[00:43:21.150] {"a":"$location===mediator.location is\n              true"},
[00:43:21.152] {"a":"mediator[action.t] = [object Object]"},
[00:43:21.152] {"a":"target = [object Object]"},
[00:43:21.152] {"t":"mediator","f":"socket.emit.actions","a":{"t":"camera3d","f":"toggle_light","a":{"name":"key","val":false}}},
[00:43:36.152] {"a":"$location===mediator.location is\n              true"},
[00:43:36.156] {"a":"mediator[action.t] = [object Object]"},
[00:43:36.156] {"a":"target = [object Object]"},
[00:43:36.156] {"t":"mediator","f":"socket.emit.actions","a":{"t":"camera3d","f":"toggle_light","a":{"name":"fill","val":false}}},
[00:43:46.152] {"a":"$location===mediator.location is\n              true"},
[00:43:46.154] {"a":"mediator[action.t] = [object Object]"},
[00:43:46.155] {"a":"target = [object Object]"},
[00:43:46.155] {"t":"mediator","f":"socket.emit.actions","a":{"t":"camera3d","f":"toggle_light","a":{"name":"back","val":false}}},
[00:44:01.157] {"a":"$location===mediator.location is\n              true"},
[00:44:01.159] {"a":"mediator[action.t] = [object Object]"},
[00:44:01.160] {"a":"target = [object Object]"},
[00:44:01.160] {"t":"mediator","f":"socket.emit.actions","a":{"t":"camera3d","f":"toggle_light","a":{"name":"key","val":true}}},
[00:44:11.160] {"a":"$location===mediator.location is\n              true"},
[00:44:11.162] {"a":"mediator[action.t] = [object Object]"},
[00:44:11.163] {"a":"target = [object Object]"},
[00:44:11.163] {"t":"mediator","f":"socket.emit.actions","a":{"t":"camera3d","f":"toggle_light","a":{"name":"fill","val":true}}},
[00:44:21.161] {"a":"$location===mediator.location is\n              true"},
[00:44:21.162] {"a":"mediator[action.t] = [object Object]"},
[00:44:21.163] {"a":"target = [object Object]"},
[00:44:21.163] {"t":"mediator","f":"socket.emit.actions","a":{"t":"camera3d","f":"toggle_light","a":{"name":"back","val":true}}},
[00:44:36.163] {"a":"$location===mediator.location is\n              true"},
[00:44:36.174] {"a":"mediator[action.t] = [object Object]"},
[00:44:36.174] {"a":"target = [object Object]"},
[00:44:36.174] {"a":"~~~~ change_state() url = /a:/i3d-simple:simple_green/i2d-scene:disks0/base-skycube:test_cube/ui-msgbg:/LS"},
[00:44:36.174] {"a":"~~~~ change_state() this.prev_url = /payments:/i3d-simple:phong_head_sphere_kfb/i2d-empty:/black://CU:"},
[00:44:36.174] {"a":"this.terms has term[0] = scene"},
[00:44:36.174] {"a":"params[scene] = a:"},
[00:44:36.174] {"a":"this.terms has term[1] = i3d"},
[00:44:36.175] {"a":"params[i3d] = i3d-simple:simple_green"},
[00:44:36.175] {"a":"this.terms has term[2] = i2d"},
[00:44:36.175] {"a":"params[i2d] = i2d-scene:disks0"},
[00:44:36.175] {"a":"this.terms has term[3] = base"},
[00:44:36.175] {"a":"params[base] = base-skycube:test_cube"},
[00:44:36.175] {"a":"this.terms has term[4] = ui"},
[00:44:36.178] {"a":"params[ui] = ui-msgbg:"},
[00:44:36.178] {"a":"this.terms has term[5] = shot"},
[00:44:36.178] {"a":"params[shot] = LS"},
[00:44:36.178] {"a":"ch_st(): $location.url(/a:/i3d-simple:simple_green/i2d-scene:disks0/base-skycube:test_cube//LS)"},
[00:44:36.178] {"t":"mediator","f":"socket.emit.actions","a":{"t":"narrative","f":"change_scene","a":"a"}},
[00:44:36.461] {"t":"Mediator","f":"component","a":"narrative"},
[00:44:36.461] {"t":"app","f":"onEnter","a":{"name":"a:"}},
[00:44:36.461] {"t":"app","f":"onEnter","a":{"name":"i3d-simple:simple_green"}},
[00:44:36.462] {"t":"camera3d","f":"changeTemplateScene"},
[00:44:36.462] {"t":"app","f":"onEnter","a":{"name":"i2d-scene:disks0"}},
[00:44:36.463] {"t":"app","f":"onEnter","a":{"name":"base-skycube:test_cube"}},
[00:44:36.463] {"t":"app","f":"onEnter","a":{"name":"LS"}},
[00:44:36.463] {"t":"timeline","f":"play"},
[00:44:36.463] {"t":"camera3d","f":"addActorToScene","a":"csphere"},
[00:44:36.463] {"t":"camera3d","f":"addActorToScene","a":"axes0"},
[00:44:36.464] {"a":"$location===mediator.location is\n              true"},
[00:44:36.464] {"a":"mediator[action.t] = [object Object]"},
[00:44:36.464] {"a":"target = [object Object]"},
[00:44:36.487] {"t":"camera3d","f":"addActorToScene","a":"cube0"},
[00:44:36.488] {"t":"camera3d","f":"addActorToScene","a":"cube0"},
[00:44:36.488] {"t":"camera3d","f":"addActorToScene","a":"cube0"},
[00:44:46.164] {"a":"$location===mediator.location is\n              true"},
[00:44:46.175] {"a":"mediator[action.t] = [object Object]"},
[00:44:46.175] {"a":"target = [object Object]"},
[00:44:46.175] {"a":"~~~~ change_state() url = /a:/i3d-simple:simple_green/i2d-scene:disks0/base-skycube:test_cube/ui-msgbg:/shot-graft:scope7"},
[00:44:46.175] {"a":"~~~~ change_state() this.prev_url = /a:/i3d-simple:simple_green/i2d-scene:disks0/base-skycube:test_cube//LS"},
[00:44:46.175] {"a":"this.terms has term[0] = scene"},
[00:44:46.176] {"a":"params[scene] = a:"},
[00:44:46.176] {"a":"this.terms has term[1] = i3d"},
[00:44:46.176] {"a":"params[i3d] = i3d-simple:simple_green"},
[00:44:46.176] {"a":"this.terms has term[2] = i2d"},
[00:44:46.178] {"a":"params[i2d] = i2d-scene:disks0"},
[00:44:46.178] {"a":"this.terms has term[3] = base"},
[00:44:46.178] {"a":"params[base] = base-skycube:test_cube"},
[00:44:46.178] {"a":"this.terms has term[4] = ui"},
[00:44:46.178] {"a":"params[ui] = ui-msgbg:"},
[00:44:46.178] {"a":"this.terms has term[5] = shot"},
[00:44:46.179] {"a":"params[shot] = shot-graft:scope7"},
[00:44:46.179] {"a":"ch_st(): $location.url(//////shot-graft:scope7)"},
[00:44:46.179] {"t":"mediator","f":"socket.emit.actions","a":{"t":"narrative","f":"shot","a":"shot-graft:{\"delta\":{\"timeline\":{\"p\":{\"repeat\":0},\"actors\":{\"i3d:cube0:scale\":[{\"dur\":10,\"p\":{\"x\":0.5,\"y\":0.5,\"z\":0.5}}]}},\"branches\":{\"cube0\":{\"children\":{\"cube0_2\":{\"form\":{\"type\":\"'cube.i3d'\",\"x\":0,\"y\":0,\"z\":0,\"textureurl\":\"./images/sky.jpg\",\"w\":5,\"h\":10,\"d\":10,\"color\":\"blue\",\"transparent\":true,\"opacity\":1},\"transform\":{\"t\":[-20,-10,0],\"s\":[0.01,0.01,0.01]},\"children\":{}},\"cube0_3\":{\"form\":{\"type\":\"'cube.i3d'\",\"x\":0,\"y\":-20,\"z\":0,\"textureurl\":\"sky_jpg\",\"w\":5,\"h\":10,\"d\":10,\"color\":\"blue\",\"transparent\":true,\"opacity\":1},\"transform\":{\"t\":[20,0,0],\"s\":[0.01,0.01,0.01]},\"children\":{}}}}}}}"}},
[00:44:46.492] {"t":"Mediator","f":"component","a":"narrative"},
[00:44:46.493] {"t":"app","f":"onEnter","a":{"name":"shot-graft:scope7"}},
[00:44:46.493] {"t":"timeline","f":"play"},
[00:44:46.494] {"t":"camera3d","f":"addActorToScene","a":"cube0_3"},
[00:44:46.494] {"t":"camera3d","f":"addActorToScene","a":"cube0_3"},
[00:44:46.514] {"t":"camera3d","f":"addActorToScene","a":"cube0_2"},
[00:44:46.513] {"t":"camera3d","f":"addActorToScene","a":"cube0_2"},
[00:44:56.149] {"a":"$location===mediator.location is\n              true"},
[00:44:56.188] {"a":"mediator[action.t] = [object Object]"},
[00:44:56.188] {"a":"target = [object Object]"},
[00:44:56.189] {"a":"$location===mediator.location is\n              true"},
[00:44:56.189] {"a":"mediator[action.t] = [object Object]"},
[00:44:56.189] {"a":"target = [object Object]"},
[00:44:56.189] {"a":"~~~~ change_state() url = /a:/i3d-simple:simple_green/i2d-scene:disks0/base-skycube:test_cube/ui-msgbg:/shot-graft:scope8"},
[00:44:56.189] {"a":"~~~~ change_state() this.prev_url = //////shot-graft:scope7"},
[00:44:56.189] {"a":"this.terms has term[0] = scene"},
[00:44:56.190] {"a":"params[scene] = a:"},
[00:44:56.190] {"a":"this.terms has term[1] = i3d"},
[00:44:56.190] {"a":"params[i3d] = i3d-simple:simple_green"},
[00:44:56.191] {"a":"this.terms has term[2] = i2d"},
[00:44:56.191] {"a":"params[i2d] = i2d-scene:disks0"},
[00:44:56.191] {"a":"this.terms has term[3] = base"},
[00:44:56.191] {"a":"params[base] = base-skycube:test_cube"},
[00:44:56.192] {"a":"this.terms has term[4] = ui"},
[00:44:56.192] {"a":"params[ui] = ui-msgbg:"},
[00:44:56.192] {"a":"this.terms has term[5] = shot"},
[00:44:56.193] {"a":"params[shot] = shot-graft:scope8"},
[00:44:56.193] {"a":"ch_st(): $location.url(//////shot-graft:scope8)"},
[00:44:56.193] {"t":"mediator","f":"socket.emit.actions","a":{"t":"narrative","f":"shot","a":"shot-graft:{\"delta\":{\"timeline\":{\"p\":{\"repeat\":0},\"actors\":{\"i3d:cube0_2:scale\":[{\"dur\":10,\"p\":{\"x\":1,\"y\":1,\"z\":1}}],\"i3d:cube0_3:scale\":[{\"dur\":10,\"p\":{\"x\":1,\"y\":1,\"z\":1}}]}},\"branches\":{\"cube0_2\":{\"children\":{\"s0_2_0\":{\"form\":{\"type\":\"'sphere.i3d'\",\"r\":5,\"color\":\"blue\",\"transparent\":true,\"opacity\":0.8},\"transform\":{\"e\":[0,-0.785,0],\"t\":[-10,-10,0],\"s\":[0.01,0.01,0.01]},\"children\":{}},\"s0_2_1\":{\"form\":{\"type\":\"'sphere.i3d'\",\"r\":5,\"color\":\"blue\",\"transparent\":true,\"opacity\":0.8},\"transform\":{\"e\":[0,0.785,0],\"t\":[10,10,0],\"s\":[0.01,0.01,0.01]},\"children\":{}}}}}}}"}},
[00:44:56.473] {"t":"Mediator","f":"component","a":"narrative"},
[00:44:56.474] {"t":"app","f":"onEnter","a":{"name":"shot-graft:scope8"}},
[00:44:56.474] {"t":"timeline","f":"play"},
[00:44:56.474] {"t":"camera3d","f":"addActorToScene","a":"s0_2_0"},
[00:44:56.474] {"t":"camera3d","f":"addActorToScene","a":"s0_2_1"},
[00:44:56.475] {"t":"camera3d","f":"addActorToScene","a":"s0_2_0"},
[00:44:56.475] {"t":"camera3d","f":"addActorToScene","a":"s0_2_1"},
[00:45:06.149] {"a":"$location===mediator.location is\n              true"},
[00:45:06.159] {"a":"mediator[action.t] = [object Object]"},
[00:45:06.159] {"a":"target = [object Object]"},
[00:45:11.192] {"a":"$location===mediator.location is\n              true"},
[00:45:11.216] {"a":"mediator[action.t] = [object Object]"},
[00:45:11.217] {"a":"target = [object Object]"},
[00:45:11.217] {"a":"~~~~ change_state() url = /a:/i3d-simple:simple_green/i2d-scene:disks0/base-skycube:test_cube/ui-msgbg:/shot-graft:scope9"},
[00:45:11.219] {"a":"~~~~ change_state() this.prev_url = //////shot-graft:scope8"},
[00:45:11.220] {"a":"this.terms has term[0] = scene"},
[00:45:11.221] {"a":"params[scene] = a:"},
[00:45:11.221] {"a":"this.terms has term[1] = i3d"},
[00:45:11.222] {"a":"params[i3d] = i3d-simple:simple_green"},
[00:45:11.222] {"a":"this.terms has term[2] = i2d"},
[00:45:11.222] {"a":"params[i2d] = i2d-scene:disks0"},
[00:45:11.222] {"a":"this.terms has term[3] = base"},
[00:45:11.222] {"a":"params[base] = base-skycube:test_cube"},
[00:45:11.222] {"a":"this.terms has term[4] = ui"},
[00:45:11.222] {"a":"params[ui] = ui-msgbg:"},
[00:45:11.223] {"a":"this.terms has term[5] = shot"},
[00:45:11.223] {"a":"params[shot] = shot-graft:scope9"},
[00:45:11.223] {"a":"ch_st(): $location.url(//////shot-graft:scope9)"},
[00:45:11.223] {"t":"mediator","f":"socket.emit.actions","a":{"t":"narrative","f":"shot","a":"shot-graft:{\"delta\":{\"timeline\":{\"p\":{\"repeat\":0},\"actors\":{\"i3d:s0_2_0:scale\":[{\"dur\":10,\"p\":{\"x\":1,\"y\":1,\"z\":1}}],\"i3d:s0_2_1:scale\":[{\"dur\":10,\"p\":{\"x\":1,\"y\":1,\"z\":1}}]}},\"branches\":{}}}"}},
[00:45:11.264] {"t":"timeline","f":"play"},
[00:45:11.264] {"t":"app","f":"onEnter","a":{"name":"shot-graft:scope9"}},
[00:45:11.264] {"t":"Mediator","f":"component","a":"narrative"},
[00:45:21.206] {"a":"$location===mediator.location is\n              true"},
[00:45:21.210] {"a":"mediator[action.t] = [object Object]"},
[00:45:21.210] {"a":"target = [object Object]"},
[00:45:26.197] {"a":"$location===mediator.location is\n              true"},
[00:45:26.211] {"a":"mediator[action.t] = [object Object]"},
[00:45:26.211] {"a":"target = [object Object]"},
[00:45:26.211] {"t":"narrative","f":"shot","a":{"delta":{"timeline":{"p":{"paused":true,"repeat":0},"actors":{"i3d:camera:rotation":[{"dur":4,"p":{"y":0.7854,"immediateRender":false}}]}}}}},
[00:45:26.212] {"a":"~~~~ change_state() url = /a:/i3d-simple:simple_green/i2d-scene:disks0/base-skycube:test_cube/ui-msgbg:/shot-anim:scope10"},
[00:45:26.212] {"a":"~~~~ change_state() this.prev_url = //////shot-graft:scope9"},
[00:45:26.213] {"a":"this.terms has term[0] = scene"},
[00:45:26.213] {"a":"params[scene] = a:"},
[00:45:26.213] {"a":"this.terms has term[1] = i3d"},
[00:45:26.214] {"a":"params[i3d] = i3d-simple:simple_green"},
[00:45:26.214] {"a":"this.terms has term[2] = i2d"},
[00:45:26.214] {"a":"params[i2d] = i2d-scene:disks0"},
[00:45:26.214] {"a":"this.terms has term[3] = base"},
[00:45:26.214] {"a":"params[base] = base-skycube:test_cube"},
[00:45:26.214] {"a":"this.terms has term[4] = ui"},
[00:45:26.214] {"a":"params[ui] = ui-msgbg:"},
[00:45:26.214] {"a":"this.terms has term[5] = shot"},
[00:45:26.214] {"a":"params[shot] = shot-anim:scope10"},
[00:45:26.214] {"a":"ch_st(): $location.url(//////shot-anim:scope10)"},
[00:45:26.215] {"t":"mediator","f":"socket.emit.actions","a":{"t":"camera3d","f":"panflyTo","a":{"r":0.7854,"d":4}}},
[00:45:26.258] {"t":"Mediator","f":"component","a":"narrative"},
[00:45:26.259] {"t":"app","f":"onEnter","a":{"name":"shot-anim:scope10"}},
[00:45:26.262] {"t":"timeline","f":"play"},
[00:45:30.189] {"a":"$location===mediator.location is\n              true"},
[00:45:30.195] {"a":"mediator[action.t] = [object Object]"},
[00:45:30.195] {"a":"target = [object Object]"},
[00:45:36.197] {"a":"$location===mediator.location is\n              true"},
[00:45:36.234] {"a":"mediator[action.t] = [object Object]"},
[00:45:36.234] {"a":"target = [object Object]"},
[00:45:36.234] {"a":"~~~~ change_state() url = /footprint:/i3d-scene:scene1/i2d-empty:/escher:/ui-msgbg:/ECU:"},
[00:45:36.234] {"a":"~~~~ change_state() this.prev_url = //////shot-anim:scope10"},
[00:45:36.235] {"a":"this.terms has term[0] = scene"},
[00:45:36.235] {"a":"params[scene] = footprint:"},
[00:45:36.236] {"a":"this.terms has term[1] = i3d"},
[00:45:36.236] {"a":"params[i3d] = i3d-scene:scene1"},
[00:45:36.236] {"a":"this.terms has term[2] = i2d"},
[00:45:36.236] {"a":"params[i2d] = i2d-empty:"},
[00:45:36.237] {"a":"this.terms has term[3] = base"},
[00:45:36.238] {"a":"params[base] = escher:"},
[00:45:36.238] {"a":"this.terms has term[4] = ui"},
[00:45:36.238] {"a":"params[ui] = ui-msgbg:"},
[00:45:36.238] {"a":"this.terms has term[5] = shot"},
[00:45:36.238] {"a":"params[shot] = ECU:"},
[00:45:36.238] {"a":"ch_st(): $location.url(/footprint:/i3d-scene:scene1/i2d-empty:/escher://ECU:)"},
[00:45:36.238] {"t":"mediator","f":"socket.emit.actions","a":{"t":"narrative","f":"change_scene","a":"footprint"}},
[00:45:40.140] {"t":"Mediator","f":"component","a":"narrative"},
[00:45:40.140] {"t":"app","f":"onEnter","a":{"name":"footprint:"}},
[00:45:40.141] {"t":"app","f":"onEnter","a":{"name":"i3d-scene:scene1"}},
[00:45:40.141] {"t":"app","f":"onEnter","a":{"name":"escher:"}},
[00:45:40.141] {"t":"app","f":"onEnter","a":{"name":"i2d-empty:"}},
[00:45:40.141] {"t":"camera3d","f":"changeTemplateScene"},
[00:45:40.141] {"t":"app","f":"onEnter","a":{"name":"ECU:"}},
[00:45:40.142] {"t":"timeline","f":"play"},
[00:45:40.142] {"t":"camera3d","f":"addBillboardToScene","a":"bb_singular2"},
[00:45:40.142] {"t":"camera3d","f":"addBillboardToScene","a":"bb0"},
[00:45:40.142] {"t":"camera3d","f":"addBillboardToScene","a":"bb1"},
[00:45:40.142] {"t":"camera3d","f":"addBillboardToScene","a":"bb2"},
[00:45:40.143] {"t":"camera3d","f":"addBillboardToScene","a":"bb3"},
[00:45:40.143] {"t":"camera3d","f":"addBillboardToScene","a":"bb4"},
[00:45:40.143] {"t":"camera3d","f":"addBillboardToScene","a":"bb5"},
[00:45:40.143] {"t":"camera3d","f":"addBillboardToScene","a":"bb6"},
[00:45:40.143] {"t":"camera3d","f":"addBillboardToScene","a":"bb7"},
[00:45:40.144] {"t":"camera3d","f":"addBillboardToScene","a":"bb8"},
[00:45:40.144] {"t":"camera3d","f":"addBillboardToScene","a":"bb18"},
[00:45:40.144] {"t":"camera3d","f":"addBillboardToScene","a":"bb19"},
[00:45:40.144] {"t":"camera3d","f":"addBillboardToScene","a":"bb20"},
[00:45:40.144] {"t":"camera3d","f":"addBillboardToScene","a":"bb21"},
[00:45:40.145] {"t":"camera3d","f":"addBillboardToScene","a":"bb23"},
[00:45:40.144] {"t":"camera3d","f":"addBillboardToScene","a":"bb22"},
[00:45:40.145] {"t":"camera3d","f":"addBillboardToScene","a":"bb24"},
[00:45:40.145] {"t":"camera3d","f":"addBillboardToScene","a":"bb25"},
[00:45:40.146] {"t":"camera3d","f":"addBillboardToScene","a":"bb26"},
[00:45:40.146] {"t":"camera3d","f":"addBillboardToScene","a":"bb54"},
[00:45:40.146] {"t":"camera3d","f":"addBillboardToScene","a":"bb55"},
[00:45:40.146] {"t":"camera3d","f":"addBillboardToScene","a":"bb56"},
[00:45:40.146] {"t":"camera3d","f":"addBillboardToScene","a":"bb57"},
[00:45:40.146] {"t":"camera3d","f":"addBillboardToScene","a":"bb58"},
[00:45:40.146] {"t":"camera3d","f":"addBillboardToScene","a":"bb59"},
[00:45:40.146] {"t":"camera3d","f":"addBillboardToScene","a":"bb60"},
[00:45:40.147] {"t":"camera3d","f":"addBillboardToScene","a":"bb61"},
[00:45:40.147] {"t":"camera3d","f":"addBillboardToScene","a":"bb62"},
[00:45:40.147] {"t":"camera3d","f":"addBillboardToScene","a":"bb_singular2"},
[00:45:40.147] {"t":"camera3d","f":"addBillboardToScene","a":"bb0"},
[00:45:40.148] {"t":"camera3d","f":"addBillboardToScene","a":"bb1"},
[00:45:40.148] {"t":"camera3d","f":"addBillboardToScene","a":"bb2"},
[00:45:40.148] {"t":"camera3d","f":"addBillboardToScene","a":"bb3"},
[00:45:40.148] {"t":"camera3d","f":"addBillboardToScene","a":"bb4"},
[00:45:40.148] {"t":"camera3d","f":"addBillboardToScene","a":"bb5"},
[00:45:40.148] {"t":"camera3d","f":"addBillboardToScene","a":"bb6"},
[00:45:40.149] {"t":"camera3d","f":"addBillboardToScene","a":"bb7"},
[00:45:40.149] {"t":"camera3d","f":"addBillboardToScene","a":"bb8"},
[00:45:40.149] {"t":"camera3d","f":"addBillboardToScene","a":"bb18"},
[00:45:40.149] {"t":"camera3d","f":"addBillboardToScene","a":"bb19"},
[00:45:40.149] {"t":"camera3d","f":"addBillboardToScene","a":"bb20"},
[00:45:40.149] {"t":"camera3d","f":"addBillboardToScene","a":"bb21"},
[00:45:40.149] {"t":"camera3d","f":"addBillboardToScene","a":"bb22"},
[00:45:40.150] {"t":"camera3d","f":"addBillboardToScene","a":"bb23"},
[00:45:40.150] {"t":"camera3d","f":"addBillboardToScene","a":"bb24"},
[00:45:40.150] {"t":"camera3d","f":"addBillboardToScene","a":"bb26"},
[00:45:40.150] {"t":"camera3d","f":"addBillboardToScene","a":"bb54"},
[00:45:40.150] {"t":"camera3d","f":"addBillboardToScene","a":"bb56"},
[00:45:40.150] {"t":"camera3d","f":"addBillboardToScene","a":"bb55"},
[00:45:40.150] {"t":"camera3d","f":"addBillboardToScene","a":"bb25"},
[00:45:40.151] {"t":"camera3d","f":"addBillboardToScene","a":"bb57"},
[00:45:40.151] {"t":"camera3d","f":"addBillboardToScene","a":"bb61"},
[00:45:40.151] {"t":"camera3d","f":"addBillboardToScene","a":"bb62"},
[00:45:40.151] {"t":"camera3d","f":"addBillboardToScene","a":"bb59"},
[00:45:40.152] {"t":"camera3d","f":"addBillboardToScene","a":"bb0"},
[00:45:40.151] {"t":"camera3d","f":"addBillboardToScene","a":"bb60"},
[00:45:40.152] {"t":"camera3d","f":"addBillboardToScene","a":"bb1"},
[00:45:40.152] {"t":"camera3d","f":"addBillboardToScene","a":"bb2"},
[00:45:40.154] {"t":"camera3d","f":"addBillboardToScene","a":"bb3"},
[00:45:40.154] {"t":"camera3d","f":"addBillboardToScene","a":"bb4"},
[00:45:40.154] {"t":"camera3d","f":"addBillboardToScene","a":"bb5"},
[00:45:40.154] {"t":"camera3d","f":"addBillboardToScene","a":"bb6"},
[00:45:40.154] {"t":"camera3d","f":"addBillboardToScene","a":"bb7"},
[00:45:40.152] {"t":"camera3d","f":"addBillboardToScene","a":"bb_singular2"},
[00:45:40.155] {"t":"camera3d","f":"addBillboardToScene","a":"bb22"},
[00:45:40.155] {"t":"camera3d","f":"addBillboardToScene","a":"bb21"},
[00:45:40.155] {"t":"camera3d","f":"addBillboardToScene","a":"bb8"},
[00:45:40.155] {"t":"camera3d","f":"addBillboardToScene","a":"bb19"},
[00:45:40.155] {"t":"camera3d","f":"addBillboardToScene","a":"bb20"},
[00:45:40.156] {"t":"camera3d","f":"addBillboardToScene","a":"bb23"},
[00:45:40.156] {"t":"camera3d","f":"addBillboardToScene","a":"bb24"},
[00:45:40.157] {"t":"camera3d","f":"addBillboardToScene","a":"bb56"},
[00:45:40.155] {"t":"camera3d","f":"addBillboardToScene","a":"bb18"},
[00:45:40.156] {"t":"camera3d","f":"addBillboardToScene","a":"bb55"},
[00:45:40.156] {"t":"camera3d","f":"addBillboardToScene","a":"bb25"},
[00:45:40.156] {"t":"camera3d","f":"addBillboardToScene","a":"bb26"},
[00:45:40.157] {"t":"camera3d","f":"addBillboardToScene","a":"bb60"},
[00:45:40.156] {"t":"camera3d","f":"addBillboardToScene","a":"bb54"},
[00:45:40.157] {"t":"camera3d","f":"addBillboardToScene","a":"bb58"},
[00:45:40.157] {"t":"camera3d","f":"addBillboardToScene","a":"bb59"},
[00:45:40.157] {"t":"camera3d","f":"addBillboardToScene","a":"bb61"},
[00:45:40.158] {"t":"camera3d","f":"addActorToScene","a":"csphere"},
[00:45:40.158] {"t":"camera3d","f":"addBillboardToScene","a":"bb_singular2"},
[00:45:40.158] {"t":"camera3d","f":"addBillboardToScene","a":"bb62"},
[00:45:40.158] {"t":"camera3d","f":"addBillboardToScene","a":"bb0"},
[00:45:40.159] {"t":"camera3d","f":"addBillboardToScene","a":"bb4"},
[00:45:40.157] {"t":"camera3d","f":"addBillboardToScene","a":"bb57"},
[00:45:40.158] {"t":"camera3d","f":"addBillboardToScene","a":"bb1"},
[00:45:40.158] {"t":"camera3d","f":"addBillboardToScene","a":"bb2"},
[00:45:40.159] {"t":"camera3d","f":"addBillboardToScene","a":"bb5"},
[00:45:40.159] {"t":"camera3d","f":"addBillboardToScene","a":"bb6"},
[00:45:40.158] {"t":"camera3d","f":"addBillboardToScene","a":"bb3"},
[00:45:40.159] {"t":"camera3d","f":"addBillboardToScene","a":"bb8"},
[00:45:40.159] {"t":"camera3d","f":"addBillboardToScene","a":"bb18"},
[00:45:40.159] {"t":"camera3d","f":"addBillboardToScene","a":"bb7"},
[00:45:40.160] {"t":"camera3d","f":"addBillboardToScene","a":"bb20"},
[00:45:40.160] {"t":"camera3d","f":"addBillboardToScene","a":"bb21"},
[00:45:40.160] {"t":"camera3d","f":"addBillboardToScene","a":"bb22"},
[00:45:40.160] {"t":"camera3d","f":"addBillboardToScene","a":"bb19"},
[00:45:40.151] {"t":"camera3d","f":"addBillboardToScene","a":"bb58"},
[00:45:40.160] {"t":"camera3d","f":"addBillboardToScene","a":"bb23"},
[00:45:40.160] {"t":"camera3d","f":"addBillboardToScene","a":"bb24"},
[00:45:40.161] {"t":"camera3d","f":"addBillboardToScene","a":"bb25"},
[00:45:40.161] {"t":"camera3d","f":"addBillboardToScene","a":"bb26"},
[00:45:40.161] {"t":"camera3d","f":"addBillboardToScene","a":"bb54"},
[00:45:40.161] {"t":"camera3d","f":"addBillboardToScene","a":"bb55"},
[00:45:40.161] {"t":"camera3d","f":"addBillboardToScene","a":"bb56"},
[00:45:40.162] {"t":"camera3d","f":"addBillboardToScene","a":"bb57"},
[00:45:40.162] {"t":"camera3d","f":"addBillboardToScene","a":"bb58"},
[00:45:40.162] {"t":"camera3d","f":"addBillboardToScene","a":"bb59"},
[00:45:40.162] {"t":"camera3d","f":"addBillboardToScene","a":"bb60"},
[00:45:40.162] {"t":"camera3d","f":"addBillboardToScene","a":"bb61"},
[00:45:40.162] {"t":"camera3d","f":"addBillboardToScene","a":"bb62"},
[00:45:40.162] {"a":"$location===mediator.location is\n              true"},
[00:45:40.163] {"a":"mediator[action.t] = [object Object]"},
[00:45:40.163] {"a":"target = [object Object]"},
[00:45:40.244] {"t":"camera3d","f":"addBillboardToScene","a":"bb_singular"},
[00:45:40.284] {"t":"camera3d","f":"addBillboardToScene","a":"bb_singular"},
[00:45:40.285] {"t":"camera3d","f":"addBillboardToScene","a":"bb_singular"},
[00:45:40.285] {"t":"camera3d","f":"addBillboardToScene","a":"bb_singular"},
[00:45:56.202] {"a":"$location===mediator.location is\n              true"},
[00:45:56.219] {"a":"mediator[action.t] = [object Object]"},
[00:45:56.219] {"a":"target = [object Object]"},
[00:45:56.219] {"t":"narrative","f":"shot","a":{"delta":{"timeline":{"p":{"paused":true,"repeat":0},"actors":{"i3d:camera:rotation":[{"dur":4,"p":{"y":0.7854,"immediateRender":false}}]}}}}},
[00:45:56.220] {"a":"~~~~ change_state() url = /footprint:/i3d-scene:scene1/i2d-empty:/escher:/ui-msgbg:/shot-anim:scope12"},
[00:45:56.220] {"a":"~~~~ change_state() this.prev_url = /footprint:/i3d-scene:scene1/i2d-empty:/escher://ECU:"},
[00:45:56.220] {"a":"this.terms has term[0] = scene"},
[00:45:56.220] {"a":"params[scene] = footprint:"},
[00:45:56.220] {"a":"this.terms has term[1] = i3d"},
[00:45:56.220] {"a":"params[i3d] = i3d-scene:scene1"},
[00:45:56.220] {"a":"this.terms has term[2] = i2d"},
[00:45:56.220] {"a":"params[i2d] = i2d-empty:"},
[00:45:56.221] {"a":"this.terms has term[3] = base"},
[00:45:56.221] {"a":"params[base] = escher:"},
[00:45:56.221] {"a":"this.terms has term[4] = ui"},
[00:45:56.221] {"a":"params[ui] = ui-msgbg:"},
[00:45:56.221] {"a":"this.terms has term[5] = shot"},
[00:45:56.221] {"a":"params[shot] = shot-anim:scope12"},
[00:45:56.222] {"a":"ch_st(): $location.url(//////shot-anim:scope12)"},
[00:45:56.223] {"t":"mediator","f":"socket.emit.actions","a":{"t":"camera3d","f":"panflyTo","a":{"r":0.7854,"d":4}}},
[00:45:56.286] {"t":"Mediator","f":"component","a":"narrative"},
[00:45:56.287] {"t":"app","f":"onEnter","a":{"name":"shot-anim:scope12"}},
[00:45:56.287] {"t":"timeline","f":"play"},
[00:46:00.213] {"a":"$location===mediator.location is\n              true"},
[00:46:00.218] {"a":"target = [object Object]"},
[00:46:00.218] {"a":"mediator[action.t] = [object Object]"},
[00:46:06.204] {"a":"$location===mediator.location is\n              true"},
[00:46:06.219] {"a":"mediator[action.t] = [object Object]"},
[00:46:06.219] {"a":"target = [object Object]"},
[00:46:06.219] {"t":"narrative","f":"shot","a":{"delta":{"timeline":{"p":{"paused":true,"repeat":0},"actors":{"i3d:camera:rotation":[{"dur":4,"p":{"x":0.7854,"immediateRender":false}}]}}}}},
[00:46:06.220] {"a":"~~~~ change_state() url = /footprint:/i3d-scene:scene1/i2d-empty:/escher:/ui-msgbg:/shot-anim:scope13"},
[00:46:06.220] {"a":"~~~~ change_state() this.prev_url = //////shot-anim:scope12"},
[00:46:06.220] {"a":"this.terms has term[0] = scene"},
[00:46:06.220] {"a":"params[scene] = footprint:"},
[00:46:06.220] {"a":"this.terms has term[1] = i3d"},
[00:46:06.220] {"a":"params[i3d] = i3d-scene:scene1"},
[00:46:06.220] {"a":"this.terms has term[2] = i2d"},
[00:46:06.221] {"a":"params[i2d] = i2d-empty:"},
[00:46:06.221] {"a":"this.terms has term[3] = base"},
[00:46:06.221] {"a":"params[base] = escher:"},
[00:46:06.221] {"a":"this.terms has term[4] = ui"},
[00:46:06.221] {"a":"params[ui] = ui-msgbg:"},
[00:46:06.221] {"a":"this.terms has term[5] = shot"},
[00:46:06.221] {"a":"params[shot] = shot-anim:scope13"},
[00:46:06.221] {"a":"ch_st(): $location.url(//////shot-anim:scope13)"},
[00:46:06.222] {"t":"mediator","f":"socket.emit.actions","a":{"t":"camera3d","f":"tiltflyTo","a":{"r":0.7854,"d":4}}},
[00:46:06.287] {"t":"Mediator","f":"component","a":"narrative"},
[00:46:06.287] {"t":"app","f":"onEnter","a":{"name":"shot-anim:scope13"}},
[00:46:06.287] {"t":"timeline","f":"play"},
[00:46:10.203] {"a":"$location===mediator.location is\n              true"},
[00:46:10.209] {"a":"mediator[action.t] = [object Object]"},
[00:46:10.209] {"a":"target = [object Object]"},
[00:46:21.209] {"a":"$location===mediator.location is\n              true"},
[00:46:21.210] {"a":"mediator[action.t] = [object Object]"},
[00:46:21.210] {"a":"target = [object Object]"},
[00:46:21.210] {"t":"mediator","f":"socket.emit.actions","a":{"t":"camera3d","f":"billboardsFaceCamera"}},
[00:46:31.210] {"a":"$location===mediator.location is\n              true"},
[00:46:31.225] {"a":"mediator[action.t] = [object Object]"},
[00:46:31.225] {"a":"target = [object Object]"},
[00:46:31.226] {"t":"narrative","f":"shot","a":{"delta":{"timeline":{"p":{"paused":true,"repeat":0},"actors":{"i3d:camera:rotation":[{"dur":4,"p":{"x":0,"immediateRender":false}}]}}}}},
[00:46:31.226] {"a":"~~~~ change_state() url = /footprint:/i3d-scene:scene1/i2d-empty:/escher:/ui-msgbg:/shot-anim:scope14"},
[00:46:31.226] {"a":"~~~~ change_state() this.prev_url = //////shot-anim:scope13"},
[00:46:31.226] {"a":"this.terms has term[0] = scene"},
[00:46:31.226] {"a":"params[scene] = footprint:"},
[00:46:31.226] {"a":"this.terms has term[1] = i3d"},
[00:46:31.226] {"a":"params[i3d] = i3d-scene:scene1"},
[00:46:31.226] {"a":"this.terms has term[2] = i2d"},
[00:46:31.226] {"a":"params[i2d] = i2d-empty:"},
[00:46:31.227] {"a":"this.terms has term[3] = base"},
[00:46:31.227] {"a":"params[base] = escher:"},
[00:46:31.227] {"a":"this.terms has term[4] = ui"},
[00:46:31.227] {"a":"params[ui] = ui-msgbg:"},
[00:46:31.227] {"a":"this.terms has term[5] = shot"},
[00:46:31.227] {"a":"params[shot] = shot-anim:scope14"},
[00:46:31.227] {"a":"ch_st(): $location.url(//////shot-anim:scope14)"},
[00:46:31.227] {"t":"mediator","f":"socket.emit.actions","a":{"t":"camera3d","f":"tiltflyBy","a":{"r":-0.7854,"d":4}}},
[00:46:31.327] {"t":"Mediator","f":"component","a":"narrative"},
[00:46:31.328] {"t":"app","f":"onEnter","a":{"name":"shot-anim:scope14"}},
[00:46:31.328] {"t":"timeline","f":"play"},
[00:46:35.210] {"a":"$location===mediator.location is\n              true"},
[00:46:35.215] {"a":"mediator[action.t] = [object Object]"},
[00:46:35.215] {"a":"target = [object Object]"},
[00:46:41.214] {"a":"$location===mediator.location is\n              true"},
[00:46:41.227] {"a":"mediator[action.t] = [object Object]"},
[00:46:41.227] {"a":"target = [object Object]"},
[00:46:41.227] {"t":"narrative","f":"shot","a":{"delta":{"timeline":{"p":{"paused":true,"repeat":0},"actors":{"i3d:camera:rotation":[{"dur":4,"p":{"y":0,"immediateRender":false}}]}}}}},
[00:46:41.228] {"a":"~~~~ change_state() url = /footprint:/i3d-scene:scene1/i2d-empty:/escher:/ui-msgbg:/shot-anim:scope15"},
[00:46:41.228] {"a":"~~~~ change_state() this.prev_url = //////shot-anim:scope14"},
[00:46:41.228] {"a":"this.terms has term[0] = scene"},
[00:46:41.228] {"a":"params[scene] = footprint:"},
[00:46:41.228] {"a":"this.terms has term[1] = i3d"},
[00:46:41.228] {"a":"params[i3d] = i3d-scene:scene1"},
[00:46:41.228] {"a":"this.terms has term[2] = i2d"},
[00:46:41.228] {"a":"params[i2d] = i2d-empty:"},
[00:46:41.229] {"a":"this.terms has term[3] = base"},
[00:46:41.229] {"a":"params[base] = escher:"},
[00:46:41.229] {"a":"this.terms has term[4] = ui"},
[00:46:41.229] {"a":"params[ui] = ui-msgbg:"},
[00:46:41.229] {"a":"this.terms has term[5] = shot"},
[00:46:41.229] {"a":"params[shot] = shot-anim:scope15"},
[00:46:41.229] {"a":"ch_st(): $location.url(//////shot-anim:scope15)"},
[00:46:41.229] {"t":"mediator","f":"socket.emit.actions","a":{"t":"camera3d","f":"panflyBy","a":{"r":-0.7854,"d":4}}},
[00:46:41.302] {"t":"Mediator","f":"component","a":"narrative"},
[00:46:41.302] {"t":"app","f":"onEnter","a":{"name":"shot-anim:scope15"}},
[00:46:41.303] {"t":"timeline","f":"play"},
[00:46:45.211] {"a":"$location===mediator.location is\n              true"},
[00:46:45.217] {"a":"mediator[action.t] = [object Object]"},
[00:46:45.218] {"a":"target = [object Object]"},
[00:46:56.215] {"a":"$location===mediator.location is\n              true"},
[00:46:56.229] {"a":"mediator[action.t] = [object Object]"},
[00:46:56.230] {"a":"target = [object Object]"},
[00:46:56.230] {"a":"~~~~ change_state() url = /circle:/i3d-simple:simple_red/i2d-scene:disks0/base-skycube:test_cube/ui-msgbg:/shot-graft:a0"},
[00:46:56.230] {"a":"~~~~ change_state() this.prev_url = //////shot-anim:scope15"},
[00:46:56.230] {"a":"this.terms has term[0] = scene"},
[00:46:56.230] {"a":"params[scene] = circle:"},
[00:46:56.230] {"a":"this.terms has term[1] = i3d"},
[00:46:56.231] {"a":"params[i3d] = i3d-simple:simple_red"},
[00:46:56.231] {"a":"this.terms has term[2] = i2d"},
[00:46:56.231] {"a":"params[i2d] = i2d-scene:disks0"},
[00:46:56.231] {"a":"this.terms has term[3] = base"},
[00:46:56.231] {"a":"params[base] = base-skycube:test_cube"},
[00:46:56.231] {"a":"this.terms has term[4] = ui"},
[00:46:56.232] {"a":"params[ui] = ui-msgbg:"},
[00:46:56.232] {"a":"this.terms has term[5] = shot"},
[00:46:56.232] {"a":"params[shot] = shot-graft:a0"},
[00:46:56.232] {"a":"ch_st(): $location.url(/circle:/i3d-simple:simple_red/i2d-scene:disks0/base-skycube:test_cube//shot-graft:a0)"},
[00:46:56.232] {"t":"mediator","f":"socket.emit.actions","a":{"t":"narrative","f":"change_scene","a":"circle"}},
[00:46:57.031] {"t":"Mediator","f":"component","a":"narrative"},
[00:46:57.032] {"t":"app","f":"onEnter","a":{"name":"circle:"}},
[00:46:57.033] {"t":"app","f":"onEnter","a":{"name":"i3d-simple:simple_red"}},
[00:46:57.033] {"t":"camera3d","f":"changeTemplateScene"},
[00:46:57.033] {"t":"app","f":"onEnter","a":{"name":"i2d-scene:disks0"}},
[00:46:57.033] {"t":"app","f":"onEnter","a":{"name":"base-skycube:test_cube"}},
[00:46:57.033] {"t":"app","f":"onEnter","a":{"name":"shot-graft:a0"}},
[00:46:57.033] {"t":"timeline","f":"play"},
[00:46:57.034] {"t":"camera3d","f":"addActorToScene","a":"cube0"},
[00:46:57.034] {"t":"camera3d","f":"addActorToScene","a":"cube0"},
[00:46:57.034] {"t":"camera3d","f":"addActorToScene","a":"cube0"},
[00:46:57.034] {"t":"camera3d","f":"addActorToScene","a":"cube0"},
[00:46:57.034] {"t":"camera3d","f":"addActorToScene","a":"csphere"},
[00:46:57.035] {"t":"camera3d","f":"addActorToScene","a":"cube0"},
[00:46:57.035] {"t":"camera3d","f":"addActorToScene","a":"cube0_3"},
[00:46:57.035] {"t":"camera3d","f":"addActorToScene","a":"cube0_3"},
[00:46:57.035] {"t":"camera3d","f":"addActorToScene","a":"cube0_0"},
[00:46:57.035] {"t":"camera3d","f":"addActorToScene","a":"cube0_1"},
[00:46:57.035] {"t":"camera3d","f":"addActorToScene","a":"cube0_0"},
[00:46:57.036] {"t":"camera3d","f":"addActorToScene","a":"cube0_1"},
[00:46:57.036] {"t":"camera3d","f":"addActorToScene","a":"cube0_0"},
[00:46:57.036] {"t":"camera3d","f":"addActorToScene","a":"cube0_1"},
[00:46:57.036] {"t":"camera3d","f":"addActorToScene","a":"cube0_0"},
[00:46:57.036] {"t":"camera3d","f":"addActorToScene","a":"cube0_1"},
[00:46:57.036] {"t":"camera3d","f":"addActorToScene","a":"cube0_0"},
[00:46:57.036] {"t":"camera3d","f":"addActorToScene","a":"cube0_1"},
[00:46:57.037] {"a":"$location===mediator.location is\n              true"},
[00:46:57.037] {"a":"mediator[action.t] = [object Object]"},
[00:46:57.037] {"a":"target = [object Object]"},
[00:46:57.045] {"t":"camera3d","f":"addActorToScene","a":"cube0_2"},
[00:46:57.045] {"t":"camera3d","f":"addActorToScene","a":"cube0_2"},
[00:47:06.218] {"a":"$location===mediator.location is\n              true"},
[00:47:06.231] {"a":"target = [object Object]"},
[00:47:06.231] {"a":"~~~~ change_state() url = /circle:/i3d-simple:simple_red/i2d-scene:mf2d0/base-skycube:test_cube/ui-msgbg/MS"},
[00:47:06.231] {"a":"~~~~ change_state() this.prev_url = /circle:/i3d-simple:simple_red/i2d-scene:disks0/base-skycube:test_cube//shot-graft:a0"},
[00:47:06.231] {"a":"this.terms has term[0] = scene"},
[00:47:06.231] {"a":"params[scene] = circle:"},
[00:47:06.231] {"a":"this.terms has term[1] = i3d"},
[00:47:06.231] {"a":"params[i3d] = i3d-simple:simple_red"},
[00:47:06.232] {"a":"this.terms has term[2] = i2d"},
[00:47:06.232] {"a":"params[i2d] = i2d-scene:mf2d0"},
[00:47:06.232] {"a":"this.terms has term[3] = base"},
[00:47:06.232] {"a":"params[base] = base-skycube:test_cube"},
[00:47:06.232] {"a":"this.terms has term[4] = ui"},
[00:47:06.232] {"a":"params[ui] = ui-msgbg"},
[00:47:06.232] {"a":"this.terms has term[5] = shot"},
[00:47:06.233] {"a":"params[shot] = MS"},
[00:47:06.233] {"a":"ch_st(): $location.url(///i2d-scene:mf2d0//ui-msgbg/MS)"},
[00:47:06.233] {"t":"mediator","f":"socket.emit.actions","a":{"t":"narrative","f":"change_state","a":"/circle:/i3d-simple:simple_red/i2d-scene:mf2d0/base-skycube:test_cube/ui-msgbg/MS"}},
[00:47:06.230] {"a":"mediator[action.t] = [object Object]"},
[00:47:06.539] {"t":"Mediator","f":"component","a":"narrative"},
[00:47:06.540] {"t":"app","f":"onEnter","a":{"name":"ui-msgbg"}},
[00:47:06.540] {"t":"timeline","f":"play"},
[00:47:06.540] {"a":"$location===mediator.location is\n              true"},
[00:47:06.540] {"a":"mediator[action.t] = [object Object]"},
[00:47:06.540] {"a":"target = [object Object]"},
[00:47:06.539] {"t":"app","f":"onEnter","a":{"name":"i2d-scene:mf2d0"}},
[00:47:06.540] {"t":"app","f":"onEnter","a":{"name":"MS"}},
[00:47:21.219] {"a":"$location===mediator.location is\n              true"},
[00:47:21.230] {"a":"mediator[action.t] = [object Object]"},
[00:47:21.230] {"a":"target = [object Object]"},
[00:47:21.230] {"a":"~~~~ change_state() url = /stocks:/i3d-jsonmodels:phonghead_kfb/i2d-scene:defsuse0/grid:/ui-msgbg:/2S:"},
[00:47:21.230] {"a":"~~~~ change_state() this.prev_url = ///i2d-scene:mf2d0//ui-msgbg/MS"},
[00:47:21.231] {"a":"this.terms has term[0] = scene"},
[00:47:21.231] {"a":"params[scene] = stocks:"},
[00:47:21.231] {"a":"this.terms has term[1] = i3d"},
[00:47:21.231] {"a":"params[i3d] = i3d-jsonmodels:phonghead_kfb"},
[00:47:21.231] {"a":"this.terms has term[2] = i2d"},
[00:47:21.231] {"a":"params[i2d] = i2d-scene:defsuse0"},
[00:47:21.231] {"a":"this.terms has term[3] = base"},
[00:47:21.231] {"a":"params[base] = grid:"},
[00:47:21.231] {"a":"this.terms has term[4] = ui"},
[00:47:21.232] {"a":"params[ui] = ui-msgbg:"},
[00:47:21.232] {"a":"this.terms has term[5] = shot"},
[00:47:21.232] {"a":"params[shot] = 2S:"},
[00:47:21.232] {"a":"ch_st(): $location.url(/stocks:/i3d-jsonmodels:phonghead_kfb/i2d-scene:defsuse0/grid:/ui-msgbg:/2S:)"},
[00:47:21.232] {"t":"mediator","f":"socket.emit.actions","a":{"t":"narrative","f":"change_scene","a":"stocks"}},
[00:47:23.562] {"t":"Mediator","f":"component","a":"narrative"},
[00:47:23.568] {"t":"app","f":"onEnter","a":{"name":"stocks:"}},
[00:47:23.568] {"t":"app","f":"onEnter","a":{"name":"i3d-jsonmodels:phonghead_kfb"}},
[00:47:23.568] {"t":"camera3d","f":"changeTemplateScene"},
[00:47:23.568] {"t":"app","f":"onEnter","a":{"name":"i2d-scene:defsuse0"}},
[00:47:23.569] {"t":"app","f":"onEnter","a":{"name":"grid:"}},
[00:47:23.569] {"t":"app","f":"onEnter","a":{"name":"ui-msgbg:"}},
[00:47:23.569] {"t":"app","f":"onEnter","a":{"name":"2S:"}},
[00:47:23.569] {"t":"timeline","f":"play"},
[00:47:23.569] {"t":"camera3d","f":"addActorToScene","a":"axes0"},
[00:47:23.569] {"t":"camera3d","f":"addActorToScene","a":"axes0"},
[00:47:23.570] {"t":"camera3d","f":"addActorToScene","a":"axes0"},
[00:47:23.570] {"t":"camera3d","f":"addActorToScene","a":"axes0"},
[00:47:23.570] {"t":"camera3d","f":"addActorToScene","a":"axes0"},
[00:47:23.570] {"t":"camera3d","f":"addActorToScene","a":"csphere"},
[00:47:23.572] {"t":"camera3d","f":"addActorToScene","a":"axes0"},
[00:47:23.572] {"t":"camera3d","f":"addActorToScene","a":"key"},
[00:47:23.572] {"t":"camera3d","f":"addActorToScene","a":"fill"},
[00:47:23.572] {"t":"camera3d","f":"addActorToScene","a":"back"},
[00:47:23.573] {"t":"camera3d","f":"addActorToScene","a":"key"},
[00:47:23.573] {"t":"camera3d","f":"addActorToScene","a":"fill"},
[00:47:23.573] {"t":"camera3d","f":"addActorToScene","a":"back"},
[00:47:23.573] {"t":"camera3d","f":"addActorToScene","a":"key"},
[00:47:23.573] {"t":"camera3d","f":"addActorToScene","a":"fill"},
[00:47:23.573] {"t":"camera3d","f":"addActorToScene","a":"back"},
[00:47:23.573] {"t":"camera3d","f":"addActorToScene","a":"key"},
[00:47:23.574] {"t":"camera3d","f":"addActorToScene","a":"fill"},
[00:47:23.574] {"t":"camera3d","f":"addActorToScene","a":"back"},
[00:47:23.574] {"t":"camera3d","f":"addActorToScene","a":"key"},
[00:47:23.574] {"t":"camera3d","f":"addActorToScene","a":"fill"},
[00:47:23.574] {"t":"camera3d","f":"addActorToScene","a":"back"},
[00:47:23.574] {"t":"camera3d","f":"addActorToScene","a":"key"},
[00:47:23.574] {"t":"camera3d","f":"addActorToScene","a":"fill"},
[00:47:23.574] {"t":"camera3d","f":"addActorToScene","a":"back"},
[00:47:23.575] {"a":"$location===mediator.location is\n              true"},
[00:47:23.575] {"a":"mediator[action.t] = [object Object]"},
[00:47:23.575] {"a":"target = [object Object]"},
[00:47:24.660] {"t":"camera3d","f":"addActorToScene","a":"head_scan"},
[00:47:24.660] {"t":"camera3d","f":"addActorToScene","a":"head_scan"},
[00:47:24.660] {"t":"camera3d","f":"addActorToScene","a":"head_scan"},
[00:47:24.660] {"t":"camera3d","f":"addActorToScene","a":"head_scan"},
[00:47:25.111] {"t":"camera3d","f":"addActorToScene","a":"head_scan"},
[00:47:36.230] {"a":"$location===mediator.location is\n              true"},
[00:47:36.243] {"a":"mediator[action.t] = [object Object]"},
[00:47:36.243] {"a":"target = [object Object]"},
[00:47:36.243] {"a":"~~~~ change_state() url = ///i2d-scene:mf2d0///"},
[00:47:36.243] {"a":"~~~~ change_state() this.prev_url = /stocks:/i3d-jsonmodels:phonghead_kfb/i2d-scene:defsuse0/grid:/ui-msgbg:/2S:"},
[00:47:36.243] {"a":"this.terms has term[0] = scene"},
[00:47:36.245] {"a":"params[scene] = "},
[00:47:36.245] {"a":"this.terms has term[1] = i3d"},
[00:47:36.245] {"a":"params[i3d] = "},
[00:47:36.245] {"a":"this.terms has term[2] = i2d"},
[00:47:36.245] {"a":"params[i2d] = i2d-scene:mf2d0"},
[00:47:36.245] {"a":"this.terms has term[3] = base"},
[00:47:36.246] {"a":"params[base] = "},
[00:47:36.246] {"a":"this.terms has term[4] = ui"},
[00:47:36.246] {"a":"params[ui] = "},
[00:47:36.246] {"a":"this.terms has term[5] = shot"},
[00:47:36.246] {"a":"params[shot] = "},
[00:47:36.246] {"a":"ch_st(): $location.url(///i2d-scene:mf2d0///)"},
[00:47:36.246] {"t":"mediator","f":"socket.emit.actions","a":{"t":"narrative","f":"change_state","a":"///i2d-scene:mf2d0///"}},
[00:47:36.510] {"t":"Mediator","f":"component","a":"narrative"},
[00:47:36.510] {"t":"app","f":"onEnter","a":{"name":"i2d-scene:mf2d0"}},
[00:47:36.510] {"t":"timeline","f":"play"},
[00:47:36.511] {"a":"$location===mediator.location is\n              true"},
[00:47:36.511] {"a":"mediator[action.t] = [object Object]"},
[00:47:36.511] {"a":"target = [object Object]"},
[00:48:17.420] {"t":"camera3d","f":"tilt (look) up","a":38},
[00:48:17.430] {"t":"Mediator","f":"record","a":{"t":"camera3d","f":"tiltflyBy","a":{"r":0.19635,"d":3}}},
[00:48:17.430] {"t":"narrative","f":"shot","a":{"delta":{"timeline":{"p":{"paused":true,"repeat":0},"actors":{"i3d:camera:rotation":[{"dur":3,"p":{"x":0.19635,"immediateRender":false}}]}}}}},
[00:48:17.430] {"a":"~~~~ change_state() url = ///shot-anim:scope20"},
[00:48:17.430] {"a":"~~~~ change_state() this.prev_url = ///i2d-scene:mf2d0///"},
[00:48:17.431] {"a":"this.terms has term[0] = scene"},
[00:48:17.431] {"a":"params[scene] = "},
[00:48:17.431] {"a":"this.terms has term[1] = i3d"},
[00:48:17.431] {"a":"params[i3d] = "},
[00:48:17.431] {"a":"this.terms has term[2] = i2d"},
[00:48:17.431] {"a":"params[i2d] = shot-anim:scope20"},
[00:48:17.431] {"a":"this.terms has term[3] = base"},
[00:48:17.431] {"a":"params[base] = undefined"},
