[02:43:08.997] {"t":"camera3d","f":"place","a":12},
[02:43:09.096] {"t":"camerasphere","f":"create","a":"csphere"},
[02:43:09.096] {"t":"camerasphere","f":"children","a":1},
[02:43:37.573] {"a":"$location===mediator.location is\n              true"},
[02:43:37.597] {"a":"mediator[action.t] = [object Object]"},
[02:43:37.598] {"a":"target = [object Object]"},
[02:43:37.600] {"a":"~~~~ change_state() url = /stocks:/i3d-jsonmodels:phonghead_kfb/i2d-scene:defsuse0/grid:/ui-msgbg:/2S:"},
[02:43:37.600] {"a":"~~~~ change_state() this.prev_url = ^"},
[02:43:37.601] {"a":"this.terms has term[0] = scene"},
[02:43:37.601] {"a":"params[scene] = stocks:"},
[02:43:37.602] {"a":"this.terms has term[1] = i3d"},
[02:43:37.602] {"a":"params[i3d] = i3d-jsonmodels:phonghead_kfb"},
[02:43:37.602] {"a":"this.terms has term[2] = i2d"},
[02:43:37.602] {"a":"params[i2d] = i2d-scene:defsuse0"},
[02:43:37.602] {"a":"this.terms has term[3] = base"},
[02:43:37.602] {"a":"params[base] = grid:"},
[02:43:37.602] {"a":"this.terms has term[4] = ui"},
[02:43:37.603] {"a":"params[ui] = ui-msgbg:"},
[02:43:37.603] {"a":"this.terms has term[5] = shot"},
[02:43:37.603] {"a":"params[shot] = 2S:"},
[02:43:37.604] {"a":"ch_st(): $location.url(/stocks:/i3d-jsonmodels:phonghead_kfb/i2d-scene:defsuse0/grid://2S:)"},
[02:43:37.605] {"t":"mediator","f":"socket.emit.actions","a":{"t":"narrative","f":"change_scene","a":"stocks"}},
[02:43:38.382] {"t":"Mediator","f":"component","a":"narrative"},
[02:43:38.382] {"t":"app","f":"onEnter","a":{"name":"stocks:"}},
[02:43:38.384] {"t":"camera3d","f":"changeTemplateScene"},
[02:43:38.383] {"t":"app","f":"onEnter","a":{"name":"i3d-jsonmodels:phonghead_kfb"}},
[02:43:38.389] {"t":"app","f":"onEnter","a":{"name":"i2d-scene:defsuse0"}},
[02:43:38.390] {"t":"app","f":"onEnter","a":{"name":"grid:"}},
[02:43:38.391] {"t":"app","f":"onEnter","a":{"name":"2S:"}},
[02:43:38.392] {"t":"camera3d","f":"addActorToScene","a":"csphere"},
[02:43:38.391] {"t":"timeline","f":"play"},
[02:43:38.392] {"t":"camera3d","f":"addActorToScene","a":"axes0"},
[02:43:38.394] {"t":"camera3d","f":"addActorToScene","a":"fill"},
[02:43:38.392] {"t":"camera3d","f":"addActorToScene","a":"key"},
[02:43:38.396] {"t":"camera3d","f":"addActorToScene","a":"back"},
[02:43:38.397] {"a":"$location===mediator.location is\n              true"},
[02:43:38.398] {"a":"mediator[action.t] = [object Object]"},
[02:43:38.398] {"a":"target = [object Object]"},
[02:43:38.610] {"t":"camera3d","f":"addActorToScene","a":"head_scan"},
[02:43:47.572] {"a":"$location===mediator.location is\n              true"},
[02:43:47.589] {"a":"mediator[action.t] = [object Object]"},
[02:43:47.589] {"a":"target = [object Object]"},
[02:43:47.589] {"a":"~~~~ change_state() url = ///i2d-scene:mf2d0///"},
[02:43:47.590] {"a":"this.terms has term[0] = scene"},
[02:43:47.590] {"a":"~~~~ change_state() this.prev_url = /stocks:/i3d-jsonmodels:phonghead_kfb/i2d-scene:defsuse0/grid://2S:"},
[02:43:47.591] {"a":"params[i3d] = "},
[02:43:47.598] {"a":"this.terms has term[2] = i2d"},
[02:43:47.598] {"a":"params[i2d] = i2d-scene:mf2d0"},
[02:43:47.598] {"a":"this.terms has term[3] = base"},
[02:43:47.598] {"a":"params[base] = "},
[02:43:47.598] {"a":"this.terms has term[4] = ui"},
[02:43:47.599] {"a":"params[ui] = "},
[02:43:47.600] {"a":"this.terms has term[5] = shot"},
[02:43:47.600] {"a":"params[shot] = "},
[02:43:47.600] {"a":"ch_st(): $location.url(///i2d-scene:mf2d0///)"},
[02:43:47.602] {"t":"mediator","f":"socket.emit.actions","a":{"t":"narrative","f":"change_state","a":"///i2d-scene:mf2d0///"}},
[02:43:47.590] {"a":"params[scene] = "},
[02:43:47.590] {"a":"this.terms has term[1] = i3d"},
[02:43:47.762] {"t":"Mediator","f":"component","a":"narrative"},
[02:43:47.763] {"t":"app","f":"onEnter","a":{"name":"i2d-scene:mf2d0"}},
[02:43:47.763] {"t":"timeline","f":"play"},
[02:43:47.763] {"a":"$location===mediator.location is\n              true"},
[02:43:47.763] {"a":"mediator[action.t] = [object Object]"},
[02:43:47.764] {"a":"target = [object Object]"},
[02:43:56.245] {"t":"camera3d","f":"tilt (look) up","a":38},
[02:43:56.254] {"t":"Mediator","f":"record","a":{"t":"camera3d","f":"tiltflyBy","a":{"r":0.19635,"d":3}}},
[02:43:56.258] {"t":"narrative","f":"shot","a":{"delta":{"timeline":{"p":{"paused":true,"repeat":0},"actors":{"i3d:camera:rotation":[{"dur":3,"p":{"x":0.19635,"immediateRender":false}}]}}}}},
[02:43:56.258] {"a":"~~~~ change_state() url = ///shot-anim:scope2"},
[02:43:56.258] {"a":"~~~~ change_state() this.prev_url = ///i2d-scene:mf2d0///"},
[02:43:56.259] {"a":"this.terms has term[0] = scene"},
[02:43:56.259] {"a":"params[scene] = "},
[02:43:56.260] {"a":"this.terms has term[1] = i3d"},
[02:43:56.260] {"a":"params[i3d] = "},
[02:43:56.260] {"a":"this.terms has term[2] = i2d"},
[02:43:56.260] {"a":"params[i2d] = shot-anim:scope2"},
[02:43:56.261] {"a":"this.terms has term[3] = base"},
[02:43:56.261] {"a":"params[base] = undefined"},
