[02:45:53.119] {"t":"camera3d","f":"place","a":12},
[02:45:53.120] {"t":"camerasphere","f":"create","a":"csphere"},
[02:45:53.120] {"t":"camerasphere","f":"children","a":1},
[02:46:22.023] {"a":"$location===mediator.location is\n              true"},
[02:46:22.034] {"a":"mediator[action.t] = [object Object]"},
[02:46:22.035] {"a":"target = [object Object]"},
[02:46:22.035] {"a":"~~~~ change_state() url = /stocks:/i3d-jsonmodels:phonghead_kfb/i2d-scene:defsuse0/grid:/ui-msgbg:/2S:"},
[02:46:22.036] {"a":"~~~~ change_state() this.prev_url = ^"},
[02:46:22.039] {"a":"this.terms has term[0] = scene"},
[02:46:22.040] {"a":"params[scene] = stocks:"},
[02:46:22.041] {"a":"params[i3d] = i3d-jsonmodels:phonghead_kfb"},
[02:46:22.040] {"a":"this.terms has term[1] = i3d"},
[02:46:22.041] {"a":"this.terms has term[2] = i2d"},
[02:46:22.041] {"a":"this.terms has term[3] = base"},
[02:46:22.041] {"a":"params[i2d] = i2d-scene:defsuse0"},
[02:46:22.041] {"a":"params[base] = grid:"},
[02:46:22.041] {"a":"this.terms has term[4] = ui"},
[02:46:22.042] {"a":"params[ui] = ui-msgbg:"},
[02:46:22.042] {"a":"this.terms has term[5] = shot"},
[02:46:22.043] {"a":"params[shot] = 2S:"},
[02:46:22.044] {"a":"ch_st(): $location.url(/stocks:/i3d-jsonmodels:phonghead_kfb/i2d-scene:defsuse0/grid://2S:)"},
[02:46:22.044] {"t":"mediator","f":"socket.emit.actions","a":{"t":"narrative","f":"change_scene","a":"stocks"}},
[02:46:22.768] {"t":"Mediator","f":"component","a":"narrative"},
[02:46:22.768] {"t":"app","f":"onEnter","a":{"name":"stocks:"}},
[02:46:22.769] {"t":"app","f":"onEnter","a":{"name":"i3d-jsonmodels:phonghead_kfb"}},
[02:46:22.769] {"t":"camera3d","f":"changeTemplateScene"},
[02:46:22.770] {"t":"app","f":"onEnter","a":{"name":"i2d-scene:defsuse0"}},
[02:46:22.770] {"t":"app","f":"onEnter","a":{"name":"grid:"}},
[02:46:22.770] {"t":"app","f":"onEnter","a":{"name":"2S:"}},
[02:46:22.771] {"t":"timeline","f":"play"},
[02:46:22.773] {"t":"camera3d","f":"addActorToScene","a":"csphere"},
[02:46:22.774] {"t":"camera3d","f":"addActorToScene","a":"axes0"},
[02:46:22.774] {"t":"camera3d","f":"addActorToScene","a":"key"},
[02:46:22.775] {"t":"camera3d","f":"addActorToScene","a":"fill"},
[02:46:22.775] {"t":"camera3d","f":"addActorToScene","a":"back"},
[02:46:22.775] {"a":"$location===mediator.location is\n              true"},
[02:46:22.776] {"a":"mediator[action.t] = [object Object]"},
[02:46:22.776] {"a":"target = [object Object]"},
[02:46:23.024] {"t":"camera3d","f":"addActorToScene","a":"head_scan"},
[02:46:37.026] {"a":"$location===mediator.location is\n              true"},
[02:46:37.048] {"a":"mediator[action.t] = [object Object]"},
[02:46:37.049] {"a":"target = [object Object]"},
[02:46:37.049] {"a":"~~~~ change_state() url = ///i2d-scene:mf2d0///"},
[02:46:37.049] {"a":"~~~~ change_state() this.prev_url = /stocks:/i3d-jsonmodels:phonghead_kfb/i2d-scene:defsuse0/grid://2S:"},
[02:46:37.050] {"a":"this.terms has term[0] = scene"},
[02:46:37.050] {"a":"params[scene] = "},
[02:46:37.050] {"a":"this.terms has term[1] = i3d"},
[02:46:37.050] {"a":"params[i3d] = "},
[02:46:37.050] {"a":"this.terms has term[2] = i2d"},
[02:46:37.050] {"a":"params[i2d] = i2d-scene:mf2d0"},
[02:46:37.050] {"a":"this.terms has term[3] = base"},
[02:46:37.051] {"a":"params[base] = "},
[02:46:37.051] {"a":"this.terms has term[4] = ui"},
[02:46:37.052] {"a":"params[ui] = "},
[02:46:37.052] {"a":"this.terms has term[5] = shot"},
[02:46:37.052] {"a":"params[shot] = "},
[02:46:37.052] {"a":"ch_st(): $location.url(///i2d-scene:mf2d0///)"},
[02:46:37.052] {"t":"mediator","f":"socket.emit.actions","a":{"t":"narrative","f":"change_state","a":"///i2d-scene:mf2d0///"}},
[02:46:37.186] {"t":"Mediator","f":"component","a":"narrative"},
[02:46:37.187] {"t":"app","f":"onEnter","a":{"name":"i2d-scene:mf2d0"}},
[02:46:37.187] {"t":"timeline","f":"play"},
[02:46:37.187] {"a":"$location===mediator.location is\n              true"},
[02:46:37.187] {"a":"mediator[action.t] = [object Object]"},
[02:46:37.187] {"a":"target = [object Object]"},
[02:49:27.091] {"t":"camera3d","f":"tilt (look) up","a":38},
[02:49:27.100] {"t":"Mediator","f":"record","a":{"t":"camera3d","f":"tiltflyBy","a":{"r":0.19635,"d":3}}},
[02:49:27.102] {"t":"narrative","f":"shot","a":{"delta":{"timeline":{"p":{"paused":true,"repeat":0},"actors":{"i3d:camera:rotation":[{"dur":3,"p":{"x":0.19635,"immediateRender":false}}]}}}}},
[02:49:27.103] {"a":"~~~~ change_state() url = ///shot-anim:scope2"},
[02:49:27.103] {"a":"~~~~ change_state() this.prev_url = ///i2d-scene:mf2d0///"},
[02:49:27.104] {"a":"this.terms has term[0] = scene"},
[02:49:27.104] {"a":"params[scene] = "},
[02:49:27.104] {"a":"this.terms has term[1] = i3d"},
[02:49:27.104] {"a":"params[i3d] = "},
[02:49:27.105] {"a":"params[i2d] = shot-anim:scope2"},
[02:49:27.106] {"a":"this.terms has term[3] = base"},
[02:49:27.106] {"a":"params[base] = undefined"},
[02:49:27.104] {"a":"this.terms has term[2] = i2d"},
