[02:55:31.491] {"t":"camera3d","f":"place","a":12},
[02:55:31.586] {"t":"camerasphere","f":"create","a":"csphere"},
[02:55:31.587] {"t":"camerasphere","f":"children","a":1},
[02:55:50.546] {"a":"$location===mediator.location is\n              true"},
[02:55:50.579] {"a":"mediator[action.t] = [object Object]"},
[02:55:50.580] {"a":"target = [object Object]"},
[02:55:50.581] {"a":"~~~~ change_state() url = /stocks:/i3d-jsonmodels:phonghead_kfb/i2d-scene:defsuse0/grid:/ui-msgbg:/2S:"},
[02:55:50.581] {"a":"~~~~ change_state() this.prev_url = ^"},
[02:55:50.581] {"a":"this.terms has term[0] = scene"},
[02:55:50.582] {"a":"params[scene] = stocks:"},
[02:55:50.583] {"a":"this.terms has term[1] = i3d"},
[02:55:50.583] {"a":"params[i3d] = i3d-jsonmodels:phonghead_kfb"},
[02:55:50.583] {"a":"this.terms has term[2] = i2d"},
[02:55:50.583] {"a":"params[i2d] = i2d-scene:defsuse0"},
[02:55:50.583] {"a":"this.terms has term[3] = base"},
[02:55:50.584] {"a":"params[base] = grid:"},
[02:55:50.584] {"a":"this.terms has term[4] = ui"},
[02:55:50.584] {"a":"params[ui] = ui-msgbg:"},
[02:55:50.584] {"a":"this.terms has term[5] = shot"},
[02:55:50.585] {"a":"params[shot] = 2S:"},
[02:55:50.586] {"a":"ch_st(): $location.url(/stocks:/i3d-jsonmodels:phonghead_kfb/i2d-scene:defsuse0/grid://2S:)"},
[02:55:50.586] {"t":"mediator","f":"socket.emit.actions","a":{"t":"narrative","f":"change_scene","a":"stocks"}},
[02:55:51.323] {"t":"Mediator","f":"component","a":"narrative"},
[02:55:51.324] {"t":"app","f":"onEnter","a":{"name":"stocks:"}},
[02:55:51.324] {"t":"app","f":"onEnter","a":{"name":"i3d-jsonmodels:phonghead_kfb"}},
[02:55:51.325] {"t":"camera3d","f":"changeTemplateScene"},
[02:55:51.325] {"t":"app","f":"onEnter","a":{"name":"i2d-scene:defsuse0"}},
[02:55:51.326] {"t":"app","f":"onEnter","a":{"name":"grid:"}},
[02:55:51.326] {"t":"app","f":"onEnter","a":{"name":"2S:"}},
[02:55:51.326] {"t":"timeline","f":"play"},
[02:55:51.326] {"t":"camera3d","f":"addActorToScene","a":"csphere"},
[02:55:51.326] {"t":"camera3d","f":"addActorToScene","a":"axes0"},
[02:55:51.327] {"t":"camera3d","f":"addActorToScene","a":"key"},
[02:55:51.327] {"t":"camera3d","f":"addActorToScene","a":"fill"},
[02:55:51.327] {"t":"camera3d","f":"addActorToScene","a":"back"},
[02:55:51.328] {"a":"$location===mediator.location is\n              true"},
[02:55:51.328] {"a":"mediator[action.t] = [object Object]"},
[02:55:51.329] {"a":"target = [object Object]"},
[02:55:51.581] {"t":"camera3d","f":"addActorToScene","a":"head_scan"},
[02:56:05.546] {"a":"$location===mediator.location is\n              true"},
[02:56:05.552] {"a":"mediator[action.t] = [object Object]"},
[02:56:05.553] {"a":"target = [object Object]"},

[02:56:05.553] {"a":"~~~~ change_state() url = ///i2d-scene:mf2d0///"},
[02:56:05.554] {"a":"~~~~ change_state() this.prev_url = /stocks:/i3d-jsonmodels:phonghead_kfb/i2d-scene:defsuse0/grid://2S:"},
[02:56:05.555] {"a":"this.terms has term[0] = scene"},
[02:56:05.556] {"a":"this.terms has term[1] = i3d"},
[02:56:05.556] {"a":"params[i3d] = "},
[02:56:05.556] {"a":"this.terms has term[2] = i2d"},
[02:56:05.556] {"a":"params[i2d] = i2d-scene:mf2d0"},
[02:56:05.556] {"a":"this.terms has term[3] = base"},
[02:56:05.557] {"a":"params[base] = "},
[02:56:05.557] {"a":"this.terms has term[4] = ui"},
[02:56:05.557] {"a":"params[ui] = "},
[02:56:05.557] {"a":"this.terms has term[5] = shot"},
[02:56:05.557] {"a":"params[shot] = "},
[02:56:05.557] {"a":"ch_st(): $location.url(///i2d-scene:mf2d0///)"},
[02:56:05.559] {"t":"mediator","f":"socket.emit.actions","a":{"t":"narrative","f":"change_state","a":"///i2d-scene:mf2d0///"}},
[02:56:05.555] {"a":"params[scene] = "},
[02:56:05.704] {"t":"Mediator","f":"component","a":"narrative"},
[02:56:05.705] {"t":"app","f":"onEnter","a":{"name":"i2d-scene:mf2d0"}},
[02:56:05.705] {"t":"timeline","f":"play"},
[02:56:05.706] {"a":"$location===mediator.location is\n              true"},
[02:56:05.706] {"a":"mediator[action.t] = [object Object]"},
[02:56:05.706] {"a":"target = [object Object]"},
[02:57:54.970] {"t":"camera3d","f":"tilt (look) up","a":38},
[02:57:54.996] {"t":"Mediator","f":"record","a":{"t":"camera3d","f":"tiltflyBy","a":{"r":0.19635,"d":3}}},
[02:57:54.998] {"t":"narrative","f":"shot","a":{"delta":{"timeline":{"p":{"paused":true,"repeat":0},"actors":{"i3d:camera:rotation":[{"dur":3,"p":{"x":0.19635,"immediateRender":false}}]}}}}},
[02:57:54.999] "this.stateObj.abs_url = ///i2d-scene:mf2d0",
[02:57:54.999] "before shift: abs_url_component = ",
[02:57:54.999] "before shift: abs_url_component = ",
[02:57:54.999] "before shift: abs_url_component = ",
[02:57:55.000] "before shift: abs_url_component = i2d-scene:mf2d0",
[02:57:55.000] "after shift: abs_url_component = ",
[02:57:55.000] "after shift: abs_url_component = ",
[02:57:55.000] "this.stateObj.abs_url = ///i2d-scene:mf2d0",
[02:57:55.001] "abs_url_component = ",
[02:57:55.001] "abs_url = //",
[02:57:55.001] "abs_url_component = ",
[02:57:55.001] "abs_url = ///",
[02:57:55.002] "narrative.change_shot(///shot-anim:{\"delta\":{\"timeline\":{\"p\":{\"paused\":true,\"repeat\":0},\"actors\":{\"i3d:camera:rotation\":[{\"dur\":3,\"p\":{\"x\":0.19635,\"immediateRender\":false}}]}}}})",
[02:57:55.002] {"a":"~~~~ change_state() url = ///shot-anim:scope2"},
[02:57:55.002] {"a":"~~~~ change_state() this.prev_url = ///i2d-scene:mf2d0///"},
[02:57:55.003] {"a":"params[scene] = "},
[02:57:55.003] {"a":"params[i3d] = "},
[02:57:55.002] {"a":"this.terms has term[0] = scene"},
[02:57:55.003] {"a":"this.terms has term[2] = i2d"},
[02:57:55.004] {"a":"params[i2d] = shot-anim:scope2"},
[02:57:55.004] {"a":"this.terms has term[3] = base"},
[02:57:55.004] {"a":"params[base] = undefined"},
[02:57:55.003] {"a":"this.terms has term[1] = i3d"},
