[04:05:04.636] {"t":"camera3d","f":"place","a":12},
[04:05:04.637] {"t":"camerasphere","f":"create","a":"csphere"},
[04:05:04.637] {"t":"camerasphere","f":"children","a":1},
[04:05:38.547] {"a":"$location===mediator.location is\n              true"},
[04:05:38.607] {"a":"mediator[action.t] = [object Object]"},
[04:05:38.608] {"a":"target = [object Object]"},
[04:05:38.608] {"a":"~~~~ change_state() url = /stocks:/i3d-jsonmodels:phonghead_kfb/i2d-scene:defsuse0/grid:/ui-msgbg:/2S:"},
[04:05:38.609] {"a":"~~~~ change_state() this.prev_url = ^"},
[04:05:38.609] {"a":"NOTE: values = url.slice(1).split('/')"},
[04:05:38.609] {"a":"url.slice(1) = stocks:/i3d-jsonmodels:phonghead_kfb/i2d-scene:defsuse0/grid:/ui-msgbg:/2S:"},
[04:05:38.610] "params[scene] = values[0] = stocks:",
[04:05:38.610] "params[i3d] = values[1] = i3d-jsonmodels:phonghead_kfb",
[04:05:38.610] "params[i2d] = values[2] = i2d-scene:defsuse0",
[04:05:38.611] "params[base] = values[3] = grid:",
[04:05:38.611] "params[ui] = values[4] = ui-msgbg:",
[04:05:38.611] "params[shot] = values[5] = 2S:",
[04:05:38.620] {"a":"this.terms has term[0] = scene"},
[04:05:38.621] {"a":"params[scene] = stocks:"},
[04:05:38.622] {"a":"abs_values[0] = params[scene] = stocks:"},
[04:05:38.623] {"a":"this.terms has term[1] = i3d"},
[04:05:38.624] {"a":"params[i3d] = i3d-jsonmodels:phonghead_kfb"},
[04:05:38.624] {"a":"abs_values[1] = params[i3d] = i3d-jsonmodels:phonghead_kfb"},
[04:05:38.624] {"a":"this.terms has term[2] = i2d"},
[04:05:38.625] {"a":"abs_values[2] = params[i2d] = i2d-scene:defsuse0"},
[04:05:38.625] {"a":"params[i2d] = i2d-scene:defsuse0"},
[04:05:38.626] {"a":"abs_values[3] = params[base] = grid:"},
[04:05:38.627] {"a":"this.terms has term[4] = ui"},
[04:05:38.628] {"a":"params[ui] = ui-msgbg:"},
[04:05:38.628] {"a":"abs_values[4] = params[ui] = ui-msgbg:"},
[04:05:38.628] {"a":"this.terms has term[5] = shot"},
[04:05:38.628] {"a":"params[shot] = 2S:"},
[04:05:38.628] {"a":"abs_values[5] = params[shot] = 2S:"},
[04:05:38.628] {"a":"NOTE: initially this.stateObj.abs_url = '/'"},
[04:05:38.629] {"a":"this.stateObj.abs_url = /stocks:/i3d-jsonmodels:phonghead_kfb/i2d-scene:defsuse0/grid:/ui-msgbg:/2S:"},
[04:05:38.630] {"a":"ch_st(): $location.url(/stocks:/i3d-jsonmodels:phonghead_kfb/i2d-scene:defsuse0/grid://2S:)"},
[04:05:38.630] {"t":"mediator","f":"socket.emit.actions","a":{"t":"narrative","f":"change_scene","a":"stocks"}},
[04:05:38.626] {"a":"params[base] = grid:"},
[04:05:38.626] {"a":"this.terms has term[3] = base"},
[04:05:39.459] {"t":"Mediator","f":"component","a":"narrative"},
[04:05:39.459] {"t":"app","f":"onEnter","a":{"name":"stocks:"}},
[04:05:39.460] {"t":"app","f":"onEnter","a":{"name":"i3d-jsonmodels:phonghead_kfb"}},
[04:05:39.461] {"t":"camera3d","f":"changeTemplateScene"},
[04:05:39.461] {"t":"app","f":"onEnter","a":{"name":"i2d-scene:defsuse0"}},
[04:05:39.462] {"t":"app","f":"onEnter","a":{"name":"grid:"}},
[04:05:39.462] {"t":"app","f":"onEnter","a":{"name":"2S:"}},
[04:05:39.462] {"t":"timeline","f":"play"},
[04:05:39.463] {"t":"camera3d","f":"addActorToScene","a":"csphere"},
[04:05:39.463] {"t":"camera3d","f":"addActorToScene","a":"axes0"},
[04:05:39.463] {"t":"camera3d","f":"addActorToScene","a":"key"},
[04:05:39.463] {"t":"camera3d","f":"addActorToScene","a":"fill"},
[04:05:39.464] {"a":"$location===mediator.location is\n              true"},
[04:05:39.464] {"a":"mediator[action.t] = [object Object]"},
[04:05:39.465] {"a":"target = [object Object]"},
[04:05:39.464] {"t":"camera3d","f":"addActorToScene","a":"back"},
[04:05:39.677] {"t":"camera3d","f":"addActorToScene","a":"head_scan"},
[04:05:53.548] {"a":"$location===mediator.location is\n              true"},
[04:05:53.570] {"a":"mediator[action.t] = [object Object]"},
[04:05:53.570] {"a":"target = [object Object]"},
[04:05:53.573] {"a":"~~~~ change_state() url = ///i2d-scene:mf2d0///"},
[04:05:53.574] {"a":"~~~~ change_state() this.prev_url = /stocks:/i3d-jsonmodels:phonghead_kfb/i2d-scene:defsuse0/grid://2S:"},
[04:05:53.574] {"a":"NOTE: values = url.slice(1).split('/')"},
[04:05:53.575] {"a":"url.slice(1) = //i2d-scene:mf2d0///"},
[04:05:53.575] "params[scene] = values[0] = ",
[04:05:53.575] "params[i3d] = values[1] = ",
[04:05:53.575] "params[i2d] = values[2] = i2d-scene:mf2d0",
[04:05:53.575] "params[base] = values[3] = ",
[04:05:53.576] "params[ui] = values[4] = ",
[04:05:53.576] "params[shot] = values[5] = ",
[04:05:53.577] {"a":"this.terms has term[0] = scene"},
[04:05:53.577] {"a":"params[scene] = "},
[04:05:53.577] {"a":"this.terms has term[1] = i3d"},
[04:05:53.578] {"a":"params[i3d] = "},
[04:05:53.578] {"a":"this.terms has term[2] = i2d"},
[04:05:53.578] {"a":"params[i2d] = i2d-scene:mf2d0"},
[04:05:53.579] {"a":"abs_values[2] = params[i2d] = i2d-scene:mf2d0"},
[04:05:53.579] {"a":"this.terms has term[3] = base"},
[04:05:53.579] {"a":"params[base] = "},
[04:05:53.579] {"a":"this.terms has term[4] = ui"},
[04:05:53.580] {"a":"params[ui] = "},
[04:05:53.580] {"a":"this.terms has term[5] = shot"},
[04:05:53.580] {"a":"params[shot] = "},
[04:05:53.581] {"a":"NOTE: initially this.stateObj.abs_url = '/'"},
[04:05:53.581] {"a":"this.stateObj.abs_url = ///i2d-scene:mf2d0"},
[04:05:53.581] {"a":"ch_st(): $location.url(///i2d-scene:mf2d0///)"},
[04:05:53.581] {"t":"mediator","f":"socket.emit.actions","a":{"t":"narrative","f":"change_state","a":"///i2d-scene:mf2d0///"}},
[04:05:53.734] {"t":"Mediator","f":"component","a":"narrative"},
[04:05:53.735] {"t":"app","f":"onEnter","a":{"name":"i2d-scene:mf2d0"}},
[04:05:53.735] {"t":"timeline","f":"play"},
[04:05:53.735] {"a":"$location===mediator.location is\n              true"},
[04:05:53.736] {"a":"mediator[action.t] = [object Object]"},
[04:05:53.736] {"a":"target = [object Object]"},
