[04:30:10.074] {"t":"camera3d","f":"place","a":12},
[04:30:10.180] {"t":"camerasphere","f":"create","a":"csphere"},
[04:30:10.180] {"t":"camerasphere","f":"children","a":1},
[04:30:28.881] {"a":"$location===mediator.location is\n              true"},
[04:30:28.903] {"a":"mediator[action.t] = [object Object]"},
[04:30:28.903] {"a":"target = [object Object]"},
[04:30:28.903] {"a":"~~~~ change_state() url = /stocks:/i3d-jsonmodels:phonghead_kfb/i2d-scene:defsuse0/grid:/ui-msgbg:/2S:"},
[04:30:28.904] {"a":"~~~~ change_state() this.prev_url = ^"},
[04:30:28.904] {"a":"NOTE: values = url.slice(1).split('/')"},
[04:30:28.905] {"a":"url.slice(1) = stocks:/i3d-jsonmodels:phonghead_kfb/i2d-scene:defsuse0/grid:/ui-msgbg:/2S:"},
[04:30:28.906] "params[scene] = values[0] = stocks:",
[04:30:28.906] "params[i3d] = values[1] = i3d-jsonmodels:phonghead_kfb",
[04:30:28.906] "params[i2d] = values[2] = i2d-scene:defsuse0",
[04:30:28.907] "params[base] = values[3] = grid:",
[04:30:28.907] "params[ui] = values[4] = ui-msgbg:",
[04:30:28.907] "params[shot] = values[5] = 2S:",
[04:30:28.907] {"a":"this.terms has term[0] = scene"},
[04:30:28.908] {"a":"params[scene] = stocks:"},
[04:30:28.908] {"a":"abs_values[0] = params[scene] = stocks:"},
[04:30:28.908] "abs_values[0] = stocks:",
[04:30:28.909] {"a":"this.terms has term[1] = i3d"},
[04:30:28.910] {"a":"params[i3d] = i3d-jsonmodels:phonghead_kfb"},
[04:30:28.910] {"a":"abs_values[1] = params[i3d] = i3d-jsonmodels:phonghead_kfb"},
[04:30:28.910] "abs_values[1] = i3d-jsonmodels:phonghead_kfb",
[04:30:28.910] {"a":"this.terms has term[2] = i2d"},
[04:30:28.910] {"a":"params[i2d] = i2d-scene:defsuse0"},
[04:30:28.911] {"a":"abs_values[2] = params[i2d] = i2d-scene:defsuse0"},
[04:30:28.911] "abs_values[2] = i2d-scene:defsuse0",
[04:30:28.911] {"a":"this.terms has term[3] = base"},
[04:30:28.911] {"a":"params[base] = grid:"},
[04:30:28.911] {"a":"abs_values[3] = params[base] = grid:"},
[04:30:28.912] "abs_values[3] = grid:",
[04:30:28.912] {"a":"this.terms has term[4] = ui"},
[04:30:28.912] {"a":"params[ui] = ui-msgbg:"},
[04:30:28.912] {"a":"abs_values[4] = params[ui] = ui-msgbg:"},
[04:30:28.912] "abs_values[4] = ui-msgbg:",
[04:30:28.912] {"a":"this.terms has term[5] = shot"},
[04:30:28.912] {"a":"params[shot] = 2S:"},
[04:30:28.913] {"a":"abs_values[5] = params[shot] = 2S:"},
[04:30:28.914] "abs_values[5] = 2S:",
[04:30:28.914] {"a":"NOTE: initially this.stateObj.abs_url = '/'"},
[04:30:28.914] {"a":"this.stateObj.abs_url = /stocks:/i3d-jsonmodels:phonghead_kfb/i2d-scene:defsuse0/grid:/ui-msgbg:/2S:"},
[04:30:28.915] {"a":"ch_st(): $location.url(/stocks:/i3d-jsonmodels:phonghead_kfb/i2d-scene:defsuse0/grid://2S:)"},
[04:30:28.915] {"t":"mediator","f":"socket.emit.actions","a":{"t":"narrative","f":"change_scene","a":"stocks"}},
[04:30:29.641] {"t":"Mediator","f":"component","a":"narrative"},
[04:30:29.641] {"t":"app","f":"onEnter","a":{"name":"stocks:"}},
[04:30:29.643] {"t":"app","f":"onEnter","a":{"name":"i3d-jsonmodels:phonghead_kfb"}},
[04:30:29.643] {"t":"camera3d","f":"changeTemplateScene"},
[04:30:29.643] {"t":"app","f":"onEnter","a":{"name":"i2d-scene:defsuse0"}},
[04:30:29.643] {"t":"app","f":"onEnter","a":{"name":"grid:"}},
[04:30:29.644] {"t":"app","f":"onEnter","a":{"name":"2S:"}},
[04:30:29.644] {"t":"timeline","f":"play"},
[04:30:29.645] {"t":"camera3d","f":"addActorToScene","a":"csphere"},
[04:30:29.646] {"t":"camera3d","f":"addActorToScene","a":"axes0"},
[04:30:29.646] {"t":"camera3d","f":"addActorToScene","a":"key"},
[04:30:29.646] {"t":"camera3d","f":"addActorToScene","a":"fill"},
[04:30:29.646] {"t":"camera3d","f":"addActorToScene","a":"back"},
[04:30:29.647] {"a":"$location===mediator.location is\n              true"},
[04:30:29.647] {"a":"mediator[action.t] = [object Object]"},
[04:30:29.648] {"a":"target = [object Object]"},
[04:30:29.941] {"t":"camera3d","f":"addActorToScene","a":"head_scan"},
[04:30:43.888] {"a":"$location===mediator.location is\n              true"},
[04:30:43.927] {"a":"mediator[action.t] = [object Object]"},
[04:30:43.928] {"a":"target = [object Object]"},
[04:30:43.928] {"a":"~~~~ change_state() url = ///i2d-scene:mf2d0///"},
[04:30:43.928] {"a":"~~~~ change_state() this.prev_url = /stocks:/i3d-jsonmodels:phonghead_kfb/i2d-scene:defsuse0/grid://2S:"},
[04:30:43.928] {"a":"NOTE: values = url.slice(1).split('/')"},
[04:30:43.928] {"a":"url.slice(1) = //i2d-scene:mf2d0///"},
[04:30:43.929] "params[scene] = values[0] = ",
[04:30:43.929] "params[i3d] = values[1] = ",
[04:30:43.929] "params[i2d] = values[2] = i2d-scene:mf2d0",
[04:30:43.930] "params[base] = values[3] = ",
[04:30:43.930] "params[ui] = values[4] = ",
[04:30:43.930] "params[shot] = values[5] = ",
[04:30:43.930] {"a":"this.terms has term[0] = scene"},
[04:30:43.931] {"a":"params[scene] = "},
[04:30:43.931] "abs_values[0] = ",
[04:30:43.931] {"a":"this.terms has term[1] = i3d"},
[04:30:43.931] {"a":"params[i3d] = "},
[04:30:43.932] "abs_values[1] = ",
[04:30:43.932] {"a":"this.terms has term[2] = i2d"},
[04:30:43.932] {"a":"params[i2d] = i2d-scene:mf2d0"},
[04:30:43.933] {"a":"abs_values[2] = params[i2d] = i2d-scene:mf2d0"},
[04:30:43.933] "abs_values[2] = i2d-scene:mf2d0",
[04:30:43.933] {"a":"this.terms has term[3] = base"},
[04:30:43.933] {"a":"params[base] = "},
[04:30:43.933] "abs_values[3] = ",
[04:30:43.933] {"a":"this.terms has term[4] = ui"},
[04:30:43.933] {"a":"params[ui] = "},
[04:30:43.934] "abs_values[4] = ",
[04:30:43.934] {"a":"this.terms has term[5] = shot"},
[04:30:43.935] {"a":"params[shot] = "},
[04:30:43.935] "abs_values[5] = ",
[04:30:43.937] {"a":"NOTE: initially this.stateObj.abs_url = '/'"},
[04:30:43.937] {"a":"this.stateObj.abs_url = ///i2d-scene:mf2d0///"},
[04:30:43.937] {"a":"ch_st(): $location.url(///i2d-scene:mf2d0///)"},
[04:30:43.937] {"t":"mediator","f":"socket.emit.actions","a":{"t":"narrative","f":"change_state","a":"///i2d-scene:mf2d0///"}},
[04:30:44.098] {"t":"Mediator","f":"component","a":"narrative"},
[04:30:44.099] {"t":"app","f":"onEnter","a":{"name":"i2d-scene:mf2d0"}},
[04:30:44.099] {"t":"timeline","f":"play"},
[04:30:44.100] {"a":"$location===mediator.location is\n              true"},
[04:30:44.100] {"a":"mediator[action.t] = [object Object]"},
[04:30:44.101] {"a":"target = [object Object]"},
[04:30:50.670] {"t":"camera3d","f":"tilt (look) up","a":38},
[04:30:50.747] {"t":"narrative","f":"shot","a":{"delta":{"timeline":{"p":{"paused":true,"repeat":0},"actors":{"i3d:camera:rotation":[{"dur":3,"p":{"x":0.19635,"immediateRender":false}}]}}}}},
[04:30:50.748] "this.stateObj.abs_url = ///i2d-scene:mf2d0///",
[04:30:50.748] "before shift: abs_url_component = ",
[04:30:50.748] "before shift: abs_url_component = ",
[04:30:50.748] "before shift: abs_url_component = ",
[04:30:50.748] "before shift: abs_url_component = i2d-scene:mf2d0",
[04:30:50.748] "before shift: abs_url_component = ",
[04:30:50.748] "before shift: abs_url_component = ",
[04:30:50.749] "before shift: abs_url_component = ",
[04:30:50.749] "after shift: abs_url_component = ",
[04:30:50.749] "after shift: abs_url_component = ",
[04:30:50.750] "after shift: abs_url_component = i2d-scene:mf2d0",
[04:30:50.750] "after shift: abs_url_component = ",
[04:30:50.750] "after shift: abs_url_component = ",
[04:30:50.750] "this.stateObj.abs_url = ///i2d-scene:mf2d0///",
[04:30:50.750] "abs_url_component = ",
[04:30:50.751] "abs_url = //",
[04:30:50.755] "abs_url_component = ",
[04:30:50.755] "abs_url = ///",
[04:30:50.757] "abs_url_component = i2d-scene:mf2d0",
[04:30:50.760] "abs_url = ///i2d-scene:mf2d0/",
[04:30:50.763] "abs_url_component = ",
[04:30:50.764] "abs_url = ///i2d-scene:mf2d0//",
[04:30:50.765] "abs_url_component = ",
[04:30:50.765] "abs_url = ///i2d-scene:mf2d0///",
[04:30:50.766] "narrative.change_shot(///i2d-scene:mf2d0///shot-anim:{\"delta\":{\"timeline\":{\"p\":{\"paused\":true,\"repeat\":0},\"actors\":{\"i3d:camera:rotation\":[{\"dur\":3,\"p\":{\"x\":0.19635,\"immediateRender\":false}}]}}}})",
[04:30:50.766] {"a":"~~~~ change_state() url = ///i2d-scene:mf2d0///shot-anim:scope2"},
[04:30:50.766] {"a":"~~~~ change_state() this.prev_url = ///i2d-scene:mf2d0///"},
[04:30:50.744] {"t":"Mediator","f":"record","a":{"t":"camera3d","f":"tiltflyBy","a":{"r":0.19635,"d":3}}},
[04:30:50.766] {"a":"NOTE: values = url.slice(1).split('/')"},
[04:30:50.766] {"a":"url.slice(1) = //i2d-scene:mf2d0///shot-anim:scope2"},
[04:30:50.766] "params[scene] = values[0] = ",
[04:30:50.767] "params[i3d] = values[1] = ",
[04:30:50.767] "params[i2d] = values[2] = i2d-scene:mf2d0",
[04:30:50.768] "params[base] = values[3] = ",
[04:30:50.768] "params[ui] = values[4] = ",
[04:30:50.768] "params[shot] = values[5] = shot-anim:scope2",
[04:30:50.768] {"a":"this.terms has term[0] = scene"},
[04:30:50.768] {"a":"params[scene] = "},
[04:30:50.768] "abs_values[0] = ",
[04:30:50.769] {"a":"this.terms has term[1] = i3d"},
[04:30:50.769] {"a":"params[i3d] = "},
[04:30:50.769] "abs_values[1] = ",
[04:30:50.769] {"a":"this.terms has term[2] = i2d"},
[04:30:50.769] {"a":"params[i2d] = i2d-scene:mf2d0"},
[04:30:50.769] "abs_values[2] = i2d-scene:mf2d0",
[04:30:50.769] {"a":"abs_values[2] = params[i2d] = i2d-scene:mf2d0"},
[04:30:50.769] {"a":"this.terms has term[3] = base"},
[04:30:50.769] {"a":"params[base] = "},
[04:30:50.770] {"a":"this.terms has term[4] = ui"},
[04:30:50.770] "abs_values[3] = ",
[04:30:50.770] {"a":"params[ui] = "},
[04:30:50.770] "abs_values[4] = ",
[04:30:50.770] {"a":"params[shot] = shot-anim:scope2"},
[04:30:50.770] {"a":"this.terms has term[5] = shot"},
[04:30:50.770] {"a":"abs_values[5] = params[shot] = shot-anim:scope2"},
[04:30:50.770] "abs_values[5] = shot-anim:scope2",
[04:30:50.770] {"a":"this.stateObj.abs_url = ///i2d-scene:mf2d0///shot-anim:scope2"},
[04:30:50.770] {"a":"NOTE: initially this.stateObj.abs_url = '/'"},
[04:30:50.770] {"a":"ch_st(): $location.url(//////shot-anim:scope2)"},
[04:30:50.784] {"t":"app","f":"onEnter","a":{"name":"shot-anim:scope2"}},
[04:30:50.784] {"t":"timeline","f":"play"},
[04:30:50.784] {"t":"Mediator","f":"component","a":"narrative"},
[04:30:53.669] {"a":"$location===mediator.location is\n              true"},
[04:30:53.674] {"a":"mediator[action.t] = [object Object]"},
[04:30:53.674] {"a":"target = [object Object]"},
[04:30:54.584] {"t":"camera3d","f":"tilt (look) down","a":40},
[04:30:54.627] {"t":"Mediator","f":"record","a":{"t":"camera3d","f":"tiltflyBy","a":{"r":-0.19635,"d":3}}},
[04:30:54.628] {"t":"narrative","f":"shot","a":{"delta":{"timeline":{"p":{"paused":true,"repeat":0},"actors":{"i3d:camera:rotation":[{"dur":3,"p":{"x":0,"immediateRender":false}}]}}}}},
[04:30:54.628] "this.stateObj.abs_url = ///i2d-scene:mf2d0///shot-anim:scope2",
[04:30:54.628] "before shift: abs_url_component = ",
[04:30:54.628] "before shift: abs_url_component = ",
[04:30:54.628] "before shift: abs_url_component = ",
[04:30:54.628] "before shift: abs_url_component = i2d-scene:mf2d0",
[04:30:54.628] "before shift: abs_url_component = ",
[04:30:54.628] "before shift: abs_url_component = ",
[04:30:54.628] "before shift: abs_url_component = shot-anim:scope2",
[04:30:54.628] "after shift: abs_url_component = ",
[04:30:54.629] "after shift: abs_url_component = ",
[04:30:54.629] "after shift: abs_url_component = i2d-scene:mf2d0",
[04:30:54.629] "after shift: abs_url_component = ",
[04:30:54.629] "after shift: abs_url_component = ",
[04:30:54.630] "this.stateObj.abs_url = ///i2d-scene:mf2d0///shot-anim:scope2",
[04:30:54.630] "abs_url_component = ",
[04:30:54.630] "abs_url = //",
[04:30:54.630] "abs_url_component = ",
[04:30:54.630] "abs_url = ///",
[04:30:54.631] "abs_url_component = i2d-scene:mf2d0",
[04:30:54.631] "abs_url = ///i2d-scene:mf2d0/",
[04:30:54.631] "abs_url_component = ",
[04:30:54.631] "abs_url = ///i2d-scene:mf2d0//",
[04:30:54.631] "abs_url_component = ",
[04:30:54.631] "abs_url = ///i2d-scene:mf2d0///",
[04:30:54.631] "narrative.change_shot(///i2d-scene:mf2d0///shot-anim:{\"delta\":{\"timeline\":{\"p\":{\"paused\":true,\"repeat\":0},\"actors\":{\"i3d:camera:rotation\":[{\"dur\":3,\"p\":{\"x\":0,\"immediateRender\":false}}]}}}})",
[04:30:54.631] {"a":"~~~~ change_state() url = ///i2d-scene:mf2d0///shot-anim:scope3"},
[04:30:54.631] {"a":"~~~~ change_state() this.prev_url = //////shot-anim:scope2"},
[04:30:54.632] {"a":"NOTE: values = url.slice(1).split('/')"},
[04:30:54.632] {"a":"url.slice(1) = //i2d-scene:mf2d0///shot-anim:scope3"},
[04:30:54.632] "params[scene] = values[0] = ",
[04:30:54.632] "params[i3d] = values[1] = ",
[04:30:54.632] "params[i2d] = values[2] = i2d-scene:mf2d0",
[04:30:54.632] "params[base] = values[3] = ",
[04:30:54.635] "params[ui] = values[4] = ",
[04:30:54.635] "params[shot] = values[5] = shot-anim:scope3",
[04:30:54.635] {"a":"this.terms has term[0] = scene"},
[04:30:54.636] {"a":"params[scene] = "},
[04:30:54.636] "abs_values[0] = ",
[04:30:54.636] {"a":"this.terms has term[1] = i3d"},
[04:30:54.636] {"a":"params[i3d] = "},
[04:30:54.637] "abs_values[1] = ",
[04:30:54.637] {"a":"this.terms has term[2] = i2d"},
[04:30:54.637] {"a":"params[i2d] = i2d-scene:mf2d0"},
[04:30:54.637] {"a":"abs_values[2] = params[i2d] = i2d-scene:mf2d0"},
[04:30:54.637] "abs_values[2] = i2d-scene:mf2d0",
[04:30:54.637] {"a":"this.terms has term[3] = base"},
[04:30:54.637] {"a":"params[base] = "},
[04:30:54.638] "abs_values[3] = ",
[04:30:54.638] {"a":"this.terms has term[4] = ui"},
[04:30:54.638] {"a":"params[ui] = "},
[04:30:54.638] "abs_values[4] = ",
[04:30:54.638] {"a":"this.terms has term[5] = shot"},
[04:30:54.638] {"a":"params[shot] = shot-anim:scope3"},
[04:30:54.638] {"a":"abs_values[5] = params[shot] = shot-anim:scope3"},
[04:30:54.638] "abs_values[5] = shot-anim:scope3",
[04:30:54.638] {"a":"NOTE: initially this.stateObj.abs_url = '/'"},
[04:30:54.639] {"a":"this.stateObj.abs_url = ///i2d-scene:mf2d0///shot-anim:scope3"},
[04:30:54.639] {"a":"ch_st(): $location.url(//////shot-anim:scope3)"},
[04:30:54.687] {"t":"Mediator","f":"component","a":"narrative"},
[04:30:54.687] {"t":"app","f":"onEnter","a":{"name":"shot-anim:scope3"}},
[04:30:54.687] {"t":"timeline","f":"play"},
[04:30:57.571] {"a":"$location===mediator.location is\n              true"},
[04:30:57.575] {"a":"mediator[action.t] = [object Object]"},
[04:30:57.576] {"a":"target = [object Object]"},
[04:31:35.405] {"t":"camera3d","f":"yaw ccw","a":71},
[04:31:35.440] {"t":"Mediator","f":"record","a":{"t":"camera3d","f":"yawflyBy","a":{"r":-0.3927,"d":3}}},
[04:31:35.441] {"t":"narrative","f":"shot","a":{"delta":{"timeline":{"p":{"paused":true,"repeat":0},"actors":{"i3d:csphere:rotation":[{"dur":3,"p":{"y":-0.3927,"immediateRender":false}}]}}}}},
[04:31:35.442] "this.stateObj.abs_url = ///i2d-scene:mf2d0///shot-anim:scope3",
[04:31:35.442] "before shift: abs_url_component = ",
[04:31:35.442] "before shift: abs_url_component = ",
[04:31:35.442] "before shift: abs_url_component = ",
[04:31:35.450] "before shift: abs_url_component = i2d-scene:mf2d0",
[04:31:35.451] "before shift: abs_url_component = ",
[04:31:35.451] "before shift: abs_url_component = ",
[04:31:35.451] "before shift: abs_url_component = shot-anim:scope3",
[04:31:35.451] "after shift: abs_url_component = ",
[04:31:35.451] "after shift: abs_url_component = ",
[04:31:35.451] "after shift: abs_url_component = i2d-scene:mf2d0",
[04:31:35.451] "after shift: abs_url_component = ",
[04:31:35.452] "after shift: abs_url_component = ",
[04:31:35.453] "this.stateObj.abs_url = ///i2d-scene:mf2d0///shot-anim:scope3",
[04:31:35.453] "abs_url_component = ",
[04:31:35.453] "abs_url = //",
[04:31:35.453] "abs_url_component = ",
[04:31:35.453] "abs_url = ///",
[04:31:35.453] "abs_url_component = i2d-scene:mf2d0",
[04:31:35.453] "abs_url = ///i2d-scene:mf2d0/",
[04:31:35.454] "abs_url_component = ",
[04:31:35.454] "abs_url_component = ",
[04:31:35.454] "abs_url = ///i2d-scene:mf2d0//",
[04:31:35.455] "abs_url = ///i2d-scene:mf2d0///",
[04:31:35.455] {"a":"~~~~ change_state() url = ///i2d-scene:mf2d0///shot-anim:scope4"},
[04:31:35.455] {"a":"~~~~ change_state() this.prev_url = //////shot-anim:scope3"},
[04:31:35.455] {"a":"NOTE: values = url.slice(1).split('/')"},
[04:31:35.455] {"a":"url.slice(1) = //i2d-scene:mf2d0///shot-anim:scope4"},
[04:31:35.455] "params[scene] = values[0] = ",
[04:31:35.456] "params[i3d] = values[1] = ",
[04:31:35.456] "params[i2d] = values[2] = i2d-scene:mf2d0",
[04:31:35.456] "params[base] = values[3] = ",
[04:31:35.456] "params[ui] = values[4] = ",
[04:31:35.457] "params[shot] = values[5] = shot-anim:scope4",
[04:31:35.457] {"a":"this.terms has term[0] = scene"},
[04:31:35.457] {"a":"params[scene] = "},
[04:31:35.457] "abs_values[0] = ",
[04:31:35.457] {"a":"this.terms has term[1] = i3d"},
[04:31:35.458] {"a":"params[i3d] = "},
[04:31:35.458] "abs_values[1] = ",
[04:31:35.458] {"a":"this.terms has term[2] = i2d"},
[04:31:35.458] {"a":"params[i2d] = i2d-scene:mf2d0"},
[04:31:35.458] {"a":"abs_values[2] = params[i2d] = i2d-scene:mf2d0"},
[04:31:35.458] "abs_values[2] = i2d-scene:mf2d0",
[04:31:35.458] {"a":"this.terms has term[3] = base"},
[04:31:35.459] {"a":"params[base] = "},
[04:31:35.459] "abs_values[3] = ",
[04:31:35.459] {"a":"this.terms has term[4] = ui"},
[04:31:35.460] {"a":"params[ui] = "},
[04:31:35.460] "abs_values[4] = ",
[04:31:35.460] {"a":"this.terms has term[5] = shot"},
[04:31:35.460] {"a":"params[shot] = shot-anim:scope4"},
[04:31:35.460] {"a":"abs_values[5] = params[shot] = shot-anim:scope4"},
[04:31:35.460] "abs_values[5] = shot-anim:scope4",
[04:31:35.461] {"a":"NOTE: initially this.stateObj.abs_url = '/'"},
[04:31:35.461] {"a":"this.stateObj.abs_url = ///i2d-scene:mf2d0///shot-anim:scope4"},
[04:31:35.461] {"a":"ch_st(): $location.url(//////shot-anim:scope4)"},
[04:31:35.455] "narrative.change_shot(///i2d-scene:mf2d0///shot-anim:{\"delta\":{\"timeline\":{\"p\":{\"paused\":true,\"repeat\":0},\"actors\":{\"i3d:csphere:rotation\":[{\"dur\":3,\"p\":{\"y\":-0.3927,\"immediateRender\":false}}]}}}})",
[04:31:35.491] {"t":"Mediator","f":"component","a":"narrative"},
[04:31:35.492] {"t":"app","f":"onEnter","a":{"name":"shot-anim:scope4"}},
[04:31:35.492] {"t":"timeline","f":"play"},
[04:31:38.407] {"a":"$location===mediator.location is\n              true"},
[04:31:38.412] {"a":"target = [object Object]"},
[04:31:38.412] {"a":"mediator[action.t] = [object Object]"},
