[04:38:51.296] {"t":"camera3d","f":"place","a":12},
[04:38:51.297] {"t":"camerasphere","f":"create","a":"csphere"},
[04:38:51.297] {"t":"camerasphere","f":"children","a":1},
[04:39:10.232] {"a":"mediator[action.t] = [object Object]"},
[04:39:10.232] {"a":"~~~~ change_state() url = /stocks:/i3d-jsonmodels:phonghead_kfb/i2d-scene:defsuse0/grid:/ui-msgbg:/2S:"},
[04:39:10.232] {"a":"~~~~ change_state() this.prev_url = ^"},
[04:39:10.233] {"a":"NOTE: values = url.slice(1).split('/')"},
[04:39:10.234] {"a":"url.slice(1) = stocks:/i3d-jsonmodels:phonghead_kfb/i2d-scene:defsuse0/grid:/ui-msgbg:/2S:"},
[04:39:10.234] "params[scene] = values[0] = stocks:",
[04:39:10.234] "params[i3d] = values[1] = i3d-jsonmodels:phonghead_kfb",
[04:39:10.234] "params[i2d] = values[2] = i2d-scene:defsuse0",
[04:39:10.235] "params[base] = values[3] = grid:",
[04:39:10.232] {"a":"target = [object Object]"},
[04:39:10.237] "params[ui] = values[4] = ui-msgbg:",
[04:39:10.237] "params[shot] = values[5] = 2S:",
[04:39:10.237] {"a":"this.terms has term[0] = scene"},
[04:39:10.238] {"a":"params[scene] = stocks:"},
[04:39:10.238] {"a":"abs_values[0] = params[scene] = stocks:"},
[04:39:10.193] {"a":"$location===mediator.location is\n              true"},
[04:39:10.238] "abs_values[0] = stocks:",
[04:39:10.239] {"a":"this.terms has term[1] = i3d"},
[04:39:10.240] {"a":"params[i3d] = i3d-jsonmodels:phonghead_kfb"},
[04:39:10.241] {"a":"abs_values[1] = params[i3d] = i3d-jsonmodels:phonghead_kfb"},
[04:39:10.241] "abs_values[1] = i3d-jsonmodels:phonghead_kfb",
[04:39:10.241] {"a":"this.terms has term[2] = i2d"},
[04:39:10.241] {"a":"params[i2d] = i2d-scene:defsuse0"},
[04:39:10.242] {"a":"abs_values[2] = params[i2d] = i2d-scene:defsuse0"},
[04:39:10.242] "abs_values[2] = i2d-scene:defsuse0",
[04:39:10.242] {"a":"this.terms has term[3] = base"},
[04:39:10.243] {"a":"params[base] = grid:"},
[04:39:10.243] {"a":"abs_values[3] = params[base] = grid:"},
[04:39:10.243] "abs_values[3] = grid:",
[04:39:10.243] {"a":"this.terms has term[4] = ui"},
[04:39:10.243] {"a":"params[ui] = ui-msgbg:"},
[04:39:10.243] {"a":"abs_values[4] = params[ui] = ui-msgbg:"},
[04:39:10.244] "abs_values[4] = ui-msgbg:",
[04:39:10.244] {"a":"this.terms has term[5] = shot"},
[04:39:10.245] {"a":"params[shot] = 2S:"},
[04:39:10.245] {"a":"abs_values[5] = params[shot] = 2S:"},
[04:39:10.245] "abs_values[5] = 2S:",
[04:39:10.245] {"a":"NOTE: initially this.stateObj.abs_url = '/'"},
[04:39:10.246] {"a":"this.stateObj.abs_url = /stocks:/i3d-jsonmodels:phonghead_kfb/i2d-scene:defsuse0/grid:/ui-msgbg:/2S:"},
[04:39:10.246] {"a":"ch_st(): $location.url(/stocks:/i3d-jsonmodels:phonghead_kfb/i2d-scene:defsuse0/grid://2S:)"},
[04:39:10.248] {"t":"mediator","f":"socket.emit.actions","a":{"t":"narrative","f":"change_scene","a":"stocks"}},
[04:39:10.950] {"t":"Mediator","f":"component","a":"narrative"},
[04:39:10.950] {"t":"app","f":"onEnter","a":{"name":"stocks:"}},
[04:39:10.951] {"t":"app","f":"onEnter","a":{"name":"i3d-jsonmodels:phonghead_kfb"}},
[04:39:10.951] {"t":"camera3d","f":"changeTemplateScene"},
[04:39:10.951] {"t":"app","f":"onEnter","a":{"name":"i2d-scene:defsuse0"}},
[04:39:10.951] {"t":"app","f":"onEnter","a":{"name":"grid:"}},
[04:39:10.951] {"t":"app","f":"onEnter","a":{"name":"2S:"}},
[04:39:10.952] {"t":"timeline","f":"play"},
[04:39:10.952] {"t":"camera3d","f":"addActorToScene","a":"csphere"},
[04:39:10.953] {"t":"camera3d","f":"addActorToScene","a":"axes0"},
[04:39:10.953] {"t":"camera3d","f":"addActorToScene","a":"key"},
[04:39:10.953] {"t":"camera3d","f":"addActorToScene","a":"fill"},
[04:39:10.954] {"t":"camera3d","f":"addActorToScene","a":"back"},
[04:39:10.954] {"a":"$location===mediator.location is\n              true"},
[04:39:10.955] {"a":"target = [object Object]"},
[04:39:10.954] {"a":"mediator[action.t] = [object Object]"},
[04:39:11.238] {"t":"camera3d","f":"addActorToScene","a":"head_scan"},
[04:39:25.193] {"a":"$location===mediator.location is\n              true"},
[04:39:25.230] {"a":"mediator[action.t] = [object Object]"},
[04:39:25.230] {"a":"target = [object Object]"},
[04:39:25.230] {"a":"~~~~ change_state() url = ///i2d-scene:mf2d0///"},
[04:39:25.230] {"a":"~~~~ change_state() this.prev_url = /stocks:/i3d-jsonmodels:phonghead_kfb/i2d-scene:defsuse0/grid://2S:"},
[04:39:25.230] {"a":"NOTE: values = url.slice(1).split('/')"},
[04:39:25.231] {"a":"url.slice(1) = //i2d-scene:mf2d0///"},
[04:39:25.231] "params[scene] = values[0] = ",
[04:39:25.232] "params[i3d] = values[1] = ",
[04:39:25.232] "params[i2d] = values[2] = i2d-scene:mf2d0",
[04:39:25.232] "params[base] = values[3] = ",
[04:39:25.232] "params[ui] = values[4] = ",
[04:39:25.232] "params[shot] = values[5] = ",
[04:39:25.233] {"a":"this.terms has term[0] = scene"},
[04:39:25.233] {"a":"params[scene] = "},
[04:39:25.233] "abs_values[0] = ",
[04:39:25.233] {"a":"this.terms has term[1] = i3d"},
[04:39:25.233] {"a":"params[i3d] = "},
[04:39:25.233] "abs_values[1] = ",
[04:39:25.234] {"a":"this.terms has term[2] = i2d"},
[04:39:25.234] {"a":"params[i2d] = i2d-scene:mf2d0"},
[04:39:25.234] {"a":"abs_values[2] = params[i2d] = i2d-scene:mf2d0"},
[04:39:25.234] "abs_values[2] = i2d-scene:mf2d0",
[04:39:25.234] {"a":"this.terms has term[3] = base"},
[04:39:25.234] {"a":"params[base] = "},
[04:39:25.234] "abs_values[3] = ",
[04:39:25.234] {"a":"this.terms has term[4] = ui"},
[04:39:25.235] {"a":"params[ui] = "},
[04:39:25.235] "abs_values[4] = ",
[04:39:25.235] {"a":"this.terms has term[5] = shot"},
[04:39:25.235] {"a":"params[shot] = "},
[04:39:25.236] "abs_values[5] = ",
[04:39:25.237] {"a":"NOTE: initially this.stateObj.abs_url = '/'"},
[04:39:25.238] {"a":"this.stateObj.abs_url = ///i2d-scene:mf2d0///"},
[04:39:25.238] {"a":"ch_st(): $location.url(///i2d-scene:mf2d0///)"},
[04:39:25.238] {"t":"mediator","f":"socket.emit.actions","a":{"t":"narrative","f":"change_state","a":"///i2d-scene:mf2d0///"}},
[04:39:25.402] {"t":"Mediator","f":"component","a":"narrative"},
[04:39:25.405] {"t":"app","f":"onEnter","a":{"name":"i2d-scene:mf2d0"}},
[04:39:25.405] {"t":"timeline","f":"play"},
[04:39:25.405] {"a":"$location===mediator.location is\n              true"},
[04:39:25.406] {"a":"mediator[action.t] = [object Object]"},
[04:39:25.406] {"a":"target = [object Object]"},
[04:39:35.491] {"t":"camera3d","f":"tilt (look) up","a":38},
[04:39:35.534] {"t":"Mediator","f":"record","a":{"t":"camera3d","f":"tiltflyBy","a":{"r":0.19635,"d":3}}},
[04:39:35.538] {"t":"narrative","f":"shot","a":{"delta":{"timeline":{"p":{"paused":true,"repeat":0},"actors":{"i3d:camera:rotation":[{"dur":3,"p":{"x":0.19635,"immediateRender":false}}]}}}}},
[04:39:35.539] "this.stateObj.abs_url = ///i2d-scene:mf2d0///",
[04:39:35.540] "before shift: abs_url_component = ",
[04:39:35.540] "before shift: abs_url_component = ",
[04:39:35.540] "before shift: abs_url_component = ",
[04:39:35.540] "before shift: abs_url_component = i2d-scene:mf2d0",
[04:39:35.541] "before shift: abs_url_component = ",
[04:39:35.541] "before shift: abs_url_component = ",
[04:39:35.542] "before shift: abs_url_component = ",
[04:39:35.542] "after shift: abs_url_component = ",
[04:39:35.542] "after shift: abs_url_component = ",
[04:39:35.542] "after shift: abs_url_component = i2d-scene:mf2d0",
[04:39:35.542] "after shift: abs_url_component = ",
[04:39:35.542] "after shift: abs_url_component = ",
[04:39:35.543] "this.stateObj.abs_url = ///i2d-scene:mf2d0///",
[04:39:35.546] "abs_url_component = ",
[04:39:35.548] "abs_url = //",
[04:39:35.551] "abs_url_component = ",
[04:39:35.552] "abs_url = ///",
[04:39:35.555] "abs_url_component = i2d-scene:mf2d0",
[04:39:35.559] "abs_url = ///i2d-scene:mf2d0/",
[04:39:35.560] "abs_url_component = ",
[04:39:35.560] "abs_url = ///i2d-scene:mf2d0//",
[04:39:35.561] "abs_url_component = ",
[04:39:35.562] "abs_url = ///i2d-scene:mf2d0///",
[04:39:35.562] "narrative.change_shot(///i2d-scene:mf2d0///shot-anim:{\"delta\":{\"timeline\":{\"p\":{\"paused\":true,\"repeat\":0},\"actors\":{\"i3d:camera:rotation\":[{\"dur\":3,\"p\":{\"x\":0.19635,\"immediateRender\":false}}]}}}})",
[04:39:35.562] {"a":"~~~~ change_state() url = ///i2d-scene:mf2d0///shot-anim:scope2"},
[04:39:35.562] {"a":"~~~~ change_state() this.prev_url = ///i2d-scene:mf2d0///"},
[04:39:35.562] {"a":"NOTE: values = url.slice(1).split('/')"},
[04:39:35.562] {"a":"url.slice(1) = //i2d-scene:mf2d0///shot-anim:scope2"},
[04:39:35.562] "params[scene] = values[0] = ",
[04:39:35.562] "params[i3d] = values[1] = ",
[04:39:35.563] "params[i2d] = values[2] = i2d-scene:mf2d0",
[04:39:35.564] "params[base] = values[3] = ",
[04:39:35.564] "params[ui] = values[4] = ",
[04:39:35.564] "params[shot] = values[5] = shot-anim:scope2",
[04:39:35.564] {"a":"this.terms has term[0] = scene"},
[04:39:35.564] {"a":"params[scene] = "},
[04:39:35.564] "abs_values[0] = ",
[04:39:35.564] {"a":"this.terms has term[1] = i3d"},
[04:39:35.564] {"a":"params[i3d] = "},
[04:39:35.565] "abs_values[1] = ",
[04:39:35.565] {"a":"this.terms has term[2] = i2d"},
[04:39:35.565] {"a":"params[i2d] = i2d-scene:mf2d0"},
[04:39:35.565] {"a":"abs_values[2] = params[i2d] = i2d-scene:mf2d0"},
[04:39:35.565] "abs_values[2] = i2d-scene:mf2d0",
[04:39:35.565] {"a":"this.terms has term[3] = base"},
[04:39:35.565] {"a":"params[base] = "},
[04:39:35.565] "abs_values[3] = ",
[04:39:35.565] {"a":"this.terms has term[4] = ui"},
[04:39:35.566] {"a":"params[ui] = "},
[04:39:35.566] "abs_values[4] = ",
[04:39:35.566] {"a":"this.terms has term[5] = shot"},
[04:39:35.566] {"a":"params[shot] = shot-anim:scope2"},
[04:39:35.566] {"a":"abs_values[5] = params[shot] = shot-anim:scope2"},
[04:39:35.566] "abs_values[5] = shot-anim:scope2",
[04:39:35.567] {"a":"NOTE: initially this.stateObj.abs_url = '/'"},
[04:39:35.567] {"a":"this.stateObj.abs_url = ///i2d-scene:mf2d0///shot-anim:scope2"},
[04:39:35.567] {"a":"ch_st(): $location.url(//////shot-anim:scope2)"},
[04:39:35.589] {"t":"Mediator","f":"component","a":"narrative"},
[04:39:35.589] {"t":"app","f":"onEnter","a":{"name":"shot-anim:scope2"}},
[04:39:35.589] {"t":"timeline","f":"play"},
[04:39:38.481] {"a":"$location===mediator.location is\n              true"},
[04:39:38.485] {"a":"mediator[action.t] = [object Object]"},
[04:39:38.485] {"a":"target = [object Object]"},
