[04:48:05.900] {"t":"camera3d","f":"place","a":12},
[04:48:05.992] {"t":"camerasphere","f":"create","a":"csphere"},
[04:48:05.993] {"t":"camerasphere","f":"children","a":1},
[04:48:24.910] {"a":"$location===mediator.location is\n              true"},
[04:48:24.929] {"a":"mediator[action.t] = [object Object]"},
[04:48:24.929] {"a":"target = [object Object]"},
[04:48:24.929] {"a":"~~~~ change_state() url = /stocks:/i3d-jsonmodels:phonghead_kfb/i2d-scene:defsuse0/grid:/ui-msgbg:/2S:"},
[04:48:24.929] {"a":"~~~~ change_state() this.prev_url = ^"},
[04:48:24.930] {"a":"this.terms has term[0] = scene"},
[04:48:24.931] {"a":"params[scene] = stocks:"},
[04:48:24.934] "abs_values[0] = stocks:",
[04:48:24.934] {"a":"this.terms has term[1] = i3d"},
[04:48:24.934] {"a":"params[i3d] = i3d-jsonmodels:phonghead_kfb"},
[04:48:24.934] "abs_values[1] = i3d-jsonmodels:phonghead_kfb",
[04:48:24.935] {"a":"this.terms has term[2] = i2d"},
[04:48:24.935] {"a":"params[i2d] = i2d-scene:defsuse0"},
[04:48:24.935] "abs_values[2] = i2d-scene:defsuse0",
[04:48:24.935] {"a":"this.terms has term[3] = base"},
[04:48:24.935] {"a":"params[base] = grid:"},
[04:48:24.936] "abs_values[3] = grid:",
[04:48:24.937] {"a":"this.terms has term[4] = ui"},
[04:48:24.938] {"a":"params[ui] = ui-msgbg:"},
[04:48:24.938] "abs_values[4] = ui-msgbg:",
[04:48:24.938] {"a":"this.terms has term[5] = shot"},
[04:48:24.938] {"a":"params[shot] = 2S:"},
[04:48:24.938] "abs_values[5] = 2S:",
[04:48:24.939] {"a":"ch_st(): $location.url(/stocks:/i3d-jsonmodels:phonghead_kfb/i2d-scene:defsuse0/grid://2S:)"},
[04:48:24.939] {"t":"mediator","f":"socket.emit.actions","a":{"t":"narrative","f":"change_scene","a":"stocks"}},
[04:48:25.656] {"t":"Mediator","f":"component","a":"narrative"},
[04:48:25.657] {"t":"app","f":"onEnter","a":{"name":"stocks:"}},
[04:48:25.657] {"t":"app","f":"onEnter","a":{"name":"i3d-jsonmodels:phonghead_kfb"}},
[04:48:25.657] {"t":"app","f":"onEnter","a":{"name":"i2d-scene:defsuse0"}},
[04:48:25.658] {"t":"app","f":"onEnter","a":{"name":"2S:"}},
[04:48:25.659] {"t":"camera3d","f":"addActorToScene","a":"axes0"},
[04:48:25.657] {"t":"camera3d","f":"changeTemplateScene"},
[04:48:25.657] {"t":"app","f":"onEnter","a":{"name":"grid:"}},
[04:48:25.660] {"t":"camera3d","f":"addActorToScene","a":"back"},
[04:48:25.658] {"t":"timeline","f":"play"},
[04:48:25.661] {"a":"$location===mediator.location is\n              true"},
[04:48:25.660] {"t":"camera3d","f":"addActorToScene","a":"key"},
[04:48:25.661] {"a":"target = [object Object]"},
[04:48:25.661] {"a":"mediator[action.t] = [object Object]"},
[04:48:25.660] {"t":"camera3d","f":"addActorToScene","a":"fill"},
[04:48:25.659] {"t":"camera3d","f":"addActorToScene","a":"csphere"},
[04:48:25.940] {"t":"camera3d","f":"addActorToScene","a":"head_scan"},
[04:48:34.910] {"a":"$location===mediator.location is\n              true"},
[04:48:34.923] {"a":"mediator[action.t] = [object Object]"},
[04:48:34.923] {"a":"target = [object Object]"},
[04:48:34.924] {"a":"~~~~ change_state() url = ///i2d-scene:mf2d0///"},
[04:48:34.924] {"a":"~~~~ change_state() this.prev_url = /stocks:/i3d-jsonmodels:phonghead_kfb/i2d-scene:defsuse0/grid://2S:"},
[04:48:34.924] {"a":"this.terms has term[0] = scene"},
[04:48:34.924] {"a":"params[scene] = "},
[04:48:34.925] "abs_values[0] = ",
[04:48:34.925] {"a":"this.terms has term[1] = i3d"},
[04:48:34.925] {"a":"params[i3d] = "},
[04:48:34.925] "abs_values[1] = ",
[04:48:34.925] {"a":"this.terms has term[2] = i2d"},
[04:48:34.926] {"a":"params[i2d] = i2d-scene:mf2d0"},
[04:48:34.926] "abs_values[2] = i2d-scene:mf2d0",
[04:48:34.926] {"a":"this.terms has term[3] = base"},
[04:48:34.926] {"a":"params[base] = "},
[04:48:34.927] "abs_values[3] = ",
[04:48:34.927] {"a":"this.terms has term[4] = ui"},
[04:48:34.927] {"a":"params[ui] = "},
[04:48:34.927] "abs_values[4] = ",
[04:48:34.927] {"a":"this.terms has term[5] = shot"},
[04:48:34.927] {"a":"params[shot] = "},
[04:48:34.927] "abs_values[5] = ",
[04:48:34.928] {"a":"ch_st(): $location.url(///i2d-scene:mf2d0///)"},
[04:48:34.928] {"t":"mediator","f":"socket.emit.actions","a":{"t":"narrative","f":"change_state","a":"///i2d-scene:mf2d0///"}},
[04:48:35.077] {"t":"Mediator","f":"component","a":"narrative"},
[04:48:35.077] {"t":"app","f":"onEnter","a":{"name":"i2d-scene:mf2d0"}},
[04:48:35.077] {"t":"timeline","f":"play"},
[04:48:35.077] {"a":"$location===mediator.location is\n              true"},
[04:48:35.078] {"a":"mediator[action.t] = [object Object]"},
[04:48:35.078] {"a":"target = [object Object]"},
[04:48:45.751] {"t":"camera3d","f":"tilt (look) up","a":38},
[04:48:45.767] {"t":"Mediator","f":"record","a":{"t":"camera3d","f":"tiltflyBy","a":{"r":0.19635,"d":3}}},
[04:48:45.769] {"t":"narrative","f":"shot","a":{"delta":{"timeline":{"p":{"paused":true,"repeat":0},"actors":{"i3d:camera:rotation":[{"dur":3,"p":{"x":0.19635,"immediateRender":false}}]}}}}},
[04:48:45.769] {"a":"~~~~ change_state() url = ///i2d-scene:mf2d0///shot-anim:scope2"},
[04:48:45.769] {"a":"~~~~ change_state() this.prev_url = ///i2d-scene:mf2d0///"},
[04:48:45.770] {"a":"this.terms has term[0] = scene"},
[04:48:45.770] {"a":"params[scene] = "},
[04:48:45.770] "abs_values[0] = ",
[04:48:45.770] {"a":"this.terms has term[1] = i3d"},
[04:48:45.770] {"a":"params[i3d] = "},
[04:48:45.770] "abs_values[1] = ",
[04:48:45.771] {"a":"this.terms has term[2] = i2d"},
[04:48:45.771] {"a":"params[i2d] = i2d-scene:mf2d0"},
[04:48:45.771] "abs_values[2] = i2d-scene:mf2d0",
[04:48:45.771] {"a":"this.terms has term[3] = base"},
[04:48:45.771] {"a":"params[base] = "},
[04:48:45.772] "abs_values[3] = ",
[04:48:45.773] {"a":"this.terms has term[4] = ui"},
[04:48:45.773] {"a":"params[ui] = "},
[04:48:45.773] "abs_values[4] = ",
[04:48:45.774] {"a":"this.terms has term[5] = shot"},
[04:48:45.774] {"a":"params[shot] = shot-anim:scope2"},
[04:48:45.774] "abs_values[5] = shot-anim:scope2",
[04:48:45.775] {"a":"ch_st(): $location.url(//////shot-anim:scope2)"},
[04:48:45.808] {"t":"Mediator","f":"component","a":"narrative"},
[04:48:45.810] {"t":"timeline","f":"play"},
[04:48:45.808] {"t":"app","f":"onEnter","a":{"name":"shot-anim:scope2"}},
[04:48:48.743] {"a":"$location===mediator.location is\n              true"},
[04:48:48.747] {"a":"mediator[action.t] = [object Object]"},
[04:48:48.748] {"a":"target = [object Object]"},
