[23:27:32.538] {"t":"camerasphere","f":"create","a":"csphere"},
[23:27:32.537] {"t":"camera3d","f":"place","a":12},
[23:27:32.539] {"t":"camerasphere","f":"children","a":1},
[23:27:56.431] {"a":"$location===mediator.location is\n              true"},
[23:27:56.454] {"a":"mediator[action.t] = [object Object]"},
[23:27:56.455] {"a":"target = [object Object]"},
[23:27:56.455] {"a":"~~~~ change_state() url = /a:/i3d-simple:simple_green/i2d-scene:disks0/base-skycube:test_cube/ui-msgbg:/LS"},
[23:27:56.455] {"a":"~~~~ change_state() this.prev_url = ^"},
[23:27:56.456] {"a":"this.terms has term[0] = scene"},
[23:27:56.457] "abs_values[0] = a:",
[23:27:56.457] {"a":"this.terms has term[1] = i3d"},
[23:27:56.458] {"a":"params[i3d] = i3d-simple:simple_green"},
[23:27:56.458] "abs_values[1] = i3d-simple:simple_green",
[23:27:56.458] {"a":"this.terms has term[2] = i2d"},
[23:27:56.458] {"a":"params[i2d] = i2d-scene:disks0"},
[23:27:56.458] "abs_values[2] = i2d-scene:disks0",
[23:27:56.458] {"a":"this.terms has term[3] = base"},
[23:27:56.459] {"a":"params[base] = base-skycube:test_cube"},
[23:27:56.459] "abs_values[3] = base-skycube:test_cube",
[23:27:56.460] {"a":"this.terms has term[4] = ui"},
[23:27:56.460] {"a":"params[ui] = ui-msgbg:"},
[23:27:56.460] "abs_values[4] = ui-msgbg:",
[23:27:56.461] {"a":"this.terms has term[5] = shot"},
[23:27:56.461] {"a":"params[shot] = LS"},
[23:27:56.461] "abs_values[5] = LS",
[23:27:56.461] {"a":"ch_st(): $location.url(/a:/i3d-simple:simple_green/i2d-scene:disks0/base-skycube:test_cube//LS)"},
[23:27:56.462] {"t":"mediator","f":"socket.emit.actions","a":{"t":"narrative","f":"change_scene","a":"a"}},
[23:27:56.456] {"a":"params[scene] = a:"},
[23:27:56.907] {"t":"Mediator","f":"component","a":"narrative"},
[23:27:56.908] {"t":"app","f":"onEnter","a":{"name":"a:"}},
[23:27:56.909] {"t":"app","f":"onEnter","a":{"name":"i3d-simple:simple_green"}},
[23:27:56.909] {"t":"camera3d","f":"changeTemplateScene"},
[23:27:56.909] {"t":"app","f":"onEnter","a":{"name":"i2d-scene:disks0"}},
[23:27:56.910] {"t":"app","f":"onEnter","a":{"name":"base-skycube:test_cube"}},
[23:27:56.910] {"t":"app","f":"onEnter","a":{"name":"LS"}},
[23:27:56.911] {"t":"timeline","f":"play"},
[23:27:56.911] {"t":"camera3d","f":"addActorToScene","a":"csphere"},
[23:27:56.911] {"t":"camera3d","f":"addActorToScene","a":"axes0"},
[23:27:56.912] {"a":"$location===mediator.location is\n              true"},
[23:27:56.912] {"a":"mediator[action.t] = [object Object]"},
[23:27:56.912] {"a":"target = [object Object]"},
[23:27:57.149] {"t":"camera3d","f":"addActorToScene","a":"cube0"},
[23:28:06.432] {"a":"$location===mediator.location is\n              true"},
[23:28:06.449] {"a":"mediator[action.t] = [object Object]"},
[23:28:06.451] {"a":"target = [object Object]"},
[23:28:06.451] {"a":"~~~~ change_state() url = /a0:/i3d-simple:simple_green/i2d-scene:disks0/base-skycube:test_cube/ui-msgbg:/shot-graft:scope1"},
[23:28:06.451] {"a":"~~~~ change_state() this.prev_url = /a:/i3d-simple:simple_green/i2d-scene:disks0/base-skycube:test_cube//LS"},
[23:28:06.451] {"a":"this.terms has term[0] = scene"},
[23:28:06.452] {"a":"params[scene] = a0:"},
[23:28:06.453] "abs_values[0] = a0:",
[23:28:06.453] {"a":"this.terms has term[1] = i3d"},
[23:28:06.453] {"a":"params[i3d] = i3d-simple:simple_green"},
[23:28:06.454] "abs_values[1] = i3d-simple:simple_green",
[23:28:06.454] {"a":"this.terms has term[2] = i2d"},
[23:28:06.454] {"a":"params[i2d] = i2d-scene:disks0"},
[23:28:06.454] "abs_values[2] = i2d-scene:disks0",
[23:28:06.455] {"a":"this.terms has term[3] = base"},
[23:28:06.455] {"a":"params[base] = base-skycube:test_cube"},
[23:28:06.456] "abs_values[3] = base-skycube:test_cube",
[23:28:06.456] {"a":"this.terms has term[4] = ui"},
[23:28:06.456] {"a":"params[ui] = ui-msgbg:"},
[23:28:06.456] "abs_values[4] = ui-msgbg:",
[23:28:06.457] {"a":"this.terms has term[5] = shot"},
[23:28:06.457] {"a":"params[shot] = shot-graft:scope1"},
[23:28:06.457] "abs_values[5] = shot-graft:scope1",
[23:28:06.457] {"a":"ch_st(): $location.url(/a0://///shot-graft:scope1)"},
[23:28:06.458] {"t":"mediator","f":"socket.emit.actions","a":{"t":"narrative","f":"change_scene","a":"a0"}},
[23:28:06.732] {"t":"Mediator","f":"component","a":"narrative"},
[23:28:06.733] {"t":"app","f":"onEnter","a":{"name":"shot-graft:scope1"}},
[23:28:06.733] {"t":"app","f":"onEnter","a":{"name":"a0:"}},
[23:28:06.734] {"t":"timeline","f":"play"},
[23:28:06.734] {"t":"camera3d","f":"addActorToScene","a":"cube0_3"},
[23:28:06.743] {"t":"camera3d","f":"addActorToScene","a":"cube0_2"},
[23:28:16.433] {"a":"$location===mediator.location is\n              true"},
[23:28:16.447] {"a":"mediator[action.t] = [object Object]"},
[23:28:16.447] {"a":"target = [object Object]"},
[23:28:16.447] {"a":"~~~~ change_state() url = /a1:/i3d-simple:simple_green/i2d-scene:disks0/base-skycube:test_cube/ui-msgbg:/shot-graft:scope2"},
[23:28:16.447] {"a":"~~~~ change_state() this.prev_url = /a0://///shot-graft:scope1"},
[23:28:16.448] {"a":"this.terms has term[0] = scene"},
[23:28:16.448] {"a":"params[scene] = a1:"},
[23:28:16.448] "abs_values[0] = a1:",
[23:28:16.448] {"a":"this.terms has term[1] = i3d"},
[23:28:16.448] {"a":"params[i3d] = i3d-simple:simple_green"},
[23:28:16.448] "abs_values[1] = i3d-simple:simple_green",
[23:28:16.449] {"a":"this.terms has term[2] = i2d"},
[23:28:16.449] {"a":"params[i2d] = i2d-scene:disks0"},
[23:28:16.449] "abs_values[2] = i2d-scene:disks0",
[23:28:16.450] {"a":"this.terms has term[3] = base"},
[23:28:16.450] {"a":"params[base] = base-skycube:test_cube"},
[23:28:16.450] "abs_values[3] = base-skycube:test_cube",
[23:28:16.450] {"a":"this.terms has term[4] = ui"},
[23:28:16.451] {"a":"params[ui] = ui-msgbg:"},
[23:28:16.451] "abs_values[4] = ui-msgbg:",
[23:28:16.451] {"a":"this.terms has term[5] = shot"},
[23:28:16.451] {"a":"params[shot] = shot-graft:scope2"},
[23:28:16.452] "abs_values[5] = shot-graft:scope2",
[23:28:16.452] {"a":"ch_st(): $location.url(/a1://///shot-graft:scope2)"},
[23:28:16.452] {"t":"mediator","f":"socket.emit.actions","a":{"t":"narrative","f":"change_scene","a":"a1"}},
[23:28:16.639] {"t":"Mediator","f":"component","a":"narrative"},
[23:28:16.642] {"t":"app","f":"onEnter","a":{"name":"a1:"}},
[23:28:16.642] {"t":"app","f":"onEnter","a":{"name":"shot-graft:scope2"}},
[23:28:16.642] {"t":"timeline","f":"play"},
[23:28:16.642] {"t":"camera3d","f":"addActorToScene","a":"s0_2_0"},
[23:28:16.643] {"t":"camera3d","f":"addActorToScene","a":"s0_2_1"},
[23:28:16.644] {"a":"$location===mediator.location is\n              true"},
[23:28:16.644] {"a":"mediator[action.t] = [object Object]"},
[23:28:16.644] {"a":"target = [object Object]"},
[23:28:26.419] {"a":"$location===mediator.location is\n              true"},
[23:28:26.455] {"a":"mediator[action.t] = [object Object]"},
[23:28:26.455] {"a":"target = [object Object]"},
[23:28:26.455] {"a":"$location===mediator.location is\n              true"},
[23:28:26.456] {"a":"mediator[action.t] = [object Object]"},
[23:28:26.457] {"a":"target = [object Object]"},
[23:28:26.459] {"a":"~~~~ change_state() url = /a2:/i3d-simple:simple_green/i2d-scene:disks0/base-skycube:test_cube/ui-msgbg:/shot-graft:scope3"},
[23:28:26.460] {"a":"~~~~ change_state() this.prev_url = /a1://///shot-graft:scope2"},
[23:28:26.460] {"a":"this.terms has term[0] = scene"},
[23:28:26.460] {"a":"params[scene] = a2:"},
[23:28:26.461] "abs_values[0] = a2:",
[23:28:26.461] {"a":"this.terms has term[1] = i3d"},
[23:28:26.461] {"a":"params[i3d] = i3d-simple:simple_green"},
[23:28:26.462] "abs_values[1] = i3d-simple:simple_green",
[23:28:26.465] {"a":"this.terms has term[2] = i2d"},
[23:28:26.470] {"a":"params[i2d] = i2d-scene:disks0"},
[23:28:26.474] "abs_values[2] = i2d-scene:disks0",
[23:28:26.481] {"a":"this.terms has term[3] = base"},
[23:28:26.483] {"a":"params[base] = base-skycube:test_cube"},
[23:28:26.488] "abs_values[3] = base-skycube:test_cube",
[23:28:26.488] {"a":"this.terms has term[4] = ui"},
[23:28:26.489] {"a":"params[ui] = ui-msgbg:"},
[23:28:26.490] "abs_values[4] = ui-msgbg:",
[23:28:26.490] {"a":"this.terms has term[5] = shot"},
[23:28:26.490] {"a":"params[shot] = shot-graft:scope3"},
[23:28:26.490] "abs_values[5] = shot-graft:scope3",
[23:28:26.491] {"a":"ch_st(): $location.url(/a2://///shot-graft:scope3)"},
[23:28:26.491] {"t":"mediator","f":"socket.emit.actions","a":{"t":"narrative","f":"change_scene","a":"a2"}},
[23:28:26.543] {"t":"Mediator","f":"component","a":"narrative"},
[23:28:26.543] {"t":"app","f":"onEnter","a":{"name":"a2:"}},
[23:28:26.544] {"t":"app","f":"onEnter","a":{"name":"shot-graft:scope3"}},
[23:28:26.545] {"t":"timeline","f":"play"},
[23:28:36.419] {"a":"$location===mediator.location is\n              true"},
[23:28:36.433] {"a":"mediator[action.t] = [object Object]"},
[23:28:36.433] {"a":"target = [object Object]"},
[23:28:41.545] {"a":"$location===mediator.location is\n              true"},
[23:28:41.555] {"a":"mediator[action.t] = [object Object]"},
[23:28:41.556] {"a":"target = [object Object]"},
[23:28:41.556] {"t":"narrative","f":"shot","a":{"delta":{"timeline":{"p":{"paused":true,"repeat":0},"actors":{"i3d:csphere:position":[{"dur":4,"p":{"x":10,"y":10,"z":-20,"immediateRender":false}}]}}}}},
[23:28:41.556] {"a":"~~~~ change_state() url = /a2:/i3d-simple:simple_green/i2d-scene:disks0/base-skycube:test_cube/ui-msgbg:/shot-anim:scope4"},
[23:28:41.556] {"a":"~~~~ change_state() this.prev_url = /a2://///shot-graft:scope3"},
[23:28:41.557] {"a":"this.terms has term[0] = scene"},
[23:28:41.557] {"a":"params[scene] = a2:"},
[23:28:41.557] "abs_values[0] = a2:",
[23:28:41.557] {"a":"this.terms has term[1] = i3d"},
[23:28:41.557] {"a":"params[i3d] = i3d-simple:simple_green"},
[23:28:41.557] "abs_values[1] = i3d-simple:simple_green",
[23:28:41.557] {"a":"this.terms has term[2] = i2d"},
[23:28:41.558] {"a":"params[i2d] = i2d-scene:disks0"},
[23:28:41.558] "abs_values[2] = i2d-scene:disks0",
[23:28:41.558] {"a":"this.terms has term[3] = base"},
[23:28:41.558] {"a":"params[base] = base-skycube:test_cube"},
[23:28:41.558] "abs_values[3] = base-skycube:test_cube",
[23:28:41.558] {"a":"this.terms has term[4] = ui"},
[23:28:41.561] {"a":"params[ui] = ui-msgbg:"},
[23:28:41.561] {"a":"this.terms has term[5] = shot"},
[23:28:41.561] {"a":"params[shot] = shot-anim:scope4"},
[23:28:41.561] "abs_values[4] = ui-msgbg:",
[23:28:41.562] {"t":"mediator","f":"socket.emit.actions","a":{"t":"camera3d","f":"dollyflyTo","a":{"x":10,"y":10,"z":-20,"d":4}}},
[23:28:41.588] {"t":"Mediator","f":"component","a":"narrative"},
[23:28:41.589] {"t":"app","f":"onEnter","a":{"name":"shot-anim:scope4"}},
[23:28:41.590] {"t":"timeline","f":"play"},
[23:28:41.561] {"a":"ch_st(): $location.url(//////shot-anim:scope4)"},
[23:28:41.561] "abs_values[5] = shot-anim:scope4",
[23:28:45.551] {"a":"$location===mediator.location is\n              true"},
[23:28:45.558] {"a":"mediator[action.t] = [object Object]"},
[23:28:45.559] {"a":"target = [object Object]"},
[23:28:51.549] {"a":"$location===mediator.location is\n              true"},
[23:28:51.561] {"a":"mediator[action.t] = [object Object]"},
[23:28:51.561] {"a":"target = [object Object]"},
[23:28:51.561] {"a":"~~~~ change_state() url = /payments:/i3d-simple:phong_head_sphere_kfb/i2d-empty:/black:/ui-msgbg:/CU:"},
[23:28:51.561] {"a":"~~~~ change_state() this.prev_url = //////shot-anim:scope4"},
[23:28:51.561] {"a":"this.terms has term[0] = scene"},
[23:28:51.561] {"a":"params[scene] = payments:"},
[23:28:51.561] "abs_values[0] = payments:",
[23:28:51.562] {"a":"this.terms has term[1] = i3d"},
[23:28:51.563] {"a":"params[i3d] = i3d-simple:phong_head_sphere_kfb"},
[23:28:51.563] "abs_values[1] = i3d-simple:phong_head_sphere_kfb",
[23:28:51.563] {"a":"this.terms has term[2] = i2d"},
[23:28:51.563] {"a":"params[i2d] = i2d-empty:"},
[23:28:51.563] "abs_values[2] = i2d-empty:",
[23:28:51.563] {"a":"this.terms has term[3] = base"},
[23:28:51.563] {"a":"params[base] = black:"},
[23:28:51.563] "abs_values[3] = black:",
[23:28:51.563] {"a":"this.terms has term[4] = ui"},
[23:28:51.564] {"a":"params[ui] = ui-msgbg:"},
[23:28:51.564] "abs_values[4] = ui-msgbg:",
[23:28:51.564] {"a":"this.terms has term[5] = shot"},
[23:28:51.564] {"a":"params[shot] = CU:"},
[23:28:51.564] "abs_values[5] = CU:",
[23:28:51.564] {"a":"ch_st(): $location.url(/payments:/i3d-simple:phong_head_sphere_kfb/i2d-empty:/black://CU:)"},
[23:28:51.564] {"t":"mediator","f":"socket.emit.actions","a":{"t":"narrative","f":"change_scene","a":"payments"}},
[23:28:52.871] {"t":"Mediator","f":"component","a":"narrative"},
[23:28:52.872] {"t":"app","f":"onEnter","a":{"name":"payments:"}},
[23:28:52.872] {"t":"app","f":"onEnter","a":{"name":"i3d-simple:phong_head_sphere_kfb"}},
[23:28:52.872] {"t":"camera3d","f":"changeTemplateScene"},
[23:28:52.872] {"t":"app","f":"onEnter","a":{"name":"i2d-empty:"}},
[23:28:52.873] {"t":"app","f":"onEnter","a":{"name":"black:"}},
[23:28:52.873] {"t":"app","f":"onEnter","a":{"name":"CU:"}},
[23:28:52.873] {"t":"camera3d","f":"addActorToScene","a":"sphere_phong"},
[23:28:52.873] {"t":"camera3d","f":"addActorToScene","a":"csphere"},
[23:28:52.873] {"t":"camera3d","f":"addActorToScene","a":"axes0"},
[23:28:52.873] {"t":"timeline","f":"play"},
[23:28:52.874] {"t":"camera3d","f":"addActorToScene","a":"key"},
[23:28:52.873] {"t":"camera3d","f":"addActorToScene","a":"sphere_phong"},
[23:28:52.874] {"t":"camera3d","f":"addActorToScene","a":"key"},
[23:28:52.875] {"t":"camera3d","f":"addActorToScene","a":"fill"},
[23:28:52.875] {"t":"camera3d","f":"addActorToScene","a":"back"},
[23:28:52.875] {"a":"$location===mediator.location is\n              true"},
[23:28:52.875] {"a":"mediator[action.t] = [object Object]"},
[23:28:52.875] {"a":"target = [object Object]"},
[23:28:52.874] {"t":"camera3d","f":"addActorToScene","a":"fill"},
[23:28:52.874] {"t":"camera3d","f":"addActorToScene","a":"back"},
[23:28:53.114] {"t":"camera3d","f":"addActorToScene","a":"head_scan"},
[23:28:53.446] {"t":"camera3d","f":"addActorToScene","a":"head_scan"},
[23:29:06.549] {"a":"$location===mediator.location is\n              true"},
[23:29:06.552] {"a":"mediator[action.t] = [object Object]"},
[23:29:06.552] {"a":"target = [object Object]"},
[23:29:06.552] {"t":"mediator","f":"socket.emit.actions","a":{"t":"camera3d","f":"toggle_csphere","a":{"val":false}}},
[23:29:21.551] {"a":"$location===mediator.location is\n              true"},
[23:29:21.553] {"a":"mediator[action.t] = [object Object]"},
[23:29:21.553] {"a":"target = [object Object]"},
[23:29:21.554] {"t":"mediator","f":"socket.emit.actions","a":{"t":"camera3d","f":"toggle_csphere","a":{"val":true}}},
[23:29:36.554] {"a":"$location===mediator.location is\n              true"},
[23:29:36.556] {"a":"mediator[action.t] = [object Object]"},
[23:29:36.556] {"a":"target = [object Object]"},
[23:29:36.556] {"t":"mediator","f":"socket.emit.actions","a":{"t":"camera3d","f":"toggle_light","a":{"name":"key","val":false}}},
[23:29:51.556] {"a":"$location===mediator.location is\n              true"},
[23:29:51.561] {"a":"mediator[action.t] = [object Object]"},
[23:29:51.562] {"a":"target = [object Object]"},
[23:29:51.562] {"t":"mediator","f":"socket.emit.actions","a":{"t":"camera3d","f":"toggle_light","a":{"name":"fill","val":false}}},
[23:30:01.558] {"a":"$location===mediator.location is\n              true"},
[23:30:01.561] {"a":"mediator[action.t] = [object Object]"},
[23:30:01.561] {"a":"target = [object Object]"},
[23:30:01.562] {"t":"mediator","f":"socket.emit.actions","a":{"t":"camera3d","f":"toggle_light","a":{"name":"back","val":false}}},
[23:30:16.560] {"a":"$location===mediator.location is\n              true"},
[23:30:16.562] {"a":"mediator[action.t] = [object Object]"},
[23:30:16.563] {"a":"target = [object Object]"},
[23:30:16.563] {"t":"mediator","f":"socket.emit.actions","a":{"t":"camera3d","f":"toggle_light","a":{"name":"key","val":true}}},
[23:30:31.564] {"a":"$location===mediator.location is\n              true"},
[23:30:31.566] {"a":"mediator[action.t] = [object Object]"},
[23:30:31.566] {"a":"target = [object Object]"},
[23:30:31.567] {"t":"mediator","f":"socket.emit.actions","a":{"t":"camera3d","f":"toggle_light","a":{"name":"fill","val":true}}},
[23:30:41.565] {"a":"$location===mediator.location is\n              true"},
[23:30:41.567] {"a":"mediator[action.t] = [object Object]"},
[23:30:41.567] {"a":"target = [object Object]"},
[23:30:41.567] {"t":"mediator","f":"socket.emit.actions","a":{"t":"camera3d","f":"toggle_light","a":{"name":"back","val":true}}},
[23:30:51.566] {"a":"$location===mediator.location is\n              true"},
[23:30:51.599] {"a":"mediator[action.t] = [object Object]"},
[23:30:51.600] {"a":"target = [object Object]"},
[23:30:51.600] {"a":"~~~~ change_state() url = /a:/i3d-simple:simple_green/i2d-scene:disks0/base-skycube:test_cube/ui-msgbg:/LS"},
[23:30:51.600] {"a":"~~~~ change_state() this.prev_url = /payments:/i3d-simple:phong_head_sphere_kfb/i2d-empty:/black://CU:"},
[23:30:51.601] {"a":"this.terms has term[0] = scene"},
[23:30:51.601] {"a":"params[scene] = a:"},
[23:30:51.601] "abs_values[0] = a:",
[23:30:51.603] {"a":"this.terms has term[1] = i3d"},
[23:30:51.604] {"a":"params[i3d] = i3d-simple:simple_green"},
[23:30:51.604] "abs_values[1] = i3d-simple:simple_green",
[23:30:51.604] {"a":"this.terms has term[2] = i2d"},
[23:30:51.605] {"a":"params[i2d] = i2d-scene:disks0"},
[23:30:51.605] "abs_values[2] = i2d-scene:disks0",
[23:30:51.612] {"a":"this.terms has term[3] = base"},
[23:30:51.613] {"a":"params[base] = base-skycube:test_cube"},
[23:30:51.613] "abs_values[3] = base-skycube:test_cube",
[23:30:51.615] {"a":"this.terms has term[4] = ui"},
[23:30:51.615] {"a":"params[ui] = ui-msgbg:"},
[23:30:51.615] "abs_values[4] = ui-msgbg:",
[23:30:51.617] {"a":"this.terms has term[5] = shot"},
[23:30:51.617] {"a":"params[shot] = LS"},
[23:30:51.618] "abs_values[5] = LS",
[23:30:51.618] {"a":"ch_st(): $location.url(/a:/i3d-simple:simple_green/i2d-scene:disks0/base-skycube:test_cube//LS)"},
[23:30:51.619] {"t":"mediator","f":"socket.emit.actions","a":{"t":"narrative","f":"change_scene","a":"a"}},
[23:30:51.897] {"t":"Mediator","f":"component","a":"narrative"},
[23:30:51.897] {"t":"app","f":"onEnter","a":{"name":"a:"}},
[23:30:51.897] {"t":"app","f":"onEnter","a":{"name":"i3d-simple:simple_green"}},
[23:30:51.897] {"t":"camera3d","f":"changeTemplateScene"},
[23:30:51.898] {"t":"app","f":"onEnter","a":{"name":"i2d-scene:disks0"}},
[23:30:51.898] {"t":"app","f":"onEnter","a":{"name":"base-skycube:test_cube"}},
[23:30:51.898] {"t":"app","f":"onEnter","a":{"name":"LS"}},
[23:30:51.898] {"t":"timeline","f":"play"},
[23:30:51.900] {"t":"camera3d","f":"addActorToScene","a":"csphere"},
[23:30:51.900] {"t":"camera3d","f":"addActorToScene","a":"axes0"},
[23:30:51.900] {"a":"$location===mediator.location is\n              true"},
[23:30:51.901] {"a":"mediator[action.t] = [object Object]"},
[23:30:51.901] {"a":"target = [object Object]"},
[23:30:51.918] {"t":"camera3d","f":"addActorToScene","a":"cube0"},
[23:30:51.919] {"t":"camera3d","f":"addActorToScene","a":"cube0"},
[23:30:51.920] {"t":"camera3d","f":"addActorToScene","a":"cube0"},
[23:31:06.573] {"a":"$location===mediator.location is\n              true"},
[23:31:06.589] {"a":"mediator[action.t] = [object Object]"},
[23:31:06.589] {"a":"target = [object Object]"},
[23:31:06.589] {"a":"~~~~ change_state() url = /a:/i3d-simple:simple_green/i2d-scene:disks0/base-skycube:test_cube/ui-msgbg:/shot-graft:scope7"},
[23:31:06.590] {"a":"~~~~ change_state() this.prev_url = /a:/i3d-simple:simple_green/i2d-scene:disks0/base-skycube:test_cube//LS"},
[23:31:06.590] {"a":"this.terms has term[0] = scene"},
[23:31:06.590] {"a":"params[scene] = a:"},
[23:31:06.590] "abs_values[0] = a:",
[23:31:06.590] {"a":"this.terms has term[1] = i3d"},
[23:31:06.590] {"a":"params[i3d] = i3d-simple:simple_green"},
[23:31:06.590] "abs_values[1] = i3d-simple:simple_green",
[23:31:06.590] {"a":"this.terms has term[2] = i2d"},
[23:31:06.590] {"a":"params[i2d] = i2d-scene:disks0"},
[23:31:06.591] "abs_values[2] = i2d-scene:disks0",
[23:31:06.591] {"a":"this.terms has term[3] = base"},
[23:31:06.591] {"a":"params[base] = base-skycube:test_cube"},
[23:31:06.591] "abs_values[3] = base-skycube:test_cube",
[23:31:06.591] {"a":"this.terms has term[4] = ui"},
[23:31:06.591] {"a":"params[ui] = ui-msgbg:"},
[23:31:06.591] "abs_values[4] = ui-msgbg:",
[23:31:06.592] {"a":"this.terms has term[5] = shot"},
[23:31:06.592] {"a":"params[shot] = shot-graft:scope7"},
[23:31:06.592] "abs_values[5] = shot-graft:scope7",
[23:31:06.592] {"a":"ch_st(): $location.url(//////shot-graft:scope7)"},
[23:31:06.592] {"t":"mediator","f":"socket.emit.actions","a":{"t":"narrative","f":"shot","a":"shot-graft:{\"delta\":{\"timeline\":{\"p\":{\"repeat\":0},\"actors\":{\"i3d:cube0:scale\":[{\"dur\":10,\"p\":{\"x\":0.5,\"y\":0.5,\"z\":0.5}}]}},\"branches\":{\"cube0\":{\"children\":{\"cube0_2\":{\"form\":{\"type\":\"'cube.i3d'\",\"x\":0,\"y\":0,\"z\":0,\"textureurl\":\"./images/sky.jpg\",\"w\":5,\"h\":10,\"d\":10,\"color\":\"blue\",\"transparent\":true,\"opacity\":1},\"transform\":{\"t\":[-20,-10,0],\"s\":[0.01,0.01,0.01]},\"children\":{}},\"cube0_3\":{\"form\":{\"type\":\"'cube.i3d'\",\"x\":0,\"y\":-20,\"z\":0,\"textureurl\":\"sky_jpg\",\"w\":5,\"h\":10,\"d\":10,\"color\":\"blue\",\"transparent\":true,\"opacity\":1},\"transform\":{\"t\":[20,0,0],\"s\":[0.01,0.01,0.01]},\"children\":{}}}}}}}"}},
[23:31:06.881] {"t":"Mediator","f":"component","a":"narrative"},
[23:31:06.882] {"t":"app","f":"onEnter","a":{"name":"shot-graft:scope7"}},
[23:31:06.882] {"t":"timeline","f":"play"},
[23:31:06.882] {"t":"camera3d","f":"addActorToScene","a":"cube0_3"},
[23:31:06.882] {"t":"camera3d","f":"addActorToScene","a":"cube0_3"},
[23:31:06.905] {"t":"camera3d","f":"addActorToScene","a":"cube0_2"},
[23:31:06.904] {"t":"camera3d","f":"addActorToScene","a":"cube0_2"},
[23:31:16.566] {"a":"$location===mediator.location is\n              true"},
[23:31:16.593] {"a":"mediator[action.t] = [object Object]"},
[23:31:16.594] {"a":"target = [object Object]"},
[23:31:16.594] {"a":"$location===mediator.location is\n              true"},
[23:31:16.594] {"a":"mediator[action.t] = [object Object]"},
[23:31:16.595] {"a":"target = [object Object]"},
[23:31:16.595] {"a":"~~~~ change_state() url = /a:/i3d-simple:simple_green/i2d-scene:disks0/base-skycube:test_cube/ui-msgbg:/shot-graft:scope8"},
[23:31:16.595] {"a":"~~~~ change_state() this.prev_url = //////shot-graft:scope7"},
[23:31:16.595] {"a":"this.terms has term[0] = scene"},
[23:31:16.595] {"a":"params[scene] = a:"},
[23:31:16.596] "abs_values[0] = a:",
[23:31:16.596] {"a":"this.terms has term[1] = i3d"},
[23:31:16.597] {"a":"params[i3d] = i3d-simple:simple_green"},
[23:31:16.597] "abs_values[1] = i3d-simple:simple_green",
[23:31:16.600] {"a":"this.terms has term[2] = i2d"},
[23:31:16.600] {"a":"params[i2d] = i2d-scene:disks0"},
[23:31:16.600] "abs_values[2] = i2d-scene:disks0",
[23:31:16.600] {"a":"this.terms has term[3] = base"},
[23:31:16.601] {"a":"params[base] = base-skycube:test_cube"},
[23:31:16.601] "abs_values[3] = base-skycube:test_cube",
[23:31:16.601] {"a":"this.terms has term[4] = ui"},
[23:31:16.601] {"a":"params[ui] = ui-msgbg:"},
[23:31:16.602] "abs_values[4] = ui-msgbg:",
[23:31:16.602] {"a":"this.terms has term[5] = shot"},
[23:31:16.602] {"a":"params[shot] = shot-graft:scope8"},
[23:31:16.602] "abs_values[5] = shot-graft:scope8",
[23:31:16.602] {"a":"ch_st(): $location.url(//////shot-graft:scope8)"},
[23:31:16.603] {"t":"mediator","f":"socket.emit.actions","a":{"t":"narrative","f":"shot","a":"shot-graft:{\"delta\":{\"timeline\":{\"p\":{\"repeat\":0},\"actors\":{\"i3d:cube0_2:scale\":[{\"dur\":10,\"p\":{\"x\":1,\"y\":1,\"z\":1}}],\"i3d:cube0_3:scale\":[{\"dur\":10,\"p\":{\"x\":1,\"y\":1,\"z\":1}}]}},\"branches\":{\"cube0_2\":{\"children\":{\"s0_2_0\":{\"form\":{\"type\":\"'sphere.i3d'\",\"r\":5,\"color\":\"blue\",\"transparent\":true,\"opacity\":0.8},\"transform\":{\"e\":[0,-0.785,0],\"t\":[-10,-10,0],\"s\":[0.01,0.01,0.01]},\"children\":{}},\"s0_2_1\":{\"form\":{\"type\":\"'sphere.i3d'\",\"r\":5,\"color\":\"blue\",\"transparent\":true,\"opacity\":0.8},\"transform\":{\"e\":[0,0.785,0],\"t\":[10,10,0],\"s\":[0.01,0.01,0.01]},\"children\":{}}}}}}}"}},
[23:31:16.867] {"t":"Mediator","f":"component","a":"narrative"},
[23:31:16.869] {"t":"camera3d","f":"addActorToScene","a":"s0_2_0"},
[23:31:16.868] {"t":"app","f":"onEnter","a":{"name":"shot-graft:scope8"}},
[23:31:16.869] {"t":"camera3d","f":"addActorToScene","a":"s0_2_0"},
[23:31:16.869] {"t":"timeline","f":"play"},
[23:31:16.869] {"t":"camera3d","f":"addActorToScene","a":"s0_2_1"},
[23:31:16.869] {"t":"camera3d","f":"addActorToScene","a":"s0_2_1"},
[23:31:26.583] {"a":"$location===mediator.location is\n              true"},
[23:31:26.624] {"a":"mediator[action.t] = [object Object]"},
[23:31:26.625] {"a":"target = [object Object]"},
[23:31:26.626] {"a":"$location===mediator.location is\n              true"},
[23:31:26.630] {"a":"mediator[action.t] = [object Object]"},
[23:31:26.630] {"a":"target = [object Object]"},
[23:31:26.630] {"a":"~~~~ change_state() url = /a:/i3d-simple:simple_green/i2d-scene:disks0/base-skycube:test_cube/ui-msgbg:/shot-graft:scope9"},
[23:31:26.634] {"a":"~~~~ change_state() this.prev_url = //////shot-graft:scope8"},
[23:31:26.634] {"a":"this.terms has term[0] = scene"},
[23:31:26.634] {"a":"params[scene] = a:"},
[23:31:26.634] "abs_values[0] = a:",
[23:31:26.634] {"a":"this.terms has term[1] = i3d"},
[23:31:26.635] {"a":"params[i3d] = i3d-simple:simple_green"},
[23:31:26.636] "abs_values[1] = i3d-simple:simple_green",
[23:31:26.639] {"a":"this.terms has term[2] = i2d"},
[23:31:26.639] {"a":"params[i2d] = i2d-scene:disks0"},
[23:31:26.640] "abs_values[2] = i2d-scene:disks0",
[23:31:26.640] {"a":"this.terms has term[3] = base"},
[23:31:26.640] {"a":"params[base] = base-skycube:test_cube"},
[23:31:26.640] "abs_values[3] = base-skycube:test_cube",
[23:31:26.640] {"a":"this.terms has term[4] = ui"},
[23:31:26.640] {"a":"params[ui] = ui-msgbg:"},
[23:31:26.640] "abs_values[4] = ui-msgbg:",
[23:31:26.641] {"a":"this.terms has term[5] = shot"},
[23:31:26.641] {"a":"params[shot] = shot-graft:scope9"},
[23:31:26.641] "abs_values[5] = shot-graft:scope9",
[23:31:26.641] {"a":"ch_st(): $location.url(//////shot-graft:scope9)"},
[23:31:26.641] {"t":"mediator","f":"socket.emit.actions","a":{"t":"narrative","f":"shot","a":"shot-graft:{\"delta\":{\"timeline\":{\"p\":{\"repeat\":0},\"actors\":{\"i3d:s0_2_0:scale\":[{\"dur\":10,\"p\":{\"x\":1,\"y\":1,\"z\":1}}],\"i3d:s0_2_1:scale\":[{\"dur\":10,\"p\":{\"x\":1,\"y\":1,\"z\":1}}]}},\"branches\":{}}}"}},
[23:31:26.654] {"t":"Mediator","f":"component","a":"narrative"},
[23:31:26.654] {"t":"app","f":"onEnter","a":{"name":"shot-graft:scope9"}},
[23:31:26.654] {"t":"timeline","f":"play"},
[23:31:36.582] {"a":"$location===mediator.location is\n              true"},
[23:31:36.590] {"a":"mediator[action.t] = [object Object]"},
[23:31:36.590] {"a":"target = [object Object]"},
[23:31:41.624] {"a":"$location===mediator.location is\n              true"},
[23:31:41.636] {"a":"mediator[action.t] = [object Object]"},
[23:31:41.636] {"a":"target = [object Object]"},
[23:31:41.636] {"t":"narrative","f":"shot","a":{"delta":{"timeline":{"p":{"paused":true,"repeat":0},"actors":{"i3d:camera:rotation":[{"dur":4,"p":{"y":0.7854,"immediateRender":false}}]}}}}},
[23:31:41.639] {"a":"~~~~ change_state() url = /a:/i3d-simple:simple_green/i2d-scene:disks0/base-skycube:test_cube/ui-msgbg:/shot-anim:scope10"},
[23:31:41.639] {"a":"~~~~ change_state() this.prev_url = //////shot-graft:scope9"},
[23:31:41.639] {"a":"this.terms has term[0] = scene"},
[23:31:41.639] {"a":"params[scene] = a:"},
[23:31:41.639] "abs_values[0] = a:",
[23:31:41.639] {"a":"this.terms has term[1] = i3d"},
[23:31:41.639] {"a":"params[i3d] = i3d-simple:simple_green"},
[23:31:41.639] "abs_values[1] = i3d-simple:simple_green",
[23:31:41.639] {"a":"this.terms has term[2] = i2d"},
[23:31:41.640] {"a":"params[i2d] = i2d-scene:disks0"},
[23:31:41.640] "abs_values[2] = i2d-scene:disks0",
[23:31:41.640] {"a":"this.terms has term[3] = base"},
[23:31:41.640] {"a":"params[base] = base-skycube:test_cube"},
[23:31:41.640] "abs_values[3] = base-skycube:test_cube",
[23:31:41.640] {"a":"this.terms has term[4] = ui"},
[23:31:41.640] {"a":"params[ui] = ui-msgbg:"},
[23:31:41.640] "abs_values[4] = ui-msgbg:",
[23:31:41.640] {"a":"this.terms has term[5] = shot"},
[23:31:41.640] {"a":"params[shot] = shot-anim:scope10"},
[23:31:41.640] "abs_values[5] = shot-anim:scope10",
[23:31:41.641] {"a":"ch_st(): $location.url(//////shot-anim:scope10)"},
[23:31:41.641] {"t":"mediator","f":"socket.emit.actions","a":{"t":"camera3d","f":"panflyTo","a":{"r":0.7854,"d":4}}},
[23:31:41.698] {"t":"Mediator","f":"component","a":"narrative"},
[23:31:41.698] {"t":"app","f":"onEnter","a":{"name":"shot-anim:scope10"}},
[23:31:41.699] {"t":"timeline","f":"play"},
[23:31:45.614] {"a":"$location===mediator.location is\n              true"},
[23:31:45.621] {"a":"mediator[action.t] = [object Object]"},
[23:31:45.621] {"a":"target = [object Object]"},
[23:31:51.629] {"a":"$location===mediator.location is\n              true"},
[23:31:51.643] {"a":"mediator[action.t] = [object Object]"},
[23:31:51.643] {"a":"target = [object Object]"},
[23:31:51.643] {"a":"~~~~ change_state() url = /footprint:/i3d-scene:scene1/i2d-empty:/escher:/ui-msgbg:/ECU:"},
[23:31:51.643] {"a":"~~~~ change_state() this.prev_url = //////shot-anim:scope10"},
[23:31:51.643] {"a":"this.terms has term[0] = scene"},
[23:31:51.644] {"a":"params[scene] = footprint:"},
[23:31:51.646] "abs_values[0] = footprint:",
[23:31:51.647] {"a":"this.terms has term[1] = i3d"},
[23:31:51.647] {"a":"params[i3d] = i3d-scene:scene1"},
[23:31:51.647] "abs_values[1] = i3d-scene:scene1",
[23:31:51.647] {"a":"this.terms has term[2] = i2d"},
[23:31:51.647] {"a":"params[i2d] = i2d-empty:"},
[23:31:51.647] "abs_values[2] = i2d-empty:",
[23:31:51.648] {"a":"this.terms has term[3] = base"},
[23:31:51.652] {"a":"params[base] = escher:"},
[23:31:51.652] "abs_values[3] = escher:",
[23:31:51.652] {"a":"this.terms has term[4] = ui"},
[23:31:51.652] {"a":"params[ui] = ui-msgbg:"},
[23:31:51.652] "abs_values[4] = ui-msgbg:",
[23:31:51.652] {"a":"this.terms has term[5] = shot"},
[23:31:51.652] {"a":"params[shot] = ECU:"},
[23:31:51.653] "abs_values[5] = ECU:",
[23:31:51.653] {"a":"ch_st(): $location.url(/footprint:/i3d-scene:scene1/i2d-empty:/escher://ECU:)"},
[23:31:51.653] {"t":"mediator","f":"socket.emit.actions","a":{"t":"narrative","f":"change_scene","a":"footprint"}},
[23:31:55.650] {"t":"app","f":"onEnter","a":{"name":"i3d-scene:scene1"}},
[23:31:55.650] {"t":"camera3d","f":"changeTemplateScene"},
[23:31:55.651] {"t":"app","f":"onEnter","a":{"name":"i2d-empty:"}},
[23:31:55.651] {"t":"app","f":"onEnter","a":{"name":"escher:"}},
[23:31:55.651] {"t":"app","f":"onEnter","a":{"name":"ECU:"}},
[23:31:55.651] {"t":"timeline","f":"play"},
[23:31:55.651] {"t":"camera3d","f":"addBillboardToScene","a":"bb_singular2"},
[23:31:55.652] {"t":"camera3d","f":"addBillboardToScene","a":"bb1"},
[23:31:55.652] {"t":"camera3d","f":"addBillboardToScene","a":"bb2"},
[23:31:55.650] {"t":"app","f":"onEnter","a":{"name":"footprint:"}},
[23:31:55.652] {"t":"camera3d","f":"addBillboardToScene","a":"bb3"},
[23:31:55.651] {"t":"camera3d","f":"addBillboardToScene","a":"bb0"},
[23:31:55.649] {"t":"Mediator","f":"component","a":"narrative"},
[23:31:55.652] {"t":"camera3d","f":"addBillboardToScene","a":"bb4"},
[23:31:55.652] {"t":"camera3d","f":"addBillboardToScene","a":"bb5"},
[23:31:55.652] {"t":"camera3d","f":"addBillboardToScene","a":"bb6"},
[23:31:55.652] {"t":"camera3d","f":"addBillboardToScene","a":"bb7"},
[23:31:55.653] {"t":"camera3d","f":"addBillboardToScene","a":"bb8"},
[23:31:55.653] {"t":"camera3d","f":"addBillboardToScene","a":"bb22"},
[23:31:55.654] {"t":"camera3d","f":"addBillboardToScene","a":"bb54"},
[23:31:55.654] {"t":"camera3d","f":"addBillboardToScene","a":"bb23"},
[23:31:55.653] {"t":"camera3d","f":"addBillboardToScene","a":"bb21"},
[23:31:55.653] {"t":"camera3d","f":"addBillboardToScene","a":"bb19"},
[23:31:55.653] {"t":"camera3d","f":"addBillboardToScene","a":"bb18"},
[23:31:55.654] {"t":"camera3d","f":"addBillboardToScene","a":"bb25"},
[23:31:55.654] {"t":"camera3d","f":"addBillboardToScene","a":"bb55"},
[23:31:55.653] {"t":"camera3d","f":"addBillboardToScene","a":"bb20"},
[23:31:55.654] {"t":"camera3d","f":"addBillboardToScene","a":"bb26"},
[23:31:55.654] {"t":"camera3d","f":"addBillboardToScene","a":"bb24"},
[23:31:55.654] {"t":"camera3d","f":"addBillboardToScene","a":"bb56"},
[23:31:55.655] {"t":"camera3d","f":"addBillboardToScene","a":"bb58"},
[23:31:55.655] {"t":"camera3d","f":"addBillboardToScene","a":"bb59"},
[23:31:55.655] {"t":"camera3d","f":"addBillboardToScene","a":"bb57"},
[23:31:55.655] {"t":"camera3d","f":"addBillboardToScene","a":"bb60"},
[23:31:55.656] {"t":"camera3d","f":"addBillboardToScene","a":"bb0"},
[23:31:55.658] {"t":"camera3d","f":"addBillboardToScene","a":"bb19"},
[23:31:55.659] {"t":"camera3d","f":"addBillboardToScene","a":"bb21"},
[23:31:55.659] {"t":"camera3d","f":"addBillboardToScene","a":"bb26"},
[23:31:55.658] {"t":"camera3d","f":"addBillboardToScene","a":"bb18"},
[23:31:55.657] {"t":"camera3d","f":"addBillboardToScene","a":"bb2"},
[23:31:55.659] {"t":"camera3d","f":"addBillboardToScene","a":"bb24"},
[23:31:55.657] {"t":"camera3d","f":"addBillboardToScene","a":"bb5"},
[23:31:55.656] {"t":"camera3d","f":"addBillboardToScene","a":"bb1"},
[23:31:55.656] {"t":"camera3d","f":"addBillboardToScene","a":"bb61"},
[23:31:55.660] {"t":"camera3d","f":"addBillboardToScene","a":"bb56"},
[23:31:55.660] {"t":"camera3d","f":"addBillboardToScene","a":"bb57"},
[23:31:55.658] {"t":"camera3d","f":"addBillboardToScene","a":"bb7"},
[23:31:55.658] {"t":"camera3d","f":"addBillboardToScene","a":"bb8"},
[23:31:55.659] {"t":"camera3d","f":"addBillboardToScene","a":"bb22"},
[23:31:55.657] {"t":"camera3d","f":"addBillboardToScene","a":"bb3"},
[23:31:55.656] {"t":"camera3d","f":"addBillboardToScene","a":"bb_singular2"},
[23:31:55.659] {"t":"camera3d","f":"addBillboardToScene","a":"bb23"},
[23:31:55.657] {"t":"camera3d","f":"addBillboardToScene","a":"bb4"},
[23:31:55.660] {"t":"camera3d","f":"addBillboardToScene","a":"bb54"},
[23:31:55.658] {"t":"camera3d","f":"addBillboardToScene","a":"bb20"},
[23:31:55.659] {"t":"camera3d","f":"addBillboardToScene","a":"bb25"},
[23:31:55.660] {"t":"camera3d","f":"addBillboardToScene","a":"bb58"},
[23:31:55.661] {"t":"camera3d","f":"addBillboardToScene","a":"bb59"},
[23:31:55.661] {"t":"camera3d","f":"addBillboardToScene","a":"bb60"},
[23:31:55.661] {"t":"camera3d","f":"addBillboardToScene","a":"bb61"},
[23:31:55.661] {"t":"camera3d","f":"addBillboardToScene","a":"bb62"},
[23:31:55.663] {"t":"camera3d","f":"addBillboardToScene","a":"bb0"},
[23:31:55.661] {"t":"camera3d","f":"addBillboardToScene","a":"bb_singular2"},
[23:31:55.663] {"t":"camera3d","f":"addBillboardToScene","a":"bb1"},
[23:31:55.663] {"t":"camera3d","f":"addBillboardToScene","a":"bb3"},
[23:31:55.664] {"t":"camera3d","f":"addBillboardToScene","a":"bb4"},
[23:31:55.663] {"t":"camera3d","f":"addBillboardToScene","a":"bb2"},
[23:31:55.664] {"t":"camera3d","f":"addBillboardToScene","a":"bb5"},
[23:31:55.664] {"t":"camera3d","f":"addBillboardToScene","a":"bb6"},
[23:31:55.664] {"t":"camera3d","f":"addBillboardToScene","a":"bb7"},
[23:31:55.664] {"t":"camera3d","f":"addBillboardToScene","a":"bb8"},
[23:31:55.664] {"t":"camera3d","f":"addBillboardToScene","a":"bb18"},
[23:31:55.665] {"t":"camera3d","f":"addBillboardToScene","a":"bb19"},
[23:31:55.665] {"t":"camera3d","f":"addBillboardToScene","a":"bb21"},
[23:31:55.665] {"t":"camera3d","f":"addBillboardToScene","a":"bb20"},
[23:31:55.665] {"t":"camera3d","f":"addBillboardToScene","a":"bb22"},
[23:31:55.667] {"t":"camera3d","f":"addBillboardToScene","a":"bb23"},
[23:31:55.668] {"t":"camera3d","f":"addBillboardToScene","a":"bb25"},
[23:31:55.668] {"t":"camera3d","f":"addBillboardToScene","a":"bb24"},
[23:31:55.668] {"t":"camera3d","f":"addBillboardToScene","a":"bb26"},
[23:31:55.669] {"t":"camera3d","f":"addBillboardToScene","a":"bb56"},
[23:31:55.668] {"t":"camera3d","f":"addBillboardToScene","a":"bb54"},
[23:31:55.669] {"t":"camera3d","f":"addBillboardToScene","a":"bb57"},
[23:31:55.668] {"t":"camera3d","f":"addBillboardToScene","a":"bb55"},
[23:31:55.669] {"t":"camera3d","f":"addBillboardToScene","a":"bb59"},
[23:31:55.669] {"t":"camera3d","f":"addBillboardToScene","a":"bb60"},
[23:31:55.669] {"t":"camera3d","f":"addBillboardToScene","a":"bb61"},
[23:31:55.670] {"t":"camera3d","f":"addBillboardToScene","a":"bb62"},
[23:31:55.670] {"t":"camera3d","f":"addActorToScene","a":"csphere"},
[23:31:55.670] {"t":"camera3d","f":"addBillboardToScene","a":"bb_singular2"},
[23:31:55.670] {"t":"camera3d","f":"addBillboardToScene","a":"bb0"},
[23:31:55.670] {"t":"camera3d","f":"addBillboardToScene","a":"bb1"},
[23:31:55.670] {"t":"camera3d","f":"addBillboardToScene","a":"bb2"},
[23:31:55.670] {"t":"camera3d","f":"addBillboardToScene","a":"bb3"},
[23:31:55.671] {"t":"camera3d","f":"addBillboardToScene","a":"bb4"},
[23:31:55.671] {"t":"camera3d","f":"addBillboardToScene","a":"bb5"},
[23:31:55.671] {"t":"camera3d","f":"addBillboardToScene","a":"bb6"},
[23:31:55.671] {"t":"camera3d","f":"addBillboardToScene","a":"bb7"},
[23:31:55.671] {"t":"camera3d","f":"addBillboardToScene","a":"bb8"},
[23:31:55.671] {"t":"camera3d","f":"addBillboardToScene","a":"bb18"},
[23:31:55.660] {"t":"camera3d","f":"addBillboardToScene","a":"bb55"},
[23:31:55.672] {"t":"camera3d","f":"addBillboardToScene","a":"bb19"},
[23:31:55.672] {"t":"camera3d","f":"addBillboardToScene","a":"bb20"},
[23:31:55.672] {"t":"camera3d","f":"addBillboardToScene","a":"bb21"},
[23:31:55.672] {"t":"camera3d","f":"addBillboardToScene","a":"bb22"},
[23:31:55.672] {"t":"camera3d","f":"addBillboardToScene","a":"bb23"},
[23:31:55.672] {"t":"camera3d","f":"addBillboardToScene","a":"bb24"},
[23:31:55.672] {"t":"camera3d","f":"addBillboardToScene","a":"bb25"},
[23:31:55.673] {"t":"camera3d","f":"addBillboardToScene","a":"bb26"},
[23:31:55.669] {"t":"camera3d","f":"addBillboardToScene","a":"bb58"},
[23:31:55.673] {"t":"camera3d","f":"addBillboardToScene","a":"bb54"},
[23:31:55.658] {"t":"camera3d","f":"addBillboardToScene","a":"bb6"},
[23:31:55.673] {"t":"camera3d","f":"addBillboardToScene","a":"bb59"},
[23:31:55.674] {"t":"camera3d","f":"addBillboardToScene","a":"bb60"},
[23:31:55.673] {"t":"camera3d","f":"addBillboardToScene","a":"bb57"},
[23:31:55.674] {"t":"camera3d","f":"addBillboardToScene","a":"bb61"},
[23:31:55.674] {"a":"$location===mediator.location is\n              true"},
[23:31:55.674] {"t":"camera3d","f":"addBillboardToScene","a":"bb62"},
[23:31:55.673] {"t":"camera3d","f":"addBillboardToScene","a":"bb56"},
[23:31:55.673] {"t":"camera3d","f":"addBillboardToScene","a":"bb58"},
[23:31:55.675] {"a":"mediator[action.t] = [object Object]"},
[23:31:55.675] {"a":"target = [object Object]"},
[23:31:55.673] {"t":"camera3d","f":"addBillboardToScene","a":"bb55"},
[23:31:55.656] {"t":"camera3d","f":"addBillboardToScene","a":"bb62"},
[23:31:55.752] {"t":"camera3d","f":"addBillboardToScene","a":"bb_singular"},
[23:31:55.796] {"t":"camera3d","f":"addBillboardToScene","a":"bb_singular"},
[23:31:55.796] {"t":"camera3d","f":"addBillboardToScene","a":"bb_singular"},
[23:31:55.798] {"t":"camera3d","f":"addBillboardToScene","a":"bb_singular"},
[23:32:06.641] {"a":"$location===mediator.location is\n              true"},
[23:32:06.655] {"a":"mediator[action.t] = [object Object]"},
[23:32:06.655] {"a":"target = [object Object]"},
[23:32:06.656] {"t":"narrative","f":"shot","a":{"delta":{"timeline":{"p":{"paused":true,"repeat":0},"actors":{"i3d:camera:rotation":[{"dur":4,"p":{"y":0.7854,"immediateRender":false}}]}}}}},
[23:32:06.656] {"a":"~~~~ change_state() url = /footprint:/i3d-scene:scene1/i2d-empty:/escher:/ui-msgbg:/shot-anim:scope12"},
[23:32:06.656] {"a":"~~~~ change_state() this.prev_url = /footprint:/i3d-scene:scene1/i2d-empty:/escher://ECU:"},
[23:32:06.656] {"a":"this.terms has term[0] = scene"},
[23:32:06.656] {"a":"params[scene] = footprint:"},
[23:32:06.656] "abs_values[0] = footprint:",
[23:32:06.656] {"a":"this.terms has term[1] = i3d"},
[23:32:06.656] {"a":"params[i3d] = i3d-scene:scene1"},
[23:32:06.657] "abs_values[1] = i3d-scene:scene1",
[23:32:06.657] {"a":"this.terms has term[2] = i2d"},
[23:32:06.657] {"a":"params[i2d] = i2d-empty:"},
[23:32:06.657] "abs_values[2] = i2d-empty:",
[23:32:06.657] {"a":"this.terms has term[3] = base"},
[23:32:06.657] {"a":"params[base] = escher:"},
[23:32:06.657] "abs_values[3] = escher:",
[23:32:06.657] {"a":"this.terms has term[4] = ui"},
[23:32:06.657] {"a":"params[ui] = ui-msgbg:"},
[23:32:06.658] "abs_values[4] = ui-msgbg:",
[23:32:06.658] {"a":"this.terms has term[5] = shot"},
[23:32:06.659] {"a":"params[shot] = shot-anim:scope12"},
[23:32:06.659] "abs_values[5] = shot-anim:scope12",
[23:32:06.659] {"a":"ch_st(): $location.url(//////shot-anim:scope12)"},
[23:32:06.659] {"t":"mediator","f":"socket.emit.actions","a":{"t":"camera3d","f":"panflyTo","a":{"r":0.7854,"d":4}}},
[23:32:06.721] {"t":"Mediator","f":"component","a":"narrative"},
[23:32:06.721] {"t":"app","f":"onEnter","a":{"name":"shot-anim:scope12"}},
[23:32:06.722] {"t":"timeline","f":"play"},
[23:32:10.639] {"a":"$location===mediator.location is\n              true"},
[23:32:10.645] {"a":"mediator[action.t] = [object Object]"},
[23:32:10.645] {"a":"target = [object Object]"},
[23:32:21.644] {"a":"$location===mediator.location is\n              true"},
[23:32:21.657] {"a":"mediator[action.t] = [object Object]"},
[23:32:21.657] {"a":"target = [object Object]"},
[23:32:21.657] {"t":"narrative","f":"shot","a":{"delta":{"timeline":{"p":{"paused":true,"repeat":0},"actors":{"i3d:camera:rotation":[{"dur":4,"p":{"x":0.7854,"immediateRender":false}}]}}}}},
[23:32:21.657] {"a":"~~~~ change_state() url = /footprint:/i3d-scene:scene1/i2d-empty:/escher:/ui-msgbg:/shot-anim:scope13"},
[23:32:21.657] {"a":"~~~~ change_state() this.prev_url = //////shot-anim:scope12"},
[23:32:21.658] {"a":"this.terms has term[0] = scene"},
[23:32:21.658] {"a":"params[scene] = footprint:"},
[23:32:21.659] "abs_values[0] = footprint:",
[23:32:21.659] {"a":"this.terms has term[1] = i3d"},
[23:32:21.659] {"a":"params[i3d] = i3d-scene:scene1"},
[23:32:21.659] "abs_values[1] = i3d-scene:scene1",
[23:32:21.659] {"a":"this.terms has term[2] = i2d"},
[23:32:21.659] {"a":"params[i2d] = i2d-empty:"},
[23:32:21.659] "abs_values[2] = i2d-empty:",
[23:32:21.659] {"a":"this.terms has term[3] = base"},
[23:32:21.659] {"a":"params[base] = escher:"},
[23:32:21.660] "abs_values[3] = escher:",
[23:32:21.660] {"a":"this.terms has term[4] = ui"},
[23:32:21.660] {"a":"params[ui] = ui-msgbg:"},
[23:32:21.660] "abs_values[4] = ui-msgbg:",
[23:32:21.663] {"a":"this.terms has term[5] = shot"},
[23:32:21.664] {"a":"params[shot] = shot-anim:scope13"},
[23:32:21.664] "abs_values[5] = shot-anim:scope13",
[23:32:21.664] {"a":"ch_st(): $location.url(//////shot-anim:scope13)"},
[23:32:21.664] {"t":"mediator","f":"socket.emit.actions","a":{"t":"camera3d","f":"tiltflyTo","a":{"r":0.7854,"d":4}}},
[23:32:21.731] {"t":"Mediator","f":"component","a":"narrative"},
[23:32:21.732] {"t":"timeline","f":"play"},
[23:32:21.732] {"t":"app","f":"onEnter","a":{"name":"shot-anim:scope13"}},
[23:32:25.647] {"a":"$location===mediator.location is\n              true"},
[23:32:25.652] {"a":"mediator[action.t] = [object Object]"},
[23:32:25.652] {"a":"target = [object Object]"},
[23:32:31.644] {"a":"$location===mediator.location is\n              true"},
[23:32:31.646] {"a":"mediator[action.t] = [object Object]"},
[23:32:31.646] {"a":"target = [object Object]"},
[23:32:31.646] {"t":"mediator","f":"socket.emit.actions","a":{"t":"camera3d","f":"billboardsFaceCamera"}},
[23:32:46.656] {"a":"$location===mediator.location is\n              true"},
[23:32:46.669] {"a":"mediator[action.t] = [object Object]"},
[23:32:46.669] {"a":"target = [object Object]"},
[23:32:46.669] {"t":"narrative","f":"shot","a":{"delta":{"timeline":{"p":{"paused":true,"repeat":0},"actors":{"i3d:camera:rotation":[{"dur":4,"p":{"x":0,"immediateRender":false}}]}}}}},
[23:32:46.669] {"a":"~~~~ change_state() url = /footprint:/i3d-scene:scene1/i2d-empty:/escher:/ui-msgbg:/shot-anim:scope14"},
[23:32:46.669] {"a":"~~~~ change_state() this.prev_url = //////shot-anim:scope13"},
[23:32:46.669] {"a":"this.terms has term[0] = scene"},
[23:32:46.670] {"a":"params[scene] = footprint:"},
[23:32:46.670] "abs_values[0] = footprint:",
[23:32:46.670] {"a":"this.terms has term[1] = i3d"},
[23:32:46.670] {"a":"params[i3d] = i3d-scene:scene1"},
[23:32:46.670] "abs_values[1] = i3d-scene:scene1",
[23:32:46.670] {"a":"this.terms has term[2] = i2d"},
[23:32:46.670] {"a":"params[i2d] = i2d-empty:"},
[23:32:46.670] "abs_values[2] = i2d-empty:",
[23:32:46.670] {"a":"this.terms has term[3] = base"},
[23:32:46.671] {"a":"params[base] = escher:"},
[23:32:46.671] "abs_values[3] = escher:",
[23:32:46.671] {"a":"this.terms has term[4] = ui"},
[23:32:46.671] {"a":"params[ui] = ui-msgbg:"},
[23:32:46.671] "abs_values[4] = ui-msgbg:",
[23:32:46.671] {"a":"this.terms has term[5] = shot"},
[23:32:46.671] {"a":"params[shot] = shot-anim:scope14"},
[23:32:46.671] "abs_values[5] = shot-anim:scope14",
[23:32:46.672] {"a":"ch_st(): $location.url(//////shot-anim:scope14)"},
[23:32:46.672] {"t":"mediator","f":"socket.emit.actions","a":{"t":"camera3d","f":"tiltflyBy","a":{"r":-0.7854,"d":4}}},
[23:32:46.734] {"t":"Mediator","f":"component","a":"narrative"},
[23:32:46.734] {"t":"app","f":"onEnter","a":{"name":"shot-anim:scope14"}},
[23:32:46.734] {"t":"timeline","f":"play"},
[23:32:50.655] {"a":"$location===mediator.location is\n              true"},
[23:32:50.664] {"a":"mediator[action.t] = [object Object]"},
[23:32:50.665] {"a":"target = [object Object]"},
[23:33:01.659] {"a":"$location===mediator.location is\n              true"},
[23:33:01.671] {"a":"mediator[action.t] = [object Object]"},
[23:33:01.671] {"a":"target = [object Object]"},
[23:33:01.672] {"a":"~~~~ change_state() url = /footprint:/i3d-scene:scene1/i2d-empty:/escher:/ui-msgbg:/shot-anim:scope15"},
[23:33:01.672] {"a":"~~~~ change_state() this.prev_url = //////shot-anim:scope14"},
[23:33:01.672] {"a":"this.terms has term[0] = scene"},
[23:33:01.672] {"a":"params[scene] = footprint:"},
[23:33:01.672] "abs_values[0] = footprint:",
[23:33:01.672] {"a":"this.terms has term[1] = i3d"},
[23:33:01.672] {"a":"params[i3d] = i3d-scene:scene1"},
[23:33:01.673] "abs_values[1] = i3d-scene:scene1",
[23:33:01.673] {"a":"this.terms has term[2] = i2d"},
[23:33:01.673] {"a":"params[i2d] = i2d-empty:"},
[23:33:01.673] "abs_values[2] = i2d-empty:",
[23:33:01.673] {"a":"this.terms has term[3] = base"},
[23:33:01.672] {"t":"narrative","f":"shot","a":{"delta":{"timeline":{"p":{"paused":true,"repeat":0},"actors":{"i3d:camera:rotation":[{"dur":4,"p":{"y":0,"immediateRender":false}}]}}}}},
[23:33:01.673] {"a":"params[base] = escher:"},
[23:33:01.673] {"a":"this.terms has term[4] = ui"},
[23:33:01.673] {"a":"params[ui] = ui-msgbg:"},
[23:33:01.674] "abs_values[4] = ui-msgbg:",
[23:33:01.674] {"a":"this.terms has term[5] = shot"},
[23:33:01.674] {"a":"params[shot] = shot-anim:scope15"},
[23:33:01.674] "abs_values[5] = shot-anim:scope15",
[23:33:01.674] {"a":"ch_st(): $location.url(//////shot-anim:scope15)"},
[23:33:01.674] {"t":"mediator","f":"socket.emit.actions","a":{"t":"camera3d","f":"panflyBy","a":{"r":-0.7854,"d":4}}},
[23:33:01.730] {"t":"Mediator","f":"component","a":"narrative"},
[23:33:01.730] {"t":"app","f":"onEnter","a":{"name":"shot-anim:scope15"}},
[23:33:01.730] {"t":"timeline","f":"play"},
[23:33:01.673] "abs_values[3] = escher:",
[23:33:05.662] {"a":"$location===mediator.location is\n              true"},
[23:33:05.668] {"a":"mediator[action.t] = [object Object]"},
[23:33:05.668] {"a":"target = [object Object]"},
[23:33:11.660] {"a":"$location===mediator.location is\n              true"},
[23:33:11.671] {"a":"mediator[action.t] = [object Object]"},
[23:33:11.672] {"a":"target = [object Object]"},
[23:33:11.672] {"a":"~~~~ change_state() url = /circle:/i3d-simple:simple_red/i2d-scene:disks0/base-skycube:test_cube/ui-msgbg:/shot-graft:a0"},
[23:33:11.672] {"a":"~~~~ change_state() this.prev_url = //////shot-anim:scope15"},
[23:33:11.672] {"a":"this.terms has term[0] = scene"},
[23:33:11.672] {"a":"params[scene] = circle:"},
[23:33:11.672] "abs_values[0] = circle:",
[23:33:11.673] {"a":"this.terms has term[1] = i3d"},
[23:33:11.673] {"a":"params[i3d] = i3d-simple:simple_red"},
[23:33:11.673] "abs_values[1] = i3d-simple:simple_red",
[23:33:11.673] {"a":"this.terms has term[2] = i2d"},
[23:33:11.673] {"a":"params[i2d] = i2d-scene:disks0"},
[23:33:11.673] "abs_values[2] = i2d-scene:disks0",
[23:33:11.675] {"a":"this.terms has term[3] = base"},
[23:33:11.675] {"a":"params[base] = base-skycube:test_cube"},
[23:33:11.675] "abs_values[3] = base-skycube:test_cube",
[23:33:11.675] {"a":"this.terms has term[4] = ui"},
[23:33:11.676] {"a":"params[ui] = ui-msgbg:"},
[23:33:11.676] "abs_values[4] = ui-msgbg:",
[23:33:11.676] {"a":"this.terms has term[5] = shot"},
[23:33:11.676] {"a":"params[shot] = shot-graft:a0"},
[23:33:11.676] "abs_values[5] = shot-graft:a0",
[23:33:11.676] {"a":"ch_st(): $location.url(/circle:/i3d-simple:simple_red/i2d-scene:disks0/base-skycube:test_cube//shot-graft:a0)"},
[23:33:11.677] {"t":"mediator","f":"socket.emit.actions","a":{"t":"narrative","f":"change_scene","a":"circle"}},
[23:33:12.479] {"t":"Mediator","f":"component","a":"narrative"},
[23:33:12.480] {"t":"app","f":"onEnter","a":{"name":"circle:"}},
[23:33:12.480] {"t":"app","f":"onEnter","a":{"name":"i3d-simple:simple_red"}},
[23:33:12.480] {"t":"camera3d","f":"changeTemplateScene"},
[23:33:12.480] {"t":"app","f":"onEnter","a":{"name":"i2d-scene:disks0"}},
[23:33:12.480] {"t":"app","f":"onEnter","a":{"name":"base-skycube:test_cube"}},
[23:33:12.481] {"t":"app","f":"onEnter","a":{"name":"shot-graft:a0"}},
[23:33:12.481] {"t":"timeline","f":"play"},
[23:33:12.481] {"t":"camera3d","f":"addActorToScene","a":"cube0"},
[23:33:12.481] {"t":"camera3d","f":"addActorToScene","a":"cube0"},
[23:33:12.481] {"t":"camera3d","f":"addActorToScene","a":"cube0"},
[23:33:12.481] {"t":"camera3d","f":"addActorToScene","a":"cube0"},
[23:33:12.482] {"t":"camera3d","f":"addActorToScene","a":"csphere"},
[23:33:12.482] {"t":"camera3d","f":"addActorToScene","a":"cube0"},
[23:33:12.482] {"t":"camera3d","f":"addActorToScene","a":"cube0_3"},
[23:33:12.482] {"t":"camera3d","f":"addActorToScene","a":"cube0_3"},
[23:33:12.482] {"t":"camera3d","f":"addActorToScene","a":"cube0_0"},
[23:33:12.483] {"t":"camera3d","f":"addActorToScene","a":"cube0_1"},
[23:33:12.483] {"t":"camera3d","f":"addActorToScene","a":"cube0_0"},
[23:33:12.483] {"t":"camera3d","f":"addActorToScene","a":"cube0_1"},
[23:33:12.483] {"t":"camera3d","f":"addActorToScene","a":"cube0_0"},
[23:33:12.483] {"t":"camera3d","f":"addActorToScene","a":"cube0_1"},
[23:33:12.483] {"t":"camera3d","f":"addActorToScene","a":"cube0_0"},
[23:33:12.484] {"t":"camera3d","f":"addActorToScene","a":"cube0_1"},
[23:33:12.484] {"t":"camera3d","f":"addActorToScene","a":"cube0_1"},
[23:33:12.484] {"t":"camera3d","f":"addActorToScene","a":"cube0_0"},
[23:33:12.484] {"a":"mediator[action.t] = [object Object]"},
[23:33:12.484] {"a":"target = [object Object]"},
[23:33:12.484] {"a":"$location===mediator.location is\n              true"},
[23:33:12.511] {"t":"camera3d","f":"addActorToScene","a":"cube0_2"},
[23:33:12.511] {"t":"camera3d","f":"addActorToScene","a":"cube0_2"},
[23:33:26.662] {"a":"$location===mediator.location is\n              true"},
[23:33:26.671] {"a":"mediator[action.t] = [object Object]"},
[23:33:26.671] {"a":"target = [object Object]"},
[23:33:26.672] {"a":"~~~~ change_state() url = /circle:/i3d-simple:simple_red/i2d-scene:mf2d0/base-skycube:test_cube/ui-msgbg/MS"},
[23:33:26.672] {"a":"~~~~ change_state() this.prev_url = /circle:/i3d-simple:simple_red/i2d-scene:disks0/base-skycube:test_cube//shot-graft:a0"},
[23:33:26.672] {"a":"this.terms has term[0] = scene"},
[23:33:26.672] {"a":"params[scene] = circle:"},
[23:33:26.672] "abs_values[0] = circle:",
[23:33:26.672] {"a":"this.terms has term[1] = i3d"},
[23:33:26.672] {"a":"params[i3d] = i3d-simple:simple_red"},
[23:33:26.672] "abs_values[1] = i3d-simple:simple_red",
[23:33:26.672] {"a":"this.terms has term[2] = i2d"},
[23:33:26.672] {"a":"params[i2d] = i2d-scene:mf2d0"},
[23:33:26.673] "abs_values[2] = i2d-scene:mf2d0",
[23:33:26.673] {"a":"this.terms has term[3] = base"},
[23:33:26.673] {"a":"params[base] = base-skycube:test_cube"},
[23:33:26.673] "abs_values[3] = base-skycube:test_cube",
[23:33:26.673] {"a":"this.terms has term[4] = ui"},
[23:33:26.673] {"a":"params[ui] = ui-msgbg"},
[23:33:26.673] "abs_values[4] = ui-msgbg",
[23:33:26.674] {"a":"this.terms has term[5] = shot"},
[23:33:26.674] {"a":"params[shot] = MS"},
[23:33:26.674] "abs_values[5] = MS",
[23:33:26.674] {"a":"ch_st(): $location.url(///i2d-scene:mf2d0//ui-msgbg/MS)"},
[23:33:26.674] {"t":"mediator","f":"socket.emit.actions","a":{"t":"narrative","f":"change_state","a":"/circle:/i3d-simple:simple_red/i2d-scene:mf2d0/base-skycube:test_cube/ui-msgbg/MS"}},
[23:33:27.086] {"t":"Mediator","f":"component","a":"narrative"},
[23:33:27.086] {"t":"app","f":"onEnter","a":{"name":"i2d-scene:mf2d0"}},
[23:33:27.087] {"t":"app","f":"onEnter","a":{"name":"MS"}},
[23:33:27.087] {"t":"app","f":"onEnter","a":{"name":"ui-msgbg"}},
[23:33:27.087] {"a":"$location===mediator.location is\n              true"},
[23:33:27.087] {"a":"mediator[action.t] = [object Object]"},
[23:33:27.088] {"a":"target = [object Object]"},
[23:33:27.087] {"t":"timeline","f":"play"},
[23:33:41.664] {"a":"$location===mediator.location is\n              true"},
[23:33:41.681] {"a":"mediator[action.t] = [object Object]"},
[23:33:41.681] {"a":"target = [object Object]"},
[23:33:41.681] {"a":"~~~~ change_state() url = /stocks:/i3d-jsonmodels:phonghead_kfb/i2d-scene:defsuse0/grid:/ui-msgbg:/2S:"},
[23:33:41.682] {"a":"~~~~ change_state() this.prev_url = ///i2d-scene:mf2d0//ui-msgbg/MS"},
[23:33:41.682] {"a":"this.terms has term[0] = scene"},
[23:33:41.682] {"a":"params[scene] = stocks:"},
[23:33:41.682] "abs_values[0] = stocks:",
[23:33:41.684] {"a":"this.terms has term[1] = i3d"},
[23:33:41.685] {"a":"params[i3d] = i3d-jsonmodels:phonghead_kfb"},
[23:33:41.685] "abs_values[1] = i3d-jsonmodels:phonghead_kfb",
[23:33:41.685] {"a":"this.terms has term[2] = i2d"},
[23:33:41.685] {"a":"params[i2d] = i2d-scene:defsuse0"},
[23:33:41.685] "abs_values[2] = i2d-scene:defsuse0",
[23:33:41.685] {"a":"this.terms has term[3] = base"},
[23:33:41.685] {"a":"params[base] = grid:"},
[23:33:41.685] "abs_values[3] = grid:",
[23:33:41.685] {"a":"this.terms has term[4] = ui"},
[23:33:41.685] {"a":"params[ui] = ui-msgbg:"},
[23:33:41.686] "abs_values[4] = ui-msgbg:",
[23:33:41.686] {"a":"this.terms has term[5] = shot"},
[23:33:41.686] {"a":"params[shot] = 2S:"},
[23:33:41.686] "abs_values[5] = 2S:",
[23:33:41.686] {"a":"ch_st(): $location.url(/stocks:/i3d-jsonmodels:phonghead_kfb/i2d-scene:defsuse0/grid:/ui-msgbg:/2S:)"},
[23:33:41.686] {"t":"mediator","f":"socket.emit.actions","a":{"t":"narrative","f":"change_scene","a":"stocks"}},
[23:33:43.915] {"t":"Mediator","f":"component","a":"narrative"},
[23:33:43.915] {"t":"app","f":"onEnter","a":{"name":"stocks:"}},
[23:33:43.915] {"t":"app","f":"onEnter","a":{"name":"i3d-jsonmodels:phonghead_kfb"}},
[23:33:43.915] {"t":"camera3d","f":"changeTemplateScene"},
[23:33:43.916] {"t":"app","f":"onEnter","a":{"name":"i2d-scene:defsuse0"}},
[23:33:43.916] {"t":"app","f":"onEnter","a":{"name":"grid:"}},
[23:33:43.916] {"t":"app","f":"onEnter","a":{"name":"ui-msgbg:"}},
[23:33:43.916] {"t":"app","f":"onEnter","a":{"name":"2S:"}},
[23:33:43.916] {"t":"timeline","f":"play"},
[23:33:43.916] {"t":"camera3d","f":"addActorToScene","a":"axes0"},
[23:33:43.916] {"t":"camera3d","f":"addActorToScene","a":"axes0"},
[23:33:43.917] {"t":"camera3d","f":"addActorToScene","a":"axes0"},
[23:33:43.917] {"t":"camera3d","f":"addActorToScene","a":"axes0"},
[23:33:43.917] {"t":"camera3d","f":"addActorToScene","a":"axes0"},
[23:33:43.917] {"t":"camera3d","f":"addActorToScene","a":"csphere"},
[23:33:43.917] {"t":"camera3d","f":"addActorToScene","a":"axes0"},
[23:33:43.917] {"t":"camera3d","f":"addActorToScene","a":"key"},
[23:33:43.917] {"t":"camera3d","f":"addActorToScene","a":"fill"},
[23:33:43.919] {"t":"camera3d","f":"addActorToScene","a":"back"},
[23:33:43.919] {"t":"camera3d","f":"addActorToScene","a":"key"},
[23:33:43.919] {"t":"camera3d","f":"addActorToScene","a":"fill"},
[23:33:43.920] {"t":"camera3d","f":"addActorToScene","a":"back"},
[23:33:43.920] {"t":"camera3d","f":"addActorToScene","a":"key"},
[23:33:43.920] {"t":"camera3d","f":"addActorToScene","a":"fill"},
[23:33:43.920] {"t":"camera3d","f":"addActorToScene","a":"back"},
[23:33:43.920] {"t":"camera3d","f":"addActorToScene","a":"key"},
[23:33:43.920] {"t":"camera3d","f":"addActorToScene","a":"fill"},
[23:33:43.920] {"t":"camera3d","f":"addActorToScene","a":"back"},
[23:33:43.920] {"t":"camera3d","f":"addActorToScene","a":"key"},
[23:33:43.921] {"t":"camera3d","f":"addActorToScene","a":"fill"},
[23:33:43.921] {"t":"camera3d","f":"addActorToScene","a":"back"},
[23:33:43.921] {"t":"camera3d","f":"addActorToScene","a":"key"},
[23:33:43.921] {"t":"camera3d","f":"addActorToScene","a":"fill"},
[23:33:43.921] {"t":"camera3d","f":"addActorToScene","a":"back"},
[23:33:43.921] {"a":"$location===mediator.location is\n              true"},
[23:33:43.921] {"a":"mediator[action.t] = [object Object]"},
[23:33:43.922] {"a":"target = [object Object]"},
[23:33:44.315] {"t":"camera3d","f":"addActorToScene","a":"head_scan"},
[23:33:44.912] {"t":"camera3d","f":"addActorToScene","a":"head_scan"},
[23:33:44.912] {"t":"camera3d","f":"addActorToScene","a":"head_scan"},
[23:33:44.913] {"t":"camera3d","f":"addActorToScene","a":"head_scan"},
[23:33:44.990] {"t":"camera3d","f":"addActorToScene","a":"head_scan"},
[23:33:56.669] {"a":"$location===mediator.location is\n              true"},
[23:33:56.679] {"a":"mediator[action.t] = [object Object]"},
[23:33:56.680] {"a":"target = [object Object]"},
[23:33:56.680] {"a":"~~~~ change_state() url = ///i2d-scene:mf2d0///"},
[23:33:56.680] {"a":"~~~~ change_state() this.prev_url = /stocks:/i3d-jsonmodels:phonghead_kfb/i2d-scene:defsuse0/grid:/ui-msgbg:/2S:"},
[23:33:56.680] {"a":"this.terms has term[0] = scene"},
[23:33:56.680] {"a":"params[scene] = "},
[23:33:56.680] "abs_values[0] = ",
[23:33:56.680] {"a":"this.terms has term[1] = i3d"},
[23:33:56.680] {"a":"params[i3d] = "},
[23:33:56.681] "abs_values[1] = ",
[23:33:56.681] {"a":"this.terms has term[2] = i2d"},
[23:33:56.681] {"a":"params[i2d] = i2d-scene:mf2d0"},
[23:33:56.681] "abs_values[2] = i2d-scene:mf2d0",
[23:33:56.681] {"a":"this.terms has term[3] = base"},
[23:33:56.681] {"a":"params[base] = "},
[23:33:56.681] "abs_values[3] = ",
[23:33:56.681] {"a":"this.terms has term[4] = ui"},
[23:33:56.681] {"a":"params[ui] = "},
[23:33:56.681] "abs_values[4] = ",
[23:33:56.682] {"a":"this.terms has term[5] = shot"},
[23:33:56.682] {"a":"params[shot] = "},
[23:33:56.682] "abs_values[5] = ",
[23:33:56.682] {"a":"ch_st(): $location.url(///i2d-scene:mf2d0///)"},
[23:33:56.682] {"t":"mediator","f":"socket.emit.actions","a":{"t":"narrative","f":"change_state","a":"///i2d-scene:mf2d0///"}},
[23:33:56.984] {"t":"Mediator","f":"component","a":"narrative"},
[23:33:56.984] {"t":"app","f":"onEnter","a":{"name":"i2d-scene:mf2d0"}},
[23:33:56.984] {"t":"timeline","f":"play"},
[23:33:56.984] {"a":"$location===mediator.location is\n              true"},
[23:33:56.985] {"a":"mediator[action.t] = [object Object]"},
[23:33:56.985] {"a":"target = [object Object]"},
[23:37:22.585] {"t":"camera3d","f":"tilt (look) up","a":38},
[23:37:22.600] {"t":"Mediator","f":"record","a":{"t":"camera3d","f":"tiltflyBy","a":{"r":0.19635,"d":3}}},
[23:37:22.601] {"t":"narrative","f":"shot","a":{"delta":{"timeline":{"p":{"paused":true,"repeat":0},"actors":{"i3d:camera:rotation":[{"dur":3,"p":{"x":0.19635,"immediateRender":false}}]}}}}},
[23:37:22.601] {"a":"~~~~ change_state() url = ///i2d-scene:mf2d0///shot-anim:scope20"},
[23:37:22.601] {"a":"~~~~ change_state() this.prev_url = ///i2d-scene:mf2d0///"},
[23:37:22.601] {"a":"this.terms has term[0] = scene"},
[23:37:22.601] {"a":"params[scene] = "},
[23:37:22.601] "abs_values[0] = ",
[23:37:22.601] {"a":"this.terms has term[1] = i3d"},
[23:37:22.601] {"a":"params[i3d] = "},
[23:37:22.601] "abs_values[1] = ",
[23:37:22.602] {"a":"this.terms has term[2] = i2d"},
[23:37:22.602] {"a":"params[i2d] = i2d-scene:mf2d0"},
[23:37:22.602] "abs_values[2] = i2d-scene:mf2d0",
[23:37:22.602] {"a":"this.terms has term[3] = base"},
[23:37:22.602] {"a":"params[base] = "},
[23:37:22.602] "abs_values[3] = ",
[23:37:22.602] {"a":"this.terms has term[4] = ui"},
[23:37:22.602] {"a":"params[ui] = "},
[23:37:22.602] "abs_values[4] = ",
[23:37:22.603] {"a":"this.terms has term[5] = shot"},
[23:37:22.603] {"a":"params[shot] = shot-anim:scope20"},
[23:37:22.603] "abs_values[5] = shot-anim:scope20",
[23:37:22.603] {"a":"ch_st(): $location.url(//////shot-anim:scope20)"},
[23:37:22.653] {"t":"Mediator","f":"component","a":"narrative"},
[23:37:22.653] {"t":"app","f":"onEnter","a":{"name":"shot-anim:scope20"}},
[23:37:22.653] {"t":"timeline","f":"play"},
[23:37:25.577] {"a":"$location===mediator.location is\n              true"},
[23:37:25.580] {"a":"mediator[action.t] = [object Object]"},
[23:37:25.580] {"a":"target = [object Object]"},
