[00:21:17.309] {"t":"camera3d","f":"tiltflyTo","a":{"r":-0.7854,"d":3}},
[00:21:17.353] "//////shot-anim:scope0",
[00:21:17.353] "/metaweb:/i3d-empty:/i2d-reflect:/empty:/ui-msgbg:/shot-anim:scope0",
[00:21:17.354] {"delta":{"timeline":{"p":{"paused":true,"repeat":0},"actors":{"i3d:camera:rotation":[{"dur":3,"p":{"x":-0.7854,"immediateRender":false}}]}}}},
[00:21:32.309] {"t":"camera3d","f":"panflyTo","a":{"r":-0.7854,"d":3}},
[00:21:32.347] "/metaweb:/i3d-empty:/i2d-reflect:/empty:/ui-msgbg:/shot-anim:scope1",
[00:21:32.348] "//////shot-anim:scope1",
[00:21:32.348] {"delta":{"timeline":{"p":{"paused":true,"repeat":0},"actors":{"i3d:camera:rotation":[{"dur":3,"p":{"y":-0.7854,"immediateRender":false}}]}}}},
[00:21:47.311] {"t":"camera3d","f":"lookAt"},
[00:21:47.321] "/metaweb:/i3d-empty:/i2d-reflect:/empty:/ui-msgbg:/shot-fixed:scope2",
[00:21:47.321] "//////shot-fixed:scope2",
[00:21:47.321] {"delta-t":"camera3d","f":"lookAt","a":{}},
[00:21:57.310] {"t":"camera3d","f":"dollyflyTo","a":{"x":20,"y":0,"z":0,"d":3}},
[00:21:57.354] "/metaweb:/i3d-empty:/i2d-reflect:/empty:/ui-msgbg:/shot-anim:scope3",
[00:21:57.354] "//////shot-anim:scope3",
[00:21:57.354] {"delta":{"timeline":{"p":{"paused":true,"repeat":0},"actors":{"i3d:csphere:position":[{"dur":3,"p":{"x":20,"y":0,"z":0,"immediateRender":false}}]}}}},
[00:22:12.315] {"t":"camera3d","f":"zoomflyTo","a":{"s":0.5,"d":3}},
[00:22:12.331] "/metaweb:/i3d-empty:/i2d-reflect:/empty:/ui-msgbg:/shot-anim:scope4",
[00:22:12.332] "//////shot-anim:scope4",
[00:22:12.332] {"delta":{"timeline":{"p":{"paused":true,"repeat":0},"actors":{"i3d:csphere:scale":[{"dur":3,"p":{"x":0.5,"y":0.5,"z":0.5,"immediateRender":false}}]}}}},
[00:22:22.317] {"t":"camera3d","f":"zoomflyTo","a":{"s":2,"d":3}},
[00:22:22.344] "/metaweb:/i3d-empty:/i2d-reflect:/empty:/ui-msgbg:/shot-anim:scope5",
[00:22:22.345] "//////shot-anim:scope5",
[00:22:22.345] {"delta":{"timeline":{"p":{"paused":true,"repeat":0},"actors":{"i3d:csphere:scale":[{"dur":3,"p":{"x":2,"y":2,"z":2,"immediateRender":false}}]}}}},
[00:22:37.323] {"t":"camera3d","f":"dollyflyTo","a":{"x":20,"y":20,"z":-20,"d":3}},
[00:22:37.362] "/metaweb:/i3d-empty:/i2d-reflect:/empty:/ui-msgbg:/shot-anim:scope6",
[00:22:37.362] "//////shot-anim:scope6",
[00:22:37.363] {"delta":{"timeline":{"p":{"paused":true,"repeat":0},"actors":{"i3d:csphere:position":[{"dur":3,"p":{"x":20,"y":20,"z":-20,"immediateRender":false}}]}}}},
[00:22:47.324] {"t":"camera3d","f":"zoomflyTo","a":{"s":0.5,"d":3}},
[00:22:47.345] "/metaweb:/i3d-empty:/i2d-reflect:/empty:/ui-msgbg:/shot-anim:scope7",
[00:22:47.346] "//////shot-anim:scope7",
[00:22:47.349] {"delta":{"timeline":{"p":{"paused":true,"repeat":0},"actors":{"i3d:csphere:scale":[{"dur":3,"p":{"x":0.5,"y":0.5,"z":0.5,"immediateRender":false}}]}}}},
[00:22:57.325] {"t":"camera3d","f":"center","a":{"d":3}},
[00:22:57.355] "/metaweb:/i3d-empty:/i2d-reflect:/empty:/ui-msgbg:/shot-anim:scope8",
[00:22:57.355] "//////shot-anim:scope8",
[00:22:57.356] {"delta":{"timeline":{"p":{"paused":true,"repeat":0},"actors":{"i3d:camera:rotation":[{"dur":3,"p":{"x":0,"y":0,"z":0,"immediateRender":false}}],"i3d:csphere:position":[{"dur":3,"p":{"x":0,"y":0,"z":0,"immediateRender":false}}],"i3d:csphere:rotation":[{"dur":3,"p":{"x":0,"y":0,"z":0,"immediateRender":false}}],"i2d:plane":[{"dur":3,"p":{"x":0,"y":0,"immediateRender":false}}],"i2d:zoom_plane":[{"dur":3,"p":{"rotation":0,"svgOrigin":"0% 0%","immediateRender":false}}]}}}},
[00:23:12.365] {"t":"camera3d","f":"home","a":{"d":3}},
[00:23:12.368] "/metaweb:/i3d-empty:/i2d-reflect:/empty:/ui-msgbg:/shot-anim:scope9",
[00:23:12.371] {"delta":{"timeline":{"p":{"paused":true,"repeat":0},"actors":{"i3d:camera:rotation":[{"dur":3,"p":{"x":0,"y":0,"z":0,"immediateRender":false}}],"i3d:csphere:position":[{"dur":3,"p":{"x":0,"y":0,"z":0,"immediateRender":false}}],"i3d:csphere:scale":[{"dur":3,"p":{"x":1,"y":1,"z":1,"immediateRender":false}}],"i3d:csphere:rotation":[{"dur":3,"p":{"x":0,"y":0,"z":0,"immediateRender":false}}],"i2d:plane":[{"dur":3,"p":{"x":0,"y":0,"immediateRender":false}}],"i2d:zoom_plane":[{"dur":3,"p":{"rotation":0,"scale":1,"svgOrigin":"0% 0%","immediateRender":false}}]}}}},
[00:23:12.369] "//////shot-anim:scope9",
[00:23:22.360] {"t":"camera3d","f":"panflyBy","a":{"r":0.7854,"d":3}},
[00:23:22.370] "/metaweb:/i3d-empty:/i2d-reflect:/empty:/ui-msgbg:/shot-anim:scope10",
[00:23:22.370] "//////shot-anim:scope10",
[00:23:22.370] {"delta":{"timeline":{"p":{"paused":true,"repeat":0},"actors":{"i3d:camera:rotation":[{"dur":3,"p":{"y":0.7854,"immediateRender":false}}]}}}},
[00:23:37.362] {"t":"camera3d","f":"tiltflyBy","a":{"r":0.7854,"d":3}},
[00:23:37.372] "/metaweb:/i3d-empty:/i2d-reflect:/empty:/ui-msgbg:/shot-anim:scope11",
[00:23:37.373] "//////shot-anim:scope11",
[00:23:37.374] {"delta":{"timeline":{"p":{"paused":true,"repeat":0},"actors":{"i3d:camera:rotation":[{"dur":3,"p":{"x":0.7854,"immediateRender":false}}]}}}},
[00:23:47.363] {"t":"camera3d","f":"lookAt"},
[00:23:47.397] "/metaweb:/i3d-empty:/i2d-reflect:/empty:/ui-msgbg:/shot-fixed:scope12",
[00:23:47.398] "//////shot-fixed:scope12",
[00:23:47.399] {"delta-t":"camera3d","f":"lookAt","a":{}},
[00:23:57.363] {"t":"camera3d","f":"rollflyTo","a":{"r":-1.57,"d":4}},
[00:23:57.398] "//////shot-anim:scope13",
[00:23:57.399] {"delta":{"timeline":{"p":{"paused":true,"repeat":0},"actors":{"i3d:camera:rotation":[{"dur":4,"p":{"z":-1.57,"immediateRender":false}}]}}}},
[00:23:57.397] "/metaweb:/i3d-empty:/i2d-reflect:/empty:/ui-msgbg:/shot-anim:scope13",
[00:24:12.364] {"t":"camera3d","f":"rollflyBy","a":{"r":0.3927,"d":4}},
[00:24:12.388] "//////shot-anim:scope14",
[00:24:12.389] {"delta":{"timeline":{"p":{"paused":true,"repeat":0},"actors":{"i3d:camera:rotation":[{"dur":4,"p":{"z":-1.1773,"immediateRender":false}}]}}}},
[00:24:12.388] "/metaweb:/i3d-empty:/i2d-reflect:/empty:/ui-msgbg:/shot-anim:scope14",
[00:24:22.363] {"t":"camera3d","f":"rollflyBy","a":{"r":0.3927,"d":4}},
[00:24:22.371] "//////shot-anim:scope15",
[00:24:22.371] {"delta":{"timeline":{"p":{"paused":true,"repeat":0},"actors":{"i3d:camera:rotation":[{"dur":4,"p":{"z":-0.7846,"immediateRender":false}}]}}}},
[00:24:22.371] "/metaweb:/i3d-empty:/i2d-reflect:/empty:/ui-msgbg:/shot-anim:scope15",
[00:24:37.364] {"t":"camera3d","f":"center","a":{"d":3}},
[00:24:37.377] "/metaweb:/i3d-empty:/i2d-reflect:/empty:/ui-msgbg:/shot-anim:scope16",
[00:24:37.377] "//////shot-anim:scope16",
[00:24:37.378] {"delta":{"timeline":{"p":{"paused":true,"repeat":0},"actors":{"i3d:camera:rotation":[{"dur":3,"p":{"x":0,"y":0,"z":0,"immediateRender":false}}],"i3d:csphere:position":[{"dur":3,"p":{"x":0,"y":0,"z":0,"immediateRender":false}}],"i3d:csphere:rotation":[{"dur":3,"p":{"x":0,"y":0,"z":0,"immediateRender":false}}],"i2d:plane":[{"dur":3,"p":{"x":0,"y":0,"immediateRender":false}}],"i2d:zoom_plane":[{"dur":3,"p":{"rotation":0,"svgOrigin":"0% 0%","immediateRender":false}}]}}}},
[00:24:47.363] {"t":"camera3d","f":"yawflyTo","a":{"r":1.57,"d":3}},
[00:24:47.380] "/metaweb:/i3d-empty:/i2d-reflect:/empty:/ui-msgbg:/shot-anim:scope17",
[00:24:47.380] {"delta":{"timeline":{"p":{"paused":true,"repeat":0},"actors":{"i3d:csphere:rotation":[{"dur":3,"p":{"y":1.57,"immediateRender":false}}]}}}},
[00:24:47.380] "//////shot-anim:scope17",
[00:25:02.364] {"t":"camera3d","f":"yawflyBy","a":{"r":-0.7854,"d":3}},
[00:25:02.376] "/metaweb:/i3d-empty:/i2d-reflect:/empty:/ui-msgbg:/shot-anim:scope18",
[00:25:02.377] "//////shot-anim:scope18",
[00:25:02.377] {"delta":{"timeline":{"p":{"paused":true,"repeat":0},"actors":{"i3d:csphere:rotation":[{"dur":3,"p":{"y":0.7846000000000001,"immediateRender":false}}]}}}},
[00:25:12.364] {"t":"camera3d","f":"yawflyBy","a":{"r":-0.7854,"d":3}},
[00:25:12.375] "/metaweb:/i3d-empty:/i2d-reflect:/empty:/ui-msgbg:/shot-anim:scope19",
[00:25:12.376] {"delta":{"timeline":{"p":{"paused":true,"repeat":0},"actors":{"i3d:csphere:rotation":[{"dur":3,"p":{"y":-0.0007999999999999119,"immediateRender":false}}]}}}},
[00:25:12.375] "//////shot-anim:scope19",
[00:25:22.365] {"t":"camera3d","f":"pitchflyTo","a":{"r":-1.57,"d":3}},
[00:25:22.387] "/metaweb:/i3d-empty:/i2d-reflect:/empty:/ui-msgbg:/shot-anim:scope20",
[00:25:22.388] "//////shot-anim:scope20",
[00:25:22.388] {"delta":{"timeline":{"p":{"paused":true,"repeat":0},"actors":{"i3d:csphere:rotation":[{"dur":3,"p":{"x":-1.57,"immediateRender":false}}]}}}},
[00:25:37.383] {"t":"camera3d","f":"pitchflyBy","a":{"r":0.7854,"d":3}},
[00:25:37.392] "/metaweb:/i3d-empty:/i2d-reflect:/empty:/ui-msgbg:/shot-anim:scope21",
[00:25:37.392] "//////shot-anim:scope21",
[00:25:37.392] {"delta":{"timeline":{"p":{"paused":true,"repeat":0},"actors":{"i3d:csphere:rotation":[{"dur":3,"p":{"x":-0.7846000000000001,"immediateRender":false}}]}}}},
[00:25:47.381] {"t":"camera3d","f":"pitchflyBy","a":{"r":0.7854,"d":3}},
[00:25:47.399] "/metaweb:/i3d-empty:/i2d-reflect:/empty:/ui-msgbg:/shot-anim:scope22",
[00:25:47.399] "//////shot-anim:scope22",
[00:25:47.399] {"delta":{"timeline":{"p":{"paused":true,"repeat":0},"actors":{"i3d:csphere:rotation":[{"dur":3,"p":{"x":0.0007999999999999119,"immediateRender":false}}]}}}},
[00:26:02.382] {"t":"camera3d","f":"dollyflyTo","a":{"x":20,"y":-20,"z":-30,"d":3}},
[00:26:02.399] "//////shot-anim:scope23",
[00:26:02.400] {"delta":{"timeline":{"p":{"paused":true,"repeat":0},"actors":{"i3d:csphere:position":[{"dur":3,"p":{"x":20,"y":-20,"z":-30,"immediateRender":false}}]}}}},
[00:26:02.395] "/metaweb:/i3d-empty:/i2d-reflect:/empty:/ui-msgbg:/shot-anim:scope23",
[00:26:12.383] {"t":"camera3d","f":"dollyflyTo","a":{"x":0,"y":0,"z":30,"d":6}},
[00:26:12.391] "/metaweb:/i3d-empty:/i2d-reflect:/empty:/ui-msgbg:/shot-anim:scope24",
[00:26:12.392] "//////shot-anim:scope24",
[00:26:12.392] {"delta":{"timeline":{"p":{"paused":true,"repeat":0},"actors":{"i3d:csphere:position":[{"dur":6,"p":{"x":20,"y":-20,"z":30,"immediateRender":false}}]}}}},
[00:26:22.384] {"t":"camera3d","f":"tiltflyBy","a":{"r":0.7854,"d":3}},
[00:26:22.392] "/metaweb:/i3d-empty:/i2d-reflect:/empty:/ui-msgbg:/shot-anim:scope25",
[00:26:22.392] "//////shot-anim:scope25",
[00:26:22.392] {"delta":{"timeline":{"p":{"paused":true,"repeat":0},"actors":{"i3d:camera:rotation":[{"dur":3,"p":{"x":0.7854,"immediateRender":false}}]}}}},
[00:26:37.385] {"t":"camera3d","f":"zoomflyTo","a":{"s":2,"d":3}},
[00:26:37.397] "/metaweb:/i3d-empty:/i2d-reflect:/empty:/ui-msgbg:/shot-anim:scope26",
[00:26:37.399] "//////shot-anim:scope26",
[00:26:37.400] {"delta":{"timeline":{"p":{"paused":true,"repeat":0},"actors":{"i3d:csphere:scale":[{"dur":3,"p":{"x":2,"y":2,"z":2,"immediateRender":false}}]}}}},
[00:26:52.387] {"t":"camera3d","f":"home","a":{"d":3}},
[00:26:52.402] "/metaweb:/i3d-empty:/i2d-reflect:/empty:/ui-msgbg:/shot-anim:scope27",
[00:26:52.402] "//////shot-anim:scope27",
[00:26:52.402] {"delta":{"timeline":{"p":{"paused":true,"repeat":0},"actors":{"i3d:camera:rotation":[{"dur":3,"p":{"x":0,"y":0,"z":0,"immediateRender":false}}],"i3d:csphere:position":[{"dur":3,"p":{"x":0,"y":0,"z":0,"immediateRender":false}}],"i3d:csphere:scale":[{"dur":3,"p":{"x":1,"y":1,"z":1,"immediateRender":false}}],"i3d:csphere:rotation":[{"dur":3,"p":{"x":0,"y":0,"z":0,"immediateRender":false}}],"i2d:plane":[{"dur":3,"p":{"x":0,"y":0,"immediateRender":false}}],"i2d:zoom_plane":[{"dur":3,"p":{"rotation":0,"scale":1,"svgOrigin":"0% 0%","immediateRender":false}}]}}}},
[00:27:02.388] {"t":"narrative","f":"change_scene","a":"payments"},
[00:27:02.856] "/payments:/i3d-simple:phong_head_sphere_kfb/i2d-empty:/black:/ui-msgbg:/shot-fixed:",
[00:27:02.859] "/payments:/i3d-simple:phong_head_sphere_kfb/i2d-empty:/black://shot-fixed:",
[00:27:02.860] {},
[00:27:12.388] {"t":"narrative","f":"change_state","a":"///i2d-scene:mf2d0///"},
[00:27:12.490] "/payments:/i3d-simple:phong_head_sphere_kfb/i2d-scene:mf2d0/black:/ui-msgbg:/shot-fixed:",
[00:27:12.492] "///i2d-scene:mf2d0///",
[00:27:12.492] {},
[00:27:22.389] {"t":"narrative","f":"change_state","a":"////videocam://"},
[00:27:22.445] "/payments:/i3d-simple:phong_head_sphere_kfb/i2d-scene:mf2d0/videocam:/ui-msgbg:/shot-fixed:",
[00:27:22.445] "////videocam://",
[00:27:22.445] {},
[00:27:37.389] {"t":"camera3d","f":"panflyBy","a":{"r":-0.7854,"d":4}},
[00:27:37.401] "/payments:/i3d-simple:phong_head_sphere_kfb/i2d-scene:mf2d0/videocam:/ui-msgbg:/shot-anim:scope31",
[00:27:37.402] "//////shot-anim:scope31",
[00:27:37.402] {"delta":{"timeline":{"p":{"paused":true,"repeat":0},"actors":{"i3d:camera:rotation":[{"dur":4,"p":{"y":-0.7854,"immediateRender":false}}]}}}},
[00:27:47.389] {"t":"camera3d","f":"tiltflyBy","a":{"r":-0.7854,"d":4}},
[00:27:47.398] "/payments:/i3d-simple:phong_head_sphere_kfb/i2d-scene:mf2d0/videocam:/ui-msgbg:/shot-anim:scope32",
[00:27:47.399] "//////shot-anim:scope32",
[00:27:47.400] {"delta":{"timeline":{"p":{"paused":true,"repeat":0},"actors":{"i3d:camera:rotation":[{"dur":4,"p":{"x":-0.7854,"immediateRender":false}}]}}}},
[00:28:02.392] {"t":"narrative","f":"change_state","a":"////base-skycube:test_cube//"},
[00:28:02.816] "/payments:/i3d-simple:phong_head_sphere_kfb/i2d-scene:mf2d0/base-skycube:test_cube/ui-msgbg:/shot-anim:scope32",
[00:28:02.816] "////base-skycube:test_cube//",
[00:28:12.393] {"t":"camera3d","f":"panflyTo","a":{"r":0.7854,"d":4}},
[00:28:12.405] "/payments:/i3d-simple:phong_head_sphere_kfb/i2d-scene:mf2d0/base-skycube:test_cube/ui-msgbg:/shot-anim:scope34",
[00:28:12.406] "//////shot-anim:scope34",
[00:28:12.406] {"delta":{"timeline":{"p":{"paused":true,"repeat":0},"actors":{"i3d:camera:rotation":[{"dur":4,"p":{"y":0.7854,"immediateRender":false}}]}}}},
[00:28:27.393] {"t":"camera3d","f":"zoomflyBy","a":{"s":0.3,"d":4}},
[00:28:27.416] "//////shot-anim:scope35",
[00:28:27.415] "/payments:/i3d-simple:phong_head_sphere_kfb/i2d-scene:mf2d0/base-skycube:test_cube/ui-msgbg:/shot-anim:scope35",
[00:28:27.416] {"delta":{"timeline":{"p":{"paused":true,"repeat":0},"actors":{"i3d:csphere:scale":[{"dur":4,"p":{"x":0.3,"y":0.3,"z":0.3,"immediateRender":false}}]}}}},
[00:28:37.393] {"t":"camera3d","f":"center","a":{"d":3}},
[00:28:37.424] "/payments:/i3d-simple:phong_head_sphere_kfb/i2d-scene:mf2d0/base-skycube:test_cube/ui-msgbg:/shot-anim:scope36",
[00:28:37.425] "//////shot-anim:scope36",
[00:28:37.425] {"delta":{"timeline":{"p":{"paused":true,"repeat":0},"actors":{"i3d:camera:rotation":[{"dur":3,"p":{"x":0,"y":0,"z":0,"immediateRender":false}}],"i3d:csphere:position":[{"dur":3,"p":{"x":0,"y":0,"z":0,"immediateRender":false}}],"i3d:csphere:rotation":[{"dur":3,"p":{"x":0,"y":0,"z":0,"immediateRender":false}}],"i2d:plane":[{"dur":3,"p":{"x":0,"y":0,"immediateRender":false}}],"i2d:zoom_plane":[{"dur":3,"p":{"rotation":0,"svgOrigin":"0% 0%","immediateRender":false}}]}}}},
[00:28:52.394] {"t":"camera3d","f":"home","a":{"d":3}},
[00:28:52.417] "/payments:/i3d-simple:phong_head_sphere_kfb/i2d-scene:mf2d0/base-skycube:test_cube/ui-msgbg:/shot-anim:scope37",
[00:28:52.418] "//////shot-anim:scope37",
[00:28:52.418] {"delta":{"timeline":{"p":{"paused":true,"repeat":0},"actors":{"i3d:camera:rotation":[{"dur":3,"p":{"x":0,"y":0,"z":0,"immediateRender":false}}],"i3d:csphere:position":[{"dur":3,"p":{"x":0,"y":0,"z":0,"immediateRender":false}}],"i3d:csphere:scale":[{"dur":3,"p":{"x":1,"y":1,"z":1,"immediateRender":false}}],"i3d:csphere:rotation":[{"dur":3,"p":{"x":0,"y":0,"z":0,"immediateRender":false}}],"i2d:plane":[{"dur":3,"p":{"x":0,"y":0,"immediateRender":false}}],"i2d:zoom_plane":[{"dur":3,"p":{"rotation":0,"scale":1,"svgOrigin":"0% 0%","immediateRender":false}}]}}}},
