[01:05:31.532] {"t":"camera3d","f":"tiltflyTo","a":{"r":-0.7854,"d":3}},
[01:05:31.548] "/metaweb:/i3d-empty:/i2d-reflect:/empty:/ui-msgbg:/shot-anim:scope0",
[01:05:31.549] "//////shot-anim:scope0",
[01:05:31.549] {"delta":{"timeline":{"p":{"paused":true,"repeat":0},"actors":{"i3d:camera:rotation":[{"dur":3,"p":{"x":-0.7854,"immediateRender":false}}]}}}},
[01:05:46.530] {"t":"camera3d","f":"panflyTo","a":{"r":-0.7854,"d":3}},
[01:05:46.544] "/metaweb:/i3d-empty:/i2d-reflect:/empty:/ui-msgbg:/shot-anim:scope1",
[01:05:46.544] "//////shot-anim:scope1",
[01:05:46.545] {"delta":{"timeline":{"p":{"paused":true,"repeat":0},"actors":{"i3d:camera:rotation":[{"dur":3,"p":{"y":-0.7854,"immediateRender":false}}]}}}},
[01:06:01.529] {"t":"camera3d","f":"lookAt"},
[01:06:01.546] "/metaweb:/i3d-empty:/i2d-reflect:/empty:/ui-msgbg:/shot-fixed:scope2",
[01:06:01.546] "//////shot-fixed:scope2",
[01:06:01.547] {"delta-t":"camera3d","f":"lookAt","a":{}},
[01:06:11.530] {"t":"camera3d","f":"dollyflyTo","a":{"x":20,"y":0,"z":0,"d":3}},
[01:06:11.553] "/metaweb:/i3d-empty:/i2d-reflect:/empty:/ui-msgbg:/shot-anim:scope3",
[01:06:11.553] "//////shot-anim:scope3",
[01:06:11.555] {"delta":{"timeline":{"p":{"paused":true,"repeat":0},"actors":{"i3d:csphere:position":[{"dur":3,"p":{"x":20,"y":0,"z":0,"immediateRender":false}}]}}}},
[01:06:26.530] {"t":"camera3d","f":"zoomflyTo","a":{"s":0.5,"d":3}},
[01:06:26.546] "/metaweb:/i3d-empty:/i2d-reflect:/empty:/ui-msgbg:/shot-anim:scope4",
[01:06:26.546] "//////shot-anim:scope4",
[01:06:26.547] {"delta":{"timeline":{"p":{"paused":true,"repeat":0},"actors":{"i3d:csphere:scale":[{"dur":3,"p":{"x":0.5,"y":0.5,"z":0.5,"immediateRender":false}}]}}}},
[01:06:41.545] "/metaweb:/i3d-empty:/i2d-reflect:/empty:/ui-msgbg:/shot-anim:scope5",
[01:06:41.546] "//////shot-anim:scope5",
[01:06:41.546] {"delta":{"timeline":{"p":{"paused":true,"repeat":0},"actors":{"i3d:csphere:scale":[{"dur":3,"p":{"x":2,"y":2,"z":2,"immediateRender":false}}]}}}},
[01:06:41.531] {"t":"camera3d","f":"zoomflyTo","a":{"s":2,"d":3}},
[01:06:51.532] {"t":"camera3d","f":"dollyflyTo","a":{"x":20,"y":20,"z":-20,"d":3}},
[01:06:51.545] "/metaweb:/i3d-empty:/i2d-reflect:/empty:/ui-msgbg:/shot-anim:scope6",
[01:06:51.546] "//////shot-anim:scope6",
[01:06:51.547] {"delta":{"timeline":{"p":{"paused":true,"repeat":0},"actors":{"i3d:csphere:position":[{"dur":3,"p":{"x":20,"y":20,"z":-20,"immediateRender":false}}]}}}},
[01:07:06.532] {"t":"camera3d","f":"zoomflyTo","a":{"s":0.5,"d":3}},
[01:07:06.551] "/metaweb:/i3d-empty:/i2d-reflect:/empty:/ui-msgbg:/shot-anim:scope7",
[01:07:06.551] "//////shot-anim:scope7",
[01:07:06.552] {"delta":{"timeline":{"p":{"paused":true,"repeat":0},"actors":{"i3d:csphere:scale":[{"dur":3,"p":{"x":0.5,"y":0.5,"z":0.5,"immediateRender":false}}]}}}},
[01:07:21.531] {"t":"camera3d","f":"center","a":{"d":3}},
[01:07:21.544] "/metaweb:/i3d-empty:/i2d-reflect:/empty:/ui-msgbg:/shot-anim:scope8",
[01:07:21.544] "//////shot-anim:scope8",
[01:07:21.546] {"delta":{"timeline":{"p":{"paused":true,"repeat":0},"actors":{"i3d:camera:rotation":[{"dur":3,"p":{"x":0,"y":0,"z":0,"immediateRender":false}}],"i3d:csphere:position":[{"dur":3,"p":{"x":0,"y":0,"z":0,"immediateRender":false}}],"i3d:csphere:rotation":[{"dur":3,"p":{"x":0,"y":0,"z":0,"immediateRender":false}}],"i2d:plane":[{"dur":3,"p":{"x":0,"y":0,"immediateRender":false}}],"i2d:zoom_plane":[{"dur":3,"p":{"rotation":0,"svgOrigin":"0% 0%","immediateRender":false}}]}}}},
[01:07:31.532] {"t":"camera3d","f":"home","a":{"d":3}},
[01:07:31.545] "/metaweb:/i3d-empty:/i2d-reflect:/empty:/ui-msgbg:/shot-anim:scope9",
[01:07:31.545] "//////shot-anim:scope9",
[01:07:31.546] {"delta":{"timeline":{"p":{"paused":true,"repeat":0},"actors":{"i3d:camera:rotation":[{"dur":3,"p":{"x":0,"y":0,"z":0,"immediateRender":false}}],"i3d:csphere:position":[{"dur":3,"p":{"x":0,"y":0,"z":0,"immediateRender":false}}],"i3d:csphere:scale":[{"dur":3,"p":{"x":1,"y":1,"z":1,"immediateRender":false}}],"i3d:csphere:rotation":[{"dur":3,"p":{"x":0,"y":0,"z":0,"immediateRender":false}}],"i2d:plane":[{"dur":3,"p":{"x":0,"y":0,"immediateRender":false}}],"i2d:zoom_plane":[{"dur":3,"p":{"rotation":0,"scale":1,"svgOrigin":"0% 0%","immediateRender":false}}]}}}},
[01:07:46.533] {"t":"camera3d","f":"panflyBy","a":{"r":0.7854,"d":3}},
[01:07:46.546] "/metaweb:/i3d-empty:/i2d-reflect:/empty:/ui-msgbg:/shot-anim:scope10",
[01:07:46.547] "//////shot-anim:scope10",
[01:07:46.548] {"delta":{"timeline":{"p":{"paused":true,"repeat":0},"actors":{"i3d:camera:rotation":[{"dur":3,"p":{"y":0.7854,"immediateRender":false}}]}}}},
[01:08:01.534] {"t":"camera3d","f":"tiltflyBy","a":{"r":0.7854,"d":3}},
[01:08:01.541] "/metaweb:/i3d-empty:/i2d-reflect:/empty:/ui-msgbg:/shot-anim:scope11",
[01:08:01.542] "//////shot-anim:scope11",
[01:08:01.542] {"delta":{"timeline":{"p":{"paused":true,"repeat":0},"actors":{"i3d:camera:rotation":[{"dur":3,"p":{"x":0.7854,"immediateRender":false}}]}}}},
[01:08:16.533] {"t":"camera3d","f":"lookAt"},
[01:08:16.549] "/metaweb:/i3d-empty:/i2d-reflect:/empty:/ui-msgbg:/shot-fixed:scope12",
[01:08:16.550] "//////shot-fixed:scope12",
[01:08:16.551] {"delta-t":"camera3d","f":"lookAt","a":{}},
[01:08:26.533] {"t":"camera3d","f":"rollflyTo","a":{"r":-1.57,"d":4}},
[01:08:26.545] "/metaweb:/i3d-empty:/i2d-reflect:/empty:/ui-msgbg:/shot-anim:scope13",
[01:08:26.551] "//////shot-anim:scope13",
[01:08:26.551] {"delta":{"timeline":{"p":{"paused":true,"repeat":0},"actors":{"i3d:camera:rotation":[{"dur":4,"p":{"z":-1.57,"immediateRender":false}}]}}}},
[01:08:36.538] {"t":"camera3d","f":"rollflyBy","a":{"r":0.3927,"d":4}},
[01:08:36.552] "/metaweb:/i3d-empty:/i2d-reflect:/empty:/ui-msgbg:/shot-anim:scope14",
[01:08:36.553] "//////shot-anim:scope14",
[01:08:36.554] {"delta":{"timeline":{"p":{"paused":true,"repeat":0},"actors":{"i3d:camera:rotation":[{"dur":4,"p":{"z":-1.1773,"immediateRender":false}}]}}}},
[01:08:46.550] {"t":"camera3d","f":"rollflyBy","a":{"r":0.3927,"d":4}},
[01:08:46.566] "/metaweb:/i3d-empty:/i2d-reflect:/empty:/ui-msgbg:/shot-anim:scope15",
[01:08:46.567] "//////shot-anim:scope15",
[01:08:46.567] {"delta":{"timeline":{"p":{"paused":true,"repeat":0},"actors":{"i3d:camera:rotation":[{"dur":4,"p":{"z":-0.7846,"immediateRender":false}}]}}}},
[01:09:01.548] {"t":"camera3d","f":"center","a":{"d":3}},
[01:09:01.551] "/metaweb:/i3d-empty:/i2d-reflect:/empty:/ui-msgbg:/shot-anim:scope16",
[01:09:01.551] "//////shot-anim:scope16",
[01:09:01.551] {"delta":{"timeline":{"p":{"paused":true,"repeat":0},"actors":{"i3d:camera:rotation":[{"dur":3,"p":{"x":0,"y":0,"z":0,"immediateRender":false}}],"i3d:csphere:position":[{"dur":3,"p":{"x":0,"y":0,"z":0,"immediateRender":false}}],"i3d:csphere:rotation":[{"dur":3,"p":{"x":0,"y":0,"z":0,"immediateRender":false}}],"i2d:plane":[{"dur":3,"p":{"x":0,"y":0,"immediateRender":false}}],"i2d:zoom_plane":[{"dur":3,"p":{"rotation":0,"svgOrigin":"0% 0%","immediateRender":false}}]}}}},
[01:09:11.556] {"t":"camera3d","f":"yawflyTo","a":{"r":1.57,"d":3}},
[01:09:11.557] "/metaweb:/i3d-empty:/i2d-reflect:/empty:/ui-msgbg:/shot-anim:scope17",
[01:09:11.558] "//////shot-anim:scope17",
[01:09:11.558] {"delta":{"timeline":{"p":{"paused":true,"repeat":0},"actors":{"i3d:csphere:rotation":[{"dur":3,"p":{"y":1.57,"immediateRender":false}}]}}}},
[01:09:26.539] {"t":"camera3d","f":"yawflyBy","a":{"r":-0.7854,"d":3}},
[01:09:26.555] "/metaweb:/i3d-empty:/i2d-reflect:/empty:/ui-msgbg:/shot-anim:scope18",
[01:09:26.556] "//////shot-anim:scope18",
[01:09:26.557] {"delta":{"timeline":{"p":{"paused":true,"repeat":0},"actors":{"i3d:csphere:rotation":[{"dur":3,"p":{"y":0.7846000000000001,"immediateRender":false}}]}}}},
[01:09:36.539] {"t":"camera3d","f":"yawflyBy","a":{"r":-0.7854,"d":3}},
[01:09:36.554] "/metaweb:/i3d-empty:/i2d-reflect:/empty:/ui-msgbg:/shot-anim:scope19",
[01:09:36.554] "//////shot-anim:scope19",
[01:09:36.555] {"delta":{"timeline":{"p":{"paused":true,"repeat":0},"actors":{"i3d:csphere:rotation":[{"dur":3,"p":{"y":-0.0007999999999999119,"immediateRender":false}}]}}}},
[01:09:46.540] {"t":"camera3d","f":"pitchflyTo","a":{"r":-1.57,"d":3}},
[01:09:46.555] "/metaweb:/i3d-empty:/i2d-reflect:/empty:/ui-msgbg:/shot-anim:scope20",
[01:09:46.555] "//////shot-anim:scope20",
[01:09:46.556] {"delta":{"timeline":{"p":{"paused":true,"repeat":0},"actors":{"i3d:csphere:rotation":[{"dur":3,"p":{"x":-1.57,"immediateRender":false}}]}}}},
[01:10:01.540] {"t":"camera3d","f":"pitchflyBy","a":{"r":0.7854,"d":3}},
[01:10:01.554] "/metaweb:/i3d-empty:/i2d-reflect:/empty:/ui-msgbg:/shot-anim:scope21",
[01:10:01.555] "//////shot-anim:scope21",
[01:10:01.555] {"delta":{"timeline":{"p":{"paused":true,"repeat":0},"actors":{"i3d:csphere:rotation":[{"dur":3,"p":{"x":-0.7846000000000001,"immediateRender":false}}]}}}},
[01:10:16.542] {"t":"camera3d","f":"pitchflyBy","a":{"r":0.7854,"d":3}},
[01:10:16.576] "/metaweb:/i3d-empty:/i2d-reflect:/empty:/ui-msgbg:/shot-anim:scope22",
[01:10:16.580] {"delta":{"timeline":{"p":{"paused":true,"repeat":0},"actors":{"i3d:csphere:rotation":[{"dur":3,"p":{"x":0.0007999999999999119,"immediateRender":false}}]}}}},
[01:10:16.576] "//////shot-anim:scope22",
[01:10:26.547] {"t":"camera3d","f":"dollyflyTo","a":{"x":20,"y":-20,"z":-30,"d":3}},
[01:10:26.568] "/metaweb:/i3d-empty:/i2d-reflect:/empty:/ui-msgbg:/shot-anim:scope23",
[01:10:26.569] "//////shot-anim:scope23",
[01:10:26.573] {"delta":{"timeline":{"p":{"paused":true,"repeat":0},"actors":{"i3d:csphere:position":[{"dur":3,"p":{"x":20,"y":-20,"z":-30,"immediateRender":false}}]}}}},
[01:10:36.559] {"t":"camera3d","f":"dollyflyTo","a":{"x":0,"y":0,"z":30,"d":6}},
[01:10:36.559] "/metaweb:/i3d-empty:/i2d-reflect:/empty:/ui-msgbg:/shot-anim:scope24",
[01:10:36.560] "//////shot-anim:scope24",
[01:10:36.560] {"delta":{"timeline":{"p":{"paused":true,"repeat":0},"actors":{"i3d:csphere:position":[{"dur":6,"p":{"x":20,"y":-20,"z":30,"immediateRender":false}}]}}}},
[01:10:46.546] {"t":"camera3d","f":"tiltflyBy","a":{"r":0.7854,"d":3}},
[01:10:46.567] "/metaweb:/i3d-empty:/i2d-reflect:/empty:/ui-msgbg:/shot-anim:scope25",
[01:10:46.567] "//////shot-anim:scope25",
[01:10:46.568] {"delta":{"timeline":{"p":{"paused":true,"repeat":0},"actors":{"i3d:camera:rotation":[{"dur":3,"p":{"x":0.7854,"immediateRender":false}}]}}}},
[01:11:01.547] {"t":"camera3d","f":"zoomflyTo","a":{"s":2,"d":3}},
[01:11:01.561] "/metaweb:/i3d-empty:/i2d-reflect:/empty:/ui-msgbg:/shot-anim:scope26",
[01:11:01.561] "//////shot-anim:scope26",
[01:11:01.561] {"delta":{"timeline":{"p":{"paused":true,"repeat":0},"actors":{"i3d:csphere:scale":[{"dur":3,"p":{"x":2,"y":2,"z":2,"immediateRender":false}}]}}}},
[01:11:16.547] {"t":"camera3d","f":"home","a":{"d":3}},
[01:11:16.562] "/metaweb:/i3d-empty:/i2d-reflect:/empty:/ui-msgbg:/shot-anim:scope27",
[01:11:16.562] "//////shot-anim:scope27",
[01:11:16.563] {"delta":{"timeline":{"p":{"paused":true,"repeat":0},"actors":{"i3d:camera:rotation":[{"dur":3,"p":{"x":0,"y":0,"z":0,"immediateRender":false}}],"i3d:csphere:position":[{"dur":3,"p":{"x":0,"y":0,"z":0,"immediateRender":false}}],"i3d:csphere:scale":[{"dur":3,"p":{"x":1,"y":1,"z":1,"immediateRender":false}}],"i3d:csphere:rotation":[{"dur":3,"p":{"x":0,"y":0,"z":0,"immediateRender":false}}],"i2d:plane":[{"dur":3,"p":{"x":0,"y":0,"immediateRender":false}}],"i2d:zoom_plane":[{"dur":3,"p":{"rotation":0,"scale":1,"svgOrigin":"0% 0%","immediateRender":false}}]}}}},
[01:11:26.547] {"t":"narrative","f":"change_scene","a":"payments"},
[01:11:26.959] "/payments:/i3d-simple:phong_head_sphere_kfb/i2d-empty:/black:/ui-msgbg:/shot-fixed:",
[01:11:26.959] "/payments:/i3d-simple:phong_head_sphere_kfb/i2d-empty:/black://shot-fixed:",
[01:11:26.959] {},
[01:11:36.548] {"t":"narrative","f":"change_state","a":"///i2d-scene:mf2d0///"},
[01:11:36.641] "/payments:/i3d-simple:phong_head_sphere_kfb/i2d-scene:mf2d0/black:/ui-msgbg:/shot-fixed:",
[01:11:36.642] "///i2d-scene:mf2d0///",
[01:11:36.643] {},
[01:11:46.548] {"t":"narrative","f":"change_state","a":"////videocam://"},
[01:11:46.575] "/payments:/i3d-simple:phong_head_sphere_kfb/i2d-scene:mf2d0/videocam:/ui-msgbg:/shot-fixed:",
[01:11:46.575] "////videocam://",
[01:11:46.575] {},
[01:12:01.555] {"t":"camera3d","f":"panflyBy","a":{"r":-0.7854,"d":4}},
[01:12:01.575] "/payments:/i3d-simple:phong_head_sphere_kfb/i2d-scene:mf2d0/videocam:/ui-msgbg:/shot-anim:scope31",
[01:12:01.575] "//////shot-anim:scope31",
[01:12:01.575] {"delta":{"timeline":{"p":{"paused":true,"repeat":0},"actors":{"i3d:camera:rotation":[{"dur":4,"p":{"y":-0.7854,"immediateRender":false}}]}}}},
[01:12:16.548] {"t":"camera3d","f":"tiltflyBy","a":{"r":-0.7854,"d":4}},
[01:12:16.564] "/payments:/i3d-simple:phong_head_sphere_kfb/i2d-scene:mf2d0/videocam:/ui-msgbg:/shot-anim:scope32",
[01:12:16.564] "//////shot-anim:scope32",
[01:12:16.566] {"delta":{"timeline":{"p":{"paused":true,"repeat":0},"actors":{"i3d:camera:rotation":[{"dur":4,"p":{"x":-0.7854,"immediateRender":false}}]}}}},
[01:12:26.553] {"t":"narrative","f":"change_state","a":"////base-skycube:test_cube//"},
[01:12:26.936] "/payments:/i3d-simple:phong_head_sphere_kfb/i2d-scene:mf2d0/base-skycube:test_cube/ui-msgbg:/shot-anim:scope32",
[01:12:26.937] "////base-skycube:test_cube//",
[01:12:41.565] "/payments:/i3d-simple:phong_head_sphere_kfb/i2d-scene:mf2d0/base-skycube:test_cube/ui-msgbg:/shot-anim:scope34",
[01:12:41.566] "//////shot-anim:scope34",
[01:12:41.566] {"delta":{"timeline":{"p":{"paused":true,"repeat":0},"actors":{"i3d:camera:rotation":[{"dur":4,"p":{"y":0.7854,"immediateRender":false}}]}}}},
[01:12:41.554] {"t":"camera3d","f":"panflyTo","a":{"r":0.7854,"d":4}},
[01:12:56.554] {"t":"camera3d","f":"zoomflyBy","a":{"s":0.3,"d":4}},
[01:12:56.566] "/payments:/i3d-simple:phong_head_sphere_kfb/i2d-scene:mf2d0/base-skycube:test_cube/ui-msgbg:/shot-anim:scope35",
[01:12:56.566] "//////shot-anim:scope35",
[01:12:56.566] {"delta":{"timeline":{"p":{"paused":true,"repeat":0},"actors":{"i3d:csphere:scale":[{"dur":4,"p":{"x":0.3,"y":0.3,"z":0.3,"immediateRender":false}}]}}}},
[01:13:11.553] {"t":"camera3d","f":"center","a":{"d":3}},
[01:13:11.567] "/payments:/i3d-simple:phong_head_sphere_kfb/i2d-scene:mf2d0/base-skycube:test_cube/ui-msgbg:/shot-anim:scope36",
[01:13:11.567] "//////shot-anim:scope36",
[01:13:11.567] {"delta":{"timeline":{"p":{"paused":true,"repeat":0},"actors":{"i3d:camera:rotation":[{"dur":3,"p":{"x":0,"y":0,"z":0,"immediateRender":false}}],"i3d:csphere:position":[{"dur":3,"p":{"x":0,"y":0,"z":0,"immediateRender":false}}],"i3d:csphere:rotation":[{"dur":3,"p":{"x":0,"y":0,"z":0,"immediateRender":false}}],"i2d:plane":[{"dur":3,"p":{"x":0,"y":0,"immediateRender":false}}],"i2d:zoom_plane":[{"dur":3,"p":{"rotation":0,"svgOrigin":"0% 0%","immediateRender":false}}]}}}},
[01:13:26.554] {"t":"camera3d","f":"home","a":{"d":3}},
[01:13:26.574] "/payments:/i3d-simple:phong_head_sphere_kfb/i2d-scene:mf2d0/base-skycube:test_cube/ui-msgbg:/shot-anim:scope37",
[01:13:26.574] "//////shot-anim:scope37",
[01:13:26.574] {"delta":{"timeline":{"p":{"paused":true,"repeat":0},"actors":{"i3d:camera:rotation":[{"dur":3,"p":{"x":0,"y":0,"z":0,"immediateRender":false}}],"i3d:csphere:position":[{"dur":3,"p":{"x":0,"y":0,"z":0,"immediateRender":false}}],"i3d:csphere:scale":[{"dur":3,"p":{"x":1,"y":1,"z":1,"immediateRender":false}}],"i3d:csphere:rotation":[{"dur":3,"p":{"x":0,"y":0,"z":0,"immediateRender":false}}],"i2d:plane":[{"dur":3,"p":{"x":0,"y":0,"immediateRender":false}}],"i2d:zoom_plane":[{"dur":3,"p":{"rotation":0,"scale":1,"svgOrigin":"0% 0%","immediateRender":false}}]}}}},
