[18:36:38.923] {"t":"camera3d","f":"tiltflyTo","a":{"r":-0.7854,"d":3}},
[18:36:38.955] "/metaweb:/i3d-empty:/i2d-reflect:/empty:/ui-msgbg:/shot-anim:scope0",
[18:36:38.955] "//////shot-anim:scope0",
[18:36:38.956] {"delta":{"timeline":{"p":{"paused":true,"repeat":0},"actors":{"i3d:camera:rotation":[{"dur":3,"p":{"x":-0.7854,"immediateRender":false}}]}}}},
[18:36:53.923] {"t":"camera3d","f":"panflyTo","a":{"r":-0.7854,"d":3}},
[18:36:53.938] "/metaweb:/i3d-empty:/i2d-reflect:/empty:/ui-msgbg:/shot-anim:scope1",
[18:36:53.938] "//////shot-anim:scope1",
[18:36:53.939] {"delta":{"timeline":{"p":{"paused":true,"repeat":0},"actors":{"i3d:camera:rotation":[{"dur":3,"p":{"y":-0.7854,"immediateRender":false}}]}}}},
[18:37:08.921] {"t":"camera3d","f":"lookAt"},
[18:37:08.963] "//////shot-fixed:scope2",
[18:37:08.964] {"delta-t":"camera3d","f":"lookAt","a":{}},
[18:37:08.963] "/metaweb:/i3d-empty:/i2d-reflect:/empty:/ui-msgbg:/shot-fixed:scope2",
[18:37:18.922] {"t":"camera3d","f":"dollyflyTo","a":{"x":20,"y":0,"z":0,"d":3}},
[18:37:18.944] "/metaweb:/i3d-empty:/i2d-reflect:/empty:/ui-msgbg:/shot-anim:scope3",
[18:37:18.944] "//////shot-anim:scope3",
[18:37:18.945] {"delta":{"timeline":{"p":{"paused":true,"repeat":0},"actors":{"i3d:csphere:position":[{"dur":3,"p":{"x":20,"y":0,"z":0,"immediateRender":false}}]}}}},
[18:37:33.921] {"t":"camera3d","f":"zoomflyTo","a":{"s":0.5,"d":3}},
[18:37:33.935] "/metaweb:/i3d-empty:/i2d-reflect:/empty:/ui-msgbg:/shot-anim:scope4",
[18:37:33.935] "//////shot-anim:scope4",
[18:37:33.936] {"delta":{"timeline":{"p":{"paused":true,"repeat":0},"actors":{"i3d:csphere:scale":[{"dur":3,"p":{"x":0.5,"y":0.5,"z":0.5,"immediateRender":false}}]}}}},
[18:37:48.921] {"t":"camera3d","f":"zoomflyTo","a":{"s":2,"d":3}},
[18:37:48.967] "/metaweb:/i3d-empty:/i2d-reflect:/empty:/ui-msgbg:/shot-anim:scope5",
[18:37:48.968] "//////shot-anim:scope5",
[18:37:48.968] {"delta":{"timeline":{"p":{"paused":true,"repeat":0},"actors":{"i3d:csphere:scale":[{"dur":3,"p":{"x":2,"y":2,"z":2,"immediateRender":false}}]}}}},
[18:38:03.922] {"t":"camera3d","f":"dollyflyTo","a":{"x":20,"y":20,"z":-20,"d":3}},
[18:38:03.935] "/metaweb:/i3d-empty:/i2d-reflect:/empty:/ui-msgbg:/shot-anim:scope6",
[18:38:03.935] "//////shot-anim:scope6",
[18:38:03.936] {"delta":{"timeline":{"p":{"paused":true,"repeat":0},"actors":{"i3d:csphere:position":[{"dur":3,"p":{"x":20,"y":20,"z":-20,"immediateRender":false}}]}}}},
[18:38:13.923] {"t":"camera3d","f":"zoomflyTo","a":{"s":0.5,"d":3}},
[18:38:13.937] "/metaweb:/i3d-empty:/i2d-reflect:/empty:/ui-msgbg:/shot-anim:scope7",
[18:38:13.937] "//////shot-anim:scope7",
[18:38:13.937] {"delta":{"timeline":{"p":{"paused":true,"repeat":0},"actors":{"i3d:csphere:scale":[{"dur":3,"p":{"x":0.5,"y":0.5,"z":0.5,"immediateRender":false}}]}}}},
[18:38:28.926] {"t":"camera3d","f":"center","a":{"d":3}},
[18:38:28.938] "/metaweb:/i3d-empty:/i2d-reflect:/empty:/ui-msgbg:/shot-anim:scope8",
[18:38:28.938] "//////shot-anim:scope8",
[18:38:28.942] {"delta":{"timeline":{"p":{"paused":true,"repeat":0},"actors":{"i3d:camera:rotation":[{"dur":3,"p":{"x":0,"y":0,"z":0,"immediateRender":false}}],"i3d:csphere:position":[{"dur":3,"p":{"x":0,"y":0,"z":0,"immediateRender":false}}],"i3d:csphere:rotation":[{"dur":3,"p":{"x":0,"y":0,"z":0,"immediateRender":false}}],"i2d:plane":[{"dur":3,"p":{"x":0,"y":0,"immediateRender":false}}],"i2d:zoom_plane":[{"dur":3,"p":{"rotation":0,"svgOrigin":"0% 0%","immediateRender":false}}]}}}},
[18:38:38.928] {"t":"camera3d","f":"home","a":{"d":3}},
[18:38:38.944] "/metaweb:/i3d-empty:/i2d-reflect:/empty:/ui-msgbg:/shot-anim:scope9",
[18:38:38.945] "//////shot-anim:scope9",
[18:38:38.946] {"delta":{"timeline":{"p":{"paused":true,"repeat":0},"actors":{"i3d:camera:rotation":[{"dur":3,"p":{"x":0,"y":0,"z":0,"immediateRender":false}}],"i3d:csphere:position":[{"dur":3,"p":{"x":0,"y":0,"z":0,"immediateRender":false}}],"i3d:csphere:scale":[{"dur":3,"p":{"x":1,"y":1,"z":1,"immediateRender":false}}],"i3d:csphere:rotation":[{"dur":3,"p":{"x":0,"y":0,"z":0,"immediateRender":false}}],"i2d:plane":[{"dur":3,"p":{"x":0,"y":0,"immediateRender":false}}],"i2d:zoom_plane":[{"dur":3,"p":{"rotation":0,"scale":1,"svgOrigin":"0% 0%","immediateRender":false}}]}}}},
[18:38:53.928] {"t":"camera3d","f":"panflyBy","a":{"r":0.7854,"d":3}},
[18:38:53.961] "/metaweb:/i3d-empty:/i2d-reflect:/empty:/ui-msgbg:/shot-anim:scope10",
[18:38:53.961] "//////shot-anim:scope10",
[18:38:53.962] {"delta":{"timeline":{"p":{"paused":true,"repeat":0},"actors":{"i3d:camera:rotation":[{"dur":3,"p":{"y":0.7854,"immediateRender":false}}]}}}},
[18:39:03.929] {"t":"camera3d","f":"tiltflyBy","a":{"r":0.7854,"d":3}},
[18:39:03.956] "/metaweb:/i3d-empty:/i2d-reflect:/empty:/ui-msgbg:/shot-anim:scope11",
[18:39:03.957] "//////shot-anim:scope11",
[18:39:03.958] {"delta":{"timeline":{"p":{"paused":true,"repeat":0},"actors":{"i3d:camera:rotation":[{"dur":3,"p":{"x":0.7854,"immediateRender":false}}]}}}},
[18:39:18.928] {"t":"camera3d","f":"lookAt"},
[18:39:18.951] "/metaweb:/i3d-empty:/i2d-reflect:/empty:/ui-msgbg:/shot-fixed:scope12",
[18:39:18.951] "//////shot-fixed:scope12",
[18:39:18.951] {"delta-t":"camera3d","f":"lookAt","a":{}},
[18:39:28.929] {"t":"camera3d","f":"rollflyTo","a":{"r":-1.57,"d":4}},
[18:39:28.938] "/metaweb:/i3d-empty:/i2d-reflect:/empty:/ui-msgbg:/shot-anim:scope13",
[18:39:28.938] "//////shot-anim:scope13",
[18:39:28.938] {"delta":{"timeline":{"p":{"paused":true,"repeat":0},"actors":{"i3d:camera:rotation":[{"dur":4,"p":{"z":-1.57,"immediateRender":false}}]}}}},
[18:39:38.930] {"t":"camera3d","f":"rollflyBy","a":{"r":0.3927,"d":4}},
[18:39:38.946] "/metaweb:/i3d-empty:/i2d-reflect:/empty:/ui-msgbg:/shot-anim:scope14",
[18:39:38.946] "//////shot-anim:scope14",
[18:39:38.946] {"delta":{"timeline":{"p":{"paused":true,"repeat":0},"actors":{"i3d:camera:rotation":[{"dur":4,"p":{"z":-1.1773,"immediateRender":false}}]}}}},
[18:39:53.931] {"t":"camera3d","f":"rollflyBy","a":{"r":0.3927,"d":4}},
[18:39:53.944] "/metaweb:/i3d-empty:/i2d-reflect:/empty:/ui-msgbg:/shot-anim:scope15",
[18:39:53.944] "//////shot-anim:scope15",
[18:39:53.947] {"delta":{"timeline":{"p":{"paused":true,"repeat":0},"actors":{"i3d:camera:rotation":[{"dur":4,"p":{"z":-0.7846,"immediateRender":false}}]}}}},
[18:40:08.932] {"t":"camera3d","f":"center","a":{"d":3}},
[18:40:08.948] "/metaweb:/i3d-empty:/i2d-reflect:/empty:/ui-msgbg:/shot-anim:scope16",
[18:40:08.949] "//////shot-anim:scope16",
[18:40:08.950] {"delta":{"timeline":{"p":{"paused":true,"repeat":0},"actors":{"i3d:camera:rotation":[{"dur":3,"p":{"x":0,"y":0,"z":0,"immediateRender":false}}],"i3d:csphere:position":[{"dur":3,"p":{"x":0,"y":0,"z":0,"immediateRender":false}}],"i3d:csphere:rotation":[{"dur":3,"p":{"x":0,"y":0,"z":0,"immediateRender":false}}],"i2d:plane":[{"dur":3,"p":{"x":0,"y":0,"immediateRender":false}}],"i2d:zoom_plane":[{"dur":3,"p":{"rotation":0,"svgOrigin":"0% 0%","immediateRender":false}}]}}}},
[18:40:18.933] {"t":"camera3d","f":"yawflyTo","a":{"r":1.57,"d":3}},
[18:40:18.944] "/metaweb:/i3d-empty:/i2d-reflect:/empty:/ui-msgbg:/shot-anim:scope17",
[18:40:18.944] "//////shot-anim:scope17",
[18:40:18.944] {"delta":{"timeline":{"p":{"paused":true,"repeat":0},"actors":{"i3d:csphere:rotation":[{"dur":3,"p":{"y":1.57,"immediateRender":false}}]}}}},
[18:40:28.932] {"t":"camera3d","f":"yawflyBy","a":{"r":-0.7854,"d":3}},
[18:40:28.946] "/metaweb:/i3d-empty:/i2d-reflect:/empty:/ui-msgbg:/shot-anim:scope18",
[18:40:28.946] "//////shot-anim:scope18",
[18:40:28.946] {"delta":{"timeline":{"p":{"paused":true,"repeat":0},"actors":{"i3d:csphere:rotation":[{"dur":3,"p":{"y":0.7846000000000001,"immediateRender":false}}]}}}},
[18:40:43.933] {"t":"camera3d","f":"yawflyBy","a":{"r":-0.7854,"d":3}},
[18:40:43.946] "/metaweb:/i3d-empty:/i2d-reflect:/empty:/ui-msgbg:/shot-anim:scope19",
[18:40:43.946] "//////shot-anim:scope19",
[18:40:43.947] {"delta":{"timeline":{"p":{"paused":true,"repeat":0},"actors":{"i3d:csphere:rotation":[{"dur":3,"p":{"y":-0.0007999999999999119,"immediateRender":false}}]}}}},
[18:40:53.934] {"t":"camera3d","f":"pitchflyTo","a":{"r":-1.57,"d":3}},
[18:40:53.948] "/metaweb:/i3d-empty:/i2d-reflect:/empty:/ui-msgbg:/shot-anim:scope20",
[18:40:53.950] {"delta":{"timeline":{"p":{"paused":true,"repeat":0},"actors":{"i3d:csphere:rotation":[{"dur":3,"p":{"x":-1.57,"immediateRender":false}}]}}}},
[18:40:53.949] "//////shot-anim:scope20",
[18:41:08.934] {"t":"camera3d","f":"pitchflyBy","a":{"r":0.7854,"d":3}},
[18:41:08.947] "/metaweb:/i3d-empty:/i2d-reflect:/empty:/ui-msgbg:/shot-anim:scope21",
[18:41:08.947] "//////shot-anim:scope21",
[18:41:08.948] {"delta":{"timeline":{"p":{"paused":true,"repeat":0},"actors":{"i3d:csphere:rotation":[{"dur":3,"p":{"x":-0.7846000000000001,"immediateRender":false}}]}}}},
[18:41:18.934] {"t":"camera3d","f":"pitchflyBy","a":{"r":0.7854,"d":3}},
[18:41:18.966] "/metaweb:/i3d-empty:/i2d-reflect:/empty:/ui-msgbg:/shot-anim:scope22",
[18:41:18.966] "//////shot-anim:scope22",
[18:41:18.967] {"delta":{"timeline":{"p":{"paused":true,"repeat":0},"actors":{"i3d:csphere:rotation":[{"dur":3,"p":{"x":0.0007999999999999119,"immediateRender":false}}]}}}},
[18:41:28.935] {"t":"camera3d","f":"dollyflyTo","a":{"x":20,"y":-20,"z":-30,"d":3}},
[18:41:28.960] "/metaweb:/i3d-empty:/i2d-reflect:/empty:/ui-msgbg:/shot-anim:scope23",
[18:41:28.961] "//////shot-anim:scope23",
[18:41:28.966] {"delta":{"timeline":{"p":{"paused":true,"repeat":0},"actors":{"i3d:csphere:position":[{"dur":3,"p":{"x":20,"y":-20,"z":-30,"immediateRender":false}}]}}}},
[18:41:43.935] {"t":"camera3d","f":"dollyflyTo","a":{"x":0,"y":0,"z":30,"d":6}},
[18:41:43.963] "/metaweb:/i3d-empty:/i2d-reflect:/empty:/ui-msgbg:/shot-anim:scope24",
[18:41:43.965] {"delta":{"timeline":{"p":{"paused":true,"repeat":0},"actors":{"i3d:csphere:position":[{"dur":6,"p":{"x":20,"y":-20,"z":30,"immediateRender":false}}]}}}},
[18:41:43.964] "//////shot-anim:scope24",
[18:41:53.935] {"t":"camera3d","f":"tiltflyBy","a":{"r":0.7854,"d":3}},
[18:41:53.946] "/metaweb:/i3d-empty:/i2d-reflect:/empty:/ui-msgbg:/shot-anim:scope25",
[18:41:53.946] "//////shot-anim:scope25",
[18:41:53.947] {"delta":{"timeline":{"p":{"paused":true,"repeat":0},"actors":{"i3d:camera:rotation":[{"dur":3,"p":{"x":0.7854,"immediateRender":false}}]}}}},
[18:42:08.938] {"t":"camera3d","f":"zoomflyTo","a":{"s":2,"d":3}},
[18:42:08.951] "/metaweb:/i3d-empty:/i2d-reflect:/empty:/ui-msgbg:/shot-anim:scope26",
[18:42:08.951] "//////shot-anim:scope26",
[18:42:08.953] {"delta":{"timeline":{"p":{"paused":true,"repeat":0},"actors":{"i3d:csphere:scale":[{"dur":3,"p":{"x":2,"y":2,"z":2,"immediateRender":false}}]}}}},
[18:42:18.938] {"t":"camera3d","f":"home","a":{"d":3}},
[18:42:18.952] "/metaweb:/i3d-empty:/i2d-reflect:/empty:/ui-msgbg:/shot-anim:scope27",
[18:42:18.952] "//////shot-anim:scope27",
[18:42:18.953] {"delta":{"timeline":{"p":{"paused":true,"repeat":0},"actors":{"i3d:camera:rotation":[{"dur":3,"p":{"x":0,"y":0,"z":0,"immediateRender":false}}],"i3d:csphere:position":[{"dur":3,"p":{"x":0,"y":0,"z":0,"immediateRender":false}}],"i3d:csphere:scale":[{"dur":3,"p":{"x":1,"y":1,"z":1,"immediateRender":false}}],"i3d:csphere:rotation":[{"dur":3,"p":{"x":0,"y":0,"z":0,"immediateRender":false}}],"i2d:plane":[{"dur":3,"p":{"x":0,"y":0,"immediateRender":false}}],"i2d:zoom_plane":[{"dur":3,"p":{"rotation":0,"scale":1,"svgOrigin":"0% 0%","immediateRender":false}}]}}}},
[18:42:33.939] {"t":"narrative","f":"change_scene","a":"payments"},
[18:42:34.338] "/payments:/i3d-simple:phong_head_sphere_kfb/i2d-empty:/black:/ui-msgbg:/shot-fixed:",
[18:42:34.339] "/payments:/i3d-simple:phong_head_sphere_kfb/i2d-empty:/black://shot-fixed:",
[18:42:34.339] {},
[18:42:43.939] {"t":"narrative","f":"change_state","a":"///i2d-scene:mf2d0///"},
[18:42:44.041] "/payments:/i3d-simple:phong_head_sphere_kfb/i2d-scene:mf2d0/black:/ui-msgbg:/shot-fixed:",
[18:42:44.041] "///i2d-scene:mf2d0///",
[18:42:44.041] {},
[18:42:58.939] {"t":"narrative","f":"change_state","a":"////videocam://"},
[18:42:59.046] "/payments:/i3d-simple:phong_head_sphere_kfb/i2d-scene:mf2d0/videocam:/ui-msgbg:/shot-fixed:",
[18:42:59.047] "////videocam://",
[18:42:59.047] {},
[18:43:08.953] {"t":"camera3d","f":"panflyBy","a":{"r":-0.7854,"d":4}},
[18:43:08.976] "/payments:/i3d-simple:phong_head_sphere_kfb/i2d-scene:mf2d0/videocam:/ui-msgbg:/shot-anim:scope31",
[18:43:08.976] "//////shot-anim:scope31",
[18:43:08.977] {"delta":{"timeline":{"p":{"paused":true,"repeat":0},"actors":{"i3d:camera:rotation":[{"dur":4,"p":{"y":-0.7854,"immediateRender":false}}]}}}},
[18:43:23.940] {"t":"camera3d","f":"tiltflyBy","a":{"r":-0.7854,"d":4}},
[18:43:23.973] "//////shot-anim:scope32",
[18:43:23.974] {"delta":{"timeline":{"p":{"paused":true,"repeat":0},"actors":{"i3d:camera:rotation":[{"dur":4,"p":{"x":-0.7854,"immediateRender":false}}]}}}},
[18:43:23.973] "/payments:/i3d-simple:phong_head_sphere_kfb/i2d-scene:mf2d0/videocam:/ui-msgbg:/shot-anim:scope32",
[18:43:33.955] {"t":"narrative","f":"change_state","a":"////base-skycube:test_cube//"},
[18:43:34.093] "/payments:/i3d-simple:phong_head_sphere_kfb/i2d-scene:mf2d0/base-skycube:test_cube/ui-msgbg:/shot-anim:scope32",
[18:43:34.093] "////base-skycube:test_cube//",
[18:43:48.974] {"t":"camera3d","f":"panflyTo","a":{"r":0.7854,"d":4}},
[18:43:48.975] "/payments:/i3d-simple:phong_head_sphere_kfb/i2d-scene:mf2d0/base-skycube:test_cube/ui-msgbg:/shot-anim:scope34",
[18:43:48.975] "//////shot-anim:scope34",
[18:43:48.976] "e2e_spec[33] shot test failed: result:{\"delta\":{\"timeline\":{\"p\":{\"paused\":true,\"repeat\":0},\"actors\":{\"i3d:camera:rotation\":[{\"dur\":4,\"p\":{\"y\":0.7854,\"immediateRender\":false}}]}}}} !== expected:{}",
[18:43:48.976] {"delta":{"timeline":{"p":{"paused":true,"repeat":0},"actors":{"i3d:camera:rotation":[{"dur":4,"p":{"y":0.7854,"immediateRender":false}}]}}}},
[18:43:58.958] {"t":"camera3d","f":"zoomflyBy","a":{"s":0.3,"d":4}},
[18:43:58.995] "/payments:/i3d-simple:phong_head_sphere_kfb/i2d-scene:mf2d0/base-skycube:test_cube/ui-msgbg:/shot-anim:scope35",
[18:43:58.996] "//////shot-anim:scope35",
[18:43:58.996] "e2e_spec[34] shot test failed: result:{\"delta\":{\"timeline\":{\"p\":{\"paused\":true,\"repeat\":0},\"actors\":{\"i3d:csphere:scale\":[{\"dur\":4,\"p\":{\"x\":0.3,\"y\":0.3,\"z\":0.3,\"immediateRender\":false}}]}}}} !== expected:{\"delta\":{\"timeline\":{\"p\":{\"paused\":true,\"repeat\":0},\"actors\":{\"i3d:camera:rotation\":[{\"dur\":4,\"p\":{\"y\":0.7854,\"immediateRender\":false}}]}}}}",
[18:43:58.997] {"delta":{"timeline":{"p":{"paused":true,"repeat":0},"actors":{"i3d:csphere:scale":[{"dur":4,"p":{"x":0.3,"y":0.3,"z":0.3,"immediateRender":false}}]}}}},
[18:44:13.958] {"t":"camera3d","f":"center","a":{"d":3}},
[18:44:13.979] "/payments:/i3d-simple:phong_head_sphere_kfb/i2d-scene:mf2d0/base-skycube:test_cube/ui-msgbg:/shot-anim:scope36",
[18:44:13.979] "//////shot-anim:scope36",
[18:44:13.980] "e2e_spec[35] shot test failed: result:{\"delta\":{\"timeline\":{\"p\":{\"paused\":true,\"repeat\":0},\"actors\":{\"i3d:camera:rotation\":[{\"dur\":3,\"p\":{\"x\":0,\"y\":0,\"z\":0,\"immediateRender\":false}}],\"i3d:csphere:position\":[{\"dur\":3,\"p\":{\"x\":0,\"y\":0,\"z\":0,\"immediateRender\":false}}],\"i3d:csphere:rotation\":[{\"dur\":3,\"p\":{\"x\":0,\"y\":0,\"z\":0,\"immediateRender\":false}}],\"i2d:plane\":[{\"dur\":3,\"p\":{\"x\":0,\"y\":0,\"immediateRender\":false}}],\"i2d:zoom_plane\":[{\"dur\":3,\"p\":{\"rotation\":0,\"svgOrigin\":\"0% 0%\",\"immediateRender\":false}}]}}}} !== expected:{\"delta\":{\"timeline\":{\"p\":{\"paused\":true,\"repeat\":0},\"actors\":{\"i3d:csphere:scale\":[{\"dur\":4,\"p\":{\"x\":0.3,\"y\":0.3,\"z\":0.3,\"immediateRender\":false}}]}}}}",
[18:44:13.980] {"delta":{"timeline":{"p":{"paused":true,"repeat":0},"actors":{"i3d:camera:rotation":[{"dur":3,"p":{"x":0,"y":0,"z":0,"immediateRender":false}}],"i3d:csphere:position":[{"dur":3,"p":{"x":0,"y":0,"z":0,"immediateRender":false}}],"i3d:csphere:rotation":[{"dur":3,"p":{"x":0,"y":0,"z":0,"immediateRender":false}}],"i2d:plane":[{"dur":3,"p":{"x":0,"y":0,"immediateRender":false}}],"i2d:zoom_plane":[{"dur":3,"p":{"rotation":0,"svgOrigin":"0% 0%","immediateRender":false}}]}}}},
[18:44:28.958] {"t":"camera3d","f":"home","a":{"d":3}},
[18:44:29.013] "/payments:/i3d-simple:phong_head_sphere_kfb/i2d-scene:mf2d0/base-skycube:test_cube/ui-msgbg:/shot-anim:scope37",
[18:44:29.013] "//////shot-anim:scope37",
[18:44:29.015] "*** e2e urls test: 38 tests  0 failures ***",
[18:44:29.016] "e2e_spec[36] shot test failed: result:{\"delta\":{\"timeline\":{\"p\":{\"paused\":true,\"repeat\":0},\"actors\":{\"i3d:camera:rotation\":[{\"dur\":3,\"p\":{\"x\":0,\"y\":0,\"z\":0,\"immediateRender\":false}}],\"i3d:csphere:position\":[{\"dur\":3,\"p\":{\"x\":0,\"y\":0,\"z\":0,\"immediateRender\":false}}],\"i3d:csphere:scale\":[{\"dur\":3,\"p\":{\"x\":1,\"y\":1,\"z\":1,\"immediateRender\":false}}],\"i3d:csphere:rotation\":[{\"dur\":3,\"p\":{\"x\":0,\"y\":0,\"z\":0,\"immediateRender\":false}}],\"i2d:plane\":[{\"dur\":3,\"p\":{\"x\":0,\"y\":0,\"immediateRender\":false}}],\"i2d:zoom_plane\":[{\"dur\":3,\"p\":{\"rotation\":0,\"scale\":1,\"svgOrigin\":\"0% 0%\",\"immediateRender\":false}}]}}}} !== expected:{\"delta\":{\"timeline\":{\"p\":{\"paused\":true,\"repeat\":0},\"actors\":{\"i3d:camera:rotation\":[{\"dur\":3,\"p\":{\"x\":0,\"y\":0,\"z\":0,\"immediateRender\":false}}],\"i3d:csphere:position\":[{\"dur\":3,\"p\":{\"x\":0,\"y\":0,\"z\":0,\"immediateRender\":false}}],\"i3d:csphere:rotation\":[{\"dur\":3,\"p\":{\"x\":0,\"y\":0,\"z\":0,\"immediateRender\":false}}],\"i2d:plane\":[{\"dur\":3,\"p\":{\"x\":0,\"y\":0,\"immediateRender\":false}}],\"i2d:zoom_plane\":[{\"dur\":3,\"p\":{\"rotation\":0,\"svgOrigin\":\"0% 0%\",\"immediateRender\":false}}]}}}}",
[18:44:29.016] {"delta":{"timeline":{"p":{"paused":true,"repeat":0},"actors":{"i3d:camera:rotation":[{"dur":3,"p":{"x":0,"y":0,"z":0,"immediateRender":false}}],"i3d:csphere:position":[{"dur":3,"p":{"x":0,"y":0,"z":0,"immediateRender":false}}],"i3d:csphere:scale":[{"dur":3,"p":{"x":1,"y":1,"z":1,"immediateRender":false}}],"i3d:csphere:rotation":[{"dur":3,"p":{"x":0,"y":0,"z":0,"immediateRender":false}}],"i2d:plane":[{"dur":3,"p":{"x":0,"y":0,"immediateRender":false}}],"i2d:zoom_plane":[{"dur":3,"p":{"rotation":0,"scale":1,"svgOrigin":"0% 0%","immediateRender":false}}]}}}},
