[19:36:02.689] {"t":"camera3d","f":"tiltflyTo","a":{"r":-0.7854,"d":3}},
[19:36:02.724] "/metaweb:/i3d-empty:/i2d-reflect:/empty:/ui-msgbg:/shot-anim:scope0",
[19:36:02.724] "//////shot-anim:scope0",
[19:36:02.725] {"delta":{"timeline":{"p":{"paused":true,"repeat":0},"actors":{"i3d:camera:rotation":[{"dur":3,"p":{"x":-0.7854,"immediateRender":false}}]}}}},
[19:36:12.686] {"t":"camera3d","f":"panflyTo","a":{"r":-0.7854,"d":3}},
[19:36:12.718] "/metaweb:/i3d-empty:/i2d-reflect:/empty:/ui-msgbg:/shot-anim:scope1",
[19:36:12.718] "//////shot-anim:scope1",
[19:36:12.719] {"delta":{"timeline":{"p":{"paused":true,"repeat":0},"actors":{"i3d:camera:rotation":[{"dur":3,"p":{"y":-0.7854,"immediateRender":false}}]}}}},
[19:36:22.687] {"t":"camera3d","f":"lookAt"},
[19:36:22.715] "/metaweb:/i3d-empty:/i2d-reflect:/empty:/ui-msgbg:/shot-fixed:scope2",
[19:36:22.718] "//////shot-fixed:scope2",
[19:36:22.718] {"delta-t":"camera3d","f":"lookAt","a":{}},
[19:36:37.691] {"t":"camera3d","f":"dollyflyTo","a":{"x":20,"y":0,"z":0,"d":3}},
[19:36:37.731] "/metaweb:/i3d-empty:/i2d-reflect:/empty:/ui-msgbg:/shot-anim:scope3",
[19:36:37.731] "//////shot-anim:scope3",
[19:36:37.732] {"delta":{"timeline":{"p":{"paused":true,"repeat":0},"actors":{"i3d:csphere:position":[{"dur":3,"p":{"x":20,"y":0,"z":0,"immediateRender":false}}]}}}},
[19:36:52.689] {"t":"camera3d","f":"zoomflyTo","a":{"s":0.5,"d":3}},
[19:36:52.737] "/metaweb:/i3d-empty:/i2d-reflect:/empty:/ui-msgbg:/shot-anim:scope4",
[19:36:52.737] "//////shot-anim:scope4",
[19:36:52.737] {"delta":{"timeline":{"p":{"paused":true,"repeat":0},"actors":{"i3d:csphere:scale":[{"dur":3,"p":{"x":0.5,"y":0.5,"z":0.5,"immediateRender":false}}]}}}},
[19:37:02.689] {"t":"camera3d","f":"zoomflyTo","a":{"s":2,"d":3}},
[19:37:02.724] "/metaweb:/i3d-empty:/i2d-reflect:/empty:/ui-msgbg:/shot-anim:scope5",
[19:37:02.725] "//////shot-anim:scope5",
[19:37:02.732] {"delta":{"timeline":{"p":{"paused":true,"repeat":0},"actors":{"i3d:csphere:scale":[{"dur":3,"p":{"x":2,"y":2,"z":2,"immediateRender":false}}]}}}},
[19:37:12.689] {"t":"camera3d","f":"dollyflyTo","a":{"x":20,"y":20,"z":-20,"d":3}},
[19:37:12.718] "/metaweb:/i3d-empty:/i2d-reflect:/empty:/ui-msgbg:/shot-anim:scope6",
[19:37:12.721] "//////shot-anim:scope6",
[19:37:12.722] {"delta":{"timeline":{"p":{"paused":true,"repeat":0},"actors":{"i3d:csphere:position":[{"dur":3,"p":{"x":20,"y":20,"z":-20,"immediateRender":false}}]}}}},
[19:37:27.691] {"t":"camera3d","f":"zoomflyTo","a":{"s":0.5,"d":3}},
[19:37:27.736] "/metaweb:/i3d-empty:/i2d-reflect:/empty:/ui-msgbg:/shot-anim:scope7",
[19:37:27.736] "//////shot-anim:scope7",
[19:37:27.737] {"delta":{"timeline":{"p":{"paused":true,"repeat":0},"actors":{"i3d:csphere:scale":[{"dur":3,"p":{"x":0.5,"y":0.5,"z":0.5,"immediateRender":false}}]}}}},
[19:37:42.693] {"t":"camera3d","f":"center","a":{"d":3}},
[19:37:42.705] "/metaweb:/i3d-empty:/i2d-reflect:/empty:/ui-msgbg:/shot-anim:scope8",
[19:37:42.706] "//////shot-anim:scope8",
[19:37:42.707] {"delta":{"timeline":{"p":{"paused":true,"repeat":0},"actors":{"i3d:camera:rotation":[{"dur":3,"p":{"x":0,"y":0,"z":0,"immediateRender":false}}],"i3d:csphere:position":[{"dur":3,"p":{"x":0,"y":0,"z":0,"immediateRender":false}}],"i3d:csphere:rotation":[{"dur":3,"p":{"x":0,"y":0,"z":0,"immediateRender":false}}],"i2d:plane":[{"dur":3,"p":{"x":0,"y":0,"immediateRender":false}}],"i2d:zoom_plane":[{"dur":3,"p":{"rotation":0,"svgOrigin":"0% 0%","immediateRender":false}}]}}}},
[19:37:52.692] {"t":"camera3d","f":"home","a":{"d":3}},
[19:37:52.719] "/metaweb:/i3d-empty:/i2d-reflect:/empty:/ui-msgbg:/shot-anim:scope9",
[19:37:52.722] {"delta":{"timeline":{"p":{"paused":true,"repeat":0},"actors":{"i3d:camera:rotation":[{"dur":3,"p":{"x":0,"y":0,"z":0,"immediateRender":false}}],"i3d:csphere:position":[{"dur":3,"p":{"x":0,"y":0,"z":0,"immediateRender":false}}],"i3d:csphere:scale":[{"dur":3,"p":{"x":1,"y":1,"z":1,"immediateRender":false}}],"i3d:csphere:rotation":[{"dur":3,"p":{"x":0,"y":0,"z":0,"immediateRender":false}}],"i2d:plane":[{"dur":3,"p":{"x":0,"y":0,"immediateRender":false}}],"i2d:zoom_plane":[{"dur":3,"p":{"rotation":0,"scale":1,"svgOrigin":"0% 0%","immediateRender":false}}]}}}},
[19:37:52.720] "//////shot-anim:scope9",
[19:38:02.693] {"t":"camera3d","f":"panflyBy","a":{"r":0.7854,"d":3}},
[19:38:02.732] "/metaweb:/i3d-empty:/i2d-reflect:/empty:/ui-msgbg:/shot-anim:scope10",
[19:38:02.732] "//////shot-anim:scope10",
[19:38:02.732] {"delta":{"timeline":{"p":{"paused":true,"repeat":0},"actors":{"i3d:camera:rotation":[{"dur":3,"p":{"y":0.7854,"immediateRender":false}}]}}}},
[19:38:12.694] {"t":"camera3d","f":"tiltflyBy","a":{"r":0.7854,"d":3}},
[19:38:12.704] "/metaweb:/i3d-empty:/i2d-reflect:/empty:/ui-msgbg:/shot-anim:scope11",
[19:38:12.705] "//////shot-anim:scope11",
[19:38:12.706] {"delta":{"timeline":{"p":{"paused":true,"repeat":0},"actors":{"i3d:camera:rotation":[{"dur":3,"p":{"x":0.7854,"immediateRender":false}}]}}}},
[19:38:27.694] {"t":"camera3d","f":"lookAt"},
[19:38:27.722] "/metaweb:/i3d-empty:/i2d-reflect:/empty:/ui-msgbg:/shot-fixed:scope12",
[19:38:27.723] {"delta-t":"camera3d","f":"lookAt","a":{}},
[19:38:27.723] "//////shot-fixed:scope12",
[19:38:42.694] {"t":"camera3d","f":"rollflyTo","a":{"r":-1.57,"d":4}},
[19:38:42.712] "/metaweb:/i3d-empty:/i2d-reflect:/empty:/ui-msgbg:/shot-anim:scope13",
[19:38:42.714] "//////shot-anim:scope13",
[19:38:42.714] {"delta":{"timeline":{"p":{"paused":true,"repeat":0},"actors":{"i3d:camera:rotation":[{"dur":4,"p":{"z":-1.57,"immediateRender":false}}]}}}},
[19:38:52.693] {"t":"camera3d","f":"rollflyBy","a":{"r":0.3927,"d":4}},
[19:38:52.712] "/metaweb:/i3d-empty:/i2d-reflect:/empty:/ui-msgbg:/shot-anim:scope14",
[19:38:52.712] "//////shot-anim:scope14",
[19:38:52.713] {"delta":{"timeline":{"p":{"paused":true,"repeat":0},"actors":{"i3d:camera:rotation":[{"dur":4,"p":{"z":-1.1773,"immediateRender":false}}]}}}},
[19:39:02.695] {"t":"camera3d","f":"rollflyBy","a":{"r":0.3927,"d":4}},
[19:39:02.709] "/metaweb:/i3d-empty:/i2d-reflect:/empty:/ui-msgbg:/shot-anim:scope15",
[19:39:02.711] "//////shot-anim:scope15",
[19:39:02.712] {"delta":{"timeline":{"p":{"paused":true,"repeat":0},"actors":{"i3d:camera:rotation":[{"dur":4,"p":{"z":-0.7846,"immediateRender":false}}]}}}},
[19:39:17.695] {"t":"camera3d","f":"center","a":{"d":3}},
[19:39:17.724] "/metaweb:/i3d-empty:/i2d-reflect:/empty:/ui-msgbg:/shot-anim:scope16",
[19:39:17.724] "//////shot-anim:scope16",
[19:39:17.726] {"delta":{"timeline":{"p":{"paused":true,"repeat":0},"actors":{"i3d:camera:rotation":[{"dur":3,"p":{"x":0,"y":0,"z":0,"immediateRender":false}}],"i3d:csphere:position":[{"dur":3,"p":{"x":0,"y":0,"z":0,"immediateRender":false}}],"i3d:csphere:rotation":[{"dur":3,"p":{"x":0,"y":0,"z":0,"immediateRender":false}}],"i2d:plane":[{"dur":3,"p":{"x":0,"y":0,"immediateRender":false}}],"i2d:zoom_plane":[{"dur":3,"p":{"rotation":0,"svgOrigin":"0% 0%","immediateRender":false}}]}}}},
[19:39:27.695] {"t":"camera3d","f":"yawflyTo","a":{"r":1.57,"d":3}},
[19:39:27.720] "/metaweb:/i3d-empty:/i2d-reflect:/empty:/ui-msgbg:/shot-anim:scope17",
[19:39:27.721] "//////shot-anim:scope17",
[19:39:27.721] {"delta":{"timeline":{"p":{"paused":true,"repeat":0},"actors":{"i3d:csphere:rotation":[{"dur":3,"p":{"y":1.57,"immediateRender":false}}]}}}},
[19:39:37.695] {"t":"camera3d","f":"yawflyBy","a":{"r":-0.7854,"d":3}},
[19:39:37.717] "/metaweb:/i3d-empty:/i2d-reflect:/empty:/ui-msgbg:/shot-anim:scope18",
[19:39:37.717] "//////shot-anim:scope18",
[19:39:37.718] {"delta":{"timeline":{"p":{"paused":true,"repeat":0},"actors":{"i3d:csphere:rotation":[{"dur":3,"p":{"y":0.7846000000000001,"immediateRender":false}}]}}}},
[19:39:52.699] {"t":"camera3d","f":"yawflyBy","a":{"r":-0.7854,"d":3}},
[19:39:52.726] "/metaweb:/i3d-empty:/i2d-reflect:/empty:/ui-msgbg:/shot-anim:scope19",
[19:39:52.727] "//////shot-anim:scope19",
[19:39:52.729] {"delta":{"timeline":{"p":{"paused":true,"repeat":0},"actors":{"i3d:csphere:rotation":[{"dur":3,"p":{"y":-0.0007999999999999119,"immediateRender":false}}]}}}},
[19:40:02.697] {"t":"camera3d","f":"pitchflyTo","a":{"r":-1.57,"d":3}},
[19:40:02.719] {"delta":{"timeline":{"p":{"paused":true,"repeat":0},"actors":{"i3d:csphere:rotation":[{"dur":3,"p":{"x":-1.57,"immediateRender":false}}]}}}},
[19:40:02.718] "//////shot-anim:scope20",
[19:40:02.715] "/metaweb:/i3d-empty:/i2d-reflect:/empty:/ui-msgbg:/shot-anim:scope20",
[19:40:17.697] {"t":"camera3d","f":"pitchflyBy","a":{"r":0.7854,"d":3}},
[19:40:17.721] "/metaweb:/i3d-empty:/i2d-reflect:/empty:/ui-msgbg:/shot-anim:scope21",
[19:40:17.722] "//////shot-anim:scope21",
[19:40:17.722] {"delta":{"timeline":{"p":{"paused":true,"repeat":0},"actors":{"i3d:csphere:rotation":[{"dur":3,"p":{"x":-0.7846000000000001,"immediateRender":false}}]}}}},
[19:40:27.703] {"t":"camera3d","f":"pitchflyBy","a":{"r":0.7854,"d":3}},
[19:40:27.733] "/metaweb:/i3d-empty:/i2d-reflect:/empty:/ui-msgbg:/shot-anim:scope22",
[19:40:27.734] "//////shot-anim:scope22",
[19:40:27.735] {"delta":{"timeline":{"p":{"paused":true,"repeat":0},"actors":{"i3d:csphere:rotation":[{"dur":3,"p":{"x":0.0007999999999999119,"immediateRender":false}}]}}}},
[19:40:37.706] {"t":"camera3d","f":"dollyflyTo","a":{"x":20,"y":-20,"z":-30,"d":3}},
[19:40:37.710] "/metaweb:/i3d-empty:/i2d-reflect:/empty:/ui-msgbg:/shot-anim:scope23",
[19:40:37.725] "//////shot-anim:scope23",
[19:40:37.726] {"delta":{"timeline":{"p":{"paused":true,"repeat":0},"actors":{"i3d:csphere:position":[{"dur":3,"p":{"x":20,"y":-20,"z":-30,"immediateRender":false}}]}}}},
[19:40:52.700] {"t":"camera3d","f":"dollyflyTo","a":{"x":0,"y":0,"z":30,"d":6}},
[19:40:52.710] "/metaweb:/i3d-empty:/i2d-reflect:/empty:/ui-msgbg:/shot-anim:scope24",
[19:40:52.712] "//////shot-anim:scope24",
[19:40:52.713] {"delta":{"timeline":{"p":{"paused":true,"repeat":0},"actors":{"i3d:csphere:position":[{"dur":6,"p":{"x":20,"y":-20,"z":30,"immediateRender":false}}]}}}},
[19:41:07.703] {"t":"camera3d","f":"tiltflyBy","a":{"r":0.7854,"d":3}},
[19:41:07.709] "/metaweb:/i3d-empty:/i2d-reflect:/empty:/ui-msgbg:/shot-anim:scope25",
[19:41:07.711] "//////shot-anim:scope25",
[19:41:07.712] {"delta":{"timeline":{"p":{"paused":true,"repeat":0},"actors":{"i3d:camera:rotation":[{"dur":3,"p":{"x":0.7854,"immediateRender":false}}]}}}},
[19:41:17.701] {"t":"camera3d","f":"zoomflyTo","a":{"s":2,"d":3}},
[19:41:17.721] "/metaweb:/i3d-empty:/i2d-reflect:/empty:/ui-msgbg:/shot-anim:scope26",
[19:41:17.726] {"delta":{"timeline":{"p":{"paused":true,"repeat":0},"actors":{"i3d:csphere:scale":[{"dur":3,"p":{"x":2,"y":2,"z":2,"immediateRender":false}}]}}}},
[19:41:17.725] "//////shot-anim:scope26",
[19:41:32.702] {"t":"camera3d","f":"home","a":{"d":3}},
[19:41:32.736] "/metaweb:/i3d-empty:/i2d-reflect:/empty:/ui-msgbg:/shot-anim:scope27",
[19:41:32.736] "//////shot-anim:scope27",
[19:41:32.737] {"delta":{"timeline":{"p":{"paused":true,"repeat":0},"actors":{"i3d:camera:rotation":[{"dur":3,"p":{"x":0,"y":0,"z":0,"immediateRender":false}}],"i3d:csphere:position":[{"dur":3,"p":{"x":0,"y":0,"z":0,"immediateRender":false}}],"i3d:csphere:scale":[{"dur":3,"p":{"x":1,"y":1,"z":1,"immediateRender":false}}],"i3d:csphere:rotation":[{"dur":3,"p":{"x":0,"y":0,"z":0,"immediateRender":false}}],"i2d:plane":[{"dur":3,"p":{"x":0,"y":0,"immediateRender":false}}],"i2d:zoom_plane":[{"dur":3,"p":{"rotation":0,"scale":1,"svgOrigin":"0% 0%","immediateRender":false}}]}}}},
[19:41:42.703] {"t":"narrative","f":"change_scene","a":"payments"},
[19:41:43.227] "/payments:/i3d-simple:phong_head_sphere_kfb/i2d-empty:/black:/ui-msgbg:/shot-fixed:",
[19:41:43.227] "/payments:/i3d-simple:phong_head_sphere_kfb/i2d-empty:/black://shot-fixed:",
[19:41:43.228] {},
[19:41:57.707] {"t":"narrative","f":"change_state","a":"///i2d-scene:mf2d0///"},
[19:41:57.810] "/payments:/i3d-simple:phong_head_sphere_kfb/i2d-scene:mf2d0/black:/ui-msgbg:/shot-fixed:",
[19:41:57.811] "///i2d-scene:mf2d0///",
[19:41:57.811] {},
[19:42:12.708] {"t":"narrative","f":"change_state","a":"////videocam://"},
[19:42:12.760] "/payments:/i3d-simple:phong_head_sphere_kfb/i2d-scene:mf2d0/videocam:/ui-msgbg:/shot-fixed:",
[19:42:12.760] "////videocam://",
[19:42:12.760] {},
[19:42:22.708] {"t":"camera3d","f":"panflyBy","a":{"r":-0.7854,"d":4}},
[19:42:22.731] "/payments:/i3d-simple:phong_head_sphere_kfb/i2d-scene:mf2d0/videocam:/ui-msgbg:/shot-anim:scope31",
[19:42:22.731] "//////shot-anim:scope31",
[19:42:22.732] {"delta":{"timeline":{"p":{"paused":true,"repeat":0},"actors":{"i3d:camera:rotation":[{"dur":4,"p":{"y":-0.7854,"immediateRender":false}}]}}}},
[19:42:37.708] {"t":"camera3d","f":"tiltflyBy","a":{"r":-0.7854,"d":4}},
[19:42:37.732] "/payments:/i3d-simple:phong_head_sphere_kfb/i2d-scene:mf2d0/videocam:/ui-msgbg:/shot-anim:scope32",
[19:42:37.732] "//////shot-anim:scope32",
[19:42:37.733] {"delta":{"timeline":{"p":{"paused":true,"repeat":0},"actors":{"i3d:camera:rotation":[{"dur":4,"p":{"x":-0.7854,"immediateRender":false}}]}}}},
[19:42:47.709] {"t":"narrative","f":"change_state","a":"////base-skycube:test_cube//"},
[19:42:47.855] "/payments:/i3d-simple:phong_head_sphere_kfb/i2d-scene:mf2d0/base-skycube:test_cube/ui-msgbg:/shot-anim:scope32",
[19:42:47.855] "////base-skycube:test_cube//",
[19:43:02.710] {"t":"camera3d","f":"panflyTo","a":{"r":0.7854,"d":4}},
[19:43:02.743] "/payments:/i3d-simple:phong_head_sphere_kfb/i2d-scene:mf2d0/base-skycube:test_cube/ui-msgbg:/shot-anim:scope34",
[19:43:02.743] "//////shot-anim:scope34",
[19:43:02.744] "e2e_spec[33] shot test failed: result:{\"delta\":{\"timeline\":{\"p\":{\"paused\":true,\"repeat\":0},\"actors\":{\"i3d:camera:rotation\":[{\"dur\":4,\"p\":{\"y\":0.7854,\"immediateRender\":false}}]}}}} !== expected:{}",
[19:43:02.744] {"delta":{"timeline":{"p":{"paused":true,"repeat":0},"actors":{"i3d:camera:rotation":[{"dur":4,"p":{"y":0.7854,"immediateRender":false}}]}}}},
[19:43:12.711] {"t":"camera3d","f":"zoomflyBy","a":{"s":0.3,"d":4}},
[19:43:12.743] "/payments:/i3d-simple:phong_head_sphere_kfb/i2d-scene:mf2d0/base-skycube:test_cube/ui-msgbg:/shot-anim:scope35",
[19:43:12.743] "//////shot-anim:scope35",
[19:43:12.743] "e2e_spec[34] shot test failed: result:{\"delta\":{\"timeline\":{\"p\":{\"paused\":true,\"repeat\":0},\"actors\":{\"i3d:csphere:scale\":[{\"dur\":4,\"p\":{\"x\":0.3,\"y\":0.3,\"z\":0.3,\"immediateRender\":false}}]}}}} !== expected:{\"delta\":{\"timeline\":{\"p\":{\"paused\":true,\"repeat\":0},\"actors\":{\"i3d:camera:rotation\":[{\"dur\":4,\"p\":{\"y\":0.7854,\"immediateRender\":false}}]}}}}",
[19:43:12.744] {"delta":{"timeline":{"p":{"paused":true,"repeat":0},"actors":{"i3d:csphere:scale":[{"dur":4,"p":{"x":0.3,"y":0.3,"z":0.3,"immediateRender":false}}]}}}},
[19:43:27.716] {"t":"camera3d","f":"center","a":{"d":3}},
[19:43:27.735] "/payments:/i3d-simple:phong_head_sphere_kfb/i2d-scene:mf2d0/base-skycube:test_cube/ui-msgbg:/shot-anim:scope36",
[19:43:27.736] "e2e_spec[35] shot test failed: result:{\"delta\":{\"timeline\":{\"p\":{\"paused\":true,\"repeat\":0},\"actors\":{\"i3d:camera:rotation\":[{\"dur\":3,\"p\":{\"x\":0,\"y\":0,\"z\":0,\"immediateRender\":false}}],\"i3d:csphere:position\":[{\"dur\":3,\"p\":{\"x\":0,\"y\":0,\"z\":0,\"immediateRender\":false}}],\"i3d:csphere:rotation\":[{\"dur\":3,\"p\":{\"x\":0,\"y\":0,\"z\":0,\"immediateRender\":false}}],\"i2d:plane\":[{\"dur\":3,\"p\":{\"x\":0,\"y\":0,\"immediateRender\":false}}],\"i2d:zoom_plane\":[{\"dur\":3,\"p\":{\"rotation\":0,\"svgOrigin\":\"0% 0%\",\"immediateRender\":false}}]}}}} !== expected:{\"delta\":{\"timeline\":{\"p\":{\"paused\":true,\"repeat\":0},\"actors\":{\"i3d:csphere:scale\":[{\"dur\":4,\"p\":{\"x\":0.3,\"y\":0.3,\"z\":0.3,\"immediateRender\":false}}]}}}}",
[19:43:27.736] {"delta":{"timeline":{"p":{"paused":true,"repeat":0},"actors":{"i3d:camera:rotation":[{"dur":3,"p":{"x":0,"y":0,"z":0,"immediateRender":false}}],"i3d:csphere:position":[{"dur":3,"p":{"x":0,"y":0,"z":0,"immediateRender":false}}],"i3d:csphere:rotation":[{"dur":3,"p":{"x":0,"y":0,"z":0,"immediateRender":false}}],"i2d:plane":[{"dur":3,"p":{"x":0,"y":0,"immediateRender":false}}],"i2d:zoom_plane":[{"dur":3,"p":{"rotation":0,"svgOrigin":"0% 0%","immediateRender":false}}]}}}},
[19:43:27.735] "//////shot-anim:scope36",
[19:43:42.712] {"t":"camera3d","f":"home","a":{"d":3}},
[19:43:42.749] "/payments:/i3d-simple:phong_head_sphere_kfb/i2d-scene:mf2d0/base-skycube:test_cube/ui-msgbg:/shot-anim:scope37",
[19:43:42.750] "//////shot-anim:scope37",
[19:43:42.750] "*** e2e urls test: 38 tests  0 failures ***",
[19:43:42.752] "e2e_spec[36] shot test failed: result:{\"delta\":{\"timeline\":{\"p\":{\"paused\":true,\"repeat\":0},\"actors\":{\"i3d:camera:rotation\":[{\"dur\":3,\"p\":{\"x\":0,\"y\":0,\"z\":0,\"immediateRender\":false}}],\"i3d:csphere:position\":[{\"dur\":3,\"p\":{\"x\":0,\"y\":0,\"z\":0,\"immediateRender\":false}}],\"i3d:csphere:scale\":[{\"dur\":3,\"p\":{\"x\":1,\"y\":1,\"z\":1,\"immediateRender\":false}}],\"i3d:csphere:rotation\":[{\"dur\":3,\"p\":{\"x\":0,\"y\":0,\"z\":0,\"immediateRender\":false}}],\"i2d:plane\":[{\"dur\":3,\"p\":{\"x\":0,\"y\":0,\"immediateRender\":false}}],\"i2d:zoom_plane\":[{\"dur\":3,\"p\":{\"rotation\":0,\"scale\":1,\"svgOrigin\":\"0% 0%\",\"immediateRender\":false}}]}}}} !== expected:{\"delta\":{\"timeline\":{\"p\":{\"paused\":true,\"repeat\":0},\"actors\":{\"i3d:camera:rotation\":[{\"dur\":3,\"p\":{\"x\":0,\"y\":0,\"z\":0,\"immediateRender\":false}}],\"i3d:csphere:position\":[{\"dur\":3,\"p\":{\"x\":0,\"y\":0,\"z\":0,\"immediateRender\":false}}],\"i3d:csphere:rotation\":[{\"dur\":3,\"p\":{\"x\":0,\"y\":0,\"z\":0,\"immediateRender\":false}}],\"i2d:plane\":[{\"dur\":3,\"p\":{\"x\":0,\"y\":0,\"immediateRender\":false}}],\"i2d:zoom_plane\":[{\"dur\":3,\"p\":{\"rotation\":0,\"svgOrigin\":\"0% 0%\",\"immediateRender\":false}}]}}}}",
[19:43:42.752] {"delta":{"timeline":{"p":{"paused":true,"repeat":0},"actors":{"i3d:camera:rotation":[{"dur":3,"p":{"x":0,"y":0,"z":0,"immediateRender":false}}],"i3d:csphere:position":[{"dur":3,"p":{"x":0,"y":0,"z":0,"immediateRender":false}}],"i3d:csphere:scale":[{"dur":3,"p":{"x":1,"y":1,"z":1,"immediateRender":false}}],"i3d:csphere:rotation":[{"dur":3,"p":{"x":0,"y":0,"z":0,"immediateRender":false}}],"i2d:plane":[{"dur":3,"p":{"x":0,"y":0,"immediateRender":false}}],"i2d:zoom_plane":[{"dur":3,"p":{"rotation":0,"scale":1,"svgOrigin":"0% 0%","immediateRender":false}}]}}}},
