[19:50:53.430] {"t":"camera3d","f":"tiltflyTo","a":{"r":-0.7854,"d":3}},
[19:50:53.468] "/metaweb:/i3d-empty:/i2d-reflect:/empty:/ui-msgbg:/shot-anim:scope0",
[19:50:53.468] {"delta":{"timeline":{"p":{"paused":true,"repeat":0},"actors":{"i3d:camera:rotation":[{"dur":3,"p":{"x":-0.7854,"immediateRender":false}}]}}}},
[19:50:53.468] "//////shot-anim:scope0",
[19:51:08.429] {"t":"camera3d","f":"panflyTo","a":{"r":-0.7854,"d":3}},
[19:51:08.469] "/metaweb:/i3d-empty:/i2d-reflect:/empty:/ui-msgbg:/shot-anim:scope1",
[19:51:08.469] "//////shot-anim:scope1",
[19:51:08.469] {"delta":{"timeline":{"p":{"paused":true,"repeat":0},"actors":{"i3d:camera:rotation":[{"dur":3,"p":{"y":-0.7854,"immediateRender":false}}]}}}},
[19:51:23.429] {"t":"camera3d","f":"lookAt"},
[19:51:23.449] "/metaweb:/i3d-empty:/i2d-reflect:/empty:/ui-msgbg:/shot-fixed:scope2",
[19:51:23.449] "//////shot-fixed:scope2",
[19:51:23.450] {"delta-t":"camera3d","f":"lookAt","a":{}},
[19:51:33.429] {"t":"camera3d","f":"dollyflyTo","a":{"x":20,"y":0,"z":0,"d":3}},
[19:51:33.457] "/metaweb:/i3d-empty:/i2d-reflect:/empty:/ui-msgbg:/shot-anim:scope3",
[19:51:33.458] "//////shot-anim:scope3",
[19:51:33.458] {"delta":{"timeline":{"p":{"paused":true,"repeat":0},"actors":{"i3d:csphere:position":[{"dur":3,"p":{"x":20,"y":0,"z":0,"immediateRender":false}}]}}}},
[19:51:43.429] {"t":"camera3d","f":"zoomflyTo","a":{"s":0.5,"d":3}},
[19:51:43.459] "/metaweb:/i3d-empty:/i2d-reflect:/empty:/ui-msgbg:/shot-anim:scope4",
[19:51:43.459] "//////shot-anim:scope4",
[19:51:43.460] {"delta":{"timeline":{"p":{"paused":true,"repeat":0},"actors":{"i3d:csphere:scale":[{"dur":3,"p":{"x":0.5,"y":0.5,"z":0.5,"immediateRender":false}}]}}}},
[19:51:58.434] {"t":"camera3d","f":"zoomflyTo","a":{"s":2,"d":3}},
[19:51:58.447] "/metaweb:/i3d-empty:/i2d-reflect:/empty:/ui-msgbg:/shot-anim:scope5",
[19:51:58.447] "//////shot-anim:scope5",
[19:51:58.448] {"delta":{"timeline":{"p":{"paused":true,"repeat":0},"actors":{"i3d:csphere:scale":[{"dur":3,"p":{"x":2,"y":2,"z":2,"immediateRender":false}}]}}}},
[19:52:13.433] {"t":"camera3d","f":"dollyflyTo","a":{"x":20,"y":20,"z":-20,"d":3}},
[19:52:13.445] "/metaweb:/i3d-empty:/i2d-reflect:/empty:/ui-msgbg:/shot-anim:scope6",
[19:52:13.446] "//////shot-anim:scope6",
[19:52:13.446] {"delta":{"timeline":{"p":{"paused":true,"repeat":0},"actors":{"i3d:csphere:position":[{"dur":3,"p":{"x":20,"y":20,"z":-20,"immediateRender":false}}]}}}},
[19:52:23.448] "/metaweb:/i3d-empty:/i2d-reflect:/empty:/ui-msgbg:/shot-anim:scope7",
[19:52:23.449] {"delta":{"timeline":{"p":{"paused":true,"repeat":0},"actors":{"i3d:csphere:scale":[{"dur":3,"p":{"x":0.5,"y":0.5,"z":0.5,"immediateRender":false}}]}}}},
[19:52:23.445] {"t":"camera3d","f":"zoomflyTo","a":{"s":0.5,"d":3}},
[19:52:23.448] "//////shot-anim:scope7",
[19:52:38.434] {"t":"camera3d","f":"center","a":{"d":3}},
[19:52:38.470] "/metaweb:/i3d-empty:/i2d-reflect:/empty:/ui-msgbg:/shot-anim:scope8",
[19:52:38.471] "//////shot-anim:scope8",
[19:52:38.472] {"delta":{"timeline":{"p":{"paused":true,"repeat":0},"actors":{"i3d:camera:rotation":[{"dur":3,"p":{"x":0,"y":0,"z":0,"immediateRender":false}}],"i3d:csphere:position":[{"dur":3,"p":{"x":0,"y":0,"z":0,"immediateRender":false}}],"i3d:csphere:rotation":[{"dur":3,"p":{"x":0,"y":0,"z":0,"immediateRender":false}}],"i2d:plane":[{"dur":3,"p":{"x":0,"y":0,"immediateRender":false}}],"i2d:zoom_plane":[{"dur":3,"p":{"rotation":0,"svgOrigin":"0% 0%","immediateRender":false}}]}}}},
[19:52:53.435] {"t":"camera3d","f":"home","a":{"d":3}},
[19:52:53.474] "/metaweb:/i3d-empty:/i2d-reflect:/empty:/ui-msgbg:/shot-anim:scope9",
[19:52:53.474] "//////shot-anim:scope9",
[19:52:53.476] {"delta":{"timeline":{"p":{"paused":true,"repeat":0},"actors":{"i3d:camera:rotation":[{"dur":3,"p":{"x":0,"y":0,"z":0,"immediateRender":false}}],"i3d:csphere:position":[{"dur":3,"p":{"x":0,"y":0,"z":0,"immediateRender":false}}],"i3d:csphere:scale":[{"dur":3,"p":{"x":1,"y":1,"z":1,"immediateRender":false}}],"i3d:csphere:rotation":[{"dur":3,"p":{"x":0,"y":0,"z":0,"immediateRender":false}}],"i2d:plane":[{"dur":3,"p":{"x":0,"y":0,"immediateRender":false}}],"i2d:zoom_plane":[{"dur":3,"p":{"rotation":0,"scale":1,"svgOrigin":"0% 0%","immediateRender":false}}]}}}},
[19:53:03.435] {"t":"camera3d","f":"panflyBy","a":{"r":0.7854,"d":3}},
[19:53:03.479] "/metaweb:/i3d-empty:/i2d-reflect:/empty:/ui-msgbg:/shot-anim:scope10",
[19:53:03.479] "//////shot-anim:scope10",
[19:53:03.479] {"delta":{"timeline":{"p":{"paused":true,"repeat":0},"actors":{"i3d:camera:rotation":[{"dur":3,"p":{"y":0.7854,"immediateRender":false}}]}}}},
[19:53:18.434] {"t":"camera3d","f":"tiltflyBy","a":{"r":0.7854,"d":3}},
[19:53:18.463] "/metaweb:/i3d-empty:/i2d-reflect:/empty:/ui-msgbg:/shot-anim:scope11",
[19:53:18.464] "//////shot-anim:scope11",
[19:53:18.465] {"delta":{"timeline":{"p":{"paused":true,"repeat":0},"actors":{"i3d:camera:rotation":[{"dur":3,"p":{"x":0.7854,"immediateRender":false}}]}}}},
[19:53:28.435] {"t":"camera3d","f":"lookAt"},
[19:53:28.467] "/metaweb:/i3d-empty:/i2d-reflect:/empty:/ui-msgbg:/shot-fixed:scope12",
[19:53:28.468] "//////shot-fixed:scope12",
[19:53:28.468] {"delta-t":"camera3d","f":"lookAt","a":{}},
[19:53:43.436] {"t":"camera3d","f":"rollflyTo","a":{"r":-1.57,"d":4}},
[19:53:43.451] "/metaweb:/i3d-empty:/i2d-reflect:/empty:/ui-msgbg:/shot-anim:scope13",
[19:53:43.452] "//////shot-anim:scope13",
[19:53:43.452] {"delta":{"timeline":{"p":{"paused":true,"repeat":0},"actors":{"i3d:camera:rotation":[{"dur":4,"p":{"z":-1.57,"immediateRender":false}}]}}}},
[19:53:53.435] {"t":"camera3d","f":"rollflyBy","a":{"r":0.3927,"d":4}},
[19:53:53.468] "/metaweb:/i3d-empty:/i2d-reflect:/empty:/ui-msgbg:/shot-anim:scope14",
[19:53:53.468] "//////shot-anim:scope14",
[19:53:53.469] {"delta":{"timeline":{"p":{"paused":true,"repeat":0},"actors":{"i3d:camera:rotation":[{"dur":4,"p":{"z":-1.1773,"immediateRender":false}}]}}}},
[19:54:03.436] {"t":"camera3d","f":"rollflyBy","a":{"r":0.3927,"d":4}},
[19:54:03.459] "/metaweb:/i3d-empty:/i2d-reflect:/empty:/ui-msgbg:/shot-anim:scope15",
[19:54:03.459] "//////shot-anim:scope15",
[19:54:03.460] {"delta":{"timeline":{"p":{"paused":true,"repeat":0},"actors":{"i3d:camera:rotation":[{"dur":4,"p":{"z":-0.7846,"immediateRender":false}}]}}}},
[19:54:18.439] {"t":"camera3d","f":"center","a":{"d":3}},
[19:54:18.460] "/metaweb:/i3d-empty:/i2d-reflect:/empty:/ui-msgbg:/shot-anim:scope16",
[19:54:18.460] "//////shot-anim:scope16",
[19:54:18.461] {"delta":{"timeline":{"p":{"paused":true,"repeat":0},"actors":{"i3d:camera:rotation":[{"dur":3,"p":{"x":0,"y":0,"z":0,"immediateRender":false}}],"i3d:csphere:position":[{"dur":3,"p":{"x":0,"y":0,"z":0,"immediateRender":false}}],"i3d:csphere:rotation":[{"dur":3,"p":{"x":0,"y":0,"z":0,"immediateRender":false}}],"i2d:plane":[{"dur":3,"p":{"x":0,"y":0,"immediateRender":false}}],"i2d:zoom_plane":[{"dur":3,"p":{"rotation":0,"svgOrigin":"0% 0%","immediateRender":false}}]}}}},
[19:54:28.454] {"t":"camera3d","f":"yawflyTo","a":{"r":1.57,"d":3}},
[19:54:28.454] "/metaweb:/i3d-empty:/i2d-reflect:/empty:/ui-msgbg:/shot-anim:scope17",
[19:54:28.456] "//////shot-anim:scope17",
[19:54:28.457] {"delta":{"timeline":{"p":{"paused":true,"repeat":0},"actors":{"i3d:csphere:rotation":[{"dur":3,"p":{"y":1.57,"immediateRender":false}}]}}}},
[19:54:43.438] {"t":"camera3d","f":"yawflyBy","a":{"r":-0.7854,"d":3}},
[19:54:43.452] "/metaweb:/i3d-empty:/i2d-reflect:/empty:/ui-msgbg:/shot-anim:scope18",
[19:54:43.452] "//////shot-anim:scope18",
[19:54:43.452] {"delta":{"timeline":{"p":{"paused":true,"repeat":0},"actors":{"i3d:csphere:rotation":[{"dur":3,"p":{"y":0.7846000000000001,"immediateRender":false}}]}}}},
[19:54:53.439] {"t":"camera3d","f":"yawflyBy","a":{"r":-0.7854,"d":3}},
[19:54:53.461] "/metaweb:/i3d-empty:/i2d-reflect:/empty:/ui-msgbg:/shot-anim:scope19",
[19:54:53.461] "//////shot-anim:scope19",
[19:54:53.462] {"delta":{"timeline":{"p":{"paused":true,"repeat":0},"actors":{"i3d:csphere:rotation":[{"dur":3,"p":{"y":-0.0007999999999999119,"immediateRender":false}}]}}}},
[19:55:03.439] {"t":"camera3d","f":"pitchflyTo","a":{"r":-1.57,"d":3}},
[19:55:03.464] "/metaweb:/i3d-empty:/i2d-reflect:/empty:/ui-msgbg:/shot-anim:scope20",
[19:55:03.464] "//////shot-anim:scope20",
[19:55:03.465] {"delta":{"timeline":{"p":{"paused":true,"repeat":0},"actors":{"i3d:csphere:rotation":[{"dur":3,"p":{"x":-1.57,"immediateRender":false}}]}}}},
[19:55:18.439] {"t":"camera3d","f":"pitchflyBy","a":{"r":0.7854,"d":3}},
[19:55:18.459] "/metaweb:/i3d-empty:/i2d-reflect:/empty:/ui-msgbg:/shot-anim:scope21",
[19:55:18.461] "//////shot-anim:scope21",
[19:55:18.461] {"delta":{"timeline":{"p":{"paused":true,"repeat":0},"actors":{"i3d:csphere:rotation":[{"dur":3,"p":{"x":-0.7846000000000001,"immediateRender":false}}]}}}},
[19:55:33.466] {"t":"camera3d","f":"pitchflyBy","a":{"r":0.7854,"d":3}},
[19:55:33.467] "/metaweb:/i3d-empty:/i2d-reflect:/empty:/ui-msgbg:/shot-anim:scope22",
[19:55:33.467] "//////shot-anim:scope22",
[19:55:33.472] {"delta":{"timeline":{"p":{"paused":true,"repeat":0},"actors":{"i3d:csphere:rotation":[{"dur":3,"p":{"x":0.0007999999999999119,"immediateRender":false}}]}}}},
[19:55:48.454] {"t":"camera3d","f":"dollyflyTo","a":{"x":20,"y":-20,"z":-30,"d":3}},
[19:55:48.458] "/metaweb:/i3d-empty:/i2d-reflect:/empty:/ui-msgbg:/shot-anim:scope23",
[19:55:48.459] "//////shot-anim:scope23",
[19:55:48.464] {"delta":{"timeline":{"p":{"paused":true,"repeat":0},"actors":{"i3d:csphere:position":[{"dur":3,"p":{"x":20,"y":-20,"z":-30,"immediateRender":false}}]}}}},
[19:55:58.443] {"t":"camera3d","f":"dollyflyTo","a":{"x":0,"y":0,"z":30,"d":6}},
[19:55:58.463] "//////shot-anim:scope24",
[19:55:58.464] {"delta":{"timeline":{"p":{"paused":true,"repeat":0},"actors":{"i3d:csphere:position":[{"dur":6,"p":{"x":20,"y":-20,"z":30,"immediateRender":false}}]}}}},
[19:55:58.461] "/metaweb:/i3d-empty:/i2d-reflect:/empty:/ui-msgbg:/shot-anim:scope24",
[19:56:08.444] {"t":"camera3d","f":"tiltflyBy","a":{"r":0.7854,"d":3}},
[19:56:08.456] "/metaweb:/i3d-empty:/i2d-reflect:/empty:/ui-msgbg:/shot-anim:scope25",
[19:56:08.457] "//////shot-anim:scope25",
[19:56:08.457] {"delta":{"timeline":{"p":{"paused":true,"repeat":0},"actors":{"i3d:camera:rotation":[{"dur":3,"p":{"x":0.7854,"immediateRender":false}}]}}}},
[19:56:23.451] {"t":"camera3d","f":"zoomflyTo","a":{"s":2,"d":3}},
[19:56:23.484] "/metaweb:/i3d-empty:/i2d-reflect:/empty:/ui-msgbg:/shot-anim:scope26",
[19:56:23.484] "//////shot-anim:scope26",
[19:56:23.485] {"delta":{"timeline":{"p":{"paused":true,"repeat":0},"actors":{"i3d:csphere:scale":[{"dur":3,"p":{"x":2,"y":2,"z":2,"immediateRender":false}}]}}}},
[19:56:38.450] {"t":"camera3d","f":"home","a":{"d":3}},
[19:56:38.475] "/metaweb:/i3d-empty:/i2d-reflect:/empty:/ui-msgbg:/shot-anim:scope27",
[19:56:38.476] "//////shot-anim:scope27",
[19:56:38.477] {"delta":{"timeline":{"p":{"paused":true,"repeat":0},"actors":{"i3d:camera:rotation":[{"dur":3,"p":{"x":0,"y":0,"z":0,"immediateRender":false}}],"i3d:csphere:position":[{"dur":3,"p":{"x":0,"y":0,"z":0,"immediateRender":false}}],"i3d:csphere:scale":[{"dur":3,"p":{"x":1,"y":1,"z":1,"immediateRender":false}}],"i3d:csphere:rotation":[{"dur":3,"p":{"x":0,"y":0,"z":0,"immediateRender":false}}],"i2d:plane":[{"dur":3,"p":{"x":0,"y":0,"immediateRender":false}}],"i2d:zoom_plane":[{"dur":3,"p":{"rotation":0,"scale":1,"svgOrigin":"0% 0%","immediateRender":false}}]}}}},
[19:56:48.450] {"t":"narrative","f":"change_scene","a":"payments"},
[19:56:48.908] "/payments:/i3d-simple:phong_head_sphere_kfb/i2d-empty:/black:/ui-msgbg:/shot-fixed:",
[19:56:48.909] "/payments:/i3d-simple:phong_head_sphere_kfb/i2d-empty:/black://shot-fixed:",
[19:56:48.909] {},
[19:56:58.455] {"t":"narrative","f":"change_state","a":"///i2d-scene:mf2d0///"},
[19:56:58.588] "/payments:/i3d-simple:phong_head_sphere_kfb/i2d-scene:mf2d0/black:/ui-msgbg:/shot-fixed:",
[19:56:58.589] "///i2d-scene:mf2d0///",
[19:56:58.589] {},
[19:57:13.455] {"t":"narrative","f":"change_state","a":"////videocam://"},
[19:57:13.527] "/payments:/i3d-simple:phong_head_sphere_kfb/i2d-scene:mf2d0/videocam:/ui-msgbg:/shot-fixed:",
[19:57:13.527] "////videocam://",
[19:57:13.528] {},
[19:57:23.455] {"t":"camera3d","f":"panflyBy","a":{"r":-0.7854,"d":4}},
[19:57:23.504] "/payments:/i3d-simple:phong_head_sphere_kfb/i2d-scene:mf2d0/videocam:/ui-msgbg:/shot-anim:scope31",
[19:57:23.505] "//////shot-anim:scope31",
[19:57:23.505] {"delta":{"timeline":{"p":{"paused":true,"repeat":0},"actors":{"i3d:camera:rotation":[{"dur":4,"p":{"y":-0.7854,"immediateRender":false}}]}}}},
[19:57:38.458] {"t":"camera3d","f":"tiltflyBy","a":{"r":-0.7854,"d":4}},
[19:57:38.499] "/payments:/i3d-simple:phong_head_sphere_kfb/i2d-scene:mf2d0/videocam:/ui-msgbg:/shot-anim:scope32",
[19:57:38.500] "//////shot-anim:scope32",
[19:57:38.501] {"delta":{"timeline":{"p":{"paused":true,"repeat":0},"actors":{"i3d:camera:rotation":[{"dur":4,"p":{"x":-0.7854,"immediateRender":false}}]}}}},
[19:57:53.459] {"t":"narrative","f":"change_state","a":"////base-skycube:test_cube//"},
[19:57:53.585] "/payments:/i3d-simple:phong_head_sphere_kfb/i2d-scene:mf2d0/base-skycube:test_cube/ui-msgbg:/shot-anim:scope32",
[19:57:53.587] "////base-skycube:test_cube//",
[19:58:03.459] {"t":"camera3d","f":"panflyTo","a":{"r":0.7854,"d":4}},
[19:58:03.488] "/payments:/i3d-simple:phong_head_sphere_kfb/i2d-scene:mf2d0/base-skycube:test_cube/ui-msgbg:/shot-anim:scope34",
[19:58:03.489] "//////shot-anim:scope34",
[19:58:03.489] "e2e_spec[33] shot test failed: result:{\"delta\":{\"timeline\":{\"p\":{\"paused\":true,\"repeat\":0},\"actors\":{\"i3d:camera:rotation\":[{\"dur\":4,\"p\":{\"y\":0.7854,\"immediateRender\":false}}]}}}} !== expected:{}",
[19:58:03.489] {"delta":{"timeline":{"p":{"paused":true,"repeat":0},"actors":{"i3d:camera:rotation":[{"dur":4,"p":{"y":0.7854,"immediateRender":false}}]}}}},
[19:58:18.466] {"t":"camera3d","f":"zoomflyBy","a":{"s":0.3,"d":4}},
[19:58:18.493] "/payments:/i3d-simple:phong_head_sphere_kfb/i2d-scene:mf2d0/base-skycube:test_cube/ui-msgbg:/shot-anim:scope35",
[19:58:18.493] "//////shot-anim:scope35",
[19:58:18.493] "e2e_spec[34] shot test failed: result:{\"delta\":{\"timeline\":{\"p\":{\"paused\":true,\"repeat\":0},\"actors\":{\"i3d:csphere:scale\":[{\"dur\":4,\"p\":{\"x\":0.3,\"y\":0.3,\"z\":0.3,\"immediateRender\":false}}]}}}} !== expected:{\"delta\":{\"timeline\":{\"p\":{\"paused\":true,\"repeat\":0},\"actors\":{\"i3d:camera:rotation\":[{\"dur\":4,\"p\":{\"y\":0.7854,\"immediateRender\":false}}]}}}}",
[19:58:18.494] {"delta":{"timeline":{"p":{"paused":true,"repeat":0},"actors":{"i3d:csphere:scale":[{"dur":4,"p":{"x":0.3,"y":0.3,"z":0.3,"immediateRender":false}}]}}}},
[19:58:33.464] {"t":"camera3d","f":"center","a":{"d":3}},
[19:58:33.509] "/payments:/i3d-simple:phong_head_sphere_kfb/i2d-scene:mf2d0/base-skycube:test_cube/ui-msgbg:/shot-anim:scope36",
[19:58:33.509] "//////shot-anim:scope36",
[19:58:33.510] "e2e_spec[35] shot test failed: result:{\"delta\":{\"timeline\":{\"p\":{\"paused\":true,\"repeat\":0},\"actors\":{\"i3d:camera:rotation\":[{\"dur\":3,\"p\":{\"x\":0,\"y\":0,\"z\":0,\"immediateRender\":false}}],\"i3d:csphere:position\":[{\"dur\":3,\"p\":{\"x\":0,\"y\":0,\"z\":0,\"immediateRender\":false}}],\"i3d:csphere:rotation\":[{\"dur\":3,\"p\":{\"x\":0,\"y\":0,\"z\":0,\"immediateRender\":false}}],\"i2d:plane\":[{\"dur\":3,\"p\":{\"x\":0,\"y\":0,\"immediateRender\":false}}],\"i2d:zoom_plane\":[{\"dur\":3,\"p\":{\"rotation\":0,\"svgOrigin\":\"0% 0%\",\"immediateRender\":false}}]}}}} !== expected:{\"delta\":{\"timeline\":{\"p\":{\"paused\":true,\"repeat\":0},\"actors\":{\"i3d:csphere:scale\":[{\"dur\":4,\"p\":{\"x\":0.3,\"y\":0.3,\"z\":0.3,\"immediateRender\":false}}]}}}}",
[19:58:33.510] {"delta":{"timeline":{"p":{"paused":true,"repeat":0},"actors":{"i3d:camera:rotation":[{"dur":3,"p":{"x":0,"y":0,"z":0,"immediateRender":false}}],"i3d:csphere:position":[{"dur":3,"p":{"x":0,"y":0,"z":0,"immediateRender":false}}],"i3d:csphere:rotation":[{"dur":3,"p":{"x":0,"y":0,"z":0,"immediateRender":false}}],"i2d:plane":[{"dur":3,"p":{"x":0,"y":0,"immediateRender":false}}],"i2d:zoom_plane":[{"dur":3,"p":{"rotation":0,"svgOrigin":"0% 0%","immediateRender":false}}]}}}},
[19:58:43.462] {"t":"camera3d","f":"home","a":{"d":3}},
[19:58:43.485] "/payments:/i3d-simple:phong_head_sphere_kfb/i2d-scene:mf2d0/base-skycube:test_cube/ui-msgbg:/shot-anim:scope37",
[19:58:43.486] "//////shot-anim:scope37",
[19:58:43.486] "*** e2e urls test: 38 tests  0 failures ***",
[19:58:43.486] "e2e_spec[36] shot test failed: result:{\"delta\":{\"timeline\":{\"p\":{\"paused\":true,\"repeat\":0},\"actors\":{\"i3d:camera:rotation\":[{\"dur\":3,\"p\":{\"x\":0,\"y\":0,\"z\":0,\"immediateRender\":false}}],\"i3d:csphere:position\":[{\"dur\":3,\"p\":{\"x\":0,\"y\":0,\"z\":0,\"immediateRender\":false}}],\"i3d:csphere:scale\":[{\"dur\":3,\"p\":{\"x\":1,\"y\":1,\"z\":1,\"immediateRender\":false}}],\"i3d:csphere:rotation\":[{\"dur\":3,\"p\":{\"x\":0,\"y\":0,\"z\":0,\"immediateRender\":false}}],\"i2d:plane\":[{\"dur\":3,\"p\":{\"x\":0,\"y\":0,\"immediateRender\":false}}],\"i2d:zoom_plane\":[{\"dur\":3,\"p\":{\"rotation\":0,\"scale\":1,\"svgOrigin\":\"0% 0%\",\"immediateRender\":false}}]}}}} !== expected:{\"delta\":{\"timeline\":{\"p\":{\"paused\":true,\"repeat\":0},\"actors\":{\"i3d:camera:rotation\":[{\"dur\":3,\"p\":{\"x\":0,\"y\":0,\"z\":0,\"immediateRender\":false}}],\"i3d:csphere:position\":[{\"dur\":3,\"p\":{\"x\":0,\"y\":0,\"z\":0,\"immediateRender\":false}}],\"i3d:csphere:rotation\":[{\"dur\":3,\"p\":{\"x\":0,\"y\":0,\"z\":0,\"immediateRender\":false}}],\"i2d:plane\":[{\"dur\":3,\"p\":{\"x\":0,\"y\":0,\"immediateRender\":false}}],\"i2d:zoom_plane\":[{\"dur\":3,\"p\":{\"rotation\":0,\"svgOrigin\":\"0% 0%\",\"immediateRender\":false}}]}}}}",
[19:58:43.486] {"delta":{"timeline":{"p":{"paused":true,"repeat":0},"actors":{"i3d:camera:rotation":[{"dur":3,"p":{"x":0,"y":0,"z":0,"immediateRender":false}}],"i3d:csphere:position":[{"dur":3,"p":{"x":0,"y":0,"z":0,"immediateRender":false}}],"i3d:csphere:scale":[{"dur":3,"p":{"x":1,"y":1,"z":1,"immediateRender":false}}],"i3d:csphere:rotation":[{"dur":3,"p":{"x":0,"y":0,"z":0,"immediateRender":false}}],"i2d:plane":[{"dur":3,"p":{"x":0,"y":0,"immediateRender":false}}],"i2d:zoom_plane":[{"dur":3,"p":{"rotation":0,"scale":1,"svgOrigin":"0% 0%","immediateRender":false}}]}}}},
