[21:08:34.193] {"t":"narrative","f":"change_scene","a":"payments"},
[21:08:34.583] "/payments:/i3d-simple:phong_head_sphere_kfb/i2d-empty:/black://",
[21:08:34.583] {},
[21:08:34.579] "/payments:/i3d-simple:phong_head_sphere_kfb/i2d-empty:/black:/ui-msgbg:/shot-fixed:",
[21:08:49.191] {"t":"narrative","f":"change_state","a":"///i2d-scene:mf2d0///"},
[21:08:49.315] "/payments:/i3d-simple:phong_head_sphere_kfb/i2d-scene:mf2d0/black:/ui-msgbg:/shot-fixed:",
[21:08:49.316] "///i2d-scene:mf2d0///",
[21:08:49.316] {},
[21:08:59.192] {"t":"narrative","f":"change_state","a":"////videocam://"},
[21:08:59.251] "/payments:/i3d-simple:phong_head_sphere_kfb/i2d-scene:mf2d0/videocam:/ui-msgbg:/shot-fixed:",
[21:08:59.251] "////videocam://",
[21:08:59.251] {},
[21:09:14.193] {"t":"camera3d","f":"panflyBy","a":{"r":-0.7854,"d":4}},
[21:09:14.227] "/payments:/i3d-simple:phong_head_sphere_kfb/i2d-scene:mf2d0/videocam:/ui-msgbg:/shot-anim:scope3",
[21:09:14.228] "//////shot-anim:scope3",
[21:09:14.229] {"delta":{"timeline":{"p":{"paused":true,"repeat":0},"actors":{"i3d:camera:rotation":[{"dur":4,"p":{"y":-0.7854,"immediateRender":false}}]}}}},
[21:09:24.192] {"t":"camera3d","f":"tiltflyBy","a":{"r":-0.7854,"d":4}},
[21:09:24.217] "/payments:/i3d-simple:phong_head_sphere_kfb/i2d-scene:mf2d0/videocam:/ui-msgbg:/shot-anim:scope4",
[21:09:24.217] "//////shot-anim:scope4",
[21:09:24.217] {"delta":{"timeline":{"p":{"paused":true,"repeat":0},"actors":{"i3d:camera:rotation":[{"dur":4,"p":{"x":-0.7854,"immediateRender":false}}]}}}},
[21:09:39.197] {"t":"narrative","f":"change_state","a":"////base-skycube:test_cube//"},
[21:09:39.685] "/payments:/i3d-simple:phong_head_sphere_kfb/i2d-scene:mf2d0/base-skycube:test_cube/ui-msgbg:/shot-anim:scope4",
[21:09:39.685] "////base-skycube:test_cube//",
[21:09:49.197] {"t":"camera3d","f":"panflyTo","a":{"r":0.7854,"d":4}},
[21:09:49.214] "//////shot-anim:scope6",
[21:09:49.215] {"delta":{"timeline":{"p":{"paused":true,"repeat":0},"actors":{"i3d:camera:rotation":[{"dur":4,"p":{"y":0.7854,"immediateRender":false}}]}}}},
[21:09:49.210] "/payments:/i3d-simple:phong_head_sphere_kfb/i2d-scene:mf2d0/base-skycube:test_cube/ui-msgbg:/shot-anim:scope6",
[21:10:04.197] {"t":"camera3d","f":"home","a":{"d":3}},
[21:10:04.216] "/payments:/i3d-simple:phong_head_sphere_kfb/i2d-scene:mf2d0/base-skycube:test_cube/ui-msgbg:/shot-anim:scope7",
[21:10:04.219] {"delta":{"timeline":{"p":{"paused":true,"repeat":0},"actors":{"i3d:camera:rotation":[{"dur":3,"p":{"x":0,"y":0,"z":0,"immediateRender":false}}],"i3d:csphere:position":[{"dur":3,"p":{"x":0,"y":0,"z":0,"immediateRender":false}}],"i3d:csphere:scale":[{"dur":3,"p":{"x":1,"y":1,"z":1,"immediateRender":false}}],"i3d:csphere:rotation":[{"dur":3,"p":{"x":0,"y":0,"z":0,"immediateRender":false}}],"i2d:plane":[{"dur":3,"p":{"x":0,"y":0,"immediateRender":false}}],"i2d:zoom_plane":[{"dur":3,"p":{"rotation":0,"scale":1,"svgOrigin":"0% 0%","immediateRender":false}}]}}}},
[21:10:04.217] "//////shot-anim:scope7",
