[21:27:06.402] {"t":"narrative","f":"change_scene","a":"payments"},
[21:27:06.842] "/payments:/i3d-simple:phong_head_sphere_kfb/i2d-empty:/black:/ui-msgbg:/shot-fixed:",
[21:27:06.842] "/payments:/i3d-simple:phong_head_sphere_kfb/i2d-empty:/black://",
[21:27:06.842] {},
[21:27:21.396] {"t":"narrative","f":"change_state","a":"///i2d-scene:mf2d0///"},
[21:27:21.543] "/payments:/i3d-simple:phong_head_sphere_kfb/i2d-scene:mf2d0/black:/ui-msgbg:/shot-fixed:",
[21:27:21.544] "///i2d-scene:mf2d0///",
[21:27:21.544] {},
[21:27:31.396] {"t":"narrative","f":"change_state","a":"////videocam://"},
[21:27:31.442] "/payments:/i3d-simple:phong_head_sphere_kfb/i2d-scene:mf2d0/videocam:/ui-msgbg:/shot-fixed:",
[21:27:31.442] "////videocam://",
[21:27:31.442] {},
[21:27:46.399] {"t":"camera3d","f":"panflyBy","a":{"r":-0.7854,"d":4}},
[21:27:46.438] "/payments:/i3d-simple:phong_head_sphere_kfb/i2d-scene:mf2d0/videocam:/ui-msgbg:/shot-anim:scope3",
[21:27:46.440] "//////shot-anim:scope3",
[21:27:46.441] {"delta":{"timeline":{"p":{"paused":true,"repeat":0},"actors":{"i3d:camera:rotation":[{"dur":4,"p":{"y":-0.7854,"immediateRender":false}}]}}}},
[21:28:01.398] {"t":"camera3d","f":"tiltflyBy","a":{"r":-0.7854,"d":4}},
[21:28:01.416] "/payments:/i3d-simple:phong_head_sphere_kfb/i2d-scene:mf2d0/videocam:/ui-msgbg:/shot-anim:scope4",
[21:28:01.416] "//////shot-anim:scope4",
[21:28:01.416] {"delta":{"timeline":{"p":{"paused":true,"repeat":0},"actors":{"i3d:camera:rotation":[{"dur":4,"p":{"x":-0.7854,"immediateRender":false}}]}}}},
[21:28:11.400] {"t":"narrative","f":"change_state","a":"////base-skycube:test_cube//"},
[21:28:11.882] "/payments:/i3d-simple:phong_head_sphere_kfb/i2d-scene:mf2d0/base-skycube:test_cube/ui-msgbg:/shot-anim:scope4",
[21:28:11.882] "////base-skycube:test_cube//",
[21:28:26.399] {"t":"camera3d","f":"panflyTo","a":{"r":0.7854,"d":4}},
[21:28:26.439] "/payments:/i3d-simple:phong_head_sphere_kfb/i2d-scene:mf2d0/base-skycube:test_cube/ui-msgbg:/shot-anim:scope6",
[21:28:26.439] "//////shot-anim:scope6",
[21:28:26.440] {"delta":{"timeline":{"p":{"paused":true,"repeat":0},"actors":{"i3d:camera:rotation":[{"dur":4,"p":{"y":0.7854,"immediateRender":false}}]}}}},
[21:28:41.402] {"t":"camera3d","f":"home","a":{"d":3}},
[21:28:41.469] "/payments:/i3d-simple:phong_head_sphere_kfb/i2d-scene:mf2d0/base-skycube:test_cube/ui-msgbg:/shot-anim:scope7",
[21:28:41.471] "//////shot-anim:scope7",
[21:28:41.472] {"delta":{"timeline":{"p":{"paused":true,"repeat":0},"actors":{"i3d:camera:rotation":[{"dur":3,"p":{"x":0,"y":0,"z":0,"immediateRender":false}}],"i3d:csphere:position":[{"dur":3,"p":{"x":0,"y":0,"z":0,"immediateRender":false}}],"i3d:csphere:scale":[{"dur":3,"p":{"x":1,"y":1,"z":1,"immediateRender":false}}],"i3d:csphere:rotation":[{"dur":3,"p":{"x":0,"y":0,"z":0,"immediateRender":false}}],"i2d:plane":[{"dur":3,"p":{"x":0,"y":0,"immediateRender":false}}],"i2d:zoom_plane":[{"dur":3,"p":{"rotation":0,"scale":1,"svgOrigin":"0% 0%","immediateRender":false}}]}}}},
