[21:24:00.922] {"t":"narrative","f":"change_scene","a":"payments"},
[21:24:01.296] "/payments:/i3d-simple:phong_head_sphere_kfb/i2d-empty:/black:/ui-msgbg:/shot-fixed:",
[21:24:01.296] "/payments:/i3d-simple:phong_head_sphere_kfb/i2d-empty:/black://",
[21:24:01.297] {},
[21:24:10.920] {"t":"narrative","f":"change_state","a":"///i2d-scene:mf2d0///"},
[21:24:11.034] "/payments:/i3d-simple:phong_head_sphere_kfb/i2d-scene:mf2d0/black:/ui-msgbg:/shot-fixed:",
[21:24:11.034] "///i2d-scene:mf2d0///",
[21:24:11.034] {},
[21:24:25.920] {"t":"narrative","f":"change_state","a":"////videocam://"},
[21:24:25.974] "/payments:/i3d-simple:phong_head_sphere_kfb/i2d-scene:mf2d0/videocam:/ui-msgbg:/shot-fixed:",
[21:24:25.974] "////videocam://",
[21:24:25.974] {},
[21:24:35.923] {"t":"camera3d","f":"panflyBy","a":{"r":-0.7854,"d":4}},
[21:24:35.961] "/payments:/i3d-simple:phong_head_sphere_kfb/i2d-scene:mf2d0/videocam:/ui-msgbg:/shot-anim:scope3",
[21:24:35.961] "//////shot-anim:scope3",
[21:24:35.962] {"delta":{"timeline":{"p":{"paused":true,"repeat":0},"actors":{"i3d:camera:rotation":[{"dur":4,"p":{"y":-0.7854,"immediateRender":false}}]}}}},
[21:24:50.922] {"t":"camera3d","f":"tiltflyBy","a":{"r":-0.7854,"d":4}},
[21:24:50.970] "/payments:/i3d-simple:phong_head_sphere_kfb/i2d-scene:mf2d0/videocam:/ui-msgbg:/shot-anim:scope4",
[21:24:50.970] "//////shot-anim:scope4",
[21:24:50.970] {"delta":{"timeline":{"p":{"paused":true,"repeat":0},"actors":{"i3d:camera:rotation":[{"dur":4,"p":{"x":-0.7854,"immediateRender":false}}]}}}},
[21:25:00.923] {"t":"narrative","f":"change_state","a":"////base-skycube:test_cube//"},
[21:25:01.388] "/payments:/i3d-simple:phong_head_sphere_kfb/i2d-scene:mf2d0/base-skycube:test_cube/ui-msgbg:/shot-anim:scope4",
[21:25:01.389] "////base-skycube:test_cube//",
