[21:34:15.766] {"t":"narrative","f":"change_scene","a":"payments"},
[21:34:16.212] "/payments:/i3d-simple:phong_head_sphere_kfb/i2d-empty:/black:/ui-msgbg:/shot-fixed:",
[21:34:16.213] "/payments:/i3d-simple:phong_head_sphere_kfb/i2d-empty:/black://",
[21:34:16.214] {},
[21:34:25.762] {"t":"narrative","f":"change_state","a":"///i2d-scene:mf2d0///"},
[21:34:25.884] "/payments:/i3d-simple:phong_head_sphere_kfb/i2d-scene:mf2d0/black:/ui-msgbg:/shot-fixed:",
[21:34:25.884] "///i2d-scene:mf2d0///",
[21:34:25.884] {},
[21:34:40.763] {"t":"narrative","f":"change_state","a":"////videocam://"},
[21:34:40.788] "/payments:/i3d-simple:phong_head_sphere_kfb/i2d-scene:mf2d0/videocam:/ui-msgbg:/shot-fixed:",
[21:34:40.788] "////videocam://",
[21:34:40.788] {},
[21:34:55.767] {"t":"camera3d","f":"panflyBy","a":{"r":-0.7854,"d":4}},
[21:34:55.802] "//////shot-anim:scope3",
[21:34:55.801] "/payments:/i3d-simple:phong_head_sphere_kfb/i2d-scene:mf2d0/videocam:/ui-msgbg:/shot-anim:scope3",
[21:34:55.802] {"delta":{"timeline":{"p":{"paused":true,"repeat":0},"actors":{"i3d:camera:rotation":[{"dur":4,"p":{"y":-0.7854,"immediateRender":false}}]}}}},
[21:35:10.766] {"t":"camera3d","f":"tiltflyBy","a":{"r":-0.7854,"d":4}},
[21:35:10.779] "/payments:/i3d-simple:phong_head_sphere_kfb/i2d-scene:mf2d0/videocam:/ui-msgbg:/shot-anim:scope4",
[21:35:10.780] "//////shot-anim:scope4",
[21:35:10.780] {"delta":{"timeline":{"p":{"paused":true,"repeat":0},"actors":{"i3d:camera:rotation":[{"dur":4,"p":{"x":-0.7854,"immediateRender":false}}]}}}},
[21:35:20.767] {"t":"narrative","f":"change_state","a":"////base-skycube:test_cube//"},
[21:35:21.244] "/payments:/i3d-simple:phong_head_sphere_kfb/i2d-scene:mf2d0/base-skycube:test_cube/ui-msgbg:/shot-anim:scope4",
[21:35:21.246] "////base-skycube:test_cube//",
[21:35:35.767] {"t":"camera3d","f":"panflyTo","a":{"r":0.7854,"d":4}},
[21:35:35.811] "/payments:/i3d-simple:phong_head_sphere_kfb/i2d-scene:mf2d0/base-skycube:test_cube/ui-msgbg:/shot-anim:scope6",
[21:35:35.811] "//////shot-anim:scope6",
[21:35:35.812] {"delta":{"timeline":{"p":{"paused":true,"repeat":0},"actors":{"i3d:camera:rotation":[{"dur":4,"p":{"y":0.7854,"immediateRender":false}}]}}}},
[21:35:50.767] {"t":"camera3d","f":"home","a":{"d":3}},
[21:35:50.793] "/payments:/i3d-simple:phong_head_sphere_kfb/i2d-scene:mf2d0/base-skycube:test_cube/ui-msgbg:/shot-anim:scope7",
[21:35:50.794] "//////shot-anim:scope7",
[21:35:50.794] {"delta":{"timeline":{"p":{"paused":true,"repeat":0},"actors":{"i3d:camera:rotation":[{"dur":3,"p":{"x":0,"y":0,"z":0,"immediateRender":false}}],"i3d:csphere:position":[{"dur":3,"p":{"x":0,"y":0,"z":0,"immediateRender":false}}],"i3d:csphere:scale":[{"dur":3,"p":{"x":1,"y":1,"z":1,"immediateRender":false}}],"i3d:csphere:rotation":[{"dur":3,"p":{"x":0,"y":0,"z":0,"immediateRender":false}}],"i2d:plane":[{"dur":3,"p":{"x":0,"y":0,"immediateRender":false}}],"i2d:zoom_plane":[{"dur":3,"p":{"rotation":0,"scale":1,"svgOrigin":"0% 0%","immediateRender":false}}]}}}},
