[21:50:33.471] {"t":"narrative","f":"change_scene","a":"payments"},
[21:50:33.904] "/payments:/i3d-simple:phong_head_sphere_kfb/i2d-empty:/black:/ui-msgbg:/shot-fixed:",
[21:50:33.904] "/payments:/i3d-simple:phong_head_sphere_kfb/i2d-empty:/black://",
[21:50:33.904] "@@@ nar: this.scope() = [object Object]",
[21:50:33.905] {},
[21:50:43.469] {"t":"camera3d","f":"panflyBy","a":{"r":-0.7854,"d":4}},
[21:50:43.537] "/payments:/i3d-simple:phong_head_sphere_kfb/i2d-empty:/black:/ui-msgbg:/shot-anim:scope1",
[21:50:43.537] "//////shot-anim:scope1",
[21:50:43.538] "@@@ nar: this.scope() = [object Object]",
[21:50:43.538] {"delta":{"timeline":{"p":{"paused":true,"repeat":0},"actors":{"i3d:camera:rotation":[{"dur":4,"p":{"y":-0.7854,"immediateRender":false}}]}}}},
[21:50:58.471] {"t":"narrative","f":"change_state","a":"////base-skycube:test_cube//"},
[21:50:58.617] "/payments:/i3d-simple:phong_head_sphere_kfb/i2d-empty:/base-skycube:test_cube/ui-msgbg:/shot-anim:scope1",
[21:50:58.617] "////base-skycube:test_cube//",
[21:50:58.617] "@@@ nar: this.scope() = [object Object]",
[21:51:13.472] {"t":"camera3d","f":"panflyTo","a":{"r":0.7854,"d":4}},
[21:51:13.487] "/payments:/i3d-simple:phong_head_sphere_kfb/i2d-empty:/base-skycube:test_cube/ui-msgbg:/shot-anim:scope3",
[21:51:13.488] "//////shot-anim:scope3",
[21:51:13.488] "@@@ nar: this.scope() = [object Object]",
[21:51:13.488] {"delta":{"timeline":{"p":{"paused":true,"repeat":0},"actors":{"i3d:camera:rotation":[{"dur":4,"p":{"y":0.7854,"immediateRender":false}}]}}}},
[21:51:23.474] {"t":"camera3d","f":"home","a":{"d":3}},
[21:51:23.501] "/payments:/i3d-simple:phong_head_sphere_kfb/i2d-empty:/base-skycube:test_cube/ui-msgbg:/shot-anim:scope4",
[21:51:23.501] "//////shot-anim:scope4",
[21:51:23.502] "@@@ nar: this.scope() = [object Object]",
[21:51:23.503] {"delta":{"timeline":{"p":{"paused":true,"repeat":0},"actors":{"i3d:camera:rotation":[{"dur":3,"p":{"x":0,"y":0,"z":0,"immediateRender":false}}],"i3d:csphere:position":[{"dur":3,"p":{"x":0,"y":0,"z":0,"immediateRender":false}}],"i3d:csphere:scale":[{"dur":3,"p":{"x":1,"y":1,"z":1,"immediateRender":false}}],"i3d:csphere:rotation":[{"dur":3,"p":{"x":0,"y":0,"z":0,"immediateRender":false}}],"i2d:plane":[{"dur":3,"p":{"x":0,"y":0,"immediateRender":false}}],"i2d:zoom_plane":[{"dur":3,"p":{"rotation":0,"scale":1,"svgOrigin":"0% 0%","immediateRender":false}}]}}}},
