[23:10:40.214] {"t":"narrative","f":"change_scene","a":"payments"},
[23:10:40.700] "/payments:/i3d-simple:phong_head_sphere_kfb/i2d-empty:/black:/ui-msgbg:/shot-fixed:",
[23:10:40.700] "/payments:/i3d-simple:phong_head_sphere_kfb/i2d-empty:/black://",
[23:10:40.700] {},
[23:10:50.211] {"t":"camera3d","f":"panflyBy","a":{"r":-0.7854,"d":4}},
[23:10:50.232] "/payments:/i3d-simple:phong_head_sphere_kfb/i2d-empty:/black:/ui-msgbg:/shot-anim:scope1",
[23:10:50.233] "//////shot-anim:scope1",
[23:10:50.234] {"delta":{"timeline":{"p":{"paused":true,"repeat":0},"actors":{"i3d:camera:rotation":[{"dur":4,"p":{"y":-0.7854,"immediateRender":false}}]}}}},
[23:11:00.211] {"t":"narrative","f":"change_state","a":"////base-skycube:test_cube//shot-fixed:"},
[23:11:00.368] "/payments:/i3d-simple:phong_head_sphere_kfb/i2d-empty:/base-skycube:test_cube/ui-msgbg:/shot-fixed:",
[23:11:00.369] "////base-skycube:test_cube//shot-fixed:",
[23:11:00.370] {},
[23:11:15.212] {"t":"camera3d","f":"panflyTo","a":{"r":0.7854,"d":4}},
[23:11:15.241] "/payments:/i3d-simple:phong_head_sphere_kfb/i2d-empty:/base-skycube:test_cube/ui-msgbg:/shot-anim:scope3",
[23:11:15.241] "//////shot-anim:scope3",
[23:11:15.242] {"delta":{"timeline":{"p":{"paused":true,"repeat":0},"actors":{"i3d:camera:rotation":[{"dur":4,"p":{"y":0.7854,"immediateRender":false}}]}}}},
[23:11:25.211] {"t":"camera3d","f":"home","a":{"d":3}},
[23:11:25.276] "/payments:/i3d-simple:phong_head_sphere_kfb/i2d-empty:/base-skycube:test_cube/ui-msgbg:/shot-anim:scope4",
[23:11:25.276] "//////shot-anim:scope4",
[23:11:25.277] {"delta":{"timeline":{"p":{"paused":true,"repeat":0},"actors":{"i3d:camera:rotation":[{"dur":3,"p":{"x":0,"y":0,"z":0,"immediateRender":false}}],"i3d:csphere:position":[{"dur":3,"p":{"x":0,"y":0,"z":0,"immediateRender":false}}],"i3d:csphere:scale":[{"dur":3,"p":{"x":1,"y":1,"z":1,"immediateRender":false}}],"i3d:csphere:rotation":[{"dur":3,"p":{"x":0,"y":0,"z":0,"immediateRender":false}}],"i2d:plane":[{"dur":3,"p":{"x":0,"y":0,"immediateRender":false}}],"i2d:zoom_plane":[{"dur":3,"p":{"rotation":0,"scale":1,"svgOrigin":"0% 0%","immediateRender":false}}]}}}},
