[23:21:43.876] {"t":"narrative","f":"change_scene","a":"payments"},
[23:21:44.257] "/payments:/i3d-simple:phong_head_sphere_kfb/i2d-empty:/black:/ui-msgbg:/shot-fixed:",
[23:21:44.257] {},
[23:21:44.257] "/payments:/i3d-simple:phong_head_sphere_kfb/i2d-empty:/black://",
[23:21:58.876] {"t":"camera3d","f":"panflyBy","a":{"r":-0.7854,"d":4}},
[23:21:58.892] "/payments:/i3d-simple:phong_head_sphere_kfb/i2d-empty:/black:/ui-msgbg:/shot-anim:scope1",
[23:21:58.892] "//////shot-anim:scope1",
[23:21:58.893] {"delta":{"timeline":{"p":{"paused":true,"repeat":0},"actors":{"i3d:camera:rotation":[{"dur":4,"p":{"y":-0.7854,"immediateRender":false}}]}}}},
[23:22:13.877] {"t":"narrative","f":"change_state","a":"////base-skycube:test_cube//shot-fixed:"},
[23:22:14.002] "/payments:/i3d-simple:phong_head_sphere_kfb/i2d-empty:/base-skycube:test_cube/ui-msgbg:/shot-fixed:",
[23:22:14.002] {},
[23:22:14.002] "////base-skycube:test_cube//shot-fixed:",
[23:22:23.877] {"t":"camera3d","f":"panflyTo","a":{"r":0.7854,"d":4}},
[23:22:23.894] "/payments:/i3d-simple:phong_head_sphere_kfb/i2d-empty:/base-skycube:test_cube/ui-msgbg:/shot-anim:scope3",
[23:22:23.894] "//////shot-anim:scope3",
[23:22:23.895] {"delta":{"timeline":{"p":{"paused":true,"repeat":0},"actors":{"i3d:camera:rotation":[{"dur":4,"p":{"y":0.7854,"immediateRender":false}}]}}}},
[23:22:33.890] {"t":"camera3d","f":"home","a":{"d":3}},
[23:22:33.891] "/payments:/i3d-simple:phong_head_sphere_kfb/i2d-empty:/base-skycube:test_cube/ui-msgbg:/shot-anim:scope4",
[23:22:33.892] "//////shot-anim:scope4",
[23:22:33.892] {"delta":{"timeline":{"p":{"paused":true,"repeat":0},"actors":{"i3d:camera:rotation":[{"dur":3,"p":{"x":0,"y":0,"z":0,"immediateRender":false}}],"i3d:csphere:position":[{"dur":3,"p":{"x":0,"y":0,"z":0,"immediateRender":false}}],"i3d:csphere:scale":[{"dur":3,"p":{"x":1,"y":1,"z":1,"immediateRender":false}}],"i3d:csphere:rotation":[{"dur":3,"p":{"x":0,"y":0,"z":0,"immediateRender":false}}],"i2d:plane":[{"dur":3,"p":{"x":0,"y":0,"immediateRender":false}}],"i2d:zoom_plane":[{"dur":3,"p":{"rotation":0,"scale":1,"svgOrigin":"0% 0%","immediateRender":false}}]}}}},
