[18:38:21.400] {"t":"narrative","f":"change_scene","a":"stocks"},
[18:38:21.929] "/stocks:/i3d-jsonmodels:phonghead_kfb/i2d-scene:defsuse0/grid:/ui-msgbg:/shot-fixed:",
[18:38:21.929] "/stocks:/i3d-jsonmodels:phonghead_kfb/i2d-scene:defsuse0/grid://",
[18:38:21.930] {},
[18:38:45.123] {"t":"camera3d1","f":"toggle_csphere","a":false},
[18:38:45.136] "/stocks:/i3d-jsonmodels:phonghead_kfb/i2d-scene:defsuse0/grid:/ui-msgbg:/shot-fixed:scope1",
[18:38:45.136] "//////shot-fixed:scope1",
[18:38:45.140] {"delta-t":"camera3d","f":"toggle_csphere","a":false},
[18:38:48.548] {"t":"camera3d1","f":"toggle_csphere","a":true},
[18:38:48.578] "/stocks:/i3d-jsonmodels:phonghead_kfb/i2d-scene:defsuse0/grid:/ui-msgbg:/shot-fixed:scope2",
[18:38:48.579] "//////shot-fixed:scope2",
[18:38:48.579] {"delta-t":"camera3d","f":"toggle_csphere","a":true},
[18:38:50.272] {"t":"camera3d","f":"toggle_light","a":false},
[18:38:50.298] "/stocks:/i3d-jsonmodels:phonghead_kfb/i2d-scene:defsuse0/grid:/ui-msgbg:/shot-fixed:scope3",
[18:38:50.299] "//////shot-fixed:scope3",
[18:38:50.300] {"delta-t":"camera3d","f":"toggle_light","a":{"name":"back","val":false}},
[18:38:51.709] {"t":"camera3d","f":"toggle_light","a":true},
[18:38:51.734] "/stocks:/i3d-jsonmodels:phonghead_kfb/i2d-scene:defsuse0/grid:/ui-msgbg:/shot-fixed:scope4",
[18:38:51.743] "//////shot-fixed:scope4",
[18:38:51.743] {"delta-t":"camera3d","f":"toggle_light","a":{"name":"back","val":true}},
[18:38:53.629] {"t":"camera3d","f":"toggle_light","a":false},
[18:38:53.675] "/stocks:/i3d-jsonmodels:phonghead_kfb/i2d-scene:defsuse0/grid:/ui-msgbg:/shot-fixed:scope5",
[18:38:53.677] "//////shot-fixed:scope5",
[18:38:53.678] {"delta-t":"camera3d","f":"toggle_light","a":{"name":"fill","val":false}},
[18:38:55.245] {"t":"camera3d","f":"toggle_light","a":true},
[18:38:55.286] "//////shot-fixed:scope6",
[18:38:55.286] {"delta-t":"camera3d","f":"toggle_light","a":{"name":"fill","val":true}},
[18:38:55.286] "/stocks:/i3d-jsonmodels:phonghead_kfb/i2d-scene:defsuse0/grid:/ui-msgbg:/shot-fixed:scope6",
[18:38:57.235] {"t":"camera3d","f":"toggle_light","a":false},
[18:38:57.266] "/stocks:/i3d-jsonmodels:phonghead_kfb/i2d-scene:defsuse0/grid:/ui-msgbg:/shot-fixed:scope7",
[18:38:57.267] {"delta-t":"camera3d","f":"toggle_light","a":{"name":"key","val":false}},
[18:38:57.267] "//////shot-fixed:scope7",
[18:38:58.730] {"t":"camera3d","f":"toggle_light","a":true},
[18:38:58.739] "/stocks:/i3d-jsonmodels:phonghead_kfb/i2d-scene:defsuse0/grid:/ui-msgbg:/shot-fixed:scope8",
[18:38:58.740] "//////shot-fixed:scope8",
[18:38:58.740] {"delta-t":"camera3d","f":"toggle_light","a":{"name":"key","val":true}},
[18:39:01.255] "/stocks:/i3d-jsonmodels:phonghead_kfb/i2d-scene:defsuse0/grid:/ui-msgbg:/shot-anim:scope9",
[18:39:01.274] "//////shot-anim:scope9",
[18:39:01.275] {"delta":{"timeline":{"p":{"paused":true,"repeat":0},"actors":{"i3d:camera:rotation":[{"dur":3,"p":{"y":-0.19635,"immediateRender":false}}]}}}},
[18:39:06.412] {"t":"camera3d","f":"center","a":{"d":3}},
[18:39:06.421] "/stocks:/i3d-jsonmodels:phonghead_kfb/i2d-scene:defsuse0/grid:/ui-msgbg:/shot-anim:scope10",
[18:39:06.421] "//////shot-anim:scope10",
[18:39:06.423] {"delta":{"timeline":{"p":{"paused":true,"repeat":0},"actors":{"i3d:camera:rotation":[{"dur":3,"p":{"x":0,"y":0,"z":0,"immediateRender":false}}],"i3d:csphere:position":[{"dur":3,"p":{"x":0,"y":0,"z":0,"immediateRender":false}}],"i3d:csphere:rotation":[{"dur":3,"p":{"x":0,"y":0,"z":0,"immediateRender":false}}],"i2d:plane":[{"dur":3,"p":{"x":0,"y":0,"immediateRender":false}}],"i2d:zoom_plane":[{"dur":3,"p":{"rotation":0,"svgOrigin":"0% 0%","immediateRender":false}}]}}}},
[18:39:11.435] "/stocks:/i3d-jsonmodels:phonghead_kfb/i2d-scene:defsuse0/grid:/ui-msgbg:/shot-anim:scope11",
[18:39:11.435] "//////shot-anim:scope11",
[18:39:11.436] {"delta":{"timeline":{"p":{"paused":true,"repeat":0},"actors":{"i3d:camera:rotation":[{"dur":3,"p":{"x":0.19635,"immediateRender":false}}]}}}},
[18:39:16.631] {"t":"camera3d","f":"home","a":{"d":3}},
[18:39:16.649] "/stocks:/i3d-jsonmodels:phonghead_kfb/i2d-scene:defsuse0/grid:/ui-msgbg:/shot-anim:scope12",
[18:39:16.650] "//////shot-anim:scope12",
[18:39:16.651] {"delta":{"timeline":{"p":{"paused":true,"repeat":0},"actors":{"i3d:camera:rotation":[{"dur":3,"p":{"x":0,"y":0,"z":0,"immediateRender":false}}],"i3d:csphere:position":[{"dur":3,"p":{"x":0,"y":0,"z":0,"immediateRender":false}}],"i3d:csphere:scale":[{"dur":3,"p":{"x":1,"y":1,"z":1,"immediateRender":false}}],"i3d:csphere:rotation":[{"dur":3,"p":{"x":0,"y":0,"z":0,"immediateRender":false}}],"i2d:plane":[{"dur":3,"p":{"x":0,"y":0,"immediateRender":false}}],"i2d:zoom_plane":[{"dur":3,"p":{"rotation":0,"scale":1,"svgOrigin":"0% 0%","immediateRender":false}}]}}}},
