[19:59:32.556] {"t":"narrative","f":"change_scene","a":"circle"},
[19:59:32.936] "/circle:/i3d-simple:simple_red/i2d-scene:disks0/base-skycube:test_cube/ui-msgbg:/shot-graft:a0",
[19:59:32.936] "/circle:/i3d-simple:simple_red/i2d-scene:disks0/base-skycube:test_cube//shot-graft:a0",
[19:59:32.938] {"delta":{"timeline":[{"id":"cube0_1","dur":10,"p":{"scale":[1,1,1]},"delay":2}],"branches":{"cube0":{"children":{"cube0_2":{"form":{"type":"'cube.i3d'","x":0,"y":0,"z":0,"textureurl":"./images/sky.jpg","w":20,"h":20,"d":20,"color":"blue","transparent":true,"opacity":1},"transform":{"t":[-20,-10,0],"s":[0.25,1,0.25]},"children":{}},"cube0_3":{"form":{"type":"'cube.i3d'","x":0,"y":-20,"z":0,"textureurl":"sky_jpg","w":20,"h":40,"d":20,"color":"blue","transparent":true,"opacity":1},"transform":{"t":[20,0,0],"s":[0.5,1,0.5]},"children":{}}}}}}},
[19:59:42.550] {"t":"narrative","f":"change_state","a":"/circle:/i3d-simple:simple_red/i2d-scene:mf2d0/base-skycube:test_cube/ui-msgbg:/shot-fixed:"},
[19:59:42.697] "/circle:/i3d-simple:simple_red/i2d-scene:mf2d0/base-skycube:test_cube/ui-msgbg:/shot-fixed:",
[19:59:42.697] "///i2d-scene:mf2d0///shot-fixed:",
[19:59:42.698] {},
[19:59:57.564] {"t":"narrative","f":"change_scene","a":"stocks"},
[19:59:58.543] "/stocks:/i3d-jsonmodels:phonghead_kfb/i2d-scene:defsuse0/grid:/ui-msgbg:/shot-fixed:",
[19:59:58.544] "/stocks:/i3d-jsonmodels:phonghead_kfb/i2d-scene:defsuse0/grid://",
[19:59:58.544] {},
[20:00:12.557] {"t":"narrative","f":"change_state","a":"///i2d-scene:mf2d0///"},
[20:00:12.737] "/stocks:/i3d-jsonmodels:phonghead_kfb/i2d-scene:mf2d0/grid:/ui-msgbg:/shot-fixed:",
[20:00:12.738] "///i2d-scene:mf2d0///",
[20:00:12.739] {},
[20:00:27.561] {"t":"narrative","f":"change_state","a":"////videocam://"},
[20:00:27.722] "/stocks:/i3d-jsonmodels:phonghead_kfb/i2d-scene:mf2d0/videocam:/ui-msgbg:/shot-fixed:",
[20:00:27.722] "////videocam://",
[20:00:27.722] {},
[20:00:37.557] {"t":"camera3d","f":"panflyBy","a":{"r":-0.7854,"d":4}},
[20:00:37.620] "/stocks:/i3d-jsonmodels:phonghead_kfb/i2d-scene:mf2d0/videocam:/ui-msgbg:/shot-anim:scope5",
[20:00:37.621] "//////shot-anim:scope5",
[20:00:37.622] {"delta":{"timeline":{"p":{"paused":true,"repeat":0},"actors":{"i3d:camera:rotation":[{"dur":4,"p":{"y":-0.7854,"immediateRender":false}}]}}}},
[20:00:49.182] "/stocks:/i3d-jsonmodels:phonghead_kfb/i2d-scene:mf2d0/videocam:/ui-msgbg:/shot-anim:scope6",
[20:00:49.209] "//////shot-anim:scope6",
[20:00:49.210] {"delta":{"timeline":{"p":{"paused":true,"repeat":0},"actors":{"i3d:camera:rotation":[{"dur":3,"p":{"x":0.19635,"immediateRender":false}}]}}}},
[20:00:52.558] "/stocks:/i3d-jsonmodels:phonghead_kfb/i2d-scene:mf2d0/videocam:/ui-msgbg:/shot-anim:scope7",
[20:00:52.585] "//////shot-anim:scope7",
[20:00:52.587] {"delta":{"timeline":{"p":{"paused":true,"repeat":0},"actors":{"i3d:camera:rotation":[{"dur":3,"p":{"y":-0.58905,"immediateRender":false}}]}}}},
