[20:09:54.813] {"t":"narrative","f":"change_scene","a":"circle"},
[20:09:55.157] "/circle:/i3d-simple:simple_red/i2d-scene:disks0/base-skycube:test_cube/ui-msgbg:/shot-graft:a0",
[20:09:55.158] "/circle:/i3d-simple:simple_red/i2d-scene:disks0/base-skycube:test_cube//shot-graft:a0",
[20:09:55.159] {"delta":{"timeline":[{"id":"cube0_1","dur":10,"p":{"scale":[1,1,1]},"delay":2}],"branches":{"cube0":{"children":{"cube0_2":{"form":{"type":"'cube.i3d'","x":0,"y":0,"z":0,"textureurl":"./images/sky.jpg","w":20,"h":20,"d":20,"color":"blue","transparent":true,"opacity":1},"transform":{"t":[-20,-10,0],"s":[0.25,1,0.25]},"children":{}},"cube0_3":{"form":{"type":"'cube.i3d'","x":0,"y":-20,"z":0,"textureurl":"sky_jpg","w":20,"h":40,"d":20,"color":"blue","transparent":true,"opacity":1},"transform":{"t":[20,0,0],"s":[0.5,1,0.5]},"children":{}}}}}}},
[20:10:04.811] {"t":"narrative","f":"change_state","a":"/circle:/i3d-simple:simple_red/i2d-scene:mf2d0/base-skycube:test_cube/ui-msgbg:/shot-fixed:"},
[20:10:04.962] "/circle:/i3d-simple:simple_red/i2d-scene:mf2d0/base-skycube:test_cube/ui-msgbg:/shot-fixed:",
[20:10:04.962] "///i2d-scene:mf2d0///shot-fixed:",
[20:10:04.962] {},
[20:10:14.810] {"t":"narrative","f":"change_scene","a":"stocks"},
[20:10:15.754] "/stocks:/i3d-jsonmodels:phonghead_kfb/i2d-scene:defsuse0/grid:/ui-msgbg:/shot-fixed:",
[20:10:15.756] "/stocks:/i3d-jsonmodels:phonghead_kfb/i2d-scene:defsuse0/grid://",
[20:10:15.756] {},
[20:10:29.827] {"t":"narrative","f":"change_state","a":"///i2d-scene:mf2d0///"},
[20:10:29.999] "///i2d-scene:mf2d0///",
[20:10:29.999] {},
[20:10:29.999] "/stocks:/i3d-jsonmodels:phonghead_kfb/i2d-scene:mf2d0/grid:/ui-msgbg:/shot-fixed:",
[20:10:44.812] {"t":"narrative","f":"change_state","a":"////videocam://"},
[20:10:44.883] "/stocks:/i3d-jsonmodels:phonghead_kfb/i2d-scene:mf2d0/videocam:/ui-msgbg:/shot-fixed:",
[20:10:44.884] "////videocam://",
[20:10:44.884] {},
[20:10:54.814] {"t":"camera3d","f":"panflyBy","a":{"r":-0.7854,"d":4}},
[20:10:54.872] "/stocks:/i3d-jsonmodels:phonghead_kfb/i2d-scene:mf2d0/videocam:/ui-msgbg:/shot-anim:scope5",
[20:10:54.872] "//////shot-anim:scope5",
[20:10:54.873] {"delta":{"timeline":{"p":{"paused":true,"repeat":0},"actors":{"i3d:camera:rotation":[{"dur":4,"p":{"y":-0.7854,"immediateRender":false}}]}}}},
[20:11:09.817] {"t":"camera3d","f":"tiltflyBy","a":{"r":-0.7854,"d":4}},
[20:11:09.865] "/stocks:/i3d-jsonmodels:phonghead_kfb/i2d-scene:mf2d0/videocam:/ui-msgbg:/shot-anim:scope6",
[20:11:09.865] "//////shot-anim:scope6",
[20:11:09.866] {"delta":{"timeline":{"p":{"paused":true,"repeat":0},"actors":{"i3d:camera:rotation":[{"dur":4,"p":{"x":-0.7854,"immediateRender":false}}]}}}},
[20:11:18.187] "/stocks:/i3d-jsonmodels:phonghead_kfb/i2d-scene:mf2d0/videocam:/ui-msgbg:/shot-anim:scope7",
[20:11:18.189] "//////shot-anim:scope7",
[20:11:18.190] {"delta":{"timeline":{"p":{"paused":true,"repeat":0},"actors":{"i3d:camera:rotation":[{"dur":3,"p":{"y":-0.98175,"immediateRender":false}}]}}}},
[20:11:21.173] {"t":"narrative","f":"change_state","a":"////base-skycube:test_cube//"},
[20:11:21.621] "/stocks:/i3d-jsonmodels:phonghead_kfb/i2d-scene:mf2d0/base-skycube:test_cube/ui-msgbg:/shot-anim:scope7",
[20:11:21.621] "////base-skycube:test_cube//",
[20:11:21.653] "/stocks:/i3d-jsonmodels:phonghead_kfb/i2d-scene:mf2d0/base-skycube:test_cube/ui-msgbg:/shot-anim:scope9",
[20:11:21.653] "//////shot-anim:scope9",
[20:11:21.654] {"delta":{"timeline":{"p":{"paused":true,"repeat":0},"actors":{"i3d:camera:rotation":[{"dur":3,"p":{"y":-0.7854,"immediateRender":false}}]}}}},
[20:11:39.818] {"t":"camera3d","f":"panflyBy","a":{"r":0.7854,"d":4}},
[20:11:39.861] "/stocks:/i3d-jsonmodels:phonghead_kfb/i2d-scene:mf2d0/base-skycube:test_cube/ui-msgbg:/shot-anim:scope10",
[20:11:39.862] "//////shot-anim:scope10",
[20:11:39.862] {"delta":{"timeline":{"p":{"paused":true,"repeat":0},"actors":{"i3d:camera:rotation":[{"dur":4,"p":{"y":0,"immediateRender":false}}]}}}},
[20:11:49.819] {"t":"camera3d","f":"tiltflyBy","a":{"r":0.7854,"d":4}},
[20:11:49.870] "/stocks:/i3d-jsonmodels:phonghead_kfb/i2d-scene:mf2d0/base-skycube:test_cube/ui-msgbg:/shot-anim:scope11",
[20:11:49.871] "//////shot-anim:scope11",
[20:11:49.872] {"delta":{"timeline":{"p":{"paused":true,"repeat":0},"actors":{"i3d:camera:rotation":[{"dur":4,"p":{"x":0,"immediateRender":false}}]}}}},
