[20:40:56.400] {"t":"narrative","f":"change_scene","a":"circle"},
[20:40:56.734] "/circle:/i3d-simple:simple_red/i2d-scene:disks0/base-skycube:test_cube/ui-msgbg:/shot-graft:a0",
[20:40:56.734] "/circle:/i3d-simple:simple_red/i2d-scene:disks0/base-skycube:test_cube//shot-graft:a0",
[20:40:56.735] {"delta":{"timeline":[{"id":"cube0_1","dur":10,"p":{"scale":[1,1,1]},"delay":2}],"branches":{"cube0":{"children":{"cube0_2":{"form":{"type":"'cube.i3d'","x":0,"y":0,"z":0,"textureurl":"./images/sky.jpg","w":20,"h":20,"d":20,"color":"blue","transparent":true,"opacity":1},"transform":{"t":[-20,-10,0],"s":[0.25,1,0.25]},"children":{}},"cube0_3":{"form":{"type":"'cube.i3d'","x":0,"y":-20,"z":0,"textureurl":"sky_jpg","w":20,"h":40,"d":20,"color":"blue","transparent":true,"opacity":1},"transform":{"t":[20,0,0],"s":[0.5,1,0.5]},"children":{}}}}}}},
[20:41:11.399] {"t":"narrative","f":"change_state","a":"/circle:/i3d-simple:simple_red/i2d-scene:mf2d0/base-skycube:test_cube/ui-msgbg:/shot-fixed:"},
[20:41:11.547] "/circle:/i3d-simple:simple_red/i2d-scene:mf2d0/base-skycube:test_cube/ui-msgbg:/shot-fixed:",
[20:41:11.547] "///i2d-scene:mf2d0///shot-fixed:",
[20:41:11.547] {},
[20:41:21.399] {"t":"narrative","f":"change_scene","a":"stocks"},
[20:41:22.303] "/stocks:/i3d-jsonmodels:phonghead_kfb/i2d-scene:defsuse0/grid:/ui-msgbg:/shot-fixed:",
[20:41:22.304] "/stocks:/i3d-jsonmodels:phonghead_kfb/i2d-scene:defsuse0/grid://",
[20:41:22.304] {},
[20:41:36.404] {"t":"narrative","f":"change_state","a":"///i2d-scene:mf2d0///"},
[20:41:36.586] "/stocks:/i3d-jsonmodels:phonghead_kfb/i2d-scene:mf2d0/grid:/ui-msgbg:/shot-fixed:",
[20:41:36.586] "///i2d-scene:mf2d0///",
[20:41:36.586] {},
[20:41:51.411] {"t":"narrative","f":"change_state","a":"////videocam://"},
[20:41:51.508] "/stocks:/i3d-jsonmodels:phonghead_kfb/i2d-scene:mf2d0/videocam:/ui-msgbg:/shot-fixed:",
[20:41:51.508] "////videocam://",
[20:41:51.508] {},
[20:42:01.416] {"t":"narrative","f":"change_state","a":"////base-skycube:test_cube//"},
[20:42:01.525] "/stocks:/i3d-jsonmodels:phonghead_kfb/i2d-scene:mf2d0/base-skycube:test_cube/ui-msgbg:/shot-fixed:",
[20:42:01.526] "////base-skycube:test_cube//",
[20:42:01.527] {},
