[22:50:04.829] {"t":"camera3d","f":"place","a":12},
[22:50:04.829] {"t":"camerasphere","f":"create","a":"csphere"},
[22:50:04.830] {"t":"camerasphere","f":"children","a":1},
[22:50:08.767] {"t":"Mediator","f":"component","a":"narrative"},
[22:50:09.442] {"t":"app","f":"onEnter","a":{"name":"stocks:"}},
[22:50:09.443] {"t":"app","f":"onEnter","a":{"name":"i3d-jsonmodels:phongballchair_kfb"}},
[22:50:09.443] {"t":"app","f":"onEnter","a":{"name":"i2d-scene:defsuse0"}},
[22:50:09.443] {"t":"camera3d","f":"changeTemplateScene"},
[22:50:09.444] {"t":"app","f":"onEnter","a":{"name":"grid:"}},
[22:50:09.445] {"t":"app","f":"onEnter","a":{"name":"2S:"}},
[22:50:09.446] {"t":"timeline","f":"play"},
[22:50:09.446] {"t":"camera3d","f":"addActorToScene","a":"csphere"},
[22:50:09.446] {"t":"camera3d","f":"addActorToScene","a":"axes0"},
[22:50:09.446] {"t":"camera3d","f":"addActorToScene","a":"key"},
[22:50:09.446] {"t":"camera3d","f":"addActorToScene","a":"back"},
[22:50:09.446] {"t":"camera3d","f":"addActorToScene","a":"fill"},
[22:50:09.986] {"t":"camera3d","f":"addActorToScene","a":"ball_chair"},
[22:50:17.938] {"t":"Mediator","f":"component","a":"narrative"},
[22:50:18.555] {"t":"app","f":"onEnter","a":{"name":"payments:"}},
[22:50:18.559] {"t":"app","f":"onEnter","a":{"name":"i3d-simple:phong_head_sphere_kfb"}},
[22:50:18.559] {"t":"camera3d","f":"changeTemplateScene"},
[22:50:18.561] {"t":"app","f":"onEnter","a":{"name":"i2d-empty:"}},
[22:50:18.562] {"t":"app","f":"onEnter","a":{"name":"black:"}},
[22:50:18.562] {"t":"app","f":"onEnter","a":{"name":"CU:"}},
[22:50:18.563] {"t":"timeline","f":"play"},
[22:50:18.564] {"t":"camera3d","f":"addActorToScene","a":"csphere"},
[22:50:18.564] {"t":"camera3d","f":"addActorToScene","a":"axes0"},
[22:50:18.565] {"t":"camera3d","f":"addActorToScene","a":"sphere_phong"},
[22:50:18.565] {"t":"camera3d","f":"addActorToScene","a":"key"},
[22:50:18.565] {"t":"camera3d","f":"addActorToScene","a":"fill"},
[22:50:18.566] {"t":"camera3d","f":"addActorToScene","a":"back"},
[22:50:18.916] {"t":"camera3d","f":"addActorToScene","a":"head_scan"},
[22:50:19.204] {"t":"camera3d","f":"addActorToScene","a":"head_scan"},
