[15:13:46.451] {"t":"narrative","f":"change_scene","a":"a"},
[15:13:46.721] "/a:/i3d-simple:simple_green/i2d-scene:disks0/base-skycube:test_cube/ui-msgbg:/LS",
[15:13:46.721] "/a:/i3d-simple:simple_green/i2d-scene:disks0/base-skycube:test_cube//LS",
[15:13:46.722] {},
[15:14:01.449] {"t":"narrative","f":"change_scene","a":"a0"},
[15:14:01.572] "/a0:/i3d-simple:simple_green/i2d-scene:disks0/base-skycube:test_cube/ui-msgbg:/shot-graft:scope1",
[15:14:01.572] "/a0://///shot-graft:scope1",
[15:14:01.575] {"delta":{"timeline":{"p":{"repeat":0},"actors":{"i3d:cube0:scale":[{"dur":10,"p":{"x":0.5,"y":0.5,"z":0.5}}]}},"branches":{"cube0":{"children":{"cube0_2":{"form":{"type":"'cube.i3d'","x":0,"y":0,"z":0,"textureurl":"./images/sky.jpg","w":5,"h":10,"d":10,"color":"blue","transparent":true,"opacity":1},"transform":{"t":[-20,-10,0],"s":[0.01,0.01,0.01]},"children":{}},"cube0_3":{"form":{"type":"'cube.i3d'","x":0,"y":-20,"z":0,"textureurl":"sky_jpg","w":5,"h":10,"d":10,"color":"blue","transparent":true,"opacity":1},"transform":{"t":[20,0,0],"s":[0.01,0.01,0.01]},"children":{}}}}}}},
[15:14:11.450] {"t":"narrative","f":"change_scene","a":"a1"},
[15:14:11.539] "/a1:/i3d-simple:simple_green/i2d-scene:disks0/base-skycube:test_cube/ui-msgbg:/shot-graft:scope2",
[15:14:11.539] "/a1://///shot-graft:scope2",
[15:14:11.540] {"delta":{"timeline":{"p":{"repeat":0},"actors":{"i3d:cube0_2:scale":[{"dur":10,"p":{"x":1,"y":1,"z":1}}],"i3d:cube0_3:scale":[{"dur":10,"p":{"x":1,"y":1,"z":1}}]}},"branches":{"cube0_2":{"children":{"s0_2_0":{"form":{"type":"'sphere.i3d'","r":5,"color":"blue","transparent":true,"opacity":0.8},"transform":{"e":[0,-0.785,0],"t":[-10,-10,0],"s":[0.01,0.01,0.01]},"children":{}},"s0_2_1":{"form":{"type":"'sphere.i3d'","r":5,"color":"blue","transparent":true,"opacity":0.8},"transform":{"e":[0,0.785,0],"t":[10,10,0],"s":[0.01,0.01,0.01]},"children":{}}}}}}},
[15:14:21.435] {"t":"narrative","f":"change_scene","a":"a2"},
[15:14:21.468] "/a2:/i3d-simple:simple_green/i2d-scene:disks0/base-skycube:test_cube/ui-msgbg:/shot-graft:scope3",
[15:14:21.468] "/a2://///shot-graft:scope3",
[15:14:21.470] {"delta":{"timeline":{"p":{"repeat":0},"actors":{"i3d:s0_2_0:scale":[{"dur":10,"p":{"x":1,"y":1,"z":1}}],"i3d:s0_2_1:scale":[{"dur":10,"p":{"x":1,"y":1,"z":1}}]}},"branches":{}}},
[15:14:36.473] {"t":"camera3d","f":"dollyflyTo","a":{"x":10,"y":10,"z":-20,"d":4}},
[15:14:36.496] "/a2:/i3d-simple:simple_green/i2d-scene:disks0/base-skycube:test_cube/ui-msgbg:/shot-anim:scope4",
[15:14:36.497] "//////shot-anim:scope4",
[15:14:36.497] {"delta":{"timeline":{"p":{"paused":true,"repeat":0},"actors":{"i3d:csphere:position":[{"dur":4,"p":{"x":10,"y":10,"z":-20,"immediateRender":false}}]}}}},
[15:14:51.472] {"t":"narrative","f":"change_scene","a":"payments"},
[15:14:52.483] "/payments:/i3d-simple:phong_head_sphere_kfb/i2d-empty:/black:/ui-msgbg:/CU:",
[15:14:52.483] "/payments:/i3d-simple:phong_head_sphere_kfb/i2d-empty:/black://CU:",
[15:14:52.484] {},
[15:15:01.473] {"t":"camera3d","f":"toggle_csphere","a":{"val":false}},
[15:15:11.473] {"t":"camera3d","f":"toggle_csphere","a":{"val":true}},
[15:15:26.476] {"t":"camera3d","f":"toggle_light","a":{"name":"key","val":false}},
[15:15:36.478] {"t":"camera3d","f":"toggle_light","a":{"name":"fill","val":false}},
[15:15:51.478] {"t":"camera3d","f":"toggle_light","a":{"name":"back","val":false}},
[15:16:06.479] {"t":"camera3d","f":"toggle_light","a":{"name":"key","val":true}},
[15:16:21.479] {"t":"camera3d","f":"toggle_light","a":{"name":"fill","val":true}},
[15:16:31.482] {"t":"camera3d","f":"toggle_light","a":{"name":"back","val":true}},
[15:16:46.479] {"t":"narrative","f":"change_scene","a":"a"},
[15:16:46.703] "/a:/i3d-simple:simple_green/i2d-scene:disks0/base-skycube:test_cube/ui-msgbg:/LS",
[15:16:46.703] "/a:/i3d-simple:simple_green/i2d-scene:disks0/base-skycube:test_cube//LS",
[15:16:46.704] {},
[15:16:56.483] {"t":"narrative","f":"shot","a":"shot-graft:{\"delta\":{\"timeline\":{\"p\":{\"repeat\":0},\"actors\":{\"i3d:cube0:scale\":[{\"dur\":10,\"p\":{\"x\":0.5,\"y\":0.5,\"z\":0.5}}]}},\"branches\":{\"cube0\":{\"children\":{\"cube0_2\":{\"form\":{\"type\":\"'cube.i3d'\",\"x\":0,\"y\":0,\"z\":0,\"textureurl\":\"./images/sky.jpg\",\"w\":5,\"h\":10,\"d\":10,\"color\":\"blue\",\"transparent\":true,\"opacity\":1},\"transform\":{\"t\":[-20,-10,0],\"s\":[0.01,0.01,0.01]},\"children\":{}},\"cube0_3\":{\"form\":{\"type\":\"'cube.i3d'\",\"x\":0,\"y\":-20,\"z\":0,\"textureurl\":\"sky_jpg\",\"w\":5,\"h\":10,\"d\":10,\"color\":\"blue\",\"transparent\":true,\"opacity\":1},\"transform\":{\"t\":[20,0,0],\"s\":[0.01,0.01,0.01]},\"children\":{}}}}}}}"},
[15:16:56.660] "/a:/i3d-simple:simple_green/i2d-scene:disks0/base-skycube:test_cube/ui-msgbg:/shot-graft:scope7",
[15:16:56.661] "//////shot-graft:scope7",
[15:16:56.663] {"delta":{"timeline":{"p":{"repeat":0},"actors":{"i3d:cube0:scale":[{"dur":10,"p":{"x":0.5,"y":0.5,"z":0.5}}]}},"branches":{"cube0":{"children":{"cube0_2":{"form":{"type":"'cube.i3d'","x":0,"y":0,"z":0,"textureurl":"./images/sky.jpg","w":5,"h":10,"d":10,"color":"blue","transparent":true,"opacity":1},"transform":{"t":[-20,-10,0],"s":[0.01,0.01,0.01]},"children":{}},"cube0_3":{"form":{"type":"'cube.i3d'","x":0,"y":-20,"z":0,"textureurl":"sky_jpg","w":5,"h":10,"d":10,"color":"blue","transparent":true,"opacity":1},"transform":{"t":[20,0,0],"s":[0.01,0.01,0.01]},"children":{}}}}}}},
[15:17:11.493] {"t":"narrative","f":"shot","a":"shot-graft:{\"delta\":{\"timeline\":{\"p\":{\"repeat\":0},\"actors\":{\"i3d:cube0_2:scale\":[{\"dur\":10,\"p\":{\"x\":1,\"y\":1,\"z\":1}}],\"i3d:cube0_3:scale\":[{\"dur\":10,\"p\":{\"x\":1,\"y\":1,\"z\":1}}]}},\"branches\":{\"cube0_2\":{\"children\":{\"s0_2_0\":{\"form\":{\"type\":\"'sphere.i3d'\",\"r\":5,\"color\":\"blue\",\"transparent\":true,\"opacity\":0.8},\"transform\":{\"e\":[0,-0.785,0],\"t\":[-10,-10,0],\"s\":[0.01,0.01,0.01]},\"children\":{}},\"s0_2_1\":{\"form\":{\"type\":\"'sphere.i3d'\",\"r\":5,\"color\":\"blue\",\"transparent\":true,\"opacity\":0.8},\"transform\":{\"e\":[0,0.785,0],\"t\":[10,10,0],\"s\":[0.01,0.01,0.01]},\"children\":{}}}}}}}"},
[15:17:11.609] "/a:/i3d-simple:simple_green/i2d-scene:disks0/base-skycube:test_cube/ui-msgbg:/shot-graft:scope8",
[15:17:11.610] {"delta":{"timeline":{"p":{"repeat":0},"actors":{"i3d:cube0_2:scale":[{"dur":10,"p":{"x":1,"y":1,"z":1}}],"i3d:cube0_3:scale":[{"dur":10,"p":{"x":1,"y":1,"z":1}}]}},"branches":{"cube0_2":{"children":{"s0_2_0":{"form":{"type":"'sphere.i3d'","r":5,"color":"blue","transparent":true,"opacity":0.8},"transform":{"e":[0,-0.785,0],"t":[-10,-10,0],"s":[0.01,0.01,0.01]},"children":{}},"s0_2_1":{"form":{"type":"'sphere.i3d'","r":5,"color":"blue","transparent":true,"opacity":0.8},"transform":{"e":[0,0.785,0],"t":[10,10,0],"s":[0.01,0.01,0.01]},"children":{}}}}}}},
[15:17:11.610] "//////shot-graft:scope8",
[15:17:26.481] {"t":"narrative","f":"shot","a":"shot-graft:{\"delta\":{\"timeline\":{\"p\":{\"repeat\":0},\"actors\":{\"i3d:s0_2_0:scale\":[{\"dur\":10,\"p\":{\"x\":1,\"y\":1,\"z\":1}}],\"i3d:s0_2_1:scale\":[{\"dur\":10,\"p\":{\"x\":1,\"y\":1,\"z\":1}}]}},\"branches\":{}}}"},
[15:17:26.510] "/a:/i3d-simple:simple_green/i2d-scene:disks0/base-skycube:test_cube/ui-msgbg:/shot-graft:scope9",
[15:17:26.511] "//////shot-graft:scope9",
[15:17:26.512] {"delta":{"timeline":{"p":{"repeat":0},"actors":{"i3d:s0_2_0:scale":[{"dur":10,"p":{"x":1,"y":1,"z":1}}],"i3d:s0_2_1:scale":[{"dur":10,"p":{"x":1,"y":1,"z":1}}]}},"branches":{}}},
[15:17:41.485] {"t":"camera3d","f":"panflyTo","a":{"r":0.7854,"d":4}},
[15:17:41.503] "//////shot-anim:scope10",
[15:17:41.504] {"delta":{"timeline":{"p":{"paused":true,"repeat":0},"actors":{"i3d:camera:rotation":[{"dur":4,"p":{"y":0.7854,"immediateRender":false}}]}}}},
[15:17:41.503] "/a:/i3d-simple:simple_green/i2d-scene:disks0/base-skycube:test_cube/ui-msgbg:/shot-anim:scope10",
[15:17:51.484] {"t":"narrative","f":"change_scene","a":"footprint"},
[15:17:53.208] "/footprint:/i3d-scene:scene1/i2d-empty:/escher:/ui-msgbg:/ECU:",
[15:17:53.208] "/footprint:/i3d-scene:scene1/i2d-empty:/escher://ECU:",
[15:17:53.209] {},
[15:18:06.486] {"t":"camera3d","f":"panflyTo","a":{"r":0.7854,"d":4}},
[15:18:06.532] "/footprint:/i3d-scene:scene1/i2d-empty:/escher:/ui-msgbg:/shot-anim:scope12",
[15:18:06.532] "//////shot-anim:scope12",
[15:18:06.532] {"delta":{"timeline":{"p":{"paused":true,"repeat":0},"actors":{"i3d:camera:rotation":[{"dur":4,"p":{"y":0.7854,"immediateRender":false}}]}}}},
[15:18:21.493] {"t":"camera3d","f":"tiltflyTo","a":{"r":0.7854,"d":4}},
[15:18:21.523] "/footprint:/i3d-scene:scene1/i2d-empty:/escher:/ui-msgbg:/shot-anim:scope13",
[15:18:21.523] "//////shot-anim:scope13",
[15:18:21.523] {"delta":{"timeline":{"p":{"paused":true,"repeat":0},"actors":{"i3d:camera:rotation":[{"dur":4,"p":{"x":0.7854,"immediateRender":false}}]}}}},
[15:18:31.488] {"t":"camera3d","f":"billboardsFaceCamera"},
[15:18:41.487] {"t":"camera3d","f":"tiltflyBy","a":{"r":-0.7854,"d":4}},
[15:18:41.542] "/footprint:/i3d-scene:scene1/i2d-empty:/escher:/ui-msgbg:/shot-anim:scope14",
[15:18:41.543] "//////shot-anim:scope14",
[15:18:41.543] {"delta":{"timeline":{"p":{"paused":true,"repeat":0},"actors":{"i3d:camera:rotation":[{"dur":4,"p":{"x":0,"immediateRender":false}}]}}}},
[15:18:56.487] {"t":"camera3d","f":"panflyBy","a":{"r":-0.7854,"d":4}},
[15:18:56.526] "/footprint:/i3d-scene:scene1/i2d-empty:/escher:/ui-msgbg:/shot-anim:scope15",
[15:18:56.527] "//////shot-anim:scope15",
[15:18:56.537] {"delta":{"timeline":{"p":{"paused":true,"repeat":0},"actors":{"i3d:camera:rotation":[{"dur":4,"p":{"y":0,"immediateRender":false}}]}}}},
[15:19:11.487] {"t":"narrative","f":"change_scene","a":"circle"},
[15:19:11.927] "/circle:/i3d-simple:simple_red/i2d-scene:disks0/base-skycube:test_cube/ui-msgbg:/shot-graft:a0",
[15:19:11.927] "/circle:/i3d-simple:simple_red/i2d-scene:disks0/base-skycube:test_cube//shot-graft:a0",
[15:19:11.928] {"delta":{"timeline":[{"id":"cube0_1","dur":10,"p":{"scale":[1,1,1]},"delay":2}],"branches":{"cube0":{"children":{"cube0_2":{"form":{"type":"'cube.i3d'","x":0,"y":0,"z":0,"textureurl":"./images/sky.jpg","w":20,"h":20,"d":20,"color":"blue","transparent":true,"opacity":1},"transform":{"t":[-20,-10,0],"s":[0.25,1,0.25]},"children":{}},"cube0_3":{"form":{"type":"'cube.i3d'","x":0,"y":-20,"z":0,"textureurl":"sky_jpg","w":20,"h":40,"d":20,"color":"blue","transparent":true,"opacity":1},"transform":{"t":[20,0,0],"s":[0.5,1,0.5]},"children":{}}}}}}},
[15:19:21.486] {"t":"narrative","f":"change_state","a":"/circle:/i3d-simple:simple_red/i2d-scene:mf2d0/base-skycube:test_cube/ui-msgbg/MS"},
[15:19:21.735] "/circle:/i3d-simple:simple_red/i2d-scene:mf2d0/base-skycube:test_cube/ui-msgbg/MS",
[15:19:21.735] "///i2d-scene:mf2d0//ui-msgbg/MS",
[15:19:21.737] {},
[15:19:36.492] {"t":"narrative","f":"change_scene","a":"stocks"},
[15:19:38.074] "/stocks:/i3d-jsonmodels:phonghead_kfb/i2d-scene:defsuse0/grid:/ui-msgbg:/2S:",
[15:19:38.075] "/stocks:/i3d-jsonmodels:phonghead_kfb/i2d-scene:defsuse0/grid:/ui-msgbg:/2S:",
[15:19:38.077] {},
[15:19:51.495] {"t":"narrative","f":"change_state","a":"///i2d-scene:mf2d0///"},
[15:19:51.712] "/stocks:/i3d-jsonmodels:phonghead_kfb/i2d-scene:mf2d0/grid:/ui-msgbg:/2S:",
[15:19:51.713] "///i2d-scene:mf2d0///",
[15:20:01.493] {"t":"camera2d","f":"zoomflyBy","a":{"s":0.9,"d":3}},
[15:20:01.544] "/stocks:/i3d-jsonmodels:phonghead_kfb/i2d-scene:mf2d0/grid:/ui-msgbg:/shot-anim:scope20",
[15:20:01.544] "//////shot-anim:scope20",
[15:20:01.544] {"delta":{"timeline":{"p":{"paused":true,"repeat":0,"tweens":[]},"actors":{"i2d:zoom_plane":[{"dur":3,"p":{"scale":0.9,"svgOrigin":"0% 0%","immediateRender":false}}]}}}},
[15:20:11.493] {"t":"camera2d","f":"zoomflyTo","a":{"s":2,"d":3}},
[15:20:11.544] "/stocks:/i3d-jsonmodels:phonghead_kfb/i2d-scene:mf2d0/grid:/ui-msgbg:/shot-anim:scope21",
[15:20:11.545] {"delta":{"timeline":{"p":{"paused":true,"repeat":0,"tweens":[]},"actors":{"i2d:zoom_plane":[{"dur":3,"p":{"scale":2,"svgOrigin":"0% 0%","immediateRender":false}}]}}}},
[15:20:11.545] "//////shot-anim:scope21",
[15:20:26.502] {"t":"camera2d","f":"zoomflyTo","a":{"s":0.5,"d":3}},
[15:20:26.559] "//////shot-anim:scope22",
[15:20:26.560] {"delta":{"timeline":{"p":{"paused":true,"repeat":0,"tweens":[]},"actors":{"i2d:zoom_plane":[{"dur":3,"p":{"scale":0.5,"svgOrigin":"0% 0%","immediateRender":false}}]}}}},
[15:20:26.559] "/stocks:/i3d-jsonmodels:phonghead_kfb/i2d-scene:mf2d0/grid:/ui-msgbg:/shot-anim:scope22",
[15:20:36.516] {"t":"camera2d","f":"dollyflyTo","a":{"x":20,"d":3}},
[15:20:36.577] "/stocks:/i3d-jsonmodels:phonghead_kfb/i2d-scene:mf2d0/grid:/ui-msgbg:/shot-anim:scope23",
[15:20:36.577] "//////shot-anim:scope23",
[15:20:36.577] {"delta":{"timeline":{"p":{"paused":true,"repeat":0,"tweens":[]},"actors":{"i2d:plane":[{"dur":3,"p":{"x":20,"y":0,"immediateRender":false}}]}}}},
[15:20:51.508] {"t":"camera2d","f":"center","a":{"d":3}},
[15:20:51.548] "/stocks:/i3d-jsonmodels:phonghead_kfb/i2d-scene:mf2d0/grid:/ui-msgbg:/shot-anim:scope24",
[15:20:51.550] {"delta":{"timeline":{"p":{"paused":true,"repeat":0},"actors":{"i2d:plane":[{"dur":3,"p":{"x":0,"y":0,"immediateRender":false}}],"i2d:zoom_plane":[{"dur":3,"p":{"rotation":0,"svgOrigin":"0% 0%","immediateRender":false}}]}}}},
[15:20:51.549] "//////shot-anim:scope24",
[15:21:06.522] {"t":"camera2d","f":"home","a":{"d":3}},
[15:21:06.544] "/stocks:/i3d-jsonmodels:phonghead_kfb/i2d-scene:mf2d0/grid:/ui-msgbg:/shot-anim:scope25",
[15:21:06.545] "//////shot-anim:scope25",
[15:21:06.545] {"delta":{"timeline":{"p":{"paused":true,"repeat":0},"actors":{"i2d:plane":[{"dur":3,"p":{"x":0,"y":0,"immediateRender":false}}],"i2d:zoom_plane":[{"dur":3,"p":{"rotation":0,"scale":1,"svgOrigin":"0% 0%","immediateRender":false}}]}}}},
[15:21:16.508] {"t":"camera2d","f":"rollflyTo","a":{"r":-90,"d":3}},
[15:21:16.547] "/stocks:/i3d-jsonmodels:phonghead_kfb/i2d-scene:mf2d0/grid:/ui-msgbg:/shot-anim:scope26",
[15:21:16.547] "//////shot-anim:scope26",
[15:21:16.547] {"delta":{"timeline":{"p":{"paused":true,"repeat":0,"tweens":[]},"actors":{"i2d:zoom_plane":[{"dur":3,"p":{"rotation":-90,"svgOrigin":"0% 0%","immediateRender":false}}]}}}},
[15:21:31.509] {"t":"camera2d","f":"rollflyBy","a":{"r":45,"d":3}},
[15:21:31.554] "//////shot-anim:scope27",
[15:21:31.554] {"delta":{"timeline":{"p":{"paused":true,"repeat":0,"tweens":[]},"actors":{"i2d:zoom_plane":[{"dur":3,"p":{"rotation":-45,"svgOrigin":"0% 0%","immediateRender":false}}]}}}},
[15:21:31.554] "/stocks:/i3d-jsonmodels:phonghead_kfb/i2d-scene:mf2d0/grid:/ui-msgbg:/shot-anim:scope27",
[15:21:46.509] {"t":"camera2d","f":"rollflyBy","a":{"r":45,"d":3}},
[15:21:46.546] "/stocks:/i3d-jsonmodels:phonghead_kfb/i2d-scene:mf2d0/grid:/ui-msgbg:/shot-anim:scope28",
[15:21:46.547] "//////shot-anim:scope28",
[15:21:46.547] {"delta":{"timeline":{"p":{"paused":true,"repeat":0,"tweens":[]},"actors":{"i2d:zoom_plane":[{"dur":3,"p":{"rotation":0,"svgOrigin":"0% 0%","immediateRender":false}}]}}}},
[15:22:01.512] {"t":"camera2d","f":"dollyflyTo","a":{"x":20,"d":3}},
[15:22:01.561] "/stocks:/i3d-jsonmodels:phonghead_kfb/i2d-scene:mf2d0/grid:/ui-msgbg:/shot-anim:scope29",
[15:22:01.561] "//////shot-anim:scope29",
[15:22:01.562] {"delta":{"timeline":{"p":{"paused":true,"repeat":0,"tweens":[]},"actors":{"i2d:plane":[{"dur":3,"p":{"x":20,"y":0,"immediateRender":false}}]}}}},
[15:22:11.512] {"t":"camera2d","f":"dollyflyTo","a":{"y":20,"d":3}},
[15:22:11.566] "/stocks:/i3d-jsonmodels:phonghead_kfb/i2d-scene:mf2d0/grid:/ui-msgbg:/shot-anim:scope30",
[15:22:11.567] "//////shot-anim:scope30",
[15:22:11.567] {"delta":{"timeline":{"p":{"paused":true,"repeat":0,"tweens":[]},"actors":{"i2d:plane":[{"dur":3,"p":{"x":20,"y":-20,"immediateRender":false}}]}}}},
[15:22:26.513] {"t":"camera2d","f":"dollyflyTo","a":{"x":0,"d":3}},
[15:22:26.551] "/stocks:/i3d-jsonmodels:phonghead_kfb/i2d-scene:mf2d0/grid:/ui-msgbg:/shot-anim:scope31",
[15:22:26.551] "//////shot-anim:scope31",
[15:22:26.551] {"delta":{"timeline":{"p":{"paused":true,"repeat":0,"tweens":[]},"actors":{"i2d:plane":[{"dur":3,"p":{"x":0,"y":-20,"immediateRender":false}}]}}}},
[15:22:36.513] {"t":"camera2d","f":"dollyflyTo","a":{"y":-40,"d":3}},
[15:22:36.560] "/stocks:/i3d-jsonmodels:phonghead_kfb/i2d-scene:mf2d0/grid:/ui-msgbg:/shot-anim:scope32",
[15:22:36.561] "//////shot-anim:scope32",
[15:22:36.561] {"delta":{"timeline":{"p":{"paused":true,"repeat":0,"tweens":[]},"actors":{"i2d:plane":[{"dur":3,"p":{"x":0,"y":40,"immediateRender":false}}]}}}},
[15:22:51.514] {"t":"camera2d","f":"dollyflyTo","a":{"x":20,"d":3}},
[15:22:51.550] "/stocks:/i3d-jsonmodels:phonghead_kfb/i2d-scene:mf2d0/grid:/ui-msgbg:/shot-anim:scope33",
[15:22:51.550] {"delta":{"timeline":{"p":{"paused":true,"repeat":0,"tweens":[]},"actors":{"i2d:plane":[{"dur":3,"p":{"x":20,"y":40,"immediateRender":false}}]}}}},
[15:22:51.550] "//////shot-anim:scope33",
[15:23:06.514] {"t":"camera2d","f":"dollyflyTo","a":{"x":0,"d":3}},
[15:23:06.559] "/stocks:/i3d-jsonmodels:phonghead_kfb/i2d-scene:mf2d0/grid:/ui-msgbg:/shot-anim:scope34",
[15:23:06.560] "//////shot-anim:scope34",
[15:23:06.560] {"delta":{"timeline":{"p":{"paused":true,"repeat":0,"tweens":[]},"actors":{"i2d:plane":[{"dur":3,"p":{"x":0,"y":40,"immediateRender":false}}]}}}},
[15:23:21.514] {"t":"camera2d","f":"bezier"},
[15:23:21.562] "/stocks:/i3d-jsonmodels:phonghead_kfb/i2d-scene:mf2d0/grid:/ui-msgbg:/shot-anim:scope35",
[15:23:21.562] "//////shot-anim:scope35",
[15:23:21.563] {"delta":{"timeline":{"p":{"paused":true,"repeat":0,"tweens":[]},"actors":{"i2d:c":[{"dur":10,"p":{"bezier":{"autoRotate":true,"curviness":2,"values":[{"x":0,"y":0},{"x":16.94836287293583,"y":-1.9817101210355759},{"x":-3.973795829806477,"y":-0.743015818297863},{"x":-16.489790990017354,"y":7.02507188078016},{"x":2.425366372335702,"y":18.864696649834514},{"x":0,"y":0}],"immediateRender":false}}}]}}}},
[15:23:36.515] {"t":"camera3d","f":"tiltflyTo","a":{"r":-0.7854,"d":3}},
[15:23:36.555] "/stocks:/i3d-jsonmodels:phonghead_kfb/i2d-scene:mf2d0/grid:/ui-msgbg:/shot-anim:scope36",
[15:23:36.555] "//////shot-anim:scope36",
[15:23:36.555] {"delta":{"timeline":{"p":{"paused":true,"repeat":0},"actors":{"i3d:camera:rotation":[{"dur":3,"p":{"x":-0.7854,"immediateRender":false}}]}}}},
[15:23:51.515] {"t":"camera3d","f":"panflyTo","a":{"r":-0.7854,"d":3}},
[15:23:51.548] "/stocks:/i3d-jsonmodels:phonghead_kfb/i2d-scene:mf2d0/grid:/ui-msgbg:/shot-anim:scope37",
[15:23:51.549] "//////shot-anim:scope37",
[15:23:51.549] {"delta":{"timeline":{"p":{"paused":true,"repeat":0},"actors":{"i3d:camera:rotation":[{"dur":3,"p":{"y":-0.7854,"immediateRender":false}}]}}}},
[15:24:01.515] {"t":"camera3d","f":"lookAt"},
[15:24:16.528] {"t":"camera3d","f":"dollyflyTo","a":{"x":20,"y":0,"z":0,"d":3}},
[15:24:16.556] "//////shot-anim:scope38",
[15:24:16.555] "/stocks:/i3d-jsonmodels:phonghead_kfb/i2d-scene:mf2d0/grid:/ui-msgbg:/shot-anim:scope38",
[15:24:16.556] {"delta":{"timeline":{"p":{"paused":true,"repeat":0},"actors":{"i3d:csphere:position":[{"dur":3,"p":{"x":20,"y":0,"z":0,"immediateRender":false}}]}}}},
[15:24:26.520] {"t":"camera3d","f":"zoomflyTo","a":{"s":0.5,"d":3}},
[15:24:26.585] "/stocks:/i3d-jsonmodels:phonghead_kfb/i2d-scene:mf2d0/grid:/ui-msgbg:/shot-anim:scope39",
[15:24:26.585] "//////shot-anim:scope39",
[15:24:26.585] {"delta":{"timeline":{"p":{"paused":true,"repeat":0},"actors":{"i3d:csphere:scale":[{"dur":3,"p":{"x":0.5,"y":0.5,"z":0.5,"immediateRender":false}}]}}}},
[15:24:41.520] {"t":"camera3d","f":"zoomflyTo","a":{"s":2,"d":3}},
[15:24:41.555] "/stocks:/i3d-jsonmodels:phonghead_kfb/i2d-scene:mf2d0/grid:/ui-msgbg:/shot-anim:scope40",
[15:24:41.556] "//////shot-anim:scope40",
[15:24:41.556] {"delta":{"timeline":{"p":{"paused":true,"repeat":0},"actors":{"i3d:csphere:scale":[{"dur":3,"p":{"x":2,"y":2,"z":2,"immediateRender":false}}]}}}},
[15:24:56.520] {"t":"camera3d","f":"dollyflyTo","a":{"x":20,"y":20,"z":-20,"d":3}},
[15:24:56.567] "//////shot-anim:scope41",
[15:24:56.567] {"delta":{"timeline":{"p":{"paused":true,"repeat":0},"actors":{"i3d:csphere:position":[{"dur":3,"p":{"x":20,"y":20,"z":-20,"immediateRender":false}}]}}}},
[15:24:56.566] "/stocks:/i3d-jsonmodels:phonghead_kfb/i2d-scene:mf2d0/grid:/ui-msgbg:/shot-anim:scope41",
[15:25:11.520] {"t":"camera3d","f":"zoomflyTo","a":{"s":0.5,"d":3}},
[15:25:11.570] "/stocks:/i3d-jsonmodels:phonghead_kfb/i2d-scene:mf2d0/grid:/ui-msgbg:/shot-anim:scope42",
[15:25:11.570] "//////shot-anim:scope42",
[15:25:11.571] {"delta":{"timeline":{"p":{"paused":true,"repeat":0},"actors":{"i3d:csphere:scale":[{"dur":3,"p":{"x":0.5,"y":0.5,"z":0.5,"immediateRender":false}}]}}}},
[15:25:21.520] {"t":"camera3d","f":"center","a":{"d":3}},
[15:25:21.569] "/stocks:/i3d-jsonmodels:phonghead_kfb/i2d-scene:mf2d0/grid:/ui-msgbg:/shot-anim:scope43",
[15:25:21.571] "//////shot-anim:scope43",
[15:25:21.573] {"delta":{"timeline":{"p":{"paused":true,"repeat":0},"actors":{"i3d:camera:rotation":[{"dur":3,"p":{"x":0,"y":0,"z":0,"immediateRender":false}}],"i3d:csphere:position":[{"dur":3,"p":{"x":0,"y":0,"z":0,"immediateRender":false}}],"i3d:csphere:rotation":[{"dur":3,"p":{"x":0,"y":0,"z":0,"immediateRender":false}}],"i2d:plane":[{"dur":3,"p":{"x":0,"y":0,"immediateRender":false}}],"i2d:zoom_plane":[{"dur":3,"p":{"rotation":0,"svgOrigin":"0% 0%","immediateRender":false}}]}}}},
[15:25:31.520] {"t":"camera3d","f":"home","a":{"d":3}},
[15:25:31.563] "/stocks:/i3d-jsonmodels:phonghead_kfb/i2d-scene:mf2d0/grid:/ui-msgbg:/shot-anim:scope44",
[15:25:31.563] "//////shot-anim:scope44",
[15:25:31.564] {"delta":{"timeline":{"p":{"paused":true,"repeat":0},"actors":{"i3d:camera:rotation":[{"dur":3,"p":{"x":0,"y":0,"z":0,"immediateRender":false}}],"i3d:csphere:position":[{"dur":3,"p":{"x":0,"y":0,"z":0,"immediateRender":false}}],"i3d:csphere:scale":[{"dur":3,"p":{"x":1,"y":1,"z":1,"immediateRender":false}}],"i3d:csphere:rotation":[{"dur":3,"p":{"x":0,"y":0,"z":0,"immediateRender":false}}],"i2d:plane":[{"dur":3,"p":{"x":0,"y":0,"immediateRender":false}}],"i2d:zoom_plane":[{"dur":3,"p":{"rotation":0,"scale":1,"svgOrigin":"0% 0%","immediateRender":false}}]}}}},
[15:25:46.522] {"t":"camera3d","f":"bezier"},
[15:25:46.556] "/stocks:/i3d-jsonmodels:phonghead_kfb/i2d-scene:mf2d0/grid:/ui-msgbg:/shot-anim:scope45",
[15:25:46.557] "//////shot-anim:scope45",
[15:25:46.557] {"delta":{"timeline":{"p":{"paused":true,"repeat":0,"tweens":[]},"actors":{"i3d:csphere:position":[{"dur":20,"p":{"bezier":{"autoRotate":true,"curviness":2,"values":[{"x":0,"y":0,"z":0},{"x":22.118884935043752,"y":14.40148216439411,"z":-9.590416825376451},{"x":-10.53459981456399,"y":11.274334341287613,"z":-27.23447882104665},{"x":-27.83286342630163,"y":-12.878566842991859,"z":-17.224542014300823},{"x":2.7820802573114634,"y":-29.935255092568696,"z":-1.2266026972793043},{"x":0,"y":0,"z":0}],"immediateRender":false}}}]}}}},
[15:26:06.516] {"t":"camera3d","f":"panflyBy","a":{"r":0.7854,"d":3}},
[15:26:06.559] "/stocks:/i3d-jsonmodels:phonghead_kfb/i2d-scene:mf2d0/grid:/ui-msgbg:/shot-anim:scope46",
[15:26:06.559] "//////shot-anim:scope46",
[15:26:06.559] {"delta":{"timeline":{"p":{"paused":true,"repeat":0},"actors":{"i3d:camera:rotation":[{"dur":3,"p":{"y":0.7854,"immediateRender":false}}]}}}},
[15:26:09.522] {"t":"camera3d","f":"tiltflyBy","a":{"r":0.7854,"d":3}},
[15:26:09.580] "/stocks:/i3d-jsonmodels:phonghead_kfb/i2d-scene:mf2d0/grid:/ui-msgbg:/shot-anim:scope47",
[15:26:09.580] "//////shot-anim:scope47",
[15:26:09.580] {"delta":{"timeline":{"p":{"paused":true,"repeat":0},"actors":{"i3d:camera:rotation":[{"dur":3,"p":{"x":0.7854,"immediateRender":false}}]}}}},
[15:26:16.546] {"t":"camera3d","f":"lookAt"},
[15:26:26.547] {"t":"camera3d","f":"rollflyTo","a":{"r":-1.57,"d":4}},
[15:26:26.589] "/stocks:/i3d-jsonmodels:phonghead_kfb/i2d-scene:mf2d0/grid:/ui-msgbg:/shot-anim:scope48",
[15:26:26.589] "//////shot-anim:scope48",
[15:26:26.589] {"delta":{"timeline":{"p":{"paused":true,"repeat":0},"actors":{"i3d:camera:rotation":[{"dur":4,"p":{"z":-1.57,"immediateRender":false}}]}}}},
[15:26:41.547] {"t":"camera3d","f":"rollflyBy","a":{"r":0.3927,"d":4}},
[15:26:41.579] "/stocks:/i3d-jsonmodels:phonghead_kfb/i2d-scene:mf2d0/grid:/ui-msgbg:/shot-anim:scope49",
[15:26:41.579] "//////shot-anim:scope49",
[15:26:41.579] {"delta":{"timeline":{"p":{"paused":true,"repeat":0},"actors":{"i3d:camera:rotation":[{"dur":4,"p":{"z":-1.1773,"immediateRender":false}}]}}}},
[15:26:56.557] {"t":"camera3d","f":"rollflyBy","a":{"r":0.3927,"d":4}},
[15:26:56.602] "/stocks:/i3d-jsonmodels:phonghead_kfb/i2d-scene:mf2d0/grid:/ui-msgbg:/shot-anim:scope50",
[15:26:56.603] "//////shot-anim:scope50",
[15:26:56.604] {"delta":{"timeline":{"p":{"paused":true,"repeat":0},"actors":{"i3d:camera:rotation":[{"dur":4,"p":{"z":-0.7846,"immediateRender":false}}]}}}},
[15:27:06.551] {"t":"camera3d","f":"center","a":{"d":3}},
[15:27:06.596] "/stocks:/i3d-jsonmodels:phonghead_kfb/i2d-scene:mf2d0/grid:/ui-msgbg:/shot-anim:scope51",
[15:27:06.596] {"delta":{"timeline":{"p":{"paused":true,"repeat":0},"actors":{"i3d:camera:rotation":[{"dur":3,"p":{"x":0,"y":0,"z":0,"immediateRender":false}}],"i3d:csphere:position":[{"dur":3,"p":{"x":0,"y":0,"z":0,"immediateRender":false}}],"i3d:csphere:rotation":[{"dur":3,"p":{"x":0,"y":0,"z":0,"immediateRender":false}}],"i2d:plane":[{"dur":3,"p":{"x":0,"y":0,"immediateRender":false}}],"i2d:zoom_plane":[{"dur":3,"p":{"rotation":0,"svgOrigin":"0% 0%","immediateRender":false}}]}}}},
[15:27:06.596] "//////shot-anim:scope51",
[15:27:21.551] {"t":"camera3d","f":"yawflyTo","a":{"r":1.57,"d":3}},
[15:27:21.587] "/stocks:/i3d-jsonmodels:phonghead_kfb/i2d-scene:mf2d0/grid:/ui-msgbg:/shot-anim:scope52",
[15:27:21.588] "//////shot-anim:scope52",
[15:27:21.588] {"delta":{"timeline":{"p":{"paused":true,"repeat":0},"actors":{"i3d:csphere:rotation":[{"dur":3,"p":{"y":1.57,"immediateRender":false}}]}}}},
[15:27:31.551] {"t":"camera3d","f":"yawflyBy","a":{"r":-0.7854,"d":3}},
[15:27:31.586] "/stocks:/i3d-jsonmodels:phonghead_kfb/i2d-scene:mf2d0/grid:/ui-msgbg:/shot-anim:scope53",
[15:27:31.587] "//////shot-anim:scope53",
[15:27:31.589] {"delta":{"timeline":{"p":{"paused":true,"repeat":0},"actors":{"i3d:csphere:rotation":[{"dur":3,"p":{"y":0.7846000000000001,"immediateRender":false}}]}}}},
[15:27:46.552] {"t":"camera3d","f":"yawflyBy","a":{"r":-0.7854,"d":3}},
[15:27:46.590] "/stocks:/i3d-jsonmodels:phonghead_kfb/i2d-scene:mf2d0/grid:/ui-msgbg:/shot-anim:scope54",
[15:27:46.590] "//////shot-anim:scope54",
[15:27:46.590] {"delta":{"timeline":{"p":{"paused":true,"repeat":0},"actors":{"i3d:csphere:rotation":[{"dur":3,"p":{"y":-0.0007999999999999119,"immediateRender":false}}]}}}},
[15:27:56.553] {"t":"camera3d","f":"pitchflyTo","a":{"r":-1.57,"d":3}},
[15:27:56.602] "/stocks:/i3d-jsonmodels:phonghead_kfb/i2d-scene:mf2d0/grid:/ui-msgbg:/shot-anim:scope55",
[15:27:56.603] "//////shot-anim:scope55",
[15:27:56.603] {"delta":{"timeline":{"p":{"paused":true,"repeat":0},"actors":{"i3d:csphere:rotation":[{"dur":3,"p":{"x":-1.57,"immediateRender":false}}]}}}},
[15:28:11.553] {"t":"camera3d","f":"pitchflyBy","a":{"r":0.7854,"d":3}},
[15:28:11.592] "/stocks:/i3d-jsonmodels:phonghead_kfb/i2d-scene:mf2d0/grid:/ui-msgbg:/shot-anim:scope56",
[15:28:11.592] "//////shot-anim:scope56",
[15:28:11.592] {"delta":{"timeline":{"p":{"paused":true,"repeat":0},"actors":{"i3d:csphere:rotation":[{"dur":3,"p":{"x":-0.7846000000000001,"immediateRender":false}}]}}}},
[15:28:26.556] {"t":"camera3d","f":"pitchflyBy","a":{"r":0.7854,"d":3}},
[15:28:26.604] "/stocks:/i3d-jsonmodels:phonghead_kfb/i2d-scene:mf2d0/grid:/ui-msgbg:/shot-anim:scope57",
[15:28:26.604] {"delta":{"timeline":{"p":{"paused":true,"repeat":0},"actors":{"i3d:csphere:rotation":[{"dur":3,"p":{"x":0.0007999999999999119,"immediateRender":false}}]}}}},
[15:28:26.604] "//////shot-anim:scope57",
[15:28:36.553] {"t":"camera3d","f":"dollyflyTo","a":{"x":20,"y":-20,"z":-30,"d":3}},
[15:28:36.593] "/stocks:/i3d-jsonmodels:phonghead_kfb/i2d-scene:mf2d0/grid:/ui-msgbg:/shot-anim:scope58",
[15:28:36.594] "//////shot-anim:scope58",
[15:28:36.595] {"delta":{"timeline":{"p":{"paused":true,"repeat":0},"actors":{"i3d:csphere:position":[{"dur":3,"p":{"x":20,"y":-20,"z":-30,"immediateRender":false}}]}}}},
[15:28:46.555] {"t":"camera3d","f":"dollyflyTo","a":{"x":0,"y":0,"z":30,"d":6}},
[15:28:46.587] "/stocks:/i3d-jsonmodels:phonghead_kfb/i2d-scene:mf2d0/grid:/ui-msgbg:/shot-anim:scope59",
[15:28:46.587] "//////shot-anim:scope59",
[15:28:46.587] {"delta":{"timeline":{"p":{"paused":true,"repeat":0},"actors":{"i3d:csphere:position":[{"dur":6,"p":{"x":20,"y":-20,"z":30,"immediateRender":false}}]}}}},
[15:29:01.561] {"t":"camera3d","f":"tiltflyBy","a":{"r":0.7854,"d":3}},
[15:29:01.614] "/stocks:/i3d-jsonmodels:phonghead_kfb/i2d-scene:mf2d0/grid:/ui-msgbg:/shot-anim:scope60",
[15:29:01.614] {"delta":{"timeline":{"p":{"paused":true,"repeat":0},"actors":{"i3d:camera:rotation":[{"dur":3,"p":{"x":0.7854,"immediateRender":false}}]}}}},
[15:29:01.614] "//////shot-anim:scope60",
[15:29:16.559] {"t":"camera3d","f":"zoomflyTo","a":{"s":2,"d":3}},
[15:29:16.592] "/stocks:/i3d-jsonmodels:phonghead_kfb/i2d-scene:mf2d0/grid:/ui-msgbg:/shot-anim:scope61",
[15:29:16.592] {"delta":{"timeline":{"p":{"paused":true,"repeat":0},"actors":{"i3d:csphere:scale":[{"dur":3,"p":{"x":2,"y":2,"z":2,"immediateRender":false}}]}}}},
[15:29:16.592] "//////shot-anim:scope61",
[15:29:26.560] {"t":"camera3d","f":"home","a":{"d":3}},
[15:29:26.598] "/stocks:/i3d-jsonmodels:phonghead_kfb/i2d-scene:mf2d0/grid:/ui-msgbg:/shot-anim:scope62",
[15:29:26.598] {"delta":{"timeline":{"p":{"paused":true,"repeat":0},"actors":{"i3d:camera:rotation":[{"dur":3,"p":{"x":0,"y":0,"z":0,"immediateRender":false}}],"i3d:csphere:position":[{"dur":3,"p":{"x":0,"y":0,"z":0,"immediateRender":false}}],"i3d:csphere:scale":[{"dur":3,"p":{"x":1,"y":1,"z":1,"immediateRender":false}}],"i3d:csphere:rotation":[{"dur":3,"p":{"x":0,"y":0,"z":0,"immediateRender":false}}],"i2d:plane":[{"dur":3,"p":{"x":0,"y":0,"immediateRender":false}}],"i2d:zoom_plane":[{"dur":3,"p":{"rotation":0,"scale":1,"svgOrigin":"0% 0%","immediateRender":false}}]}}}},
[15:29:26.598] "//////shot-anim:scope62",
[15:57:15.145] "/stocks:/i3d-jsonmodels:phonghead_kfb/i2d-scene:mf2d0/grid:/ui-msgbg:/shot-anim:scope63",
[15:57:15.167] "//////shot-anim:scope63",
[15:57:15.168] {"delta":{"timeline":{"p":{"paused":true,"repeat":0},"actors":{"i3d:camera:rotation":[{"dur":3,"p":{"x":0.19635,"immediateRender":false}}]}}}},
